[0.025s] Invoking command in '/home/darsh/UR3_ROS2_PICK_AND_PLACE/build/ur_description': CMAKE_PREFIX_PATH=${CMAKE_PREFIX_PATH}:/opt/ros/jazzy /usr/bin/cmake /home/darsh/UR3_ROS2_PICK_AND_PLACE/ur_description -DCMAKE_INSTALL_PREFIX=/home/darsh/UR3_ROS2_PICK_AND_PLACE/install/ur_description
[0.169s] -- The C compiler identification is GNU 13.3.0
[0.645s] -- The CXX compiler identification is GNU 13.3.0
[1.102s] -- Detecting C compiler ABI info
[1.323s] -- Detecting C compiler ABI info - done
[1.339s] -- Check for working C compiler: /usr/bin/cc - skipped
[1.340s] -- Detecting C compile features
[1.341s] -- Detecting C compile features - done
[1.440s] -- Detecting CXX compiler ABI info
[1.729s] -- Detecting CXX compiler ABI info - done
[1.740s] -- Check for working CXX compiler: /usr/bin/c++ - skipped
[1.740s] -- Detecting CXX compile features
[1.741s] -- Detecting CXX compile features - done
[1.745s] -- Found ament_cmake: 2.5.3 (/opt/ros/jazzy/share/ament_cmake/cmake)
[1.991s] -- Found Python3: /usr/bin/python3 (found version "3.12.3") found components: Interpreter 
[2.218s] -- Found ament_cmake_pytest: 2.5.3 (/opt/ros/jazzy/share/ament_cmake_pytest/cmake)
[2.389s] -- Configuring done (2.3s)
[2.398s] -- Generating done (0.0s)
[2.402s] -- Build files have been written to: /home/darsh/UR3_ROS2_PICK_AND_PLACE/build/ur_description
[2.418s] Invoked command in '/home/darsh/UR3_ROS2_PICK_AND_PLACE/build/ur_description' returned '0': CMAKE_PREFIX_PATH=${CMAKE_PREFIX_PATH}:/opt/ros/jazzy /usr/bin/cmake /home/darsh/UR3_ROS2_PICK_AND_PLACE/ur_description -DCMAKE_INSTALL_PREFIX=/home/darsh/UR3_ROS2_PICK_AND_PLACE/install/ur_description
[2.419s] Invoking command in '/home/darsh/UR3_ROS2_PICK_AND_PLACE/build/ur_description': CMAKE_PREFIX_PATH=${CMAKE_PREFIX_PATH}:/opt/ros/jazzy /usr/bin/cmake --build /home/darsh/UR3_ROS2_PICK_AND_PLACE/build/ur_description -- -j4 -l4
[2.476s] Invoked command in '/home/darsh/UR3_ROS2_PICK_AND_PLACE/build/ur_description' returned '0': CMAKE_PREFIX_PATH=${CMAKE_PREFIX_PATH}:/opt/ros/jazzy /usr/bin/cmake --build /home/darsh/UR3_ROS2_PICK_AND_PLACE/build/ur_description -- -j4 -l4
[2.494s] Invoking command in '/home/darsh/UR3_ROS2_PICK_AND_PLACE/build/ur_description': CMAKE_PREFIX_PATH=${CMAKE_PREFIX_PATH}:/opt/ros/jazzy /usr/bin/cmake --install /home/darsh/UR3_ROS2_PICK_AND_PLACE/build/ur_description
[2.506s] -- Install configuration: ""
[2.507s] -- Installing: /home/darsh/UR3_ROS2_PICK_AND_PLACE/install/ur_description/share/ur_description/config
[2.508s] -- Installing: /home/darsh/UR3_ROS2_PICK_AND_PLACE/install/ur_description/share/ur_description/config/ur5
[2.510s] -- Installing: /home/darsh/UR3_ROS2_PICK_AND_PLACE/install/ur_description/share/ur_description/config/ur5/default_kinematics.yaml
[2.510s] -- Installing: /home/darsh/UR3_ROS2_PICK_AND_PLACE/install/ur_description/share/ur_description/config/ur5/visual_parameters.yaml
[2.510s] -- Installing: /home/darsh/UR3_ROS2_PICK_AND_PLACE/install/ur_description/share/ur_description/config/ur5/physical_parameters.yaml
[2.510s] -- Installing: /home/darsh/UR3_ROS2_PICK_AND_PLACE/install/ur_description/share/ur_description/config/ur5/joint_limits.yaml
[2.510s] -- Installing: /home/darsh/UR3_ROS2_PICK_AND_PLACE/install/ur_description/share/ur_description/config/initial_positions.yaml
[2.510s] -- Installing: /home/darsh/UR3_ROS2_PICK_AND_PLACE/install/ur_description/share/ur_description/config/ur20
[2.510s] -- Installing: /home/darsh/UR3_ROS2_PICK_AND_PLACE/install/ur_description/share/ur_description/config/ur20/default_kinematics.yaml
[2.513s] -- Installing: /home/darsh/UR3_ROS2_PICK_AND_PLACE/install/ur_description/share/ur_description/config/ur20/visual_parameters.yaml
[2.513s] -- Installing: /home/darsh/UR3_ROS2_PICK_AND_PLACE/install/ur_description/share/ur_description/config/ur20/physical_parameters.yaml
[2.513s] -- Installing: /home/darsh/UR3_ROS2_PICK_AND_PLACE/install/ur_description/share/ur_description/config/ur20/joint_limits.yaml
[2.514s] -- Installing: /home/darsh/UR3_ROS2_PICK_AND_PLACE/install/ur_description/share/ur_description/config/ur10e
[2.514s] -- Installing: /home/darsh/UR3_ROS2_PICK_AND_PLACE/install/ur_description/share/ur_description/config/ur10e/default_kinematics.yaml
[2.515s] -- Installing: /home/darsh/UR3_ROS2_PICK_AND_PLACE/install/ur_description/share/ur_description/config/ur10e/visual_parameters.yaml
[2.515s] -- Installing: /home/darsh/UR3_ROS2_PICK_AND_PLACE/install/ur_description/share/ur_description/config/ur10e/physical_parameters.yaml
[2.515s] -- Installing: /home/darsh/UR3_ROS2_PICK_AND_PLACE/install/ur_description/share/ur_description/config/ur10e/joint_limits.yaml
[2.515s] -- Installing: /home/darsh/UR3_ROS2_PICK_AND_PLACE/install/ur_description/share/ur_description/config/ur16e
[2.515s] -- Installing: /home/darsh/UR3_ROS2_PICK_AND_PLACE/install/ur_description/share/ur_description/config/ur16e/default_kinematics.yaml
[2.520s] -- Installing: /home/darsh/UR3_ROS2_PICK_AND_PLACE/install/ur_description/share/ur_description/config/ur16e/visual_parameters.yaml
[2.521s] -- Installing: /home/darsh/UR3_ROS2_PICK_AND_PLACE/install/ur_description/share/ur_description/config/ur16e/physical_parameters.yaml
[2.521s] -- Installing: /home/darsh/UR3_ROS2_PICK_AND_PLACE/install/ur_description/share/ur_description/config/ur16e/joint_limits.yaml
[2.521s] -- Installing: /home/darsh/UR3_ROS2_PICK_AND_PLACE/install/ur_description/share/ur_description/config/ur3
[2.521s] -- Installing: /home/darsh/UR3_ROS2_PICK_AND_PLACE/install/ur_description/share/ur_description/config/ur3/default_kinematics.yaml
[2.521s] -- Installing: /home/darsh/UR3_ROS2_PICK_AND_PLACE/install/ur_description/share/ur_description/config/ur3/visual_parameters.yaml
[2.521s] -- Installing: /home/darsh/UR3_ROS2_PICK_AND_PLACE/install/ur_description/share/ur_description/config/ur3/physical_parameters.yaml
[2.521s] -- Installing: /home/darsh/UR3_ROS2_PICK_AND_PLACE/install/ur_description/share/ur_description/config/ur3/joint_limits.yaml
[2.521s] -- Installing: /home/darsh/UR3_ROS2_PICK_AND_PLACE/install/ur_description/share/ur_description/config/ur30
[2.522s] -- Installing: /home/darsh/UR3_ROS2_PICK_AND_PLACE/install/ur_description/share/ur_description/config/ur30/default_kinematics.yaml
[2.522s] -- Installing: /home/darsh/UR3_ROS2_PICK_AND_PLACE/install/ur_description/share/ur_description/config/ur30/visual_parameters.yaml
[2.522s] -- Installing: /home/darsh/UR3_ROS2_PICK_AND_PLACE/install/ur_description/share/ur_description/config/ur30/physical_parameters.yaml
[2.525s] -- Installing: /home/darsh/UR3_ROS2_PICK_AND_PLACE/install/ur_description/share/ur_description/config/ur30/joint_limits.yaml
[2.525s] -- Installing: /home/darsh/UR3_ROS2_PICK_AND_PLACE/install/ur_description/share/ur_description/config/ur10
[2.526s] -- Installing: /home/darsh/UR3_ROS2_PICK_AND_PLACE/install/ur_description/share/ur_description/config/ur10/default_kinematics.yaml
[2.526s] -- Installing: /home/darsh/UR3_ROS2_PICK_AND_PLACE/install/ur_description/share/ur_description/config/ur10/visual_parameters.yaml
[2.526s] -- Installing: /home/darsh/UR3_ROS2_PICK_AND_PLACE/install/ur_description/share/ur_description/config/ur10/physical_parameters.yaml
[2.526s] -- Installing: /home/darsh/UR3_ROS2_PICK_AND_PLACE/install/ur_description/share/ur_description/config/ur10/joint_limits.yaml
[2.527s] -- Installing: /home/darsh/UR3_ROS2_PICK_AND_PLACE/install/ur_description/share/ur_description/config/ur3e
[2.527s] -- Installing: /home/darsh/UR3_ROS2_PICK_AND_PLACE/install/ur_description/share/ur_description/config/ur3e/default_kinematics.yaml
[2.527s] -- Installing: /home/darsh/UR3_ROS2_PICK_AND_PLACE/install/ur_description/share/ur_description/config/ur3e/visual_parameters.yaml
[2.543s] -- Installing: /home/darsh/UR3_ROS2_PICK_AND_PLACE/install/ur_description/share/ur_description/config/ur3e/physical_parameters.yaml
[2.543s] -- Installing: /home/darsh/UR3_ROS2_PICK_AND_PLACE/install/ur_description/share/ur_description/config/ur3e/joint_limits.yaml
[2.543s] -- Installing: /home/darsh/UR3_ROS2_PICK_AND_PLACE/install/ur_description/share/ur_description/config/ur5e
[2.543s] -- Installing: /home/darsh/UR3_ROS2_PICK_AND_PLACE/install/ur_description/share/ur_description/config/ur5e/default_kinematics.yaml
[2.543s] -- Installing: /home/darsh/UR3_ROS2_PICK_AND_PLACE/install/ur_description/share/ur_description/config/ur5e/visual_parameters.yaml
[2.544s] -- Installing: /home/darsh/UR3_ROS2_PICK_AND_PLACE/install/ur_description/share/ur_description/config/ur5e/physical_parameters.yaml
[2.544s] -- Installing: /home/darsh/UR3_ROS2_PICK_AND_PLACE/install/ur_description/share/ur_description/config/ur5e/joint_limits.yaml
[2.544s] -- Installing: /home/darsh/UR3_ROS2_PICK_AND_PLACE/install/ur_description/share/ur_description/launch
[2.544s] -- Installing: /home/darsh/UR3_ROS2_PICK_AND_PLACE/install/ur_description/share/ur_description/launch/view_ur.launch.py
[2.544s] -- Installing: /home/darsh/UR3_ROS2_PICK_AND_PLACE/install/ur_description/share/ur_description/launch/plan_motion.py
[2.544s] -- Installing: /home/darsh/UR3_ROS2_PICK_AND_PLACE/install/ur_description/share/ur_description/meshes
[2.544s] -- Installing: /home/darsh/UR3_ROS2_PICK_AND_PLACE/install/ur_description/share/ur_description/meshes/ur5
[2.545s] -- Installing: /home/darsh/UR3_ROS2_PICK_AND_PLACE/install/ur_description/share/ur_description/meshes/ur5/collision
[2.545s] -- Installing: /home/darsh/UR3_ROS2_PICK_AND_PLACE/install/ur_description/share/ur_description/meshes/ur5/collision/wrist2.stl
[2.545s] -- Installing: /home/darsh/UR3_ROS2_PICK_AND_PLACE/install/ur_description/share/ur_description/meshes/ur5/collision/forearm.stl
[2.545s] -- Installing: /home/darsh/UR3_ROS2_PICK_AND_PLACE/install/ur_description/share/ur_description/meshes/ur5/collision/shoulder.stl
[2.545s] -- Installing: /home/darsh/UR3_ROS2_PICK_AND_PLACE/install/ur_description/share/ur_description/meshes/ur5/collision/base.stl
[2.546s] -- Installing: /home/darsh/UR3_ROS2_PICK_AND_PLACE/install/ur_description/share/ur_description/meshes/ur5/collision/wrist1.stl
[2.546s] -- Installing: /home/darsh/UR3_ROS2_PICK_AND_PLACE/install/ur_description/share/ur_description/meshes/ur5/collision/upperarm.stl
[2.546s] -- Installing: /home/darsh/UR3_ROS2_PICK_AND_PLACE/install/ur_description/share/ur_description/meshes/ur5/collision/wrist3.stl
[2.546s] -- Installing: /home/darsh/UR3_ROS2_PICK_AND_PLACE/install/ur_description/share/ur_description/meshes/ur5/visual
[2.546s] -- Installing: /home/darsh/UR3_ROS2_PICK_AND_PLACE/install/ur_description/share/ur_description/meshes/ur5/visual/shoulder.dae
[2.547s] -- Installing: /home/darsh/UR3_ROS2_PICK_AND_PLACE/install/ur_description/share/ur_description/meshes/ur5/visual/upperarm.dae
[2.571s] -- Installing: /home/darsh/UR3_ROS2_PICK_AND_PLACE/install/ur_description/share/ur_description/meshes/ur5/visual/wrist3.dae
[2.572s] -- Installing: /home/darsh/UR3_ROS2_PICK_AND_PLACE/install/ur_description/share/ur_description/meshes/ur5/visual/forearm.dae
[2.588s] -- Installing: /home/darsh/UR3_ROS2_PICK_AND_PLACE/install/ur_description/share/ur_description/meshes/ur5/visual/wrist1.dae
[2.596s] -- Installing: /home/darsh/UR3_ROS2_PICK_AND_PLACE/install/ur_description/share/ur_description/meshes/ur5/visual/wrist2.dae
[2.605s] -- Installing: /home/darsh/UR3_ROS2_PICK_AND_PLACE/install/ur_description/share/ur_description/meshes/ur5/visual/base.dae
[2.607s] -- Installing: /home/darsh/UR3_ROS2_PICK_AND_PLACE/install/ur_description/share/ur_description/meshes/ur20
[2.608s] -- Installing: /home/darsh/UR3_ROS2_PICK_AND_PLACE/install/ur_description/share/ur_description/meshes/ur20/LICENSE.txt
[2.608s] -- Installing: /home/darsh/UR3_ROS2_PICK_AND_PLACE/install/ur_description/share/ur_description/meshes/ur20/collision
[2.608s] -- Installing: /home/darsh/UR3_ROS2_PICK_AND_PLACE/install/ur_description/share/ur_description/meshes/ur20/collision/wrist2.stl
[2.608s] -- Installing: /home/darsh/UR3_ROS2_PICK_AND_PLACE/install/ur_description/share/ur_description/meshes/ur20/collision/forearm.stl
[2.610s] -- Installing: /home/darsh/UR3_ROS2_PICK_AND_PLACE/install/ur_description/share/ur_description/meshes/ur20/collision/shoulder.stl
[2.610s] -- Installing: /home/darsh/UR3_ROS2_PICK_AND_PLACE/install/ur_description/share/ur_description/meshes/ur20/collision/base.stl
[2.611s] -- Installing: /home/darsh/UR3_ROS2_PICK_AND_PLACE/install/ur_description/share/ur_description/meshes/ur20/collision/wrist1.stl
[2.611s] -- Installing: /home/darsh/UR3_ROS2_PICK_AND_PLACE/install/ur_description/share/ur_description/meshes/ur20/collision/upperarm.stl
[2.612s] -- Installing: /home/darsh/UR3_ROS2_PICK_AND_PLACE/install/ur_description/share/ur_description/meshes/ur20/collision/wrist3.stl
[2.613s] -- Installing: /home/darsh/UR3_ROS2_PICK_AND_PLACE/install/ur_description/share/ur_description/meshes/ur20/visual
[2.613s] -- Installing: /home/darsh/UR3_ROS2_PICK_AND_PLACE/install/ur_description/share/ur_description/meshes/ur20/visual/UR20_DIFF_8bit_2K.png
[2.625s] -- Installing: /home/darsh/UR3_ROS2_PICK_AND_PLACE/install/ur_description/share/ur_description/meshes/ur20/visual/shoulder.dae
[2.628s] -- Installing: /home/darsh/UR3_ROS2_PICK_AND_PLACE/install/ur_description/share/ur_description/meshes/ur20/visual/upperarm.dae
[2.635s] -- Installing: /home/darsh/UR3_ROS2_PICK_AND_PLACE/install/ur_description/share/ur_description/meshes/ur20/visual/wrist3.dae
[2.639s] -- Installing: /home/darsh/UR3_ROS2_PICK_AND_PLACE/install/ur_description/share/ur_description/meshes/ur20/visual/forearm.dae
[2.647s] -- Installing: /home/darsh/UR3_ROS2_PICK_AND_PLACE/install/ur_description/share/ur_description/meshes/ur20/visual/wrist1.dae
[2.650s] -- Installing: /home/darsh/UR3_ROS2_PICK_AND_PLACE/install/ur_description/share/ur_description/meshes/ur20/visual/wrist2.dae
[2.653s] -- Installing: /home/darsh/UR3_ROS2_PICK_AND_PLACE/install/ur_description/share/ur_description/meshes/ur20/visual/base.dae
[2.657s] -- Installing: /home/darsh/UR3_ROS2_PICK_AND_PLACE/install/ur_description/share/ur_description/meshes/ur10e
[2.658s] -- Installing: /home/darsh/UR3_ROS2_PICK_AND_PLACE/install/ur_description/share/ur_description/meshes/ur10e/collision
[2.658s] -- Installing: /home/darsh/UR3_ROS2_PICK_AND_PLACE/install/ur_description/share/ur_description/meshes/ur10e/collision/wrist2.stl
[2.659s] -- Installing: /home/darsh/UR3_ROS2_PICK_AND_PLACE/install/ur_description/share/ur_description/meshes/ur10e/collision/forearm.stl
[2.660s] -- Installing: /home/darsh/UR3_ROS2_PICK_AND_PLACE/install/ur_description/share/ur_description/meshes/ur10e/collision/shoulder.stl
[2.661s] -- Installing: /home/darsh/UR3_ROS2_PICK_AND_PLACE/install/ur_description/share/ur_description/meshes/ur10e/collision/base.stl
[2.662s] -- Installing: /home/darsh/UR3_ROS2_PICK_AND_PLACE/install/ur_description/share/ur_description/meshes/ur10e/collision/wrist1.stl
[2.663s] -- Installing: /home/darsh/UR3_ROS2_PICK_AND_PLACE/install/ur_description/share/ur_description/meshes/ur10e/collision/upperarm.stl
[2.664s] -- Installing: /home/darsh/UR3_ROS2_PICK_AND_PLACE/install/ur_description/share/ur_description/meshes/ur10e/collision/wrist3.stl
[2.665s] -- Installing: /home/darsh/UR3_ROS2_PICK_AND_PLACE/install/ur_description/share/ur_description/meshes/ur10e/visual
[2.666s] -- Installing: /home/darsh/UR3_ROS2_PICK_AND_PLACE/install/ur_description/share/ur_description/meshes/ur10e/visual/shoulder.dae
[2.689s] -- Installing: /home/darsh/UR3_ROS2_PICK_AND_PLACE/install/ur_description/share/ur_description/meshes/ur10e/visual/upperarm.dae
[2.704s] -- Installing: /home/darsh/UR3_ROS2_PICK_AND_PLACE/install/ur_description/share/ur_description/meshes/ur10e/visual/wrist3.dae
[2.705s] -- Installing: /home/darsh/UR3_ROS2_PICK_AND_PLACE/install/ur_description/share/ur_description/meshes/ur10e/visual/forearm.dae
[2.720s] -- Installing: /home/darsh/UR3_ROS2_PICK_AND_PLACE/install/ur_description/share/ur_description/meshes/ur10e/visual/wrist1.dae
[2.738s] -- Installing: /home/darsh/UR3_ROS2_PICK_AND_PLACE/install/ur_description/share/ur_description/meshes/ur10e/visual/wrist2.dae
[2.759s] -- Installing: /home/darsh/UR3_ROS2_PICK_AND_PLACE/install/ur_description/share/ur_description/meshes/ur10e/visual/base.dae
[2.765s] -- Installing: /home/darsh/UR3_ROS2_PICK_AND_PLACE/install/ur_description/share/ur_description/meshes/d435
[2.765s] -- Installing: /home/darsh/UR3_ROS2_PICK_AND_PLACE/install/ur_description/share/ur_description/meshes/d435/visual
[2.765s] -- Installing: /home/darsh/UR3_ROS2_PICK_AND_PLACE/install/ur_description/share/ur_description/meshes/d435/visual/d435.stl
[2.914s] -- Installing: /home/darsh/UR3_ROS2_PICK_AND_PLACE/install/ur_description/share/ur_description/meshes/ur16e
[2.914s] -- Installing: /home/darsh/UR3_ROS2_PICK_AND_PLACE/install/ur_description/share/ur_description/meshes/ur16e/collision
[2.915s] -- Installing: /home/darsh/UR3_ROS2_PICK_AND_PLACE/install/ur_description/share/ur_description/meshes/ur16e/collision/forearm.stl
[2.917s] -- Installing: /home/darsh/UR3_ROS2_PICK_AND_PLACE/install/ur_description/share/ur_description/meshes/ur16e/collision/upperarm.stl
[2.919s] -- Installing: /home/darsh/UR3_ROS2_PICK_AND_PLACE/install/ur_description/share/ur_description/meshes/ur16e/visual
[2.920s] -- Installing: /home/darsh/UR3_ROS2_PICK_AND_PLACE/install/ur_description/share/ur_description/meshes/ur16e/visual/upperarm.dae
[2.958s] -- Installing: /home/darsh/UR3_ROS2_PICK_AND_PLACE/install/ur_description/share/ur_description/meshes/ur16e/visual/forearm.dae
[2.973s] -- Installing: /home/darsh/UR3_ROS2_PICK_AND_PLACE/install/ur_description/share/ur_description/meshes/ur3
[2.974s] -- Installing: /home/darsh/UR3_ROS2_PICK_AND_PLACE/install/ur_description/share/ur_description/meshes/ur3/collision
[2.974s] -- Installing: /home/darsh/UR3_ROS2_PICK_AND_PLACE/install/ur_description/share/ur_description/meshes/ur3/collision/wrist2.stl
[2.976s] -- Installing: /home/darsh/UR3_ROS2_PICK_AND_PLACE/install/ur_description/share/ur_description/meshes/ur3/collision/forearm.stl
[2.980s] -- Installing: /home/darsh/UR3_ROS2_PICK_AND_PLACE/install/ur_description/share/ur_description/meshes/ur3/collision/shoulder.stl
[2.984s] -- Installing: /home/darsh/UR3_ROS2_PICK_AND_PLACE/install/ur_description/share/ur_description/meshes/ur3/collision/base.stl
[2.988s] -- Installing: /home/darsh/UR3_ROS2_PICK_AND_PLACE/install/ur_description/share/ur_description/meshes/ur3/collision/wrist1.stl
[2.991s] -- Installing: /home/darsh/UR3_ROS2_PICK_AND_PLACE/install/ur_description/share/ur_description/meshes/ur3/collision/upperarm.stl
[2.996s] -- Installing: /home/darsh/UR3_ROS2_PICK_AND_PLACE/install/ur_description/share/ur_description/meshes/ur3/collision/wrist3.stl
[2.998s] -- Installing: /home/darsh/UR3_ROS2_PICK_AND_PLACE/install/ur_description/share/ur_description/meshes/ur3/visual
[2.999s] -- Installing: /home/darsh/UR3_ROS2_PICK_AND_PLACE/install/ur_description/share/ur_description/meshes/ur3/visual/shoulder.dae
[3.037s] -- Installing: /home/darsh/UR3_ROS2_PICK_AND_PLACE/install/ur_description/share/ur_description/meshes/ur3/visual/upperarm.dae
[3.054s] -- Installing: /home/darsh/UR3_ROS2_PICK_AND_PLACE/install/ur_description/share/ur_description/meshes/ur3/visual/wrist3.dae
[3.055s] -- Installing: /home/darsh/UR3_ROS2_PICK_AND_PLACE/install/ur_description/share/ur_description/meshes/ur3/visual/forearm.dae
[3.070s] -- Installing: /home/darsh/UR3_ROS2_PICK_AND_PLACE/install/ur_description/share/ur_description/meshes/ur3/visual/wrist1.dae
[3.079s] -- Installing: /home/darsh/UR3_ROS2_PICK_AND_PLACE/install/ur_description/share/ur_description/meshes/ur3/visual/wrist2.dae
[3.087s] -- Installing: /home/darsh/UR3_ROS2_PICK_AND_PLACE/install/ur_description/share/ur_description/meshes/ur3/visual/base.dae
[3.094s] -- Installing: /home/darsh/UR3_ROS2_PICK_AND_PLACE/install/ur_description/share/ur_description/meshes/ur30
[3.095s] -- Installing: /home/darsh/UR3_ROS2_PICK_AND_PLACE/install/ur_description/share/ur_description/meshes/ur30/LICENSE.txt
[3.097s] -- Installing: /home/darsh/UR3_ROS2_PICK_AND_PLACE/install/ur_description/share/ur_description/meshes/ur30/collision
[3.098s] -- Installing: /home/darsh/UR3_ROS2_PICK_AND_PLACE/install/ur_description/share/ur_description/meshes/ur30/collision/forearm.stl
[3.101s] -- Installing: /home/darsh/UR3_ROS2_PICK_AND_PLACE/install/ur_description/share/ur_description/meshes/ur30/collision/upperarm.stl
[3.104s] -- Installing: /home/darsh/UR3_ROS2_PICK_AND_PLACE/install/ur_description/share/ur_description/meshes/ur30/visual
[3.105s] -- Installing: /home/darsh/UR3_ROS2_PICK_AND_PLACE/install/ur_description/share/ur_description/meshes/ur30/visual/upperarm.dae
[3.117s] -- Installing: /home/darsh/UR3_ROS2_PICK_AND_PLACE/install/ur_description/share/ur_description/meshes/ur30/visual/UR30_DIFF_8bit_2K.png
[3.148s] -- Installing: /home/darsh/UR3_ROS2_PICK_AND_PLACE/install/ur_description/share/ur_description/meshes/ur30/visual/forearm.dae
[3.161s] -- Installing: /home/darsh/UR3_ROS2_PICK_AND_PLACE/install/ur_description/share/ur_description/meshes/ur10
[3.162s] -- Installing: /home/darsh/UR3_ROS2_PICK_AND_PLACE/install/ur_description/share/ur_description/meshes/ur10/collision
[3.163s] -- Installing: /home/darsh/UR3_ROS2_PICK_AND_PLACE/install/ur_description/share/ur_description/meshes/ur10/collision/wrist2.stl
[3.164s] -- Installing: /home/darsh/UR3_ROS2_PICK_AND_PLACE/install/ur_description/share/ur_description/meshes/ur10/collision/forearm.stl
[3.166s] -- Installing: /home/darsh/UR3_ROS2_PICK_AND_PLACE/install/ur_description/share/ur_description/meshes/ur10/collision/shoulder.stl
[3.168s] -- Installing: /home/darsh/UR3_ROS2_PICK_AND_PLACE/install/ur_description/share/ur_description/meshes/ur10/collision/base.stl
[3.168s] -- Installing: /home/darsh/UR3_ROS2_PICK_AND_PLACE/install/ur_description/share/ur_description/meshes/ur10/collision/wrist1.stl
[3.170s] -- Installing: /home/darsh/UR3_ROS2_PICK_AND_PLACE/install/ur_description/share/ur_description/meshes/ur10/collision/upperarm.stl
[3.171s] -- Installing: /home/darsh/UR3_ROS2_PICK_AND_PLACE/install/ur_description/share/ur_description/meshes/ur10/collision/wrist3.stl
[3.172s] -- Installing: /home/darsh/UR3_ROS2_PICK_AND_PLACE/install/ur_description/share/ur_description/meshes/ur10/visual
[3.173s] -- Installing: /home/darsh/UR3_ROS2_PICK_AND_PLACE/install/ur_description/share/ur_description/meshes/ur10/visual/shoulder.dae
[3.189s] -- Installing: /home/darsh/UR3_ROS2_PICK_AND_PLACE/install/ur_description/share/ur_description/meshes/ur10/visual/upperarm.dae
[3.220s] -- Installing: /home/darsh/UR3_ROS2_PICK_AND_PLACE/install/ur_description/share/ur_description/meshes/ur10/visual/wrist3.dae
[3.222s] -- Installing: /home/darsh/UR3_ROS2_PICK_AND_PLACE/install/ur_description/share/ur_description/meshes/ur10/visual/forearm.dae
[3.253s] -- Installing: /home/darsh/UR3_ROS2_PICK_AND_PLACE/install/ur_description/share/ur_description/meshes/ur10/visual/wrist1.dae
[3.272s] -- Installing: /home/darsh/UR3_ROS2_PICK_AND_PLACE/install/ur_description/share/ur_description/meshes/ur10/visual/wrist2.dae
[3.310s] -- Installing: /home/darsh/UR3_ROS2_PICK_AND_PLACE/install/ur_description/share/ur_description/meshes/ur10/visual/base.dae
[3.312s] -- Installing: /home/darsh/UR3_ROS2_PICK_AND_PLACE/install/ur_description/share/ur_description/meshes/ur3e
[3.313s] -- Installing: /home/darsh/UR3_ROS2_PICK_AND_PLACE/install/ur_description/share/ur_description/meshes/ur3e/collision
[3.314s] -- Installing: /home/darsh/UR3_ROS2_PICK_AND_PLACE/install/ur_description/share/ur_description/meshes/ur3e/collision/wrist2.stl
[3.315s] -- Installing: /home/darsh/UR3_ROS2_PICK_AND_PLACE/install/ur_description/share/ur_description/meshes/ur3e/collision/forearm.stl
[3.316s] -- Installing: /home/darsh/UR3_ROS2_PICK_AND_PLACE/install/ur_description/share/ur_description/meshes/ur3e/collision/shoulder.stl
[3.318s] -- Installing: /home/darsh/UR3_ROS2_PICK_AND_PLACE/install/ur_description/share/ur_description/meshes/ur3e/collision/base.stl
[3.319s] -- Installing: /home/darsh/UR3_ROS2_PICK_AND_PLACE/install/ur_description/share/ur_description/meshes/ur3e/collision/wrist1.stl
[3.320s] -- Installing: /home/darsh/UR3_ROS2_PICK_AND_PLACE/install/ur_description/share/ur_description/meshes/ur3e/collision/upperarm.stl
[3.321s] -- Installing: /home/darsh/UR3_ROS2_PICK_AND_PLACE/install/ur_description/share/ur_description/meshes/ur3e/collision/wrist3.stl
[3.321s] -- Installing: /home/darsh/UR3_ROS2_PICK_AND_PLACE/install/ur_description/share/ur_description/meshes/ur3e/visual
[3.321s] -- Installing: /home/darsh/UR3_ROS2_PICK_AND_PLACE/install/ur_description/share/ur_description/meshes/ur3e/visual/shoulder.dae
[3.349s] -- Installing: /home/darsh/UR3_ROS2_PICK_AND_PLACE/install/ur_description/share/ur_description/meshes/ur3e/visual/upperarm.dae
[3.397s] -- Installing: /home/darsh/UR3_ROS2_PICK_AND_PLACE/install/ur_description/share/ur_description/meshes/ur3e/visual/wrist3.dae
[3.398s] -- Installing: /home/darsh/UR3_ROS2_PICK_AND_PLACE/install/ur_description/share/ur_description/meshes/ur3e/visual/forearm.dae
[3.417s] -- Installing: /home/darsh/UR3_ROS2_PICK_AND_PLACE/install/ur_description/share/ur_description/meshes/ur3e/visual/wrist1.dae
[3.437s] -- Installing: /home/darsh/UR3_ROS2_PICK_AND_PLACE/install/ur_description/share/ur_description/meshes/ur3e/visual/wrist2.dae
[3.457s] -- Installing: /home/darsh/UR3_ROS2_PICK_AND_PLACE/install/ur_description/share/ur_description/meshes/ur3e/visual/base.dae
[3.461s] -- Installing: /home/darsh/UR3_ROS2_PICK_AND_PLACE/install/ur_description/share/ur_description/meshes/ur5e
[3.461s] -- Installing: /home/darsh/UR3_ROS2_PICK_AND_PLACE/install/ur_description/share/ur_description/meshes/ur5e/collision
[3.461s] -- Installing: /home/darsh/UR3_ROS2_PICK_AND_PLACE/install/ur_description/share/ur_description/meshes/ur5e/collision/wrist2.stl
[3.462s] -- Installing: /home/darsh/UR3_ROS2_PICK_AND_PLACE/install/ur_description/share/ur_description/meshes/ur5e/collision/forearm.stl
[3.463s] -- Installing: /home/darsh/UR3_ROS2_PICK_AND_PLACE/install/ur_description/share/ur_description/meshes/ur5e/collision/shoulder.stl
[3.464s] -- Installing: /home/darsh/UR3_ROS2_PICK_AND_PLACE/install/ur_description/share/ur_description/meshes/ur5e/collision/base.stl
[3.465s] -- Installing: /home/darsh/UR3_ROS2_PICK_AND_PLACE/install/ur_description/share/ur_description/meshes/ur5e/collision/wrist1.stl
[3.466s] -- Installing: /home/darsh/UR3_ROS2_PICK_AND_PLACE/install/ur_description/share/ur_description/meshes/ur5e/collision/upperarm.stl
[3.469s] -- Installing: /home/darsh/UR3_ROS2_PICK_AND_PLACE/install/ur_description/share/ur_description/meshes/ur5e/collision/wrist3.stl
[3.469s] -- Installing: /home/darsh/UR3_ROS2_PICK_AND_PLACE/install/ur_description/share/ur_description/meshes/ur5e/visual
[3.470s] -- Installing: /home/darsh/UR3_ROS2_PICK_AND_PLACE/install/ur_description/share/ur_description/meshes/ur5e/visual/shoulder.dae
[3.495s] -- Installing: /home/darsh/UR3_ROS2_PICK_AND_PLACE/install/ur_description/share/ur_description/meshes/ur5e/visual/upperarm.dae
[3.533s] -- Installing: /home/darsh/UR3_ROS2_PICK_AND_PLACE/install/ur_description/share/ur_description/meshes/ur5e/visual/wrist3.dae
[3.534s] -- Installing: /home/darsh/UR3_ROS2_PICK_AND_PLACE/install/ur_description/share/ur_description/meshes/ur5e/visual/forearm.dae
[3.557s] -- Installing: /home/darsh/UR3_ROS2_PICK_AND_PLACE/install/ur_description/share/ur_description/meshes/ur5e/visual/wrist1.dae
[3.583s] -- Installing: /home/darsh/UR3_ROS2_PICK_AND_PLACE/install/ur_description/share/ur_description/meshes/ur5e/visual/wrist2.dae
[3.613s] -- Installing: /home/darsh/UR3_ROS2_PICK_AND_PLACE/install/ur_description/share/ur_description/meshes/ur5e/visual/base.dae
[3.619s] -- Installing: /home/darsh/UR3_ROS2_PICK_AND_PLACE/install/ur_description/share/ur_description/rviz
[3.620s] -- Installing: /home/darsh/UR3_ROS2_PICK_AND_PLACE/install/ur_description/share/ur_description/rviz/view_robot.rviz
[3.620s] -- Installing: /home/darsh/UR3_ROS2_PICK_AND_PLACE/install/ur_description/share/ur_description/urdf
[3.621s] -- Installing: /home/darsh/UR3_ROS2_PICK_AND_PLACE/install/ur_description/share/ur_description/urdf/ur_mocked.urdf.xacro
[3.623s] -- Installing: /home/darsh/UR3_ROS2_PICK_AND_PLACE/install/ur_description/share/ur_description/urdf/ur_robot.urdf
[3.623s] -- Installing: /home/darsh/UR3_ROS2_PICK_AND_PLACE/install/ur_description/share/ur_description/urdf/ur.urdf.xacro
[3.623s] -- Installing: /home/darsh/UR3_ROS2_PICK_AND_PLACE/install/ur_description/share/ur_description/urdf/intel_rgbd_cam_d435.urdf.xacro
[3.623s] -- Installing: /home/darsh/UR3_ROS2_PICK_AND_PLACE/install/ur_description/share/ur_description/urdf/ur.urdf copy.xacro
[3.623s] -- Installing: /home/darsh/UR3_ROS2_PICK_AND_PLACE/install/ur_description/share/ur_description/urdf/inc
[3.627s] -- Installing: /home/darsh/UR3_ROS2_PICK_AND_PLACE/install/ur_description/share/ur_description/urdf/inc/ur_sensors.xacro
[3.627s] -- Installing: /home/darsh/UR3_ROS2_PICK_AND_PLACE/install/ur_description/share/ur_description/urdf/inc/ur_joint_control.xacro
[3.628s] -- Installing: /home/darsh/UR3_ROS2_PICK_AND_PLACE/install/ur_description/share/ur_description/urdf/inc/ur_transmissions.xacro
[3.629s] -- Installing: /home/darsh/UR3_ROS2_PICK_AND_PLACE/install/ur_description/share/ur_description/urdf/inc/ur_common.xacro
[3.629s] -- Installing: /home/darsh/UR3_ROS2_PICK_AND_PLACE/install/ur_description/share/ur_description/urdf/ur.ros2_control.xacro
[3.630s] -- Installing: /home/darsh/UR3_ROS2_PICK_AND_PLACE/install/ur_description/share/ur_description/urdf/ros2_control_mock_hardware.xacro
[3.630s] -- Installing: /home/darsh/UR3_ROS2_PICK_AND_PLACE/install/ur_description/share/ur_description/urdf/gazebo_sim_ros2_control.urdf.xacro
[3.630s] -- Installing: /home/darsh/UR3_ROS2_PICK_AND_PLACE/install/ur_description/share/ur_description/urdf/ur_macro.xacro
[3.630s] -- Installing: /home/darsh/UR3_ROS2_PICK_AND_PLACE/install/ur_description/share/ur_description/urdf/ur.urdf
[3.630s] -- Installing: /home/darsh/UR3_ROS2_PICK_AND_PLACE/install/ur_description/share/ament_index/resource_index/package_run_dependencies/ur_description
[3.630s] -- Installing: /home/darsh/UR3_ROS2_PICK_AND_PLACE/install/ur_description/share/ament_index/resource_index/parent_prefix_path/ur_description
[3.630s] -- Installing: /home/darsh/UR3_ROS2_PICK_AND_PLACE/install/ur_description/share/ur_description/environment/ament_prefix_path.sh
[3.630s] -- Installing: /home/darsh/UR3_ROS2_PICK_AND_PLACE/install/ur_description/share/ur_description/environment/ament_prefix_path.dsv
[3.631s] -- Installing: /home/darsh/UR3_ROS2_PICK_AND_PLACE/install/ur_description/share/ur_description/environment/path.sh
[3.631s] -- Installing: /home/darsh/UR3_ROS2_PICK_AND_PLACE/install/ur_description/share/ur_description/environment/path.dsv
[3.631s] -- Installing: /home/darsh/UR3_ROS2_PICK_AND_PLACE/install/ur_description/share/ur_description/local_setup.bash
[3.631s] -- Installing: /home/darsh/UR3_ROS2_PICK_AND_PLACE/install/ur_description/share/ur_description/local_setup.sh
[3.631s] -- Installing: /home/darsh/UR3_ROS2_PICK_AND_PLACE/install/ur_description/share/ur_description/local_setup.zsh
[3.631s] -- Installing: /home/darsh/UR3_ROS2_PICK_AND_PLACE/install/ur_description/share/ur_description/local_setup.dsv
[3.631s] -- Installing: /home/darsh/UR3_ROS2_PICK_AND_PLACE/install/ur_description/share/ur_description/package.dsv
[3.631s] -- Installing: /home/darsh/UR3_ROS2_PICK_AND_PLACE/install/ur_description/share/ament_index/resource_index/packages/ur_description
[3.631s] -- Installing: /home/darsh/UR3_ROS2_PICK_AND_PLACE/install/ur_description/share/ur_description/cmake/ur_descriptionConfig.cmake
[3.632s] -- Installing: /home/darsh/UR3_ROS2_PICK_AND_PLACE/install/ur_description/share/ur_description/cmake/ur_descriptionConfig-version.cmake
[3.632s] -- Installing: /home/darsh/UR3_ROS2_PICK_AND_PLACE/install/ur_description/share/ur_description/package.xml
[3.643s] Invoked command in '/home/darsh/UR3_ROS2_PICK_AND_PLACE/build/ur_description' returned '0': CMAKE_PREFIX_PATH=${CMAKE_PREFIX_PATH}:/opt/ros/jazzy /usr/bin/cmake --install /home/darsh/UR3_ROS2_PICK_AND_PLACE/build/ur_description
