[0.002s] Invoking command in '/home/darsh/UR3_ROS2_PICK_AND_PLACE/build/ur_moveit_demos': CMAKE_PREFIX_PATH=${CMAKE_PREFIX_PATH}:/opt/ros/jazzy /usr/bin/cmake --build /home/darsh/UR3_ROS2_PICK_AND_PLACE/build/ur_moveit_demos -- -j4 -l4
[0.696s] [ 50%] Built target hello_moveit
[1.441s] [100%] Built target plan_around_objects
[1.483s] Invoked command in '/home/darsh/UR3_ROS2_PICK_AND_PLACE/build/ur_moveit_demos' returned '0': CMAKE_PREFIX_PATH=${CMAKE_PREFIX_PATH}:/opt/ros/jazzy /usr/bin/cmake --build /home/darsh/UR3_ROS2_PICK_AND_PLACE/build/ur_moveit_demos -- -j4 -l4
[1.532s] Invoking command in '/home/darsh/UR3_ROS2_PICK_AND_PLACE/build/ur_moveit_demos': CMAKE_PREFIX_PATH=${CMAKE_PREFIX_PATH}:/opt/ros/jazzy /usr/bin/cmake --install /home/darsh/UR3_ROS2_PICK_AND_PLACE/build/ur_moveit_demos
[1.563s] -- Install configuration: ""
[1.566s] -- Up-to-date: /home/darsh/UR3_ROS2_PICK_AND_PLACE/install/ur_moveit_demos/lib/ur_moveit_demos/hello_moveit
[1.567s] -- Up-to-date: /home/darsh/UR3_ROS2_PICK_AND_PLACE/install/ur_moveit_demos/lib/ur_moveit_demos/plan_around_objects
[1.568s] -- Up-to-date: /home/darsh/UR3_ROS2_PICK_AND_PLACE/install/ur_moveit_demos/share/ament_index/resource_index/package_run_dependencies/ur_moveit_demos
[1.569s] -- Up-to-date: /home/darsh/UR3_ROS2_PICK_AND_PLACE/install/ur_moveit_demos/share/ament_index/resource_index/parent_prefix_path/ur_moveit_demos
[1.570s] -- Up-to-date: /home/darsh/UR3_ROS2_PICK_AND_PLACE/install/ur_moveit_demos/share/ur_moveit_demos/environment/ament_prefix_path.sh
[1.570s] -- Up-to-date: /home/darsh/UR3_ROS2_PICK_AND_PLACE/install/ur_moveit_demos/share/ur_moveit_demos/environment/ament_prefix_path.dsv
[1.571s] -- Up-to-date: /home/darsh/UR3_ROS2_PICK_AND_PLACE/install/ur_moveit_demos/share/ur_moveit_demos/environment/path.sh
[1.619s] -- Up-to-date: /home/darsh/UR3_ROS2_PICK_AND_PLACE/install/ur_moveit_demos/share/ur_moveit_demos/environment/path.dsv
[1.620s] -- Up-to-date: /home/darsh/UR3_ROS2_PICK_AND_PLACE/install/ur_moveit_demos/share/ur_moveit_demos/local_setup.bash
[1.620s] -- Up-to-date: /home/darsh/UR3_ROS2_PICK_AND_PLACE/install/ur_moveit_demos/share/ur_moveit_demos/local_setup.sh
[1.621s] -- Up-to-date: /home/darsh/UR3_ROS2_PICK_AND_PLACE/install/ur_moveit_demos/share/ur_moveit_demos/local_setup.zsh
[1.622s] -- Up-to-date: /home/darsh/UR3_ROS2_PICK_AND_PLACE/install/ur_moveit_demos/share/ur_moveit_demos/local_setup.dsv
[1.622s] -- Installing: /home/darsh/UR3_ROS2_PICK_AND_PLACE/install/ur_moveit_demos/share/ur_moveit_demos/package.dsv
[1.625s] -- Up-to-date: /home/darsh/UR3_ROS2_PICK_AND_PLACE/install/ur_moveit_demos/share/ament_index/resource_index/packages/ur_moveit_demos
[1.625s] -- Up-to-date: /home/darsh/UR3_ROS2_PICK_AND_PLACE/install/ur_moveit_demos/share/ur_moveit_demos/cmake/ur_moveit_demosConfig.cmake
[1.626s] -- Up-to-date: /home/darsh/UR3_ROS2_PICK_AND_PLACE/install/ur_moveit_demos/share/ur_moveit_demos/cmake/ur_moveit_demosConfig-version.cmake
[1.630s] -- Up-to-date: /home/darsh/UR3_ROS2_PICK_AND_PLACE/install/ur_moveit_demos/share/ur_moveit_demos/package.xml
[1.656s] Invoked command in '/home/darsh/UR3_ROS2_PICK_AND_PLACE/build/ur_moveit_demos' returned '0': CMAKE_PREFIX_PATH=${CMAKE_PREFIX_PATH}:/opt/ros/jazzy /usr/bin/cmake --install /home/darsh/UR3_ROS2_PICK_AND_PLACE/build/ur_moveit_demos
