[0.034s] Invoking command in '/home/darsh/UR3_ROS2_PICK_AND_PLACE/build/rviz_marker_tools': CMAKE_PREFIX_PATH=${CMAKE_PREFIX_PATH}:/opt/ros/jazzy /usr/bin/cmake --build /home/darsh/UR3_ROS2_PICK_AND_PLACE/build/rviz_marker_tools -- -j4 -l4
[0.252s] [100%] Built target rviz_marker_tools
[0.307s] Invoked command in '/home/darsh/UR3_ROS2_PICK_AND_PLACE/build/rviz_marker_tools' returned '0': CMAKE_PREFIX_PATH=${CMAKE_PREFIX_PATH}:/opt/ros/jazzy /usr/bin/cmake --build /home/darsh/UR3_ROS2_PICK_AND_PLACE/build/rviz_marker_tools -- -j4 -l4
[0.310s] Invoking command in '/home/darsh/UR3_ROS2_PICK_AND_PLACE/build/rviz_marker_tools': CMAKE_PREFIX_PATH=${CMAKE_PREFIX_PATH}:/opt/ros/jazzy /usr/bin/cmake --install /home/darsh/UR3_ROS2_PICK_AND_PLACE/build/rviz_marker_tools
[0.335s] -- Install configuration: "Release"
[0.336s] -- Up-to-date: /home/darsh/UR3_ROS2_PICK_AND_PLACE/install/rviz_marker_tools/include
[0.336s] -- Up-to-date: /home/darsh/UR3_ROS2_PICK_AND_PLACE/install/rviz_marker_tools/include/rviz_marker_tools
[0.339s] -- Up-to-date: /home/darsh/UR3_ROS2_PICK_AND_PLACE/install/rviz_marker_tools/include/rviz_marker_tools/marker_creation.h
[0.340s] -- Up-to-date: /home/darsh/UR3_ROS2_PICK_AND_PLACE/install/rviz_marker_tools/lib/librviz_marker_tools.so
[0.348s] -- Up-to-date: /home/darsh/UR3_ROS2_PICK_AND_PLACE/install/rviz_marker_tools/share/rviz_marker_tools/environment/library_path.sh
[0.348s] -- Up-to-date: /home/darsh/UR3_ROS2_PICK_AND_PLACE/install/rviz_marker_tools/share/rviz_marker_tools/environment/library_path.dsv
[0.349s] -- Up-to-date: /home/darsh/UR3_ROS2_PICK_AND_PLACE/install/rviz_marker_tools/share/ament_index/resource_index/package_run_dependencies/rviz_marker_tools
[0.349s] -- Up-to-date: /home/darsh/UR3_ROS2_PICK_AND_PLACE/install/rviz_marker_tools/share/ament_index/resource_index/parent_prefix_path/rviz_marker_tools
[0.349s] -- Up-to-date: /home/darsh/UR3_ROS2_PICK_AND_PLACE/install/rviz_marker_tools/share/rviz_marker_tools/environment/ament_prefix_path.sh
[0.349s] -- Up-to-date: /home/darsh/UR3_ROS2_PICK_AND_PLACE/install/rviz_marker_tools/share/rviz_marker_tools/environment/ament_prefix_path.dsv
[0.349s] -- Up-to-date: /home/darsh/UR3_ROS2_PICK_AND_PLACE/install/rviz_marker_tools/share/rviz_marker_tools/environment/path.sh
[0.349s] -- Up-to-date: /home/darsh/UR3_ROS2_PICK_AND_PLACE/install/rviz_marker_tools/share/rviz_marker_tools/environment/path.dsv
[0.349s] -- Up-to-date: /home/darsh/UR3_ROS2_PICK_AND_PLACE/install/rviz_marker_tools/share/rviz_marker_tools/local_setup.bash
[0.349s] -- Up-to-date: /home/darsh/UR3_ROS2_PICK_AND_PLACE/install/rviz_marker_tools/share/rviz_marker_tools/local_setup.sh
[0.349s] -- Up-to-date: /home/darsh/UR3_ROS2_PICK_AND_PLACE/install/rviz_marker_tools/share/rviz_marker_tools/local_setup.zsh
[0.350s] -- Up-to-date: /home/darsh/UR3_ROS2_PICK_AND_PLACE/install/rviz_marker_tools/share/rviz_marker_tools/local_setup.dsv
[0.350s] -- Installing: /home/darsh/UR3_ROS2_PICK_AND_PLACE/install/rviz_marker_tools/share/rviz_marker_tools/package.dsv
[0.350s] -- Up-to-date: /home/darsh/UR3_ROS2_PICK_AND_PLACE/install/rviz_marker_tools/share/ament_index/resource_index/packages/rviz_marker_tools
[0.350s] -- Up-to-date: /home/darsh/UR3_ROS2_PICK_AND_PLACE/install/rviz_marker_tools/share/rviz_marker_tools/cmake/rviz_marker_toolsTargetsExport.cmake
[0.350s] -- Up-to-date: /home/darsh/UR3_ROS2_PICK_AND_PLACE/install/rviz_marker_tools/share/rviz_marker_tools/cmake/rviz_marker_toolsTargetsExport-release.cmake
[0.350s] -- Up-to-date: /home/darsh/UR3_ROS2_PICK_AND_PLACE/install/rviz_marker_tools/share/rviz_marker_tools/cmake/ament_cmake_export_targets-extras.cmake
[0.350s] -- Up-to-date: /home/darsh/UR3_ROS2_PICK_AND_PLACE/install/rviz_marker_tools/share/rviz_marker_tools/cmake/ament_cmake_export_dependencies-extras.cmake
[0.350s] -- Up-to-date: /home/darsh/UR3_ROS2_PICK_AND_PLACE/install/rviz_marker_tools/share/rviz_marker_tools/cmake/rviz_marker_toolsConfig.cmake
[0.351s] -- Up-to-date: /home/darsh/UR3_ROS2_PICK_AND_PLACE/install/rviz_marker_tools/share/rviz_marker_tools/cmake/rviz_marker_toolsConfig-version.cmake
[0.351s] -- Up-to-date: /home/darsh/UR3_ROS2_PICK_AND_PLACE/install/rviz_marker_tools/share/rviz_marker_tools/package.xml
[0.357s] Invoked command in '/home/darsh/UR3_ROS2_PICK_AND_PLACE/build/rviz_marker_tools' returned '0': CMAKE_PREFIX_PATH=${CMAKE_PREFIX_PATH}:/opt/ros/jazzy /usr/bin/cmake --install /home/darsh/UR3_ROS2_PICK_AND_PLACE/build/rviz_marker_tools
