[0.072s] Invoking command in '/home/darsh/UR3_ROS2_PICK_AND_PLACE/build/rviz_marker_tools': CMAKE_PREFIX_PATH=${CMAKE_PREFIX_PATH}:/opt/ros/jazzy /usr/bin/cmake --build /home/darsh/UR3_ROS2_PICK_AND_PLACE/build/rviz_marker_tools -- -j4 -l4
[0.633s] [100%] Built target rviz_marker_tools
[0.728s] Invoked command in '/home/darsh/UR3_ROS2_PICK_AND_PLACE/build/rviz_marker_tools' returned '0': CMAKE_PREFIX_PATH=${CMAKE_PREFIX_PATH}:/opt/ros/jazzy /usr/bin/cmake --build /home/darsh/UR3_ROS2_PICK_AND_PLACE/build/rviz_marker_tools -- -j4 -l4
[0.738s] Invoking command in '/home/darsh/UR3_ROS2_PICK_AND_PLACE/build/rviz_marker_tools': CMAKE_PREFIX_PATH=${CMAKE_PREFIX_PATH}:/opt/ros/jazzy /usr/bin/cmake --install /home/darsh/UR3_ROS2_PICK_AND_PLACE/build/rviz_marker_tools
[0.817s] -- Install configuration: "Release"
[0.818s] -- Up-to-date: /home/darsh/UR3_ROS2_PICK_AND_PLACE/install/rviz_marker_tools/include
[0.819s] -- Up-to-date: /home/darsh/UR3_ROS2_PICK_AND_PLACE/install/rviz_marker_tools/include/rviz_marker_tools
[0.819s] -- Up-to-date: /home/darsh/UR3_ROS2_PICK_AND_PLACE/install/rviz_marker_tools/include/rviz_marker_tools/marker_creation.h
[0.820s] -- Up-to-date: /home/darsh/UR3_ROS2_PICK_AND_PLACE/install/rviz_marker_tools/lib/librviz_marker_tools.so
[0.828s] -- Up-to-date: /home/darsh/UR3_ROS2_PICK_AND_PLACE/install/rviz_marker_tools/share/rviz_marker_tools/environment/library_path.sh
[0.829s] -- Up-to-date: /home/darsh/UR3_ROS2_PICK_AND_PLACE/install/rviz_marker_tools/share/rviz_marker_tools/environment/library_path.dsv
[0.830s] -- Up-to-date: /home/darsh/UR3_ROS2_PICK_AND_PLACE/install/rviz_marker_tools/share/ament_index/resource_index/package_run_dependencies/rviz_marker_tools
[0.830s] -- Up-to-date: /home/darsh/UR3_ROS2_PICK_AND_PLACE/install/rviz_marker_tools/share/ament_index/resource_index/parent_prefix_path/rviz_marker_tools
[0.830s] -- Up-to-date: /home/darsh/UR3_ROS2_PICK_AND_PLACE/install/rviz_marker_tools/share/rviz_marker_tools/environment/ament_prefix_path.sh
[0.831s] -- Up-to-date: /home/darsh/UR3_ROS2_PICK_AND_PLACE/install/rviz_marker_tools/share/rviz_marker_tools/environment/ament_prefix_path.dsv
[0.831s] -- Up-to-date: /home/darsh/UR3_ROS2_PICK_AND_PLACE/install/rviz_marker_tools/share/rviz_marker_tools/environment/path.sh
[0.831s] -- Up-to-date: /home/darsh/UR3_ROS2_PICK_AND_PLACE/install/rviz_marker_tools/share/rviz_marker_tools/environment/path.dsv
[0.832s] -- Up-to-date: /home/darsh/UR3_ROS2_PICK_AND_PLACE/install/rviz_marker_tools/share/rviz_marker_tools/local_setup.bash
[0.832s] -- Up-to-date: /home/darsh/UR3_ROS2_PICK_AND_PLACE/install/rviz_marker_tools/share/rviz_marker_tools/local_setup.sh
[0.833s] -- Up-to-date: /home/darsh/UR3_ROS2_PICK_AND_PLACE/install/rviz_marker_tools/share/rviz_marker_tools/local_setup.zsh
[0.833s] -- Up-to-date: /home/darsh/UR3_ROS2_PICK_AND_PLACE/install/rviz_marker_tools/share/rviz_marker_tools/local_setup.dsv
[0.833s] -- Installing: /home/darsh/UR3_ROS2_PICK_AND_PLACE/install/rviz_marker_tools/share/rviz_marker_tools/package.dsv
[0.836s] -- Up-to-date: /home/darsh/UR3_ROS2_PICK_AND_PLACE/install/rviz_marker_tools/share/ament_index/resource_index/packages/rviz_marker_tools
[0.837s] -- Up-to-date: /home/darsh/UR3_ROS2_PICK_AND_PLACE/install/rviz_marker_tools/share/rviz_marker_tools/cmake/rviz_marker_toolsTargetsExport.cmake
[0.847s] -- Up-to-date: /home/darsh/UR3_ROS2_PICK_AND_PLACE/install/rviz_marker_tools/share/rviz_marker_tools/cmake/rviz_marker_toolsTargetsExport-release.cmake
[0.849s] -- Up-to-date: /home/darsh/UR3_ROS2_PICK_AND_PLACE/install/rviz_marker_tools/share/rviz_marker_tools/cmake/ament_cmake_export_targets-extras.cmake
[0.850s] -- Up-to-date: /home/darsh/UR3_ROS2_PICK_AND_PLACE/install/rviz_marker_tools/share/rviz_marker_tools/cmake/ament_cmake_export_dependencies-extras.cmake
[0.850s] -- Up-to-date: /home/darsh/UR3_ROS2_PICK_AND_PLACE/install/rviz_marker_tools/share/rviz_marker_tools/cmake/rviz_marker_toolsConfig.cmake
[0.851s] -- Up-to-date: /home/darsh/UR3_ROS2_PICK_AND_PLACE/install/rviz_marker_tools/share/rviz_marker_tools/cmake/rviz_marker_toolsConfig-version.cmake
[0.851s] -- Up-to-date: /home/darsh/UR3_ROS2_PICK_AND_PLACE/install/rviz_marker_tools/share/rviz_marker_tools/package.xml
[0.861s] Invoked command in '/home/darsh/UR3_ROS2_PICK_AND_PLACE/build/rviz_marker_tools' returned '0': CMAKE_PREFIX_PATH=${CMAKE_PREFIX_PATH}:/opt/ros/jazzy /usr/bin/cmake --install /home/darsh/UR3_ROS2_PICK_AND_PLACE/build/rviz_marker_tools
