[0.046s] Invoking command in '/home/darsh/UR3_ROS2_PICK_AND_PLACE/build/moveit_config': CMAKE_PREFIX_PATH=/home/darsh/UR3_ROS2_PICK_AND_PLACE/install/ur_description:/home/darsh/UR3_ROS2_PICK_AND_PLACE/install/ur_system_tests:/home/darsh/UR3_ROS2_PICK_AND_PLACE/install/ur_interfaces:/home/darsh/UR3_ROS2_PICK_AND_PLACE/install/ur_gazebo:/home/darsh/UR3_ROS2_PICK_AND_PLACE/install/movit_config:/home/darsh/UR3_ROS2_PICK_AND_PLACE/install/moveit_config:/home/darsh/UR3_ROS2_PICK_AND_PLACE/install/robotiq_2f_85_gripper_visualization:/opt/ros/jazzy/opt/gz_sim_vendor:/opt/ros/jazzy/opt/gz_sensors_vendor:/opt/ros/jazzy/opt/gz_physics_vendor:/opt/ros/jazzy/opt/sdformat_vendor:/opt/ros/jazzy/opt/gz_gui_vendor:/opt/ros/jazzy/opt/gz_transport_vendor:/opt/ros/jazzy/opt/gz_rendering_vendor:/opt/ros/jazzy/opt/gz_plugin_vendor:/opt/ros/jazzy/opt/gz_fuel_tools_vendor:/opt/ros/jazzy/opt/gz_msgs_vendor:/opt/ros/jazzy/opt/gz_common_vendor:/opt/ros/jazzy/opt/gz_math_vendor:/opt/ros/jazzy/opt/gz_utils_vendor:/opt/ros/jazzy/opt/gz_tools_vendor:/opt/ros/jazzy/opt/gz_ogre_next_vendor:/opt/ros/jazzy/opt/gz_dartsim_vendor:/opt/ros/jazzy/opt/gz_cmake_vendor:/opt/ros/jazzy /usr/bin/cmake --build /home/darsh/UR3_ROS2_PICK_AND_PLACE/build/moveit_config -- -j16 -l16
[0.086s] -- Found ament_cmake: 2.5.3 (/opt/ros/jazzy/share/ament_cmake/cmake)
[0.291s] -- Override CMake install command with custom implementation using symlinks instead of copying resources
[0.403s] -- Configuring done (0.3s)
[0.407s] -- Generating done (0.0s)
[0.408s] -- Build files have been written to: /home/darsh/UR3_ROS2_PICK_AND_PLACE/build/moveit_config
[0.424s] Invoked command in '/home/darsh/UR3_ROS2_PICK_AND_PLACE/build/moveit_config' returned '0': CMAKE_PREFIX_PATH=/home/darsh/UR3_ROS2_PICK_AND_PLACE/install/ur_description:/home/darsh/UR3_ROS2_PICK_AND_PLACE/install/ur_system_tests:/home/darsh/UR3_ROS2_PICK_AND_PLACE/install/ur_interfaces:/home/darsh/UR3_ROS2_PICK_AND_PLACE/install/ur_gazebo:/home/darsh/UR3_ROS2_PICK_AND_PLACE/install/movit_config:/home/darsh/UR3_ROS2_PICK_AND_PLACE/install/moveit_config:/home/darsh/UR3_ROS2_PICK_AND_PLACE/install/robotiq_2f_85_gripper_visualization:/opt/ros/jazzy/opt/gz_sim_vendor:/opt/ros/jazzy/opt/gz_sensors_vendor:/opt/ros/jazzy/opt/gz_physics_vendor:/opt/ros/jazzy/opt/sdformat_vendor:/opt/ros/jazzy/opt/gz_gui_vendor:/opt/ros/jazzy/opt/gz_transport_vendor:/opt/ros/jazzy/opt/gz_rendering_vendor:/opt/ros/jazzy/opt/gz_plugin_vendor:/opt/ros/jazzy/opt/gz_fuel_tools_vendor:/opt/ros/jazzy/opt/gz_msgs_vendor:/opt/ros/jazzy/opt/gz_common_vendor:/opt/ros/jazzy/opt/gz_math_vendor:/opt/ros/jazzy/opt/gz_utils_vendor:/opt/ros/jazzy/opt/gz_tools_vendor:/opt/ros/jazzy/opt/gz_ogre_next_vendor:/opt/ros/jazzy/opt/gz_dartsim_vendor:/opt/ros/jazzy/opt/gz_cmake_vendor:/opt/ros/jazzy /usr/bin/cmake --build /home/darsh/UR3_ROS2_PICK_AND_PLACE/build/moveit_config -- -j16 -l16
[0.425s] Invoking command in '/home/darsh/UR3_ROS2_PICK_AND_PLACE/build/moveit_config': CMAKE_PREFIX_PATH=/home/darsh/UR3_ROS2_PICK_AND_PLACE/install/ur_description:/home/darsh/UR3_ROS2_PICK_AND_PLACE/install/ur_system_tests:/home/darsh/UR3_ROS2_PICK_AND_PLACE/install/ur_interfaces:/home/darsh/UR3_ROS2_PICK_AND_PLACE/install/ur_gazebo:/home/darsh/UR3_ROS2_PICK_AND_PLACE/install/movit_config:/home/darsh/UR3_ROS2_PICK_AND_PLACE/install/moveit_config:/home/darsh/UR3_ROS2_PICK_AND_PLACE/install/robotiq_2f_85_gripper_visualization:/opt/ros/jazzy/opt/gz_sim_vendor:/opt/ros/jazzy/opt/gz_sensors_vendor:/opt/ros/jazzy/opt/gz_physics_vendor:/opt/ros/jazzy/opt/sdformat_vendor:/opt/ros/jazzy/opt/gz_gui_vendor:/opt/ros/jazzy/opt/gz_transport_vendor:/opt/ros/jazzy/opt/gz_rendering_vendor:/opt/ros/jazzy/opt/gz_plugin_vendor:/opt/ros/jazzy/opt/gz_fuel_tools_vendor:/opt/ros/jazzy/opt/gz_msgs_vendor:/opt/ros/jazzy/opt/gz_common_vendor:/opt/ros/jazzy/opt/gz_math_vendor:/opt/ros/jazzy/opt/gz_utils_vendor:/opt/ros/jazzy/opt/gz_tools_vendor:/opt/ros/jazzy/opt/gz_ogre_next_vendor:/opt/ros/jazzy/opt/gz_dartsim_vendor:/opt/ros/jazzy/opt/gz_cmake_vendor:/opt/ros/jazzy /usr/bin/cmake --install /home/darsh/UR3_ROS2_PICK_AND_PLACE/build/moveit_config
[0.430s] -- Install configuration: ""
[0.431s] -- Execute custom install script
[0.431s] -- Up-to-date symlink: /home/darsh/UR3_ROS2_PICK_AND_PLACE/install/moveit_config/share/ament_index/resource_index/package_run_dependencies/moveit_config
[0.432s] -- Up-to-date symlink: /home/darsh/UR3_ROS2_PICK_AND_PLACE/install/moveit_config/share/ament_index/resource_index/parent_prefix_path/moveit_config
[0.432s] -- Up-to-date symlink: /home/darsh/UR3_ROS2_PICK_AND_PLACE/install/moveit_config/share/moveit_config/environment/ament_prefix_path.sh
[0.432s] -- Up-to-date symlink: /home/darsh/UR3_ROS2_PICK_AND_PLACE/install/moveit_config/share/moveit_config/environment/ament_prefix_path.dsv
[0.432s] -- Up-to-date symlink: /home/darsh/UR3_ROS2_PICK_AND_PLACE/install/moveit_config/share/moveit_config/environment/path.sh
[0.433s] -- Up-to-date symlink: /home/darsh/UR3_ROS2_PICK_AND_PLACE/install/moveit_config/share/moveit_config/environment/path.dsv
[0.433s] -- Up-to-date symlink: /home/darsh/UR3_ROS2_PICK_AND_PLACE/install/moveit_config/share/moveit_config/local_setup.bash
[0.433s] -- Up-to-date symlink: /home/darsh/UR3_ROS2_PICK_AND_PLACE/install/moveit_config/share/moveit_config/local_setup.sh
[0.433s] -- Up-to-date symlink: /home/darsh/UR3_ROS2_PICK_AND_PLACE/install/moveit_config/share/moveit_config/local_setup.zsh
[0.433s] -- Up-to-date symlink: /home/darsh/UR3_ROS2_PICK_AND_PLACE/install/moveit_config/share/moveit_config/local_setup.dsv
[0.433s] -- Symlinking: /home/darsh/UR3_ROS2_PICK_AND_PLACE/install/moveit_config/share/moveit_config/package.dsv
[0.439s] -- Up-to-date symlink: /home/darsh/UR3_ROS2_PICK_AND_PLACE/install/moveit_config/share/ament_index/resource_index/packages/moveit_config
[0.439s] -- Up-to-date symlink: /home/darsh/UR3_ROS2_PICK_AND_PLACE/install/moveit_config/share/moveit_config/cmake/moveit_configConfig.cmake
[0.440s] -- Up-to-date symlink: /home/darsh/UR3_ROS2_PICK_AND_PLACE/install/moveit_config/share/moveit_config/cmake/moveit_configConfig-version.cmake
[0.440s] -- Up-to-date symlink: /home/darsh/UR3_ROS2_PICK_AND_PLACE/install/moveit_config/share/moveit_config/package.xml
[0.440s] -- Up-to-date symlink: /home/darsh/UR3_ROS2_PICK_AND_PLACE/install/moveit_config/share/moveit_config/launch/demo.launch.py
[0.440s] -- Up-to-date symlink: /home/darsh/UR3_ROS2_PICK_AND_PLACE/install/moveit_config/share/moveit_config/launch/move_group.launch.py
[0.440s] -- Up-to-date symlink: /home/darsh/UR3_ROS2_PICK_AND_PLACE/install/moveit_config/share/moveit_config/launch/moveit_rviz.launch.py
[0.441s] -- Up-to-date symlink: /home/darsh/UR3_ROS2_PICK_AND_PLACE/install/moveit_config/share/moveit_config/launch/rsp.launch.py
[0.441s] -- Up-to-date symlink: /home/darsh/UR3_ROS2_PICK_AND_PLACE/install/moveit_config/share/moveit_config/launch/setup_assistant.launch.py
[0.441s] -- Up-to-date symlink: /home/darsh/UR3_ROS2_PICK_AND_PLACE/install/moveit_config/share/moveit_config/launch/spawn_controllers.launch.py
[0.441s] -- Up-to-date symlink: /home/darsh/UR3_ROS2_PICK_AND_PLACE/install/moveit_config/share/moveit_config/launch/static_virtual_joint_tfs.launch.py
[0.441s] -- Up-to-date symlink: /home/darsh/UR3_ROS2_PICK_AND_PLACE/install/moveit_config/share/moveit_config/launch/warehouse_db.launch.py
[0.442s] -- Up-to-date symlink: /home/darsh/UR3_ROS2_PICK_AND_PLACE/install/moveit_config/share/moveit_config/config/initial_positions.yaml
[0.442s] -- Up-to-date symlink: /home/darsh/UR3_ROS2_PICK_AND_PLACE/install/moveit_config/share/moveit_config/config/joint_limits.yaml
[0.442s] -- Up-to-date symlink: /home/darsh/UR3_ROS2_PICK_AND_PLACE/install/moveit_config/share/moveit_config/config/kinematics.yaml
[0.442s] -- Up-to-date symlink: /home/darsh/UR3_ROS2_PICK_AND_PLACE/install/moveit_config/share/moveit_config/config/moveit.rviz
[0.442s] -- Up-to-date symlink: /home/darsh/UR3_ROS2_PICK_AND_PLACE/install/moveit_config/share/moveit_config/config/moveit_controllers.yaml
[0.443s] -- Up-to-date symlink: /home/darsh/UR3_ROS2_PICK_AND_PLACE/install/moveit_config/share/moveit_config/config/pilz_cartesian_limits.yaml
[0.443s] -- Up-to-date symlink: /home/darsh/UR3_ROS2_PICK_AND_PLACE/install/moveit_config/share/moveit_config/config/ros2_controllers.yaml
[0.443s] -- Up-to-date symlink: /home/darsh/UR3_ROS2_PICK_AND_PLACE/install/moveit_config/share/moveit_config/config/sensors_3d.yaml
[0.443s] -- Up-to-date symlink: /home/darsh/UR3_ROS2_PICK_AND_PLACE/install/moveit_config/share/moveit_config/config/ur.ros2_control.xacro
[0.443s] -- Up-to-date symlink: /home/darsh/UR3_ROS2_PICK_AND_PLACE/install/moveit_config/share/moveit_config/config/ur.srdf
[0.443s] -- Up-to-date symlink: /home/darsh/UR3_ROS2_PICK_AND_PLACE/install/moveit_config/share/moveit_config/config/ur.urdf
[0.444s] -- Up-to-date symlink: /home/darsh/UR3_ROS2_PICK_AND_PLACE/install/moveit_config/share/moveit_config/config/ur.urdf.xacro
[0.444s] -- Up-to-date symlink: /home/darsh/UR3_ROS2_PICK_AND_PLACE/install/moveit_config/share/moveit_config/.setup_assistant
[0.446s] Invoked command in '/home/darsh/UR3_ROS2_PICK_AND_PLACE/build/moveit_config' returned '0': CMAKE_PREFIX_PATH=/home/darsh/UR3_ROS2_PICK_AND_PLACE/install/ur_description:/home/darsh/UR3_ROS2_PICK_AND_PLACE/install/ur_system_tests:/home/darsh/UR3_ROS2_PICK_AND_PLACE/install/ur_interfaces:/home/darsh/UR3_ROS2_PICK_AND_PLACE/install/ur_gazebo:/home/darsh/UR3_ROS2_PICK_AND_PLACE/install/movit_config:/home/darsh/UR3_ROS2_PICK_AND_PLACE/install/moveit_config:/home/darsh/UR3_ROS2_PICK_AND_PLACE/install/robotiq_2f_85_gripper_visualization:/opt/ros/jazzy/opt/gz_sim_vendor:/opt/ros/jazzy/opt/gz_sensors_vendor:/opt/ros/jazzy/opt/gz_physics_vendor:/opt/ros/jazzy/opt/sdformat_vendor:/opt/ros/jazzy/opt/gz_gui_vendor:/opt/ros/jazzy/opt/gz_transport_vendor:/opt/ros/jazzy/opt/gz_rendering_vendor:/opt/ros/jazzy/opt/gz_plugin_vendor:/opt/ros/jazzy/opt/gz_fuel_tools_vendor:/opt/ros/jazzy/opt/gz_msgs_vendor:/opt/ros/jazzy/opt/gz_common_vendor:/opt/ros/jazzy/opt/gz_math_vendor:/opt/ros/jazzy/opt/gz_utils_vendor:/opt/ros/jazzy/opt/gz_tools_vendor:/opt/ros/jazzy/opt/gz_ogre_next_vendor:/opt/ros/jazzy/opt/gz_dartsim_vendor:/opt/ros/jazzy/opt/gz_cmake_vendor:/opt/ros/jazzy /usr/bin/cmake --install /home/darsh/UR3_ROS2_PICK_AND_PLACE/build/moveit_config
