-- The C compiler identification is GNU 13.3.0
-- The CXX compiler identification is GNU 13.3.0
-- Detecting C compiler ABI info
-- Detecting C compiler ABI info - done
-- Check for working C compiler: /usr/bin/cc - skipped
-- Detecting C compile features
-- Detecting C compile features - done
-- Detecting CXX compiler ABI info
-- Detecting CXX compiler ABI info - done
-- Check for working CXX compiler: /usr/bin/c++ - skipped
-- Detecting CXX compile features
-- Detecting CXX compile features - done
-- Found ament_cmake: 2.5.3 (/opt/ros/jazzy/share/ament_cmake/cmake)
-- Found Python3: /usr/bin/python3 (found version "3.12.3") found components: Interpreter 
-- Found rclcpp: 28.1.6 (/opt/ros/jazzy/share/rclcpp/cmake)
-- Found rosidl_generator_c: 4.6.5 (/opt/ros/jazzy/share/rosidl_generator_c/cmake)
-- Found rosidl_generator_cpp: 4.6.5 (/opt/ros/jazzy/share/rosidl_generator_cpp/cmake)
-- Using all available rosidl_typesupport_c: rosidl_typesupport_fastrtps_c;rosidl_typesupport_introspection_c
-- Using all available rosidl_typesupport_cpp: rosidl_typesupport_fastrtps_cpp;rosidl_typesupport_introspection_cpp
-- Found rmw_implementation_cmake: 7.3.1 (/opt/ros/jazzy/share/rmw_implementation_cmake/cmake)
-- Found rmw_fastrtps_cpp: 8.4.1 (/opt/ros/jazzy/share/rmw_fastrtps_cpp/cmake)
-- Found OpenSSL: /usr/lib/x86_64-linux-gnu/libcrypto.so (found version "3.0.13")  
-- Found FastRTPS: /opt/ros/jazzy/include (Required is at least version "2.13") 
-- Using RMW implementation 'rmw_fastrtps_cpp' as default
-- Found std_msgs: 5.3.5 (/opt/ros/jazzy/share/std_msgs/cmake)
-- Found warehouse_ros: 2.0.5 (/opt/ros/jazzy/share/warehouse_ros/cmake)
-- Found eigen3_cmake_module: 0.3.0 (/opt/ros/jazzy/share/eigen3_cmake_module/cmake)
-- Found Eigen3: TRUE (found version "3.4.0") 
-- Ensuring Eigen3 include directory is part of orocos-kdl CMake target
-- Found MONGODB: /usr/include, /usr/lib/x86_64-linux-gnu/libmongoclient.so
-- MONGODB using new interface: YES
-- Found MONGODB: /usr/lib/x86_64-linux-gnu/libmongoclient.so  
-- Found rclpy: 7.1.3 (/opt/ros/jazzy/share/rclpy/cmake)
-- Found Boost: /usr/lib/x86_64-linux-gnu/cmake/Boost-1.83.0/BoostConfig.cmake (found version "1.83.0") found components: system filesystem thread 
-- Looking for C++ include mongo/version.h
-- Looking for C++ include mongo/version.h - found
-- Found launch_testing_ament_cmake: 3.4.3 (/opt/ros/jazzy/share/launch_testing_ament_cmake/cmake)
-- Found python_cmake_module: 0.11.1 (/opt/ros/jazzy/share/python_cmake_module/cmake)
-- Found PythonExtra: /usr/bin/python3  
-- Found ament_cmake_gtest: 2.5.3 (/opt/ros/jazzy/share/ament_cmake_gtest/cmake)
-- Found gtest sources under '/opt/ros/jazzy/src/gtest_vendor': C++ tests using 'Google Test' will be built
-- Found Threads: TRUE  
-- Found ament_lint_auto: 0.17.1 (/opt/ros/jazzy/share/ament_lint_auto/cmake)
-- Added test 'copyright' to check source files copyright and LICENSE
-- Configuring done (6.4s)
-- Generating done (0.1s)
-- Build files have been written to: /home/darsh/UR3_ROS2_PICK_AND_PLACE/build/warehouse_ros_mongo
[ 10%] [32mBuilding CXX object CMakeFiles/warehouse_ros_mongo.dir/src/query_results.cpp.o[0m
[ 20%] [32mBuilding CXX object gtest/CMakeFiles/gtest.dir/src/gtest-all.cc.o[0m
[ 30%] [32mBuilding CXX object gtest/CMakeFiles/gtest_main.dir/src/gtest_main.cc.o[0m
[ 30%] Built target ament_cmake_python_copy_warehouse_ros_mongo
running egg_info
creating warehouse_ros_mongo.egg-info
writing warehouse_ros_mongo.egg-info/PKG-INFO
writing dependency_links to warehouse_ros_mongo.egg-info/dependency_links.txt
writing top-level names to warehouse_ros_mongo.egg-info/top_level.txt
writing manifest file 'warehouse_ros_mongo.egg-info/SOURCES.txt'
reading manifest file 'warehouse_ros_mongo.egg-info/SOURCES.txt'
writing manifest file 'warehouse_ros_mongo.egg-info/SOURCES.txt'
[ 30%] Built target ament_cmake_python_build_warehouse_ros_mongo_egg
[ 40%] [32mBuilding CXX object CMakeFiles/warehouse_ros_mongo.dir/src/message_collection.cpp.o[0m
[ 50%] [32m[1mLinking CXX static library libgtest_main.a[0m
[ 50%] Built target gtest_main
[ 60%] [32mBuilding CXX object CMakeFiles/warehouse_ros_mongo.dir/src/database_connection.cpp.o[0m
[ 70%] [32m[1mLinking CXX static library libgtest.a[0m
[ 80%] [32m[1mLinking CXX shared library libwarehouse_ros_mongo.so[0m
[ 80%] Built target gtest
[ 80%] Built target warehouse_ros_mongo
[ 90%] [32mBuilding CXX object CMakeFiles/test_warehouse_ros_mongo_cpp.dir/test/test_warehouse_ros_mongo.cpp.o[0m
[100%] [32m[1mLinking CXX executable test_warehouse_ros_mongo_cpp[0m
[100%] Built target test_warehouse_ros_mongo_cpp
