[0.073s] Invoking command in '/home/darsh/UR3_ROS2_PICK_AND_PLACE/build/moveit_config': CMAKE_PREFIX_PATH=/home/darsh/UR3_ROS2_PICK_AND_PLACE/install/ur_description:/home/darsh/UR3_ROS2_PICK_AND_PLACE/install/moveit_config_backup:/home/darsh/UR3_ROS2_PICK_AND_PLACE/install/ur_system_tests:/home/darsh/UR3_ROS2_PICK_AND_PLACE/install/ur_moveit_demos:/home/darsh/UR3_ROS2_PICK_AND_PLACE/install/ur_interfaces:/home/darsh/UR3_ROS2_PICK_AND_PLACE/install/ur_gazebo:/home/darsh/UR3_ROS2_PICK_AND_PLACE/install/moveit_config:/home/darsh/UR3_ROS2_PICK_AND_PLACE/install/robotiq_2f_85_gripper_visualization:/opt/ros/jazzy/opt/gz_sim_vendor:/opt/ros/jazzy/opt/gz_sensors_vendor:/opt/ros/jazzy/opt/gz_physics_vendor:/opt/ros/jazzy/opt/sdformat_vendor:/opt/ros/jazzy/opt/gz_gui_vendor:/opt/ros/jazzy/opt/gz_transport_vendor:/opt/ros/jazzy/opt/gz_rendering_vendor:/opt/ros/jazzy/opt/gz_plugin_vendor:/opt/ros/jazzy/opt/gz_fuel_tools_vendor:/opt/ros/jazzy/opt/gz_msgs_vendor:/opt/ros/jazzy/opt/gz_common_vendor:/opt/ros/jazzy/opt/gz_math_vendor:/opt/ros/jazzy/opt/gz_utils_vendor:/opt/ros/jazzy/opt/gz_tools_vendor:/opt/ros/jazzy/opt/gz_ogre_next_vendor:/opt/ros/jazzy/opt/gz_dartsim_vendor:/opt/ros/jazzy/opt/gz_cmake_vendor:/opt/ros/jazzy /usr/bin/cmake /home/darsh/UR3_ROS2_PICK_AND_PLACE/moveit_config -DCMAKE_INSTALL_PREFIX=/home/darsh/UR3_ROS2_PICK_AND_PLACE/install/moveit_config
[0.216s] -- The C compiler identification is GNU 13.3.0
[0.557s] -- The CXX compiler identification is GNU 13.3.0
[0.900s] -- Detecting C compiler ABI info
[1.139s] -- Detecting C compiler ABI info - done
[1.155s] -- Check for working C compiler: /usr/bin/cc - skipped
[1.156s] -- Detecting C compile features
[1.156s] -- Detecting C compile features - done
[1.249s] -- Detecting CXX compiler ABI info
[1.533s] -- Detecting CXX compiler ABI info - done
[1.545s] -- Check for working CXX compiler: /usr/bin/c++ - skipped
[1.545s] -- Detecting CXX compile features
[1.546s] -- Detecting CXX compile features - done
[1.551s] -- Found ament_cmake: 2.5.3 (/opt/ros/jazzy/share/ament_cmake/cmake)
[1.729s] -- Found Python3: /usr/bin/python3 (found version "3.12.3") found components: Interpreter 
[2.044s] -- Configuring done (2.0s)
[2.048s] -- Generating done (0.0s)
[2.050s] -- Build files have been written to: /home/darsh/UR3_ROS2_PICK_AND_PLACE/build/moveit_config
[2.058s] Invoked command in '/home/darsh/UR3_ROS2_PICK_AND_PLACE/build/moveit_config' returned '0': CMAKE_PREFIX_PATH=/home/darsh/UR3_ROS2_PICK_AND_PLACE/install/ur_description:/home/darsh/UR3_ROS2_PICK_AND_PLACE/install/moveit_config_backup:/home/darsh/UR3_ROS2_PICK_AND_PLACE/install/ur_system_tests:/home/darsh/UR3_ROS2_PICK_AND_PLACE/install/ur_moveit_demos:/home/darsh/UR3_ROS2_PICK_AND_PLACE/install/ur_interfaces:/home/darsh/UR3_ROS2_PICK_AND_PLACE/install/ur_gazebo:/home/darsh/UR3_ROS2_PICK_AND_PLACE/install/moveit_config:/home/darsh/UR3_ROS2_PICK_AND_PLACE/install/robotiq_2f_85_gripper_visualization:/opt/ros/jazzy/opt/gz_sim_vendor:/opt/ros/jazzy/opt/gz_sensors_vendor:/opt/ros/jazzy/opt/gz_physics_vendor:/opt/ros/jazzy/opt/sdformat_vendor:/opt/ros/jazzy/opt/gz_gui_vendor:/opt/ros/jazzy/opt/gz_transport_vendor:/opt/ros/jazzy/opt/gz_rendering_vendor:/opt/ros/jazzy/opt/gz_plugin_vendor:/opt/ros/jazzy/opt/gz_fuel_tools_vendor:/opt/ros/jazzy/opt/gz_msgs_vendor:/opt/ros/jazzy/opt/gz_common_vendor:/opt/ros/jazzy/opt/gz_math_vendor:/opt/ros/jazzy/opt/gz_utils_vendor:/opt/ros/jazzy/opt/gz_tools_vendor:/opt/ros/jazzy/opt/gz_ogre_next_vendor:/opt/ros/jazzy/opt/gz_dartsim_vendor:/opt/ros/jazzy/opt/gz_cmake_vendor:/opt/ros/jazzy /usr/bin/cmake /home/darsh/UR3_ROS2_PICK_AND_PLACE/moveit_config -DCMAKE_INSTALL_PREFIX=/home/darsh/UR3_ROS2_PICK_AND_PLACE/install/moveit_config
[2.059s] Invoking command in '/home/darsh/UR3_ROS2_PICK_AND_PLACE/build/moveit_config': CMAKE_PREFIX_PATH=/home/darsh/UR3_ROS2_PICK_AND_PLACE/install/ur_description:/home/darsh/UR3_ROS2_PICK_AND_PLACE/install/moveit_config_backup:/home/darsh/UR3_ROS2_PICK_AND_PLACE/install/ur_system_tests:/home/darsh/UR3_ROS2_PICK_AND_PLACE/install/ur_moveit_demos:/home/darsh/UR3_ROS2_PICK_AND_PLACE/install/ur_interfaces:/home/darsh/UR3_ROS2_PICK_AND_PLACE/install/ur_gazebo:/home/darsh/UR3_ROS2_PICK_AND_PLACE/install/moveit_config:/home/darsh/UR3_ROS2_PICK_AND_PLACE/install/robotiq_2f_85_gripper_visualization:/opt/ros/jazzy/opt/gz_sim_vendor:/opt/ros/jazzy/opt/gz_sensors_vendor:/opt/ros/jazzy/opt/gz_physics_vendor:/opt/ros/jazzy/opt/sdformat_vendor:/opt/ros/jazzy/opt/gz_gui_vendor:/opt/ros/jazzy/opt/gz_transport_vendor:/opt/ros/jazzy/opt/gz_rendering_vendor:/opt/ros/jazzy/opt/gz_plugin_vendor:/opt/ros/jazzy/opt/gz_fuel_tools_vendor:/opt/ros/jazzy/opt/gz_msgs_vendor:/opt/ros/jazzy/opt/gz_common_vendor:/opt/ros/jazzy/opt/gz_math_vendor:/opt/ros/jazzy/opt/gz_utils_vendor:/opt/ros/jazzy/opt/gz_tools_vendor:/opt/ros/jazzy/opt/gz_ogre_next_vendor:/opt/ros/jazzy/opt/gz_dartsim_vendor:/opt/ros/jazzy/opt/gz_cmake_vendor:/opt/ros/jazzy /usr/bin/cmake --build /home/darsh/UR3_ROS2_PICK_AND_PLACE/build/moveit_config -- -j16 -l16
[2.096s] Invoked command in '/home/darsh/UR3_ROS2_PICK_AND_PLACE/build/moveit_config' returned '0': CMAKE_PREFIX_PATH=/home/darsh/UR3_ROS2_PICK_AND_PLACE/install/ur_description:/home/darsh/UR3_ROS2_PICK_AND_PLACE/install/moveit_config_backup:/home/darsh/UR3_ROS2_PICK_AND_PLACE/install/ur_system_tests:/home/darsh/UR3_ROS2_PICK_AND_PLACE/install/ur_moveit_demos:/home/darsh/UR3_ROS2_PICK_AND_PLACE/install/ur_interfaces:/home/darsh/UR3_ROS2_PICK_AND_PLACE/install/ur_gazebo:/home/darsh/UR3_ROS2_PICK_AND_PLACE/install/moveit_config:/home/darsh/UR3_ROS2_PICK_AND_PLACE/install/robotiq_2f_85_gripper_visualization:/opt/ros/jazzy/opt/gz_sim_vendor:/opt/ros/jazzy/opt/gz_sensors_vendor:/opt/ros/jazzy/opt/gz_physics_vendor:/opt/ros/jazzy/opt/sdformat_vendor:/opt/ros/jazzy/opt/gz_gui_vendor:/opt/ros/jazzy/opt/gz_transport_vendor:/opt/ros/jazzy/opt/gz_rendering_vendor:/opt/ros/jazzy/opt/gz_plugin_vendor:/opt/ros/jazzy/opt/gz_fuel_tools_vendor:/opt/ros/jazzy/opt/gz_msgs_vendor:/opt/ros/jazzy/opt/gz_common_vendor:/opt/ros/jazzy/opt/gz_math_vendor:/opt/ros/jazzy/opt/gz_utils_vendor:/opt/ros/jazzy/opt/gz_tools_vendor:/opt/ros/jazzy/opt/gz_ogre_next_vendor:/opt/ros/jazzy/opt/gz_dartsim_vendor:/opt/ros/jazzy/opt/gz_cmake_vendor:/opt/ros/jazzy /usr/bin/cmake --build /home/darsh/UR3_ROS2_PICK_AND_PLACE/build/moveit_config -- -j16 -l16
[2.098s] Invoking command in '/home/darsh/UR3_ROS2_PICK_AND_PLACE/build/moveit_config': CMAKE_PREFIX_PATH=/home/darsh/UR3_ROS2_PICK_AND_PLACE/install/ur_description:/home/darsh/UR3_ROS2_PICK_AND_PLACE/install/moveit_config_backup:/home/darsh/UR3_ROS2_PICK_AND_PLACE/install/ur_system_tests:/home/darsh/UR3_ROS2_PICK_AND_PLACE/install/ur_moveit_demos:/home/darsh/UR3_ROS2_PICK_AND_PLACE/install/ur_interfaces:/home/darsh/UR3_ROS2_PICK_AND_PLACE/install/ur_gazebo:/home/darsh/UR3_ROS2_PICK_AND_PLACE/install/moveit_config:/home/darsh/UR3_ROS2_PICK_AND_PLACE/install/robotiq_2f_85_gripper_visualization:/opt/ros/jazzy/opt/gz_sim_vendor:/opt/ros/jazzy/opt/gz_sensors_vendor:/opt/ros/jazzy/opt/gz_physics_vendor:/opt/ros/jazzy/opt/sdformat_vendor:/opt/ros/jazzy/opt/gz_gui_vendor:/opt/ros/jazzy/opt/gz_transport_vendor:/opt/ros/jazzy/opt/gz_rendering_vendor:/opt/ros/jazzy/opt/gz_plugin_vendor:/opt/ros/jazzy/opt/gz_fuel_tools_vendor:/opt/ros/jazzy/opt/gz_msgs_vendor:/opt/ros/jazzy/opt/gz_common_vendor:/opt/ros/jazzy/opt/gz_math_vendor:/opt/ros/jazzy/opt/gz_utils_vendor:/opt/ros/jazzy/opt/gz_tools_vendor:/opt/ros/jazzy/opt/gz_ogre_next_vendor:/opt/ros/jazzy/opt/gz_dartsim_vendor:/opt/ros/jazzy/opt/gz_cmake_vendor:/opt/ros/jazzy /usr/bin/cmake --install /home/darsh/UR3_ROS2_PICK_AND_PLACE/build/moveit_config
[2.106s] -- Install configuration: ""
[2.107s] -- Installing: /home/darsh/UR3_ROS2_PICK_AND_PLACE/install/moveit_config/share/ament_index/resource_index/package_run_dependencies/moveit_config
[2.107s] -- Installing: /home/darsh/UR3_ROS2_PICK_AND_PLACE/install/moveit_config/share/ament_index/resource_index/parent_prefix_path/moveit_config
[2.108s] -- Installing: /home/darsh/UR3_ROS2_PICK_AND_PLACE/install/moveit_config/share/moveit_config/environment/ament_prefix_path.sh
[2.108s] -- Installing: /home/darsh/UR3_ROS2_PICK_AND_PLACE/install/moveit_config/share/moveit_config/environment/ament_prefix_path.dsv
[2.108s] -- Installing: /home/darsh/UR3_ROS2_PICK_AND_PLACE/install/moveit_config/share/moveit_config/environment/path.sh
[2.108s] -- Installing: /home/darsh/UR3_ROS2_PICK_AND_PLACE/install/moveit_config/share/moveit_config/environment/path.dsv
[2.109s] -- Installing: /home/darsh/UR3_ROS2_PICK_AND_PLACE/install/moveit_config/share/moveit_config/local_setup.bash
[2.109s] -- Installing: /home/darsh/UR3_ROS2_PICK_AND_PLACE/install/moveit_config/share/moveit_config/local_setup.sh
[2.110s] -- Installing: /home/darsh/UR3_ROS2_PICK_AND_PLACE/install/moveit_config/share/moveit_config/local_setup.zsh
[2.110s] -- Installing: /home/darsh/UR3_ROS2_PICK_AND_PLACE/install/moveit_config/share/moveit_config/local_setup.dsv
[2.111s] -- Installing: /home/darsh/UR3_ROS2_PICK_AND_PLACE/install/moveit_config/share/moveit_config/package.dsv
[2.111s] -- Installing: /home/darsh/UR3_ROS2_PICK_AND_PLACE/install/moveit_config/share/ament_index/resource_index/packages/moveit_config
[2.111s] -- Installing: /home/darsh/UR3_ROS2_PICK_AND_PLACE/install/moveit_config/share/moveit_config/cmake/moveit_configConfig.cmake
[2.112s] -- Installing: /home/darsh/UR3_ROS2_PICK_AND_PLACE/install/moveit_config/share/moveit_config/cmake/moveit_configConfig-version.cmake
[2.112s] -- Installing: /home/darsh/UR3_ROS2_PICK_AND_PLACE/install/moveit_config/share/moveit_config/package.xml
[2.112s] -- Installing: /home/darsh/UR3_ROS2_PICK_AND_PLACE/install/moveit_config/share/moveit_config/launch
[2.113s] -- Installing: /home/darsh/UR3_ROS2_PICK_AND_PLACE/install/moveit_config/share/moveit_config/launch/moveit_rviz.launch.py
[2.114s] -- Installing: /home/darsh/UR3_ROS2_PICK_AND_PLACE/install/moveit_config/share/moveit_config/launch/static_virtual_joint_tfs.launch.py
[2.115s] -- Installing: /home/darsh/UR3_ROS2_PICK_AND_PLACE/install/moveit_config/share/moveit_config/launch/demo.launch.py
[2.115s] -- Installing: /home/darsh/UR3_ROS2_PICK_AND_PLACE/install/moveit_config/share/moveit_config/launch/warehouse_db.launch.py
[2.115s] -- Installing: /home/darsh/UR3_ROS2_PICK_AND_PLACE/install/moveit_config/share/moveit_config/launch/setup_assistant.launch.py
[2.115s] -- Installing: /home/darsh/UR3_ROS2_PICK_AND_PLACE/install/moveit_config/share/moveit_config/launch/rsp.launch.py
[2.116s] -- Installing: /home/darsh/UR3_ROS2_PICK_AND_PLACE/install/moveit_config/share/moveit_config/launch/move_group.launch.py
[2.116s] -- Installing: /home/darsh/UR3_ROS2_PICK_AND_PLACE/install/moveit_config/share/moveit_config/launch/spawn_controllers.launch.py
[2.116s] -- Installing: /home/darsh/UR3_ROS2_PICK_AND_PLACE/install/moveit_config/share/moveit_config/config
[2.117s] -- Installing: /home/darsh/UR3_ROS2_PICK_AND_PLACE/install/moveit_config/share/moveit_config/config/moveit.rviz
[2.117s] -- Installing: /home/darsh/UR3_ROS2_PICK_AND_PLACE/install/moveit_config/share/moveit_config/config/initial_positions.yaml
[2.118s] -- Installing: /home/darsh/UR3_ROS2_PICK_AND_PLACE/install/moveit_config/share/moveit_config/config/ur.ros2_control.xacro
[2.118s] -- Installing: /home/darsh/UR3_ROS2_PICK_AND_PLACE/install/moveit_config/share/moveit_config/config/kinematics.yaml
[2.119s] -- Installing: /home/darsh/UR3_ROS2_PICK_AND_PLACE/install/moveit_config/share/moveit_config/config/joint_limits.yaml
[2.119s] -- Installing: /home/darsh/UR3_ROS2_PICK_AND_PLACE/install/moveit_config/share/moveit_config/config/ros2_controllers.yaml
[2.119s] -- Installing: /home/darsh/UR3_ROS2_PICK_AND_PLACE/install/moveit_config/share/moveit_config/config/ur.srdf
[2.120s] -- Installing: /home/darsh/UR3_ROS2_PICK_AND_PLACE/install/moveit_config/share/moveit_config/config/moveit_controllers.yaml
[2.120s] -- Installing: /home/darsh/UR3_ROS2_PICK_AND_PLACE/install/moveit_config/share/moveit_config/config/pilz_cartesian_limits.yaml
[2.120s] -- Installing: /home/darsh/UR3_ROS2_PICK_AND_PLACE/install/moveit_config/share/moveit_config/config/ur.urdf.xacro
[2.120s] -- Installing: /home/darsh/UR3_ROS2_PICK_AND_PLACE/install/moveit_config/share/moveit_config/.setup_assistant
[2.134s] Invoked command in '/home/darsh/UR3_ROS2_PICK_AND_PLACE/build/moveit_config' returned '0': CMAKE_PREFIX_PATH=/home/darsh/UR3_ROS2_PICK_AND_PLACE/install/ur_description:/home/darsh/UR3_ROS2_PICK_AND_PLACE/install/moveit_config_backup:/home/darsh/UR3_ROS2_PICK_AND_PLACE/install/ur_system_tests:/home/darsh/UR3_ROS2_PICK_AND_PLACE/install/ur_moveit_demos:/home/darsh/UR3_ROS2_PICK_AND_PLACE/install/ur_interfaces:/home/darsh/UR3_ROS2_PICK_AND_PLACE/install/ur_gazebo:/home/darsh/UR3_ROS2_PICK_AND_PLACE/install/moveit_config:/home/darsh/UR3_ROS2_PICK_AND_PLACE/install/robotiq_2f_85_gripper_visualization:/opt/ros/jazzy/opt/gz_sim_vendor:/opt/ros/jazzy/opt/gz_sensors_vendor:/opt/ros/jazzy/opt/gz_physics_vendor:/opt/ros/jazzy/opt/sdformat_vendor:/opt/ros/jazzy/opt/gz_gui_vendor:/opt/ros/jazzy/opt/gz_transport_vendor:/opt/ros/jazzy/opt/gz_rendering_vendor:/opt/ros/jazzy/opt/gz_plugin_vendor:/opt/ros/jazzy/opt/gz_fuel_tools_vendor:/opt/ros/jazzy/opt/gz_msgs_vendor:/opt/ros/jazzy/opt/gz_common_vendor:/opt/ros/jazzy/opt/gz_math_vendor:/opt/ros/jazzy/opt/gz_utils_vendor:/opt/ros/jazzy/opt/gz_tools_vendor:/opt/ros/jazzy/opt/gz_ogre_next_vendor:/opt/ros/jazzy/opt/gz_dartsim_vendor:/opt/ros/jazzy/opt/gz_cmake_vendor:/opt/ros/jazzy /usr/bin/cmake --install /home/darsh/UR3_ROS2_PICK_AND_PLACE/build/moveit_config
