[0.036s] Invoking command in '/home/darsh/UR3_ROS2_PICK_AND_PLACE/build/moveit_task_constructor_msgs': CMAKE_PREFIX_PATH=${CMAKE_PREFIX_PATH}:/opt/ros/jazzy /usr/bin/cmake --build /home/darsh/UR3_ROS2_PICK_AND_PLACE/build/moveit_task_constructor_msgs -- -j4 -l4
[0.138s] [  1%] Built target moveit_task_constructor_msgs__rosidl_generator_type_description
[0.189s] [  1%] Built target ament_cmake_python_copy_moveit_task_constructor_msgs
[0.267s] [ 27%] Built target moveit_task_constructor_msgs__rosidl_generator_c
[0.704s] running egg_info
[0.738s] writing moveit_task_constructor_msgs.egg-info/PKG-INFO
[0.738s] writing dependency_links to moveit_task_constructor_msgs.egg-info/dependency_links.txt
[0.739s] writing top-level names to moveit_task_constructor_msgs.egg-info/top_level.txt
[0.946s] reading manifest file 'moveit_task_constructor_msgs.egg-info/SOURCES.txt'
[0.947s] writing manifest file 'moveit_task_constructor_msgs.egg-info/SOURCES.txt'
[0.950s] [ 27%] Built target ament_cmake_python_build_moveit_task_constructor_msgs_egg
[1.045s] [ 37%] Built target moveit_task_constructor_msgs__rosidl_typesupport_introspection_c
[1.169s] [ 47%] Built target moveit_task_constructor_msgs__rosidl_typesupport_c
[1.247s] [ 57%] Built target moveit_task_constructor_msgs__rosidl_typesupport_fastrtps_c
[1.289s] [ 57%] Built target moveit_task_constructor_msgs__cpp
[1.378s] [ 66%] Built target moveit_task_constructor_msgs__rosidl_typesupport_cpp
[1.462s] [ 75%] Built target moveit_task_constructor_msgs__rosidl_typesupport_introspection_cpp
[1.559s] [ 85%] Built target moveit_task_constructor_msgs__rosidl_typesupport_fastrtps_cpp
[1.660s] [ 85%] Built target moveit_task_constructor_msgs
[1.724s] [ 86%] Built target moveit_task_constructor_msgs__py
[1.774s] [ 95%] Built target moveit_task_constructor_msgs__rosidl_generator_py
[1.818s] [ 96%] Built target moveit_task_constructor_msgs_s__rosidl_typesupport_fastrtps_c
[1.877s] [ 98%] Built target moveit_task_constructor_msgs_s__rosidl_typesupport_c
[1.969s] [100%] Built target moveit_task_constructor_msgs_s__rosidl_typesupport_introspection_c
[1.989s] Invoked command in '/home/darsh/UR3_ROS2_PICK_AND_PLACE/build/moveit_task_constructor_msgs' returned '0': CMAKE_PREFIX_PATH=${CMAKE_PREFIX_PATH}:/opt/ros/jazzy /usr/bin/cmake --build /home/darsh/UR3_ROS2_PICK_AND_PLACE/build/moveit_task_constructor_msgs -- -j4 -l4
[1.989s] Invoking command in '/home/darsh/UR3_ROS2_PICK_AND_PLACE/build/moveit_task_constructor_msgs': CMAKE_PREFIX_PATH=${CMAKE_PREFIX_PATH}:/opt/ros/jazzy /usr/bin/cmake --install /home/darsh/UR3_ROS2_PICK_AND_PLACE/build/moveit_task_constructor_msgs
[2.015s] -- Install configuration: ""
[2.016s] -- Up-to-date: /home/darsh/UR3_ROS2_PICK_AND_PLACE/install/moveit_task_constructor_msgs/share/ament_index/resource_index/rosidl_interfaces/moveit_task_constructor_msgs
[2.016s] -- Up-to-date: /home/darsh/UR3_ROS2_PICK_AND_PLACE/install/moveit_task_constructor_msgs/share/moveit_task_constructor_msgs/msg/Property.json
[2.017s] -- Up-to-date: /home/darsh/UR3_ROS2_PICK_AND_PLACE/install/moveit_task_constructor_msgs/share/moveit_task_constructor_msgs/msg/Solution.json
[2.017s] -- Up-to-date: /home/darsh/UR3_ROS2_PICK_AND_PLACE/install/moveit_task_constructor_msgs/share/moveit_task_constructor_msgs/msg/SolutionInfo.json
[2.018s] -- Up-to-date: /home/darsh/UR3_ROS2_PICK_AND_PLACE/install/moveit_task_constructor_msgs/share/moveit_task_constructor_msgs/msg/StageDescription.json
[2.018s] -- Up-to-date: /home/darsh/UR3_ROS2_PICK_AND_PLACE/install/moveit_task_constructor_msgs/share/moveit_task_constructor_msgs/msg/StageStatistics.json
[2.019s] -- Up-to-date: /home/darsh/UR3_ROS2_PICK_AND_PLACE/install/moveit_task_constructor_msgs/share/moveit_task_constructor_msgs/msg/SubSolution.json
[2.019s] -- Up-to-date: /home/darsh/UR3_ROS2_PICK_AND_PLACE/install/moveit_task_constructor_msgs/share/moveit_task_constructor_msgs/msg/SubTrajectory.json
[2.019s] -- Up-to-date: /home/darsh/UR3_ROS2_PICK_AND_PLACE/install/moveit_task_constructor_msgs/share/moveit_task_constructor_msgs/msg/TaskDescription.json
[2.019s] -- Up-to-date: /home/darsh/UR3_ROS2_PICK_AND_PLACE/install/moveit_task_constructor_msgs/share/moveit_task_constructor_msgs/msg/TaskStatistics.json
[2.020s] -- Up-to-date: /home/darsh/UR3_ROS2_PICK_AND_PLACE/install/moveit_task_constructor_msgs/share/moveit_task_constructor_msgs/msg/TrajectoryExecutionInfo.json
[2.020s] -- Up-to-date: /home/darsh/UR3_ROS2_PICK_AND_PLACE/install/moveit_task_constructor_msgs/share/moveit_task_constructor_msgs/srv/GetSolution.json
[2.020s] -- Up-to-date: /home/darsh/UR3_ROS2_PICK_AND_PLACE/install/moveit_task_constructor_msgs/share/moveit_task_constructor_msgs/action/ExecuteTaskSolution.json
[2.020s] -- Up-to-date: /home/darsh/UR3_ROS2_PICK_AND_PLACE/install/moveit_task_constructor_msgs/include/moveit_task_constructor_msgs/moveit_task_constructor_msgs
[2.021s] -- Up-to-date: /home/darsh/UR3_ROS2_PICK_AND_PLACE/install/moveit_task_constructor_msgs/include/moveit_task_constructor_msgs/moveit_task_constructor_msgs/msg
[2.021s] -- Up-to-date: /home/darsh/UR3_ROS2_PICK_AND_PLACE/install/moveit_task_constructor_msgs/include/moveit_task_constructor_msgs/moveit_task_constructor_msgs/msg/sub_trajectory.h
[2.021s] -- Up-to-date: /home/darsh/UR3_ROS2_PICK_AND_PLACE/install/moveit_task_constructor_msgs/include/moveit_task_constructor_msgs/moveit_task_constructor_msgs/msg/sub_solution.h
[2.022s] -- Up-to-date: /home/darsh/UR3_ROS2_PICK_AND_PLACE/install/moveit_task_constructor_msgs/include/moveit_task_constructor_msgs/moveit_task_constructor_msgs/msg/stage_description.h
[2.022s] -- Up-to-date: /home/darsh/UR3_ROS2_PICK_AND_PLACE/install/moveit_task_constructor_msgs/include/moveit_task_constructor_msgs/moveit_task_constructor_msgs/msg/property.h
[2.022s] -- Up-to-date: /home/darsh/UR3_ROS2_PICK_AND_PLACE/install/moveit_task_constructor_msgs/include/moveit_task_constructor_msgs/moveit_task_constructor_msgs/msg/trajectory_execution_info.h
[2.022s] -- Up-to-date: /home/darsh/UR3_ROS2_PICK_AND_PLACE/install/moveit_task_constructor_msgs/include/moveit_task_constructor_msgs/moveit_task_constructor_msgs/msg/solution_info.h
[2.023s] -- Up-to-date: /home/darsh/UR3_ROS2_PICK_AND_PLACE/install/moveit_task_constructor_msgs/include/moveit_task_constructor_msgs/moveit_task_constructor_msgs/msg/stage_statistics.h
[2.023s] -- Up-to-date: /home/darsh/UR3_ROS2_PICK_AND_PLACE/install/moveit_task_constructor_msgs/include/moveit_task_constructor_msgs/moveit_task_constructor_msgs/msg/task_description.h
[2.023s] -- Up-to-date: /home/darsh/UR3_ROS2_PICK_AND_PLACE/install/moveit_task_constructor_msgs/include/moveit_task_constructor_msgs/moveit_task_constructor_msgs/msg/task_statistics.h
[2.023s] -- Up-to-date: /home/darsh/UR3_ROS2_PICK_AND_PLACE/install/moveit_task_constructor_msgs/include/moveit_task_constructor_msgs/moveit_task_constructor_msgs/msg/solution.h
[2.024s] -- Up-to-date: /home/darsh/UR3_ROS2_PICK_AND_PLACE/install/moveit_task_constructor_msgs/include/moveit_task_constructor_msgs/moveit_task_constructor_msgs/msg/rosidl_generator_c__visibility_control.h
[2.024s] -- Up-to-date: /home/darsh/UR3_ROS2_PICK_AND_PLACE/install/moveit_task_constructor_msgs/include/moveit_task_constructor_msgs/moveit_task_constructor_msgs/msg/detail
[2.024s] -- Up-to-date: /home/darsh/UR3_ROS2_PICK_AND_PLACE/install/moveit_task_constructor_msgs/include/moveit_task_constructor_msgs/moveit_task_constructor_msgs/msg/detail/sub_solution__description.c
[2.024s] -- Installing: /home/darsh/UR3_ROS2_PICK_AND_PLACE/install/moveit_task_constructor_msgs/include/moveit_task_constructor_msgs/moveit_task_constructor_msgs/msg/detail/sub_trajectory__type_support.c
[2.025s] -- Up-to-date: /home/darsh/UR3_ROS2_PICK_AND_PLACE/install/moveit_task_constructor_msgs/include/moveit_task_constructor_msgs/moveit_task_constructor_msgs/msg/detail/property__type_support.h
[2.025s] -- Up-to-date: /home/darsh/UR3_ROS2_PICK_AND_PLACE/install/moveit_task_constructor_msgs/include/moveit_task_constructor_msgs/moveit_task_constructor_msgs/msg/detail/property__description.c
[2.026s] -- Up-to-date: /home/darsh/UR3_ROS2_PICK_AND_PLACE/install/moveit_task_constructor_msgs/include/moveit_task_constructor_msgs/moveit_task_constructor_msgs/msg/detail/sub_trajectory__functions.c
[2.026s] -- Up-to-date: /home/darsh/UR3_ROS2_PICK_AND_PLACE/install/moveit_task_constructor_msgs/include/moveit_task_constructor_msgs/moveit_task_constructor_msgs/msg/detail/task_statistics__functions.h
[2.026s] -- Up-to-date: /home/darsh/UR3_ROS2_PICK_AND_PLACE/install/moveit_task_constructor_msgs/include/moveit_task_constructor_msgs/moveit_task_constructor_msgs/msg/detail/sub_trajectory__functions.h
[2.027s] -- Up-to-date: /home/darsh/UR3_ROS2_PICK_AND_PLACE/install/moveit_task_constructor_msgs/include/moveit_task_constructor_msgs/moveit_task_constructor_msgs/msg/detail/solution_info__type_support.h
[2.027s] -- Installing: /home/darsh/UR3_ROS2_PICK_AND_PLACE/install/moveit_task_constructor_msgs/include/moveit_task_constructor_msgs/moveit_task_constructor_msgs/msg/detail/solution__type_support.c
[2.027s] -- Installing: /home/darsh/UR3_ROS2_PICK_AND_PLACE/install/moveit_task_constructor_msgs/include/moveit_task_constructor_msgs/moveit_task_constructor_msgs/msg/detail/stage_description__type_support.c
[2.028s] -- Up-to-date: /home/darsh/UR3_ROS2_PICK_AND_PLACE/install/moveit_task_constructor_msgs/include/moveit_task_constructor_msgs/moveit_task_constructor_msgs/msg/detail/solution__description.c
[2.028s] -- Up-to-date: /home/darsh/UR3_ROS2_PICK_AND_PLACE/install/moveit_task_constructor_msgs/include/moveit_task_constructor_msgs/moveit_task_constructor_msgs/msg/detail/stage_description__functions.h
[2.028s] -- Up-to-date: /home/darsh/UR3_ROS2_PICK_AND_PLACE/install/moveit_task_constructor_msgs/include/moveit_task_constructor_msgs/moveit_task_constructor_msgs/msg/detail/property__functions.c
[2.028s] -- Up-to-date: /home/darsh/UR3_ROS2_PICK_AND_PLACE/install/moveit_task_constructor_msgs/include/moveit_task_constructor_msgs/moveit_task_constructor_msgs/msg/detail/sub_trajectory__type_support.h
[2.029s] -- Up-to-date: /home/darsh/UR3_ROS2_PICK_AND_PLACE/install/moveit_task_constructor_msgs/include/moveit_task_constructor_msgs/moveit_task_constructor_msgs/msg/detail/solution_info__functions.c
[2.029s] -- Installing: /home/darsh/UR3_ROS2_PICK_AND_PLACE/install/moveit_task_constructor_msgs/include/moveit_task_constructor_msgs/moveit_task_constructor_msgs/msg/detail/sub_solution__type_support.c
[2.030s] -- Up-to-date: /home/darsh/UR3_ROS2_PICK_AND_PLACE/install/moveit_task_constructor_msgs/include/moveit_task_constructor_msgs/moveit_task_constructor_msgs/msg/detail/trajectory_execution_info__type_support.h
[2.030s] -- Up-to-date: /home/darsh/UR3_ROS2_PICK_AND_PLACE/install/moveit_task_constructor_msgs/include/moveit_task_constructor_msgs/moveit_task_constructor_msgs/msg/detail/task_statistics__description.c
[2.030s] -- Up-to-date: /home/darsh/UR3_ROS2_PICK_AND_PLACE/install/moveit_task_constructor_msgs/include/moveit_task_constructor_msgs/moveit_task_constructor_msgs/msg/detail/stage_description__functions.c
[2.031s] -- Up-to-date: /home/darsh/UR3_ROS2_PICK_AND_PLACE/install/moveit_task_constructor_msgs/include/moveit_task_constructor_msgs/moveit_task_constructor_msgs/msg/detail/stage_description__type_support.h
[2.031s] -- Up-to-date: /home/darsh/UR3_ROS2_PICK_AND_PLACE/install/moveit_task_constructor_msgs/include/moveit_task_constructor_msgs/moveit_task_constructor_msgs/msg/detail/sub_solution__struct.h
[2.031s] -- Up-to-date: /home/darsh/UR3_ROS2_PICK_AND_PLACE/install/moveit_task_constructor_msgs/include/moveit_task_constructor_msgs/moveit_task_constructor_msgs/msg/detail/solution_info__description.c
[2.031s] -- Up-to-date: /home/darsh/UR3_ROS2_PICK_AND_PLACE/install/moveit_task_constructor_msgs/include/moveit_task_constructor_msgs/moveit_task_constructor_msgs/msg/detail/task_statistics__type_support.h
[2.032s] -- Installing: /home/darsh/UR3_ROS2_PICK_AND_PLACE/install/moveit_task_constructor_msgs/include/moveit_task_constructor_msgs/moveit_task_constructor_msgs/msg/detail/stage_statistics__type_support.c
[2.032s] -- Up-to-date: /home/darsh/UR3_ROS2_PICK_AND_PLACE/install/moveit_task_constructor_msgs/include/moveit_task_constructor_msgs/moveit_task_constructor_msgs/msg/detail/stage_statistics__functions.h
[2.032s] -- Installing: /home/darsh/UR3_ROS2_PICK_AND_PLACE/install/moveit_task_constructor_msgs/include/moveit_task_constructor_msgs/moveit_task_constructor_msgs/msg/detail/property__type_support.c
[2.032s] -- Up-to-date: /home/darsh/UR3_ROS2_PICK_AND_PLACE/install/moveit_task_constructor_msgs/include/moveit_task_constructor_msgs/moveit_task_constructor_msgs/msg/detail/solution__functions.h
[2.033s] -- Up-to-date: /home/darsh/UR3_ROS2_PICK_AND_PLACE/install/moveit_task_constructor_msgs/include/moveit_task_constructor_msgs/moveit_task_constructor_msgs/msg/detail/property__struct.h
[2.033s] -- Up-to-date: /home/darsh/UR3_ROS2_PICK_AND_PLACE/install/moveit_task_constructor_msgs/include/moveit_task_constructor_msgs/moveit_task_constructor_msgs/msg/detail/stage_statistics__description.c
[2.033s] -- Up-to-date: /home/darsh/UR3_ROS2_PICK_AND_PLACE/install/moveit_task_constructor_msgs/include/moveit_task_constructor_msgs/moveit_task_constructor_msgs/msg/detail/stage_description__description.c
[2.033s] -- Up-to-date: /home/darsh/UR3_ROS2_PICK_AND_PLACE/install/moveit_task_constructor_msgs/include/moveit_task_constructor_msgs/moveit_task_constructor_msgs/msg/detail/task_description__functions.h
[2.033s] -- Up-to-date: /home/darsh/UR3_ROS2_PICK_AND_PLACE/install/moveit_task_constructor_msgs/include/moveit_task_constructor_msgs/moveit_task_constructor_msgs/msg/detail/sub_solution__functions.h
[2.034s] -- Up-to-date: /home/darsh/UR3_ROS2_PICK_AND_PLACE/install/moveit_task_constructor_msgs/include/moveit_task_constructor_msgs/moveit_task_constructor_msgs/msg/detail/sub_solution__functions.c
[2.034s] -- Up-to-date: /home/darsh/UR3_ROS2_PICK_AND_PLACE/install/moveit_task_constructor_msgs/include/moveit_task_constructor_msgs/moveit_task_constructor_msgs/msg/detail/stage_description__struct.h
[2.034s] -- Installing: /home/darsh/UR3_ROS2_PICK_AND_PLACE/install/moveit_task_constructor_msgs/include/moveit_task_constructor_msgs/moveit_task_constructor_msgs/msg/detail/trajectory_execution_info__type_support.c
[2.034s] -- Up-to-date: /home/darsh/UR3_ROS2_PICK_AND_PLACE/install/moveit_task_constructor_msgs/include/moveit_task_constructor_msgs/moveit_task_constructor_msgs/msg/detail/solution_info__struct.h
[2.034s] -- Up-to-date: /home/darsh/UR3_ROS2_PICK_AND_PLACE/install/moveit_task_constructor_msgs/include/moveit_task_constructor_msgs/moveit_task_constructor_msgs/msg/detail/solution__struct.h
[2.034s] -- Up-to-date: /home/darsh/UR3_ROS2_PICK_AND_PLACE/install/moveit_task_constructor_msgs/include/moveit_task_constructor_msgs/moveit_task_constructor_msgs/msg/detail/solution_info__functions.h
[2.034s] -- Up-to-date: /home/darsh/UR3_ROS2_PICK_AND_PLACE/install/moveit_task_constructor_msgs/include/moveit_task_constructor_msgs/moveit_task_constructor_msgs/msg/detail/task_description__description.c
[2.035s] -- Up-to-date: /home/darsh/UR3_ROS2_PICK_AND_PLACE/install/moveit_task_constructor_msgs/include/moveit_task_constructor_msgs/moveit_task_constructor_msgs/msg/detail/task_description__struct.h
[2.035s] -- Up-to-date: /home/darsh/UR3_ROS2_PICK_AND_PLACE/install/moveit_task_constructor_msgs/include/moveit_task_constructor_msgs/moveit_task_constructor_msgs/msg/detail/trajectory_execution_info__functions.h
[2.035s] -- Up-to-date: /home/darsh/UR3_ROS2_PICK_AND_PLACE/install/moveit_task_constructor_msgs/include/moveit_task_constructor_msgs/moveit_task_constructor_msgs/msg/detail/stage_statistics__struct.h
[2.035s] -- Up-to-date: /home/darsh/UR3_ROS2_PICK_AND_PLACE/install/moveit_task_constructor_msgs/include/moveit_task_constructor_msgs/moveit_task_constructor_msgs/msg/detail/trajectory_execution_info__functions.c
[2.035s] -- Up-to-date: /home/darsh/UR3_ROS2_PICK_AND_PLACE/install/moveit_task_constructor_msgs/include/moveit_task_constructor_msgs/moveit_task_constructor_msgs/msg/detail/trajectory_execution_info__description.c
[2.035s] -- Up-to-date: /home/darsh/UR3_ROS2_PICK_AND_PLACE/install/moveit_task_constructor_msgs/include/moveit_task_constructor_msgs/moveit_task_constructor_msgs/msg/detail/sub_solution__type_support.h
[2.035s] -- Up-to-date: /home/darsh/UR3_ROS2_PICK_AND_PLACE/install/moveit_task_constructor_msgs/include/moveit_task_constructor_msgs/moveit_task_constructor_msgs/msg/detail/stage_statistics__type_support.h
[2.036s] -- Up-to-date: /home/darsh/UR3_ROS2_PICK_AND_PLACE/install/moveit_task_constructor_msgs/include/moveit_task_constructor_msgs/moveit_task_constructor_msgs/msg/detail/stage_statistics__functions.c
[2.036s] -- Installing: /home/darsh/UR3_ROS2_PICK_AND_PLACE/install/moveit_task_constructor_msgs/include/moveit_task_constructor_msgs/moveit_task_constructor_msgs/msg/detail/task_description__type_support.c
[2.036s] -- Up-to-date: /home/darsh/UR3_ROS2_PICK_AND_PLACE/install/moveit_task_constructor_msgs/include/moveit_task_constructor_msgs/moveit_task_constructor_msgs/msg/detail/solution__type_support.h
[2.036s] -- Up-to-date: /home/darsh/UR3_ROS2_PICK_AND_PLACE/install/moveit_task_constructor_msgs/include/moveit_task_constructor_msgs/moveit_task_constructor_msgs/msg/detail/task_statistics__struct.h
[2.036s] -- Up-to-date: /home/darsh/UR3_ROS2_PICK_AND_PLACE/install/moveit_task_constructor_msgs/include/moveit_task_constructor_msgs/moveit_task_constructor_msgs/msg/detail/task_statistics__functions.c
[2.036s] -- Up-to-date: /home/darsh/UR3_ROS2_PICK_AND_PLACE/install/moveit_task_constructor_msgs/include/moveit_task_constructor_msgs/moveit_task_constructor_msgs/msg/detail/task_description__functions.c
[2.036s] -- Up-to-date: /home/darsh/UR3_ROS2_PICK_AND_PLACE/install/moveit_task_constructor_msgs/include/moveit_task_constructor_msgs/moveit_task_constructor_msgs/msg/detail/solution__functions.c
[2.037s] -- Up-to-date: /home/darsh/UR3_ROS2_PICK_AND_PLACE/install/moveit_task_constructor_msgs/include/moveit_task_constructor_msgs/moveit_task_constructor_msgs/msg/detail/task_description__type_support.h
[2.037s] -- Installing: /home/darsh/UR3_ROS2_PICK_AND_PLACE/install/moveit_task_constructor_msgs/include/moveit_task_constructor_msgs/moveit_task_constructor_msgs/msg/detail/task_statistics__type_support.c
[2.037s] -- Up-to-date: /home/darsh/UR3_ROS2_PICK_AND_PLACE/install/moveit_task_constructor_msgs/include/moveit_task_constructor_msgs/moveit_task_constructor_msgs/msg/detail/property__functions.h
[2.037s] -- Up-to-date: /home/darsh/UR3_ROS2_PICK_AND_PLACE/install/moveit_task_constructor_msgs/include/moveit_task_constructor_msgs/moveit_task_constructor_msgs/msg/detail/trajectory_execution_info__struct.h
[2.037s] -- Up-to-date: /home/darsh/UR3_ROS2_PICK_AND_PLACE/install/moveit_task_constructor_msgs/include/moveit_task_constructor_msgs/moveit_task_constructor_msgs/msg/detail/sub_trajectory__description.c
[2.037s] -- Up-to-date: /home/darsh/UR3_ROS2_PICK_AND_PLACE/install/moveit_task_constructor_msgs/include/moveit_task_constructor_msgs/moveit_task_constructor_msgs/msg/detail/sub_trajectory__struct.h
[2.037s] -- Installing: /home/darsh/UR3_ROS2_PICK_AND_PLACE/install/moveit_task_constructor_msgs/include/moveit_task_constructor_msgs/moveit_task_constructor_msgs/msg/detail/solution_info__type_support.c
[2.038s] -- Up-to-date: /home/darsh/UR3_ROS2_PICK_AND_PLACE/install/moveit_task_constructor_msgs/include/moveit_task_constructor_msgs/moveit_task_constructor_msgs/action
[2.038s] -- Up-to-date: /home/darsh/UR3_ROS2_PICK_AND_PLACE/install/moveit_task_constructor_msgs/include/moveit_task_constructor_msgs/moveit_task_constructor_msgs/action/execute_task_solution.h
[2.038s] -- Up-to-date: /home/darsh/UR3_ROS2_PICK_AND_PLACE/install/moveit_task_constructor_msgs/include/moveit_task_constructor_msgs/moveit_task_constructor_msgs/action/detail
[2.038s] -- Installing: /home/darsh/UR3_ROS2_PICK_AND_PLACE/install/moveit_task_constructor_msgs/include/moveit_task_constructor_msgs/moveit_task_constructor_msgs/action/detail/execute_task_solution__type_support.c
[2.038s] -- Up-to-date: /home/darsh/UR3_ROS2_PICK_AND_PLACE/install/moveit_task_constructor_msgs/include/moveit_task_constructor_msgs/moveit_task_constructor_msgs/action/detail/execute_task_solution__functions.h
[2.038s] -- Up-to-date: /home/darsh/UR3_ROS2_PICK_AND_PLACE/install/moveit_task_constructor_msgs/include/moveit_task_constructor_msgs/moveit_task_constructor_msgs/action/detail/execute_task_solution__description.c
[2.038s] -- Up-to-date: /home/darsh/UR3_ROS2_PICK_AND_PLACE/install/moveit_task_constructor_msgs/include/moveit_task_constructor_msgs/moveit_task_constructor_msgs/action/detail/execute_task_solution__functions.c
[2.039s] -- Up-to-date: /home/darsh/UR3_ROS2_PICK_AND_PLACE/install/moveit_task_constructor_msgs/include/moveit_task_constructor_msgs/moveit_task_constructor_msgs/action/detail/execute_task_solution__type_support.h
[2.039s] -- Up-to-date: /home/darsh/UR3_ROS2_PICK_AND_PLACE/install/moveit_task_constructor_msgs/include/moveit_task_constructor_msgs/moveit_task_constructor_msgs/action/detail/execute_task_solution__struct.h
[2.039s] -- Up-to-date: /home/darsh/UR3_ROS2_PICK_AND_PLACE/install/moveit_task_constructor_msgs/include/moveit_task_constructor_msgs/moveit_task_constructor_msgs/srv
[2.039s] -- Up-to-date: /home/darsh/UR3_ROS2_PICK_AND_PLACE/install/moveit_task_constructor_msgs/include/moveit_task_constructor_msgs/moveit_task_constructor_msgs/srv/get_solution.h
[2.039s] -- Up-to-date: /home/darsh/UR3_ROS2_PICK_AND_PLACE/install/moveit_task_constructor_msgs/include/moveit_task_constructor_msgs/moveit_task_constructor_msgs/srv/detail
[2.040s] -- Up-to-date: /home/darsh/UR3_ROS2_PICK_AND_PLACE/install/moveit_task_constructor_msgs/include/moveit_task_constructor_msgs/moveit_task_constructor_msgs/srv/detail/get_solution__struct.h
[2.043s] -- Up-to-date: /home/darsh/UR3_ROS2_PICK_AND_PLACE/install/moveit_task_constructor_msgs/include/moveit_task_constructor_msgs/moveit_task_constructor_msgs/srv/detail/get_solution__type_support.h
[2.043s] -- Installing: /home/darsh/UR3_ROS2_PICK_AND_PLACE/install/moveit_task_constructor_msgs/include/moveit_task_constructor_msgs/moveit_task_constructor_msgs/srv/detail/get_solution__type_support.c
[2.043s] -- Up-to-date: /home/darsh/UR3_ROS2_PICK_AND_PLACE/install/moveit_task_constructor_msgs/include/moveit_task_constructor_msgs/moveit_task_constructor_msgs/srv/detail/get_solution__description.c
[2.043s] -- Up-to-date: /home/darsh/UR3_ROS2_PICK_AND_PLACE/install/moveit_task_constructor_msgs/include/moveit_task_constructor_msgs/moveit_task_constructor_msgs/srv/detail/get_solution__functions.c
[2.044s] -- Up-to-date: /home/darsh/UR3_ROS2_PICK_AND_PLACE/install/moveit_task_constructor_msgs/include/moveit_task_constructor_msgs/moveit_task_constructor_msgs/srv/detail/get_solution__functions.h
[2.044s] -- Up-to-date: /home/darsh/UR3_ROS2_PICK_AND_PLACE/install/moveit_task_constructor_msgs/share/moveit_task_constructor_msgs/environment/library_path.sh
[2.044s] -- Up-to-date: /home/darsh/UR3_ROS2_PICK_AND_PLACE/install/moveit_task_constructor_msgs/share/moveit_task_constructor_msgs/environment/library_path.dsv
[2.044s] -- Up-to-date: /home/darsh/UR3_ROS2_PICK_AND_PLACE/install/moveit_task_constructor_msgs/lib/libmoveit_task_constructor_msgs__rosidl_generator_c.so
[2.044s] -- Up-to-date: /home/darsh/UR3_ROS2_PICK_AND_PLACE/install/moveit_task_constructor_msgs/include/moveit_task_constructor_msgs/moveit_task_constructor_msgs
[2.044s] -- Up-to-date: /home/darsh/UR3_ROS2_PICK_AND_PLACE/install/moveit_task_constructor_msgs/include/moveit_task_constructor_msgs/moveit_task_constructor_msgs/msg
[2.044s] -- Up-to-date: /home/darsh/UR3_ROS2_PICK_AND_PLACE/install/moveit_task_constructor_msgs/include/moveit_task_constructor_msgs/moveit_task_constructor_msgs/msg/rosidl_typesupport_fastrtps_c__visibility_control.h
[2.044s] -- Up-to-date: /home/darsh/UR3_ROS2_PICK_AND_PLACE/install/moveit_task_constructor_msgs/include/moveit_task_constructor_msgs/moveit_task_constructor_msgs/msg/detail
[2.044s] -- Up-to-date: /home/darsh/UR3_ROS2_PICK_AND_PLACE/install/moveit_task_constructor_msgs/include/moveit_task_constructor_msgs/moveit_task_constructor_msgs/msg/detail/solution__rosidl_typesupport_fastrtps_c.h
[2.044s] -- Up-to-date: /home/darsh/UR3_ROS2_PICK_AND_PLACE/install/moveit_task_constructor_msgs/include/moveit_task_constructor_msgs/moveit_task_constructor_msgs/msg/detail/stage_description__rosidl_typesupport_fastrtps_c.h
[2.045s] -- Up-to-date: /home/darsh/UR3_ROS2_PICK_AND_PLACE/install/moveit_task_constructor_msgs/include/moveit_task_constructor_msgs/moveit_task_constructor_msgs/msg/detail/task_description__rosidl_typesupport_fastrtps_c.h
[2.045s] -- Up-to-date: /home/darsh/UR3_ROS2_PICK_AND_PLACE/install/moveit_task_constructor_msgs/include/moveit_task_constructor_msgs/moveit_task_constructor_msgs/msg/detail/property__rosidl_typesupport_fastrtps_c.h
[2.045s] -- Up-to-date: /home/darsh/UR3_ROS2_PICK_AND_PLACE/install/moveit_task_constructor_msgs/include/moveit_task_constructor_msgs/moveit_task_constructor_msgs/msg/detail/sub_solution__rosidl_typesupport_fastrtps_c.h
[2.045s] -- Up-to-date: /home/darsh/UR3_ROS2_PICK_AND_PLACE/install/moveit_task_constructor_msgs/include/moveit_task_constructor_msgs/moveit_task_constructor_msgs/msg/detail/trajectory_execution_info__rosidl_typesupport_fastrtps_c.h
[2.045s] -- Up-to-date: /home/darsh/UR3_ROS2_PICK_AND_PLACE/install/moveit_task_constructor_msgs/include/moveit_task_constructor_msgs/moveit_task_constructor_msgs/msg/detail/stage_statistics__rosidl_typesupport_fastrtps_c.h
[2.045s] -- Up-to-date: /home/darsh/UR3_ROS2_PICK_AND_PLACE/install/moveit_task_constructor_msgs/include/moveit_task_constructor_msgs/moveit_task_constructor_msgs/msg/detail/sub_trajectory__rosidl_typesupport_fastrtps_c.h
[2.045s] -- Up-to-date: /home/darsh/UR3_ROS2_PICK_AND_PLACE/install/moveit_task_constructor_msgs/include/moveit_task_constructor_msgs/moveit_task_constructor_msgs/msg/detail/task_statistics__rosidl_typesupport_fastrtps_c.h
[2.045s] -- Up-to-date: /home/darsh/UR3_ROS2_PICK_AND_PLACE/install/moveit_task_constructor_msgs/include/moveit_task_constructor_msgs/moveit_task_constructor_msgs/msg/detail/solution_info__rosidl_typesupport_fastrtps_c.h
[2.046s] -- Up-to-date: /home/darsh/UR3_ROS2_PICK_AND_PLACE/install/moveit_task_constructor_msgs/include/moveit_task_constructor_msgs/moveit_task_constructor_msgs/action
[2.046s] -- Up-to-date: /home/darsh/UR3_ROS2_PICK_AND_PLACE/install/moveit_task_constructor_msgs/include/moveit_task_constructor_msgs/moveit_task_constructor_msgs/action/detail
[2.046s] -- Up-to-date: /home/darsh/UR3_ROS2_PICK_AND_PLACE/install/moveit_task_constructor_msgs/include/moveit_task_constructor_msgs/moveit_task_constructor_msgs/action/detail/execute_task_solution__rosidl_typesupport_fastrtps_c.h
[2.046s] -- Up-to-date: /home/darsh/UR3_ROS2_PICK_AND_PLACE/install/moveit_task_constructor_msgs/include/moveit_task_constructor_msgs/moveit_task_constructor_msgs/srv
[2.046s] -- Up-to-date: /home/darsh/UR3_ROS2_PICK_AND_PLACE/install/moveit_task_constructor_msgs/include/moveit_task_constructor_msgs/moveit_task_constructor_msgs/srv/detail
[2.046s] -- Up-to-date: /home/darsh/UR3_ROS2_PICK_AND_PLACE/install/moveit_task_constructor_msgs/include/moveit_task_constructor_msgs/moveit_task_constructor_msgs/srv/detail/get_solution__rosidl_typesupport_fastrtps_c.h
[2.046s] -- Up-to-date: /home/darsh/UR3_ROS2_PICK_AND_PLACE/install/moveit_task_constructor_msgs/lib/libmoveit_task_constructor_msgs__rosidl_typesupport_fastrtps_c.so
[2.046s] -- Up-to-date: /home/darsh/UR3_ROS2_PICK_AND_PLACE/install/moveit_task_constructor_msgs/include/moveit_task_constructor_msgs/moveit_task_constructor_msgs
[2.046s] -- Up-to-date: /home/darsh/UR3_ROS2_PICK_AND_PLACE/install/moveit_task_constructor_msgs/include/moveit_task_constructor_msgs/moveit_task_constructor_msgs/msg
[2.046s] -- Up-to-date: /home/darsh/UR3_ROS2_PICK_AND_PLACE/install/moveit_task_constructor_msgs/include/moveit_task_constructor_msgs/moveit_task_constructor_msgs/msg/task_statistics.hpp
[2.047s] -- Up-to-date: /home/darsh/UR3_ROS2_PICK_AND_PLACE/install/moveit_task_constructor_msgs/include/moveit_task_constructor_msgs/moveit_task_constructor_msgs/msg/stage_statistics.hpp
[2.047s] -- Up-to-date: /home/darsh/UR3_ROS2_PICK_AND_PLACE/install/moveit_task_constructor_msgs/include/moveit_task_constructor_msgs/moveit_task_constructor_msgs/msg/rosidl_generator_cpp__visibility_control.hpp
[2.047s] -- Up-to-date: /home/darsh/UR3_ROS2_PICK_AND_PLACE/install/moveit_task_constructor_msgs/include/moveit_task_constructor_msgs/moveit_task_constructor_msgs/msg/solution_info.hpp
[2.047s] -- Up-to-date: /home/darsh/UR3_ROS2_PICK_AND_PLACE/install/moveit_task_constructor_msgs/include/moveit_task_constructor_msgs/moveit_task_constructor_msgs/msg/task_description.hpp
[2.047s] -- Up-to-date: /home/darsh/UR3_ROS2_PICK_AND_PLACE/install/moveit_task_constructor_msgs/include/moveit_task_constructor_msgs/moveit_task_constructor_msgs/msg/trajectory_execution_info.hpp
[2.047s] -- Up-to-date: /home/darsh/UR3_ROS2_PICK_AND_PLACE/install/moveit_task_constructor_msgs/include/moveit_task_constructor_msgs/moveit_task_constructor_msgs/msg/stage_description.hpp
[2.047s] -- Up-to-date: /home/darsh/UR3_ROS2_PICK_AND_PLACE/install/moveit_task_constructor_msgs/include/moveit_task_constructor_msgs/moveit_task_constructor_msgs/msg/solution.hpp
[2.047s] -- Up-to-date: /home/darsh/UR3_ROS2_PICK_AND_PLACE/install/moveit_task_constructor_msgs/include/moveit_task_constructor_msgs/moveit_task_constructor_msgs/msg/property.hpp
[2.047s] -- Up-to-date: /home/darsh/UR3_ROS2_PICK_AND_PLACE/install/moveit_task_constructor_msgs/include/moveit_task_constructor_msgs/moveit_task_constructor_msgs/msg/sub_solution.hpp
[2.047s] -- Up-to-date: /home/darsh/UR3_ROS2_PICK_AND_PLACE/install/moveit_task_constructor_msgs/include/moveit_task_constructor_msgs/moveit_task_constructor_msgs/msg/sub_trajectory.hpp
[2.048s] -- Up-to-date: /home/darsh/UR3_ROS2_PICK_AND_PLACE/install/moveit_task_constructor_msgs/include/moveit_task_constructor_msgs/moveit_task_constructor_msgs/msg/detail
[2.048s] -- Up-to-date: /home/darsh/UR3_ROS2_PICK_AND_PLACE/install/moveit_task_constructor_msgs/include/moveit_task_constructor_msgs/moveit_task_constructor_msgs/msg/detail/task_statistics__builder.hpp
[2.048s] -- Up-to-date: /home/darsh/UR3_ROS2_PICK_AND_PLACE/install/moveit_task_constructor_msgs/include/moveit_task_constructor_msgs/moveit_task_constructor_msgs/msg/detail/sub_trajectory__struct.hpp
[2.048s] -- Up-to-date: /home/darsh/UR3_ROS2_PICK_AND_PLACE/install/moveit_task_constructor_msgs/include/moveit_task_constructor_msgs/moveit_task_constructor_msgs/msg/detail/property__struct.hpp
[2.048s] -- Up-to-date: /home/darsh/UR3_ROS2_PICK_AND_PLACE/install/moveit_task_constructor_msgs/include/moveit_task_constructor_msgs/moveit_task_constructor_msgs/msg/detail/stage_description__traits.hpp
[2.048s] -- Up-to-date: /home/darsh/UR3_ROS2_PICK_AND_PLACE/install/moveit_task_constructor_msgs/include/moveit_task_constructor_msgs/moveit_task_constructor_msgs/msg/detail/sub_solution__struct.hpp
[2.048s] -- Up-to-date: /home/darsh/UR3_ROS2_PICK_AND_PLACE/install/moveit_task_constructor_msgs/include/moveit_task_constructor_msgs/moveit_task_constructor_msgs/msg/detail/task_description__builder.hpp
[2.048s] -- Up-to-date: /home/darsh/UR3_ROS2_PICK_AND_PLACE/install/moveit_task_constructor_msgs/include/moveit_task_constructor_msgs/moveit_task_constructor_msgs/msg/detail/sub_trajectory__traits.hpp
[2.048s] -- Up-to-date: /home/darsh/UR3_ROS2_PICK_AND_PLACE/install/moveit_task_constructor_msgs/include/moveit_task_constructor_msgs/moveit_task_constructor_msgs/msg/detail/solution__type_support.hpp
[2.075s] -- Up-to-date: /home/darsh/UR3_ROS2_PICK_AND_PLACE/install/moveit_task_constructor_msgs/include/moveit_task_constructor_msgs/moveit_task_constructor_msgs/msg/detail/sub_solution__traits.hpp
[2.075s] -- Up-to-date: /home/darsh/UR3_ROS2_PICK_AND_PLACE/install/moveit_task_constructor_msgs/include/moveit_task_constructor_msgs/moveit_task_constructor_msgs/msg/detail/trajectory_execution_info__struct.hpp
[2.076s] -- Up-to-date: /home/darsh/UR3_ROS2_PICK_AND_PLACE/install/moveit_task_constructor_msgs/include/moveit_task_constructor_msgs/moveit_task_constructor_msgs/msg/detail/stage_description__type_support.hpp
[2.076s] -- Up-to-date: /home/darsh/UR3_ROS2_PICK_AND_PLACE/install/moveit_task_constructor_msgs/include/moveit_task_constructor_msgs/moveit_task_constructor_msgs/msg/detail/task_description__type_support.hpp
[2.076s] -- Up-to-date: /home/darsh/UR3_ROS2_PICK_AND_PLACE/install/moveit_task_constructor_msgs/include/moveit_task_constructor_msgs/moveit_task_constructor_msgs/msg/detail/solution_info__builder.hpp
[2.076s] -- Up-to-date: /home/darsh/UR3_ROS2_PICK_AND_PLACE/install/moveit_task_constructor_msgs/include/moveit_task_constructor_msgs/moveit_task_constructor_msgs/msg/detail/property__type_support.hpp
[2.076s] -- Up-to-date: /home/darsh/UR3_ROS2_PICK_AND_PLACE/install/moveit_task_constructor_msgs/include/moveit_task_constructor_msgs/moveit_task_constructor_msgs/msg/detail/task_description__struct.hpp
[2.076s] -- Up-to-date: /home/darsh/UR3_ROS2_PICK_AND_PLACE/install/moveit_task_constructor_msgs/include/moveit_task_constructor_msgs/moveit_task_constructor_msgs/msg/detail/property__traits.hpp
[2.076s] -- Up-to-date: /home/darsh/UR3_ROS2_PICK_AND_PLACE/install/moveit_task_constructor_msgs/include/moveit_task_constructor_msgs/moveit_task_constructor_msgs/msg/detail/sub_solution__type_support.hpp
[2.076s] -- Up-to-date: /home/darsh/UR3_ROS2_PICK_AND_PLACE/install/moveit_task_constructor_msgs/include/moveit_task_constructor_msgs/moveit_task_constructor_msgs/msg/detail/trajectory_execution_info__type_support.hpp
[2.076s] -- Up-to-date: /home/darsh/UR3_ROS2_PICK_AND_PLACE/install/moveit_task_constructor_msgs/include/moveit_task_constructor_msgs/moveit_task_constructor_msgs/msg/detail/trajectory_execution_info__traits.hpp
[2.076s] -- Up-to-date: /home/darsh/UR3_ROS2_PICK_AND_PLACE/install/moveit_task_constructor_msgs/include/moveit_task_constructor_msgs/moveit_task_constructor_msgs/msg/detail/sub_trajectory__type_support.hpp
[2.077s] -- Up-to-date: /home/darsh/UR3_ROS2_PICK_AND_PLACE/install/moveit_task_constructor_msgs/include/moveit_task_constructor_msgs/moveit_task_constructor_msgs/msg/detail/trajectory_execution_info__builder.hpp
[2.077s] -- Up-to-date: /home/darsh/UR3_ROS2_PICK_AND_PLACE/install/moveit_task_constructor_msgs/include/moveit_task_constructor_msgs/moveit_task_constructor_msgs/msg/detail/solution__traits.hpp
[2.077s] -- Up-to-date: /home/darsh/UR3_ROS2_PICK_AND_PLACE/install/moveit_task_constructor_msgs/include/moveit_task_constructor_msgs/moveit_task_constructor_msgs/msg/detail/stage_statistics__type_support.hpp
[2.077s] -- Up-to-date: /home/darsh/UR3_ROS2_PICK_AND_PLACE/install/moveit_task_constructor_msgs/include/moveit_task_constructor_msgs/moveit_task_constructor_msgs/msg/detail/task_description__traits.hpp
[2.077s] -- Up-to-date: /home/darsh/UR3_ROS2_PICK_AND_PLACE/install/moveit_task_constructor_msgs/include/moveit_task_constructor_msgs/moveit_task_constructor_msgs/msg/detail/sub_trajectory__builder.hpp
[2.077s] -- Up-to-date: /home/darsh/UR3_ROS2_PICK_AND_PLACE/install/moveit_task_constructor_msgs/include/moveit_task_constructor_msgs/moveit_task_constructor_msgs/msg/detail/solution__struct.hpp
[2.077s] -- Up-to-date: /home/darsh/UR3_ROS2_PICK_AND_PLACE/install/moveit_task_constructor_msgs/include/moveit_task_constructor_msgs/moveit_task_constructor_msgs/msg/detail/task_statistics__traits.hpp
[2.077s] -- Up-to-date: /home/darsh/UR3_ROS2_PICK_AND_PLACE/install/moveit_task_constructor_msgs/include/moveit_task_constructor_msgs/moveit_task_constructor_msgs/msg/detail/task_statistics__struct.hpp
[2.077s] -- Up-to-date: /home/darsh/UR3_ROS2_PICK_AND_PLACE/install/moveit_task_constructor_msgs/include/moveit_task_constructor_msgs/moveit_task_constructor_msgs/msg/detail/solution_info__traits.hpp
[2.078s] -- Up-to-date: /home/darsh/UR3_ROS2_PICK_AND_PLACE/install/moveit_task_constructor_msgs/include/moveit_task_constructor_msgs/moveit_task_constructor_msgs/msg/detail/solution__builder.hpp
[2.078s] -- Up-to-date: /home/darsh/UR3_ROS2_PICK_AND_PLACE/install/moveit_task_constructor_msgs/include/moveit_task_constructor_msgs/moveit_task_constructor_msgs/msg/detail/solution_info__struct.hpp
[2.078s] -- Up-to-date: /home/darsh/UR3_ROS2_PICK_AND_PLACE/install/moveit_task_constructor_msgs/include/moveit_task_constructor_msgs/moveit_task_constructor_msgs/msg/detail/task_statistics__type_support.hpp
[2.078s] -- Up-to-date: /home/darsh/UR3_ROS2_PICK_AND_PLACE/install/moveit_task_constructor_msgs/include/moveit_task_constructor_msgs/moveit_task_constructor_msgs/msg/detail/stage_statistics__builder.hpp
[2.088s] -- Up-to-date: /home/darsh/UR3_ROS2_PICK_AND_PLACE/install/moveit_task_constructor_msgs/include/moveit_task_constructor_msgs/moveit_task_constructor_msgs/msg/detail/stage_statistics__struct.hpp
[2.088s] -- Up-to-date: /home/darsh/UR3_ROS2_PICK_AND_PLACE/install/moveit_task_constructor_msgs/include/moveit_task_constructor_msgs/moveit_task_constructor_msgs/msg/detail/stage_description__struct.hpp
[2.088s] -- Up-to-date: /home/darsh/UR3_ROS2_PICK_AND_PLACE/install/moveit_task_constructor_msgs/include/moveit_task_constructor_msgs/moveit_task_constructor_msgs/msg/detail/solution_info__type_support.hpp
[2.088s] -- Up-to-date: /home/darsh/UR3_ROS2_PICK_AND_PLACE/install/moveit_task_constructor_msgs/include/moveit_task_constructor_msgs/moveit_task_constructor_msgs/msg/detail/stage_description__builder.hpp
[2.088s] -- Up-to-date: /home/darsh/UR3_ROS2_PICK_AND_PLACE/install/moveit_task_constructor_msgs/include/moveit_task_constructor_msgs/moveit_task_constructor_msgs/msg/detail/property__builder.hpp
[2.088s] -- Up-to-date: /home/darsh/UR3_ROS2_PICK_AND_PLACE/install/moveit_task_constructor_msgs/include/moveit_task_constructor_msgs/moveit_task_constructor_msgs/msg/detail/stage_statistics__traits.hpp
[2.089s] -- Up-to-date: /home/darsh/UR3_ROS2_PICK_AND_PLACE/install/moveit_task_constructor_msgs/include/moveit_task_constructor_msgs/moveit_task_constructor_msgs/msg/detail/sub_solution__builder.hpp
[2.089s] -- Up-to-date: /home/darsh/UR3_ROS2_PICK_AND_PLACE/install/moveit_task_constructor_msgs/include/moveit_task_constructor_msgs/moveit_task_constructor_msgs/action
[2.089s] -- Up-to-date: /home/darsh/UR3_ROS2_PICK_AND_PLACE/install/moveit_task_constructor_msgs/include/moveit_task_constructor_msgs/moveit_task_constructor_msgs/action/execute_task_solution.hpp
[2.089s] -- Up-to-date: /home/darsh/UR3_ROS2_PICK_AND_PLACE/install/moveit_task_constructor_msgs/include/moveit_task_constructor_msgs/moveit_task_constructor_msgs/action/detail
[2.089s] -- Up-to-date: /home/darsh/UR3_ROS2_PICK_AND_PLACE/install/moveit_task_constructor_msgs/include/moveit_task_constructor_msgs/moveit_task_constructor_msgs/action/detail/execute_task_solution__builder.hpp
[2.089s] -- Up-to-date: /home/darsh/UR3_ROS2_PICK_AND_PLACE/install/moveit_task_constructor_msgs/include/moveit_task_constructor_msgs/moveit_task_constructor_msgs/action/detail/execute_task_solution__type_support.hpp
[2.089s] -- Up-to-date: /home/darsh/UR3_ROS2_PICK_AND_PLACE/install/moveit_task_constructor_msgs/include/moveit_task_constructor_msgs/moveit_task_constructor_msgs/action/detail/execute_task_solution__traits.hpp
[2.090s] -- Up-to-date: /home/darsh/UR3_ROS2_PICK_AND_PLACE/install/moveit_task_constructor_msgs/include/moveit_task_constructor_msgs/moveit_task_constructor_msgs/action/detail/execute_task_solution__struct.hpp
[2.090s] -- Up-to-date: /home/darsh/UR3_ROS2_PICK_AND_PLACE/install/moveit_task_constructor_msgs/include/moveit_task_constructor_msgs/moveit_task_constructor_msgs/srv
[2.090s] -- Up-to-date: /home/darsh/UR3_ROS2_PICK_AND_PLACE/install/moveit_task_constructor_msgs/include/moveit_task_constructor_msgs/moveit_task_constructor_msgs/srv/get_solution.hpp
[2.090s] -- Up-to-date: /home/darsh/UR3_ROS2_PICK_AND_PLACE/install/moveit_task_constructor_msgs/include/moveit_task_constructor_msgs/moveit_task_constructor_msgs/srv/detail
[2.090s] -- Up-to-date: /home/darsh/UR3_ROS2_PICK_AND_PLACE/install/moveit_task_constructor_msgs/include/moveit_task_constructor_msgs/moveit_task_constructor_msgs/srv/detail/get_solution__struct.hpp
[2.090s] -- Up-to-date: /home/darsh/UR3_ROS2_PICK_AND_PLACE/install/moveit_task_constructor_msgs/include/moveit_task_constructor_msgs/moveit_task_constructor_msgs/srv/detail/get_solution__type_support.hpp
[2.090s] -- Up-to-date: /home/darsh/UR3_ROS2_PICK_AND_PLACE/install/moveit_task_constructor_msgs/include/moveit_task_constructor_msgs/moveit_task_constructor_msgs/srv/detail/get_solution__traits.hpp
[2.090s] -- Up-to-date: /home/darsh/UR3_ROS2_PICK_AND_PLACE/install/moveit_task_constructor_msgs/include/moveit_task_constructor_msgs/moveit_task_constructor_msgs/srv/detail/get_solution__builder.hpp
[2.090s] -- Up-to-date: /home/darsh/UR3_ROS2_PICK_AND_PLACE/install/moveit_task_constructor_msgs/include/moveit_task_constructor_msgs/moveit_task_constructor_msgs
[2.090s] -- Up-to-date: /home/darsh/UR3_ROS2_PICK_AND_PLACE/install/moveit_task_constructor_msgs/include/moveit_task_constructor_msgs/moveit_task_constructor_msgs/msg
[2.091s] -- Up-to-date: /home/darsh/UR3_ROS2_PICK_AND_PLACE/install/moveit_task_constructor_msgs/include/moveit_task_constructor_msgs/moveit_task_constructor_msgs/msg/rosidl_typesupport_fastrtps_cpp__visibility_control.h
[2.091s] -- Up-to-date: /home/darsh/UR3_ROS2_PICK_AND_PLACE/install/moveit_task_constructor_msgs/include/moveit_task_constructor_msgs/moveit_task_constructor_msgs/msg/detail
[2.091s] -- Up-to-date: /home/darsh/UR3_ROS2_PICK_AND_PLACE/install/moveit_task_constructor_msgs/include/moveit_task_constructor_msgs/moveit_task_constructor_msgs/msg/detail/trajectory_execution_info__rosidl_typesupport_fastrtps_cpp.hpp
[2.091s] -- Up-to-date: /home/darsh/UR3_ROS2_PICK_AND_PLACE/install/moveit_task_constructor_msgs/include/moveit_task_constructor_msgs/moveit_task_constructor_msgs/msg/detail/sub_trajectory__rosidl_typesupport_fastrtps_cpp.hpp
[2.091s] -- Up-to-date: /home/darsh/UR3_ROS2_PICK_AND_PLACE/install/moveit_task_constructor_msgs/include/moveit_task_constructor_msgs/moveit_task_constructor_msgs/msg/detail/sub_solution__rosidl_typesupport_fastrtps_cpp.hpp
[2.091s] -- Up-to-date: /home/darsh/UR3_ROS2_PICK_AND_PLACE/install/moveit_task_constructor_msgs/include/moveit_task_constructor_msgs/moveit_task_constructor_msgs/msg/detail/property__rosidl_typesupport_fastrtps_cpp.hpp
[2.092s] -- Up-to-date: /home/darsh/UR3_ROS2_PICK_AND_PLACE/install/moveit_task_constructor_msgs/include/moveit_task_constructor_msgs/moveit_task_constructor_msgs/msg/detail/solution__rosidl_typesupport_fastrtps_cpp.hpp
[2.092s] -- Up-to-date: /home/darsh/UR3_ROS2_PICK_AND_PLACE/install/moveit_task_constructor_msgs/include/moveit_task_constructor_msgs/moveit_task_constructor_msgs/msg/detail/dds_fastrtps
[2.092s] -- Up-to-date: /home/darsh/UR3_ROS2_PICK_AND_PLACE/install/moveit_task_constructor_msgs/include/moveit_task_constructor_msgs/moveit_task_constructor_msgs/msg/detail/task_statistics__rosidl_typesupport_fastrtps_cpp.hpp
[2.092s] -- Up-to-date: /home/darsh/UR3_ROS2_PICK_AND_PLACE/install/moveit_task_constructor_msgs/include/moveit_task_constructor_msgs/moveit_task_constructor_msgs/msg/detail/solution_info__rosidl_typesupport_fastrtps_cpp.hpp
[2.092s] -- Up-to-date: /home/darsh/UR3_ROS2_PICK_AND_PLACE/install/moveit_task_constructor_msgs/include/moveit_task_constructor_msgs/moveit_task_constructor_msgs/msg/detail/task_description__rosidl_typesupport_fastrtps_cpp.hpp
[2.092s] -- Up-to-date: /home/darsh/UR3_ROS2_PICK_AND_PLACE/install/moveit_task_constructor_msgs/include/moveit_task_constructor_msgs/moveit_task_constructor_msgs/msg/detail/stage_description__rosidl_typesupport_fastrtps_cpp.hpp
[2.092s] -- Up-to-date: /home/darsh/UR3_ROS2_PICK_AND_PLACE/install/moveit_task_constructor_msgs/include/moveit_task_constructor_msgs/moveit_task_constructor_msgs/msg/detail/stage_statistics__rosidl_typesupport_fastrtps_cpp.hpp
[2.093s] -- Up-to-date: /home/darsh/UR3_ROS2_PICK_AND_PLACE/install/moveit_task_constructor_msgs/include/moveit_task_constructor_msgs/moveit_task_constructor_msgs/action
[2.093s] -- Up-to-date: /home/darsh/UR3_ROS2_PICK_AND_PLACE/install/moveit_task_constructor_msgs/include/moveit_task_constructor_msgs/moveit_task_constructor_msgs/action/detail
[2.093s] -- Up-to-date: /home/darsh/UR3_ROS2_PICK_AND_PLACE/install/moveit_task_constructor_msgs/include/moveit_task_constructor_msgs/moveit_task_constructor_msgs/action/detail/execute_task_solution__rosidl_typesupport_fastrtps_cpp.hpp
[2.093s] -- Up-to-date: /home/darsh/UR3_ROS2_PICK_AND_PLACE/install/moveit_task_constructor_msgs/include/moveit_task_constructor_msgs/moveit_task_constructor_msgs/action/detail/dds_fastrtps
[2.093s] -- Up-to-date: /home/darsh/UR3_ROS2_PICK_AND_PLACE/install/moveit_task_constructor_msgs/include/moveit_task_constructor_msgs/moveit_task_constructor_msgs/srv
[2.093s] -- Up-to-date: /home/darsh/UR3_ROS2_PICK_AND_PLACE/install/moveit_task_constructor_msgs/include/moveit_task_constructor_msgs/moveit_task_constructor_msgs/srv/detail
[2.093s] -- Up-to-date: /home/darsh/UR3_ROS2_PICK_AND_PLACE/install/moveit_task_constructor_msgs/include/moveit_task_constructor_msgs/moveit_task_constructor_msgs/srv/detail/get_solution__rosidl_typesupport_fastrtps_cpp.hpp
[2.093s] -- Up-to-date: /home/darsh/UR3_ROS2_PICK_AND_PLACE/install/moveit_task_constructor_msgs/include/moveit_task_constructor_msgs/moveit_task_constructor_msgs/srv/detail/dds_fastrtps
[2.094s] -- Up-to-date: /home/darsh/UR3_ROS2_PICK_AND_PLACE/install/moveit_task_constructor_msgs/lib/libmoveit_task_constructor_msgs__rosidl_typesupport_fastrtps_cpp.so
[2.094s] -- Up-to-date: /home/darsh/UR3_ROS2_PICK_AND_PLACE/install/moveit_task_constructor_msgs/include/moveit_task_constructor_msgs/moveit_task_constructor_msgs
[2.094s] -- Up-to-date: /home/darsh/UR3_ROS2_PICK_AND_PLACE/install/moveit_task_constructor_msgs/include/moveit_task_constructor_msgs/moveit_task_constructor_msgs/msg
[2.094s] -- Up-to-date: /home/darsh/UR3_ROS2_PICK_AND_PLACE/install/moveit_task_constructor_msgs/include/moveit_task_constructor_msgs/moveit_task_constructor_msgs/msg/rosidl_typesupport_introspection_c__visibility_control.h
[2.094s] -- Up-to-date: /home/darsh/UR3_ROS2_PICK_AND_PLACE/install/moveit_task_constructor_msgs/include/moveit_task_constructor_msgs/moveit_task_constructor_msgs/msg/detail
[2.094s] -- Installing: /home/darsh/UR3_ROS2_PICK_AND_PLACE/install/moveit_task_constructor_msgs/include/moveit_task_constructor_msgs/moveit_task_constructor_msgs/msg/detail/sub_trajectory__type_support.c
[2.094s] -- Up-to-date: /home/darsh/UR3_ROS2_PICK_AND_PLACE/install/moveit_task_constructor_msgs/include/moveit_task_constructor_msgs/moveit_task_constructor_msgs/msg/detail/task_description__rosidl_typesupport_introspection_c.h
[2.095s] -- Up-to-date: /home/darsh/UR3_ROS2_PICK_AND_PLACE/install/moveit_task_constructor_msgs/include/moveit_task_constructor_msgs/moveit_task_constructor_msgs/msg/detail/solution__rosidl_typesupport_introspection_c.h
[2.095s] -- Up-to-date: /home/darsh/UR3_ROS2_PICK_AND_PLACE/install/moveit_task_constructor_msgs/include/moveit_task_constructor_msgs/moveit_task_constructor_msgs/msg/detail/property__rosidl_typesupport_introspection_c.h
[2.095s] -- Installing: /home/darsh/UR3_ROS2_PICK_AND_PLACE/install/moveit_task_constructor_msgs/include/moveit_task_constructor_msgs/moveit_task_constructor_msgs/msg/detail/solution__type_support.c
[2.095s] -- Installing: /home/darsh/UR3_ROS2_PICK_AND_PLACE/install/moveit_task_constructor_msgs/include/moveit_task_constructor_msgs/moveit_task_constructor_msgs/msg/detail/stage_description__type_support.c
[2.095s] -- Installing: /home/darsh/UR3_ROS2_PICK_AND_PLACE/install/moveit_task_constructor_msgs/include/moveit_task_constructor_msgs/moveit_task_constructor_msgs/msg/detail/sub_solution__type_support.c
[2.095s] -- Up-to-date: /home/darsh/UR3_ROS2_PICK_AND_PLACE/install/moveit_task_constructor_msgs/include/moveit_task_constructor_msgs/moveit_task_constructor_msgs/msg/detail/solution_info__rosidl_typesupport_introspection_c.h
[2.096s] -- Installing: /home/darsh/UR3_ROS2_PICK_AND_PLACE/install/moveit_task_constructor_msgs/include/moveit_task_constructor_msgs/moveit_task_constructor_msgs/msg/detail/stage_statistics__type_support.c
[2.096s] -- Up-to-date: /home/darsh/UR3_ROS2_PICK_AND_PLACE/install/moveit_task_constructor_msgs/include/moveit_task_constructor_msgs/moveit_task_constructor_msgs/msg/detail/stage_description__rosidl_typesupport_introspection_c.h
[2.096s] -- Installing: /home/darsh/UR3_ROS2_PICK_AND_PLACE/install/moveit_task_constructor_msgs/include/moveit_task_constructor_msgs/moveit_task_constructor_msgs/msg/detail/property__type_support.c
[2.096s] -- Up-to-date: /home/darsh/UR3_ROS2_PICK_AND_PLACE/install/moveit_task_constructor_msgs/include/moveit_task_constructor_msgs/moveit_task_constructor_msgs/msg/detail/stage_statistics__rosidl_typesupport_introspection_c.h
[2.096s] -- Installing: /home/darsh/UR3_ROS2_PICK_AND_PLACE/install/moveit_task_constructor_msgs/include/moveit_task_constructor_msgs/moveit_task_constructor_msgs/msg/detail/trajectory_execution_info__type_support.c
[2.096s] -- Up-to-date: /home/darsh/UR3_ROS2_PICK_AND_PLACE/install/moveit_task_constructor_msgs/include/moveit_task_constructor_msgs/moveit_task_constructor_msgs/msg/detail/sub_trajectory__rosidl_typesupport_introspection_c.h
[2.096s] -- Installing: /home/darsh/UR3_ROS2_PICK_AND_PLACE/install/moveit_task_constructor_msgs/include/moveit_task_constructor_msgs/moveit_task_constructor_msgs/msg/detail/task_description__type_support.c
[2.096s] -- Up-to-date: /home/darsh/UR3_ROS2_PICK_AND_PLACE/install/moveit_task_constructor_msgs/include/moveit_task_constructor_msgs/moveit_task_constructor_msgs/msg/detail/trajectory_execution_info__rosidl_typesupport_introspection_c.h
[2.096s] -- Installing: /home/darsh/UR3_ROS2_PICK_AND_PLACE/install/moveit_task_constructor_msgs/include/moveit_task_constructor_msgs/moveit_task_constructor_msgs/msg/detail/task_statistics__type_support.c
[2.096s] -- Up-to-date: /home/darsh/UR3_ROS2_PICK_AND_PLACE/install/moveit_task_constructor_msgs/include/moveit_task_constructor_msgs/moveit_task_constructor_msgs/msg/detail/sub_solution__rosidl_typesupport_introspection_c.h
[2.096s] -- Installing: /home/darsh/UR3_ROS2_PICK_AND_PLACE/install/moveit_task_constructor_msgs/include/moveit_task_constructor_msgs/moveit_task_constructor_msgs/msg/detail/solution_info__type_support.c
[2.097s] -- Up-to-date: /home/darsh/UR3_ROS2_PICK_AND_PLACE/install/moveit_task_constructor_msgs/include/moveit_task_constructor_msgs/moveit_task_constructor_msgs/msg/detail/task_statistics__rosidl_typesupport_introspection_c.h
[2.097s] -- Up-to-date: /home/darsh/UR3_ROS2_PICK_AND_PLACE/install/moveit_task_constructor_msgs/include/moveit_task_constructor_msgs/moveit_task_constructor_msgs/action
[2.097s] -- Up-to-date: /home/darsh/UR3_ROS2_PICK_AND_PLACE/install/moveit_task_constructor_msgs/include/moveit_task_constructor_msgs/moveit_task_constructor_msgs/action/detail
[2.097s] -- Installing: /home/darsh/UR3_ROS2_PICK_AND_PLACE/install/moveit_task_constructor_msgs/include/moveit_task_constructor_msgs/moveit_task_constructor_msgs/action/detail/execute_task_solution__type_support.c
[2.097s] -- Up-to-date: /home/darsh/UR3_ROS2_PICK_AND_PLACE/install/moveit_task_constructor_msgs/include/moveit_task_constructor_msgs/moveit_task_constructor_msgs/action/detail/execute_task_solution__rosidl_typesupport_introspection_c.h
[2.097s] -- Up-to-date: /home/darsh/UR3_ROS2_PICK_AND_PLACE/install/moveit_task_constructor_msgs/include/moveit_task_constructor_msgs/moveit_task_constructor_msgs/srv
[2.097s] -- Up-to-date: /home/darsh/UR3_ROS2_PICK_AND_PLACE/install/moveit_task_constructor_msgs/include/moveit_task_constructor_msgs/moveit_task_constructor_msgs/srv/detail
[2.097s] -- Installing: /home/darsh/UR3_ROS2_PICK_AND_PLACE/install/moveit_task_constructor_msgs/include/moveit_task_constructor_msgs/moveit_task_constructor_msgs/srv/detail/get_solution__type_support.c
[2.098s] -- Up-to-date: /home/darsh/UR3_ROS2_PICK_AND_PLACE/install/moveit_task_constructor_msgs/include/moveit_task_constructor_msgs/moveit_task_constructor_msgs/srv/detail/get_solution__rosidl_typesupport_introspection_c.h
[2.098s] -- Up-to-date: /home/darsh/UR3_ROS2_PICK_AND_PLACE/install/moveit_task_constructor_msgs/lib/libmoveit_task_constructor_msgs__rosidl_typesupport_introspection_c.so
[2.098s] -- Up-to-date: /home/darsh/UR3_ROS2_PICK_AND_PLACE/install/moveit_task_constructor_msgs/lib/libmoveit_task_constructor_msgs__rosidl_typesupport_c.so
[2.098s] -- Up-to-date: /home/darsh/UR3_ROS2_PICK_AND_PLACE/install/moveit_task_constructor_msgs/include/moveit_task_constructor_msgs/moveit_task_constructor_msgs
[2.098s] -- Up-to-date: /home/darsh/UR3_ROS2_PICK_AND_PLACE/install/moveit_task_constructor_msgs/include/moveit_task_constructor_msgs/moveit_task_constructor_msgs/msg
[2.098s] -- Up-to-date: /home/darsh/UR3_ROS2_PICK_AND_PLACE/install/moveit_task_constructor_msgs/include/moveit_task_constructor_msgs/moveit_task_constructor_msgs/msg/detail
[2.098s] -- Up-to-date: /home/darsh/UR3_ROS2_PICK_AND_PLACE/install/moveit_task_constructor_msgs/include/moveit_task_constructor_msgs/moveit_task_constructor_msgs/msg/detail/task_statistics__type_support.cpp
[2.098s] -- Up-to-date: /home/darsh/UR3_ROS2_PICK_AND_PLACE/install/moveit_task_constructor_msgs/include/moveit_task_constructor_msgs/moveit_task_constructor_msgs/msg/detail/solution_info__type_support.cpp
[2.098s] -- Up-to-date: /home/darsh/UR3_ROS2_PICK_AND_PLACE/install/moveit_task_constructor_msgs/include/moveit_task_constructor_msgs/moveit_task_constructor_msgs/msg/detail/task_statistics__rosidl_typesupport_introspection_cpp.hpp
[2.098s] -- Up-to-date: /home/darsh/UR3_ROS2_PICK_AND_PLACE/install/moveit_task_constructor_msgs/include/moveit_task_constructor_msgs/moveit_task_constructor_msgs/msg/detail/sub_solution__type_support.cpp
[2.099s] -- Up-to-date: /home/darsh/UR3_ROS2_PICK_AND_PLACE/install/moveit_task_constructor_msgs/include/moveit_task_constructor_msgs/moveit_task_constructor_msgs/msg/detail/sub_trajectory__rosidl_typesupport_introspection_cpp.hpp
[2.099s] -- Up-to-date: /home/darsh/UR3_ROS2_PICK_AND_PLACE/install/moveit_task_constructor_msgs/include/moveit_task_constructor_msgs/moveit_task_constructor_msgs/msg/detail/task_description__rosidl_typesupport_introspection_cpp.hpp
[2.099s] -- Up-to-date: /home/darsh/UR3_ROS2_PICK_AND_PLACE/install/moveit_task_constructor_msgs/include/moveit_task_constructor_msgs/moveit_task_constructor_msgs/msg/detail/trajectory_execution_info__rosidl_typesupport_introspection_cpp.hpp
[2.099s] -- Up-to-date: /home/darsh/UR3_ROS2_PICK_AND_PLACE/install/moveit_task_constructor_msgs/include/moveit_task_constructor_msgs/moveit_task_constructor_msgs/msg/detail/solution__rosidl_typesupport_introspection_cpp.hpp
[2.099s] -- Up-to-date: /home/darsh/UR3_ROS2_PICK_AND_PLACE/install/moveit_task_constructor_msgs/include/moveit_task_constructor_msgs/moveit_task_constructor_msgs/msg/detail/property__rosidl_typesupport_introspection_cpp.hpp
[2.099s] -- Up-to-date: /home/darsh/UR3_ROS2_PICK_AND_PLACE/install/moveit_task_constructor_msgs/include/moveit_task_constructor_msgs/moveit_task_constructor_msgs/msg/detail/stage_statistics__type_support.cpp
[2.103s] -- Up-to-date: /home/darsh/UR3_ROS2_PICK_AND_PLACE/install/moveit_task_constructor_msgs/include/moveit_task_constructor_msgs/moveit_task_constructor_msgs/msg/detail/sub_solution__rosidl_typesupport_introspection_cpp.hpp
[2.103s] -- Up-to-date: /home/darsh/UR3_ROS2_PICK_AND_PLACE/install/moveit_task_constructor_msgs/include/moveit_task_constructor_msgs/moveit_task_constructor_msgs/msg/detail/solution__type_support.cpp
[2.103s] -- Up-to-date: /home/darsh/UR3_ROS2_PICK_AND_PLACE/install/moveit_task_constructor_msgs/include/moveit_task_constructor_msgs/moveit_task_constructor_msgs/msg/detail/solution_info__rosidl_typesupport_introspection_cpp.hpp
[2.103s] -- Up-to-date: /home/darsh/UR3_ROS2_PICK_AND_PLACE/install/moveit_task_constructor_msgs/include/moveit_task_constructor_msgs/moveit_task_constructor_msgs/msg/detail/stage_description__rosidl_typesupport_introspection_cpp.hpp
[2.104s] -- Up-to-date: /home/darsh/UR3_ROS2_PICK_AND_PLACE/install/moveit_task_constructor_msgs/include/moveit_task_constructor_msgs/moveit_task_constructor_msgs/msg/detail/task_description__type_support.cpp
[2.104s] -- Up-to-date: /home/darsh/UR3_ROS2_PICK_AND_PLACE/install/moveit_task_constructor_msgs/include/moveit_task_constructor_msgs/moveit_task_constructor_msgs/msg/detail/trajectory_execution_info__type_support.cpp
[2.104s] -- Up-to-date: /home/darsh/UR3_ROS2_PICK_AND_PLACE/install/moveit_task_constructor_msgs/include/moveit_task_constructor_msgs/moveit_task_constructor_msgs/msg/detail/stage_statistics__rosidl_typesupport_introspection_cpp.hpp
[2.104s] -- Up-to-date: /home/darsh/UR3_ROS2_PICK_AND_PLACE/install/moveit_task_constructor_msgs/include/moveit_task_constructor_msgs/moveit_task_constructor_msgs/msg/detail/sub_trajectory__type_support.cpp
[2.104s] -- Up-to-date: /home/darsh/UR3_ROS2_PICK_AND_PLACE/install/moveit_task_constructor_msgs/include/moveit_task_constructor_msgs/moveit_task_constructor_msgs/msg/detail/stage_description__type_support.cpp
[2.104s] -- Up-to-date: /home/darsh/UR3_ROS2_PICK_AND_PLACE/install/moveit_task_constructor_msgs/include/moveit_task_constructor_msgs/moveit_task_constructor_msgs/msg/detail/property__type_support.cpp
[2.104s] -- Up-to-date: /home/darsh/UR3_ROS2_PICK_AND_PLACE/install/moveit_task_constructor_msgs/include/moveit_task_constructor_msgs/moveit_task_constructor_msgs/action
[2.104s] -- Up-to-date: /home/darsh/UR3_ROS2_PICK_AND_PLACE/install/moveit_task_constructor_msgs/include/moveit_task_constructor_msgs/moveit_task_constructor_msgs/action/detail
[2.104s] -- Up-to-date: /home/darsh/UR3_ROS2_PICK_AND_PLACE/install/moveit_task_constructor_msgs/include/moveit_task_constructor_msgs/moveit_task_constructor_msgs/action/detail/execute_task_solution__rosidl_typesupport_introspection_cpp.hpp
[2.104s] -- Up-to-date: /home/darsh/UR3_ROS2_PICK_AND_PLACE/install/moveit_task_constructor_msgs/include/moveit_task_constructor_msgs/moveit_task_constructor_msgs/action/detail/execute_task_solution__type_support.cpp
[2.105s] -- Up-to-date: /home/darsh/UR3_ROS2_PICK_AND_PLACE/install/moveit_task_constructor_msgs/include/moveit_task_constructor_msgs/moveit_task_constructor_msgs/srv
[2.105s] -- Up-to-date: /home/darsh/UR3_ROS2_PICK_AND_PLACE/install/moveit_task_constructor_msgs/include/moveit_task_constructor_msgs/moveit_task_constructor_msgs/srv/detail
[2.105s] -- Up-to-date: /home/darsh/UR3_ROS2_PICK_AND_PLACE/install/moveit_task_constructor_msgs/include/moveit_task_constructor_msgs/moveit_task_constructor_msgs/srv/detail/get_solution__type_support.cpp
[2.105s] -- Up-to-date: /home/darsh/UR3_ROS2_PICK_AND_PLACE/install/moveit_task_constructor_msgs/include/moveit_task_constructor_msgs/moveit_task_constructor_msgs/srv/detail/get_solution__rosidl_typesupport_introspection_cpp.hpp
[2.105s] -- Up-to-date: /home/darsh/UR3_ROS2_PICK_AND_PLACE/install/moveit_task_constructor_msgs/lib/libmoveit_task_constructor_msgs__rosidl_typesupport_introspection_cpp.so
[2.105s] -- Up-to-date: /home/darsh/UR3_ROS2_PICK_AND_PLACE/install/moveit_task_constructor_msgs/lib/libmoveit_task_constructor_msgs__rosidl_typesupport_cpp.so
[2.105s] -- Up-to-date: /home/darsh/UR3_ROS2_PICK_AND_PLACE/install/moveit_task_constructor_msgs/share/moveit_task_constructor_msgs/environment/pythonpath.sh
[2.105s] -- Up-to-date: /home/darsh/UR3_ROS2_PICK_AND_PLACE/install/moveit_task_constructor_msgs/share/moveit_task_constructor_msgs/environment/pythonpath.dsv
[2.106s] -- Up-to-date: /home/darsh/UR3_ROS2_PICK_AND_PLACE/install/moveit_task_constructor_msgs/lib/python3.12/site-packages/moveit_task_constructor_msgs-0.1.3-py3.12.egg-info
[2.106s] -- Installing: /home/darsh/UR3_ROS2_PICK_AND_PLACE/install/moveit_task_constructor_msgs/lib/python3.12/site-packages/moveit_task_constructor_msgs-0.1.3-py3.12.egg-info/top_level.txt
[2.106s] -- Installing: /home/darsh/UR3_ROS2_PICK_AND_PLACE/install/moveit_task_constructor_msgs/lib/python3.12/site-packages/moveit_task_constructor_msgs-0.1.3-py3.12.egg-info/PKG-INFO
[2.106s] -- Installing: /home/darsh/UR3_ROS2_PICK_AND_PLACE/install/moveit_task_constructor_msgs/lib/python3.12/site-packages/moveit_task_constructor_msgs-0.1.3-py3.12.egg-info/dependency_links.txt
[2.106s] -- Installing: /home/darsh/UR3_ROS2_PICK_AND_PLACE/install/moveit_task_constructor_msgs/lib/python3.12/site-packages/moveit_task_constructor_msgs-0.1.3-py3.12.egg-info/SOURCES.txt
[2.106s] -- Up-to-date: /home/darsh/UR3_ROS2_PICK_AND_PLACE/install/moveit_task_constructor_msgs/lib/python3.12/site-packages/moveit_task_constructor_msgs
[2.106s] -- Up-to-date: /home/darsh/UR3_ROS2_PICK_AND_PLACE/install/moveit_task_constructor_msgs/lib/python3.12/site-packages/moveit_task_constructor_msgs/moveit_task_constructor_msgs_s__rosidl_typesupport_fastrtps_c.so
[2.106s] -- Up-to-date: /home/darsh/UR3_ROS2_PICK_AND_PLACE/install/moveit_task_constructor_msgs/lib/python3.12/site-packages/moveit_task_constructor_msgs/_moveit_task_constructor_msgs_s.ep.rosidl_typesupport_c.c
[2.106s] -- Up-to-date: /home/darsh/UR3_ROS2_PICK_AND_PLACE/install/moveit_task_constructor_msgs/lib/python3.12/site-packages/moveit_task_constructor_msgs/msg
[2.106s] -- Up-to-date: /home/darsh/UR3_ROS2_PICK_AND_PLACE/install/moveit_task_constructor_msgs/lib/python3.12/site-packages/moveit_task_constructor_msgs/msg/_task_description_s.c
[2.107s] -- Up-to-date: /home/darsh/UR3_ROS2_PICK_AND_PLACE/install/moveit_task_constructor_msgs/lib/python3.12/site-packages/moveit_task_constructor_msgs/msg/_stage_description.py
[2.107s] -- Up-to-date: /home/darsh/UR3_ROS2_PICK_AND_PLACE/install/moveit_task_constructor_msgs/lib/python3.12/site-packages/moveit_task_constructor_msgs/msg/_sub_trajectory.py
[2.107s] -- Up-to-date: /home/darsh/UR3_ROS2_PICK_AND_PLACE/install/moveit_task_constructor_msgs/lib/python3.12/site-packages/moveit_task_constructor_msgs/msg/_property_s.c
[2.107s] -- Up-to-date: /home/darsh/UR3_ROS2_PICK_AND_PLACE/install/moveit_task_constructor_msgs/lib/python3.12/site-packages/moveit_task_constructor_msgs/msg/_sub_trajectory_s.c
[2.107s] -- Up-to-date: /home/darsh/UR3_ROS2_PICK_AND_PLACE/install/moveit_task_constructor_msgs/lib/python3.12/site-packages/moveit_task_constructor_msgs/msg/_stage_statistics.py
[2.107s] -- Up-to-date: /home/darsh/UR3_ROS2_PICK_AND_PLACE/install/moveit_task_constructor_msgs/lib/python3.12/site-packages/moveit_task_constructor_msgs/msg/_stage_statistics_s.c
[2.107s] -- Up-to-date: /home/darsh/UR3_ROS2_PICK_AND_PLACE/install/moveit_task_constructor_msgs/lib/python3.12/site-packages/moveit_task_constructor_msgs/msg/_solution.py
[2.107s] -- Up-to-date: /home/darsh/UR3_ROS2_PICK_AND_PLACE/install/moveit_task_constructor_msgs/lib/python3.12/site-packages/moveit_task_constructor_msgs/msg/_trajectory_execution_info_s.c
[2.107s] -- Up-to-date: /home/darsh/UR3_ROS2_PICK_AND_PLACE/install/moveit_task_constructor_msgs/lib/python3.12/site-packages/moveit_task_constructor_msgs/msg/_solution_info_s.c
[2.107s] -- Up-to-date: /home/darsh/UR3_ROS2_PICK_AND_PLACE/install/moveit_task_constructor_msgs/lib/python3.12/site-packages/moveit_task_constructor_msgs/msg/_task_statistics.py
[2.108s] -- Up-to-date: /home/darsh/UR3_ROS2_PICK_AND_PLACE/install/moveit_task_constructor_msgs/lib/python3.12/site-packages/moveit_task_constructor_msgs/msg/_property.py
[2.108s] -- Up-to-date: /home/darsh/UR3_ROS2_PICK_AND_PLACE/install/moveit_task_constructor_msgs/lib/python3.12/site-packages/moveit_task_constructor_msgs/msg/_sub_solution.py
[2.108s] -- Up-to-date: /home/darsh/UR3_ROS2_PICK_AND_PLACE/install/moveit_task_constructor_msgs/lib/python3.12/site-packages/moveit_task_constructor_msgs/msg/_solution_s.c
[2.108s] -- Up-to-date: /home/darsh/UR3_ROS2_PICK_AND_PLACE/install/moveit_task_constructor_msgs/lib/python3.12/site-packages/moveit_task_constructor_msgs/msg/_sub_solution_s.c
[2.108s] -- Up-to-date: /home/darsh/UR3_ROS2_PICK_AND_PLACE/install/moveit_task_constructor_msgs/lib/python3.12/site-packages/moveit_task_constructor_msgs/msg/_stage_description_s.c
[2.108s] -- Up-to-date: /home/darsh/UR3_ROS2_PICK_AND_PLACE/install/moveit_task_constructor_msgs/lib/python3.12/site-packages/moveit_task_constructor_msgs/msg/_solution_info.py
[2.108s] -- Up-to-date: /home/darsh/UR3_ROS2_PICK_AND_PLACE/install/moveit_task_constructor_msgs/lib/python3.12/site-packages/moveit_task_constructor_msgs/msg/_trajectory_execution_info.py
[2.108s] -- Up-to-date: /home/darsh/UR3_ROS2_PICK_AND_PLACE/install/moveit_task_constructor_msgs/lib/python3.12/site-packages/moveit_task_constructor_msgs/msg/_task_description.py
[2.108s] -- Up-to-date: /home/darsh/UR3_ROS2_PICK_AND_PLACE/install/moveit_task_constructor_msgs/lib/python3.12/site-packages/moveit_task_constructor_msgs/msg/__init__.py
[2.108s] -- Up-to-date: /home/darsh/UR3_ROS2_PICK_AND_PLACE/install/moveit_task_constructor_msgs/lib/python3.12/site-packages/moveit_task_constructor_msgs/msg/_task_statistics_s.c
[2.109s] -- Up-to-date: /home/darsh/UR3_ROS2_PICK_AND_PLACE/install/moveit_task_constructor_msgs/lib/python3.12/site-packages/moveit_task_constructor_msgs/_moveit_task_constructor_msgs_s.ep.rosidl_typesupport_fastrtps_c.c
[2.109s] -- Up-to-date: /home/darsh/UR3_ROS2_PICK_AND_PLACE/install/moveit_task_constructor_msgs/lib/python3.12/site-packages/moveit_task_constructor_msgs/moveit_task_constructor_msgs_s__rosidl_typesupport_introspection_c.so
[2.109s] -- Up-to-date: /home/darsh/UR3_ROS2_PICK_AND_PLACE/install/moveit_task_constructor_msgs/lib/python3.12/site-packages/moveit_task_constructor_msgs/action
[2.109s] -- Up-to-date: /home/darsh/UR3_ROS2_PICK_AND_PLACE/install/moveit_task_constructor_msgs/lib/python3.12/site-packages/moveit_task_constructor_msgs/action/_execute_task_solution.py
[2.109s] -- Up-to-date: /home/darsh/UR3_ROS2_PICK_AND_PLACE/install/moveit_task_constructor_msgs/lib/python3.12/site-packages/moveit_task_constructor_msgs/action/_execute_task_solution_s.c
[2.115s] -- Up-to-date: /home/darsh/UR3_ROS2_PICK_AND_PLACE/install/moveit_task_constructor_msgs/lib/python3.12/site-packages/moveit_task_constructor_msgs/action/__init__.py
[2.115s] -- Up-to-date: /home/darsh/UR3_ROS2_PICK_AND_PLACE/install/moveit_task_constructor_msgs/lib/python3.12/site-packages/moveit_task_constructor_msgs/_moveit_task_constructor_msgs_s.ep.rosidl_typesupport_introspection_c.c
[2.115s] -- Up-to-date: /home/darsh/UR3_ROS2_PICK_AND_PLACE/install/moveit_task_constructor_msgs/lib/python3.12/site-packages/moveit_task_constructor_msgs/moveit_task_constructor_msgs_s__rosidl_typesupport_c.so
[2.115s] -- Up-to-date: /home/darsh/UR3_ROS2_PICK_AND_PLACE/install/moveit_task_constructor_msgs/lib/python3.12/site-packages/moveit_task_constructor_msgs/srv
[2.115s] -- Up-to-date: /home/darsh/UR3_ROS2_PICK_AND_PLACE/install/moveit_task_constructor_msgs/lib/python3.12/site-packages/moveit_task_constructor_msgs/srv/_get_solution_s.c
[2.116s] -- Up-to-date: /home/darsh/UR3_ROS2_PICK_AND_PLACE/install/moveit_task_constructor_msgs/lib/python3.12/site-packages/moveit_task_constructor_msgs/srv/_get_solution.py
[2.116s] -- Up-to-date: /home/darsh/UR3_ROS2_PICK_AND_PLACE/install/moveit_task_constructor_msgs/lib/python3.12/site-packages/moveit_task_constructor_msgs/srv/__init__.py
[2.116s] -- Up-to-date: /home/darsh/UR3_ROS2_PICK_AND_PLACE/install/moveit_task_constructor_msgs/lib/python3.12/site-packages/moveit_task_constructor_msgs/__init__.py
[2.150s] Listing '/home/darsh/UR3_ROS2_PICK_AND_PLACE/install/moveit_task_constructor_msgs/lib/python3.12/site-packages/moveit_task_constructor_msgs'...
[2.150s] Listing '/home/darsh/UR3_ROS2_PICK_AND_PLACE/install/moveit_task_constructor_msgs/lib/python3.12/site-packages/moveit_task_constructor_msgs/action'...
[2.150s] Listing '/home/darsh/UR3_ROS2_PICK_AND_PLACE/install/moveit_task_constructor_msgs/lib/python3.12/site-packages/moveit_task_constructor_msgs/msg'...
[2.151s] Listing '/home/darsh/UR3_ROS2_PICK_AND_PLACE/install/moveit_task_constructor_msgs/lib/python3.12/site-packages/moveit_task_constructor_msgs/srv'...
[2.161s] -- Up-to-date: /home/darsh/UR3_ROS2_PICK_AND_PLACE/install/moveit_task_constructor_msgs/lib/python3.12/site-packages/moveit_task_constructor_msgs/moveit_task_constructor_msgs_s__rosidl_typesupport_fastrtps_c.so
[2.161s] -- Up-to-date: /home/darsh/UR3_ROS2_PICK_AND_PLACE/install/moveit_task_constructor_msgs/lib/python3.12/site-packages/moveit_task_constructor_msgs/moveit_task_constructor_msgs_s__rosidl_typesupport_introspection_c.so
[2.162s] -- Up-to-date: /home/darsh/UR3_ROS2_PICK_AND_PLACE/install/moveit_task_constructor_msgs/lib/python3.12/site-packages/moveit_task_constructor_msgs/moveit_task_constructor_msgs_s__rosidl_typesupport_c.so
[2.162s] -- Up-to-date: /home/darsh/UR3_ROS2_PICK_AND_PLACE/install/moveit_task_constructor_msgs/lib/libmoveit_task_constructor_msgs__rosidl_generator_py.so
[2.162s] -- Up-to-date: /home/darsh/UR3_ROS2_PICK_AND_PLACE/install/moveit_task_constructor_msgs/share/moveit_task_constructor_msgs/msg/Property.idl
[2.162s] -- Up-to-date: /home/darsh/UR3_ROS2_PICK_AND_PLACE/install/moveit_task_constructor_msgs/share/moveit_task_constructor_msgs/msg/Solution.idl
[2.162s] -- Up-to-date: /home/darsh/UR3_ROS2_PICK_AND_PLACE/install/moveit_task_constructor_msgs/share/moveit_task_constructor_msgs/msg/SolutionInfo.idl
[2.163s] -- Up-to-date: /home/darsh/UR3_ROS2_PICK_AND_PLACE/install/moveit_task_constructor_msgs/share/moveit_task_constructor_msgs/msg/StageDescription.idl
[2.163s] -- Up-to-date: /home/darsh/UR3_ROS2_PICK_AND_PLACE/install/moveit_task_constructor_msgs/share/moveit_task_constructor_msgs/msg/StageStatistics.idl
[2.163s] -- Up-to-date: /home/darsh/UR3_ROS2_PICK_AND_PLACE/install/moveit_task_constructor_msgs/share/moveit_task_constructor_msgs/msg/SubSolution.idl
[2.163s] -- Up-to-date: /home/darsh/UR3_ROS2_PICK_AND_PLACE/install/moveit_task_constructor_msgs/share/moveit_task_constructor_msgs/msg/SubTrajectory.idl
[2.163s] -- Up-to-date: /home/darsh/UR3_ROS2_PICK_AND_PLACE/install/moveit_task_constructor_msgs/share/moveit_task_constructor_msgs/msg/TaskDescription.idl
[2.164s] -- Up-to-date: /home/darsh/UR3_ROS2_PICK_AND_PLACE/install/moveit_task_constructor_msgs/share/moveit_task_constructor_msgs/msg/TaskStatistics.idl
[2.164s] -- Up-to-date: /home/darsh/UR3_ROS2_PICK_AND_PLACE/install/moveit_task_constructor_msgs/share/moveit_task_constructor_msgs/msg/TrajectoryExecutionInfo.idl
[2.164s] -- Up-to-date: /home/darsh/UR3_ROS2_PICK_AND_PLACE/install/moveit_task_constructor_msgs/share/moveit_task_constructor_msgs/srv/GetSolution.idl
[2.164s] -- Up-to-date: /home/darsh/UR3_ROS2_PICK_AND_PLACE/install/moveit_task_constructor_msgs/share/moveit_task_constructor_msgs/action/ExecuteTaskSolution.idl
[2.164s] -- Up-to-date: /home/darsh/UR3_ROS2_PICK_AND_PLACE/install/moveit_task_constructor_msgs/share/moveit_task_constructor_msgs/msg/Property.msg
[2.164s] -- Up-to-date: /home/darsh/UR3_ROS2_PICK_AND_PLACE/install/moveit_task_constructor_msgs/share/moveit_task_constructor_msgs/msg/Solution.msg
[2.164s] -- Up-to-date: /home/darsh/UR3_ROS2_PICK_AND_PLACE/install/moveit_task_constructor_msgs/share/moveit_task_constructor_msgs/msg/SolutionInfo.msg
[2.165s] -- Up-to-date: /home/darsh/UR3_ROS2_PICK_AND_PLACE/install/moveit_task_constructor_msgs/share/moveit_task_constructor_msgs/msg/StageDescription.msg
[2.165s] -- Up-to-date: /home/darsh/UR3_ROS2_PICK_AND_PLACE/install/moveit_task_constructor_msgs/share/moveit_task_constructor_msgs/msg/StageStatistics.msg
[2.165s] -- Up-to-date: /home/darsh/UR3_ROS2_PICK_AND_PLACE/install/moveit_task_constructor_msgs/share/moveit_task_constructor_msgs/msg/SubSolution.msg
[2.165s] -- Up-to-date: /home/darsh/UR3_ROS2_PICK_AND_PLACE/install/moveit_task_constructor_msgs/share/moveit_task_constructor_msgs/msg/SubTrajectory.msg
[2.165s] -- Up-to-date: /home/darsh/UR3_ROS2_PICK_AND_PLACE/install/moveit_task_constructor_msgs/share/moveit_task_constructor_msgs/msg/TaskDescription.msg
[2.165s] -- Up-to-date: /home/darsh/UR3_ROS2_PICK_AND_PLACE/install/moveit_task_constructor_msgs/share/moveit_task_constructor_msgs/msg/TaskStatistics.msg
[2.165s] -- Up-to-date: /home/darsh/UR3_ROS2_PICK_AND_PLACE/install/moveit_task_constructor_msgs/share/moveit_task_constructor_msgs/msg/TrajectoryExecutionInfo.msg
[2.166s] -- Up-to-date: /home/darsh/UR3_ROS2_PICK_AND_PLACE/install/moveit_task_constructor_msgs/share/moveit_task_constructor_msgs/srv/GetSolution.srv
[2.166s] -- Up-to-date: /home/darsh/UR3_ROS2_PICK_AND_PLACE/install/moveit_task_constructor_msgs/share/moveit_task_constructor_msgs/action/ExecuteTaskSolution.action
[2.166s] -- Up-to-date: /home/darsh/UR3_ROS2_PICK_AND_PLACE/install/moveit_task_constructor_msgs/share/ament_index/resource_index/package_run_dependencies/moveit_task_constructor_msgs
[2.166s] -- Up-to-date: /home/darsh/UR3_ROS2_PICK_AND_PLACE/install/moveit_task_constructor_msgs/share/ament_index/resource_index/parent_prefix_path/moveit_task_constructor_msgs
[2.167s] -- Up-to-date: /home/darsh/UR3_ROS2_PICK_AND_PLACE/install/moveit_task_constructor_msgs/share/moveit_task_constructor_msgs/environment/ament_prefix_path.sh
[2.167s] -- Up-to-date: /home/darsh/UR3_ROS2_PICK_AND_PLACE/install/moveit_task_constructor_msgs/share/moveit_task_constructor_msgs/environment/ament_prefix_path.dsv
[2.167s] -- Up-to-date: /home/darsh/UR3_ROS2_PICK_AND_PLACE/install/moveit_task_constructor_msgs/share/moveit_task_constructor_msgs/environment/path.sh
[2.167s] -- Up-to-date: /home/darsh/UR3_ROS2_PICK_AND_PLACE/install/moveit_task_constructor_msgs/share/moveit_task_constructor_msgs/environment/path.dsv
[2.168s] -- Up-to-date: /home/darsh/UR3_ROS2_PICK_AND_PLACE/install/moveit_task_constructor_msgs/share/moveit_task_constructor_msgs/local_setup.bash
[2.168s] -- Up-to-date: /home/darsh/UR3_ROS2_PICK_AND_PLACE/install/moveit_task_constructor_msgs/share/moveit_task_constructor_msgs/local_setup.sh
[2.168s] -- Up-to-date: /home/darsh/UR3_ROS2_PICK_AND_PLACE/install/moveit_task_constructor_msgs/share/moveit_task_constructor_msgs/local_setup.zsh
[2.168s] -- Up-to-date: /home/darsh/UR3_ROS2_PICK_AND_PLACE/install/moveit_task_constructor_msgs/share/moveit_task_constructor_msgs/local_setup.dsv
[2.170s] -- Installing: /home/darsh/UR3_ROS2_PICK_AND_PLACE/install/moveit_task_constructor_msgs/share/moveit_task_constructor_msgs/package.dsv
[2.170s] -- Up-to-date: /home/darsh/UR3_ROS2_PICK_AND_PLACE/install/moveit_task_constructor_msgs/share/ament_index/resource_index/packages/moveit_task_constructor_msgs
[2.170s] -- Up-to-date: /home/darsh/UR3_ROS2_PICK_AND_PLACE/install/moveit_task_constructor_msgs/share/moveit_task_constructor_msgs/cmake/export_moveit_task_constructor_msgs__rosidl_generator_cExport.cmake
[2.170s] -- Up-to-date: /home/darsh/UR3_ROS2_PICK_AND_PLACE/install/moveit_task_constructor_msgs/share/moveit_task_constructor_msgs/cmake/export_moveit_task_constructor_msgs__rosidl_generator_cExport-noconfig.cmake
[2.170s] -- Up-to-date: /home/darsh/UR3_ROS2_PICK_AND_PLACE/install/moveit_task_constructor_msgs/share/moveit_task_constructor_msgs/cmake/export_moveit_task_constructor_msgs__rosidl_typesupport_fastrtps_cExport.cmake
[2.171s] -- Up-to-date: /home/darsh/UR3_ROS2_PICK_AND_PLACE/install/moveit_task_constructor_msgs/share/moveit_task_constructor_msgs/cmake/export_moveit_task_constructor_msgs__rosidl_typesupport_fastrtps_cExport-noconfig.cmake
[2.171s] -- Up-to-date: /home/darsh/UR3_ROS2_PICK_AND_PLACE/install/moveit_task_constructor_msgs/share/moveit_task_constructor_msgs/cmake/export_moveit_task_constructor_msgs__rosidl_generator_cppExport.cmake
[2.171s] -- Up-to-date: /home/darsh/UR3_ROS2_PICK_AND_PLACE/install/moveit_task_constructor_msgs/share/moveit_task_constructor_msgs/cmake/export_moveit_task_constructor_msgs__rosidl_typesupport_fastrtps_cppExport.cmake
[2.180s] -- Up-to-date: /home/darsh/UR3_ROS2_PICK_AND_PLACE/install/moveit_task_constructor_msgs/share/moveit_task_constructor_msgs/cmake/export_moveit_task_constructor_msgs__rosidl_typesupport_fastrtps_cppExport-noconfig.cmake
[2.181s] -- Up-to-date: /home/darsh/UR3_ROS2_PICK_AND_PLACE/install/moveit_task_constructor_msgs/share/moveit_task_constructor_msgs/cmake/moveit_task_constructor_msgs__rosidl_typesupport_introspection_cExport.cmake
[2.181s] -- Up-to-date: /home/darsh/UR3_ROS2_PICK_AND_PLACE/install/moveit_task_constructor_msgs/share/moveit_task_constructor_msgs/cmake/moveit_task_constructor_msgs__rosidl_typesupport_introspection_cExport-noconfig.cmake
[2.181s] -- Up-to-date: /home/darsh/UR3_ROS2_PICK_AND_PLACE/install/moveit_task_constructor_msgs/share/moveit_task_constructor_msgs/cmake/moveit_task_constructor_msgs__rosidl_typesupport_cExport.cmake
[2.181s] -- Up-to-date: /home/darsh/UR3_ROS2_PICK_AND_PLACE/install/moveit_task_constructor_msgs/share/moveit_task_constructor_msgs/cmake/moveit_task_constructor_msgs__rosidl_typesupport_cExport-noconfig.cmake
[2.181s] -- Up-to-date: /home/darsh/UR3_ROS2_PICK_AND_PLACE/install/moveit_task_constructor_msgs/share/moveit_task_constructor_msgs/cmake/moveit_task_constructor_msgs__rosidl_typesupport_introspection_cppExport.cmake
[2.181s] -- Up-to-date: /home/darsh/UR3_ROS2_PICK_AND_PLACE/install/moveit_task_constructor_msgs/share/moveit_task_constructor_msgs/cmake/moveit_task_constructor_msgs__rosidl_typesupport_introspection_cppExport-noconfig.cmake
[2.181s] -- Up-to-date: /home/darsh/UR3_ROS2_PICK_AND_PLACE/install/moveit_task_constructor_msgs/share/moveit_task_constructor_msgs/cmake/moveit_task_constructor_msgs__rosidl_typesupport_cppExport.cmake
[2.182s] -- Up-to-date: /home/darsh/UR3_ROS2_PICK_AND_PLACE/install/moveit_task_constructor_msgs/share/moveit_task_constructor_msgs/cmake/moveit_task_constructor_msgs__rosidl_typesupport_cppExport-noconfig.cmake
[2.182s] -- Up-to-date: /home/darsh/UR3_ROS2_PICK_AND_PLACE/install/moveit_task_constructor_msgs/share/moveit_task_constructor_msgs/cmake/export_moveit_task_constructor_msgs__rosidl_generator_pyExport.cmake
[2.182s] -- Up-to-date: /home/darsh/UR3_ROS2_PICK_AND_PLACE/install/moveit_task_constructor_msgs/share/moveit_task_constructor_msgs/cmake/export_moveit_task_constructor_msgs__rosidl_generator_pyExport-noconfig.cmake
[2.182s] -- Up-to-date: /home/darsh/UR3_ROS2_PICK_AND_PLACE/install/moveit_task_constructor_msgs/share/moveit_task_constructor_msgs/cmake/rosidl_cmake-extras.cmake
[2.183s] -- Up-to-date: /home/darsh/UR3_ROS2_PICK_AND_PLACE/install/moveit_task_constructor_msgs/share/moveit_task_constructor_msgs/cmake/ament_cmake_export_dependencies-extras.cmake
[2.183s] -- Up-to-date: /home/darsh/UR3_ROS2_PICK_AND_PLACE/install/moveit_task_constructor_msgs/share/moveit_task_constructor_msgs/cmake/ament_cmake_export_include_directories-extras.cmake
[2.183s] -- Up-to-date: /home/darsh/UR3_ROS2_PICK_AND_PLACE/install/moveit_task_constructor_msgs/share/moveit_task_constructor_msgs/cmake/ament_cmake_export_libraries-extras.cmake
[2.183s] -- Up-to-date: /home/darsh/UR3_ROS2_PICK_AND_PLACE/install/moveit_task_constructor_msgs/share/moveit_task_constructor_msgs/cmake/ament_cmake_export_targets-extras.cmake
[2.183s] -- Up-to-date: /home/darsh/UR3_ROS2_PICK_AND_PLACE/install/moveit_task_constructor_msgs/share/moveit_task_constructor_msgs/cmake/rosidl_cmake_export_typesupport_targets-extras.cmake
[2.183s] -- Up-to-date: /home/darsh/UR3_ROS2_PICK_AND_PLACE/install/moveit_task_constructor_msgs/share/moveit_task_constructor_msgs/cmake/rosidl_cmake_export_typesupport_libraries-extras.cmake
[2.184s] -- Up-to-date: /home/darsh/UR3_ROS2_PICK_AND_PLACE/install/moveit_task_constructor_msgs/share/moveit_task_constructor_msgs/cmake/moveit_task_constructor_msgsConfig.cmake
[2.184s] -- Up-to-date: /home/darsh/UR3_ROS2_PICK_AND_PLACE/install/moveit_task_constructor_msgs/share/moveit_task_constructor_msgs/cmake/moveit_task_constructor_msgsConfig-version.cmake
[2.184s] -- Up-to-date: /home/darsh/UR3_ROS2_PICK_AND_PLACE/install/moveit_task_constructor_msgs/share/moveit_task_constructor_msgs/package.xml
[2.184s] Invoked command in '/home/darsh/UR3_ROS2_PICK_AND_PLACE/build/moveit_task_constructor_msgs' returned '0': CMAKE_PREFIX_PATH=${CMAKE_PREFIX_PATH}:/opt/ros/jazzy /usr/bin/cmake --install /home/darsh/UR3_ROS2_PICK_AND_PLACE/build/moveit_task_constructor_msgs
