[0.031s] Invoking command in '/home/darsh/ros2_ws/src/UR3_ROS2_PICK_AND_PLACE/build/ur_gazebo': CMAKE_PREFIX_PATH=${CMAKE_PREFIX_PATH}:/opt/ros/jazzy /usr/bin/cmake /home/darsh/ros2_ws/src/UR3_ROS2_PICK_AND_PLACE/ur_gazebo -DCMAKE_INSTALL_PREFIX=/home/darsh/ros2_ws/src/UR3_ROS2_PICK_AND_PLACE/install/ur_gazebo
[0.217s] -- The C compiler identification is GNU 13.3.0
[0.899s] -- The CXX compiler identification is GNU 13.3.0
[1.531s] -- Detecting C compiler ABI info
[1.850s] -- Detecting C compiler ABI info - done
[1.873s] -- Check for working C compiler: /usr/bin/cc - skipped
[1.874s] -- Detecting C compile features
[1.876s] -- Detecting C compile features - done
[1.967s] -- Detecting CXX compiler ABI info
[2.276s] -- Detecting CXX compiler ABI info - done
[2.297s] -- Check for working CXX compiler: /usr/bin/c++ - skipped
[2.298s] -- Detecting CXX compile features
[2.299s] -- Detecting CXX compile features - done
[2.304s] -- Found ament_cmake: 2.5.3 (/opt/ros/jazzy/share/ament_cmake/cmake)
[2.584s] -- Found Python3: /usr/bin/python3 (found version "3.12.3") found components: Interpreter 
[4.459s] [31mCMake Error at CMakeLists.txt:10 (find_package):
[4.459s]   By not providing "Findcontroller_manager.cmake" in CMAKE_MODULE_PATH this
[4.459s]   project has asked CMake to find a package configuration file provided by
[4.459s]   "controller_manager", but CMake did not find one.
[4.460s] 
[4.460s]   Could not find a package configuration file provided by
[4.460s]   "controller_manager" with any of the following names:
[4.460s] 
[4.460s]     controller_managerConfig.cmake
[4.460s]     controller_manager-config.cmake
[4.461s] 
[4.461s]   Add the installation prefix of "controller_manager" to CMAKE_PREFIX_PATH or
[4.461s]   set "controller_manager_DIR" to a directory containing one of the above
[4.461s]   files.  If "controller_manager" provides a separate development package or
[4.461s]   SDK, be sure it has been installed.
[4.461s] 
[4.462s] [0m
[4.462s] -- Configuring incomplete, errors occurred!
[4.466s] Invoked command in '/home/darsh/ros2_ws/src/UR3_ROS2_PICK_AND_PLACE/build/ur_gazebo' returned '1': CMAKE_PREFIX_PATH=${CMAKE_PREFIX_PATH}:/opt/ros/jazzy /usr/bin/cmake /home/darsh/ros2_ws/src/UR3_ROS2_PICK_AND_PLACE/ur_gazebo -DCMAKE_INSTALL_PREFIX=/home/darsh/ros2_ws/src/UR3_ROS2_PICK_AND_PLACE/install/ur_gazebo
