[0.041s] Invoking command in '/home/darsh/UR3_ROS2_PICK_AND_PLACE/build/ur_description': CMAKE_PREFIX_PATH=${CMAKE_PREFIX_PATH}:/opt/ros/jazzy /usr/bin/cmake --build /home/darsh/UR3_ROS2_PICK_AND_PLACE/build/ur_description -- -j4 -l4
[1.295s] Invoked command in '/home/darsh/UR3_ROS2_PICK_AND_PLACE/build/ur_description' returned '0': CMAKE_PREFIX_PATH=${CMAKE_PREFIX_PATH}:/opt/ros/jazzy /usr/bin/cmake --build /home/darsh/UR3_ROS2_PICK_AND_PLACE/build/ur_description -- -j4 -l4
[1.360s] Invoking command in '/home/darsh/UR3_ROS2_PICK_AND_PLACE/build/ur_description': CMAKE_PREFIX_PATH=${CMAKE_PREFIX_PATH}:/opt/ros/jazzy /usr/bin/cmake --install /home/darsh/UR3_ROS2_PICK_AND_PLACE/build/ur_description
[1.464s] -- Install configuration: ""
[1.473s] -- Up-to-date: /home/darsh/UR3_ROS2_PICK_AND_PLACE/install/ur_description/share/ur_description/config
[1.473s] -- Up-to-date: /home/darsh/UR3_ROS2_PICK_AND_PLACE/install/ur_description/share/ur_description/config/ur5
[1.473s] -- Up-to-date: /home/darsh/UR3_ROS2_PICK_AND_PLACE/install/ur_description/share/ur_description/config/ur5/default_kinematics.yaml
[1.473s] -- Up-to-date: /home/darsh/UR3_ROS2_PICK_AND_PLACE/install/ur_description/share/ur_description/config/ur5/visual_parameters.yaml
[1.473s] -- Up-to-date: /home/darsh/UR3_ROS2_PICK_AND_PLACE/install/ur_description/share/ur_description/config/ur5/physical_parameters.yaml
[1.474s] -- Up-to-date: /home/darsh/UR3_ROS2_PICK_AND_PLACE/install/ur_description/share/ur_description/config/ur5/joint_limits.yaml
[1.474s] -- Up-to-date: /home/darsh/UR3_ROS2_PICK_AND_PLACE/install/ur_description/share/ur_description/config/initial_positions.yaml
[1.474s] -- Up-to-date: /home/darsh/UR3_ROS2_PICK_AND_PLACE/install/ur_description/share/ur_description/config/ur20
[1.474s] -- Up-to-date: /home/darsh/UR3_ROS2_PICK_AND_PLACE/install/ur_description/share/ur_description/config/ur20/default_kinematics.yaml
[1.474s] -- Up-to-date: /home/darsh/UR3_ROS2_PICK_AND_PLACE/install/ur_description/share/ur_description/config/ur20/visual_parameters.yaml
[1.474s] -- Up-to-date: /home/darsh/UR3_ROS2_PICK_AND_PLACE/install/ur_description/share/ur_description/config/ur20/physical_parameters.yaml
[1.475s] -- Up-to-date: /home/darsh/UR3_ROS2_PICK_AND_PLACE/install/ur_description/share/ur_description/config/ur20/joint_limits.yaml
[1.475s] -- Up-to-date: /home/darsh/UR3_ROS2_PICK_AND_PLACE/install/ur_description/share/ur_description/config/ur10e
[1.475s] -- Up-to-date: /home/darsh/UR3_ROS2_PICK_AND_PLACE/install/ur_description/share/ur_description/config/ur10e/default_kinematics.yaml
[1.475s] -- Up-to-date: /home/darsh/UR3_ROS2_PICK_AND_PLACE/install/ur_description/share/ur_description/config/ur10e/visual_parameters.yaml
[1.475s] -- Up-to-date: /home/darsh/UR3_ROS2_PICK_AND_PLACE/install/ur_description/share/ur_description/config/ur10e/physical_parameters.yaml
[1.475s] -- Up-to-date: /home/darsh/UR3_ROS2_PICK_AND_PLACE/install/ur_description/share/ur_description/config/ur10e/joint_limits.yaml
[1.476s] -- Up-to-date: /home/darsh/UR3_ROS2_PICK_AND_PLACE/install/ur_description/share/ur_description/config/ur16e
[1.476s] -- Up-to-date: /home/darsh/UR3_ROS2_PICK_AND_PLACE/install/ur_description/share/ur_description/config/ur16e/default_kinematics.yaml
[1.476s] -- Up-to-date: /home/darsh/UR3_ROS2_PICK_AND_PLACE/install/ur_description/share/ur_description/config/ur16e/visual_parameters.yaml
[1.476s] -- Up-to-date: /home/darsh/UR3_ROS2_PICK_AND_PLACE/install/ur_description/share/ur_description/config/ur16e/physical_parameters.yaml
[1.476s] -- Up-to-date: /home/darsh/UR3_ROS2_PICK_AND_PLACE/install/ur_description/share/ur_description/config/ur16e/joint_limits.yaml
[1.476s] -- Up-to-date: /home/darsh/UR3_ROS2_PICK_AND_PLACE/install/ur_description/share/ur_description/config/ur3
[1.476s] -- Up-to-date: /home/darsh/UR3_ROS2_PICK_AND_PLACE/install/ur_description/share/ur_description/config/ur3/default_kinematics.yaml
[1.476s] -- Up-to-date: /home/darsh/UR3_ROS2_PICK_AND_PLACE/install/ur_description/share/ur_description/config/ur3/visual_parameters.yaml
[1.476s] -- Up-to-date: /home/darsh/UR3_ROS2_PICK_AND_PLACE/install/ur_description/share/ur_description/config/ur3/physical_parameters.yaml
[1.476s] -- Up-to-date: /home/darsh/UR3_ROS2_PICK_AND_PLACE/install/ur_description/share/ur_description/config/ur3/joint_limits.yaml
[1.477s] -- Up-to-date: /home/darsh/UR3_ROS2_PICK_AND_PLACE/install/ur_description/share/ur_description/config/ur30
[1.477s] -- Up-to-date: /home/darsh/UR3_ROS2_PICK_AND_PLACE/install/ur_description/share/ur_description/config/ur30/default_kinematics.yaml
[1.477s] -- Up-to-date: /home/darsh/UR3_ROS2_PICK_AND_PLACE/install/ur_description/share/ur_description/config/ur30/visual_parameters.yaml
[1.477s] -- Up-to-date: /home/darsh/UR3_ROS2_PICK_AND_PLACE/install/ur_description/share/ur_description/config/ur30/physical_parameters.yaml
[1.478s] -- Up-to-date: /home/darsh/UR3_ROS2_PICK_AND_PLACE/install/ur_description/share/ur_description/config/ur30/joint_limits.yaml
[1.479s] -- Up-to-date: /home/darsh/UR3_ROS2_PICK_AND_PLACE/install/ur_description/share/ur_description/config/ur10
[1.479s] -- Up-to-date: /home/darsh/UR3_ROS2_PICK_AND_PLACE/install/ur_description/share/ur_description/config/ur10/default_kinematics.yaml
[1.479s] -- Up-to-date: /home/darsh/UR3_ROS2_PICK_AND_PLACE/install/ur_description/share/ur_description/config/ur10/visual_parameters.yaml
[1.480s] -- Up-to-date: /home/darsh/UR3_ROS2_PICK_AND_PLACE/install/ur_description/share/ur_description/config/ur10/physical_parameters.yaml
[1.480s] -- Up-to-date: /home/darsh/UR3_ROS2_PICK_AND_PLACE/install/ur_description/share/ur_description/config/ur10/joint_limits.yaml
[1.480s] -- Up-to-date: /home/darsh/UR3_ROS2_PICK_AND_PLACE/install/ur_description/share/ur_description/config/ur3e
[1.480s] -- Up-to-date: /home/darsh/UR3_ROS2_PICK_AND_PLACE/install/ur_description/share/ur_description/config/ur3e/default_kinematics.yaml
[1.480s] -- Up-to-date: /home/darsh/UR3_ROS2_PICK_AND_PLACE/install/ur_description/share/ur_description/config/ur3e/visual_parameters.yaml
[1.480s] -- Up-to-date: /home/darsh/UR3_ROS2_PICK_AND_PLACE/install/ur_description/share/ur_description/config/ur3e/physical_parameters.yaml
[1.481s] -- Up-to-date: /home/darsh/UR3_ROS2_PICK_AND_PLACE/install/ur_description/share/ur_description/config/ur3e/joint_limits.yaml
[1.481s] -- Up-to-date: /home/darsh/UR3_ROS2_PICK_AND_PLACE/install/ur_description/share/ur_description/config/ur5e
[1.481s] -- Up-to-date: /home/darsh/UR3_ROS2_PICK_AND_PLACE/install/ur_description/share/ur_description/config/ur5e/default_kinematics.yaml
[1.481s] -- Up-to-date: /home/darsh/UR3_ROS2_PICK_AND_PLACE/install/ur_description/share/ur_description/config/ur5e/visual_parameters.yaml
[1.481s] -- Up-to-date: /home/darsh/UR3_ROS2_PICK_AND_PLACE/install/ur_description/share/ur_description/config/ur5e/physical_parameters.yaml
[1.482s] -- Up-to-date: /home/darsh/UR3_ROS2_PICK_AND_PLACE/install/ur_description/share/ur_description/config/ur5e/joint_limits.yaml
[1.482s] -- Up-to-date: /home/darsh/UR3_ROS2_PICK_AND_PLACE/install/ur_description/share/ur_description/launch
[1.482s] -- Up-to-date: /home/darsh/UR3_ROS2_PICK_AND_PLACE/install/ur_description/share/ur_description/launch/view_ur.launch.py
[1.482s] -- Up-to-date: /home/darsh/UR3_ROS2_PICK_AND_PLACE/install/ur_description/share/ur_description/launch/plan_motion.py
[1.482s] -- Up-to-date: /home/darsh/UR3_ROS2_PICK_AND_PLACE/install/ur_description/share/ur_description/meshes
[1.482s] -- Up-to-date: /home/darsh/UR3_ROS2_PICK_AND_PLACE/install/ur_description/share/ur_description/meshes/ur5
[1.482s] -- Up-to-date: /home/darsh/UR3_ROS2_PICK_AND_PLACE/install/ur_description/share/ur_description/meshes/ur5/collision
[1.482s] -- Up-to-date: /home/darsh/UR3_ROS2_PICK_AND_PLACE/install/ur_description/share/ur_description/meshes/ur5/collision/wrist2.stl
[1.483s] -- Up-to-date: /home/darsh/UR3_ROS2_PICK_AND_PLACE/install/ur_description/share/ur_description/meshes/ur5/collision/forearm.stl
[1.483s] -- Up-to-date: /home/darsh/UR3_ROS2_PICK_AND_PLACE/install/ur_description/share/ur_description/meshes/ur5/collision/shoulder.stl
[1.483s] -- Up-to-date: /home/darsh/UR3_ROS2_PICK_AND_PLACE/install/ur_description/share/ur_description/meshes/ur5/collision/base.stl
[1.483s] -- Up-to-date: /home/darsh/UR3_ROS2_PICK_AND_PLACE/install/ur_description/share/ur_description/meshes/ur5/collision/wrist1.stl
[1.484s] -- Up-to-date: /home/darsh/UR3_ROS2_PICK_AND_PLACE/install/ur_description/share/ur_description/meshes/ur5/collision/upperarm.stl
[1.485s] -- Up-to-date: /home/darsh/UR3_ROS2_PICK_AND_PLACE/install/ur_description/share/ur_description/meshes/ur5/collision/wrist3.stl
[1.486s] -- Up-to-date: /home/darsh/UR3_ROS2_PICK_AND_PLACE/install/ur_description/share/ur_description/meshes/ur5/visual
[1.487s] -- Up-to-date: /home/darsh/UR3_ROS2_PICK_AND_PLACE/install/ur_description/share/ur_description/meshes/ur5/visual/shoulder.dae
[1.487s] -- Up-to-date: /home/darsh/UR3_ROS2_PICK_AND_PLACE/install/ur_description/share/ur_description/meshes/ur5/visual/upperarm.dae
[1.487s] -- Up-to-date: /home/darsh/UR3_ROS2_PICK_AND_PLACE/install/ur_description/share/ur_description/meshes/ur5/visual/wrist3.dae
[1.487s] -- Up-to-date: /home/darsh/UR3_ROS2_PICK_AND_PLACE/install/ur_description/share/ur_description/meshes/ur5/visual/forearm.dae
[1.487s] -- Up-to-date: /home/darsh/UR3_ROS2_PICK_AND_PLACE/install/ur_description/share/ur_description/meshes/ur5/visual/wrist1.dae
[1.488s] -- Up-to-date: /home/darsh/UR3_ROS2_PICK_AND_PLACE/install/ur_description/share/ur_description/meshes/ur5/visual/wrist2.dae
[1.488s] -- Up-to-date: /home/darsh/UR3_ROS2_PICK_AND_PLACE/install/ur_description/share/ur_description/meshes/ur5/visual/base.dae
[1.488s] -- Up-to-date: /home/darsh/UR3_ROS2_PICK_AND_PLACE/install/ur_description/share/ur_description/meshes/ur20
[1.488s] -- Up-to-date: /home/darsh/UR3_ROS2_PICK_AND_PLACE/install/ur_description/share/ur_description/meshes/ur20/LICENSE.txt
[1.492s] -- Up-to-date: /home/darsh/UR3_ROS2_PICK_AND_PLACE/install/ur_description/share/ur_description/meshes/ur20/collision
[1.492s] -- Up-to-date: /home/darsh/UR3_ROS2_PICK_AND_PLACE/install/ur_description/share/ur_description/meshes/ur20/collision/wrist2.stl
[1.492s] -- Up-to-date: /home/darsh/UR3_ROS2_PICK_AND_PLACE/install/ur_description/share/ur_description/meshes/ur20/collision/forearm.stl
[1.492s] -- Up-to-date: /home/darsh/UR3_ROS2_PICK_AND_PLACE/install/ur_description/share/ur_description/meshes/ur20/collision/shoulder.stl
[1.493s] -- Up-to-date: /home/darsh/UR3_ROS2_PICK_AND_PLACE/install/ur_description/share/ur_description/meshes/ur20/collision/base.stl
[1.493s] -- Up-to-date: /home/darsh/UR3_ROS2_PICK_AND_PLACE/install/ur_description/share/ur_description/meshes/ur20/collision/wrist1.stl
[1.493s] -- Up-to-date: /home/darsh/UR3_ROS2_PICK_AND_PLACE/install/ur_description/share/ur_description/meshes/ur20/collision/upperarm.stl
[1.493s] -- Up-to-date: /home/darsh/UR3_ROS2_PICK_AND_PLACE/install/ur_description/share/ur_description/meshes/ur20/collision/wrist3.stl
[1.493s] -- Up-to-date: /home/darsh/UR3_ROS2_PICK_AND_PLACE/install/ur_description/share/ur_description/meshes/ur20/visual
[1.493s] -- Up-to-date: /home/darsh/UR3_ROS2_PICK_AND_PLACE/install/ur_description/share/ur_description/meshes/ur20/visual/UR20_DIFF_8bit_2K.png
[1.493s] -- Up-to-date: /home/darsh/UR3_ROS2_PICK_AND_PLACE/install/ur_description/share/ur_description/meshes/ur20/visual/shoulder.dae
[1.494s] -- Up-to-date: /home/darsh/UR3_ROS2_PICK_AND_PLACE/install/ur_description/share/ur_description/meshes/ur20/visual/upperarm.dae
[1.494s] -- Up-to-date: /home/darsh/UR3_ROS2_PICK_AND_PLACE/install/ur_description/share/ur_description/meshes/ur20/visual/wrist3.dae
[1.494s] -- Up-to-date: /home/darsh/UR3_ROS2_PICK_AND_PLACE/install/ur_description/share/ur_description/meshes/ur20/visual/forearm.dae
[1.494s] -- Up-to-date: /home/darsh/UR3_ROS2_PICK_AND_PLACE/install/ur_description/share/ur_description/meshes/ur20/visual/wrist1.dae
[1.494s] -- Up-to-date: /home/darsh/UR3_ROS2_PICK_AND_PLACE/install/ur_description/share/ur_description/meshes/ur20/visual/wrist2.dae
[1.494s] -- Up-to-date: /home/darsh/UR3_ROS2_PICK_AND_PLACE/install/ur_description/share/ur_description/meshes/ur20/visual/base.dae
[1.495s] -- Up-to-date: /home/darsh/UR3_ROS2_PICK_AND_PLACE/install/ur_description/share/ur_description/meshes/ur10e
[1.495s] -- Up-to-date: /home/darsh/UR3_ROS2_PICK_AND_PLACE/install/ur_description/share/ur_description/meshes/ur10e/collision
[1.495s] -- Up-to-date: /home/darsh/UR3_ROS2_PICK_AND_PLACE/install/ur_description/share/ur_description/meshes/ur10e/collision/wrist2.stl
[1.495s] -- Up-to-date: /home/darsh/UR3_ROS2_PICK_AND_PLACE/install/ur_description/share/ur_description/meshes/ur10e/collision/forearm.stl
[1.495s] -- Up-to-date: /home/darsh/UR3_ROS2_PICK_AND_PLACE/install/ur_description/share/ur_description/meshes/ur10e/collision/shoulder.stl
[1.495s] -- Up-to-date: /home/darsh/UR3_ROS2_PICK_AND_PLACE/install/ur_description/share/ur_description/meshes/ur10e/collision/base.stl
[1.495s] -- Up-to-date: /home/darsh/UR3_ROS2_PICK_AND_PLACE/install/ur_description/share/ur_description/meshes/ur10e/collision/wrist1.stl
[1.496s] -- Up-to-date: /home/darsh/UR3_ROS2_PICK_AND_PLACE/install/ur_description/share/ur_description/meshes/ur10e/collision/upperarm.stl
[1.511s] -- Up-to-date: /home/darsh/UR3_ROS2_PICK_AND_PLACE/install/ur_description/share/ur_description/meshes/ur10e/collision/wrist3.stl
[1.511s] -- Up-to-date: /home/darsh/UR3_ROS2_PICK_AND_PLACE/install/ur_description/share/ur_description/meshes/ur10e/visual
[1.511s] -- Up-to-date: /home/darsh/UR3_ROS2_PICK_AND_PLACE/install/ur_description/share/ur_description/meshes/ur10e/visual/shoulder.dae
[1.511s] -- Up-to-date: /home/darsh/UR3_ROS2_PICK_AND_PLACE/install/ur_description/share/ur_description/meshes/ur10e/visual/upperarm.dae
[1.511s] -- Up-to-date: /home/darsh/UR3_ROS2_PICK_AND_PLACE/install/ur_description/share/ur_description/meshes/ur10e/visual/wrist3.dae
[1.511s] -- Up-to-date: /home/darsh/UR3_ROS2_PICK_AND_PLACE/install/ur_description/share/ur_description/meshes/ur10e/visual/forearm.dae
[1.511s] -- Up-to-date: /home/darsh/UR3_ROS2_PICK_AND_PLACE/install/ur_description/share/ur_description/meshes/ur10e/visual/wrist1.dae
[1.511s] -- Up-to-date: /home/darsh/UR3_ROS2_PICK_AND_PLACE/install/ur_description/share/ur_description/meshes/ur10e/visual/wrist2.dae
[1.512s] -- Up-to-date: /home/darsh/UR3_ROS2_PICK_AND_PLACE/install/ur_description/share/ur_description/meshes/ur10e/visual/base.dae
[1.512s] -- Up-to-date: /home/darsh/UR3_ROS2_PICK_AND_PLACE/install/ur_description/share/ur_description/meshes/d435
[1.512s] -- Up-to-date: /home/darsh/UR3_ROS2_PICK_AND_PLACE/install/ur_description/share/ur_description/meshes/d435/visual
[1.512s] -- Up-to-date: /home/darsh/UR3_ROS2_PICK_AND_PLACE/install/ur_description/share/ur_description/meshes/d435/visual/d435.stl
[1.512s] -- Up-to-date: /home/darsh/UR3_ROS2_PICK_AND_PLACE/install/ur_description/share/ur_description/meshes/ur16e
[1.512s] -- Up-to-date: /home/darsh/UR3_ROS2_PICK_AND_PLACE/install/ur_description/share/ur_description/meshes/ur16e/collision
[1.512s] -- Up-to-date: /home/darsh/UR3_ROS2_PICK_AND_PLACE/install/ur_description/share/ur_description/meshes/ur16e/collision/forearm.stl
[1.513s] -- Up-to-date: /home/darsh/UR3_ROS2_PICK_AND_PLACE/install/ur_description/share/ur_description/meshes/ur16e/collision/upperarm.stl
[1.513s] -- Up-to-date: /home/darsh/UR3_ROS2_PICK_AND_PLACE/install/ur_description/share/ur_description/meshes/ur16e/visual
[1.513s] -- Up-to-date: /home/darsh/UR3_ROS2_PICK_AND_PLACE/install/ur_description/share/ur_description/meshes/ur16e/visual/upperarm.dae
[1.513s] -- Up-to-date: /home/darsh/UR3_ROS2_PICK_AND_PLACE/install/ur_description/share/ur_description/meshes/ur16e/visual/forearm.dae
[1.513s] -- Up-to-date: /home/darsh/UR3_ROS2_PICK_AND_PLACE/install/ur_description/share/ur_description/meshes/ur3
[1.513s] -- Up-to-date: /home/darsh/UR3_ROS2_PICK_AND_PLACE/install/ur_description/share/ur_description/meshes/ur3/collision
[1.513s] -- Up-to-date: /home/darsh/UR3_ROS2_PICK_AND_PLACE/install/ur_description/share/ur_description/meshes/ur3/collision/wrist2.stl
[1.513s] -- Up-to-date: /home/darsh/UR3_ROS2_PICK_AND_PLACE/install/ur_description/share/ur_description/meshes/ur3/collision/forearm.stl
[1.514s] -- Up-to-date: /home/darsh/UR3_ROS2_PICK_AND_PLACE/install/ur_description/share/ur_description/meshes/ur3/collision/shoulder.stl
[1.514s] -- Up-to-date: /home/darsh/UR3_ROS2_PICK_AND_PLACE/install/ur_description/share/ur_description/meshes/ur3/collision/base.stl
[1.514s] -- Up-to-date: /home/darsh/UR3_ROS2_PICK_AND_PLACE/install/ur_description/share/ur_description/meshes/ur3/collision/wrist1.stl
[1.514s] -- Up-to-date: /home/darsh/UR3_ROS2_PICK_AND_PLACE/install/ur_description/share/ur_description/meshes/ur3/collision/upperarm.stl
[1.514s] -- Up-to-date: /home/darsh/UR3_ROS2_PICK_AND_PLACE/install/ur_description/share/ur_description/meshes/ur3/collision/wrist3.stl
[1.514s] -- Up-to-date: /home/darsh/UR3_ROS2_PICK_AND_PLACE/install/ur_description/share/ur_description/meshes/ur3/visual
[1.514s] -- Up-to-date: /home/darsh/UR3_ROS2_PICK_AND_PLACE/install/ur_description/share/ur_description/meshes/ur3/visual/shoulder.dae
[1.515s] -- Up-to-date: /home/darsh/UR3_ROS2_PICK_AND_PLACE/install/ur_description/share/ur_description/meshes/ur3/visual/upperarm.dae
[1.515s] -- Up-to-date: /home/darsh/UR3_ROS2_PICK_AND_PLACE/install/ur_description/share/ur_description/meshes/ur3/visual/wrist3.dae
[1.515s] -- Up-to-date: /home/darsh/UR3_ROS2_PICK_AND_PLACE/install/ur_description/share/ur_description/meshes/ur3/visual/forearm.dae
[1.515s] -- Up-to-date: /home/darsh/UR3_ROS2_PICK_AND_PLACE/install/ur_description/share/ur_description/meshes/ur3/visual/wrist1.dae
[1.515s] -- Up-to-date: /home/darsh/UR3_ROS2_PICK_AND_PLACE/install/ur_description/share/ur_description/meshes/ur3/visual/wrist2.dae
[1.515s] -- Up-to-date: /home/darsh/UR3_ROS2_PICK_AND_PLACE/install/ur_description/share/ur_description/meshes/ur3/visual/base.dae
[1.515s] -- Up-to-date: /home/darsh/UR3_ROS2_PICK_AND_PLACE/install/ur_description/share/ur_description/meshes/ur30
[1.516s] -- Up-to-date: /home/darsh/UR3_ROS2_PICK_AND_PLACE/install/ur_description/share/ur_description/meshes/ur30/LICENSE.txt
[1.516s] -- Up-to-date: /home/darsh/UR3_ROS2_PICK_AND_PLACE/install/ur_description/share/ur_description/meshes/ur30/collision
[1.516s] -- Up-to-date: /home/darsh/UR3_ROS2_PICK_AND_PLACE/install/ur_description/share/ur_description/meshes/ur30/collision/forearm.stl
[1.516s] -- Up-to-date: /home/darsh/UR3_ROS2_PICK_AND_PLACE/install/ur_description/share/ur_description/meshes/ur30/collision/upperarm.stl
[1.516s] -- Up-to-date: /home/darsh/UR3_ROS2_PICK_AND_PLACE/install/ur_description/share/ur_description/meshes/ur30/visual
[1.516s] -- Up-to-date: /home/darsh/UR3_ROS2_PICK_AND_PLACE/install/ur_description/share/ur_description/meshes/ur30/visual/upperarm.dae
[1.516s] -- Up-to-date: /home/darsh/UR3_ROS2_PICK_AND_PLACE/install/ur_description/share/ur_description/meshes/ur30/visual/UR30_DIFF_8bit_2K.png
[1.517s] -- Up-to-date: /home/darsh/UR3_ROS2_PICK_AND_PLACE/install/ur_description/share/ur_description/meshes/ur30/visual/forearm.dae
[1.550s] -- Up-to-date: /home/darsh/UR3_ROS2_PICK_AND_PLACE/install/ur_description/share/ur_description/meshes/ur10
[1.551s] -- Up-to-date: /home/darsh/UR3_ROS2_PICK_AND_PLACE/install/ur_description/share/ur_description/meshes/ur10/collision
[1.551s] -- Up-to-date: /home/darsh/UR3_ROS2_PICK_AND_PLACE/install/ur_description/share/ur_description/meshes/ur10/collision/wrist2.stl
[1.551s] -- Up-to-date: /home/darsh/UR3_ROS2_PICK_AND_PLACE/install/ur_description/share/ur_description/meshes/ur10/collision/forearm.stl
[1.551s] -- Up-to-date: /home/darsh/UR3_ROS2_PICK_AND_PLACE/install/ur_description/share/ur_description/meshes/ur10/collision/shoulder.stl
[1.551s] -- Up-to-date: /home/darsh/UR3_ROS2_PICK_AND_PLACE/install/ur_description/share/ur_description/meshes/ur10/collision/base.stl
[1.552s] -- Up-to-date: /home/darsh/UR3_ROS2_PICK_AND_PLACE/install/ur_description/share/ur_description/meshes/ur10/collision/wrist1.stl
[1.552s] -- Up-to-date: /home/darsh/UR3_ROS2_PICK_AND_PLACE/install/ur_description/share/ur_description/meshes/ur10/collision/upperarm.stl
[1.552s] -- Up-to-date: /home/darsh/UR3_ROS2_PICK_AND_PLACE/install/ur_description/share/ur_description/meshes/ur10/collision/wrist3.stl
[1.552s] -- Up-to-date: /home/darsh/UR3_ROS2_PICK_AND_PLACE/install/ur_description/share/ur_description/meshes/ur10/visual
[1.552s] -- Up-to-date: /home/darsh/UR3_ROS2_PICK_AND_PLACE/install/ur_description/share/ur_description/meshes/ur10/visual/shoulder.dae
[1.552s] -- Up-to-date: /home/darsh/UR3_ROS2_PICK_AND_PLACE/install/ur_description/share/ur_description/meshes/ur10/visual/upperarm.dae
[1.552s] -- Up-to-date: /home/darsh/UR3_ROS2_PICK_AND_PLACE/install/ur_description/share/ur_description/meshes/ur10/visual/wrist3.dae
[1.552s] -- Up-to-date: /home/darsh/UR3_ROS2_PICK_AND_PLACE/install/ur_description/share/ur_description/meshes/ur10/visual/forearm.dae
[1.552s] -- Up-to-date: /home/darsh/UR3_ROS2_PICK_AND_PLACE/install/ur_description/share/ur_description/meshes/ur10/visual/wrist1.dae
[1.552s] -- Up-to-date: /home/darsh/UR3_ROS2_PICK_AND_PLACE/install/ur_description/share/ur_description/meshes/ur10/visual/wrist2.dae
[1.552s] -- Up-to-date: /home/darsh/UR3_ROS2_PICK_AND_PLACE/install/ur_description/share/ur_description/meshes/ur10/visual/base.dae
[1.553s] -- Up-to-date: /home/darsh/UR3_ROS2_PICK_AND_PLACE/install/ur_description/share/ur_description/meshes/ur3e
[1.553s] -- Up-to-date: /home/darsh/UR3_ROS2_PICK_AND_PLACE/install/ur_description/share/ur_description/meshes/ur3e/collision
[1.553s] -- Up-to-date: /home/darsh/UR3_ROS2_PICK_AND_PLACE/install/ur_description/share/ur_description/meshes/ur3e/collision/wrist2.stl
[1.553s] -- Up-to-date: /home/darsh/UR3_ROS2_PICK_AND_PLACE/install/ur_description/share/ur_description/meshes/ur3e/collision/forearm.stl
[1.553s] -- Up-to-date: /home/darsh/UR3_ROS2_PICK_AND_PLACE/install/ur_description/share/ur_description/meshes/ur3e/collision/shoulder.stl
[1.553s] -- Up-to-date: /home/darsh/UR3_ROS2_PICK_AND_PLACE/install/ur_description/share/ur_description/meshes/ur3e/collision/base.stl
[1.553s] -- Up-to-date: /home/darsh/UR3_ROS2_PICK_AND_PLACE/install/ur_description/share/ur_description/meshes/ur3e/collision/wrist1.stl
[1.553s] -- Up-to-date: /home/darsh/UR3_ROS2_PICK_AND_PLACE/install/ur_description/share/ur_description/meshes/ur3e/collision/upperarm.stl
[1.553s] -- Up-to-date: /home/darsh/UR3_ROS2_PICK_AND_PLACE/install/ur_description/share/ur_description/meshes/ur3e/collision/wrist3.stl
[1.553s] -- Up-to-date: /home/darsh/UR3_ROS2_PICK_AND_PLACE/install/ur_description/share/ur_description/meshes/ur3e/visual
[1.553s] -- Up-to-date: /home/darsh/UR3_ROS2_PICK_AND_PLACE/install/ur_description/share/ur_description/meshes/ur3e/visual/shoulder.dae
[1.554s] -- Up-to-date: /home/darsh/UR3_ROS2_PICK_AND_PLACE/install/ur_description/share/ur_description/meshes/ur3e/visual/upperarm.dae
[1.554s] -- Up-to-date: /home/darsh/UR3_ROS2_PICK_AND_PLACE/install/ur_description/share/ur_description/meshes/ur3e/visual/wrist3.dae
[1.554s] -- Up-to-date: /home/darsh/UR3_ROS2_PICK_AND_PLACE/install/ur_description/share/ur_description/meshes/ur3e/visual/forearm.dae
[1.554s] -- Up-to-date: /home/darsh/UR3_ROS2_PICK_AND_PLACE/install/ur_description/share/ur_description/meshes/ur3e/visual/wrist1.dae
[1.554s] -- Up-to-date: /home/darsh/UR3_ROS2_PICK_AND_PLACE/install/ur_description/share/ur_description/meshes/ur3e/visual/wrist2.dae
[1.554s] -- Up-to-date: /home/darsh/UR3_ROS2_PICK_AND_PLACE/install/ur_description/share/ur_description/meshes/ur3e/visual/base.dae
[1.554s] -- Up-to-date: /home/darsh/UR3_ROS2_PICK_AND_PLACE/install/ur_description/share/ur_description/meshes/ur5e
[1.554s] -- Up-to-date: /home/darsh/UR3_ROS2_PICK_AND_PLACE/install/ur_description/share/ur_description/meshes/ur5e/collision
[1.554s] -- Up-to-date: /home/darsh/UR3_ROS2_PICK_AND_PLACE/install/ur_description/share/ur_description/meshes/ur5e/collision/wrist2.stl
[1.555s] -- Up-to-date: /home/darsh/UR3_ROS2_PICK_AND_PLACE/install/ur_description/share/ur_description/meshes/ur5e/collision/forearm.stl
[1.555s] -- Up-to-date: /home/darsh/UR3_ROS2_PICK_AND_PLACE/install/ur_description/share/ur_description/meshes/ur5e/collision/shoulder.stl
[1.555s] -- Up-to-date: /home/darsh/UR3_ROS2_PICK_AND_PLACE/install/ur_description/share/ur_description/meshes/ur5e/collision/base.stl
[1.555s] -- Up-to-date: /home/darsh/UR3_ROS2_PICK_AND_PLACE/install/ur_description/share/ur_description/meshes/ur5e/collision/wrist1.stl
[1.555s] -- Up-to-date: /home/darsh/UR3_ROS2_PICK_AND_PLACE/install/ur_description/share/ur_description/meshes/ur5e/collision/upperarm.stl
[1.555s] -- Up-to-date: /home/darsh/UR3_ROS2_PICK_AND_PLACE/install/ur_description/share/ur_description/meshes/ur5e/collision/wrist3.stl
[1.555s] -- Up-to-date: /home/darsh/UR3_ROS2_PICK_AND_PLACE/install/ur_description/share/ur_description/meshes/ur5e/visual
[1.555s] -- Up-to-date: /home/darsh/UR3_ROS2_PICK_AND_PLACE/install/ur_description/share/ur_description/meshes/ur5e/visual/shoulder.dae
[1.555s] -- Up-to-date: /home/darsh/UR3_ROS2_PICK_AND_PLACE/install/ur_description/share/ur_description/meshes/ur5e/visual/upperarm.dae
[1.555s] -- Up-to-date: /home/darsh/UR3_ROS2_PICK_AND_PLACE/install/ur_description/share/ur_description/meshes/ur5e/visual/wrist3.dae
[1.556s] -- Up-to-date: /home/darsh/UR3_ROS2_PICK_AND_PLACE/install/ur_description/share/ur_description/meshes/ur5e/visual/forearm.dae
[1.556s] -- Up-to-date: /home/darsh/UR3_ROS2_PICK_AND_PLACE/install/ur_description/share/ur_description/meshes/ur5e/visual/wrist1.dae
[1.562s] -- Up-to-date: /home/darsh/UR3_ROS2_PICK_AND_PLACE/install/ur_description/share/ur_description/meshes/ur5e/visual/wrist2.dae
[1.563s] -- Up-to-date: /home/darsh/UR3_ROS2_PICK_AND_PLACE/install/ur_description/share/ur_description/meshes/ur5e/visual/base.dae
[1.563s] -- Up-to-date: /home/darsh/UR3_ROS2_PICK_AND_PLACE/install/ur_description/share/ur_description/rviz
[1.563s] -- Up-to-date: /home/darsh/UR3_ROS2_PICK_AND_PLACE/install/ur_description/share/ur_description/rviz/view_robot.rviz
[1.563s] -- Up-to-date: /home/darsh/UR3_ROS2_PICK_AND_PLACE/install/ur_description/share/ur_description/urdf
[1.563s] -- Up-to-date: /home/darsh/UR3_ROS2_PICK_AND_PLACE/install/ur_description/share/ur_description/urdf/ur_mocked.urdf.xacro
[1.563s] -- Up-to-date: /home/darsh/UR3_ROS2_PICK_AND_PLACE/install/ur_description/share/ur_description/urdf/ur_robot.urdf
[1.563s] -- Up-to-date: /home/darsh/UR3_ROS2_PICK_AND_PLACE/install/ur_description/share/ur_description/urdf/ur.urdf.xacro
[1.564s] -- Up-to-date: /home/darsh/UR3_ROS2_PICK_AND_PLACE/install/ur_description/share/ur_description/urdf/intel_rgbd_cam_d435.urdf.xacro
[1.564s] -- Up-to-date: /home/darsh/UR3_ROS2_PICK_AND_PLACE/install/ur_description/share/ur_description/urdf/ur.urdf copy.xacro
[1.564s] -- Up-to-date: /home/darsh/UR3_ROS2_PICK_AND_PLACE/install/ur_description/share/ur_description/urdf/inc
[1.564s] -- Up-to-date: /home/darsh/UR3_ROS2_PICK_AND_PLACE/install/ur_description/share/ur_description/urdf/inc/ur_sensors.xacro
[1.564s] -- Up-to-date: /home/darsh/UR3_ROS2_PICK_AND_PLACE/install/ur_description/share/ur_description/urdf/inc/ur_joint_control.xacro
[1.564s] -- Up-to-date: /home/darsh/UR3_ROS2_PICK_AND_PLACE/install/ur_description/share/ur_description/urdf/inc/ur_transmissions.xacro
[1.564s] -- Up-to-date: /home/darsh/UR3_ROS2_PICK_AND_PLACE/install/ur_description/share/ur_description/urdf/inc/ur_common.xacro
[1.564s] -- Up-to-date: /home/darsh/UR3_ROS2_PICK_AND_PLACE/install/ur_description/share/ur_description/urdf/ur.ros2_control.xacro
[1.564s] -- Up-to-date: /home/darsh/UR3_ROS2_PICK_AND_PLACE/install/ur_description/share/ur_description/urdf/ros2_control_mock_hardware.xacro
[1.564s] -- Up-to-date: /home/darsh/UR3_ROS2_PICK_AND_PLACE/install/ur_description/share/ur_description/urdf/gazebo_sim_ros2_control.urdf.xacro
[1.564s] -- Up-to-date: /home/darsh/UR3_ROS2_PICK_AND_PLACE/install/ur_description/share/ur_description/urdf/ur_macro.xacro
[1.565s] -- Up-to-date: /home/darsh/UR3_ROS2_PICK_AND_PLACE/install/ur_description/share/ur_description/urdf/ur.urdf
[1.565s] -- Up-to-date: /home/darsh/UR3_ROS2_PICK_AND_PLACE/install/ur_description/share/ament_index/resource_index/package_run_dependencies/ur_description
[1.565s] -- Up-to-date: /home/darsh/UR3_ROS2_PICK_AND_PLACE/install/ur_description/share/ament_index/resource_index/parent_prefix_path/ur_description
[1.565s] -- Up-to-date: /home/darsh/UR3_ROS2_PICK_AND_PLACE/install/ur_description/share/ur_description/environment/ament_prefix_path.sh
[1.565s] -- Up-to-date: /home/darsh/UR3_ROS2_PICK_AND_PLACE/install/ur_description/share/ur_description/environment/ament_prefix_path.dsv
[1.565s] -- Up-to-date: /home/darsh/UR3_ROS2_PICK_AND_PLACE/install/ur_description/share/ur_description/environment/path.sh
[1.566s] -- Up-to-date: /home/darsh/UR3_ROS2_PICK_AND_PLACE/install/ur_description/share/ur_description/environment/path.dsv
[1.566s] -- Up-to-date: /home/darsh/UR3_ROS2_PICK_AND_PLACE/install/ur_description/share/ur_description/local_setup.bash
[1.566s] -- Up-to-date: /home/darsh/UR3_ROS2_PICK_AND_PLACE/install/ur_description/share/ur_description/local_setup.sh
[1.566s] -- Up-to-date: /home/darsh/UR3_ROS2_PICK_AND_PLACE/install/ur_description/share/ur_description/local_setup.zsh
[1.566s] -- Up-to-date: /home/darsh/UR3_ROS2_PICK_AND_PLACE/install/ur_description/share/ur_description/local_setup.dsv
[1.566s] -- Installing: /home/darsh/UR3_ROS2_PICK_AND_PLACE/install/ur_description/share/ur_description/package.dsv
[1.567s] -- Up-to-date: /home/darsh/UR3_ROS2_PICK_AND_PLACE/install/ur_description/share/ament_index/resource_index/packages/ur_description
[1.567s] -- Up-to-date: /home/darsh/UR3_ROS2_PICK_AND_PLACE/install/ur_description/share/ur_description/cmake/ur_descriptionConfig.cmake
[1.567s] -- Up-to-date: /home/darsh/UR3_ROS2_PICK_AND_PLACE/install/ur_description/share/ur_description/cmake/ur_descriptionConfig-version.cmake
[1.567s] -- Up-to-date: /home/darsh/UR3_ROS2_PICK_AND_PLACE/install/ur_description/share/ur_description/package.xml
[1.567s] Invoked command in '/home/darsh/UR3_ROS2_PICK_AND_PLACE/build/ur_description' returned '0': CMAKE_PREFIX_PATH=${CMAKE_PREFIX_PATH}:/opt/ros/jazzy /usr/bin/cmake --install /home/darsh/UR3_ROS2_PICK_AND_PLACE/build/ur_description
