[0.037s] Invoking command in '/home/darsh/ros2_ws/src/UR3_ROS2_PICK_AND_PLACE/build/ur_gazebo': CMAKE_PREFIX_PATH=${CMAKE_PREFIX_PATH}:/opt/ros/jazzy /usr/bin/cmake /home/darsh/ros2_ws/src/UR3_ROS2_PICK_AND_PLACE/ur_gazebo -DCMAKE_INSTALL_PREFIX=/home/darsh/ros2_ws/src/UR3_ROS2_PICK_AND_PLACE/install/ur_gazebo
[0.060s] -- Found ament_cmake: 2.5.3 (/opt/ros/jazzy/share/ament_cmake/cmake)
[2.040s] [31mCMake Error at CMakeLists.txt:10 (find_package):
[2.040s]   By not providing "Findcontroller_manager.cmake" in CMAKE_MODULE_PATH this
[2.040s]   project has asked CMake to find a package configuration file provided by
[2.040s]   "controller_manager", but CMake did not find one.
[2.040s] 
[2.040s]   Could not find a package configuration file provided by
[2.041s]   "controller_manager" with any of the following names:
[2.041s] 
[2.041s]     controller_managerConfig.cmake
[2.041s]     controller_manager-config.cmake
[2.041s] 
[2.041s]   Add the installation prefix of "controller_manager" to CMAKE_PREFIX_PATH or
[2.041s]   set "controller_manager_DIR" to a directory containing one of the above
[2.042s]   files.  If "controller_manager" provides a separate development package or
[2.042s]   SDK, be sure it has been installed.
[2.042s] 
[2.042s] [0m
[2.042s] -- Configuring incomplete, errors occurred!
[2.045s] Invoked command in '/home/darsh/ros2_ws/src/UR3_ROS2_PICK_AND_PLACE/build/ur_gazebo' returned '1': CMAKE_PREFIX_PATH=${CMAKE_PREFIX_PATH}:/opt/ros/jazzy /usr/bin/cmake /home/darsh/ros2_ws/src/UR3_ROS2_PICK_AND_PLACE/ur_gazebo -DCMAKE_INSTALL_PREFIX=/home/darsh/ros2_ws/src/UR3_ROS2_PICK_AND_PLACE/install/ur_gazebo
