[0.236s] DEBUG:colcon:Command line arguments: ['/usr/bin/colcon', 'build']
[0.236s] DEBUG:colcon:Parsed command line arguments: Namespace(log_base=None, log_level=None, verb_name='build', build_base='build', install_base='install', merge_install=False, symlink_install=False, test_result_base=None, continue_on_error=False, executor='parallel', parallel_workers=16, event_handlers=None, ignore_user_meta=False, metas=['./colcon.meta'], base_paths=['.'], packages_ignore=None, packages_ignore_regex=None, paths=None, packages_up_to=None, packages_up_to_regex=None, packages_above=None, packages_above_and_dependencies=None, packages_above_depth=None, packages_select_by_dep=None, packages_skip_by_dep=None, packages_skip_up_to=None, packages_select_build_failed=False, packages_skip_build_finished=False, packages_select_test_failures=False, packages_skip_test_passed=False, packages_select=None, packages_skip=None, packages_select_regex=None, packages_skip_regex=None, packages_start=None, packages_end=None, allow_overriding=[], cmake_args=None, cmake_target=None, cmake_target_skip_unavailable=False, cmake_clean_cache=False, cmake_clean_first=False, cmake_force_configure=False, ament_cmake_args=None, catkin_cmake_args=None, catkin_skip_building_tests=False, mixin_files=None, mixin=None, verb_parser=<colcon_mixin.mixin.mixin_argument.MixinArgumentDecorator object at 0x7fad9dd460c0>, verb_extension=<colcon_core.verb.build.BuildVerb object at 0x7fad9dd45e80>, main=<bound method BuildVerb.main of <colcon_core.verb.build.BuildVerb object at 0x7fad9dd45e80>>, mixin_verb=('build',))
[0.283s] Level 1:colcon.colcon_core.package_discovery:discover_packages(colcon_meta) check parameters
[0.284s] Level 1:colcon.colcon_core.package_discovery:discover_packages(recursive) check parameters
[0.284s] Level 1:colcon.colcon_core.package_discovery:discover_packages(ignore) check parameters
[0.284s] Level 1:colcon.colcon_core.package_discovery:discover_packages(path) check parameters
[0.284s] Level 1:colcon.colcon_core.package_discovery:discover_packages(colcon_meta) discover
[0.284s] Level 1:colcon.colcon_core.package_discovery:discover_packages(recursive) discover
[0.284s] INFO:colcon.colcon_core.package_discovery:Crawling recursively for packages in '/home/darsh/UR3_ROS2_PICK_AND_PLACE'
[0.284s] Level 1:colcon.colcon_core.package_identification:_identify(.) by extensions ['ignore', 'ignore_ament_install']
[0.284s] Level 1:colcon.colcon_core.package_identification:_identify(.) by extension 'ignore'
[0.284s] Level 1:colcon.colcon_core.package_identification:_identify(.) by extension 'ignore_ament_install'
[0.284s] Level 1:colcon.colcon_core.package_identification:_identify(.) by extensions ['colcon_pkg']
[0.284s] Level 1:colcon.colcon_core.package_identification:_identify(.) by extension 'colcon_pkg'
[0.284s] Level 1:colcon.colcon_core.package_identification:_identify(.) by extensions ['colcon_meta']
[0.285s] Level 1:colcon.colcon_core.package_identification:_identify(.) by extension 'colcon_meta'
[0.285s] Level 1:colcon.colcon_core.package_identification:_identify(.) by extensions ['ros']
[0.285s] Level 1:colcon.colcon_core.package_identification:_identify(.) by extension 'ros'
[0.315s] Level 1:colcon.colcon_core.package_identification:_identify(.) by extensions ['cmake', 'python']
[0.315s] Level 1:colcon.colcon_core.package_identification:_identify(.) by extension 'cmake'
[0.316s] Level 1:colcon.colcon_core.package_identification:_identify(.) by extension 'python'
[0.316s] Level 1:colcon.colcon_core.package_identification:_identify(.) by extensions ['python_setup_py']
[0.316s] Level 1:colcon.colcon_core.package_identification:_identify(.) by extension 'python_setup_py'
[0.316s] Level 1:colcon.colcon_core.package_identification:_identify(build) by extensions ['ignore', 'ignore_ament_install']
[0.316s] Level 1:colcon.colcon_core.package_identification:_identify(build) by extension 'ignore'
[0.316s] Level 1:colcon.colcon_core.package_identification:_identify(build) ignored
[0.316s] Level 1:colcon.colcon_core.package_identification:_identify(images) by extensions ['ignore', 'ignore_ament_install']
[0.317s] Level 1:colcon.colcon_core.package_identification:_identify(images) by extension 'ignore'
[0.317s] Level 1:colcon.colcon_core.package_identification:_identify(images) by extension 'ignore_ament_install'
[0.317s] Level 1:colcon.colcon_core.package_identification:_identify(images) by extensions ['colcon_pkg']
[0.317s] Level 1:colcon.colcon_core.package_identification:_identify(images) by extension 'colcon_pkg'
[0.317s] Level 1:colcon.colcon_core.package_identification:_identify(images) by extensions ['colcon_meta']
[0.317s] Level 1:colcon.colcon_core.package_identification:_identify(images) by extension 'colcon_meta'
[0.317s] Level 1:colcon.colcon_core.package_identification:_identify(images) by extensions ['ros']
[0.317s] Level 1:colcon.colcon_core.package_identification:_identify(images) by extension 'ros'
[0.317s] Level 1:colcon.colcon_core.package_identification:_identify(images) by extensions ['cmake', 'python']
[0.317s] Level 1:colcon.colcon_core.package_identification:_identify(images) by extension 'cmake'
[0.317s] Level 1:colcon.colcon_core.package_identification:_identify(images) by extension 'python'
[0.317s] Level 1:colcon.colcon_core.package_identification:_identify(images) by extensions ['python_setup_py']
[0.317s] Level 1:colcon.colcon_core.package_identification:_identify(images) by extension 'python_setup_py'
[0.317s] Level 1:colcon.colcon_core.package_identification:_identify(install) by extensions ['ignore', 'ignore_ament_install']
[0.318s] Level 1:colcon.colcon_core.package_identification:_identify(install) by extension 'ignore'
[0.318s] Level 1:colcon.colcon_core.package_identification:_identify(install) ignored
[0.318s] Level 1:colcon.colcon_core.package_identification:_identify(log) by extensions ['ignore', 'ignore_ament_install']
[0.318s] Level 1:colcon.colcon_core.package_identification:_identify(log) by extension 'ignore'
[0.318s] Level 1:colcon.colcon_core.package_identification:_identify(log) ignored
[0.318s] Level 1:colcon.colcon_core.package_identification:_identify(movit_config) by extensions ['ignore', 'ignore_ament_install']
[0.318s] Level 1:colcon.colcon_core.package_identification:_identify(movit_config) by extension 'ignore'
[0.318s] Level 1:colcon.colcon_core.package_identification:_identify(movit_config) by extension 'ignore_ament_install'
[0.319s] Level 1:colcon.colcon_core.package_identification:_identify(movit_config) by extensions ['colcon_pkg']
[0.319s] Level 1:colcon.colcon_core.package_identification:_identify(movit_config) by extension 'colcon_pkg'
[0.319s] Level 1:colcon.colcon_core.package_identification:_identify(movit_config) by extensions ['colcon_meta']
[0.319s] Level 1:colcon.colcon_core.package_identification:_identify(movit_config) by extension 'colcon_meta'
[0.319s] Level 1:colcon.colcon_core.package_identification:_identify(movit_config) by extensions ['ros']
[0.319s] Level 1:colcon.colcon_core.package_identification:_identify(movit_config) by extension 'ros'
[0.322s] DEBUG:colcon.colcon_core.package_identification:Package 'movit_config' with type 'ros.ament_cmake' and name 'movit_config'
[0.322s] Level 1:colcon.colcon_core.package_identification:_identify(robotiq_2f_85_gripper_visualization) by extensions ['ignore', 'ignore_ament_install']
[0.322s] Level 1:colcon.colcon_core.package_identification:_identify(robotiq_2f_85_gripper_visualization) by extension 'ignore'
[0.322s] Level 1:colcon.colcon_core.package_identification:_identify(robotiq_2f_85_gripper_visualization) by extension 'ignore_ament_install'
[0.322s] Level 1:colcon.colcon_core.package_identification:_identify(robotiq_2f_85_gripper_visualization) by extensions ['colcon_pkg']
[0.322s] Level 1:colcon.colcon_core.package_identification:_identify(robotiq_2f_85_gripper_visualization) by extension 'colcon_pkg'
[0.322s] Level 1:colcon.colcon_core.package_identification:_identify(robotiq_2f_85_gripper_visualization) by extensions ['colcon_meta']
[0.322s] Level 1:colcon.colcon_core.package_identification:_identify(robotiq_2f_85_gripper_visualization) by extension 'colcon_meta'
[0.323s] Level 1:colcon.colcon_core.package_identification:_identify(robotiq_2f_85_gripper_visualization) by extensions ['ros']
[0.323s] Level 1:colcon.colcon_core.package_identification:_identify(robotiq_2f_85_gripper_visualization) by extension 'ros'
[0.323s] DEBUG:colcon.colcon_core.package_identification:Package 'robotiq_2f_85_gripper_visualization' with type 'ros.ament_cmake' and name 'robotiq_2f_85_gripper_visualization'
[0.323s] Level 1:colcon.colcon_core.package_identification:_identify(ur_description) by extensions ['ignore', 'ignore_ament_install']
[0.324s] Level 1:colcon.colcon_core.package_identification:_identify(ur_description) by extension 'ignore'
[0.324s] Level 1:colcon.colcon_core.package_identification:_identify(ur_description) by extension 'ignore_ament_install'
[0.324s] Level 1:colcon.colcon_core.package_identification:_identify(ur_description) by extensions ['colcon_pkg']
[0.324s] Level 1:colcon.colcon_core.package_identification:_identify(ur_description) by extension 'colcon_pkg'
[0.324s] Level 1:colcon.colcon_core.package_identification:_identify(ur_description) by extensions ['colcon_meta']
[0.324s] Level 1:colcon.colcon_core.package_identification:_identify(ur_description) by extension 'colcon_meta'
[0.324s] Level 1:colcon.colcon_core.package_identification:_identify(ur_description) by extensions ['ros']
[0.324s] Level 1:colcon.colcon_core.package_identification:_identify(ur_description) by extension 'ros'
[0.325s] DEBUG:colcon.colcon_core.package_identification:Package 'ur_description' with type 'ros.ament_cmake' and name 'ur_description'
[0.325s] Level 1:colcon.colcon_core.package_identification:_identify(ur_gazebo) by extensions ['ignore', 'ignore_ament_install']
[0.325s] Level 1:colcon.colcon_core.package_identification:_identify(ur_gazebo) by extension 'ignore'
[0.325s] Level 1:colcon.colcon_core.package_identification:_identify(ur_gazebo) by extension 'ignore_ament_install'
[0.325s] Level 1:colcon.colcon_core.package_identification:_identify(ur_gazebo) by extensions ['colcon_pkg']
[0.325s] Level 1:colcon.colcon_core.package_identification:_identify(ur_gazebo) by extension 'colcon_pkg'
[0.325s] Level 1:colcon.colcon_core.package_identification:_identify(ur_gazebo) by extensions ['colcon_meta']
[0.325s] Level 1:colcon.colcon_core.package_identification:_identify(ur_gazebo) by extension 'colcon_meta'
[0.325s] Level 1:colcon.colcon_core.package_identification:_identify(ur_gazebo) by extensions ['ros']
[0.325s] Level 1:colcon.colcon_core.package_identification:_identify(ur_gazebo) by extension 'ros'
[0.326s] DEBUG:colcon.colcon_core.package_identification:Package 'ur_gazebo' with type 'ros.ament_cmake' and name 'ur_gazebo'
[0.326s] Level 1:colcon.colcon_core.package_identification:_identify(ur_interfaces) by extensions ['ignore', 'ignore_ament_install']
[0.327s] Level 1:colcon.colcon_core.package_identification:_identify(ur_interfaces) by extension 'ignore'
[0.327s] Level 1:colcon.colcon_core.package_identification:_identify(ur_interfaces) by extension 'ignore_ament_install'
[0.327s] Level 1:colcon.colcon_core.package_identification:_identify(ur_interfaces) by extensions ['colcon_pkg']
[0.327s] Level 1:colcon.colcon_core.package_identification:_identify(ur_interfaces) by extension 'colcon_pkg'
[0.327s] Level 1:colcon.colcon_core.package_identification:_identify(ur_interfaces) by extensions ['colcon_meta']
[0.327s] Level 1:colcon.colcon_core.package_identification:_identify(ur_interfaces) by extension 'colcon_meta'
[0.327s] Level 1:colcon.colcon_core.package_identification:_identify(ur_interfaces) by extensions ['ros']
[0.327s] Level 1:colcon.colcon_core.package_identification:_identify(ur_interfaces) by extension 'ros'
[0.327s] DEBUG:colcon.colcon_core.package_identification:Package 'ur_interfaces' with type 'ros.ament_cmake' and name 'ur_interfaces'
[0.327s] Level 1:colcon.colcon_core.package_discovery:discover_packages(recursive) using defaults
[0.328s] Level 1:colcon.colcon_core.package_discovery:discover_packages(ignore) discover
[0.328s] Level 1:colcon.colcon_core.package_discovery:discover_packages(ignore) using defaults
[0.328s] Level 1:colcon.colcon_core.package_discovery:discover_packages(path) discover
[0.328s] Level 1:colcon.colcon_core.package_discovery:discover_packages(path) using defaults
[0.350s] Level 1:colcon.colcon_core.package_discovery:discover_packages(prefix_path) check parameters
[0.350s] Level 1:colcon.colcon_core.package_discovery:discover_packages(prefix_path) discover
[0.352s] DEBUG:colcon.colcon_installed_package_information.package_discovery:Found 5 installed packages in /home/darsh/UR3_ROS2_PICK_AND_PLACE/install
[0.353s] DEBUG:colcon.colcon_installed_package_information.package_discovery:Found 7 installed packages in /home/darsh/ros2_ws/install
[0.355s] DEBUG:colcon.colcon_installed_package_information.package_discovery:Found 419 installed packages in /opt/ros/jazzy
[0.357s] Level 1:colcon.colcon_core.package_discovery:discover_packages(prefix_path) using defaults
[0.433s] Level 5:colcon.colcon_core.verb:set package 'robotiq_2f_85_gripper_visualization' build argument 'cmake_args' from command line to 'None'
[0.434s] Level 5:colcon.colcon_core.verb:set package 'robotiq_2f_85_gripper_visualization' build argument 'cmake_target' from command line to 'None'
[0.434s] Level 5:colcon.colcon_core.verb:set package 'robotiq_2f_85_gripper_visualization' build argument 'cmake_target_skip_unavailable' from command line to 'False'
[0.434s] Level 5:colcon.colcon_core.verb:set package 'robotiq_2f_85_gripper_visualization' build argument 'cmake_clean_cache' from command line to 'False'
[0.434s] Level 5:colcon.colcon_core.verb:set package 'robotiq_2f_85_gripper_visualization' build argument 'cmake_clean_first' from command line to 'False'
[0.434s] Level 5:colcon.colcon_core.verb:set package 'robotiq_2f_85_gripper_visualization' build argument 'cmake_force_configure' from command line to 'False'
[0.434s] Level 5:colcon.colcon_core.verb:set package 'robotiq_2f_85_gripper_visualization' build argument 'ament_cmake_args' from command line to 'None'
[0.434s] Level 5:colcon.colcon_core.verb:set package 'robotiq_2f_85_gripper_visualization' build argument 'catkin_cmake_args' from command line to 'None'
[0.434s] Level 5:colcon.colcon_core.verb:set package 'robotiq_2f_85_gripper_visualization' build argument 'catkin_skip_building_tests' from command line to 'False'
[0.434s] DEBUG:colcon.colcon_core.verb:Building package 'robotiq_2f_85_gripper_visualization' with the following arguments: {'ament_cmake_args': None, 'build_base': '/home/darsh/UR3_ROS2_PICK_AND_PLACE/build/robotiq_2f_85_gripper_visualization', 'catkin_cmake_args': None, 'catkin_skip_building_tests': False, 'cmake_args': None, 'cmake_clean_cache': False, 'cmake_clean_first': False, 'cmake_force_configure': False, 'cmake_target': None, 'cmake_target_skip_unavailable': False, 'install_base': '/home/darsh/UR3_ROS2_PICK_AND_PLACE/install/robotiq_2f_85_gripper_visualization', 'merge_install': False, 'path': '/home/darsh/UR3_ROS2_PICK_AND_PLACE/robotiq_2f_85_gripper_visualization', 'symlink_install': False, 'test_result_base': None}
[0.434s] Level 5:colcon.colcon_core.verb:set package 'ur_description' build argument 'cmake_args' from command line to 'None'
[0.434s] Level 5:colcon.colcon_core.verb:set package 'ur_description' build argument 'cmake_target' from command line to 'None'
[0.434s] Level 5:colcon.colcon_core.verb:set package 'ur_description' build argument 'cmake_target_skip_unavailable' from command line to 'False'
[0.434s] Level 5:colcon.colcon_core.verb:set package 'ur_description' build argument 'cmake_clean_cache' from command line to 'False'
[0.434s] Level 5:colcon.colcon_core.verb:set package 'ur_description' build argument 'cmake_clean_first' from command line to 'False'
[0.435s] Level 5:colcon.colcon_core.verb:set package 'ur_description' build argument 'cmake_force_configure' from command line to 'False'
[0.435s] Level 5:colcon.colcon_core.verb:set package 'ur_description' build argument 'ament_cmake_args' from command line to 'None'
[0.435s] Level 5:colcon.colcon_core.verb:set package 'ur_description' build argument 'catkin_cmake_args' from command line to 'None'
[0.435s] Level 5:colcon.colcon_core.verb:set package 'ur_description' build argument 'catkin_skip_building_tests' from command line to 'False'
[0.435s] DEBUG:colcon.colcon_core.verb:Building package 'ur_description' with the following arguments: {'ament_cmake_args': None, 'build_base': '/home/darsh/UR3_ROS2_PICK_AND_PLACE/build/ur_description', 'catkin_cmake_args': None, 'catkin_skip_building_tests': False, 'cmake_args': None, 'cmake_clean_cache': False, 'cmake_clean_first': False, 'cmake_force_configure': False, 'cmake_target': None, 'cmake_target_skip_unavailable': False, 'install_base': '/home/darsh/UR3_ROS2_PICK_AND_PLACE/install/ur_description', 'merge_install': False, 'path': '/home/darsh/UR3_ROS2_PICK_AND_PLACE/ur_description', 'symlink_install': False, 'test_result_base': None}
[0.435s] Level 5:colcon.colcon_core.verb:set package 'ur_gazebo' build argument 'cmake_args' from command line to 'None'
[0.435s] Level 5:colcon.colcon_core.verb:set package 'ur_gazebo' build argument 'cmake_target' from command line to 'None'
[0.435s] Level 5:colcon.colcon_core.verb:set package 'ur_gazebo' build argument 'cmake_target_skip_unavailable' from command line to 'False'
[0.435s] Level 5:colcon.colcon_core.verb:set package 'ur_gazebo' build argument 'cmake_clean_cache' from command line to 'False'
[0.435s] Level 5:colcon.colcon_core.verb:set package 'ur_gazebo' build argument 'cmake_clean_first' from command line to 'False'
[0.435s] Level 5:colcon.colcon_core.verb:set package 'ur_gazebo' build argument 'cmake_force_configure' from command line to 'False'
[0.435s] Level 5:colcon.colcon_core.verb:set package 'ur_gazebo' build argument 'ament_cmake_args' from command line to 'None'
[0.435s] Level 5:colcon.colcon_core.verb:set package 'ur_gazebo' build argument 'catkin_cmake_args' from command line to 'None'
[0.435s] Level 5:colcon.colcon_core.verb:set package 'ur_gazebo' build argument 'catkin_skip_building_tests' from command line to 'False'
[0.435s] DEBUG:colcon.colcon_core.verb:Building package 'ur_gazebo' with the following arguments: {'ament_cmake_args': None, 'build_base': '/home/darsh/UR3_ROS2_PICK_AND_PLACE/build/ur_gazebo', 'catkin_cmake_args': None, 'catkin_skip_building_tests': False, 'cmake_args': None, 'cmake_clean_cache': False, 'cmake_clean_first': False, 'cmake_force_configure': False, 'cmake_target': None, 'cmake_target_skip_unavailable': False, 'install_base': '/home/darsh/UR3_ROS2_PICK_AND_PLACE/install/ur_gazebo', 'merge_install': False, 'path': '/home/darsh/UR3_ROS2_PICK_AND_PLACE/ur_gazebo', 'symlink_install': False, 'test_result_base': None}
[0.436s] Level 5:colcon.colcon_core.verb:set package 'ur_interfaces' build argument 'cmake_args' from command line to 'None'
[0.436s] Level 5:colcon.colcon_core.verb:set package 'ur_interfaces' build argument 'cmake_target' from command line to 'None'
[0.436s] Level 5:colcon.colcon_core.verb:set package 'ur_interfaces' build argument 'cmake_target_skip_unavailable' from command line to 'False'
[0.436s] Level 5:colcon.colcon_core.verb:set package 'ur_interfaces' build argument 'cmake_clean_cache' from command line to 'False'
[0.436s] Level 5:colcon.colcon_core.verb:set package 'ur_interfaces' build argument 'cmake_clean_first' from command line to 'False'
[0.436s] Level 5:colcon.colcon_core.verb:set package 'ur_interfaces' build argument 'cmake_force_configure' from command line to 'False'
[0.436s] Level 5:colcon.colcon_core.verb:set package 'ur_interfaces' build argument 'ament_cmake_args' from command line to 'None'
[0.436s] Level 5:colcon.colcon_core.verb:set package 'ur_interfaces' build argument 'catkin_cmake_args' from command line to 'None'
[0.436s] Level 5:colcon.colcon_core.verb:set package 'ur_interfaces' build argument 'catkin_skip_building_tests' from command line to 'False'
[0.436s] DEBUG:colcon.colcon_core.verb:Building package 'ur_interfaces' with the following arguments: {'ament_cmake_args': None, 'build_base': '/home/darsh/UR3_ROS2_PICK_AND_PLACE/build/ur_interfaces', 'catkin_cmake_args': None, 'catkin_skip_building_tests': False, 'cmake_args': None, 'cmake_clean_cache': False, 'cmake_clean_first': False, 'cmake_force_configure': False, 'cmake_target': None, 'cmake_target_skip_unavailable': False, 'install_base': '/home/darsh/UR3_ROS2_PICK_AND_PLACE/install/ur_interfaces', 'merge_install': False, 'path': '/home/darsh/UR3_ROS2_PICK_AND_PLACE/ur_interfaces', 'symlink_install': False, 'test_result_base': None}
[0.436s] Level 5:colcon.colcon_core.verb:set package 'movit_config' build argument 'cmake_args' from command line to 'None'
[0.437s] Level 5:colcon.colcon_core.verb:set package 'movit_config' build argument 'cmake_target' from command line to 'None'
[0.437s] Level 5:colcon.colcon_core.verb:set package 'movit_config' build argument 'cmake_target_skip_unavailable' from command line to 'False'
[0.437s] Level 5:colcon.colcon_core.verb:set package 'movit_config' build argument 'cmake_clean_cache' from command line to 'False'
[0.437s] Level 5:colcon.colcon_core.verb:set package 'movit_config' build argument 'cmake_clean_first' from command line to 'False'
[0.437s] Level 5:colcon.colcon_core.verb:set package 'movit_config' build argument 'cmake_force_configure' from command line to 'False'
[0.437s] Level 5:colcon.colcon_core.verb:set package 'movit_config' build argument 'ament_cmake_args' from command line to 'None'
[0.437s] Level 5:colcon.colcon_core.verb:set package 'movit_config' build argument 'catkin_cmake_args' from command line to 'None'
[0.437s] Level 5:colcon.colcon_core.verb:set package 'movit_config' build argument 'catkin_skip_building_tests' from command line to 'False'
[0.437s] DEBUG:colcon.colcon_core.verb:Building package 'movit_config' with the following arguments: {'ament_cmake_args': None, 'build_base': '/home/darsh/UR3_ROS2_PICK_AND_PLACE/build/movit_config', 'catkin_cmake_args': None, 'catkin_skip_building_tests': False, 'cmake_args': None, 'cmake_clean_cache': False, 'cmake_clean_first': False, 'cmake_force_configure': False, 'cmake_target': None, 'cmake_target_skip_unavailable': False, 'install_base': '/home/darsh/UR3_ROS2_PICK_AND_PLACE/install/movit_config', 'merge_install': False, 'path': '/home/darsh/UR3_ROS2_PICK_AND_PLACE/movit_config', 'symlink_install': False, 'test_result_base': None}
[0.437s] INFO:colcon.colcon_core.executor:Executing jobs using 'parallel' executor
[0.438s] DEBUG:colcon.colcon_parallel_executor.executor.parallel:run_until_complete
[0.439s] INFO:colcon.colcon_ros.task.ament_cmake.build:Building ROS package in '/home/darsh/UR3_ROS2_PICK_AND_PLACE/ur_description' with build type 'ament_cmake'
[0.439s] INFO:colcon.colcon_cmake.task.cmake.build:Building CMake package in '/home/darsh/UR3_ROS2_PICK_AND_PLACE/ur_description'
[0.443s] INFO:colcon.colcon_core.plugin_system:Skipping extension 'colcon_core.shell.bat': Not used on non-Windows systems
[0.443s] INFO:colcon.colcon_core.shell:Skip shell extension 'powershell' for command environment: Not usable outside of PowerShell
[0.443s] DEBUG:colcon.colcon_core.shell:Skip shell extension 'dsv' for command environment
[0.448s] INFO:colcon.colcon_ros.task.ament_cmake.build:Building ROS package in '/home/darsh/UR3_ROS2_PICK_AND_PLACE/robotiq_2f_85_gripper_visualization' with build type 'ament_cmake'
[0.449s] INFO:colcon.colcon_cmake.task.cmake.build:Building CMake package in '/home/darsh/UR3_ROS2_PICK_AND_PLACE/robotiq_2f_85_gripper_visualization'
[0.449s] INFO:colcon.colcon_core.shell:Skip shell extension 'powershell' for command environment: Not usable outside of PowerShell
[0.449s] DEBUG:colcon.colcon_core.shell:Skip shell extension 'dsv' for command environment
[0.454s] INFO:colcon.colcon_ros.task.ament_cmake.build:Building ROS package in '/home/darsh/UR3_ROS2_PICK_AND_PLACE/ur_gazebo' with build type 'ament_cmake'
[0.455s] INFO:colcon.colcon_cmake.task.cmake.build:Building CMake package in '/home/darsh/UR3_ROS2_PICK_AND_PLACE/ur_gazebo'
[0.455s] INFO:colcon.colcon_core.shell:Skip shell extension 'powershell' for command environment: Not usable outside of PowerShell
[0.456s] DEBUG:colcon.colcon_core.shell:Skip shell extension 'dsv' for command environment
[0.462s] INFO:colcon.colcon_ros.task.ament_cmake.build:Building ROS package in '/home/darsh/UR3_ROS2_PICK_AND_PLACE/ur_interfaces' with build type 'ament_cmake'
[0.462s] INFO:colcon.colcon_cmake.task.cmake.build:Building CMake package in '/home/darsh/UR3_ROS2_PICK_AND_PLACE/ur_interfaces'
[0.463s] INFO:colcon.colcon_core.shell:Skip shell extension 'powershell' for command environment: Not usable outside of PowerShell
[0.463s] DEBUG:colcon.colcon_core.shell:Skip shell extension 'dsv' for command environment
[0.477s] DEBUG:colcon.colcon_core.event_handler.log_command:Invoking command in '/home/darsh/UR3_ROS2_PICK_AND_PLACE/build/ur_description': CMAKE_PREFIX_PATH=${CMAKE_PREFIX_PATH}:/home/darsh/ros2_ws/install/joint_state_publisher_gui:/home/darsh/ros2_ws/install/joint_state_publisher:/opt/ros/jazzy /usr/bin/cmake --build /home/darsh/UR3_ROS2_PICK_AND_PLACE/build/ur_description -- -j16 -l16
[0.484s] DEBUG:colcon.colcon_core.event_handler.log_command:Invoking command in '/home/darsh/UR3_ROS2_PICK_AND_PLACE/build/robotiq_2f_85_gripper_visualization': CMAKE_PREFIX_PATH=${CMAKE_PREFIX_PATH}:/home/darsh/ros2_ws/install/joint_state_publisher_gui:/home/darsh/ros2_ws/install/joint_state_publisher:/opt/ros/jazzy /usr/bin/cmake --build /home/darsh/UR3_ROS2_PICK_AND_PLACE/build/robotiq_2f_85_gripper_visualization -- -j16 -l16
[0.497s] DEBUG:colcon.colcon_core.event_handler.log_command:Invoking command in '/home/darsh/UR3_ROS2_PICK_AND_PLACE/build/ur_gazebo': CMAKE_PREFIX_PATH=${CMAKE_PREFIX_PATH}:/home/darsh/ros2_ws/install/joint_state_publisher_gui:/home/darsh/ros2_ws/install/joint_state_publisher:/opt/ros/jazzy /usr/bin/cmake --build /home/darsh/UR3_ROS2_PICK_AND_PLACE/build/ur_gazebo -- -j16 -l16
[0.504s] DEBUG:colcon.colcon_core.event_handler.log_command:Invoking command in '/home/darsh/UR3_ROS2_PICK_AND_PLACE/build/ur_interfaces': CMAKE_PREFIX_PATH=${CMAKE_PREFIX_PATH}:/home/darsh/ros2_ws/install/joint_state_publisher_gui:/home/darsh/ros2_ws/install/joint_state_publisher:/opt/ros/jazzy /usr/bin/cmake --build /home/darsh/UR3_ROS2_PICK_AND_PLACE/build/ur_interfaces -- -j16 -l16
[0.535s] DEBUG:colcon.colcon_core.event_handler.log_command:Invoked command in '/home/darsh/UR3_ROS2_PICK_AND_PLACE/build/ur_description' returned '0': CMAKE_PREFIX_PATH=${CMAKE_PREFIX_PATH}:/home/darsh/ros2_ws/install/joint_state_publisher_gui:/home/darsh/ros2_ws/install/joint_state_publisher:/opt/ros/jazzy /usr/bin/cmake --build /home/darsh/UR3_ROS2_PICK_AND_PLACE/build/ur_description -- -j16 -l16
[0.549s] DEBUG:colcon.colcon_core.event_handler.log_command:Invoking command in '/home/darsh/UR3_ROS2_PICK_AND_PLACE/build/ur_description': CMAKE_PREFIX_PATH=${CMAKE_PREFIX_PATH}:/home/darsh/ros2_ws/install/joint_state_publisher_gui:/home/darsh/ros2_ws/install/joint_state_publisher:/opt/ros/jazzy /usr/bin/cmake --install /home/darsh/UR3_ROS2_PICK_AND_PLACE/build/ur_description
[0.553s] DEBUG:colcon.colcon_core.event_handler.log_command:Invoked command in '/home/darsh/UR3_ROS2_PICK_AND_PLACE/build/robotiq_2f_85_gripper_visualization' returned '0': CMAKE_PREFIX_PATH=${CMAKE_PREFIX_PATH}:/home/darsh/ros2_ws/install/joint_state_publisher_gui:/home/darsh/ros2_ws/install/joint_state_publisher:/opt/ros/jazzy /usr/bin/cmake --build /home/darsh/UR3_ROS2_PICK_AND_PLACE/build/robotiq_2f_85_gripper_visualization -- -j16 -l16
[0.557s] DEBUG:colcon.colcon_core.event_handler.log_command:Invoking command in '/home/darsh/UR3_ROS2_PICK_AND_PLACE/build/robotiq_2f_85_gripper_visualization': CMAKE_PREFIX_PATH=${CMAKE_PREFIX_PATH}:/home/darsh/ros2_ws/install/joint_state_publisher_gui:/home/darsh/ros2_ws/install/joint_state_publisher:/opt/ros/jazzy /usr/bin/cmake --install /home/darsh/UR3_ROS2_PICK_AND_PLACE/build/robotiq_2f_85_gripper_visualization
[0.559s] DEBUG:colcon.colcon_core.event_handler.log_command:Invoked command in '/home/darsh/UR3_ROS2_PICK_AND_PLACE/build/ur_gazebo' returned '0': CMAKE_PREFIX_PATH=${CMAKE_PREFIX_PATH}:/home/darsh/ros2_ws/install/joint_state_publisher_gui:/home/darsh/ros2_ws/install/joint_state_publisher:/opt/ros/jazzy /usr/bin/cmake --build /home/darsh/UR3_ROS2_PICK_AND_PLACE/build/ur_gazebo -- -j16 -l16
[0.562s] DEBUG:colcon.colcon_core.event_handler.log_command:Invoking command in '/home/darsh/UR3_ROS2_PICK_AND_PLACE/build/ur_gazebo': CMAKE_PREFIX_PATH=${CMAKE_PREFIX_PATH}:/home/darsh/ros2_ws/install/joint_state_publisher_gui:/home/darsh/ros2_ws/install/joint_state_publisher:/opt/ros/jazzy /usr/bin/cmake --install /home/darsh/UR3_ROS2_PICK_AND_PLACE/build/ur_gazebo
[0.603s] Level 1:colcon.colcon_core.environment:create_environment_scripts_only(robotiq_2f_85_gripper_visualization)
[0.642s] Level 1:colcon.colcon_core.environment:checking '/home/darsh/UR3_ROS2_PICK_AND_PLACE/install/robotiq_2f_85_gripper_visualization' for CMake module files
[0.650s] Level 1:colcon.colcon_core.environment:checking '/home/darsh/UR3_ROS2_PICK_AND_PLACE/install/robotiq_2f_85_gripper_visualization' for CMake config files
[0.661s] Level 1:colcon.colcon_core.shell:create_environment_hook('robotiq_2f_85_gripper_visualization', 'cmake_prefix_path')
[0.661s] INFO:colcon.colcon_core.shell:Creating environment hook '/home/darsh/UR3_ROS2_PICK_AND_PLACE/install/robotiq_2f_85_gripper_visualization/share/robotiq_2f_85_gripper_visualization/hook/cmake_prefix_path.ps1'
[0.664s] INFO:colcon.colcon_core.shell:Creating environment descriptor '/home/darsh/UR3_ROS2_PICK_AND_PLACE/install/robotiq_2f_85_gripper_visualization/share/robotiq_2f_85_gripper_visualization/hook/cmake_prefix_path.dsv'
[0.667s] INFO:colcon.colcon_core.shell:Creating environment hook '/home/darsh/UR3_ROS2_PICK_AND_PLACE/install/robotiq_2f_85_gripper_visualization/share/robotiq_2f_85_gripper_visualization/hook/cmake_prefix_path.sh'
[0.673s] Level 1:colcon.colcon_core.environment:checking '/home/darsh/UR3_ROS2_PICK_AND_PLACE/install/robotiq_2f_85_gripper_visualization/bin'
[0.673s] Level 1:colcon.colcon_core.environment:checking '/home/darsh/UR3_ROS2_PICK_AND_PLACE/install/robotiq_2f_85_gripper_visualization/lib/pkgconfig/robotiq_2f_85_gripper_visualization.pc'
[0.673s] Level 1:colcon.colcon_core.environment:checking '/home/darsh/UR3_ROS2_PICK_AND_PLACE/install/robotiq_2f_85_gripper_visualization/lib/python3.12/site-packages'
[0.676s] Level 1:colcon.colcon_core.environment:checking '/home/darsh/UR3_ROS2_PICK_AND_PLACE/install/robotiq_2f_85_gripper_visualization/bin'
[0.676s] INFO:colcon.colcon_core.shell:Creating package script '/home/darsh/UR3_ROS2_PICK_AND_PLACE/install/robotiq_2f_85_gripper_visualization/share/robotiq_2f_85_gripper_visualization/package.ps1'
[0.682s] DEBUG:colcon.colcon_core.event_handler.log_command:Invoked command in '/home/darsh/UR3_ROS2_PICK_AND_PLACE/build/ur_interfaces' returned '0': CMAKE_PREFIX_PATH=${CMAKE_PREFIX_PATH}:/home/darsh/ros2_ws/install/joint_state_publisher_gui:/home/darsh/ros2_ws/install/joint_state_publisher:/opt/ros/jazzy /usr/bin/cmake --build /home/darsh/UR3_ROS2_PICK_AND_PLACE/build/ur_interfaces -- -j16 -l16
[0.684s] INFO:colcon.colcon_core.shell:Creating package descriptor '/home/darsh/UR3_ROS2_PICK_AND_PLACE/install/robotiq_2f_85_gripper_visualization/share/robotiq_2f_85_gripper_visualization/package.dsv'
[0.686s] INFO:colcon.colcon_core.shell:Creating package script '/home/darsh/UR3_ROS2_PICK_AND_PLACE/install/robotiq_2f_85_gripper_visualization/share/robotiq_2f_85_gripper_visualization/package.sh'
[0.691s] INFO:colcon.colcon_core.shell:Creating package script '/home/darsh/UR3_ROS2_PICK_AND_PLACE/install/robotiq_2f_85_gripper_visualization/share/robotiq_2f_85_gripper_visualization/package.bash'
[0.699s] INFO:colcon.colcon_core.shell:Creating package script '/home/darsh/UR3_ROS2_PICK_AND_PLACE/install/robotiq_2f_85_gripper_visualization/share/robotiq_2f_85_gripper_visualization/package.zsh'
[0.707s] Level 1:colcon.colcon_core.environment:create_file_with_runtime_dependencies(/home/darsh/UR3_ROS2_PICK_AND_PLACE/install/robotiq_2f_85_gripper_visualization/share/colcon-core/packages/robotiq_2f_85_gripper_visualization)
[0.710s] DEBUG:colcon.colcon_core.event_handler.log_command:Invoking command in '/home/darsh/UR3_ROS2_PICK_AND_PLACE/build/ur_interfaces': CMAKE_PREFIX_PATH=${CMAKE_PREFIX_PATH}:/home/darsh/ros2_ws/install/joint_state_publisher_gui:/home/darsh/ros2_ws/install/joint_state_publisher:/opt/ros/jazzy /usr/bin/cmake --install /home/darsh/UR3_ROS2_PICK_AND_PLACE/build/ur_interfaces
[0.717s] Level 1:colcon.colcon_core.environment:create_environment_scripts_only(robotiq_2f_85_gripper_visualization)
[0.718s] Level 1:colcon.colcon_core.environment:checking '/home/darsh/UR3_ROS2_PICK_AND_PLACE/install/robotiq_2f_85_gripper_visualization' for CMake module files
[0.732s] Level 1:colcon.colcon_core.environment:checking '/home/darsh/UR3_ROS2_PICK_AND_PLACE/install/robotiq_2f_85_gripper_visualization' for CMake config files
[0.746s] Level 1:colcon.colcon_core.shell:create_environment_hook('robotiq_2f_85_gripper_visualization', 'cmake_prefix_path')
[0.746s] INFO:colcon.colcon_core.shell:Creating environment hook '/home/darsh/UR3_ROS2_PICK_AND_PLACE/install/robotiq_2f_85_gripper_visualization/share/robotiq_2f_85_gripper_visualization/hook/cmake_prefix_path.ps1'
[0.752s] INFO:colcon.colcon_core.shell:Creating environment descriptor '/home/darsh/UR3_ROS2_PICK_AND_PLACE/install/robotiq_2f_85_gripper_visualization/share/robotiq_2f_85_gripper_visualization/hook/cmake_prefix_path.dsv'
[0.765s] INFO:colcon.colcon_core.shell:Creating environment hook '/home/darsh/UR3_ROS2_PICK_AND_PLACE/install/robotiq_2f_85_gripper_visualization/share/robotiq_2f_85_gripper_visualization/hook/cmake_prefix_path.sh'
[0.772s] Level 1:colcon.colcon_core.environment:checking '/home/darsh/UR3_ROS2_PICK_AND_PLACE/install/robotiq_2f_85_gripper_visualization/bin'
[0.772s] Level 1:colcon.colcon_core.environment:checking '/home/darsh/UR3_ROS2_PICK_AND_PLACE/install/robotiq_2f_85_gripper_visualization/lib/pkgconfig/robotiq_2f_85_gripper_visualization.pc'
[0.773s] Level 1:colcon.colcon_core.environment:checking '/home/darsh/UR3_ROS2_PICK_AND_PLACE/install/robotiq_2f_85_gripper_visualization/lib/python3.12/site-packages'
[0.773s] Level 1:colcon.colcon_core.environment:checking '/home/darsh/UR3_ROS2_PICK_AND_PLACE/install/robotiq_2f_85_gripper_visualization/bin'
[0.773s] INFO:colcon.colcon_core.shell:Creating package script '/home/darsh/UR3_ROS2_PICK_AND_PLACE/install/robotiq_2f_85_gripper_visualization/share/robotiq_2f_85_gripper_visualization/package.ps1'
[0.778s] INFO:colcon.colcon_core.shell:Creating package descriptor '/home/darsh/UR3_ROS2_PICK_AND_PLACE/install/robotiq_2f_85_gripper_visualization/share/robotiq_2f_85_gripper_visualization/package.dsv'
[0.783s] INFO:colcon.colcon_core.shell:Creating package script '/home/darsh/UR3_ROS2_PICK_AND_PLACE/install/robotiq_2f_85_gripper_visualization/share/robotiq_2f_85_gripper_visualization/package.sh'
[0.786s] INFO:colcon.colcon_core.shell:Creating package script '/home/darsh/UR3_ROS2_PICK_AND_PLACE/install/robotiq_2f_85_gripper_visualization/share/robotiq_2f_85_gripper_visualization/package.bash'
[0.787s] INFO:colcon.colcon_core.shell:Creating package script '/home/darsh/UR3_ROS2_PICK_AND_PLACE/install/robotiq_2f_85_gripper_visualization/share/robotiq_2f_85_gripper_visualization/package.zsh'
[0.788s] Level 1:colcon.colcon_core.environment:create_file_with_runtime_dependencies(/home/darsh/UR3_ROS2_PICK_AND_PLACE/install/robotiq_2f_85_gripper_visualization/share/colcon-core/packages/robotiq_2f_85_gripper_visualization)
[0.799s] Level 1:colcon.colcon_core.environment:create_environment_scripts_only(ur_description)
[0.800s] Level 1:colcon.colcon_core.environment:checking '/home/darsh/UR3_ROS2_PICK_AND_PLACE/install/ur_description' for CMake module files
[0.804s] Level 1:colcon.colcon_core.environment:checking '/home/darsh/UR3_ROS2_PICK_AND_PLACE/install/ur_description' for CMake config files
[0.822s] Level 1:colcon.colcon_core.shell:create_environment_hook('ur_description', 'cmake_prefix_path')
[0.823s] INFO:colcon.colcon_core.shell:Creating environment hook '/home/darsh/UR3_ROS2_PICK_AND_PLACE/install/ur_description/share/ur_description/hook/cmake_prefix_path.ps1'
[0.826s] INFO:colcon.colcon_core.shell:Creating environment descriptor '/home/darsh/UR3_ROS2_PICK_AND_PLACE/install/ur_description/share/ur_description/hook/cmake_prefix_path.dsv'
[0.830s] INFO:colcon.colcon_core.shell:Creating environment hook '/home/darsh/UR3_ROS2_PICK_AND_PLACE/install/ur_description/share/ur_description/hook/cmake_prefix_path.sh'
[0.833s] Level 1:colcon.colcon_core.environment:checking '/home/darsh/UR3_ROS2_PICK_AND_PLACE/install/ur_description/bin'
[0.833s] Level 1:colcon.colcon_core.environment:checking '/home/darsh/UR3_ROS2_PICK_AND_PLACE/install/ur_description/lib/pkgconfig/ur_description.pc'
[0.834s] Level 1:colcon.colcon_core.environment:checking '/home/darsh/UR3_ROS2_PICK_AND_PLACE/install/ur_description/lib/python3.12/site-packages'
[0.834s] Level 1:colcon.colcon_core.environment:checking '/home/darsh/UR3_ROS2_PICK_AND_PLACE/install/ur_description/bin'
[0.835s] INFO:colcon.colcon_core.shell:Creating package script '/home/darsh/UR3_ROS2_PICK_AND_PLACE/install/ur_description/share/ur_description/package.ps1'
[0.836s] INFO:colcon.colcon_core.shell:Creating package descriptor '/home/darsh/UR3_ROS2_PICK_AND_PLACE/install/ur_description/share/ur_description/package.dsv'
[0.837s] INFO:colcon.colcon_core.shell:Creating package script '/home/darsh/UR3_ROS2_PICK_AND_PLACE/install/ur_description/share/ur_description/package.sh'
[0.846s] INFO:colcon.colcon_core.shell:Creating package script '/home/darsh/UR3_ROS2_PICK_AND_PLACE/install/ur_description/share/ur_description/package.bash'
[0.849s] INFO:colcon.colcon_core.shell:Creating package script '/home/darsh/UR3_ROS2_PICK_AND_PLACE/install/ur_description/share/ur_description/package.zsh'
[0.851s] Level 1:colcon.colcon_core.environment:create_file_with_runtime_dependencies(/home/darsh/UR3_ROS2_PICK_AND_PLACE/install/ur_description/share/colcon-core/packages/ur_description)
[0.859s] Level 1:colcon.colcon_core.environment:create_environment_scripts_only(ur_description)
[0.859s] Level 1:colcon.colcon_core.environment:checking '/home/darsh/UR3_ROS2_PICK_AND_PLACE/install/ur_description' for CMake module files
[0.867s] Level 1:colcon.colcon_core.environment:checking '/home/darsh/UR3_ROS2_PICK_AND_PLACE/install/ur_description' for CMake config files
[0.884s] Level 1:colcon.colcon_core.shell:create_environment_hook('ur_description', 'cmake_prefix_path')
[0.884s] INFO:colcon.colcon_core.shell:Creating environment hook '/home/darsh/UR3_ROS2_PICK_AND_PLACE/install/ur_description/share/ur_description/hook/cmake_prefix_path.ps1'
[0.891s] INFO:colcon.colcon_core.shell:Creating environment descriptor '/home/darsh/UR3_ROS2_PICK_AND_PLACE/install/ur_description/share/ur_description/hook/cmake_prefix_path.dsv'
[0.893s] INFO:colcon.colcon_core.shell:Creating environment hook '/home/darsh/UR3_ROS2_PICK_AND_PLACE/install/ur_description/share/ur_description/hook/cmake_prefix_path.sh'
[0.895s] Level 1:colcon.colcon_core.environment:checking '/home/darsh/UR3_ROS2_PICK_AND_PLACE/install/ur_description/bin'
[0.895s] Level 1:colcon.colcon_core.environment:checking '/home/darsh/UR3_ROS2_PICK_AND_PLACE/install/ur_description/lib/pkgconfig/ur_description.pc'
[0.895s] Level 1:colcon.colcon_core.environment:checking '/home/darsh/UR3_ROS2_PICK_AND_PLACE/install/ur_description/lib/python3.12/site-packages'
[0.896s] Level 1:colcon.colcon_core.environment:checking '/home/darsh/UR3_ROS2_PICK_AND_PLACE/install/ur_description/bin'
[0.896s] INFO:colcon.colcon_core.shell:Creating package script '/home/darsh/UR3_ROS2_PICK_AND_PLACE/install/ur_description/share/ur_description/package.ps1'
[0.897s] INFO:colcon.colcon_core.shell:Creating package descriptor '/home/darsh/UR3_ROS2_PICK_AND_PLACE/install/ur_description/share/ur_description/package.dsv'
[0.904s] INFO:colcon.colcon_core.shell:Creating package script '/home/darsh/UR3_ROS2_PICK_AND_PLACE/install/ur_description/share/ur_description/package.sh'
[0.907s] INFO:colcon.colcon_core.shell:Creating package script '/home/darsh/UR3_ROS2_PICK_AND_PLACE/install/ur_description/share/ur_description/package.bash'
[0.912s] INFO:colcon.colcon_core.shell:Creating package script '/home/darsh/UR3_ROS2_PICK_AND_PLACE/install/ur_description/share/ur_description/package.zsh'
[0.916s] Level 1:colcon.colcon_core.environment:create_file_with_runtime_dependencies(/home/darsh/UR3_ROS2_PICK_AND_PLACE/install/ur_description/share/colcon-core/packages/ur_description)
[0.916s] Level 1:colcon.colcon_core.environment:create_environment_scripts_only(ur_interfaces)
[0.916s] Level 1:colcon.colcon_core.environment:checking '/home/darsh/UR3_ROS2_PICK_AND_PLACE/install/ur_interfaces' for CMake module files
[0.919s] DEBUG:colcon.colcon_core.event_handler.log_command:Invoked command in '/home/darsh/UR3_ROS2_PICK_AND_PLACE/build/robotiq_2f_85_gripper_visualization' returned '0': CMAKE_PREFIX_PATH=${CMAKE_PREFIX_PATH}:/home/darsh/ros2_ws/install/joint_state_publisher_gui:/home/darsh/ros2_ws/install/joint_state_publisher:/opt/ros/jazzy /usr/bin/cmake --install /home/darsh/UR3_ROS2_PICK_AND_PLACE/build/robotiq_2f_85_gripper_visualization
[0.921s] Level 1:colcon.colcon_core.environment:checking '/home/darsh/UR3_ROS2_PICK_AND_PLACE/install/ur_interfaces' for CMake config files
[0.927s] Level 1:colcon.colcon_core.shell:create_environment_hook('ur_interfaces', 'cmake_prefix_path')
[0.928s] INFO:colcon.colcon_core.shell:Creating environment hook '/home/darsh/UR3_ROS2_PICK_AND_PLACE/install/ur_interfaces/share/ur_interfaces/hook/cmake_prefix_path.ps1'
[0.932s] INFO:colcon.colcon_core.shell:Creating environment descriptor '/home/darsh/UR3_ROS2_PICK_AND_PLACE/install/ur_interfaces/share/ur_interfaces/hook/cmake_prefix_path.dsv'
[0.940s] INFO:colcon.colcon_core.shell:Creating environment hook '/home/darsh/UR3_ROS2_PICK_AND_PLACE/install/ur_interfaces/share/ur_interfaces/hook/cmake_prefix_path.sh'
[0.944s] Level 1:colcon.colcon_core.environment:checking '/home/darsh/UR3_ROS2_PICK_AND_PLACE/install/ur_interfaces/bin'
[0.944s] Level 1:colcon.colcon_core.environment:checking '/home/darsh/UR3_ROS2_PICK_AND_PLACE/install/ur_interfaces/lib/pkgconfig/ur_interfaces.pc'
[0.945s] Level 1:colcon.colcon_core.environment:checking '/home/darsh/UR3_ROS2_PICK_AND_PLACE/install/ur_interfaces/lib/python3.12/site-packages'
[0.946s] Level 1:colcon.colcon_core.environment:checking '/home/darsh/UR3_ROS2_PICK_AND_PLACE/install/ur_interfaces/bin'
[0.946s] INFO:colcon.colcon_core.shell:Creating package script '/home/darsh/UR3_ROS2_PICK_AND_PLACE/install/ur_interfaces/share/ur_interfaces/package.ps1'
[0.947s] INFO:colcon.colcon_core.shell:Creating package descriptor '/home/darsh/UR3_ROS2_PICK_AND_PLACE/install/ur_interfaces/share/ur_interfaces/package.dsv'
[0.949s] INFO:colcon.colcon_core.shell:Creating package script '/home/darsh/UR3_ROS2_PICK_AND_PLACE/install/ur_interfaces/share/ur_interfaces/package.sh'
[0.952s] INFO:colcon.colcon_core.shell:Creating package script '/home/darsh/UR3_ROS2_PICK_AND_PLACE/install/ur_interfaces/share/ur_interfaces/package.bash'
[0.958s] INFO:colcon.colcon_core.shell:Creating package script '/home/darsh/UR3_ROS2_PICK_AND_PLACE/install/ur_interfaces/share/ur_interfaces/package.zsh'
[0.961s] Level 1:colcon.colcon_core.environment:create_file_with_runtime_dependencies(/home/darsh/UR3_ROS2_PICK_AND_PLACE/install/ur_interfaces/share/colcon-core/packages/ur_interfaces)
[0.971s] Level 1:colcon.colcon_core.environment:create_environment_scripts_only(ur_interfaces)
[0.971s] Level 1:colcon.colcon_core.environment:checking '/home/darsh/UR3_ROS2_PICK_AND_PLACE/install/ur_interfaces' for CMake module files
[0.978s] Level 1:colcon.colcon_core.environment:checking '/home/darsh/UR3_ROS2_PICK_AND_PLACE/install/ur_interfaces' for CMake config files
[0.992s] Level 1:colcon.colcon_core.shell:create_environment_hook('ur_interfaces', 'cmake_prefix_path')
[0.992s] INFO:colcon.colcon_core.shell:Creating environment hook '/home/darsh/UR3_ROS2_PICK_AND_PLACE/install/ur_interfaces/share/ur_interfaces/hook/cmake_prefix_path.ps1'
[0.995s] INFO:colcon.colcon_core.shell:Creating environment descriptor '/home/darsh/UR3_ROS2_PICK_AND_PLACE/install/ur_interfaces/share/ur_interfaces/hook/cmake_prefix_path.dsv'
[1.002s] INFO:colcon.colcon_core.shell:Creating environment hook '/home/darsh/UR3_ROS2_PICK_AND_PLACE/install/ur_interfaces/share/ur_interfaces/hook/cmake_prefix_path.sh'
[1.004s] Level 1:colcon.colcon_core.environment:checking '/home/darsh/UR3_ROS2_PICK_AND_PLACE/install/ur_interfaces/bin'
[1.004s] Level 1:colcon.colcon_core.environment:checking '/home/darsh/UR3_ROS2_PICK_AND_PLACE/install/ur_interfaces/lib/pkgconfig/ur_interfaces.pc'
[1.004s] Level 1:colcon.colcon_core.environment:checking '/home/darsh/UR3_ROS2_PICK_AND_PLACE/install/ur_interfaces/lib/python3.12/site-packages'
[1.005s] Level 1:colcon.colcon_core.environment:checking '/home/darsh/UR3_ROS2_PICK_AND_PLACE/install/ur_interfaces/bin'
[1.006s] INFO:colcon.colcon_core.shell:Creating package script '/home/darsh/UR3_ROS2_PICK_AND_PLACE/install/ur_interfaces/share/ur_interfaces/package.ps1'
[1.008s] INFO:colcon.colcon_core.shell:Creating package descriptor '/home/darsh/UR3_ROS2_PICK_AND_PLACE/install/ur_interfaces/share/ur_interfaces/package.dsv'
[1.011s] INFO:colcon.colcon_core.shell:Creating package script '/home/darsh/UR3_ROS2_PICK_AND_PLACE/install/ur_interfaces/share/ur_interfaces/package.sh'
[1.013s] INFO:colcon.colcon_core.shell:Creating package script '/home/darsh/UR3_ROS2_PICK_AND_PLACE/install/ur_interfaces/share/ur_interfaces/package.bash'
[1.015s] INFO:colcon.colcon_core.shell:Creating package script '/home/darsh/UR3_ROS2_PICK_AND_PLACE/install/ur_interfaces/share/ur_interfaces/package.zsh'
[1.016s] Level 1:colcon.colcon_core.environment:create_file_with_runtime_dependencies(/home/darsh/UR3_ROS2_PICK_AND_PLACE/install/ur_interfaces/share/colcon-core/packages/ur_interfaces)
[1.017s] INFO:colcon.colcon_ros.task.ament_cmake.build:Building ROS package in '/home/darsh/UR3_ROS2_PICK_AND_PLACE/movit_config' with build type 'ament_cmake'
[1.018s] INFO:colcon.colcon_cmake.task.cmake.build:Building CMake package in '/home/darsh/UR3_ROS2_PICK_AND_PLACE/movit_config'
[1.018s] INFO:colcon.colcon_core.shell:Skip shell extension 'powershell' for command environment: Not usable outside of PowerShell
[1.018s] DEBUG:colcon.colcon_core.shell:Skip shell extension 'dsv' for command environment
[1.061s] DEBUG:colcon.colcon_core.event_handler.log_command:Invoked command in '/home/darsh/UR3_ROS2_PICK_AND_PLACE/build/ur_description' returned '0': CMAKE_PREFIX_PATH=${CMAKE_PREFIX_PATH}:/home/darsh/ros2_ws/install/joint_state_publisher_gui:/home/darsh/ros2_ws/install/joint_state_publisher:/opt/ros/jazzy /usr/bin/cmake --install /home/darsh/UR3_ROS2_PICK_AND_PLACE/build/ur_description
[1.064s] DEBUG:colcon.colcon_core.event_handler.log_command:Invoked command in '/home/darsh/UR3_ROS2_PICK_AND_PLACE/build/ur_interfaces' returned '0': CMAKE_PREFIX_PATH=${CMAKE_PREFIX_PATH}:/home/darsh/ros2_ws/install/joint_state_publisher_gui:/home/darsh/ros2_ws/install/joint_state_publisher:/opt/ros/jazzy /usr/bin/cmake --install /home/darsh/UR3_ROS2_PICK_AND_PLACE/build/ur_interfaces
[1.072s] Level 1:colcon.colcon_core.environment:create_environment_scripts_only(ur_gazebo)
[1.072s] Level 1:colcon.colcon_core.environment:checking '/home/darsh/UR3_ROS2_PICK_AND_PLACE/install/ur_gazebo' for CMake module files
[1.074s] DEBUG:colcon.colcon_core.event_handler.log_command:Invoked command in '/home/darsh/UR3_ROS2_PICK_AND_PLACE/build/ur_gazebo' returned '0': CMAKE_PREFIX_PATH=${CMAKE_PREFIX_PATH}:/home/darsh/ros2_ws/install/joint_state_publisher_gui:/home/darsh/ros2_ws/install/joint_state_publisher:/opt/ros/jazzy /usr/bin/cmake --install /home/darsh/UR3_ROS2_PICK_AND_PLACE/build/ur_gazebo
[1.075s] Level 1:colcon.colcon_core.environment:checking '/home/darsh/UR3_ROS2_PICK_AND_PLACE/install/ur_gazebo' for CMake config files
[1.075s] Level 1:colcon.colcon_core.shell:create_environment_hook('ur_gazebo', 'cmake_prefix_path')
[1.076s] INFO:colcon.colcon_core.shell:Creating environment hook '/home/darsh/UR3_ROS2_PICK_AND_PLACE/install/ur_gazebo/share/ur_gazebo/hook/cmake_prefix_path.ps1'
[1.076s] INFO:colcon.colcon_core.shell:Creating environment descriptor '/home/darsh/UR3_ROS2_PICK_AND_PLACE/install/ur_gazebo/share/ur_gazebo/hook/cmake_prefix_path.dsv'
[1.077s] INFO:colcon.colcon_core.shell:Creating environment hook '/home/darsh/UR3_ROS2_PICK_AND_PLACE/install/ur_gazebo/share/ur_gazebo/hook/cmake_prefix_path.sh'
[1.078s] Level 1:colcon.colcon_core.environment:checking '/home/darsh/UR3_ROS2_PICK_AND_PLACE/install/ur_gazebo/bin'
[1.079s] Level 1:colcon.colcon_core.environment:checking '/home/darsh/UR3_ROS2_PICK_AND_PLACE/install/ur_gazebo/lib/pkgconfig/ur_gazebo.pc'
[1.079s] Level 1:colcon.colcon_core.environment:checking '/home/darsh/UR3_ROS2_PICK_AND_PLACE/install/ur_gazebo/lib/python3.12/site-packages'
[1.080s] Level 1:colcon.colcon_core.environment:checking '/home/darsh/UR3_ROS2_PICK_AND_PLACE/install/ur_gazebo/bin'
[1.080s] INFO:colcon.colcon_core.shell:Creating package script '/home/darsh/UR3_ROS2_PICK_AND_PLACE/install/ur_gazebo/share/ur_gazebo/package.ps1'
[1.081s] INFO:colcon.colcon_core.shell:Creating package descriptor '/home/darsh/UR3_ROS2_PICK_AND_PLACE/install/ur_gazebo/share/ur_gazebo/package.dsv'
[1.082s] INFO:colcon.colcon_core.shell:Creating package script '/home/darsh/UR3_ROS2_PICK_AND_PLACE/install/ur_gazebo/share/ur_gazebo/package.sh'
[1.083s] INFO:colcon.colcon_core.shell:Creating package script '/home/darsh/UR3_ROS2_PICK_AND_PLACE/install/ur_gazebo/share/ur_gazebo/package.bash'
[1.083s] INFO:colcon.colcon_core.shell:Creating package script '/home/darsh/UR3_ROS2_PICK_AND_PLACE/install/ur_gazebo/share/ur_gazebo/package.zsh'
[1.084s] Level 1:colcon.colcon_core.environment:create_file_with_runtime_dependencies(/home/darsh/UR3_ROS2_PICK_AND_PLACE/install/ur_gazebo/share/colcon-core/packages/ur_gazebo)
[1.085s] Level 1:colcon.colcon_core.environment:create_environment_scripts_only(ur_gazebo)
[1.085s] Level 1:colcon.colcon_core.environment:checking '/home/darsh/UR3_ROS2_PICK_AND_PLACE/install/ur_gazebo' for CMake module files
[1.086s] Level 1:colcon.colcon_core.environment:checking '/home/darsh/UR3_ROS2_PICK_AND_PLACE/install/ur_gazebo' for CMake config files
[1.086s] Level 1:colcon.colcon_core.shell:create_environment_hook('ur_gazebo', 'cmake_prefix_path')
[1.086s] INFO:colcon.colcon_core.shell:Creating environment hook '/home/darsh/UR3_ROS2_PICK_AND_PLACE/install/ur_gazebo/share/ur_gazebo/hook/cmake_prefix_path.ps1'
[1.087s] INFO:colcon.colcon_core.shell:Creating environment descriptor '/home/darsh/UR3_ROS2_PICK_AND_PLACE/install/ur_gazebo/share/ur_gazebo/hook/cmake_prefix_path.dsv'
[1.088s] INFO:colcon.colcon_core.shell:Creating environment hook '/home/darsh/UR3_ROS2_PICK_AND_PLACE/install/ur_gazebo/share/ur_gazebo/hook/cmake_prefix_path.sh'
[1.089s] Level 1:colcon.colcon_core.environment:checking '/home/darsh/UR3_ROS2_PICK_AND_PLACE/install/ur_gazebo/bin'
[1.089s] Level 1:colcon.colcon_core.environment:checking '/home/darsh/UR3_ROS2_PICK_AND_PLACE/install/ur_gazebo/lib/pkgconfig/ur_gazebo.pc'
[1.089s] Level 1:colcon.colcon_core.environment:checking '/home/darsh/UR3_ROS2_PICK_AND_PLACE/install/ur_gazebo/lib/python3.12/site-packages'
[1.090s] Level 1:colcon.colcon_core.environment:checking '/home/darsh/UR3_ROS2_PICK_AND_PLACE/install/ur_gazebo/bin'
[1.091s] INFO:colcon.colcon_core.shell:Creating package script '/home/darsh/UR3_ROS2_PICK_AND_PLACE/install/ur_gazebo/share/ur_gazebo/package.ps1'
[1.092s] INFO:colcon.colcon_core.shell:Creating package descriptor '/home/darsh/UR3_ROS2_PICK_AND_PLACE/install/ur_gazebo/share/ur_gazebo/package.dsv'
[1.093s] INFO:colcon.colcon_core.shell:Creating package script '/home/darsh/UR3_ROS2_PICK_AND_PLACE/install/ur_gazebo/share/ur_gazebo/package.sh'
[1.093s] INFO:colcon.colcon_core.shell:Creating package script '/home/darsh/UR3_ROS2_PICK_AND_PLACE/install/ur_gazebo/share/ur_gazebo/package.bash'
[1.094s] INFO:colcon.colcon_core.shell:Creating package script '/home/darsh/UR3_ROS2_PICK_AND_PLACE/install/ur_gazebo/share/ur_gazebo/package.zsh'
[1.095s] Level 1:colcon.colcon_core.environment:create_file_with_runtime_dependencies(/home/darsh/UR3_ROS2_PICK_AND_PLACE/install/ur_gazebo/share/colcon-core/packages/ur_gazebo)
[1.145s] DEBUG:colcon.colcon_core.event_handler.log_command:Invoking command in '/home/darsh/UR3_ROS2_PICK_AND_PLACE/build/movit_config': CMAKE_PREFIX_PATH=/home/darsh/UR3_ROS2_PICK_AND_PLACE/install/ur_description:/home/darsh/UR3_ROS2_PICK_AND_PLACE/install/ur_interfaces:/home/darsh/UR3_ROS2_PICK_AND_PLACE/install/ur_gazebo:/home/darsh/UR3_ROS2_PICK_AND_PLACE/install/movit_config:/home/darsh/UR3_ROS2_PICK_AND_PLACE/install/robotiq_2f_85_gripper_visualization:/home/darsh/ros2_ws/install/ur_interfaces:/home/darsh/ros2_ws/install/ur_gazebo:/home/darsh/ros2_ws/install/movit_config:/home/darsh/ros2_ws/install/ur_description:/home/darsh/ros2_ws/install/robotiq_2f_85_gripper_visualization:/opt/ros/jazzy/opt/gz_sim_vendor:/opt/ros/jazzy/opt/gz_sensors_vendor:/opt/ros/jazzy/opt/gz_physics_vendor:/opt/ros/jazzy/opt/sdformat_vendor:/opt/ros/jazzy/opt/gz_gui_vendor:/opt/ros/jazzy/opt/gz_transport_vendor:/opt/ros/jazzy/opt/gz_rendering_vendor:/opt/ros/jazzy/opt/gz_plugin_vendor:/opt/ros/jazzy/opt/gz_fuel_tools_vendor:/opt/ros/jazzy/opt/gz_msgs_vendor:/opt/ros/jazzy/opt/gz_common_vendor:/opt/ros/jazzy/opt/gz_tools_vendor:/opt/ros/jazzy/opt/gz_ogre_next_vendor:/opt/ros/jazzy/opt/gz_dartsim_vendor:/opt/ros/jazzy/opt/gz_math_vendor:/opt/ros/jazzy/opt/gz_utils_vendor:/opt/ros/jazzy/opt/gz_cmake_vendor:/home/darsh/ros2_ws/install/joint_state_publisher_gui:/home/darsh/ros2_ws/install/joint_state_publisher:/opt/ros/jazzy /usr/bin/cmake --build /home/darsh/UR3_ROS2_PICK_AND_PLACE/build/movit_config -- -j16 -l16
[1.190s] DEBUG:colcon.colcon_core.event_handler.log_command:Invoked command in '/home/darsh/UR3_ROS2_PICK_AND_PLACE/build/movit_config' returned '0': CMAKE_PREFIX_PATH=/home/darsh/UR3_ROS2_PICK_AND_PLACE/install/ur_description:/home/darsh/UR3_ROS2_PICK_AND_PLACE/install/ur_interfaces:/home/darsh/UR3_ROS2_PICK_AND_PLACE/install/ur_gazebo:/home/darsh/UR3_ROS2_PICK_AND_PLACE/install/movit_config:/home/darsh/UR3_ROS2_PICK_AND_PLACE/install/robotiq_2f_85_gripper_visualization:/home/darsh/ros2_ws/install/ur_interfaces:/home/darsh/ros2_ws/install/ur_gazebo:/home/darsh/ros2_ws/install/movit_config:/home/darsh/ros2_ws/install/ur_description:/home/darsh/ros2_ws/install/robotiq_2f_85_gripper_visualization:/opt/ros/jazzy/opt/gz_sim_vendor:/opt/ros/jazzy/opt/gz_sensors_vendor:/opt/ros/jazzy/opt/gz_physics_vendor:/opt/ros/jazzy/opt/sdformat_vendor:/opt/ros/jazzy/opt/gz_gui_vendor:/opt/ros/jazzy/opt/gz_transport_vendor:/opt/ros/jazzy/opt/gz_rendering_vendor:/opt/ros/jazzy/opt/gz_plugin_vendor:/opt/ros/jazzy/opt/gz_fuel_tools_vendor:/opt/ros/jazzy/opt/gz_msgs_vendor:/opt/ros/jazzy/opt/gz_common_vendor:/opt/ros/jazzy/opt/gz_tools_vendor:/opt/ros/jazzy/opt/gz_ogre_next_vendor:/opt/ros/jazzy/opt/gz_dartsim_vendor:/opt/ros/jazzy/opt/gz_math_vendor:/opt/ros/jazzy/opt/gz_utils_vendor:/opt/ros/jazzy/opt/gz_cmake_vendor:/home/darsh/ros2_ws/install/joint_state_publisher_gui:/home/darsh/ros2_ws/install/joint_state_publisher:/opt/ros/jazzy /usr/bin/cmake --build /home/darsh/UR3_ROS2_PICK_AND_PLACE/build/movit_config -- -j16 -l16
[1.192s] DEBUG:colcon.colcon_core.event_handler.log_command:Invoking command in '/home/darsh/UR3_ROS2_PICK_AND_PLACE/build/movit_config': CMAKE_PREFIX_PATH=/home/darsh/UR3_ROS2_PICK_AND_PLACE/install/ur_description:/home/darsh/UR3_ROS2_PICK_AND_PLACE/install/ur_interfaces:/home/darsh/UR3_ROS2_PICK_AND_PLACE/install/ur_gazebo:/home/darsh/UR3_ROS2_PICK_AND_PLACE/install/movit_config:/home/darsh/UR3_ROS2_PICK_AND_PLACE/install/robotiq_2f_85_gripper_visualization:/home/darsh/ros2_ws/install/ur_interfaces:/home/darsh/ros2_ws/install/ur_gazebo:/home/darsh/ros2_ws/install/movit_config:/home/darsh/ros2_ws/install/ur_description:/home/darsh/ros2_ws/install/robotiq_2f_85_gripper_visualization:/opt/ros/jazzy/opt/gz_sim_vendor:/opt/ros/jazzy/opt/gz_sensors_vendor:/opt/ros/jazzy/opt/gz_physics_vendor:/opt/ros/jazzy/opt/sdformat_vendor:/opt/ros/jazzy/opt/gz_gui_vendor:/opt/ros/jazzy/opt/gz_transport_vendor:/opt/ros/jazzy/opt/gz_rendering_vendor:/opt/ros/jazzy/opt/gz_plugin_vendor:/opt/ros/jazzy/opt/gz_fuel_tools_vendor:/opt/ros/jazzy/opt/gz_msgs_vendor:/opt/ros/jazzy/opt/gz_common_vendor:/opt/ros/jazzy/opt/gz_tools_vendor:/opt/ros/jazzy/opt/gz_ogre_next_vendor:/opt/ros/jazzy/opt/gz_dartsim_vendor:/opt/ros/jazzy/opt/gz_math_vendor:/opt/ros/jazzy/opt/gz_utils_vendor:/opt/ros/jazzy/opt/gz_cmake_vendor:/home/darsh/ros2_ws/install/joint_state_publisher_gui:/home/darsh/ros2_ws/install/joint_state_publisher:/opt/ros/jazzy /usr/bin/cmake --install /home/darsh/UR3_ROS2_PICK_AND_PLACE/build/movit_config
[1.211s] Level 1:colcon.colcon_core.environment:create_environment_scripts_only(movit_config)
[1.211s] Level 1:colcon.colcon_core.environment:checking '/home/darsh/UR3_ROS2_PICK_AND_PLACE/install/movit_config' for CMake module files
[1.213s] DEBUG:colcon.colcon_core.event_handler.log_command:Invoked command in '/home/darsh/UR3_ROS2_PICK_AND_PLACE/build/movit_config' returned '0': CMAKE_PREFIX_PATH=/home/darsh/UR3_ROS2_PICK_AND_PLACE/install/ur_description:/home/darsh/UR3_ROS2_PICK_AND_PLACE/install/ur_interfaces:/home/darsh/UR3_ROS2_PICK_AND_PLACE/install/ur_gazebo:/home/darsh/UR3_ROS2_PICK_AND_PLACE/install/movit_config:/home/darsh/UR3_ROS2_PICK_AND_PLACE/install/robotiq_2f_85_gripper_visualization:/home/darsh/ros2_ws/install/ur_interfaces:/home/darsh/ros2_ws/install/ur_gazebo:/home/darsh/ros2_ws/install/movit_config:/home/darsh/ros2_ws/install/ur_description:/home/darsh/ros2_ws/install/robotiq_2f_85_gripper_visualization:/opt/ros/jazzy/opt/gz_sim_vendor:/opt/ros/jazzy/opt/gz_sensors_vendor:/opt/ros/jazzy/opt/gz_physics_vendor:/opt/ros/jazzy/opt/sdformat_vendor:/opt/ros/jazzy/opt/gz_gui_vendor:/opt/ros/jazzy/opt/gz_transport_vendor:/opt/ros/jazzy/opt/gz_rendering_vendor:/opt/ros/jazzy/opt/gz_plugin_vendor:/opt/ros/jazzy/opt/gz_fuel_tools_vendor:/opt/ros/jazzy/opt/gz_msgs_vendor:/opt/ros/jazzy/opt/gz_common_vendor:/opt/ros/jazzy/opt/gz_tools_vendor:/opt/ros/jazzy/opt/gz_ogre_next_vendor:/opt/ros/jazzy/opt/gz_dartsim_vendor:/opt/ros/jazzy/opt/gz_math_vendor:/opt/ros/jazzy/opt/gz_utils_vendor:/opt/ros/jazzy/opt/gz_cmake_vendor:/home/darsh/ros2_ws/install/joint_state_publisher_gui:/home/darsh/ros2_ws/install/joint_state_publisher:/opt/ros/jazzy /usr/bin/cmake --install /home/darsh/UR3_ROS2_PICK_AND_PLACE/build/movit_config
[1.213s] Level 1:colcon.colcon_core.environment:checking '/home/darsh/UR3_ROS2_PICK_AND_PLACE/install/movit_config' for CMake config files
[1.213s] Level 1:colcon.colcon_core.shell:create_environment_hook('movit_config', 'cmake_prefix_path')
[1.213s] INFO:colcon.colcon_core.shell:Creating environment hook '/home/darsh/UR3_ROS2_PICK_AND_PLACE/install/movit_config/share/movit_config/hook/cmake_prefix_path.ps1'
[1.214s] INFO:colcon.colcon_core.shell:Creating environment descriptor '/home/darsh/UR3_ROS2_PICK_AND_PLACE/install/movit_config/share/movit_config/hook/cmake_prefix_path.dsv'
[1.215s] INFO:colcon.colcon_core.shell:Creating environment hook '/home/darsh/UR3_ROS2_PICK_AND_PLACE/install/movit_config/share/movit_config/hook/cmake_prefix_path.sh'
[1.215s] Level 1:colcon.colcon_core.environment:checking '/home/darsh/UR3_ROS2_PICK_AND_PLACE/install/movit_config/bin'
[1.215s] Level 1:colcon.colcon_core.environment:checking '/home/darsh/UR3_ROS2_PICK_AND_PLACE/install/movit_config/lib/pkgconfig/movit_config.pc'
[1.216s] Level 1:colcon.colcon_core.environment:checking '/home/darsh/UR3_ROS2_PICK_AND_PLACE/install/movit_config/lib/python3.12/site-packages'
[1.216s] Level 1:colcon.colcon_core.environment:checking '/home/darsh/UR3_ROS2_PICK_AND_PLACE/install/movit_config/bin'
[1.216s] INFO:colcon.colcon_core.shell:Creating package script '/home/darsh/UR3_ROS2_PICK_AND_PLACE/install/movit_config/share/movit_config/package.ps1'
[1.217s] INFO:colcon.colcon_core.shell:Creating package descriptor '/home/darsh/UR3_ROS2_PICK_AND_PLACE/install/movit_config/share/movit_config/package.dsv'
[1.217s] INFO:colcon.colcon_core.shell:Creating package script '/home/darsh/UR3_ROS2_PICK_AND_PLACE/install/movit_config/share/movit_config/package.sh'
[1.218s] INFO:colcon.colcon_core.shell:Creating package script '/home/darsh/UR3_ROS2_PICK_AND_PLACE/install/movit_config/share/movit_config/package.bash'
[1.218s] INFO:colcon.colcon_core.shell:Creating package script '/home/darsh/UR3_ROS2_PICK_AND_PLACE/install/movit_config/share/movit_config/package.zsh'
[1.219s] Level 1:colcon.colcon_core.environment:create_file_with_runtime_dependencies(/home/darsh/UR3_ROS2_PICK_AND_PLACE/install/movit_config/share/colcon-core/packages/movit_config)
[1.219s] Level 1:colcon.colcon_core.environment:create_environment_scripts_only(movit_config)
[1.220s] Level 1:colcon.colcon_core.environment:checking '/home/darsh/UR3_ROS2_PICK_AND_PLACE/install/movit_config' for CMake module files
[1.220s] Level 1:colcon.colcon_core.environment:checking '/home/darsh/UR3_ROS2_PICK_AND_PLACE/install/movit_config' for CMake config files
[1.221s] Level 1:colcon.colcon_core.shell:create_environment_hook('movit_config', 'cmake_prefix_path')
[1.221s] INFO:colcon.colcon_core.shell:Creating environment hook '/home/darsh/UR3_ROS2_PICK_AND_PLACE/install/movit_config/share/movit_config/hook/cmake_prefix_path.ps1'
[1.221s] INFO:colcon.colcon_core.shell:Creating environment descriptor '/home/darsh/UR3_ROS2_PICK_AND_PLACE/install/movit_config/share/movit_config/hook/cmake_prefix_path.dsv'
[1.222s] INFO:colcon.colcon_core.shell:Creating environment hook '/home/darsh/UR3_ROS2_PICK_AND_PLACE/install/movit_config/share/movit_config/hook/cmake_prefix_path.sh'
[1.223s] Level 1:colcon.colcon_core.environment:checking '/home/darsh/UR3_ROS2_PICK_AND_PLACE/install/movit_config/bin'
[1.223s] Level 1:colcon.colcon_core.environment:checking '/home/darsh/UR3_ROS2_PICK_AND_PLACE/install/movit_config/lib/pkgconfig/movit_config.pc'
[1.223s] Level 1:colcon.colcon_core.environment:checking '/home/darsh/UR3_ROS2_PICK_AND_PLACE/install/movit_config/lib/python3.12/site-packages'
[1.223s] Level 1:colcon.colcon_core.environment:checking '/home/darsh/UR3_ROS2_PICK_AND_PLACE/install/movit_config/bin'
[1.224s] INFO:colcon.colcon_core.shell:Creating package script '/home/darsh/UR3_ROS2_PICK_AND_PLACE/install/movit_config/share/movit_config/package.ps1'
[1.224s] INFO:colcon.colcon_core.shell:Creating package descriptor '/home/darsh/UR3_ROS2_PICK_AND_PLACE/install/movit_config/share/movit_config/package.dsv'
[1.225s] INFO:colcon.colcon_core.shell:Creating package script '/home/darsh/UR3_ROS2_PICK_AND_PLACE/install/movit_config/share/movit_config/package.sh'
[1.225s] INFO:colcon.colcon_core.shell:Creating package script '/home/darsh/UR3_ROS2_PICK_AND_PLACE/install/movit_config/share/movit_config/package.bash'
[1.226s] INFO:colcon.colcon_core.shell:Creating package script '/home/darsh/UR3_ROS2_PICK_AND_PLACE/install/movit_config/share/movit_config/package.zsh'
[1.227s] Level 1:colcon.colcon_core.environment:create_file_with_runtime_dependencies(/home/darsh/UR3_ROS2_PICK_AND_PLACE/install/movit_config/share/colcon-core/packages/movit_config)
[1.227s] DEBUG:colcon.colcon_parallel_executor.executor.parallel:closing loop
[1.228s] DEBUG:colcon.colcon_parallel_executor.executor.parallel:loop closed
[1.228s] DEBUG:colcon.colcon_parallel_executor.executor.parallel:run_until_complete finished with '0'
[1.228s] DEBUG:colcon.colcon_core.event_reactor:joining thread
[1.297s] INFO:colcon.colcon_core.plugin_system:Skipping extension 'colcon_notification.desktop_notification.notify_send': Could not find 'notify-send'
[1.297s] INFO:colcon.colcon_core.plugin_system:Skipping extension 'colcon_notification.desktop_notification.terminal_notifier': Not used on non-Darwin systems
[1.297s] INFO:colcon.colcon_core.plugin_system:Skipping extension 'colcon_notification.desktop_notification.win32': Not used on non-Windows systems
[1.297s] INFO:colcon.colcon_notification.desktop_notification:Sending desktop notification using 'notify2'
[1.297s] DEBUG:colcon.colcon_notification.desktop_notification.notify2:Failed to initialize notify2: org.freedesktop.DBus.Error.NoServer: Failed to connect to socket /run/user/1000/bus: Connection refused
[1.298s] DEBUG:colcon.colcon_core.event_reactor:joined thread
[1.298s] INFO:colcon.colcon_core.shell:Creating prefix script '/home/darsh/UR3_ROS2_PICK_AND_PLACE/install/local_setup.ps1'
[1.299s] INFO:colcon.colcon_core.shell:Creating prefix util module '/home/darsh/UR3_ROS2_PICK_AND_PLACE/install/_local_setup_util_ps1.py'
[1.300s] INFO:colcon.colcon_core.shell:Creating prefix chain script '/home/darsh/UR3_ROS2_PICK_AND_PLACE/install/setup.ps1'
[1.301s] INFO:colcon.colcon_core.shell:Creating prefix script '/home/darsh/UR3_ROS2_PICK_AND_PLACE/install/local_setup.sh'
[1.302s] INFO:colcon.colcon_core.shell:Creating prefix util module '/home/darsh/UR3_ROS2_PICK_AND_PLACE/install/_local_setup_util_sh.py'
[1.303s] INFO:colcon.colcon_core.shell:Creating prefix chain script '/home/darsh/UR3_ROS2_PICK_AND_PLACE/install/setup.sh'
[1.304s] INFO:colcon.colcon_core.shell:Creating prefix script '/home/darsh/UR3_ROS2_PICK_AND_PLACE/install/local_setup.bash'
[1.305s] INFO:colcon.colcon_core.shell:Creating prefix chain script '/home/darsh/UR3_ROS2_PICK_AND_PLACE/install/setup.bash'
[1.307s] INFO:colcon.colcon_core.shell:Creating prefix script '/home/darsh/UR3_ROS2_PICK_AND_PLACE/install/local_setup.zsh'
[1.307s] INFO:colcon.colcon_core.shell:Creating prefix chain script '/home/darsh/UR3_ROS2_PICK_AND_PLACE/install/setup.zsh'
