[0.119s] Invoking command in '/home/darsh/ros2_ws/src/UR3_ROS2_PICK_AND_PLACE/build/ur_interfaces': CMAKE_PREFIX_PATH=${CMAKE_PREFIX_PATH}:/opt/ros/jazzy /usr/bin/cmake /home/darsh/ros2_ws/src/UR3_ROS2_PICK_AND_PLACE/ur_interfaces -DCMAKE_INSTALL_PREFIX=/home/darsh/ros2_ws/src/UR3_ROS2_PICK_AND_PLACE/install/ur_interfaces
[0.178s] -- Found ament_cmake: 2.5.3 (/opt/ros/jazzy/share/ament_cmake/cmake)
[0.812s] -- Override CMake install command with custom implementation using symlinks instead of copying resources
[0.830s] -- Found ament_lint_auto: 0.17.1 (/opt/ros/jazzy/share/ament_lint_auto/cmake)
[1.115s] -- Added test 'lint_cmake' to check CMake code style
[1.117s] -- Added test 'xmllint' to check XML markup files
[1.120s] -- Configuring done (1.0s)
[1.133s] -- Generating done (0.0s)
[1.138s] -- Build files have been written to: /home/darsh/ros2_ws/src/UR3_ROS2_PICK_AND_PLACE/build/ur_interfaces
[1.147s] Invoked command in '/home/darsh/ros2_ws/src/UR3_ROS2_PICK_AND_PLACE/build/ur_interfaces' returned '0': CMAKE_PREFIX_PATH=${CMAKE_PREFIX_PATH}:/opt/ros/jazzy /usr/bin/cmake /home/darsh/ros2_ws/src/UR3_ROS2_PICK_AND_PLACE/ur_interfaces -DCMAKE_INSTALL_PREFIX=/home/darsh/ros2_ws/src/UR3_ROS2_PICK_AND_PLACE/install/ur_interfaces
[1.149s] Invoking command in '/home/darsh/ros2_ws/src/UR3_ROS2_PICK_AND_PLACE/build/ur_interfaces': CMAKE_PREFIX_PATH=${CMAKE_PREFIX_PATH}:/opt/ros/jazzy /usr/bin/cmake --build /home/darsh/ros2_ws/src/UR3_ROS2_PICK_AND_PLACE/build/ur_interfaces -- -j16 -l16
[1.260s] Invoked command in '/home/darsh/ros2_ws/src/UR3_ROS2_PICK_AND_PLACE/build/ur_interfaces' returned '0': CMAKE_PREFIX_PATH=${CMAKE_PREFIX_PATH}:/opt/ros/jazzy /usr/bin/cmake --build /home/darsh/ros2_ws/src/UR3_ROS2_PICK_AND_PLACE/build/ur_interfaces -- -j16 -l16
[1.273s] Invoking command in '/home/darsh/ros2_ws/src/UR3_ROS2_PICK_AND_PLACE/build/ur_interfaces': CMAKE_PREFIX_PATH=${CMAKE_PREFIX_PATH}:/opt/ros/jazzy /usr/bin/cmake --install /home/darsh/ros2_ws/src/UR3_ROS2_PICK_AND_PLACE/build/ur_interfaces
[1.297s] -- Install configuration: ""
[1.307s] -- Execute custom install script
[1.309s] -- Up-to-date symlink: /home/darsh/ros2_ws/src/UR3_ROS2_PICK_AND_PLACE/install/ur_interfaces/share/ament_index/resource_index/package_run_dependencies/ur_interfaces
[1.310s] -- Up-to-date symlink: /home/darsh/ros2_ws/src/UR3_ROS2_PICK_AND_PLACE/install/ur_interfaces/share/ament_index/resource_index/parent_prefix_path/ur_interfaces
[1.311s] -- Up-to-date symlink: /home/darsh/ros2_ws/src/UR3_ROS2_PICK_AND_PLACE/install/ur_interfaces/share/ur_interfaces/environment/ament_prefix_path.sh
[1.312s] -- Up-to-date symlink: /home/darsh/ros2_ws/src/UR3_ROS2_PICK_AND_PLACE/install/ur_interfaces/share/ur_interfaces/environment/ament_prefix_path.dsv
[1.312s] -- Up-to-date symlink: /home/darsh/ros2_ws/src/UR3_ROS2_PICK_AND_PLACE/install/ur_interfaces/share/ur_interfaces/environment/path.sh
[1.314s] -- Up-to-date symlink: /home/darsh/ros2_ws/src/UR3_ROS2_PICK_AND_PLACE/install/ur_interfaces/share/ur_interfaces/environment/path.dsv
[1.318s] -- Up-to-date symlink: /home/darsh/ros2_ws/src/UR3_ROS2_PICK_AND_PLACE/install/ur_interfaces/share/ur_interfaces/local_setup.bash
[1.319s] -- Up-to-date symlink: /home/darsh/ros2_ws/src/UR3_ROS2_PICK_AND_PLACE/install/ur_interfaces/share/ur_interfaces/local_setup.sh
[1.320s] -- Up-to-date symlink: /home/darsh/ros2_ws/src/UR3_ROS2_PICK_AND_PLACE/install/ur_interfaces/share/ur_interfaces/local_setup.zsh
[1.325s] -- Up-to-date symlink: /home/darsh/ros2_ws/src/UR3_ROS2_PICK_AND_PLACE/install/ur_interfaces/share/ur_interfaces/local_setup.dsv
[1.325s] -- Symlinking: /home/darsh/ros2_ws/src/UR3_ROS2_PICK_AND_PLACE/install/ur_interfaces/share/ur_interfaces/package.dsv
[1.369s] -- Up-to-date symlink: /home/darsh/ros2_ws/src/UR3_ROS2_PICK_AND_PLACE/install/ur_interfaces/share/ament_index/resource_index/packages/ur_interfaces
[1.370s] -- Up-to-date symlink: /home/darsh/ros2_ws/src/UR3_ROS2_PICK_AND_PLACE/install/ur_interfaces/share/ur_interfaces/cmake/ur_interfacesConfig.cmake
[1.370s] -- Up-to-date symlink: /home/darsh/ros2_ws/src/UR3_ROS2_PICK_AND_PLACE/install/ur_interfaces/share/ur_interfaces/cmake/ur_interfacesConfig-version.cmake
[1.371s] -- Up-to-date symlink: /home/darsh/ros2_ws/src/UR3_ROS2_PICK_AND_PLACE/install/ur_interfaces/share/ur_interfaces/package.xml
[1.458s] Invoked command in '/home/darsh/ros2_ws/src/UR3_ROS2_PICK_AND_PLACE/build/ur_interfaces' returned '0': CMAKE_PREFIX_PATH=${CMAKE_PREFIX_PATH}:/opt/ros/jazzy /usr/bin/cmake --install /home/darsh/ros2_ws/src/UR3_ROS2_PICK_AND_PLACE/build/ur_interfaces
