[0.046s] Invoking command in '/home/darsh/UR3_ROS2_PICK_AND_PLACE/build/moveit_task_constructor_msgs': CMAKE_PREFIX_PATH=${CMAKE_PREFIX_PATH}:/opt/ros/jazzy /usr/bin/cmake --build /home/darsh/UR3_ROS2_PICK_AND_PLACE/build/moveit_task_constructor_msgs -- -j4 -l4
[0.152s] [  1%] Built target moveit_task_constructor_msgs__rosidl_generator_type_description
[0.231s] [  1%] Built target moveit_task_constructor_msgs__cpp
[0.286s] [  1%] Built target ament_cmake_python_copy_moveit_task_constructor_msgs
[0.313s] [ 27%] Built target moveit_task_constructor_msgs__rosidl_generator_c
[0.452s] [ 36%] Built target moveit_task_constructor_msgs__rosidl_typesupport_cpp
[0.493s] [ 46%] Built target moveit_task_constructor_msgs__rosidl_typesupport_fastrtps_c
[0.559s] [ 56%] Built target moveit_task_constructor_msgs__rosidl_typesupport_fastrtps_cpp
[0.674s] [ 66%] Built target moveit_task_constructor_msgs__rosidl_typesupport_c
[0.696s] [ 76%] Built target moveit_task_constructor_msgs__rosidl_typesupport_introspection_c
[0.707s] [ 85%] Built target moveit_task_constructor_msgs__rosidl_typesupport_introspection_cpp
[0.790s] [ 85%] Built target moveit_task_constructor_msgs
[0.844s] running egg_info
[0.894s] writing moveit_task_constructor_msgs.egg-info/PKG-INFO
[0.894s] writing dependency_links to moveit_task_constructor_msgs.egg-info/dependency_links.txt
[0.894s] writing top-level names to moveit_task_constructor_msgs.egg-info/top_level.txt
[0.986s] [ 86%] Built target moveit_task_constructor_msgs__py
[1.061s] reading manifest file 'moveit_task_constructor_msgs.egg-info/SOURCES.txt'
[1.061s] writing manifest file 'moveit_task_constructor_msgs.egg-info/SOURCES.txt'
[1.064s] [ 86%] Built target ament_cmake_python_build_moveit_task_constructor_msgs_egg
[1.066s] [ 95%] Built target moveit_task_constructor_msgs__rosidl_generator_py
[1.124s] [ 96%] Built target moveit_task_constructor_msgs_s__rosidl_typesupport_fastrtps_c
[1.142s] [ 98%] Built target moveit_task_constructor_msgs_s__rosidl_typesupport_c
[1.152s] [100%] Built target moveit_task_constructor_msgs_s__rosidl_typesupport_introspection_c
[1.166s] Invoked command in '/home/darsh/UR3_ROS2_PICK_AND_PLACE/build/moveit_task_constructor_msgs' returned '0': CMAKE_PREFIX_PATH=${CMAKE_PREFIX_PATH}:/opt/ros/jazzy /usr/bin/cmake --build /home/darsh/UR3_ROS2_PICK_AND_PLACE/build/moveit_task_constructor_msgs -- -j4 -l4
[1.167s] Invoking command in '/home/darsh/UR3_ROS2_PICK_AND_PLACE/build/moveit_task_constructor_msgs': CMAKE_PREFIX_PATH=${CMAKE_PREFIX_PATH}:/opt/ros/jazzy /usr/bin/cmake --install /home/darsh/UR3_ROS2_PICK_AND_PLACE/build/moveit_task_constructor_msgs
[1.194s] -- Install configuration: ""
[1.194s] -- Up-to-date: /home/darsh/UR3_ROS2_PICK_AND_PLACE/install/moveit_task_constructor_msgs/share/ament_index/resource_index/rosidl_interfaces/moveit_task_constructor_msgs
[1.195s] -- Up-to-date: /home/darsh/UR3_ROS2_PICK_AND_PLACE/install/moveit_task_constructor_msgs/share/moveit_task_constructor_msgs/msg/Property.json
[1.195s] -- Up-to-date: /home/darsh/UR3_ROS2_PICK_AND_PLACE/install/moveit_task_constructor_msgs/share/moveit_task_constructor_msgs/msg/Solution.json
[1.195s] -- Up-to-date: /home/darsh/UR3_ROS2_PICK_AND_PLACE/install/moveit_task_constructor_msgs/share/moveit_task_constructor_msgs/msg/SolutionInfo.json
[1.196s] -- Up-to-date: /home/darsh/UR3_ROS2_PICK_AND_PLACE/install/moveit_task_constructor_msgs/share/moveit_task_constructor_msgs/msg/StageDescription.json
[1.196s] -- Up-to-date: /home/darsh/UR3_ROS2_PICK_AND_PLACE/install/moveit_task_constructor_msgs/share/moveit_task_constructor_msgs/msg/StageStatistics.json
[1.196s] -- Up-to-date: /home/darsh/UR3_ROS2_PICK_AND_PLACE/install/moveit_task_constructor_msgs/share/moveit_task_constructor_msgs/msg/SubSolution.json
[1.197s] -- Up-to-date: /home/darsh/UR3_ROS2_PICK_AND_PLACE/install/moveit_task_constructor_msgs/share/moveit_task_constructor_msgs/msg/SubTrajectory.json
[1.197s] -- Up-to-date: /home/darsh/UR3_ROS2_PICK_AND_PLACE/install/moveit_task_constructor_msgs/share/moveit_task_constructor_msgs/msg/TaskDescription.json
[1.197s] -- Up-to-date: /home/darsh/UR3_ROS2_PICK_AND_PLACE/install/moveit_task_constructor_msgs/share/moveit_task_constructor_msgs/msg/TaskStatistics.json
[1.197s] -- Up-to-date: /home/darsh/UR3_ROS2_PICK_AND_PLACE/install/moveit_task_constructor_msgs/share/moveit_task_constructor_msgs/msg/TrajectoryExecutionInfo.json
[1.197s] -- Up-to-date: /home/darsh/UR3_ROS2_PICK_AND_PLACE/install/moveit_task_constructor_msgs/share/moveit_task_constructor_msgs/srv/GetSolution.json
[1.197s] -- Up-to-date: /home/darsh/UR3_ROS2_PICK_AND_PLACE/install/moveit_task_constructor_msgs/share/moveit_task_constructor_msgs/action/ExecuteTaskSolution.json
[1.197s] -- Up-to-date: /home/darsh/UR3_ROS2_PICK_AND_PLACE/install/moveit_task_constructor_msgs/include/moveit_task_constructor_msgs/moveit_task_constructor_msgs
[1.198s] -- Up-to-date: /home/darsh/UR3_ROS2_PICK_AND_PLACE/install/moveit_task_constructor_msgs/include/moveit_task_constructor_msgs/moveit_task_constructor_msgs/srv
[1.198s] -- Up-to-date: /home/darsh/UR3_ROS2_PICK_AND_PLACE/install/moveit_task_constructor_msgs/include/moveit_task_constructor_msgs/moveit_task_constructor_msgs/srv/get_solution.h
[1.198s] -- Up-to-date: /home/darsh/UR3_ROS2_PICK_AND_PLACE/install/moveit_task_constructor_msgs/include/moveit_task_constructor_msgs/moveit_task_constructor_msgs/srv/detail
[1.202s] -- Installing: /home/darsh/UR3_ROS2_PICK_AND_PLACE/install/moveit_task_constructor_msgs/include/moveit_task_constructor_msgs/moveit_task_constructor_msgs/srv/detail/get_solution__type_support.c
[1.203s] -- Up-to-date: /home/darsh/UR3_ROS2_PICK_AND_PLACE/install/moveit_task_constructor_msgs/include/moveit_task_constructor_msgs/moveit_task_constructor_msgs/srv/detail/get_solution__description.c
[1.204s] -- Up-to-date: /home/darsh/UR3_ROS2_PICK_AND_PLACE/install/moveit_task_constructor_msgs/include/moveit_task_constructor_msgs/moveit_task_constructor_msgs/srv/detail/get_solution__struct.h
[1.204s] -- Up-to-date: /home/darsh/UR3_ROS2_PICK_AND_PLACE/install/moveit_task_constructor_msgs/include/moveit_task_constructor_msgs/moveit_task_constructor_msgs/srv/detail/get_solution__functions.h
[1.204s] -- Up-to-date: /home/darsh/UR3_ROS2_PICK_AND_PLACE/install/moveit_task_constructor_msgs/include/moveit_task_constructor_msgs/moveit_task_constructor_msgs/srv/detail/get_solution__type_support.h
[1.204s] -- Up-to-date: /home/darsh/UR3_ROS2_PICK_AND_PLACE/install/moveit_task_constructor_msgs/include/moveit_task_constructor_msgs/moveit_task_constructor_msgs/srv/detail/get_solution__functions.c
[1.204s] -- Up-to-date: /home/darsh/UR3_ROS2_PICK_AND_PLACE/install/moveit_task_constructor_msgs/include/moveit_task_constructor_msgs/moveit_task_constructor_msgs/msg
[1.204s] -- Up-to-date: /home/darsh/UR3_ROS2_PICK_AND_PLACE/install/moveit_task_constructor_msgs/include/moveit_task_constructor_msgs/moveit_task_constructor_msgs/msg/property.h
[1.204s] -- Up-to-date: /home/darsh/UR3_ROS2_PICK_AND_PLACE/install/moveit_task_constructor_msgs/include/moveit_task_constructor_msgs/moveit_task_constructor_msgs/msg/task_description.h
[1.204s] -- Up-to-date: /home/darsh/UR3_ROS2_PICK_AND_PLACE/install/moveit_task_constructor_msgs/include/moveit_task_constructor_msgs/moveit_task_constructor_msgs/msg/solution_info.h
[1.204s] -- Up-to-date: /home/darsh/UR3_ROS2_PICK_AND_PLACE/install/moveit_task_constructor_msgs/include/moveit_task_constructor_msgs/moveit_task_constructor_msgs/msg/sub_trajectory.h
[1.205s] -- Up-to-date: /home/darsh/UR3_ROS2_PICK_AND_PLACE/install/moveit_task_constructor_msgs/include/moveit_task_constructor_msgs/moveit_task_constructor_msgs/msg/task_statistics.h
[1.205s] -- Up-to-date: /home/darsh/UR3_ROS2_PICK_AND_PLACE/install/moveit_task_constructor_msgs/include/moveit_task_constructor_msgs/moveit_task_constructor_msgs/msg/stage_statistics.h
[1.205s] -- Up-to-date: /home/darsh/UR3_ROS2_PICK_AND_PLACE/install/moveit_task_constructor_msgs/include/moveit_task_constructor_msgs/moveit_task_constructor_msgs/msg/rosidl_generator_c__visibility_control.h
[1.205s] -- Up-to-date: /home/darsh/UR3_ROS2_PICK_AND_PLACE/install/moveit_task_constructor_msgs/include/moveit_task_constructor_msgs/moveit_task_constructor_msgs/msg/trajectory_execution_info.h
[1.205s] -- Up-to-date: /home/darsh/UR3_ROS2_PICK_AND_PLACE/install/moveit_task_constructor_msgs/include/moveit_task_constructor_msgs/moveit_task_constructor_msgs/msg/stage_description.h
[1.205s] -- Up-to-date: /home/darsh/UR3_ROS2_PICK_AND_PLACE/install/moveit_task_constructor_msgs/include/moveit_task_constructor_msgs/moveit_task_constructor_msgs/msg/solution.h
[1.205s] -- Up-to-date: /home/darsh/UR3_ROS2_PICK_AND_PLACE/install/moveit_task_constructor_msgs/include/moveit_task_constructor_msgs/moveit_task_constructor_msgs/msg/sub_solution.h
[1.206s] -- Up-to-date: /home/darsh/UR3_ROS2_PICK_AND_PLACE/install/moveit_task_constructor_msgs/include/moveit_task_constructor_msgs/moveit_task_constructor_msgs/msg/detail
[1.206s] -- Up-to-date: /home/darsh/UR3_ROS2_PICK_AND_PLACE/install/moveit_task_constructor_msgs/include/moveit_task_constructor_msgs/moveit_task_constructor_msgs/msg/detail/task_statistics__functions.h
[1.206s] -- Up-to-date: /home/darsh/UR3_ROS2_PICK_AND_PLACE/install/moveit_task_constructor_msgs/include/moveit_task_constructor_msgs/moveit_task_constructor_msgs/msg/detail/sub_solution__type_support.h
[1.212s] -- Installing: /home/darsh/UR3_ROS2_PICK_AND_PLACE/install/moveit_task_constructor_msgs/include/moveit_task_constructor_msgs/moveit_task_constructor_msgs/msg/detail/trajectory_execution_info__type_support.c
[1.212s] -- Up-to-date: /home/darsh/UR3_ROS2_PICK_AND_PLACE/install/moveit_task_constructor_msgs/include/moveit_task_constructor_msgs/moveit_task_constructor_msgs/msg/detail/task_statistics__type_support.h
[1.212s] -- Installing: /home/darsh/UR3_ROS2_PICK_AND_PLACE/install/moveit_task_constructor_msgs/include/moveit_task_constructor_msgs/moveit_task_constructor_msgs/msg/detail/stage_description__type_support.c
[1.212s] -- Installing: /home/darsh/UR3_ROS2_PICK_AND_PLACE/install/moveit_task_constructor_msgs/include/moveit_task_constructor_msgs/moveit_task_constructor_msgs/msg/detail/stage_statistics__type_support.c
[1.212s] -- Up-to-date: /home/darsh/UR3_ROS2_PICK_AND_PLACE/install/moveit_task_constructor_msgs/include/moveit_task_constructor_msgs/moveit_task_constructor_msgs/msg/detail/task_statistics__description.c
[1.212s] -- Installing: /home/darsh/UR3_ROS2_PICK_AND_PLACE/install/moveit_task_constructor_msgs/include/moveit_task_constructor_msgs/moveit_task_constructor_msgs/msg/detail/solution_info__type_support.c
[1.212s] -- Up-to-date: /home/darsh/UR3_ROS2_PICK_AND_PLACE/install/moveit_task_constructor_msgs/include/moveit_task_constructor_msgs/moveit_task_constructor_msgs/msg/detail/solution__functions.c
[1.212s] -- Up-to-date: /home/darsh/UR3_ROS2_PICK_AND_PLACE/install/moveit_task_constructor_msgs/include/moveit_task_constructor_msgs/moveit_task_constructor_msgs/msg/detail/sub_solution__functions.c
[1.213s] -- Up-to-date: /home/darsh/UR3_ROS2_PICK_AND_PLACE/install/moveit_task_constructor_msgs/include/moveit_task_constructor_msgs/moveit_task_constructor_msgs/msg/detail/stage_description__type_support.h
[1.213s] -- Up-to-date: /home/darsh/UR3_ROS2_PICK_AND_PLACE/install/moveit_task_constructor_msgs/include/moveit_task_constructor_msgs/moveit_task_constructor_msgs/msg/detail/sub_trajectory__struct.h
[1.213s] -- Up-to-date: /home/darsh/UR3_ROS2_PICK_AND_PLACE/install/moveit_task_constructor_msgs/include/moveit_task_constructor_msgs/moveit_task_constructor_msgs/msg/detail/task_description__struct.h
[1.213s] -- Installing: /home/darsh/UR3_ROS2_PICK_AND_PLACE/install/moveit_task_constructor_msgs/include/moveit_task_constructor_msgs/moveit_task_constructor_msgs/msg/detail/solution__type_support.c
[1.213s] -- Up-to-date: /home/darsh/UR3_ROS2_PICK_AND_PLACE/install/moveit_task_constructor_msgs/include/moveit_task_constructor_msgs/moveit_task_constructor_msgs/msg/detail/stage_statistics__struct.h
[1.213s] -- Up-to-date: /home/darsh/UR3_ROS2_PICK_AND_PLACE/install/moveit_task_constructor_msgs/include/moveit_task_constructor_msgs/moveit_task_constructor_msgs/msg/detail/property__type_support.h
[1.213s] -- Up-to-date: /home/darsh/UR3_ROS2_PICK_AND_PLACE/install/moveit_task_constructor_msgs/include/moveit_task_constructor_msgs/moveit_task_constructor_msgs/msg/detail/trajectory_execution_info__struct.h
[1.213s] -- Up-to-date: /home/darsh/UR3_ROS2_PICK_AND_PLACE/install/moveit_task_constructor_msgs/include/moveit_task_constructor_msgs/moveit_task_constructor_msgs/msg/detail/stage_statistics__type_support.h
[1.213s] -- Up-to-date: /home/darsh/UR3_ROS2_PICK_AND_PLACE/install/moveit_task_constructor_msgs/include/moveit_task_constructor_msgs/moveit_task_constructor_msgs/msg/detail/task_description__functions.c
[1.213s] -- Installing: /home/darsh/UR3_ROS2_PICK_AND_PLACE/install/moveit_task_constructor_msgs/include/moveit_task_constructor_msgs/moveit_task_constructor_msgs/msg/detail/task_description__type_support.c
[1.214s] -- Installing: /home/darsh/UR3_ROS2_PICK_AND_PLACE/install/moveit_task_constructor_msgs/include/moveit_task_constructor_msgs/moveit_task_constructor_msgs/msg/detail/sub_trajectory__type_support.c
[1.214s] -- Up-to-date: /home/darsh/UR3_ROS2_PICK_AND_PLACE/install/moveit_task_constructor_msgs/include/moveit_task_constructor_msgs/moveit_task_constructor_msgs/msg/detail/sub_trajectory__type_support.h
[1.214s] -- Up-to-date: /home/darsh/UR3_ROS2_PICK_AND_PLACE/install/moveit_task_constructor_msgs/include/moveit_task_constructor_msgs/moveit_task_constructor_msgs/msg/detail/stage_statistics__description.c
[1.214s] -- Up-to-date: /home/darsh/UR3_ROS2_PICK_AND_PLACE/install/moveit_task_constructor_msgs/include/moveit_task_constructor_msgs/moveit_task_constructor_msgs/msg/detail/solution_info__functions.c
[1.214s] -- Up-to-date: /home/darsh/UR3_ROS2_PICK_AND_PLACE/install/moveit_task_constructor_msgs/include/moveit_task_constructor_msgs/moveit_task_constructor_msgs/msg/detail/stage_description__functions.h
[1.214s] -- Up-to-date: /home/darsh/UR3_ROS2_PICK_AND_PLACE/install/moveit_task_constructor_msgs/include/moveit_task_constructor_msgs/moveit_task_constructor_msgs/msg/detail/property__functions.h
[1.214s] -- Up-to-date: /home/darsh/UR3_ROS2_PICK_AND_PLACE/install/moveit_task_constructor_msgs/include/moveit_task_constructor_msgs/moveit_task_constructor_msgs/msg/detail/trajectory_execution_info__type_support.h
[1.214s] -- Up-to-date: /home/darsh/UR3_ROS2_PICK_AND_PLACE/install/moveit_task_constructor_msgs/include/moveit_task_constructor_msgs/moveit_task_constructor_msgs/msg/detail/task_description__functions.h
[1.214s] -- Up-to-date: /home/darsh/UR3_ROS2_PICK_AND_PLACE/install/moveit_task_constructor_msgs/include/moveit_task_constructor_msgs/moveit_task_constructor_msgs/msg/detail/sub_solution__description.c
[1.214s] -- Up-to-date: /home/darsh/UR3_ROS2_PICK_AND_PLACE/install/moveit_task_constructor_msgs/include/moveit_task_constructor_msgs/moveit_task_constructor_msgs/msg/detail/stage_description__description.c
[1.214s] -- Up-to-date: /home/darsh/UR3_ROS2_PICK_AND_PLACE/install/moveit_task_constructor_msgs/include/moveit_task_constructor_msgs/moveit_task_constructor_msgs/msg/detail/trajectory_execution_info__functions.h
[1.215s] -- Up-to-date: /home/darsh/UR3_ROS2_PICK_AND_PLACE/install/moveit_task_constructor_msgs/include/moveit_task_constructor_msgs/moveit_task_constructor_msgs/msg/detail/sub_trajectory__functions.c
[1.215s] -- Up-to-date: /home/darsh/UR3_ROS2_PICK_AND_PLACE/install/moveit_task_constructor_msgs/include/moveit_task_constructor_msgs/moveit_task_constructor_msgs/msg/detail/task_description__type_support.h
[1.215s] -- Installing: /home/darsh/UR3_ROS2_PICK_AND_PLACE/install/moveit_task_constructor_msgs/include/moveit_task_constructor_msgs/moveit_task_constructor_msgs/msg/detail/property__type_support.c
[1.215s] -- Up-to-date: /home/darsh/UR3_ROS2_PICK_AND_PLACE/install/moveit_task_constructor_msgs/include/moveit_task_constructor_msgs/moveit_task_constructor_msgs/msg/detail/stage_statistics__functions.h
[1.215s] -- Up-to-date: /home/darsh/UR3_ROS2_PICK_AND_PLACE/install/moveit_task_constructor_msgs/include/moveit_task_constructor_msgs/moveit_task_constructor_msgs/msg/detail/solution_info__type_support.h
[1.215s] -- Up-to-date: /home/darsh/UR3_ROS2_PICK_AND_PLACE/install/moveit_task_constructor_msgs/include/moveit_task_constructor_msgs/moveit_task_constructor_msgs/msg/detail/sub_trajectory__description.c
[1.215s] -- Up-to-date: /home/darsh/UR3_ROS2_PICK_AND_PLACE/install/moveit_task_constructor_msgs/include/moveit_task_constructor_msgs/moveit_task_constructor_msgs/msg/detail/property__description.c
[1.215s] -- Up-to-date: /home/darsh/UR3_ROS2_PICK_AND_PLACE/install/moveit_task_constructor_msgs/include/moveit_task_constructor_msgs/moveit_task_constructor_msgs/msg/detail/solution_info__functions.h
[1.215s] -- Up-to-date: /home/darsh/UR3_ROS2_PICK_AND_PLACE/install/moveit_task_constructor_msgs/include/moveit_task_constructor_msgs/moveit_task_constructor_msgs/msg/detail/solution_info__struct.h
[1.215s] -- Up-to-date: /home/darsh/UR3_ROS2_PICK_AND_PLACE/install/moveit_task_constructor_msgs/include/moveit_task_constructor_msgs/moveit_task_constructor_msgs/msg/detail/stage_description__functions.c
[1.216s] -- Up-to-date: /home/darsh/UR3_ROS2_PICK_AND_PLACE/install/moveit_task_constructor_msgs/include/moveit_task_constructor_msgs/moveit_task_constructor_msgs/msg/detail/sub_trajectory__functions.h
[1.216s] -- Up-to-date: /home/darsh/UR3_ROS2_PICK_AND_PLACE/install/moveit_task_constructor_msgs/include/moveit_task_constructor_msgs/moveit_task_constructor_msgs/msg/detail/solution__functions.h
[1.216s] -- Up-to-date: /home/darsh/UR3_ROS2_PICK_AND_PLACE/install/moveit_task_constructor_msgs/include/moveit_task_constructor_msgs/moveit_task_constructor_msgs/msg/detail/trajectory_execution_info__functions.c
[1.216s] -- Up-to-date: /home/darsh/UR3_ROS2_PICK_AND_PLACE/install/moveit_task_constructor_msgs/include/moveit_task_constructor_msgs/moveit_task_constructor_msgs/msg/detail/trajectory_execution_info__description.c
[1.216s] -- Up-to-date: /home/darsh/UR3_ROS2_PICK_AND_PLACE/install/moveit_task_constructor_msgs/include/moveit_task_constructor_msgs/moveit_task_constructor_msgs/msg/detail/task_description__description.c
[1.216s] -- Up-to-date: /home/darsh/UR3_ROS2_PICK_AND_PLACE/install/moveit_task_constructor_msgs/include/moveit_task_constructor_msgs/moveit_task_constructor_msgs/msg/detail/task_statistics__functions.c
[1.217s] -- Up-to-date: /home/darsh/UR3_ROS2_PICK_AND_PLACE/install/moveit_task_constructor_msgs/include/moveit_task_constructor_msgs/moveit_task_constructor_msgs/msg/detail/solution_info__description.c
[1.217s] -- Up-to-date: /home/darsh/UR3_ROS2_PICK_AND_PLACE/install/moveit_task_constructor_msgs/include/moveit_task_constructor_msgs/moveit_task_constructor_msgs/msg/detail/sub_solution__struct.h
[1.217s] -- Up-to-date: /home/darsh/UR3_ROS2_PICK_AND_PLACE/install/moveit_task_constructor_msgs/include/moveit_task_constructor_msgs/moveit_task_constructor_msgs/msg/detail/property__struct.h
[1.217s] -- Installing: /home/darsh/UR3_ROS2_PICK_AND_PLACE/install/moveit_task_constructor_msgs/include/moveit_task_constructor_msgs/moveit_task_constructor_msgs/msg/detail/task_statistics__type_support.c
[1.217s] -- Up-to-date: /home/darsh/UR3_ROS2_PICK_AND_PLACE/install/moveit_task_constructor_msgs/include/moveit_task_constructor_msgs/moveit_task_constructor_msgs/msg/detail/task_statistics__struct.h
[1.217s] -- Up-to-date: /home/darsh/UR3_ROS2_PICK_AND_PLACE/install/moveit_task_constructor_msgs/include/moveit_task_constructor_msgs/moveit_task_constructor_msgs/msg/detail/stage_statistics__functions.c
[1.217s] -- Up-to-date: /home/darsh/UR3_ROS2_PICK_AND_PLACE/install/moveit_task_constructor_msgs/include/moveit_task_constructor_msgs/moveit_task_constructor_msgs/msg/detail/solution__struct.h
[1.217s] -- Installing: /home/darsh/UR3_ROS2_PICK_AND_PLACE/install/moveit_task_constructor_msgs/include/moveit_task_constructor_msgs/moveit_task_constructor_msgs/msg/detail/sub_solution__type_support.c
[1.217s] -- Up-to-date: /home/darsh/UR3_ROS2_PICK_AND_PLACE/install/moveit_task_constructor_msgs/include/moveit_task_constructor_msgs/moveit_task_constructor_msgs/msg/detail/solution__type_support.h
[1.217s] -- Up-to-date: /home/darsh/UR3_ROS2_PICK_AND_PLACE/install/moveit_task_constructor_msgs/include/moveit_task_constructor_msgs/moveit_task_constructor_msgs/msg/detail/stage_description__struct.h
[1.218s] -- Up-to-date: /home/darsh/UR3_ROS2_PICK_AND_PLACE/install/moveit_task_constructor_msgs/include/moveit_task_constructor_msgs/moveit_task_constructor_msgs/msg/detail/property__functions.c
[1.218s] -- Up-to-date: /home/darsh/UR3_ROS2_PICK_AND_PLACE/install/moveit_task_constructor_msgs/include/moveit_task_constructor_msgs/moveit_task_constructor_msgs/msg/detail/solution__description.c
[1.218s] -- Up-to-date: /home/darsh/UR3_ROS2_PICK_AND_PLACE/install/moveit_task_constructor_msgs/include/moveit_task_constructor_msgs/moveit_task_constructor_msgs/msg/detail/sub_solution__functions.h
[1.218s] -- Up-to-date: /home/darsh/UR3_ROS2_PICK_AND_PLACE/install/moveit_task_constructor_msgs/include/moveit_task_constructor_msgs/moveit_task_constructor_msgs/action
[1.218s] -- Up-to-date: /home/darsh/UR3_ROS2_PICK_AND_PLACE/install/moveit_task_constructor_msgs/include/moveit_task_constructor_msgs/moveit_task_constructor_msgs/action/execute_task_solution.h
[1.218s] -- Up-to-date: /home/darsh/UR3_ROS2_PICK_AND_PLACE/install/moveit_task_constructor_msgs/include/moveit_task_constructor_msgs/moveit_task_constructor_msgs/action/detail
[1.218s] -- Up-to-date: /home/darsh/UR3_ROS2_PICK_AND_PLACE/install/moveit_task_constructor_msgs/include/moveit_task_constructor_msgs/moveit_task_constructor_msgs/action/detail/execute_task_solution__functions.h
[1.218s] -- Installing: /home/darsh/UR3_ROS2_PICK_AND_PLACE/install/moveit_task_constructor_msgs/include/moveit_task_constructor_msgs/moveit_task_constructor_msgs/action/detail/execute_task_solution__type_support.c
[1.218s] -- Up-to-date: /home/darsh/UR3_ROS2_PICK_AND_PLACE/install/moveit_task_constructor_msgs/include/moveit_task_constructor_msgs/moveit_task_constructor_msgs/action/detail/execute_task_solution__type_support.h
[1.218s] -- Up-to-date: /home/darsh/UR3_ROS2_PICK_AND_PLACE/install/moveit_task_constructor_msgs/include/moveit_task_constructor_msgs/moveit_task_constructor_msgs/action/detail/execute_task_solution__functions.c
[1.219s] -- Up-to-date: /home/darsh/UR3_ROS2_PICK_AND_PLACE/install/moveit_task_constructor_msgs/include/moveit_task_constructor_msgs/moveit_task_constructor_msgs/action/detail/execute_task_solution__description.c
[1.219s] -- Up-to-date: /home/darsh/UR3_ROS2_PICK_AND_PLACE/install/moveit_task_constructor_msgs/include/moveit_task_constructor_msgs/moveit_task_constructor_msgs/action/detail/execute_task_solution__struct.h
[1.219s] -- Up-to-date: /home/darsh/UR3_ROS2_PICK_AND_PLACE/install/moveit_task_constructor_msgs/share/moveit_task_constructor_msgs/environment/library_path.sh
[1.219s] -- Up-to-date: /home/darsh/UR3_ROS2_PICK_AND_PLACE/install/moveit_task_constructor_msgs/share/moveit_task_constructor_msgs/environment/library_path.dsv
[1.219s] -- Up-to-date: /home/darsh/UR3_ROS2_PICK_AND_PLACE/install/moveit_task_constructor_msgs/lib/libmoveit_task_constructor_msgs__rosidl_generator_c.so
[1.219s] -- Up-to-date: /home/darsh/UR3_ROS2_PICK_AND_PLACE/install/moveit_task_constructor_msgs/include/moveit_task_constructor_msgs/moveit_task_constructor_msgs
[1.219s] -- Up-to-date: /home/darsh/UR3_ROS2_PICK_AND_PLACE/install/moveit_task_constructor_msgs/include/moveit_task_constructor_msgs/moveit_task_constructor_msgs/srv
[1.219s] -- Up-to-date: /home/darsh/UR3_ROS2_PICK_AND_PLACE/install/moveit_task_constructor_msgs/include/moveit_task_constructor_msgs/moveit_task_constructor_msgs/srv/detail
[1.219s] -- Up-to-date: /home/darsh/UR3_ROS2_PICK_AND_PLACE/install/moveit_task_constructor_msgs/include/moveit_task_constructor_msgs/moveit_task_constructor_msgs/srv/detail/get_solution__rosidl_typesupport_fastrtps_c.h
[1.219s] -- Up-to-date: /home/darsh/UR3_ROS2_PICK_AND_PLACE/install/moveit_task_constructor_msgs/include/moveit_task_constructor_msgs/moveit_task_constructor_msgs/msg
[1.220s] -- Up-to-date: /home/darsh/UR3_ROS2_PICK_AND_PLACE/install/moveit_task_constructor_msgs/include/moveit_task_constructor_msgs/moveit_task_constructor_msgs/msg/rosidl_typesupport_fastrtps_c__visibility_control.h
[1.220s] -- Up-to-date: /home/darsh/UR3_ROS2_PICK_AND_PLACE/install/moveit_task_constructor_msgs/include/moveit_task_constructor_msgs/moveit_task_constructor_msgs/msg/detail
[1.220s] -- Up-to-date: /home/darsh/UR3_ROS2_PICK_AND_PLACE/install/moveit_task_constructor_msgs/include/moveit_task_constructor_msgs/moveit_task_constructor_msgs/msg/detail/sub_solution__rosidl_typesupport_fastrtps_c.h
[1.220s] -- Up-to-date: /home/darsh/UR3_ROS2_PICK_AND_PLACE/install/moveit_task_constructor_msgs/include/moveit_task_constructor_msgs/moveit_task_constructor_msgs/msg/detail/stage_description__rosidl_typesupport_fastrtps_c.h
[1.220s] -- Up-to-date: /home/darsh/UR3_ROS2_PICK_AND_PLACE/install/moveit_task_constructor_msgs/include/moveit_task_constructor_msgs/moveit_task_constructor_msgs/msg/detail/stage_statistics__rosidl_typesupport_fastrtps_c.h
[1.220s] -- Up-to-date: /home/darsh/UR3_ROS2_PICK_AND_PLACE/install/moveit_task_constructor_msgs/include/moveit_task_constructor_msgs/moveit_task_constructor_msgs/msg/detail/solution__rosidl_typesupport_fastrtps_c.h
[1.220s] -- Up-to-date: /home/darsh/UR3_ROS2_PICK_AND_PLACE/install/moveit_task_constructor_msgs/include/moveit_task_constructor_msgs/moveit_task_constructor_msgs/msg/detail/sub_trajectory__rosidl_typesupport_fastrtps_c.h
[1.220s] -- Up-to-date: /home/darsh/UR3_ROS2_PICK_AND_PLACE/install/moveit_task_constructor_msgs/include/moveit_task_constructor_msgs/moveit_task_constructor_msgs/msg/detail/property__rosidl_typesupport_fastrtps_c.h
[1.220s] -- Up-to-date: /home/darsh/UR3_ROS2_PICK_AND_PLACE/install/moveit_task_constructor_msgs/include/moveit_task_constructor_msgs/moveit_task_constructor_msgs/msg/detail/task_statistics__rosidl_typesupport_fastrtps_c.h
[1.220s] -- Up-to-date: /home/darsh/UR3_ROS2_PICK_AND_PLACE/install/moveit_task_constructor_msgs/include/moveit_task_constructor_msgs/moveit_task_constructor_msgs/msg/detail/task_description__rosidl_typesupport_fastrtps_c.h
[1.220s] -- Up-to-date: /home/darsh/UR3_ROS2_PICK_AND_PLACE/install/moveit_task_constructor_msgs/include/moveit_task_constructor_msgs/moveit_task_constructor_msgs/msg/detail/solution_info__rosidl_typesupport_fastrtps_c.h
[1.223s] -- Up-to-date: /home/darsh/UR3_ROS2_PICK_AND_PLACE/install/moveit_task_constructor_msgs/include/moveit_task_constructor_msgs/moveit_task_constructor_msgs/msg/detail/trajectory_execution_info__rosidl_typesupport_fastrtps_c.h
[1.223s] -- Up-to-date: /home/darsh/UR3_ROS2_PICK_AND_PLACE/install/moveit_task_constructor_msgs/include/moveit_task_constructor_msgs/moveit_task_constructor_msgs/action
[1.223s] -- Up-to-date: /home/darsh/UR3_ROS2_PICK_AND_PLACE/install/moveit_task_constructor_msgs/include/moveit_task_constructor_msgs/moveit_task_constructor_msgs/action/detail
[1.223s] -- Up-to-date: /home/darsh/UR3_ROS2_PICK_AND_PLACE/install/moveit_task_constructor_msgs/include/moveit_task_constructor_msgs/moveit_task_constructor_msgs/action/detail/execute_task_solution__rosidl_typesupport_fastrtps_c.h
[1.224s] -- Up-to-date: /home/darsh/UR3_ROS2_PICK_AND_PLACE/install/moveit_task_constructor_msgs/lib/libmoveit_task_constructor_msgs__rosidl_typesupport_fastrtps_c.so
[1.224s] -- Up-to-date: /home/darsh/UR3_ROS2_PICK_AND_PLACE/install/moveit_task_constructor_msgs/include/moveit_task_constructor_msgs/moveit_task_constructor_msgs
[1.224s] -- Up-to-date: /home/darsh/UR3_ROS2_PICK_AND_PLACE/install/moveit_task_constructor_msgs/include/moveit_task_constructor_msgs/moveit_task_constructor_msgs/srv
[1.224s] -- Up-to-date: /home/darsh/UR3_ROS2_PICK_AND_PLACE/install/moveit_task_constructor_msgs/include/moveit_task_constructor_msgs/moveit_task_constructor_msgs/srv/get_solution.hpp
[1.224s] -- Up-to-date: /home/darsh/UR3_ROS2_PICK_AND_PLACE/install/moveit_task_constructor_msgs/include/moveit_task_constructor_msgs/moveit_task_constructor_msgs/srv/detail
[1.224s] -- Up-to-date: /home/darsh/UR3_ROS2_PICK_AND_PLACE/install/moveit_task_constructor_msgs/include/moveit_task_constructor_msgs/moveit_task_constructor_msgs/srv/detail/get_solution__traits.hpp
[1.225s] -- Up-to-date: /home/darsh/UR3_ROS2_PICK_AND_PLACE/install/moveit_task_constructor_msgs/include/moveit_task_constructor_msgs/moveit_task_constructor_msgs/srv/detail/get_solution__builder.hpp
[1.225s] -- Up-to-date: /home/darsh/UR3_ROS2_PICK_AND_PLACE/install/moveit_task_constructor_msgs/include/moveit_task_constructor_msgs/moveit_task_constructor_msgs/srv/detail/get_solution__struct.hpp
[1.227s] -- Up-to-date: /home/darsh/UR3_ROS2_PICK_AND_PLACE/install/moveit_task_constructor_msgs/include/moveit_task_constructor_msgs/moveit_task_constructor_msgs/srv/detail/get_solution__type_support.hpp
[1.227s] -- Up-to-date: /home/darsh/UR3_ROS2_PICK_AND_PLACE/install/moveit_task_constructor_msgs/include/moveit_task_constructor_msgs/moveit_task_constructor_msgs/msg
[1.227s] -- Up-to-date: /home/darsh/UR3_ROS2_PICK_AND_PLACE/install/moveit_task_constructor_msgs/include/moveit_task_constructor_msgs/moveit_task_constructor_msgs/msg/solution.hpp
[1.227s] -- Up-to-date: /home/darsh/UR3_ROS2_PICK_AND_PLACE/install/moveit_task_constructor_msgs/include/moveit_task_constructor_msgs/moveit_task_constructor_msgs/msg/task_description.hpp
[1.227s] -- Up-to-date: /home/darsh/UR3_ROS2_PICK_AND_PLACE/install/moveit_task_constructor_msgs/include/moveit_task_constructor_msgs/moveit_task_constructor_msgs/msg/task_statistics.hpp
[1.227s] -- Up-to-date: /home/darsh/UR3_ROS2_PICK_AND_PLACE/install/moveit_task_constructor_msgs/include/moveit_task_constructor_msgs/moveit_task_constructor_msgs/msg/sub_trajectory.hpp
[1.227s] -- Up-to-date: /home/darsh/UR3_ROS2_PICK_AND_PLACE/install/moveit_task_constructor_msgs/include/moveit_task_constructor_msgs/moveit_task_constructor_msgs/msg/stage_description.hpp
[1.228s] -- Up-to-date: /home/darsh/UR3_ROS2_PICK_AND_PLACE/install/moveit_task_constructor_msgs/include/moveit_task_constructor_msgs/moveit_task_constructor_msgs/msg/property.hpp
[1.228s] -- Up-to-date: /home/darsh/UR3_ROS2_PICK_AND_PLACE/install/moveit_task_constructor_msgs/include/moveit_task_constructor_msgs/moveit_task_constructor_msgs/msg/rosidl_generator_cpp__visibility_control.hpp
[1.228s] -- Up-to-date: /home/darsh/UR3_ROS2_PICK_AND_PLACE/install/moveit_task_constructor_msgs/include/moveit_task_constructor_msgs/moveit_task_constructor_msgs/msg/sub_solution.hpp
[1.228s] -- Up-to-date: /home/darsh/UR3_ROS2_PICK_AND_PLACE/install/moveit_task_constructor_msgs/include/moveit_task_constructor_msgs/moveit_task_constructor_msgs/msg/trajectory_execution_info.hpp
[1.228s] -- Up-to-date: /home/darsh/UR3_ROS2_PICK_AND_PLACE/install/moveit_task_constructor_msgs/include/moveit_task_constructor_msgs/moveit_task_constructor_msgs/msg/stage_statistics.hpp
[1.228s] -- Up-to-date: /home/darsh/UR3_ROS2_PICK_AND_PLACE/install/moveit_task_constructor_msgs/include/moveit_task_constructor_msgs/moveit_task_constructor_msgs/msg/solution_info.hpp
[1.228s] -- Up-to-date: /home/darsh/UR3_ROS2_PICK_AND_PLACE/install/moveit_task_constructor_msgs/include/moveit_task_constructor_msgs/moveit_task_constructor_msgs/msg/detail
[1.229s] -- Up-to-date: /home/darsh/UR3_ROS2_PICK_AND_PLACE/install/moveit_task_constructor_msgs/include/moveit_task_constructor_msgs/moveit_task_constructor_msgs/msg/detail/task_statistics__builder.hpp
[1.229s] -- Up-to-date: /home/darsh/UR3_ROS2_PICK_AND_PLACE/install/moveit_task_constructor_msgs/include/moveit_task_constructor_msgs/moveit_task_constructor_msgs/msg/detail/trajectory_execution_info__traits.hpp
[1.229s] -- Up-to-date: /home/darsh/UR3_ROS2_PICK_AND_PLACE/install/moveit_task_constructor_msgs/include/moveit_task_constructor_msgs/moveit_task_constructor_msgs/msg/detail/stage_description__builder.hpp
[1.230s] -- Up-to-date: /home/darsh/UR3_ROS2_PICK_AND_PLACE/install/moveit_task_constructor_msgs/include/moveit_task_constructor_msgs/moveit_task_constructor_msgs/msg/detail/stage_statistics__builder.hpp
[1.230s] -- Up-to-date: /home/darsh/UR3_ROS2_PICK_AND_PLACE/install/moveit_task_constructor_msgs/include/moveit_task_constructor_msgs/moveit_task_constructor_msgs/msg/detail/stage_description__traits.hpp
[1.230s] -- Up-to-date: /home/darsh/UR3_ROS2_PICK_AND_PLACE/install/moveit_task_constructor_msgs/include/moveit_task_constructor_msgs/moveit_task_constructor_msgs/msg/detail/solution__builder.hpp
[1.232s] -- Up-to-date: /home/darsh/UR3_ROS2_PICK_AND_PLACE/install/moveit_task_constructor_msgs/include/moveit_task_constructor_msgs/moveit_task_constructor_msgs/msg/detail/solution__traits.hpp
[1.232s] -- Up-to-date: /home/darsh/UR3_ROS2_PICK_AND_PLACE/install/moveit_task_constructor_msgs/include/moveit_task_constructor_msgs/moveit_task_constructor_msgs/msg/detail/sub_solution__struct.hpp
[1.232s] -- Up-to-date: /home/darsh/UR3_ROS2_PICK_AND_PLACE/install/moveit_task_constructor_msgs/include/moveit_task_constructor_msgs/moveit_task_constructor_msgs/msg/detail/property__struct.hpp
[1.232s] -- Up-to-date: /home/darsh/UR3_ROS2_PICK_AND_PLACE/install/moveit_task_constructor_msgs/include/moveit_task_constructor_msgs/moveit_task_constructor_msgs/msg/detail/task_description__traits.hpp
[1.232s] -- Up-to-date: /home/darsh/UR3_ROS2_PICK_AND_PLACE/install/moveit_task_constructor_msgs/include/moveit_task_constructor_msgs/moveit_task_constructor_msgs/msg/detail/property__type_support.hpp
[1.233s] -- Up-to-date: /home/darsh/UR3_ROS2_PICK_AND_PLACE/install/moveit_task_constructor_msgs/include/moveit_task_constructor_msgs/moveit_task_constructor_msgs/msg/detail/sub_trajectory__traits.hpp
[1.233s] -- Up-to-date: /home/darsh/UR3_ROS2_PICK_AND_PLACE/install/moveit_task_constructor_msgs/include/moveit_task_constructor_msgs/moveit_task_constructor_msgs/msg/detail/solution_info__builder.hpp
[1.233s] -- Up-to-date: /home/darsh/UR3_ROS2_PICK_AND_PLACE/install/moveit_task_constructor_msgs/include/moveit_task_constructor_msgs/moveit_task_constructor_msgs/msg/detail/task_description__type_support.hpp
[1.233s] -- Up-to-date: /home/darsh/UR3_ROS2_PICK_AND_PLACE/install/moveit_task_constructor_msgs/include/moveit_task_constructor_msgs/moveit_task_constructor_msgs/msg/detail/trajectory_execution_info__builder.hpp
[1.233s] -- Up-to-date: /home/darsh/UR3_ROS2_PICK_AND_PLACE/install/moveit_task_constructor_msgs/include/moveit_task_constructor_msgs/moveit_task_constructor_msgs/msg/detail/solution__struct.hpp
[1.233s] -- Up-to-date: /home/darsh/UR3_ROS2_PICK_AND_PLACE/install/moveit_task_constructor_msgs/include/moveit_task_constructor_msgs/moveit_task_constructor_msgs/msg/detail/task_statistics__type_support.hpp
[1.233s] -- Up-to-date: /home/darsh/UR3_ROS2_PICK_AND_PLACE/install/moveit_task_constructor_msgs/include/moveit_task_constructor_msgs/moveit_task_constructor_msgs/msg/detail/sub_trajectory__struct.hpp
[1.233s] -- Up-to-date: /home/darsh/UR3_ROS2_PICK_AND_PLACE/install/moveit_task_constructor_msgs/include/moveit_task_constructor_msgs/moveit_task_constructor_msgs/msg/detail/stage_statistics__traits.hpp
[1.233s] -- Up-to-date: /home/darsh/UR3_ROS2_PICK_AND_PLACE/install/moveit_task_constructor_msgs/include/moveit_task_constructor_msgs/moveit_task_constructor_msgs/msg/detail/task_statistics__struct.hpp
[1.233s] -- Up-to-date: /home/darsh/UR3_ROS2_PICK_AND_PLACE/install/moveit_task_constructor_msgs/include/moveit_task_constructor_msgs/moveit_task_constructor_msgs/msg/detail/solution_info__type_support.hpp
[1.234s] -- Up-to-date: /home/darsh/UR3_ROS2_PICK_AND_PLACE/install/moveit_task_constructor_msgs/include/moveit_task_constructor_msgs/moveit_task_constructor_msgs/msg/detail/task_statistics__traits.hpp
[1.234s] -- Up-to-date: /home/darsh/UR3_ROS2_PICK_AND_PLACE/install/moveit_task_constructor_msgs/include/moveit_task_constructor_msgs/moveit_task_constructor_msgs/msg/detail/solution_info__struct.hpp
[1.234s] -- Up-to-date: /home/darsh/UR3_ROS2_PICK_AND_PLACE/install/moveit_task_constructor_msgs/include/moveit_task_constructor_msgs/moveit_task_constructor_msgs/msg/detail/stage_statistics__type_support.hpp
[1.234s] -- Up-to-date: /home/darsh/UR3_ROS2_PICK_AND_PLACE/install/moveit_task_constructor_msgs/include/moveit_task_constructor_msgs/moveit_task_constructor_msgs/msg/detail/task_description__struct.hpp
[1.234s] -- Up-to-date: /home/darsh/UR3_ROS2_PICK_AND_PLACE/install/moveit_task_constructor_msgs/include/moveit_task_constructor_msgs/moveit_task_constructor_msgs/msg/detail/sub_solution__builder.hpp
[1.234s] -- Up-to-date: /home/darsh/UR3_ROS2_PICK_AND_PLACE/install/moveit_task_constructor_msgs/include/moveit_task_constructor_msgs/moveit_task_constructor_msgs/msg/detail/sub_solution__type_support.hpp
[1.234s] -- Up-to-date: /home/darsh/UR3_ROS2_PICK_AND_PLACE/install/moveit_task_constructor_msgs/include/moveit_task_constructor_msgs/moveit_task_constructor_msgs/msg/detail/property__traits.hpp
[1.234s] -- Up-to-date: /home/darsh/UR3_ROS2_PICK_AND_PLACE/install/moveit_task_constructor_msgs/include/moveit_task_constructor_msgs/moveit_task_constructor_msgs/msg/detail/sub_trajectory__type_support.hpp
[1.234s] -- Up-to-date: /home/darsh/UR3_ROS2_PICK_AND_PLACE/install/moveit_task_constructor_msgs/include/moveit_task_constructor_msgs/moveit_task_constructor_msgs/msg/detail/sub_solution__traits.hpp
[1.234s] -- Up-to-date: /home/darsh/UR3_ROS2_PICK_AND_PLACE/install/moveit_task_constructor_msgs/include/moveit_task_constructor_msgs/moveit_task_constructor_msgs/msg/detail/property__builder.hpp
[1.235s] -- Up-to-date: /home/darsh/UR3_ROS2_PICK_AND_PLACE/install/moveit_task_constructor_msgs/include/moveit_task_constructor_msgs/moveit_task_constructor_msgs/msg/detail/task_description__builder.hpp
[1.235s] -- Up-to-date: /home/darsh/UR3_ROS2_PICK_AND_PLACE/install/moveit_task_constructor_msgs/include/moveit_task_constructor_msgs/moveit_task_constructor_msgs/msg/detail/stage_description__type_support.hpp
[1.235s] -- Up-to-date: /home/darsh/UR3_ROS2_PICK_AND_PLACE/install/moveit_task_constructor_msgs/include/moveit_task_constructor_msgs/moveit_task_constructor_msgs/msg/detail/stage_description__struct.hpp
[1.235s] -- Up-to-date: /home/darsh/UR3_ROS2_PICK_AND_PLACE/install/moveit_task_constructor_msgs/include/moveit_task_constructor_msgs/moveit_task_constructor_msgs/msg/detail/trajectory_execution_info__type_support.hpp
[1.235s] -- Up-to-date: /home/darsh/UR3_ROS2_PICK_AND_PLACE/install/moveit_task_constructor_msgs/include/moveit_task_constructor_msgs/moveit_task_constructor_msgs/msg/detail/solution_info__traits.hpp
[1.235s] -- Up-to-date: /home/darsh/UR3_ROS2_PICK_AND_PLACE/install/moveit_task_constructor_msgs/include/moveit_task_constructor_msgs/moveit_task_constructor_msgs/msg/detail/sub_trajectory__builder.hpp
[1.235s] -- Up-to-date: /home/darsh/UR3_ROS2_PICK_AND_PLACE/install/moveit_task_constructor_msgs/include/moveit_task_constructor_msgs/moveit_task_constructor_msgs/msg/detail/trajectory_execution_info__struct.hpp
[1.235s] -- Up-to-date: /home/darsh/UR3_ROS2_PICK_AND_PLACE/install/moveit_task_constructor_msgs/include/moveit_task_constructor_msgs/moveit_task_constructor_msgs/msg/detail/stage_statistics__struct.hpp
[1.235s] -- Up-to-date: /home/darsh/UR3_ROS2_PICK_AND_PLACE/install/moveit_task_constructor_msgs/include/moveit_task_constructor_msgs/moveit_task_constructor_msgs/msg/detail/solution__type_support.hpp
[1.235s] -- Up-to-date: /home/darsh/UR3_ROS2_PICK_AND_PLACE/install/moveit_task_constructor_msgs/include/moveit_task_constructor_msgs/moveit_task_constructor_msgs/action
[1.236s] -- Up-to-date: /home/darsh/UR3_ROS2_PICK_AND_PLACE/install/moveit_task_constructor_msgs/include/moveit_task_constructor_msgs/moveit_task_constructor_msgs/action/execute_task_solution.hpp
[1.236s] -- Up-to-date: /home/darsh/UR3_ROS2_PICK_AND_PLACE/install/moveit_task_constructor_msgs/include/moveit_task_constructor_msgs/moveit_task_constructor_msgs/action/detail
[1.236s] -- Up-to-date: /home/darsh/UR3_ROS2_PICK_AND_PLACE/install/moveit_task_constructor_msgs/include/moveit_task_constructor_msgs/moveit_task_constructor_msgs/action/detail/execute_task_solution__builder.hpp
[1.236s] -- Up-to-date: /home/darsh/UR3_ROS2_PICK_AND_PLACE/install/moveit_task_constructor_msgs/include/moveit_task_constructor_msgs/moveit_task_constructor_msgs/action/detail/execute_task_solution__traits.hpp
[1.236s] -- Up-to-date: /home/darsh/UR3_ROS2_PICK_AND_PLACE/install/moveit_task_constructor_msgs/include/moveit_task_constructor_msgs/moveit_task_constructor_msgs/action/detail/execute_task_solution__struct.hpp
[1.236s] -- Up-to-date: /home/darsh/UR3_ROS2_PICK_AND_PLACE/install/moveit_task_constructor_msgs/include/moveit_task_constructor_msgs/moveit_task_constructor_msgs/action/detail/execute_task_solution__type_support.hpp
[1.236s] -- Up-to-date: /home/darsh/UR3_ROS2_PICK_AND_PLACE/install/moveit_task_constructor_msgs/include/moveit_task_constructor_msgs/moveit_task_constructor_msgs
[1.236s] -- Up-to-date: /home/darsh/UR3_ROS2_PICK_AND_PLACE/install/moveit_task_constructor_msgs/include/moveit_task_constructor_msgs/moveit_task_constructor_msgs/srv
[1.236s] -- Up-to-date: /home/darsh/UR3_ROS2_PICK_AND_PLACE/install/moveit_task_constructor_msgs/include/moveit_task_constructor_msgs/moveit_task_constructor_msgs/srv/detail
[1.237s] -- Up-to-date: /home/darsh/UR3_ROS2_PICK_AND_PLACE/install/moveit_task_constructor_msgs/include/moveit_task_constructor_msgs/moveit_task_constructor_msgs/srv/detail/get_solution__rosidl_typesupport_fastrtps_cpp.hpp
[1.237s] -- Up-to-date: /home/darsh/UR3_ROS2_PICK_AND_PLACE/install/moveit_task_constructor_msgs/include/moveit_task_constructor_msgs/moveit_task_constructor_msgs/srv/detail/dds_fastrtps
[1.237s] -- Up-to-date: /home/darsh/UR3_ROS2_PICK_AND_PLACE/install/moveit_task_constructor_msgs/include/moveit_task_constructor_msgs/moveit_task_constructor_msgs/msg
[1.237s] -- Up-to-date: /home/darsh/UR3_ROS2_PICK_AND_PLACE/install/moveit_task_constructor_msgs/include/moveit_task_constructor_msgs/moveit_task_constructor_msgs/msg/rosidl_typesupport_fastrtps_cpp__visibility_control.h
[1.237s] -- Up-to-date: /home/darsh/UR3_ROS2_PICK_AND_PLACE/install/moveit_task_constructor_msgs/include/moveit_task_constructor_msgs/moveit_task_constructor_msgs/msg/detail
[1.237s] -- Up-to-date: /home/darsh/UR3_ROS2_PICK_AND_PLACE/install/moveit_task_constructor_msgs/include/moveit_task_constructor_msgs/moveit_task_constructor_msgs/msg/detail/solution_info__rosidl_typesupport_fastrtps_cpp.hpp
[1.247s] -- Up-to-date: /home/darsh/UR3_ROS2_PICK_AND_PLACE/install/moveit_task_constructor_msgs/include/moveit_task_constructor_msgs/moveit_task_constructor_msgs/msg/detail/task_statistics__rosidl_typesupport_fastrtps_cpp.hpp
[1.247s] -- Up-to-date: /home/darsh/UR3_ROS2_PICK_AND_PLACE/install/moveit_task_constructor_msgs/include/moveit_task_constructor_msgs/moveit_task_constructor_msgs/msg/detail/trajectory_execution_info__rosidl_typesupport_fastrtps_cpp.hpp
[1.247s] -- Up-to-date: /home/darsh/UR3_ROS2_PICK_AND_PLACE/install/moveit_task_constructor_msgs/include/moveit_task_constructor_msgs/moveit_task_constructor_msgs/msg/detail/solution__rosidl_typesupport_fastrtps_cpp.hpp
[1.247s] -- Up-to-date: /home/darsh/UR3_ROS2_PICK_AND_PLACE/install/moveit_task_constructor_msgs/include/moveit_task_constructor_msgs/moveit_task_constructor_msgs/msg/detail/sub_trajectory__rosidl_typesupport_fastrtps_cpp.hpp
[1.247s] -- Up-to-date: /home/darsh/UR3_ROS2_PICK_AND_PLACE/install/moveit_task_constructor_msgs/include/moveit_task_constructor_msgs/moveit_task_constructor_msgs/msg/detail/task_description__rosidl_typesupport_fastrtps_cpp.hpp
[1.247s] -- Up-to-date: /home/darsh/UR3_ROS2_PICK_AND_PLACE/install/moveit_task_constructor_msgs/include/moveit_task_constructor_msgs/moveit_task_constructor_msgs/msg/detail/property__rosidl_typesupport_fastrtps_cpp.hpp
[1.247s] -- Up-to-date: /home/darsh/UR3_ROS2_PICK_AND_PLACE/install/moveit_task_constructor_msgs/include/moveit_task_constructor_msgs/moveit_task_constructor_msgs/msg/detail/stage_description__rosidl_typesupport_fastrtps_cpp.hpp
[1.248s] -- Up-to-date: /home/darsh/UR3_ROS2_PICK_AND_PLACE/install/moveit_task_constructor_msgs/include/moveit_task_constructor_msgs/moveit_task_constructor_msgs/msg/detail/sub_solution__rosidl_typesupport_fastrtps_cpp.hpp
[1.248s] -- Up-to-date: /home/darsh/UR3_ROS2_PICK_AND_PLACE/install/moveit_task_constructor_msgs/include/moveit_task_constructor_msgs/moveit_task_constructor_msgs/msg/detail/stage_statistics__rosidl_typesupport_fastrtps_cpp.hpp
[1.248s] -- Up-to-date: /home/darsh/UR3_ROS2_PICK_AND_PLACE/install/moveit_task_constructor_msgs/include/moveit_task_constructor_msgs/moveit_task_constructor_msgs/msg/detail/dds_fastrtps
[1.248s] -- Up-to-date: /home/darsh/UR3_ROS2_PICK_AND_PLACE/install/moveit_task_constructor_msgs/include/moveit_task_constructor_msgs/moveit_task_constructor_msgs/action
[1.248s] -- Up-to-date: /home/darsh/UR3_ROS2_PICK_AND_PLACE/install/moveit_task_constructor_msgs/include/moveit_task_constructor_msgs/moveit_task_constructor_msgs/action/detail
[1.248s] -- Up-to-date: /home/darsh/UR3_ROS2_PICK_AND_PLACE/install/moveit_task_constructor_msgs/include/moveit_task_constructor_msgs/moveit_task_constructor_msgs/action/detail/execute_task_solution__rosidl_typesupport_fastrtps_cpp.hpp
[1.248s] -- Up-to-date: /home/darsh/UR3_ROS2_PICK_AND_PLACE/install/moveit_task_constructor_msgs/include/moveit_task_constructor_msgs/moveit_task_constructor_msgs/action/detail/dds_fastrtps
[1.248s] -- Up-to-date: /home/darsh/UR3_ROS2_PICK_AND_PLACE/install/moveit_task_constructor_msgs/lib/libmoveit_task_constructor_msgs__rosidl_typesupport_fastrtps_cpp.so
[1.248s] -- Up-to-date: /home/darsh/UR3_ROS2_PICK_AND_PLACE/install/moveit_task_constructor_msgs/include/moveit_task_constructor_msgs/moveit_task_constructor_msgs
[1.249s] -- Up-to-date: /home/darsh/UR3_ROS2_PICK_AND_PLACE/install/moveit_task_constructor_msgs/include/moveit_task_constructor_msgs/moveit_task_constructor_msgs/srv
[1.249s] -- Up-to-date: /home/darsh/UR3_ROS2_PICK_AND_PLACE/install/moveit_task_constructor_msgs/include/moveit_task_constructor_msgs/moveit_task_constructor_msgs/srv/detail
[1.250s] -- Installing: /home/darsh/UR3_ROS2_PICK_AND_PLACE/install/moveit_task_constructor_msgs/include/moveit_task_constructor_msgs/moveit_task_constructor_msgs/srv/detail/get_solution__type_support.c
[1.250s] -- Up-to-date: /home/darsh/UR3_ROS2_PICK_AND_PLACE/install/moveit_task_constructor_msgs/include/moveit_task_constructor_msgs/moveit_task_constructor_msgs/srv/detail/get_solution__rosidl_typesupport_introspection_c.h
[1.250s] -- Up-to-date: /home/darsh/UR3_ROS2_PICK_AND_PLACE/install/moveit_task_constructor_msgs/include/moveit_task_constructor_msgs/moveit_task_constructor_msgs/msg
[1.250s] -- Up-to-date: /home/darsh/UR3_ROS2_PICK_AND_PLACE/install/moveit_task_constructor_msgs/include/moveit_task_constructor_msgs/moveit_task_constructor_msgs/msg/rosidl_typesupport_introspection_c__visibility_control.h
[1.251s] -- Up-to-date: /home/darsh/UR3_ROS2_PICK_AND_PLACE/install/moveit_task_constructor_msgs/include/moveit_task_constructor_msgs/moveit_task_constructor_msgs/msg/detail
[1.251s] -- Installing: /home/darsh/UR3_ROS2_PICK_AND_PLACE/install/moveit_task_constructor_msgs/include/moveit_task_constructor_msgs/moveit_task_constructor_msgs/msg/detail/trajectory_execution_info__type_support.c
[1.251s] -- Installing: /home/darsh/UR3_ROS2_PICK_AND_PLACE/install/moveit_task_constructor_msgs/include/moveit_task_constructor_msgs/moveit_task_constructor_msgs/msg/detail/stage_description__type_support.c
[1.251s] -- Up-to-date: /home/darsh/UR3_ROS2_PICK_AND_PLACE/install/moveit_task_constructor_msgs/include/moveit_task_constructor_msgs/moveit_task_constructor_msgs/msg/detail/sub_solution__rosidl_typesupport_introspection_c.h
[1.251s] -- Installing: /home/darsh/UR3_ROS2_PICK_AND_PLACE/install/moveit_task_constructor_msgs/include/moveit_task_constructor_msgs/moveit_task_constructor_msgs/msg/detail/stage_statistics__type_support.c
[1.252s] -- Installing: /home/darsh/UR3_ROS2_PICK_AND_PLACE/install/moveit_task_constructor_msgs/include/moveit_task_constructor_msgs/moveit_task_constructor_msgs/msg/detail/solution_info__type_support.c
[1.252s] -- Installing: /home/darsh/UR3_ROS2_PICK_AND_PLACE/install/moveit_task_constructor_msgs/include/moveit_task_constructor_msgs/moveit_task_constructor_msgs/msg/detail/solution__type_support.c
[1.252s] -- Up-to-date: /home/darsh/UR3_ROS2_PICK_AND_PLACE/install/moveit_task_constructor_msgs/include/moveit_task_constructor_msgs/moveit_task_constructor_msgs/msg/detail/property__rosidl_typesupport_introspection_c.h
[1.252s] -- Up-to-date: /home/darsh/UR3_ROS2_PICK_AND_PLACE/install/moveit_task_constructor_msgs/include/moveit_task_constructor_msgs/moveit_task_constructor_msgs/msg/detail/stage_description__rosidl_typesupport_introspection_c.h
[1.253s] -- Installing: /home/darsh/UR3_ROS2_PICK_AND_PLACE/install/moveit_task_constructor_msgs/include/moveit_task_constructor_msgs/moveit_task_constructor_msgs/msg/detail/task_description__type_support.c
[1.253s] -- Installing: /home/darsh/UR3_ROS2_PICK_AND_PLACE/install/moveit_task_constructor_msgs/include/moveit_task_constructor_msgs/moveit_task_constructor_msgs/msg/detail/sub_trajectory__type_support.c
[1.253s] -- Up-to-date: /home/darsh/UR3_ROS2_PICK_AND_PLACE/install/moveit_task_constructor_msgs/include/moveit_task_constructor_msgs/moveit_task_constructor_msgs/msg/detail/sub_trajectory__rosidl_typesupport_introspection_c.h
[1.253s] -- Up-to-date: /home/darsh/UR3_ROS2_PICK_AND_PLACE/install/moveit_task_constructor_msgs/include/moveit_task_constructor_msgs/moveit_task_constructor_msgs/msg/detail/task_description__rosidl_typesupport_introspection_c.h
[1.253s] -- Installing: /home/darsh/UR3_ROS2_PICK_AND_PLACE/install/moveit_task_constructor_msgs/include/moveit_task_constructor_msgs/moveit_task_constructor_msgs/msg/detail/property__type_support.c
[1.253s] -- Up-to-date: /home/darsh/UR3_ROS2_PICK_AND_PLACE/install/moveit_task_constructor_msgs/include/moveit_task_constructor_msgs/moveit_task_constructor_msgs/msg/detail/trajectory_execution_info__rosidl_typesupport_introspection_c.h
[1.253s] -- Up-to-date: /home/darsh/UR3_ROS2_PICK_AND_PLACE/install/moveit_task_constructor_msgs/include/moveit_task_constructor_msgs/moveit_task_constructor_msgs/msg/detail/task_statistics__rosidl_typesupport_introspection_c.h
[1.253s] -- Up-to-date: /home/darsh/UR3_ROS2_PICK_AND_PLACE/install/moveit_task_constructor_msgs/include/moveit_task_constructor_msgs/moveit_task_constructor_msgs/msg/detail/stage_statistics__rosidl_typesupport_introspection_c.h
[1.253s] -- Installing: /home/darsh/UR3_ROS2_PICK_AND_PLACE/install/moveit_task_constructor_msgs/include/moveit_task_constructor_msgs/moveit_task_constructor_msgs/msg/detail/task_statistics__type_support.c
[1.254s] -- Installing: /home/darsh/UR3_ROS2_PICK_AND_PLACE/install/moveit_task_constructor_msgs/include/moveit_task_constructor_msgs/moveit_task_constructor_msgs/msg/detail/sub_solution__type_support.c
[1.254s] -- Up-to-date: /home/darsh/UR3_ROS2_PICK_AND_PLACE/install/moveit_task_constructor_msgs/include/moveit_task_constructor_msgs/moveit_task_constructor_msgs/msg/detail/solution_info__rosidl_typesupport_introspection_c.h
[1.254s] -- Up-to-date: /home/darsh/UR3_ROS2_PICK_AND_PLACE/install/moveit_task_constructor_msgs/include/moveit_task_constructor_msgs/moveit_task_constructor_msgs/msg/detail/solution__rosidl_typesupport_introspection_c.h
[1.254s] -- Up-to-date: /home/darsh/UR3_ROS2_PICK_AND_PLACE/install/moveit_task_constructor_msgs/include/moveit_task_constructor_msgs/moveit_task_constructor_msgs/action
[1.254s] -- Up-to-date: /home/darsh/UR3_ROS2_PICK_AND_PLACE/install/moveit_task_constructor_msgs/include/moveit_task_constructor_msgs/moveit_task_constructor_msgs/action/detail
[1.254s] -- Installing: /home/darsh/UR3_ROS2_PICK_AND_PLACE/install/moveit_task_constructor_msgs/include/moveit_task_constructor_msgs/moveit_task_constructor_msgs/action/detail/execute_task_solution__type_support.c
[1.254s] -- Up-to-date: /home/darsh/UR3_ROS2_PICK_AND_PLACE/install/moveit_task_constructor_msgs/include/moveit_task_constructor_msgs/moveit_task_constructor_msgs/action/detail/execute_task_solution__rosidl_typesupport_introspection_c.h
[1.300s] -- Up-to-date: /home/darsh/UR3_ROS2_PICK_AND_PLACE/install/moveit_task_constructor_msgs/lib/libmoveit_task_constructor_msgs__rosidl_typesupport_introspection_c.so
[1.300s] -- Up-to-date: /home/darsh/UR3_ROS2_PICK_AND_PLACE/install/moveit_task_constructor_msgs/lib/libmoveit_task_constructor_msgs__rosidl_typesupport_c.so
[1.300s] -- Up-to-date: /home/darsh/UR3_ROS2_PICK_AND_PLACE/install/moveit_task_constructor_msgs/include/moveit_task_constructor_msgs/moveit_task_constructor_msgs
[1.300s] -- Up-to-date: /home/darsh/UR3_ROS2_PICK_AND_PLACE/install/moveit_task_constructor_msgs/include/moveit_task_constructor_msgs/moveit_task_constructor_msgs/srv
[1.300s] -- Up-to-date: /home/darsh/UR3_ROS2_PICK_AND_PLACE/install/moveit_task_constructor_msgs/include/moveit_task_constructor_msgs/moveit_task_constructor_msgs/srv/detail
[1.300s] -- Up-to-date: /home/darsh/UR3_ROS2_PICK_AND_PLACE/install/moveit_task_constructor_msgs/include/moveit_task_constructor_msgs/moveit_task_constructor_msgs/srv/detail/get_solution__rosidl_typesupport_introspection_cpp.hpp
[1.300s] -- Up-to-date: /home/darsh/UR3_ROS2_PICK_AND_PLACE/install/moveit_task_constructor_msgs/include/moveit_task_constructor_msgs/moveit_task_constructor_msgs/srv/detail/get_solution__type_support.cpp
[1.300s] -- Up-to-date: /home/darsh/UR3_ROS2_PICK_AND_PLACE/install/moveit_task_constructor_msgs/include/moveit_task_constructor_msgs/moveit_task_constructor_msgs/msg
[1.301s] -- Up-to-date: /home/darsh/UR3_ROS2_PICK_AND_PLACE/install/moveit_task_constructor_msgs/include/moveit_task_constructor_msgs/moveit_task_constructor_msgs/msg/detail
[1.301s] -- Up-to-date: /home/darsh/UR3_ROS2_PICK_AND_PLACE/install/moveit_task_constructor_msgs/include/moveit_task_constructor_msgs/moveit_task_constructor_msgs/msg/detail/stage_description__type_support.cpp
[1.301s] -- Up-to-date: /home/darsh/UR3_ROS2_PICK_AND_PLACE/install/moveit_task_constructor_msgs/include/moveit_task_constructor_msgs/moveit_task_constructor_msgs/msg/detail/sub_trajectory__rosidl_typesupport_introspection_cpp.hpp
[1.301s] -- Up-to-date: /home/darsh/UR3_ROS2_PICK_AND_PLACE/install/moveit_task_constructor_msgs/include/moveit_task_constructor_msgs/moveit_task_constructor_msgs/msg/detail/sub_solution__rosidl_typesupport_introspection_cpp.hpp
[1.301s] -- Up-to-date: /home/darsh/UR3_ROS2_PICK_AND_PLACE/install/moveit_task_constructor_msgs/include/moveit_task_constructor_msgs/moveit_task_constructor_msgs/msg/detail/stage_description__rosidl_typesupport_introspection_cpp.hpp
[1.301s] -- Up-to-date: /home/darsh/UR3_ROS2_PICK_AND_PLACE/install/moveit_task_constructor_msgs/include/moveit_task_constructor_msgs/moveit_task_constructor_msgs/msg/detail/stage_statistics__rosidl_typesupport_introspection_cpp.hpp
[1.301s] -- Up-to-date: /home/darsh/UR3_ROS2_PICK_AND_PLACE/install/moveit_task_constructor_msgs/include/moveit_task_constructor_msgs/moveit_task_constructor_msgs/msg/detail/stage_statistics__type_support.cpp
[1.301s] -- Up-to-date: /home/darsh/UR3_ROS2_PICK_AND_PLACE/install/moveit_task_constructor_msgs/include/moveit_task_constructor_msgs/moveit_task_constructor_msgs/msg/detail/solution__type_support.cpp
[1.301s] -- Up-to-date: /home/darsh/UR3_ROS2_PICK_AND_PLACE/install/moveit_task_constructor_msgs/include/moveit_task_constructor_msgs/moveit_task_constructor_msgs/msg/detail/task_statistics__rosidl_typesupport_introspection_cpp.hpp
[1.302s] -- Up-to-date: /home/darsh/UR3_ROS2_PICK_AND_PLACE/install/moveit_task_constructor_msgs/include/moveit_task_constructor_msgs/moveit_task_constructor_msgs/msg/detail/task_description__type_support.cpp
[1.302s] -- Up-to-date: /home/darsh/UR3_ROS2_PICK_AND_PLACE/install/moveit_task_constructor_msgs/include/moveit_task_constructor_msgs/moveit_task_constructor_msgs/msg/detail/solution_info__rosidl_typesupport_introspection_cpp.hpp
[1.302s] -- Up-to-date: /home/darsh/UR3_ROS2_PICK_AND_PLACE/install/moveit_task_constructor_msgs/include/moveit_task_constructor_msgs/moveit_task_constructor_msgs/msg/detail/task_description__rosidl_typesupport_introspection_cpp.hpp
[1.302s] -- Up-to-date: /home/darsh/UR3_ROS2_PICK_AND_PLACE/install/moveit_task_constructor_msgs/include/moveit_task_constructor_msgs/moveit_task_constructor_msgs/msg/detail/trajectory_execution_info__type_support.cpp
[1.302s] -- Up-to-date: /home/darsh/UR3_ROS2_PICK_AND_PLACE/install/moveit_task_constructor_msgs/include/moveit_task_constructor_msgs/moveit_task_constructor_msgs/msg/detail/task_statistics__type_support.cpp
[1.302s] -- Up-to-date: /home/darsh/UR3_ROS2_PICK_AND_PLACE/install/moveit_task_constructor_msgs/include/moveit_task_constructor_msgs/moveit_task_constructor_msgs/msg/detail/property__type_support.cpp
[1.302s] -- Up-to-date: /home/darsh/UR3_ROS2_PICK_AND_PLACE/install/moveit_task_constructor_msgs/include/moveit_task_constructor_msgs/moveit_task_constructor_msgs/msg/detail/sub_trajectory__type_support.cpp
[1.302s] -- Up-to-date: /home/darsh/UR3_ROS2_PICK_AND_PLACE/install/moveit_task_constructor_msgs/include/moveit_task_constructor_msgs/moveit_task_constructor_msgs/msg/detail/sub_solution__type_support.cpp
[1.302s] -- Up-to-date: /home/darsh/UR3_ROS2_PICK_AND_PLACE/install/moveit_task_constructor_msgs/include/moveit_task_constructor_msgs/moveit_task_constructor_msgs/msg/detail/solution_info__type_support.cpp
[1.302s] -- Up-to-date: /home/darsh/UR3_ROS2_PICK_AND_PLACE/install/moveit_task_constructor_msgs/include/moveit_task_constructor_msgs/moveit_task_constructor_msgs/msg/detail/property__rosidl_typesupport_introspection_cpp.hpp
[1.303s] -- Up-to-date: /home/darsh/UR3_ROS2_PICK_AND_PLACE/install/moveit_task_constructor_msgs/include/moveit_task_constructor_msgs/moveit_task_constructor_msgs/msg/detail/solution__rosidl_typesupport_introspection_cpp.hpp
[1.303s] -- Up-to-date: /home/darsh/UR3_ROS2_PICK_AND_PLACE/install/moveit_task_constructor_msgs/include/moveit_task_constructor_msgs/moveit_task_constructor_msgs/msg/detail/trajectory_execution_info__rosidl_typesupport_introspection_cpp.hpp
[1.303s] -- Up-to-date: /home/darsh/UR3_ROS2_PICK_AND_PLACE/install/moveit_task_constructor_msgs/include/moveit_task_constructor_msgs/moveit_task_constructor_msgs/action
[1.303s] -- Up-to-date: /home/darsh/UR3_ROS2_PICK_AND_PLACE/install/moveit_task_constructor_msgs/include/moveit_task_constructor_msgs/moveit_task_constructor_msgs/action/detail
[1.303s] -- Up-to-date: /home/darsh/UR3_ROS2_PICK_AND_PLACE/install/moveit_task_constructor_msgs/include/moveit_task_constructor_msgs/moveit_task_constructor_msgs/action/detail/execute_task_solution__type_support.cpp
[1.303s] -- Up-to-date: /home/darsh/UR3_ROS2_PICK_AND_PLACE/install/moveit_task_constructor_msgs/include/moveit_task_constructor_msgs/moveit_task_constructor_msgs/action/detail/execute_task_solution__rosidl_typesupport_introspection_cpp.hpp
[1.303s] -- Up-to-date: /home/darsh/UR3_ROS2_PICK_AND_PLACE/install/moveit_task_constructor_msgs/lib/libmoveit_task_constructor_msgs__rosidl_typesupport_introspection_cpp.so
[1.303s] -- Up-to-date: /home/darsh/UR3_ROS2_PICK_AND_PLACE/install/moveit_task_constructor_msgs/lib/libmoveit_task_constructor_msgs__rosidl_typesupport_cpp.so
[1.303s] -- Up-to-date: /home/darsh/UR3_ROS2_PICK_AND_PLACE/install/moveit_task_constructor_msgs/share/moveit_task_constructor_msgs/environment/pythonpath.sh
[1.303s] -- Up-to-date: /home/darsh/UR3_ROS2_PICK_AND_PLACE/install/moveit_task_constructor_msgs/share/moveit_task_constructor_msgs/environment/pythonpath.dsv
[1.303s] -- Up-to-date: /home/darsh/UR3_ROS2_PICK_AND_PLACE/install/moveit_task_constructor_msgs/lib/python3.12/site-packages/moveit_task_constructor_msgs-0.1.3-py3.12.egg-info
[1.304s] -- Installing: /home/darsh/UR3_ROS2_PICK_AND_PLACE/install/moveit_task_constructor_msgs/lib/python3.12/site-packages/moveit_task_constructor_msgs-0.1.3-py3.12.egg-info/dependency_links.txt
[1.304s] -- Installing: /home/darsh/UR3_ROS2_PICK_AND_PLACE/install/moveit_task_constructor_msgs/lib/python3.12/site-packages/moveit_task_constructor_msgs-0.1.3-py3.12.egg-info/top_level.txt
[1.304s] -- Installing: /home/darsh/UR3_ROS2_PICK_AND_PLACE/install/moveit_task_constructor_msgs/lib/python3.12/site-packages/moveit_task_constructor_msgs-0.1.3-py3.12.egg-info/SOURCES.txt
[1.304s] -- Installing: /home/darsh/UR3_ROS2_PICK_AND_PLACE/install/moveit_task_constructor_msgs/lib/python3.12/site-packages/moveit_task_constructor_msgs-0.1.3-py3.12.egg-info/PKG-INFO
[1.304s] -- Up-to-date: /home/darsh/UR3_ROS2_PICK_AND_PLACE/install/moveit_task_constructor_msgs/lib/python3.12/site-packages/moveit_task_constructor_msgs
[1.304s] -- Up-to-date: /home/darsh/UR3_ROS2_PICK_AND_PLACE/install/moveit_task_constructor_msgs/lib/python3.12/site-packages/moveit_task_constructor_msgs/srv
[1.304s] -- Up-to-date: /home/darsh/UR3_ROS2_PICK_AND_PLACE/install/moveit_task_constructor_msgs/lib/python3.12/site-packages/moveit_task_constructor_msgs/srv/_get_solution.py
[1.304s] -- Up-to-date: /home/darsh/UR3_ROS2_PICK_AND_PLACE/install/moveit_task_constructor_msgs/lib/python3.12/site-packages/moveit_task_constructor_msgs/srv/_get_solution_s.c
[1.304s] -- Up-to-date: /home/darsh/UR3_ROS2_PICK_AND_PLACE/install/moveit_task_constructor_msgs/lib/python3.12/site-packages/moveit_task_constructor_msgs/srv/__init__.py
[1.304s] -- Up-to-date: /home/darsh/UR3_ROS2_PICK_AND_PLACE/install/moveit_task_constructor_msgs/lib/python3.12/site-packages/moveit_task_constructor_msgs/_moveit_task_constructor_msgs_s.ep.rosidl_typesupport_c.c
[1.305s] -- Up-to-date: /home/darsh/UR3_ROS2_PICK_AND_PLACE/install/moveit_task_constructor_msgs/lib/python3.12/site-packages/moveit_task_constructor_msgs/moveit_task_constructor_msgs_s__rosidl_typesupport_fastrtps_c.so
[1.305s] -- Up-to-date: /home/darsh/UR3_ROS2_PICK_AND_PLACE/install/moveit_task_constructor_msgs/lib/python3.12/site-packages/moveit_task_constructor_msgs/msg
[1.305s] -- Up-to-date: /home/darsh/UR3_ROS2_PICK_AND_PLACE/install/moveit_task_constructor_msgs/lib/python3.12/site-packages/moveit_task_constructor_msgs/msg/_solution.py
[1.305s] -- Up-to-date: /home/darsh/UR3_ROS2_PICK_AND_PLACE/install/moveit_task_constructor_msgs/lib/python3.12/site-packages/moveit_task_constructor_msgs/msg/_sub_trajectory.py
[1.305s] -- Up-to-date: /home/darsh/UR3_ROS2_PICK_AND_PLACE/install/moveit_task_constructor_msgs/lib/python3.12/site-packages/moveit_task_constructor_msgs/msg/_stage_statistics_s.c
[1.305s] -- Up-to-date: /home/darsh/UR3_ROS2_PICK_AND_PLACE/install/moveit_task_constructor_msgs/lib/python3.12/site-packages/moveit_task_constructor_msgs/msg/_trajectory_execution_info.py
[1.305s] -- Up-to-date: /home/darsh/UR3_ROS2_PICK_AND_PLACE/install/moveit_task_constructor_msgs/lib/python3.12/site-packages/moveit_task_constructor_msgs/msg/_stage_statistics.py
[1.305s] -- Up-to-date: /home/darsh/UR3_ROS2_PICK_AND_PLACE/install/moveit_task_constructor_msgs/lib/python3.12/site-packages/moveit_task_constructor_msgs/msg/_sub_solution_s.c
[1.305s] -- Up-to-date: /home/darsh/UR3_ROS2_PICK_AND_PLACE/install/moveit_task_constructor_msgs/lib/python3.12/site-packages/moveit_task_constructor_msgs/msg/_stage_description_s.c
[1.305s] -- Up-to-date: /home/darsh/UR3_ROS2_PICK_AND_PLACE/install/moveit_task_constructor_msgs/lib/python3.12/site-packages/moveit_task_constructor_msgs/msg/_task_description_s.c
[1.306s] -- Up-to-date: /home/darsh/UR3_ROS2_PICK_AND_PLACE/install/moveit_task_constructor_msgs/lib/python3.12/site-packages/moveit_task_constructor_msgs/msg/_solution_info_s.c
[1.306s] -- Up-to-date: /home/darsh/UR3_ROS2_PICK_AND_PLACE/install/moveit_task_constructor_msgs/lib/python3.12/site-packages/moveit_task_constructor_msgs/msg/_task_statistics_s.c
[1.306s] -- Up-to-date: /home/darsh/UR3_ROS2_PICK_AND_PLACE/install/moveit_task_constructor_msgs/lib/python3.12/site-packages/moveit_task_constructor_msgs/msg/_sub_solution.py
[1.306s] -- Up-to-date: /home/darsh/UR3_ROS2_PICK_AND_PLACE/install/moveit_task_constructor_msgs/lib/python3.12/site-packages/moveit_task_constructor_msgs/msg/_trajectory_execution_info_s.c
[1.306s] -- Up-to-date: /home/darsh/UR3_ROS2_PICK_AND_PLACE/install/moveit_task_constructor_msgs/lib/python3.12/site-packages/moveit_task_constructor_msgs/msg/_property_s.c
[1.306s] -- Up-to-date: /home/darsh/UR3_ROS2_PICK_AND_PLACE/install/moveit_task_constructor_msgs/lib/python3.12/site-packages/moveit_task_constructor_msgs/msg/_solution_info.py
[1.306s] -- Up-to-date: /home/darsh/UR3_ROS2_PICK_AND_PLACE/install/moveit_task_constructor_msgs/lib/python3.12/site-packages/moveit_task_constructor_msgs/msg/_stage_description.py
[1.306s] -- Up-to-date: /home/darsh/UR3_ROS2_PICK_AND_PLACE/install/moveit_task_constructor_msgs/lib/python3.12/site-packages/moveit_task_constructor_msgs/msg/__init__.py
[1.306s] -- Up-to-date: /home/darsh/UR3_ROS2_PICK_AND_PLACE/install/moveit_task_constructor_msgs/lib/python3.12/site-packages/moveit_task_constructor_msgs/msg/_task_description.py
[1.306s] -- Up-to-date: /home/darsh/UR3_ROS2_PICK_AND_PLACE/install/moveit_task_constructor_msgs/lib/python3.12/site-packages/moveit_task_constructor_msgs/msg/_solution_s.c
[1.307s] -- Up-to-date: /home/darsh/UR3_ROS2_PICK_AND_PLACE/install/moveit_task_constructor_msgs/lib/python3.12/site-packages/moveit_task_constructor_msgs/msg/_property.py
[1.307s] -- Up-to-date: /home/darsh/UR3_ROS2_PICK_AND_PLACE/install/moveit_task_constructor_msgs/lib/python3.12/site-packages/moveit_task_constructor_msgs/msg/_task_statistics.py
[1.307s] -- Up-to-date: /home/darsh/UR3_ROS2_PICK_AND_PLACE/install/moveit_task_constructor_msgs/lib/python3.12/site-packages/moveit_task_constructor_msgs/msg/_sub_trajectory_s.c
[1.307s] -- Up-to-date: /home/darsh/UR3_ROS2_PICK_AND_PLACE/install/moveit_task_constructor_msgs/lib/python3.12/site-packages/moveit_task_constructor_msgs/moveit_task_constructor_msgs_s__rosidl_typesupport_introspection_c.so
[1.307s] -- Up-to-date: /home/darsh/UR3_ROS2_PICK_AND_PLACE/install/moveit_task_constructor_msgs/lib/python3.12/site-packages/moveit_task_constructor_msgs/_moveit_task_constructor_msgs_s.ep.rosidl_typesupport_fastrtps_c.c
[1.307s] -- Up-to-date: /home/darsh/UR3_ROS2_PICK_AND_PLACE/install/moveit_task_constructor_msgs/lib/python3.12/site-packages/moveit_task_constructor_msgs/action
[1.307s] -- Up-to-date: /home/darsh/UR3_ROS2_PICK_AND_PLACE/install/moveit_task_constructor_msgs/lib/python3.12/site-packages/moveit_task_constructor_msgs/action/_execute_task_solution.py
[1.307s] -- Up-to-date: /home/darsh/UR3_ROS2_PICK_AND_PLACE/install/moveit_task_constructor_msgs/lib/python3.12/site-packages/moveit_task_constructor_msgs/action/_execute_task_solution_s.c
[1.307s] -- Up-to-date: /home/darsh/UR3_ROS2_PICK_AND_PLACE/install/moveit_task_constructor_msgs/lib/python3.12/site-packages/moveit_task_constructor_msgs/action/__init__.py
[1.307s] -- Up-to-date: /home/darsh/UR3_ROS2_PICK_AND_PLACE/install/moveit_task_constructor_msgs/lib/python3.12/site-packages/moveit_task_constructor_msgs/moveit_task_constructor_msgs_s__rosidl_typesupport_c.so
[1.307s] -- Up-to-date: /home/darsh/UR3_ROS2_PICK_AND_PLACE/install/moveit_task_constructor_msgs/lib/python3.12/site-packages/moveit_task_constructor_msgs/__init__.py
[1.308s] -- Up-to-date: /home/darsh/UR3_ROS2_PICK_AND_PLACE/install/moveit_task_constructor_msgs/lib/python3.12/site-packages/moveit_task_constructor_msgs/_moveit_task_constructor_msgs_s.ep.rosidl_typesupport_introspection_c.c
[1.344s] Listing '/home/darsh/UR3_ROS2_PICK_AND_PLACE/install/moveit_task_constructor_msgs/lib/python3.12/site-packages/moveit_task_constructor_msgs'...
[1.345s] Listing '/home/darsh/UR3_ROS2_PICK_AND_PLACE/install/moveit_task_constructor_msgs/lib/python3.12/site-packages/moveit_task_constructor_msgs/action'...
[1.345s] Listing '/home/darsh/UR3_ROS2_PICK_AND_PLACE/install/moveit_task_constructor_msgs/lib/python3.12/site-packages/moveit_task_constructor_msgs/msg'...
[1.345s] Listing '/home/darsh/UR3_ROS2_PICK_AND_PLACE/install/moveit_task_constructor_msgs/lib/python3.12/site-packages/moveit_task_constructor_msgs/srv'...
[1.360s] -- Up-to-date: /home/darsh/UR3_ROS2_PICK_AND_PLACE/install/moveit_task_constructor_msgs/lib/python3.12/site-packages/moveit_task_constructor_msgs/moveit_task_constructor_msgs_s__rosidl_typesupport_fastrtps_c.so
[1.360s] -- Up-to-date: /home/darsh/UR3_ROS2_PICK_AND_PLACE/install/moveit_task_constructor_msgs/lib/python3.12/site-packages/moveit_task_constructor_msgs/moveit_task_constructor_msgs_s__rosidl_typesupport_introspection_c.so
[1.361s] -- Up-to-date: /home/darsh/UR3_ROS2_PICK_AND_PLACE/install/moveit_task_constructor_msgs/lib/python3.12/site-packages/moveit_task_constructor_msgs/moveit_task_constructor_msgs_s__rosidl_typesupport_c.so
[1.361s] -- Up-to-date: /home/darsh/UR3_ROS2_PICK_AND_PLACE/install/moveit_task_constructor_msgs/lib/libmoveit_task_constructor_msgs__rosidl_generator_py.so
[1.361s] -- Up-to-date: /home/darsh/UR3_ROS2_PICK_AND_PLACE/install/moveit_task_constructor_msgs/share/moveit_task_constructor_msgs/msg/Property.idl
[1.361s] -- Up-to-date: /home/darsh/UR3_ROS2_PICK_AND_PLACE/install/moveit_task_constructor_msgs/share/moveit_task_constructor_msgs/msg/Solution.idl
[1.361s] -- Up-to-date: /home/darsh/UR3_ROS2_PICK_AND_PLACE/install/moveit_task_constructor_msgs/share/moveit_task_constructor_msgs/msg/SolutionInfo.idl
[1.361s] -- Up-to-date: /home/darsh/UR3_ROS2_PICK_AND_PLACE/install/moveit_task_constructor_msgs/share/moveit_task_constructor_msgs/msg/StageDescription.idl
[1.361s] -- Up-to-date: /home/darsh/UR3_ROS2_PICK_AND_PLACE/install/moveit_task_constructor_msgs/share/moveit_task_constructor_msgs/msg/StageStatistics.idl
[1.361s] -- Up-to-date: /home/darsh/UR3_ROS2_PICK_AND_PLACE/install/moveit_task_constructor_msgs/share/moveit_task_constructor_msgs/msg/SubSolution.idl
[1.361s] -- Up-to-date: /home/darsh/UR3_ROS2_PICK_AND_PLACE/install/moveit_task_constructor_msgs/share/moveit_task_constructor_msgs/msg/SubTrajectory.idl
[1.361s] -- Up-to-date: /home/darsh/UR3_ROS2_PICK_AND_PLACE/install/moveit_task_constructor_msgs/share/moveit_task_constructor_msgs/msg/TaskDescription.idl
[1.362s] -- Up-to-date: /home/darsh/UR3_ROS2_PICK_AND_PLACE/install/moveit_task_constructor_msgs/share/moveit_task_constructor_msgs/msg/TaskStatistics.idl
[1.362s] -- Up-to-date: /home/darsh/UR3_ROS2_PICK_AND_PLACE/install/moveit_task_constructor_msgs/share/moveit_task_constructor_msgs/msg/TrajectoryExecutionInfo.idl
[1.362s] -- Up-to-date: /home/darsh/UR3_ROS2_PICK_AND_PLACE/install/moveit_task_constructor_msgs/share/moveit_task_constructor_msgs/srv/GetSolution.idl
[1.362s] -- Up-to-date: /home/darsh/UR3_ROS2_PICK_AND_PLACE/install/moveit_task_constructor_msgs/share/moveit_task_constructor_msgs/action/ExecuteTaskSolution.idl
[1.362s] -- Up-to-date: /home/darsh/UR3_ROS2_PICK_AND_PLACE/install/moveit_task_constructor_msgs/share/moveit_task_constructor_msgs/msg/Property.msg
[1.362s] -- Up-to-date: /home/darsh/UR3_ROS2_PICK_AND_PLACE/install/moveit_task_constructor_msgs/share/moveit_task_constructor_msgs/msg/Solution.msg
[1.362s] -- Up-to-date: /home/darsh/UR3_ROS2_PICK_AND_PLACE/install/moveit_task_constructor_msgs/share/moveit_task_constructor_msgs/msg/SolutionInfo.msg
[1.362s] -- Up-to-date: /home/darsh/UR3_ROS2_PICK_AND_PLACE/install/moveit_task_constructor_msgs/share/moveit_task_constructor_msgs/msg/StageDescription.msg
[1.362s] -- Up-to-date: /home/darsh/UR3_ROS2_PICK_AND_PLACE/install/moveit_task_constructor_msgs/share/moveit_task_constructor_msgs/msg/StageStatistics.msg
[1.363s] -- Up-to-date: /home/darsh/UR3_ROS2_PICK_AND_PLACE/install/moveit_task_constructor_msgs/share/moveit_task_constructor_msgs/msg/SubSolution.msg
[1.363s] -- Up-to-date: /home/darsh/UR3_ROS2_PICK_AND_PLACE/install/moveit_task_constructor_msgs/share/moveit_task_constructor_msgs/msg/SubTrajectory.msg
[1.363s] -- Up-to-date: /home/darsh/UR3_ROS2_PICK_AND_PLACE/install/moveit_task_constructor_msgs/share/moveit_task_constructor_msgs/msg/TaskDescription.msg
[1.363s] -- Up-to-date: /home/darsh/UR3_ROS2_PICK_AND_PLACE/install/moveit_task_constructor_msgs/share/moveit_task_constructor_msgs/msg/TaskStatistics.msg
[1.363s] -- Up-to-date: /home/darsh/UR3_ROS2_PICK_AND_PLACE/install/moveit_task_constructor_msgs/share/moveit_task_constructor_msgs/msg/TrajectoryExecutionInfo.msg
[1.363s] -- Up-to-date: /home/darsh/UR3_ROS2_PICK_AND_PLACE/install/moveit_task_constructor_msgs/share/moveit_task_constructor_msgs/srv/GetSolution.srv
[1.363s] -- Up-to-date: /home/darsh/UR3_ROS2_PICK_AND_PLACE/install/moveit_task_constructor_msgs/share/moveit_task_constructor_msgs/action/ExecuteTaskSolution.action
[1.364s] -- Up-to-date: /home/darsh/UR3_ROS2_PICK_AND_PLACE/install/moveit_task_constructor_msgs/share/ament_index/resource_index/package_run_dependencies/moveit_task_constructor_msgs
[1.364s] -- Up-to-date: /home/darsh/UR3_ROS2_PICK_AND_PLACE/install/moveit_task_constructor_msgs/share/ament_index/resource_index/parent_prefix_path/moveit_task_constructor_msgs
[1.364s] -- Up-to-date: /home/darsh/UR3_ROS2_PICK_AND_PLACE/install/moveit_task_constructor_msgs/share/moveit_task_constructor_msgs/environment/ament_prefix_path.sh
[1.364s] -- Up-to-date: /home/darsh/UR3_ROS2_PICK_AND_PLACE/install/moveit_task_constructor_msgs/share/moveit_task_constructor_msgs/environment/ament_prefix_path.dsv
[1.364s] -- Up-to-date: /home/darsh/UR3_ROS2_PICK_AND_PLACE/install/moveit_task_constructor_msgs/share/moveit_task_constructor_msgs/environment/path.sh
[1.364s] -- Up-to-date: /home/darsh/UR3_ROS2_PICK_AND_PLACE/install/moveit_task_constructor_msgs/share/moveit_task_constructor_msgs/environment/path.dsv
[1.364s] -- Up-to-date: /home/darsh/UR3_ROS2_PICK_AND_PLACE/install/moveit_task_constructor_msgs/share/moveit_task_constructor_msgs/local_setup.bash
[1.364s] -- Up-to-date: /home/darsh/UR3_ROS2_PICK_AND_PLACE/install/moveit_task_constructor_msgs/share/moveit_task_constructor_msgs/local_setup.sh
[1.364s] -- Up-to-date: /home/darsh/UR3_ROS2_PICK_AND_PLACE/install/moveit_task_constructor_msgs/share/moveit_task_constructor_msgs/local_setup.zsh
[1.364s] -- Up-to-date: /home/darsh/UR3_ROS2_PICK_AND_PLACE/install/moveit_task_constructor_msgs/share/moveit_task_constructor_msgs/local_setup.dsv
[1.365s] -- Installing: /home/darsh/UR3_ROS2_PICK_AND_PLACE/install/moveit_task_constructor_msgs/share/moveit_task_constructor_msgs/package.dsv
[1.365s] -- Up-to-date: /home/darsh/UR3_ROS2_PICK_AND_PLACE/install/moveit_task_constructor_msgs/share/ament_index/resource_index/packages/moveit_task_constructor_msgs
[1.365s] -- Up-to-date: /home/darsh/UR3_ROS2_PICK_AND_PLACE/install/moveit_task_constructor_msgs/share/moveit_task_constructor_msgs/cmake/export_moveit_task_constructor_msgs__rosidl_generator_cExport.cmake
[1.365s] -- Up-to-date: /home/darsh/UR3_ROS2_PICK_AND_PLACE/install/moveit_task_constructor_msgs/share/moveit_task_constructor_msgs/cmake/export_moveit_task_constructor_msgs__rosidl_generator_cExport-noconfig.cmake
[1.366s] -- Up-to-date: /home/darsh/UR3_ROS2_PICK_AND_PLACE/install/moveit_task_constructor_msgs/share/moveit_task_constructor_msgs/cmake/export_moveit_task_constructor_msgs__rosidl_typesupport_fastrtps_cExport.cmake
[1.366s] -- Up-to-date: /home/darsh/UR3_ROS2_PICK_AND_PLACE/install/moveit_task_constructor_msgs/share/moveit_task_constructor_msgs/cmake/export_moveit_task_constructor_msgs__rosidl_typesupport_fastrtps_cExport-noconfig.cmake
[1.367s] -- Up-to-date: /home/darsh/UR3_ROS2_PICK_AND_PLACE/install/moveit_task_constructor_msgs/share/moveit_task_constructor_msgs/cmake/export_moveit_task_constructor_msgs__rosidl_generator_cppExport.cmake
[1.367s] -- Up-to-date: /home/darsh/UR3_ROS2_PICK_AND_PLACE/install/moveit_task_constructor_msgs/share/moveit_task_constructor_msgs/cmake/export_moveit_task_constructor_msgs__rosidl_typesupport_fastrtps_cppExport.cmake
[1.367s] -- Up-to-date: /home/darsh/UR3_ROS2_PICK_AND_PLACE/install/moveit_task_constructor_msgs/share/moveit_task_constructor_msgs/cmake/export_moveit_task_constructor_msgs__rosidl_typesupport_fastrtps_cppExport-noconfig.cmake
[1.368s] -- Up-to-date: /home/darsh/UR3_ROS2_PICK_AND_PLACE/install/moveit_task_constructor_msgs/share/moveit_task_constructor_msgs/cmake/moveit_task_constructor_msgs__rosidl_typesupport_introspection_cExport.cmake
[1.368s] -- Up-to-date: /home/darsh/UR3_ROS2_PICK_AND_PLACE/install/moveit_task_constructor_msgs/share/moveit_task_constructor_msgs/cmake/moveit_task_constructor_msgs__rosidl_typesupport_introspection_cExport-noconfig.cmake
[1.369s] -- Up-to-date: /home/darsh/UR3_ROS2_PICK_AND_PLACE/install/moveit_task_constructor_msgs/share/moveit_task_constructor_msgs/cmake/moveit_task_constructor_msgs__rosidl_typesupport_cExport.cmake
[1.369s] -- Up-to-date: /home/darsh/UR3_ROS2_PICK_AND_PLACE/install/moveit_task_constructor_msgs/share/moveit_task_constructor_msgs/cmake/moveit_task_constructor_msgs__rosidl_typesupport_cExport-noconfig.cmake
[1.370s] -- Up-to-date: /home/darsh/UR3_ROS2_PICK_AND_PLACE/install/moveit_task_constructor_msgs/share/moveit_task_constructor_msgs/cmake/moveit_task_constructor_msgs__rosidl_typesupport_introspection_cppExport.cmake
[1.370s] -- Up-to-date: /home/darsh/UR3_ROS2_PICK_AND_PLACE/install/moveit_task_constructor_msgs/share/moveit_task_constructor_msgs/cmake/moveit_task_constructor_msgs__rosidl_typesupport_introspection_cppExport-noconfig.cmake
[1.371s] -- Up-to-date: /home/darsh/UR3_ROS2_PICK_AND_PLACE/install/moveit_task_constructor_msgs/share/moveit_task_constructor_msgs/cmake/moveit_task_constructor_msgs__rosidl_typesupport_cppExport.cmake
[1.371s] -- Up-to-date: /home/darsh/UR3_ROS2_PICK_AND_PLACE/install/moveit_task_constructor_msgs/share/moveit_task_constructor_msgs/cmake/moveit_task_constructor_msgs__rosidl_typesupport_cppExport-noconfig.cmake
[1.372s] -- Up-to-date: /home/darsh/UR3_ROS2_PICK_AND_PLACE/install/moveit_task_constructor_msgs/share/moveit_task_constructor_msgs/cmake/export_moveit_task_constructor_msgs__rosidl_generator_pyExport.cmake
[1.372s] -- Up-to-date: /home/darsh/UR3_ROS2_PICK_AND_PLACE/install/moveit_task_constructor_msgs/share/moveit_task_constructor_msgs/cmake/export_moveit_task_constructor_msgs__rosidl_generator_pyExport-noconfig.cmake
[1.372s] -- Up-to-date: /home/darsh/UR3_ROS2_PICK_AND_PLACE/install/moveit_task_constructor_msgs/share/moveit_task_constructor_msgs/cmake/rosidl_cmake-extras.cmake
[1.373s] -- Up-to-date: /home/darsh/UR3_ROS2_PICK_AND_PLACE/install/moveit_task_constructor_msgs/share/moveit_task_constructor_msgs/cmake/ament_cmake_export_dependencies-extras.cmake
[1.373s] -- Up-to-date: /home/darsh/UR3_ROS2_PICK_AND_PLACE/install/moveit_task_constructor_msgs/share/moveit_task_constructor_msgs/cmake/ament_cmake_export_include_directories-extras.cmake
[1.373s] -- Up-to-date: /home/darsh/UR3_ROS2_PICK_AND_PLACE/install/moveit_task_constructor_msgs/share/moveit_task_constructor_msgs/cmake/ament_cmake_export_libraries-extras.cmake
[1.373s] -- Up-to-date: /home/darsh/UR3_ROS2_PICK_AND_PLACE/install/moveit_task_constructor_msgs/share/moveit_task_constructor_msgs/cmake/ament_cmake_export_targets-extras.cmake
[1.374s] -- Up-to-date: /home/darsh/UR3_ROS2_PICK_AND_PLACE/install/moveit_task_constructor_msgs/share/moveit_task_constructor_msgs/cmake/rosidl_cmake_export_typesupport_targets-extras.cmake
[1.374s] -- Up-to-date: /home/darsh/UR3_ROS2_PICK_AND_PLACE/install/moveit_task_constructor_msgs/share/moveit_task_constructor_msgs/cmake/rosidl_cmake_export_typesupport_libraries-extras.cmake
[1.374s] -- Up-to-date: /home/darsh/UR3_ROS2_PICK_AND_PLACE/install/moveit_task_constructor_msgs/share/moveit_task_constructor_msgs/cmake/moveit_task_constructor_msgsConfig.cmake
[1.374s] -- Up-to-date: /home/darsh/UR3_ROS2_PICK_AND_PLACE/install/moveit_task_constructor_msgs/share/moveit_task_constructor_msgs/cmake/moveit_task_constructor_msgsConfig-version.cmake
[1.375s] -- Up-to-date: /home/darsh/UR3_ROS2_PICK_AND_PLACE/install/moveit_task_constructor_msgs/share/moveit_task_constructor_msgs/package.xml
[1.392s] Invoked command in '/home/darsh/UR3_ROS2_PICK_AND_PLACE/build/moveit_task_constructor_msgs' returned '0': CMAKE_PREFIX_PATH=${CMAKE_PREFIX_PATH}:/opt/ros/jazzy /usr/bin/cmake --install /home/darsh/UR3_ROS2_PICK_AND_PLACE/build/moveit_task_constructor_msgs
