[0.330s] Invoking command in '/home/darsh/UR3_ROS2_PICK_AND_PLACE/build/ur_mtc_pick_place_demo': CMAKE_MODULE_PATH=/home/darsh/UR3_ROS2_PICK_AND_PLACE/install/moveit_task_constructor_core/share/moveit_task_constructor_core/cmake:/home/darsh/UR3_ROS2_PICK_AND_PLACE/install/warehouse_ros_mongo/share/warehouse_ros_mongo/cmake CMAKE_PREFIX_PATH=/home/darsh/UR3_ROS2_PICK_AND_PLACE/install/moveit_task_constructor_core:/home/darsh/UR3_ROS2_PICK_AND_PLACE/install/ur_interfaces:/home/darsh/UR3_ROS2_PICK_AND_PLACE/install/rviz_marker_tools:/home/darsh/UR3_ROS2_PICK_AND_PLACE/install/moveit_task_constructor_msgs:/home/darsh/UR3_ROS2_PICK_AND_PLACE/install/moveit_config:/home/darsh/UR3_ROS2_PICK_AND_PLACE/install/warehouse_ros_mongo:/home/darsh/UR3_ROS2_PICK_AND_PLACE/install/ur_system_tests:/home/darsh/UR3_ROS2_PICK_AND_PLACE/install/ur_mtc_demos:/home/darsh/UR3_ROS2_PICK_AND_PLACE/install/ur_moveit_demos:/home/darsh/UR3_ROS2_PICK_AND_PLACE/install/ur_gazebo:/home/darsh/UR3_ROS2_PICK_AND_PLACE/install/ur_description:/home/darsh/UR3_ROS2_PICK_AND_PLACE/install/moveit_task_constructor_visualization:/home/darsh/UR3_ROS2_PICK_AND_PLACE/install/moveit_task_constructor_demo:/home/darsh/UR3_ROS2_PICK_AND_PLACE/install/moveit_task_constructor_capabilities:/home/darsh/UR3_ROS2_PICK_AND_PLACE/install/robotiq_2f_85_gripper_visualization:/opt/ros/jazzy/opt/gz_sim_vendor:/opt/ros/jazzy/opt/gz_sensors_vendor:/opt/ros/jazzy/opt/gz_physics_vendor:/opt/ros/jazzy/opt/sdformat_vendor:/opt/ros/jazzy/opt/gz_gui_vendor:/opt/ros/jazzy/opt/gz_transport_vendor:/opt/ros/jazzy/opt/gz_rendering_vendor:/opt/ros/jazzy/opt/gz_plugin_vendor:/opt/ros/jazzy/opt/gz_fuel_tools_vendor:/opt/ros/jazzy/opt/gz_msgs_vendor:/opt/ros/jazzy/opt/gz_common_vendor:/opt/ros/jazzy/opt/gz_math_vendor:/opt/ros/jazzy/opt/gz_utils_vendor:/opt/ros/jazzy/opt/gz_tools_vendor:/opt/ros/jazzy/opt/gz_ogre_next_vendor:/opt/ros/jazzy/opt/gz_dartsim_vendor:/opt/ros/jazzy/opt/gz_cmake_vendor:/opt/ros/jazzy LD_LIBRARY_PATH=/home/darsh/UR3_ROS2_PICK_AND_PLACE/install/moveit_task_constructor_core/lib:/home/darsh/UR3_ROS2_PICK_AND_PLACE/install/ur_interfaces/lib:/home/darsh/UR3_ROS2_PICK_AND_PLACE/install/rviz_marker_tools/lib:/home/darsh/UR3_ROS2_PICK_AND_PLACE/install/moveit_task_constructor_msgs/lib:/home/darsh/UR3_ROS2_PICK_AND_PLACE/install/warehouse_ros_mongo/lib:/home/darsh/UR3_ROS2_PICK_AND_PLACE/install/moveit_task_constructor_visualization/lib:/home/darsh/UR3_ROS2_PICK_AND_PLACE/install/moveit_task_constructor_demo/lib:/home/darsh/UR3_ROS2_PICK_AND_PLACE/install/moveit_task_constructor_capabilities/lib:/opt/ros/jazzy/opt/gz_sim_vendor/lib:/opt/ros/jazzy/opt/gz_sensors_vendor/lib:/opt/ros/jazzy/opt/gz_physics_vendor/lib:/opt/ros/jazzy/opt/sdformat_vendor/lib:/opt/ros/jazzy/opt/rviz_ogre_vendor/lib:/opt/ros/jazzy/lib/x86_64-linux-gnu:/opt/ros/jazzy/opt/gz_gui_vendor/lib:/opt/ros/jazzy/opt/gz_transport_vendor/lib:/opt/ros/jazzy/opt/gz_rendering_vendor/lib:/opt/ros/jazzy/opt/gz_plugin_vendor/lib:/opt/ros/jazzy/opt/gz_fuel_tools_vendor/lib:/opt/ros/jazzy/opt/gz_msgs_vendor/lib:/opt/ros/jazzy/opt/gz_common_vendor/lib:/opt/ros/jazzy/opt/gz_math_vendor/lib:/opt/ros/jazzy/opt/gz_utils_vendor/lib:/opt/ros/jazzy/opt/gz_tools_vendor/lib:/opt/ros/jazzy/opt/gz_ogre_next_vendor/lib:/opt/ros/jazzy/opt/gz_dartsim_vendor/lib:/opt/ros/jazzy/opt/gz_cmake_vendor/lib:/opt/ros/jazzy/lib PYTHONPATH=/home/darsh/UR3_ROS2_PICK_AND_PLACE/install/moveit_task_constructor_core/lib/python3.12/site-packages:/home/darsh/UR3_ROS2_PICK_AND_PLACE/install/ur_interfaces/lib/python3.12/site-packages:/home/darsh/UR3_ROS2_PICK_AND_PLACE/install/moveit_task_constructor_msgs/lib/python3.12/site-packages:/home/darsh/UR3_ROS2_PICK_AND_PLACE/install/warehouse_ros_mongo/lib/python3.12/site-packages:/opt/ros/jazzy/lib/python3.12/site-packages /usr/bin/cmake /home/darsh/UR3_ROS2_PICK_AND_PLACE/ur_mtc_pick_place_demo -DCMAKE_INSTALL_PREFIX=/home/darsh/UR3_ROS2_PICK_AND_PLACE/install/ur_mtc_pick_place_demo
[0.343s] -- Found ament_cmake: 2.5.3 (/opt/ros/jazzy/share/ament_cmake/cmake)
[0.528s] -- Found generate_parameter_library: 0.4.0 (/opt/ros/jazzy/share/generate_parameter_library/cmake)
[0.528s] -- Found parameter_traits: 0.4.0 (/opt/ros/jazzy/share/parameter_traits/cmake)
[0.653s] -- Found rosidl_generator_c: 4.6.5 (/opt/ros/jazzy/share/rosidl_generator_c/cmake)
[0.662s] -- Found rosidl_generator_cpp: 4.6.5 (/opt/ros/jazzy/share/rosidl_generator_cpp/cmake)
[0.674s] -- Using all available rosidl_typesupport_c: rosidl_typesupport_fastrtps_c;rosidl_typesupport_introspection_c
[0.687s] -- Using all available rosidl_typesupport_cpp: rosidl_typesupport_fastrtps_cpp;rosidl_typesupport_introspection_cpp
[0.758s] -- Found rmw_implementation_cmake: 7.3.1 (/opt/ros/jazzy/share/rmw_implementation_cmake/cmake)
[0.760s] -- Found rmw_fastrtps_cpp: 8.4.1 (/opt/ros/jazzy/share/rmw_fastrtps_cpp/cmake)
[0.926s] -- Using RMW implementation 'rmw_fastrtps_cpp' as default
[1.078s] -- Found rclcpp_lifecycle: 28.1.6 (/opt/ros/jazzy/share/rclcpp_lifecycle/cmake)
[1.106s] -- Found moveit_common: 2.12.2 (/opt/ros/jazzy/share/moveit_common/cmake)
[1.184s] -- Found moveit_core: 2.12.2 (/opt/ros/jazzy/share/moveit_core/cmake)
[1.198s] -- Found Boost: /usr/lib/x86_64-linux-gnu/cmake/Boost-1.83.0/BoostConfig.cmake (found version "1.83.0") found components: chrono date_time filesystem iostreams program_options regex serialization system thread 
[1.752s] -- Found Boost: /usr/lib/x86_64-linux-gnu/cmake/Boost-1.83.0/BoostConfig.cmake (found version "1.83.0") found components: filesystem 
[1.876s] -- Found Eigen3: TRUE (found version "3.4.0") 
[1.876s] -- Ensuring Eigen3 include directory is part of orocos-kdl CMake target
[2.216s] -- Found moveit_ros_planning: 2.12.2 (/opt/ros/jazzy/share/moveit_ros_planning/cmake)
[2.221s] -- Found Boost: /usr/lib/x86_64-linux-gnu/cmake/Boost-1.83.0/BoostConfig.cmake (found version "1.83.0") found components: system filesystem date_time program_options thread chrono 
[2.267s] -- Found moveit_ros_planning_interface: 2.12.2 (/opt/ros/jazzy/share/moveit_ros_planning_interface/cmake)
[2.272s] -- Found Boost: /usr/lib/x86_64-linux-gnu/cmake/Boost-1.83.0/BoostConfig.cmake (found version "1.83.0") found components: date_time filesystem program_options system thread 
[2.289s] -- Found Boost: /usr/lib/x86_64-linux-gnu/cmake/Boost-1.83.0/BoostConfig.cmake (found version "1.83.0") found components: thread system filesystem regex date_time program_options 
[2.316s] -- Found Boost: /usr/lib/x86_64-linux-gnu/cmake/Boost-1.83.0/BoostConfig.cmake (found version "1.83.0") found components: system filesystem date_time program_options thread 
[2.357s] -- Found moveit_task_constructor_core: 0.1.3 (/home/darsh/UR3_ROS2_PICK_AND_PLACE/install/moveit_task_constructor_core/share/moveit_task_constructor_core/cmake)
[2.430s] -- Found ur_interfaces: 0.0.0 (/home/darsh/UR3_ROS2_PICK_AND_PLACE/install/ur_interfaces/share/ur_interfaces/cmake)
[2.476s] -- Found Boost: /usr/lib/x86_64-linux-gnu/cmake/Boost-1.83.0/BoostConfig.cmake (found suitable version "1.83.0", minimum required is "1.65.0") found components: system filesystem iostreams serialization 
[2.477s] [33mCMake Warning (dev) at /usr/lib/x86_64-linux-gnu/cmake/pcl/Modules/FindFLANN.cmake:45 (find_package):
[2.477s]   Policy CMP0144 is not set: find_package uses upper-case <PACKAGENAME>_ROOT
[2.477s]   variables.  Run "cmake --help-policy CMP0144" for policy details.  Use the
[2.478s]   cmake_policy command to set the policy and suppress this warning.
[2.478s] 
[2.478s]   CMake variable FLANN_ROOT is set to:
[2.478s] 
[2.478s]     /usr
[2.478s] 
[2.478s]   For compatibility, find_package is ignoring the variable, but code in a
[2.478s]   .cmake module might still use it.
[2.478s] Call Stack (most recent call first):
[2.479s]   /usr/lib/x86_64-linux-gnu/cmake/pcl/PCLConfig.cmake:261 (find_package)
[2.479s]   /usr/lib/x86_64-linux-gnu/cmake/pcl/PCLConfig.cmake:306 (find_flann)
[2.479s]   /usr/lib/x86_64-linux-gnu/cmake/pcl/PCLConfig.cmake:570 (find_external_library)
[2.479s]   CMakeLists.txt:52 (find_package)
[2.479s] This warning is for project developers.  Use -Wno-dev to suppress it.
[2.480s] [0m
[2.480s] -- Found flann version 1.9.2
[3.532s] -- Found Eigen3: /usr/include/eigen3 (found version "3.4.0") 
[8.535s] -- OpenNI found (version: 1.5.4.0, include: /usr/include/ni, lib: /usr/lib/libOpenNI.so;libusb::libusb)
[8.539s] -- OpenNI2 found (version: 2.2.0.33, include: /usr/include/openni2, lib: /usr/lib/x86_64-linux-gnu/libOpenNI2.so;libusb::libusb)
[15.501s] -- OpenNI found (version: 1.5.4.0, include: /usr/include/ni, lib: /usr/lib/libOpenNI.so;libusb::libusb)
[15.506s] -- OpenNI2 found (version: 2.2.0.33, include: /usr/include/openni2, lib: /usr/lib/x86_64-linux-gnu/libOpenNI2.so;libusb::libusb)
[21.701s] -- Found Qhull version 8.0.2
[27.519s] -- OpenNI found (version: 1.5.4.0, include: /usr/include/ni, lib: /usr/lib/libOpenNI.so;libusb::libusb)
[33.399s] -- looking for PCL_COMMON
[33.399s] -- looking for PCL_KDTREE
[33.400s] -- looking for PCL_OCTREE
[33.400s] -- looking for PCL_SEARCH
[33.401s] -- looking for PCL_SAMPLE_CONSENSUS
[33.401s] -- looking for PCL_FILTERS
[33.402s] -- looking for PCL_2D
[33.402s] -- looking for PCL_GEOMETRY
[33.402s] -- looking for PCL_IO
[33.403s] -- looking for PCL_FEATURES
[33.403s] -- looking for PCL_ML
[33.404s] -- looking for PCL_SEGMENTATION
[33.404s] -- looking for PCL_VISUALIZATION
[33.405s] -- looking for PCL_SURFACE
[33.405s] -- looking for PCL_REGISTRATION
[33.406s] -- looking for PCL_KEYPOINTS
[33.406s] -- looking for PCL_TRACKING
[33.407s] -- looking for PCL_RECOGNITION
[33.407s] -- looking for PCL_STEREO
[33.408s] -- looking for PCL_APPS
[33.408s] -- looking for PCL_IN_HAND_SCANNER
[33.409s] -- looking for PCL_MODELER
[33.409s] -- looking for PCL_POINT_CLOUD_EDITOR
[33.409s] -- looking for PCL_OUTOFCORE
[33.410s] -- looking for PCL_PEOPLE
[33.411s] -- Found pcl_conversions: 2.6.2 (/opt/ros/jazzy/share/pcl_conversions/cmake)
[33.446s] -- Found pcl_ros: 2.6.2 (/opt/ros/jazzy/share/pcl_ros/cmake)
[33.699s] -- Found ament_lint_auto: 0.17.1 (/opt/ros/jazzy/share/ament_lint_auto/cmake)
[33.733s] -- Added test 'cppcheck' to perform static code analysis on C / C++ code
[33.736s] -- Configured cppcheck include dirs: /home/darsh/UR3_ROS2_PICK_AND_PLACE/ur_mtc_pick_place_demo/include;$<BUILD_INTERFACE:/home/darsh/UR3_ROS2_PICK_AND_PLACE/ur_mtc_pick_place_demo/include>
[33.736s] -- Configured cppcheck exclude dirs and/or files: 
[33.738s] -- Added test 'flake8' to check Python code syntax and style conventions
[33.738s] -- Configured 'flake8' exclude dirs and/or files: 
[33.739s] -- Added test 'lint_cmake' to check CMake code style
[33.740s] -- Added test 'pep257' to check Python code against some of the docstring style conventions in PEP 257
[33.742s] -- Added test 'uncrustify' to check C / C++ code style
[33.742s] -- Configured uncrustify additional arguments: 
[33.743s] -- Added test 'xmllint' to check XML markup files
[33.748s] -- Configuring done (33.4s)
[34.136s] -- Generating done (0.3s)
[34.180s] -- Build files have been written to: /home/darsh/UR3_ROS2_PICK_AND_PLACE/build/ur_mtc_pick_place_demo
[34.201s] Invoked command in '/home/darsh/UR3_ROS2_PICK_AND_PLACE/build/ur_mtc_pick_place_demo' returned '0': CMAKE_MODULE_PATH=/home/darsh/UR3_ROS2_PICK_AND_PLACE/install/moveit_task_constructor_core/share/moveit_task_constructor_core/cmake:/home/darsh/UR3_ROS2_PICK_AND_PLACE/install/warehouse_ros_mongo/share/warehouse_ros_mongo/cmake CMAKE_PREFIX_PATH=/home/darsh/UR3_ROS2_PICK_AND_PLACE/install/moveit_task_constructor_core:/home/darsh/UR3_ROS2_PICK_AND_PLACE/install/ur_interfaces:/home/darsh/UR3_ROS2_PICK_AND_PLACE/install/rviz_marker_tools:/home/darsh/UR3_ROS2_PICK_AND_PLACE/install/moveit_task_constructor_msgs:/home/darsh/UR3_ROS2_PICK_AND_PLACE/install/moveit_config:/home/darsh/UR3_ROS2_PICK_AND_PLACE/install/warehouse_ros_mongo:/home/darsh/UR3_ROS2_PICK_AND_PLACE/install/ur_system_tests:/home/darsh/UR3_ROS2_PICK_AND_PLACE/install/ur_mtc_demos:/home/darsh/UR3_ROS2_PICK_AND_PLACE/install/ur_moveit_demos:/home/darsh/UR3_ROS2_PICK_AND_PLACE/install/ur_gazebo:/home/darsh/UR3_ROS2_PICK_AND_PLACE/install/ur_description:/home/darsh/UR3_ROS2_PICK_AND_PLACE/install/moveit_task_constructor_visualization:/home/darsh/UR3_ROS2_PICK_AND_PLACE/install/moveit_task_constructor_demo:/home/darsh/UR3_ROS2_PICK_AND_PLACE/install/moveit_task_constructor_capabilities:/home/darsh/UR3_ROS2_PICK_AND_PLACE/install/robotiq_2f_85_gripper_visualization:/opt/ros/jazzy/opt/gz_sim_vendor:/opt/ros/jazzy/opt/gz_sensors_vendor:/opt/ros/jazzy/opt/gz_physics_vendor:/opt/ros/jazzy/opt/sdformat_vendor:/opt/ros/jazzy/opt/gz_gui_vendor:/opt/ros/jazzy/opt/gz_transport_vendor:/opt/ros/jazzy/opt/gz_rendering_vendor:/opt/ros/jazzy/opt/gz_plugin_vendor:/opt/ros/jazzy/opt/gz_fuel_tools_vendor:/opt/ros/jazzy/opt/gz_msgs_vendor:/opt/ros/jazzy/opt/gz_common_vendor:/opt/ros/jazzy/opt/gz_math_vendor:/opt/ros/jazzy/opt/gz_utils_vendor:/opt/ros/jazzy/opt/gz_tools_vendor:/opt/ros/jazzy/opt/gz_ogre_next_vendor:/opt/ros/jazzy/opt/gz_dartsim_vendor:/opt/ros/jazzy/opt/gz_cmake_vendor:/opt/ros/jazzy LD_LIBRARY_PATH=/home/darsh/UR3_ROS2_PICK_AND_PLACE/install/moveit_task_constructor_core/lib:/home/darsh/UR3_ROS2_PICK_AND_PLACE/install/ur_interfaces/lib:/home/darsh/UR3_ROS2_PICK_AND_PLACE/install/rviz_marker_tools/lib:/home/darsh/UR3_ROS2_PICK_AND_PLACE/install/moveit_task_constructor_msgs/lib:/home/darsh/UR3_ROS2_PICK_AND_PLACE/install/warehouse_ros_mongo/lib:/home/darsh/UR3_ROS2_PICK_AND_PLACE/install/moveit_task_constructor_visualization/lib:/home/darsh/UR3_ROS2_PICK_AND_PLACE/install/moveit_task_constructor_demo/lib:/home/darsh/UR3_ROS2_PICK_AND_PLACE/install/moveit_task_constructor_capabilities/lib:/opt/ros/jazzy/opt/gz_sim_vendor/lib:/opt/ros/jazzy/opt/gz_sensors_vendor/lib:/opt/ros/jazzy/opt/gz_physics_vendor/lib:/opt/ros/jazzy/opt/sdformat_vendor/lib:/opt/ros/jazzy/opt/rviz_ogre_vendor/lib:/opt/ros/jazzy/lib/x86_64-linux-gnu:/opt/ros/jazzy/opt/gz_gui_vendor/lib:/opt/ros/jazzy/opt/gz_transport_vendor/lib:/opt/ros/jazzy/opt/gz_rendering_vendor/lib:/opt/ros/jazzy/opt/gz_plugin_vendor/lib:/opt/ros/jazzy/opt/gz_fuel_tools_vendor/lib:/opt/ros/jazzy/opt/gz_msgs_vendor/lib:/opt/ros/jazzy/opt/gz_common_vendor/lib:/opt/ros/jazzy/opt/gz_math_vendor/lib:/opt/ros/jazzy/opt/gz_utils_vendor/lib:/opt/ros/jazzy/opt/gz_tools_vendor/lib:/opt/ros/jazzy/opt/gz_ogre_next_vendor/lib:/opt/ros/jazzy/opt/gz_dartsim_vendor/lib:/opt/ros/jazzy/opt/gz_cmake_vendor/lib:/opt/ros/jazzy/lib PYTHONPATH=/home/darsh/UR3_ROS2_PICK_AND_PLACE/install/moveit_task_constructor_core/lib/python3.12/site-packages:/home/darsh/UR3_ROS2_PICK_AND_PLACE/install/ur_interfaces/lib/python3.12/site-packages:/home/darsh/UR3_ROS2_PICK_AND_PLACE/install/moveit_task_constructor_msgs/lib/python3.12/site-packages:/home/darsh/UR3_ROS2_PICK_AND_PLACE/install/warehouse_ros_mongo/lib/python3.12/site-packages:/opt/ros/jazzy/lib/python3.12/site-packages /usr/bin/cmake /home/darsh/UR3_ROS2_PICK_AND_PLACE/ur_mtc_pick_place_demo -DCMAKE_INSTALL_PREFIX=/home/darsh/UR3_ROS2_PICK_AND_PLACE/install/ur_mtc_pick_place_demo
[34.202s] Invoking command in '/home/darsh/UR3_ROS2_PICK_AND_PLACE/build/ur_mtc_pick_place_demo': CMAKE_MODULE_PATH=/home/darsh/UR3_ROS2_PICK_AND_PLACE/install/moveit_task_constructor_core/share/moveit_task_constructor_core/cmake:/home/darsh/UR3_ROS2_PICK_AND_PLACE/install/warehouse_ros_mongo/share/warehouse_ros_mongo/cmake CMAKE_PREFIX_PATH=/home/darsh/UR3_ROS2_PICK_AND_PLACE/install/moveit_task_constructor_core:/home/darsh/UR3_ROS2_PICK_AND_PLACE/install/ur_interfaces:/home/darsh/UR3_ROS2_PICK_AND_PLACE/install/rviz_marker_tools:/home/darsh/UR3_ROS2_PICK_AND_PLACE/install/moveit_task_constructor_msgs:/home/darsh/UR3_ROS2_PICK_AND_PLACE/install/moveit_config:/home/darsh/UR3_ROS2_PICK_AND_PLACE/install/warehouse_ros_mongo:/home/darsh/UR3_ROS2_PICK_AND_PLACE/install/ur_system_tests:/home/darsh/UR3_ROS2_PICK_AND_PLACE/install/ur_mtc_demos:/home/darsh/UR3_ROS2_PICK_AND_PLACE/install/ur_moveit_demos:/home/darsh/UR3_ROS2_PICK_AND_PLACE/install/ur_gazebo:/home/darsh/UR3_ROS2_PICK_AND_PLACE/install/ur_description:/home/darsh/UR3_ROS2_PICK_AND_PLACE/install/moveit_task_constructor_visualization:/home/darsh/UR3_ROS2_PICK_AND_PLACE/install/moveit_task_constructor_demo:/home/darsh/UR3_ROS2_PICK_AND_PLACE/install/moveit_task_constructor_capabilities:/home/darsh/UR3_ROS2_PICK_AND_PLACE/install/robotiq_2f_85_gripper_visualization:/opt/ros/jazzy/opt/gz_sim_vendor:/opt/ros/jazzy/opt/gz_sensors_vendor:/opt/ros/jazzy/opt/gz_physics_vendor:/opt/ros/jazzy/opt/sdformat_vendor:/opt/ros/jazzy/opt/gz_gui_vendor:/opt/ros/jazzy/opt/gz_transport_vendor:/opt/ros/jazzy/opt/gz_rendering_vendor:/opt/ros/jazzy/opt/gz_plugin_vendor:/opt/ros/jazzy/opt/gz_fuel_tools_vendor:/opt/ros/jazzy/opt/gz_msgs_vendor:/opt/ros/jazzy/opt/gz_common_vendor:/opt/ros/jazzy/opt/gz_math_vendor:/opt/ros/jazzy/opt/gz_utils_vendor:/opt/ros/jazzy/opt/gz_tools_vendor:/opt/ros/jazzy/opt/gz_ogre_next_vendor:/opt/ros/jazzy/opt/gz_dartsim_vendor:/opt/ros/jazzy/opt/gz_cmake_vendor:/opt/ros/jazzy LD_LIBRARY_PATH=/home/darsh/UR3_ROS2_PICK_AND_PLACE/install/moveit_task_constructor_core/lib:/home/darsh/UR3_ROS2_PICK_AND_PLACE/install/ur_interfaces/lib:/home/darsh/UR3_ROS2_PICK_AND_PLACE/install/rviz_marker_tools/lib:/home/darsh/UR3_ROS2_PICK_AND_PLACE/install/moveit_task_constructor_msgs/lib:/home/darsh/UR3_ROS2_PICK_AND_PLACE/install/warehouse_ros_mongo/lib:/home/darsh/UR3_ROS2_PICK_AND_PLACE/install/moveit_task_constructor_visualization/lib:/home/darsh/UR3_ROS2_PICK_AND_PLACE/install/moveit_task_constructor_demo/lib:/home/darsh/UR3_ROS2_PICK_AND_PLACE/install/moveit_task_constructor_capabilities/lib:/opt/ros/jazzy/opt/gz_sim_vendor/lib:/opt/ros/jazzy/opt/gz_sensors_vendor/lib:/opt/ros/jazzy/opt/gz_physics_vendor/lib:/opt/ros/jazzy/opt/sdformat_vendor/lib:/opt/ros/jazzy/opt/rviz_ogre_vendor/lib:/opt/ros/jazzy/lib/x86_64-linux-gnu:/opt/ros/jazzy/opt/gz_gui_vendor/lib:/opt/ros/jazzy/opt/gz_transport_vendor/lib:/opt/ros/jazzy/opt/gz_rendering_vendor/lib:/opt/ros/jazzy/opt/gz_plugin_vendor/lib:/opt/ros/jazzy/opt/gz_fuel_tools_vendor/lib:/opt/ros/jazzy/opt/gz_msgs_vendor/lib:/opt/ros/jazzy/opt/gz_common_vendor/lib:/opt/ros/jazzy/opt/gz_math_vendor/lib:/opt/ros/jazzy/opt/gz_utils_vendor/lib:/opt/ros/jazzy/opt/gz_tools_vendor/lib:/opt/ros/jazzy/opt/gz_ogre_next_vendor/lib:/opt/ros/jazzy/opt/gz_dartsim_vendor/lib:/opt/ros/jazzy/opt/gz_cmake_vendor/lib:/opt/ros/jazzy/lib PYTHONPATH=/home/darsh/UR3_ROS2_PICK_AND_PLACE/install/moveit_task_constructor_core/lib/python3.12/site-packages:/home/darsh/UR3_ROS2_PICK_AND_PLACE/install/ur_interfaces/lib/python3.12/site-packages:/home/darsh/UR3_ROS2_PICK_AND_PLACE/install/moveit_task_constructor_msgs/lib/python3.12/site-packages:/home/darsh/UR3_ROS2_PICK_AND_PLACE/install/warehouse_ros_mongo/lib/python3.12/site-packages:/opt/ros/jazzy/lib/python3.12/site-packages /usr/bin/cmake --build /home/darsh/UR3_ROS2_PICK_AND_PLACE/build/ur_mtc_pick_place_demo -- -j4 -l4
[34.248s] [ 12%] [32mBuilding CXX object CMakeFiles/cluster_extraction.dir/src/cluster_extraction.cpp.o[0m
[34.248s] [ 12%] [32mBuilding CXX object CMakeFiles/normals_curvature_and_rsd_estimation.dir/src/normals_curvature_and_rsd_estimation.cpp.o[0m
[34.249s] [ 18%] [32mBuilding CXX object CMakeFiles/get_planning_scene_client.dir/src/get_planning_scene_client.cpp.o[0m
[34.249s] [ 25%] [32mBuilding CXX object CMakeFiles/object_segmentation.dir/src/object_segmentation.cpp.o[0m
[40.996s] [ 31%] [32m[1mLinking CXX shared library libget_planning_scene_client.so[0m
[41.645s] [ 31%] Built target get_planning_scene_client
[41.667s] [ 37%] [32mBuilding CXX object CMakeFiles/plane_segmentation.dir/src/plane_segmentation.cpp.o[0m
[53.346s] [ 43%] [32m[1mLinking CXX shared library libcluster_extraction.so[0m
[56.194s] [ 43%] Built target cluster_extraction
[56.220s] [ 50%] [32mBuilding CXX object CMakeFiles/get_planning_scene_client_node.dir/src/get_planning_scene_client.cpp.o[0m
[62.526s] [ 56%] [32m[1mLinking CXX executable get_planning_scene_client_node[0m
[63.275s] [ 56%] Built target get_planning_scene_client_node
[63.304s] [ 62%] [32mBuilding CXX object CMakeFiles/mtc_node.dir/src/mtc_node.cpp.o[0m
[65.632s] [ 68%] [32m[1mLinking CXX shared library libnormals_curvature_and_rsd_estimation.so[0m
[66.774s] In file included from [01m[K/home/darsh/UR3_ROS2_PICK_AND_PLACE/ur_mtc_pick_place_demo/src/mtc_node.cpp:39[m[K:
[66.775s] [01m[K/opt/ros/jazzy/include/moveit_core/moveit/planning_scene/planning_scene.h:50:77:[m[K [01;36m[Knote: [m[K‘[01m[K#pragma message: .h header is obsolete. Please use the .hpp header instead.[m[K’
[66.775s]    50 | #pragma message(".h header is obsolete. Please use the .hpp header instead."[01;36m[K)[m[K
[66.775s]       |                                                                             [01;36m[K^[m[K
[68.007s] [ 68%] Built target normals_curvature_and_rsd_estimation
[69.307s] In file included from [01m[K/home/darsh/UR3_ROS2_PICK_AND_PLACE/ur_mtc_pick_place_demo/src/mtc_node.cpp:40[m[K:
[69.307s] [01m[K/opt/ros/jazzy/include/moveit_ros_planning_interface/moveit/planning_scene_interface/planning_scene_interface.h:50:77:[m[K [01;36m[Knote: [m[K‘[01m[K#pragma message: .h header is obsolete. Please use the .hpp header instead.[m[K’
[69.307s]    50 | #pragma message(".h header is obsolete. Please use the .hpp header instead."[01;36m[K)[m[K
[69.307s]       |                                                                             [01;36m[K^[m[K
[71.199s] [ 75%] [32m[1mLinking CXX shared library libobject_segmentation.so[0m
[73.451s] [ 75%] Built target object_segmentation
[82.246s] [ 81%] [32m[1mLinking CXX executable mtc_node[0m
[83.097s] [ 81%] Built target mtc_node
[114.797s] [ 87%] [32m[1mLinking CXX shared library libplane_segmentation.so[0m
[117.030s] [ 87%] Built target plane_segmentation
[117.047s] [ 93%] [32mBuilding CXX object CMakeFiles/get_planning_scene_server.dir/src/get_planning_scene_server.cpp.o[0m
[187.506s] [100%] [32m[1mLinking CXX executable get_planning_scene_server[0m
[188.453s] [100%] Built target get_planning_scene_server
[188.463s] Invoked command in '/home/darsh/UR3_ROS2_PICK_AND_PLACE/build/ur_mtc_pick_place_demo' returned '0': CMAKE_MODULE_PATH=/home/darsh/UR3_ROS2_PICK_AND_PLACE/install/moveit_task_constructor_core/share/moveit_task_constructor_core/cmake:/home/darsh/UR3_ROS2_PICK_AND_PLACE/install/warehouse_ros_mongo/share/warehouse_ros_mongo/cmake CMAKE_PREFIX_PATH=/home/darsh/UR3_ROS2_PICK_AND_PLACE/install/moveit_task_constructor_core:/home/darsh/UR3_ROS2_PICK_AND_PLACE/install/ur_interfaces:/home/darsh/UR3_ROS2_PICK_AND_PLACE/install/rviz_marker_tools:/home/darsh/UR3_ROS2_PICK_AND_PLACE/install/moveit_task_constructor_msgs:/home/darsh/UR3_ROS2_PICK_AND_PLACE/install/moveit_config:/home/darsh/UR3_ROS2_PICK_AND_PLACE/install/warehouse_ros_mongo:/home/darsh/UR3_ROS2_PICK_AND_PLACE/install/ur_system_tests:/home/darsh/UR3_ROS2_PICK_AND_PLACE/install/ur_mtc_demos:/home/darsh/UR3_ROS2_PICK_AND_PLACE/install/ur_moveit_demos:/home/darsh/UR3_ROS2_PICK_AND_PLACE/install/ur_gazebo:/home/darsh/UR3_ROS2_PICK_AND_PLACE/install/ur_description:/home/darsh/UR3_ROS2_PICK_AND_PLACE/install/moveit_task_constructor_visualization:/home/darsh/UR3_ROS2_PICK_AND_PLACE/install/moveit_task_constructor_demo:/home/darsh/UR3_ROS2_PICK_AND_PLACE/install/moveit_task_constructor_capabilities:/home/darsh/UR3_ROS2_PICK_AND_PLACE/install/robotiq_2f_85_gripper_visualization:/opt/ros/jazzy/opt/gz_sim_vendor:/opt/ros/jazzy/opt/gz_sensors_vendor:/opt/ros/jazzy/opt/gz_physics_vendor:/opt/ros/jazzy/opt/sdformat_vendor:/opt/ros/jazzy/opt/gz_gui_vendor:/opt/ros/jazzy/opt/gz_transport_vendor:/opt/ros/jazzy/opt/gz_rendering_vendor:/opt/ros/jazzy/opt/gz_plugin_vendor:/opt/ros/jazzy/opt/gz_fuel_tools_vendor:/opt/ros/jazzy/opt/gz_msgs_vendor:/opt/ros/jazzy/opt/gz_common_vendor:/opt/ros/jazzy/opt/gz_math_vendor:/opt/ros/jazzy/opt/gz_utils_vendor:/opt/ros/jazzy/opt/gz_tools_vendor:/opt/ros/jazzy/opt/gz_ogre_next_vendor:/opt/ros/jazzy/opt/gz_dartsim_vendor:/opt/ros/jazzy/opt/gz_cmake_vendor:/opt/ros/jazzy LD_LIBRARY_PATH=/home/darsh/UR3_ROS2_PICK_AND_PLACE/install/moveit_task_constructor_core/lib:/home/darsh/UR3_ROS2_PICK_AND_PLACE/install/ur_interfaces/lib:/home/darsh/UR3_ROS2_PICK_AND_PLACE/install/rviz_marker_tools/lib:/home/darsh/UR3_ROS2_PICK_AND_PLACE/install/moveit_task_constructor_msgs/lib:/home/darsh/UR3_ROS2_PICK_AND_PLACE/install/warehouse_ros_mongo/lib:/home/darsh/UR3_ROS2_PICK_AND_PLACE/install/moveit_task_constructor_visualization/lib:/home/darsh/UR3_ROS2_PICK_AND_PLACE/install/moveit_task_constructor_demo/lib:/home/darsh/UR3_ROS2_PICK_AND_PLACE/install/moveit_task_constructor_capabilities/lib:/opt/ros/jazzy/opt/gz_sim_vendor/lib:/opt/ros/jazzy/opt/gz_sensors_vendor/lib:/opt/ros/jazzy/opt/gz_physics_vendor/lib:/opt/ros/jazzy/opt/sdformat_vendor/lib:/opt/ros/jazzy/opt/rviz_ogre_vendor/lib:/opt/ros/jazzy/lib/x86_64-linux-gnu:/opt/ros/jazzy/opt/gz_gui_vendor/lib:/opt/ros/jazzy/opt/gz_transport_vendor/lib:/opt/ros/jazzy/opt/gz_rendering_vendor/lib:/opt/ros/jazzy/opt/gz_plugin_vendor/lib:/opt/ros/jazzy/opt/gz_fuel_tools_vendor/lib:/opt/ros/jazzy/opt/gz_msgs_vendor/lib:/opt/ros/jazzy/opt/gz_common_vendor/lib:/opt/ros/jazzy/opt/gz_math_vendor/lib:/opt/ros/jazzy/opt/gz_utils_vendor/lib:/opt/ros/jazzy/opt/gz_tools_vendor/lib:/opt/ros/jazzy/opt/gz_ogre_next_vendor/lib:/opt/ros/jazzy/opt/gz_dartsim_vendor/lib:/opt/ros/jazzy/opt/gz_cmake_vendor/lib:/opt/ros/jazzy/lib PYTHONPATH=/home/darsh/UR3_ROS2_PICK_AND_PLACE/install/moveit_task_constructor_core/lib/python3.12/site-packages:/home/darsh/UR3_ROS2_PICK_AND_PLACE/install/ur_interfaces/lib/python3.12/site-packages:/home/darsh/UR3_ROS2_PICK_AND_PLACE/install/moveit_task_constructor_msgs/lib/python3.12/site-packages:/home/darsh/UR3_ROS2_PICK_AND_PLACE/install/warehouse_ros_mongo/lib/python3.12/site-packages:/opt/ros/jazzy/lib/python3.12/site-packages /usr/bin/cmake --build /home/darsh/UR3_ROS2_PICK_AND_PLACE/build/ur_mtc_pick_place_demo -- -j4 -l4
[188.470s] Invoking command in '/home/darsh/UR3_ROS2_PICK_AND_PLACE/build/ur_mtc_pick_place_demo': CMAKE_MODULE_PATH=/home/darsh/UR3_ROS2_PICK_AND_PLACE/install/moveit_task_constructor_core/share/moveit_task_constructor_core/cmake:/home/darsh/UR3_ROS2_PICK_AND_PLACE/install/warehouse_ros_mongo/share/warehouse_ros_mongo/cmake CMAKE_PREFIX_PATH=/home/darsh/UR3_ROS2_PICK_AND_PLACE/install/moveit_task_constructor_core:/home/darsh/UR3_ROS2_PICK_AND_PLACE/install/ur_interfaces:/home/darsh/UR3_ROS2_PICK_AND_PLACE/install/rviz_marker_tools:/home/darsh/UR3_ROS2_PICK_AND_PLACE/install/moveit_task_constructor_msgs:/home/darsh/UR3_ROS2_PICK_AND_PLACE/install/moveit_config:/home/darsh/UR3_ROS2_PICK_AND_PLACE/install/warehouse_ros_mongo:/home/darsh/UR3_ROS2_PICK_AND_PLACE/install/ur_system_tests:/home/darsh/UR3_ROS2_PICK_AND_PLACE/install/ur_mtc_demos:/home/darsh/UR3_ROS2_PICK_AND_PLACE/install/ur_moveit_demos:/home/darsh/UR3_ROS2_PICK_AND_PLACE/install/ur_gazebo:/home/darsh/UR3_ROS2_PICK_AND_PLACE/install/ur_description:/home/darsh/UR3_ROS2_PICK_AND_PLACE/install/moveit_task_constructor_visualization:/home/darsh/UR3_ROS2_PICK_AND_PLACE/install/moveit_task_constructor_demo:/home/darsh/UR3_ROS2_PICK_AND_PLACE/install/moveit_task_constructor_capabilities:/home/darsh/UR3_ROS2_PICK_AND_PLACE/install/robotiq_2f_85_gripper_visualization:/opt/ros/jazzy/opt/gz_sim_vendor:/opt/ros/jazzy/opt/gz_sensors_vendor:/opt/ros/jazzy/opt/gz_physics_vendor:/opt/ros/jazzy/opt/sdformat_vendor:/opt/ros/jazzy/opt/gz_gui_vendor:/opt/ros/jazzy/opt/gz_transport_vendor:/opt/ros/jazzy/opt/gz_rendering_vendor:/opt/ros/jazzy/opt/gz_plugin_vendor:/opt/ros/jazzy/opt/gz_fuel_tools_vendor:/opt/ros/jazzy/opt/gz_msgs_vendor:/opt/ros/jazzy/opt/gz_common_vendor:/opt/ros/jazzy/opt/gz_math_vendor:/opt/ros/jazzy/opt/gz_utils_vendor:/opt/ros/jazzy/opt/gz_tools_vendor:/opt/ros/jazzy/opt/gz_ogre_next_vendor:/opt/ros/jazzy/opt/gz_dartsim_vendor:/opt/ros/jazzy/opt/gz_cmake_vendor:/opt/ros/jazzy LD_LIBRARY_PATH=/home/darsh/UR3_ROS2_PICK_AND_PLACE/install/moveit_task_constructor_core/lib:/home/darsh/UR3_ROS2_PICK_AND_PLACE/install/ur_interfaces/lib:/home/darsh/UR3_ROS2_PICK_AND_PLACE/install/rviz_marker_tools/lib:/home/darsh/UR3_ROS2_PICK_AND_PLACE/install/moveit_task_constructor_msgs/lib:/home/darsh/UR3_ROS2_PICK_AND_PLACE/install/warehouse_ros_mongo/lib:/home/darsh/UR3_ROS2_PICK_AND_PLACE/install/moveit_task_constructor_visualization/lib:/home/darsh/UR3_ROS2_PICK_AND_PLACE/install/moveit_task_constructor_demo/lib:/home/darsh/UR3_ROS2_PICK_AND_PLACE/install/moveit_task_constructor_capabilities/lib:/opt/ros/jazzy/opt/gz_sim_vendor/lib:/opt/ros/jazzy/opt/gz_sensors_vendor/lib:/opt/ros/jazzy/opt/gz_physics_vendor/lib:/opt/ros/jazzy/opt/sdformat_vendor/lib:/opt/ros/jazzy/opt/rviz_ogre_vendor/lib:/opt/ros/jazzy/lib/x86_64-linux-gnu:/opt/ros/jazzy/opt/gz_gui_vendor/lib:/opt/ros/jazzy/opt/gz_transport_vendor/lib:/opt/ros/jazzy/opt/gz_rendering_vendor/lib:/opt/ros/jazzy/opt/gz_plugin_vendor/lib:/opt/ros/jazzy/opt/gz_fuel_tools_vendor/lib:/opt/ros/jazzy/opt/gz_msgs_vendor/lib:/opt/ros/jazzy/opt/gz_common_vendor/lib:/opt/ros/jazzy/opt/gz_math_vendor/lib:/opt/ros/jazzy/opt/gz_utils_vendor/lib:/opt/ros/jazzy/opt/gz_tools_vendor/lib:/opt/ros/jazzy/opt/gz_ogre_next_vendor/lib:/opt/ros/jazzy/opt/gz_dartsim_vendor/lib:/opt/ros/jazzy/opt/gz_cmake_vendor/lib:/opt/ros/jazzy/lib PYTHONPATH=/home/darsh/UR3_ROS2_PICK_AND_PLACE/install/moveit_task_constructor_core/lib/python3.12/site-packages:/home/darsh/UR3_ROS2_PICK_AND_PLACE/install/ur_interfaces/lib/python3.12/site-packages:/home/darsh/UR3_ROS2_PICK_AND_PLACE/install/moveit_task_constructor_msgs/lib/python3.12/site-packages:/home/darsh/UR3_ROS2_PICK_AND_PLACE/install/warehouse_ros_mongo/lib/python3.12/site-packages:/opt/ros/jazzy/lib/python3.12/site-packages /usr/bin/cmake --install /home/darsh/UR3_ROS2_PICK_AND_PLACE/build/ur_mtc_pick_place_demo
[188.477s] -- Install configuration: "Release"
[188.477s] -- Installing: /home/darsh/UR3_ROS2_PICK_AND_PLACE/install/ur_mtc_pick_place_demo/lib/ur_mtc_pick_place_demo/get_planning_scene_client_node
[188.478s] -- Set non-toolchain portion of runtime path of "/home/darsh/UR3_ROS2_PICK_AND_PLACE/install/ur_mtc_pick_place_demo/lib/ur_mtc_pick_place_demo/get_planning_scene_client_node" to ""
[188.478s] -- Installing: /home/darsh/UR3_ROS2_PICK_AND_PLACE/install/ur_mtc_pick_place_demo/lib/ur_mtc_pick_place_demo/get_planning_scene_server
[188.479s] -- Set non-toolchain portion of runtime path of "/home/darsh/UR3_ROS2_PICK_AND_PLACE/install/ur_mtc_pick_place_demo/lib/ur_mtc_pick_place_demo/get_planning_scene_server" to ""
[188.479s] -- Installing: /home/darsh/UR3_ROS2_PICK_AND_PLACE/install/ur_mtc_pick_place_demo/lib/ur_mtc_pick_place_demo/mtc_node
[188.480s] -- Set non-toolchain portion of runtime path of "/home/darsh/UR3_ROS2_PICK_AND_PLACE/install/ur_mtc_pick_place_demo/lib/ur_mtc_pick_place_demo/mtc_node" to ""
[188.480s] -- Installing: /home/darsh/UR3_ROS2_PICK_AND_PLACE/install/ur_mtc_pick_place_demo/lib/libcluster_extraction.so
[188.480s] -- Set non-toolchain portion of runtime path of "/home/darsh/UR3_ROS2_PICK_AND_PLACE/install/ur_mtc_pick_place_demo/lib/libcluster_extraction.so" to ""
[188.481s] -- Installing: /home/darsh/UR3_ROS2_PICK_AND_PLACE/install/ur_mtc_pick_place_demo/lib/libget_planning_scene_client.so
[188.481s] -- Set non-toolchain portion of runtime path of "/home/darsh/UR3_ROS2_PICK_AND_PLACE/install/ur_mtc_pick_place_demo/lib/libget_planning_scene_client.so" to ""
[188.481s] -- Installing: /home/darsh/UR3_ROS2_PICK_AND_PLACE/install/ur_mtc_pick_place_demo/lib/libnormals_curvature_and_rsd_estimation.so
[188.482s] -- Set non-toolchain portion of runtime path of "/home/darsh/UR3_ROS2_PICK_AND_PLACE/install/ur_mtc_pick_place_demo/lib/libnormals_curvature_and_rsd_estimation.so" to ""
[188.482s] -- Installing: /home/darsh/UR3_ROS2_PICK_AND_PLACE/install/ur_mtc_pick_place_demo/lib/libobject_segmentation.so
[188.483s] -- Set non-toolchain portion of runtime path of "/home/darsh/UR3_ROS2_PICK_AND_PLACE/install/ur_mtc_pick_place_demo/lib/libobject_segmentation.so" to ""
[188.483s] -- Installing: /home/darsh/UR3_ROS2_PICK_AND_PLACE/install/ur_mtc_pick_place_demo/lib/libplane_segmentation.so
[188.484s] -- Set non-toolchain portion of runtime path of "/home/darsh/UR3_ROS2_PICK_AND_PLACE/install/ur_mtc_pick_place_demo/lib/libplane_segmentation.so" to ""
[188.484s] -- Installing: /home/darsh/UR3_ROS2_PICK_AND_PLACE/install/ur_mtc_pick_place_demo/share/ur_mtc_pick_place_demo/config
[188.484s] -- Installing: /home/darsh/UR3_ROS2_PICK_AND_PLACE/install/ur_mtc_pick_place_demo/share/ur_mtc_pick_place_demo/config/mtc_node_params.yaml
[188.485s] -- Installing: /home/darsh/UR3_ROS2_PICK_AND_PLACE/install/ur_mtc_pick_place_demo/share/ur_mtc_pick_place_demo/config/get_planning_scene_server.yaml
[188.485s] -- Up-to-date: /home/darsh/UR3_ROS2_PICK_AND_PLACE/install/ur_mtc_pick_place_demo/share/ur_mtc_pick_place_demo
[188.485s] -- Installing: /home/darsh/UR3_ROS2_PICK_AND_PLACE/install/ur_mtc_pick_place_demo/share/ur_mtc_pick_place_demo/ur_mtc_pick_place_demo
[188.486s] -- Installing: /home/darsh/UR3_ROS2_PICK_AND_PLACE/install/ur_mtc_pick_place_demo/share/ur_mtc_pick_place_demo/ur_mtc_pick_place_demo/plane_segmentation.h
[188.486s] -- Installing: /home/darsh/UR3_ROS2_PICK_AND_PLACE/install/ur_mtc_pick_place_demo/share/ur_mtc_pick_place_demo/ur_mtc_pick_place_demo/get_planning_scene_client.h
[188.486s] -- Installing: /home/darsh/UR3_ROS2_PICK_AND_PLACE/install/ur_mtc_pick_place_demo/share/ur_mtc_pick_place_demo/ur_mtc_pick_place_demo/normals_curvature_and_rsd_estimation.h
[188.486s] -- Installing: /home/darsh/UR3_ROS2_PICK_AND_PLACE/install/ur_mtc_pick_place_demo/share/ur_mtc_pick_place_demo/ur_mtc_pick_place_demo/object_segmentation.h
[188.486s] -- Installing: /home/darsh/UR3_ROS2_PICK_AND_PLACE/install/ur_mtc_pick_place_demo/share/ur_mtc_pick_place_demo/ur_mtc_pick_place_demo/cluster_extraction.h
[188.487s] -- Installing: /home/darsh/UR3_ROS2_PICK_AND_PLACE/install/ur_mtc_pick_place_demo/share/ur_mtc_pick_place_demo/launch
[188.487s] -- Installing: /home/darsh/UR3_ROS2_PICK_AND_PLACE/install/ur_mtc_pick_place_demo/share/ur_mtc_pick_place_demo/launch/point_cloud_viewer.launch.py
[188.487s] -- Installing: /home/darsh/UR3_ROS2_PICK_AND_PLACE/install/ur_mtc_pick_place_demo/share/ur_mtc_pick_place_demo/launch/get_planning_scene_server.launch.py
[188.487s] -- Installing: /home/darsh/UR3_ROS2_PICK_AND_PLACE/install/ur_mtc_pick_place_demo/share/ur_mtc_pick_place_demo/launch/pick_place_demo.launch.py
[188.487s] -- Installing: /home/darsh/UR3_ROS2_PICK_AND_PLACE/install/ur_mtc_pick_place_demo/share/ur_mtc_pick_place_demo/rviz
[188.487s] -- Installing: /home/darsh/UR3_ROS2_PICK_AND_PLACE/install/ur_mtc_pick_place_demo/share/ur_mtc_pick_place_demo/rviz/mtc_demos.rviz
[188.487s] -- Installing: /home/darsh/UR3_ROS2_PICK_AND_PLACE/install/ur_mtc_pick_place_demo/share/ur_mtc_pick_place_demo/rviz/point_cloud_viewer.rviz
[188.488s] -- Installing: /home/darsh/UR3_ROS2_PICK_AND_PLACE/install/ur_mtc_pick_place_demo/share/ur_mtc_pick_place_demo/scripts
[188.488s] -- Installing: /home/darsh/UR3_ROS2_PICK_AND_PLACE/install/ur_mtc_pick_place_demo/share/ur_mtc_pick_place_demo/scripts/robot.sh
[188.488s] -- Installing: /home/darsh/UR3_ROS2_PICK_AND_PLACE/install/ur_mtc_pick_place_demo/share/ur_mtc_pick_place_demo/scripts/pointcloud.sh
[188.488s] -- Installing: /home/darsh/UR3_ROS2_PICK_AND_PLACE/install/ur_mtc_pick_place_demo/share/ur_mtc_pick_place_demo/environment/library_path.sh
[188.489s] -- Installing: /home/darsh/UR3_ROS2_PICK_AND_PLACE/install/ur_mtc_pick_place_demo/share/ur_mtc_pick_place_demo/environment/library_path.dsv
[188.489s] -- Installing: /home/darsh/UR3_ROS2_PICK_AND_PLACE/install/ur_mtc_pick_place_demo/share/ament_index/resource_index/package_run_dependencies/ur_mtc_pick_place_demo
[188.489s] -- Installing: /home/darsh/UR3_ROS2_PICK_AND_PLACE/install/ur_mtc_pick_place_demo/share/ament_index/resource_index/parent_prefix_path/ur_mtc_pick_place_demo
[188.489s] -- Installing: /home/darsh/UR3_ROS2_PICK_AND_PLACE/install/ur_mtc_pick_place_demo/share/ur_mtc_pick_place_demo/environment/ament_prefix_path.sh
[188.490s] -- Installing: /home/darsh/UR3_ROS2_PICK_AND_PLACE/install/ur_mtc_pick_place_demo/share/ur_mtc_pick_place_demo/environment/ament_prefix_path.dsv
[188.490s] -- Installing: /home/darsh/UR3_ROS2_PICK_AND_PLACE/install/ur_mtc_pick_place_demo/share/ur_mtc_pick_place_demo/environment/path.sh
[188.490s] -- Installing: /home/darsh/UR3_ROS2_PICK_AND_PLACE/install/ur_mtc_pick_place_demo/share/ur_mtc_pick_place_demo/environment/path.dsv
[188.490s] -- Installing: /home/darsh/UR3_ROS2_PICK_AND_PLACE/install/ur_mtc_pick_place_demo/share/ur_mtc_pick_place_demo/local_setup.bash
[188.490s] -- Installing: /home/darsh/UR3_ROS2_PICK_AND_PLACE/install/ur_mtc_pick_place_demo/share/ur_mtc_pick_place_demo/local_setup.sh
[188.491s] -- Installing: /home/darsh/UR3_ROS2_PICK_AND_PLACE/install/ur_mtc_pick_place_demo/share/ur_mtc_pick_place_demo/local_setup.zsh
[188.491s] -- Installing: /home/darsh/UR3_ROS2_PICK_AND_PLACE/install/ur_mtc_pick_place_demo/share/ur_mtc_pick_place_demo/local_setup.dsv
[188.491s] -- Installing: /home/darsh/UR3_ROS2_PICK_AND_PLACE/install/ur_mtc_pick_place_demo/share/ur_mtc_pick_place_demo/package.dsv
[188.491s] -- Installing: /home/darsh/UR3_ROS2_PICK_AND_PLACE/install/ur_mtc_pick_place_demo/share/ament_index/resource_index/packages/ur_mtc_pick_place_demo
[188.491s] -- Installing: /home/darsh/UR3_ROS2_PICK_AND_PLACE/install/ur_mtc_pick_place_demo/share/ur_mtc_pick_place_demo/cmake/export_ur_mtc_pick_place_demoExport.cmake
[188.491s] -- Installing: /home/darsh/UR3_ROS2_PICK_AND_PLACE/install/ur_mtc_pick_place_demo/share/ur_mtc_pick_place_demo/cmake/export_ur_mtc_pick_place_demoExport-release.cmake
[188.491s] -- Installing: /home/darsh/UR3_ROS2_PICK_AND_PLACE/install/ur_mtc_pick_place_demo/share/ur_mtc_pick_place_demo/cmake/ament_cmake_export_include_directories-extras.cmake
[188.492s] -- Installing: /home/darsh/UR3_ROS2_PICK_AND_PLACE/install/ur_mtc_pick_place_demo/share/ur_mtc_pick_place_demo/cmake/ament_cmake_export_libraries-extras.cmake
[188.492s] -- Installing: /home/darsh/UR3_ROS2_PICK_AND_PLACE/install/ur_mtc_pick_place_demo/share/ur_mtc_pick_place_demo/cmake/ament_cmake_export_targets-extras.cmake
[188.492s] -- Installing: /home/darsh/UR3_ROS2_PICK_AND_PLACE/install/ur_mtc_pick_place_demo/share/ur_mtc_pick_place_demo/cmake/ur_mtc_pick_place_demoConfig.cmake
[188.492s] -- Installing: /home/darsh/UR3_ROS2_PICK_AND_PLACE/install/ur_mtc_pick_place_demo/share/ur_mtc_pick_place_demo/cmake/ur_mtc_pick_place_demoConfig-version.cmake
[188.492s] -- Installing: /home/darsh/UR3_ROS2_PICK_AND_PLACE/install/ur_mtc_pick_place_demo/share/ur_mtc_pick_place_demo/package.xml
[188.493s] Invoked command in '/home/darsh/UR3_ROS2_PICK_AND_PLACE/build/ur_mtc_pick_place_demo' returned '0': CMAKE_MODULE_PATH=/home/darsh/UR3_ROS2_PICK_AND_PLACE/install/moveit_task_constructor_core/share/moveit_task_constructor_core/cmake:/home/darsh/UR3_ROS2_PICK_AND_PLACE/install/warehouse_ros_mongo/share/warehouse_ros_mongo/cmake CMAKE_PREFIX_PATH=/home/darsh/UR3_ROS2_PICK_AND_PLACE/install/moveit_task_constructor_core:/home/darsh/UR3_ROS2_PICK_AND_PLACE/install/ur_interfaces:/home/darsh/UR3_ROS2_PICK_AND_PLACE/install/rviz_marker_tools:/home/darsh/UR3_ROS2_PICK_AND_PLACE/install/moveit_task_constructor_msgs:/home/darsh/UR3_ROS2_PICK_AND_PLACE/install/moveit_config:/home/darsh/UR3_ROS2_PICK_AND_PLACE/install/warehouse_ros_mongo:/home/darsh/UR3_ROS2_PICK_AND_PLACE/install/ur_system_tests:/home/darsh/UR3_ROS2_PICK_AND_PLACE/install/ur_mtc_demos:/home/darsh/UR3_ROS2_PICK_AND_PLACE/install/ur_moveit_demos:/home/darsh/UR3_ROS2_PICK_AND_PLACE/install/ur_gazebo:/home/darsh/UR3_ROS2_PICK_AND_PLACE/install/ur_description:/home/darsh/UR3_ROS2_PICK_AND_PLACE/install/moveit_task_constructor_visualization:/home/darsh/UR3_ROS2_PICK_AND_PLACE/install/moveit_task_constructor_demo:/home/darsh/UR3_ROS2_PICK_AND_PLACE/install/moveit_task_constructor_capabilities:/home/darsh/UR3_ROS2_PICK_AND_PLACE/install/robotiq_2f_85_gripper_visualization:/opt/ros/jazzy/opt/gz_sim_vendor:/opt/ros/jazzy/opt/gz_sensors_vendor:/opt/ros/jazzy/opt/gz_physics_vendor:/opt/ros/jazzy/opt/sdformat_vendor:/opt/ros/jazzy/opt/gz_gui_vendor:/opt/ros/jazzy/opt/gz_transport_vendor:/opt/ros/jazzy/opt/gz_rendering_vendor:/opt/ros/jazzy/opt/gz_plugin_vendor:/opt/ros/jazzy/opt/gz_fuel_tools_vendor:/opt/ros/jazzy/opt/gz_msgs_vendor:/opt/ros/jazzy/opt/gz_common_vendor:/opt/ros/jazzy/opt/gz_math_vendor:/opt/ros/jazzy/opt/gz_utils_vendor:/opt/ros/jazzy/opt/gz_tools_vendor:/opt/ros/jazzy/opt/gz_ogre_next_vendor:/opt/ros/jazzy/opt/gz_dartsim_vendor:/opt/ros/jazzy/opt/gz_cmake_vendor:/opt/ros/jazzy LD_LIBRARY_PATH=/home/darsh/UR3_ROS2_PICK_AND_PLACE/install/moveit_task_constructor_core/lib:/home/darsh/UR3_ROS2_PICK_AND_PLACE/install/ur_interfaces/lib:/home/darsh/UR3_ROS2_PICK_AND_PLACE/install/rviz_marker_tools/lib:/home/darsh/UR3_ROS2_PICK_AND_PLACE/install/moveit_task_constructor_msgs/lib:/home/darsh/UR3_ROS2_PICK_AND_PLACE/install/warehouse_ros_mongo/lib:/home/darsh/UR3_ROS2_PICK_AND_PLACE/install/moveit_task_constructor_visualization/lib:/home/darsh/UR3_ROS2_PICK_AND_PLACE/install/moveit_task_constructor_demo/lib:/home/darsh/UR3_ROS2_PICK_AND_PLACE/install/moveit_task_constructor_capabilities/lib:/opt/ros/jazzy/opt/gz_sim_vendor/lib:/opt/ros/jazzy/opt/gz_sensors_vendor/lib:/opt/ros/jazzy/opt/gz_physics_vendor/lib:/opt/ros/jazzy/opt/sdformat_vendor/lib:/opt/ros/jazzy/opt/rviz_ogre_vendor/lib:/opt/ros/jazzy/lib/x86_64-linux-gnu:/opt/ros/jazzy/opt/gz_gui_vendor/lib:/opt/ros/jazzy/opt/gz_transport_vendor/lib:/opt/ros/jazzy/opt/gz_rendering_vendor/lib:/opt/ros/jazzy/opt/gz_plugin_vendor/lib:/opt/ros/jazzy/opt/gz_fuel_tools_vendor/lib:/opt/ros/jazzy/opt/gz_msgs_vendor/lib:/opt/ros/jazzy/opt/gz_common_vendor/lib:/opt/ros/jazzy/opt/gz_math_vendor/lib:/opt/ros/jazzy/opt/gz_utils_vendor/lib:/opt/ros/jazzy/opt/gz_tools_vendor/lib:/opt/ros/jazzy/opt/gz_ogre_next_vendor/lib:/opt/ros/jazzy/opt/gz_dartsim_vendor/lib:/opt/ros/jazzy/opt/gz_cmake_vendor/lib:/opt/ros/jazzy/lib PYTHONPATH=/home/darsh/UR3_ROS2_PICK_AND_PLACE/install/moveit_task_constructor_core/lib/python3.12/site-packages:/home/darsh/UR3_ROS2_PICK_AND_PLACE/install/ur_interfaces/lib/python3.12/site-packages:/home/darsh/UR3_ROS2_PICK_AND_PLACE/install/moveit_task_constructor_msgs/lib/python3.12/site-packages:/home/darsh/UR3_ROS2_PICK_AND_PLACE/install/warehouse_ros_mongo/lib/python3.12/site-packages:/opt/ros/jazzy/lib/python3.12/site-packages /usr/bin/cmake --install /home/darsh/UR3_ROS2_PICK_AND_PLACE/build/ur_mtc_pick_place_demo
