[0.046s] Invoking command in '/home/darsh/UR3_ROS2_PICK_AND_PLACE/build/moveit_config': CMAKE_PREFIX_PATH=/home/darsh/UR3_ROS2_PICK_AND_PLACE/install/ur_description:/home/darsh/UR3_ROS2_PICK_AND_PLACE/install/moveit_config1:/home/darsh/UR3_ROS2_PICK_AND_PLACE/install/ur_system_tests:/home/darsh/UR3_ROS2_PICK_AND_PLACE/install/ur_moveit_demos:/home/darsh/UR3_ROS2_PICK_AND_PLACE/install/ur_interfaces:/home/darsh/UR3_ROS2_PICK_AND_PLACE/install/ur_gazebo:/home/darsh/UR3_ROS2_PICK_AND_PLACE/install/moveit_config_backup:/home/darsh/UR3_ROS2_PICK_AND_PLACE/install/moveit_config:/home/darsh/UR3_ROS2_PICK_AND_PLACE/install/robotiq_2f_85_gripper_visualization:/opt/ros/jazzy/opt/gz_sim_vendor:/opt/ros/jazzy/opt/gz_sensors_vendor:/opt/ros/jazzy/opt/gz_physics_vendor:/opt/ros/jazzy/opt/sdformat_vendor:/opt/ros/jazzy/opt/gz_gui_vendor:/opt/ros/jazzy/opt/gz_transport_vendor:/opt/ros/jazzy/opt/gz_rendering_vendor:/opt/ros/jazzy/opt/gz_plugin_vendor:/opt/ros/jazzy/opt/gz_fuel_tools_vendor:/opt/ros/jazzy/opt/gz_msgs_vendor:/opt/ros/jazzy/opt/gz_common_vendor:/opt/ros/jazzy/opt/gz_math_vendor:/opt/ros/jazzy/opt/gz_utils_vendor:/opt/ros/jazzy/opt/gz_tools_vendor:/opt/ros/jazzy/opt/gz_ogre_next_vendor:/opt/ros/jazzy/opt/gz_dartsim_vendor:/opt/ros/jazzy/opt/gz_cmake_vendor:/opt/ros/jazzy /usr/bin/cmake /home/darsh/UR3_ROS2_PICK_AND_PLACE/moveit_config -DCMAKE_INSTALL_PREFIX=/home/darsh/UR3_ROS2_PICK_AND_PLACE/install/moveit_config
[0.220s] -- The C compiler identification is GNU 13.3.0
[0.559s] -- The CXX compiler identification is GNU 13.3.0
[0.913s] -- Detecting C compiler ABI info
[1.164s] -- Detecting C compiler ABI info - done
[1.174s] -- Check for working C compiler: /usr/bin/cc - skipped
[1.175s] -- Detecting C compile features
[1.175s] -- Detecting C compile features - done
[1.250s] -- Detecting CXX compiler ABI info
[1.564s] -- Detecting CXX compiler ABI info - done
[1.576s] -- Check for working CXX compiler: /usr/bin/c++ - skipped
[1.577s] -- Detecting CXX compile features
[1.577s] -- Detecting CXX compile features - done
[1.582s] -- Found ament_cmake: 2.5.3 (/opt/ros/jazzy/share/ament_cmake/cmake)
[1.887s] -- Found Python3: /usr/bin/python3 (found version "3.12.3") found components: Interpreter 
[2.215s] -- Configuring done (2.2s)
[2.219s] -- Generating done (0.0s)
[2.221s] -- Build files have been written to: /home/darsh/UR3_ROS2_PICK_AND_PLACE/build/moveit_config
[2.227s] Invoked command in '/home/darsh/UR3_ROS2_PICK_AND_PLACE/build/moveit_config' returned '0': CMAKE_PREFIX_PATH=/home/darsh/UR3_ROS2_PICK_AND_PLACE/install/ur_description:/home/darsh/UR3_ROS2_PICK_AND_PLACE/install/moveit_config1:/home/darsh/UR3_ROS2_PICK_AND_PLACE/install/ur_system_tests:/home/darsh/UR3_ROS2_PICK_AND_PLACE/install/ur_moveit_demos:/home/darsh/UR3_ROS2_PICK_AND_PLACE/install/ur_interfaces:/home/darsh/UR3_ROS2_PICK_AND_PLACE/install/ur_gazebo:/home/darsh/UR3_ROS2_PICK_AND_PLACE/install/moveit_config_backup:/home/darsh/UR3_ROS2_PICK_AND_PLACE/install/moveit_config:/home/darsh/UR3_ROS2_PICK_AND_PLACE/install/robotiq_2f_85_gripper_visualization:/opt/ros/jazzy/opt/gz_sim_vendor:/opt/ros/jazzy/opt/gz_sensors_vendor:/opt/ros/jazzy/opt/gz_physics_vendor:/opt/ros/jazzy/opt/sdformat_vendor:/opt/ros/jazzy/opt/gz_gui_vendor:/opt/ros/jazzy/opt/gz_transport_vendor:/opt/ros/jazzy/opt/gz_rendering_vendor:/opt/ros/jazzy/opt/gz_plugin_vendor:/opt/ros/jazzy/opt/gz_fuel_tools_vendor:/opt/ros/jazzy/opt/gz_msgs_vendor:/opt/ros/jazzy/opt/gz_common_vendor:/opt/ros/jazzy/opt/gz_math_vendor:/opt/ros/jazzy/opt/gz_utils_vendor:/opt/ros/jazzy/opt/gz_tools_vendor:/opt/ros/jazzy/opt/gz_ogre_next_vendor:/opt/ros/jazzy/opt/gz_dartsim_vendor:/opt/ros/jazzy/opt/gz_cmake_vendor:/opt/ros/jazzy /usr/bin/cmake /home/darsh/UR3_ROS2_PICK_AND_PLACE/moveit_config -DCMAKE_INSTALL_PREFIX=/home/darsh/UR3_ROS2_PICK_AND_PLACE/install/moveit_config
[2.229s] Invoking command in '/home/darsh/UR3_ROS2_PICK_AND_PLACE/build/moveit_config': CMAKE_PREFIX_PATH=/home/darsh/UR3_ROS2_PICK_AND_PLACE/install/ur_description:/home/darsh/UR3_ROS2_PICK_AND_PLACE/install/moveit_config1:/home/darsh/UR3_ROS2_PICK_AND_PLACE/install/ur_system_tests:/home/darsh/UR3_ROS2_PICK_AND_PLACE/install/ur_moveit_demos:/home/darsh/UR3_ROS2_PICK_AND_PLACE/install/ur_interfaces:/home/darsh/UR3_ROS2_PICK_AND_PLACE/install/ur_gazebo:/home/darsh/UR3_ROS2_PICK_AND_PLACE/install/moveit_config_backup:/home/darsh/UR3_ROS2_PICK_AND_PLACE/install/moveit_config:/home/darsh/UR3_ROS2_PICK_AND_PLACE/install/robotiq_2f_85_gripper_visualization:/opt/ros/jazzy/opt/gz_sim_vendor:/opt/ros/jazzy/opt/gz_sensors_vendor:/opt/ros/jazzy/opt/gz_physics_vendor:/opt/ros/jazzy/opt/sdformat_vendor:/opt/ros/jazzy/opt/gz_gui_vendor:/opt/ros/jazzy/opt/gz_transport_vendor:/opt/ros/jazzy/opt/gz_rendering_vendor:/opt/ros/jazzy/opt/gz_plugin_vendor:/opt/ros/jazzy/opt/gz_fuel_tools_vendor:/opt/ros/jazzy/opt/gz_msgs_vendor:/opt/ros/jazzy/opt/gz_common_vendor:/opt/ros/jazzy/opt/gz_math_vendor:/opt/ros/jazzy/opt/gz_utils_vendor:/opt/ros/jazzy/opt/gz_tools_vendor:/opt/ros/jazzy/opt/gz_ogre_next_vendor:/opt/ros/jazzy/opt/gz_dartsim_vendor:/opt/ros/jazzy/opt/gz_cmake_vendor:/opt/ros/jazzy /usr/bin/cmake --build /home/darsh/UR3_ROS2_PICK_AND_PLACE/build/moveit_config -- -j16 -l16
[2.268s] Invoked command in '/home/darsh/UR3_ROS2_PICK_AND_PLACE/build/moveit_config' returned '0': CMAKE_PREFIX_PATH=/home/darsh/UR3_ROS2_PICK_AND_PLACE/install/ur_description:/home/darsh/UR3_ROS2_PICK_AND_PLACE/install/moveit_config1:/home/darsh/UR3_ROS2_PICK_AND_PLACE/install/ur_system_tests:/home/darsh/UR3_ROS2_PICK_AND_PLACE/install/ur_moveit_demos:/home/darsh/UR3_ROS2_PICK_AND_PLACE/install/ur_interfaces:/home/darsh/UR3_ROS2_PICK_AND_PLACE/install/ur_gazebo:/home/darsh/UR3_ROS2_PICK_AND_PLACE/install/moveit_config_backup:/home/darsh/UR3_ROS2_PICK_AND_PLACE/install/moveit_config:/home/darsh/UR3_ROS2_PICK_AND_PLACE/install/robotiq_2f_85_gripper_visualization:/opt/ros/jazzy/opt/gz_sim_vendor:/opt/ros/jazzy/opt/gz_sensors_vendor:/opt/ros/jazzy/opt/gz_physics_vendor:/opt/ros/jazzy/opt/sdformat_vendor:/opt/ros/jazzy/opt/gz_gui_vendor:/opt/ros/jazzy/opt/gz_transport_vendor:/opt/ros/jazzy/opt/gz_rendering_vendor:/opt/ros/jazzy/opt/gz_plugin_vendor:/opt/ros/jazzy/opt/gz_fuel_tools_vendor:/opt/ros/jazzy/opt/gz_msgs_vendor:/opt/ros/jazzy/opt/gz_common_vendor:/opt/ros/jazzy/opt/gz_math_vendor:/opt/ros/jazzy/opt/gz_utils_vendor:/opt/ros/jazzy/opt/gz_tools_vendor:/opt/ros/jazzy/opt/gz_ogre_next_vendor:/opt/ros/jazzy/opt/gz_dartsim_vendor:/opt/ros/jazzy/opt/gz_cmake_vendor:/opt/ros/jazzy /usr/bin/cmake --build /home/darsh/UR3_ROS2_PICK_AND_PLACE/build/moveit_config -- -j16 -l16
[2.270s] Invoking command in '/home/darsh/UR3_ROS2_PICK_AND_PLACE/build/moveit_config': CMAKE_PREFIX_PATH=/home/darsh/UR3_ROS2_PICK_AND_PLACE/install/ur_description:/home/darsh/UR3_ROS2_PICK_AND_PLACE/install/moveit_config1:/home/darsh/UR3_ROS2_PICK_AND_PLACE/install/ur_system_tests:/home/darsh/UR3_ROS2_PICK_AND_PLACE/install/ur_moveit_demos:/home/darsh/UR3_ROS2_PICK_AND_PLACE/install/ur_interfaces:/home/darsh/UR3_ROS2_PICK_AND_PLACE/install/ur_gazebo:/home/darsh/UR3_ROS2_PICK_AND_PLACE/install/moveit_config_backup:/home/darsh/UR3_ROS2_PICK_AND_PLACE/install/moveit_config:/home/darsh/UR3_ROS2_PICK_AND_PLACE/install/robotiq_2f_85_gripper_visualization:/opt/ros/jazzy/opt/gz_sim_vendor:/opt/ros/jazzy/opt/gz_sensors_vendor:/opt/ros/jazzy/opt/gz_physics_vendor:/opt/ros/jazzy/opt/sdformat_vendor:/opt/ros/jazzy/opt/gz_gui_vendor:/opt/ros/jazzy/opt/gz_transport_vendor:/opt/ros/jazzy/opt/gz_rendering_vendor:/opt/ros/jazzy/opt/gz_plugin_vendor:/opt/ros/jazzy/opt/gz_fuel_tools_vendor:/opt/ros/jazzy/opt/gz_msgs_vendor:/opt/ros/jazzy/opt/gz_common_vendor:/opt/ros/jazzy/opt/gz_math_vendor:/opt/ros/jazzy/opt/gz_utils_vendor:/opt/ros/jazzy/opt/gz_tools_vendor:/opt/ros/jazzy/opt/gz_ogre_next_vendor:/opt/ros/jazzy/opt/gz_dartsim_vendor:/opt/ros/jazzy/opt/gz_cmake_vendor:/opt/ros/jazzy /usr/bin/cmake --install /home/darsh/UR3_ROS2_PICK_AND_PLACE/build/moveit_config
[2.280s] -- Install configuration: ""
[2.281s] -- Installing: /home/darsh/UR3_ROS2_PICK_AND_PLACE/install/moveit_config/share/ament_index/resource_index/package_run_dependencies/moveit_config
[2.281s] -- Installing: /home/darsh/UR3_ROS2_PICK_AND_PLACE/install/moveit_config/share/ament_index/resource_index/parent_prefix_path/moveit_config
[2.281s] -- Installing: /home/darsh/UR3_ROS2_PICK_AND_PLACE/install/moveit_config/share/moveit_config/environment/ament_prefix_path.sh
[2.282s] -- Installing: /home/darsh/UR3_ROS2_PICK_AND_PLACE/install/moveit_config/share/moveit_config/environment/ament_prefix_path.dsv
[2.282s] -- Installing: /home/darsh/UR3_ROS2_PICK_AND_PLACE/install/moveit_config/share/moveit_config/environment/path.sh
[2.282s] -- Installing: /home/darsh/UR3_ROS2_PICK_AND_PLACE/install/moveit_config/share/moveit_config/environment/path.dsv
[2.282s] -- Installing: /home/darsh/UR3_ROS2_PICK_AND_PLACE/install/moveit_config/share/moveit_config/local_setup.bash
[2.283s] -- Installing: /home/darsh/UR3_ROS2_PICK_AND_PLACE/install/moveit_config/share/moveit_config/local_setup.sh
[2.283s] -- Installing: /home/darsh/UR3_ROS2_PICK_AND_PLACE/install/moveit_config/share/moveit_config/local_setup.zsh
[2.283s] -- Installing: /home/darsh/UR3_ROS2_PICK_AND_PLACE/install/moveit_config/share/moveit_config/local_setup.dsv
[2.283s] -- Installing: /home/darsh/UR3_ROS2_PICK_AND_PLACE/install/moveit_config/share/moveit_config/package.dsv
[2.283s] -- Installing: /home/darsh/UR3_ROS2_PICK_AND_PLACE/install/moveit_config/share/ament_index/resource_index/packages/moveit_config
[2.284s] -- Installing: /home/darsh/UR3_ROS2_PICK_AND_PLACE/install/moveit_config/share/moveit_config/cmake/moveit_configConfig.cmake
[2.284s] -- Installing: /home/darsh/UR3_ROS2_PICK_AND_PLACE/install/moveit_config/share/moveit_config/cmake/moveit_configConfig-version.cmake
[2.284s] -- Installing: /home/darsh/UR3_ROS2_PICK_AND_PLACE/install/moveit_config/share/moveit_config/package.xml
[2.284s] -- Installing: /home/darsh/UR3_ROS2_PICK_AND_PLACE/install/moveit_config/share/moveit_config/launch
[2.285s] -- Installing: /home/darsh/UR3_ROS2_PICK_AND_PLACE/install/moveit_config/share/moveit_config/launch/moveit_rviz.launch.py
[2.286s] -- Installing: /home/darsh/UR3_ROS2_PICK_AND_PLACE/install/moveit_config/share/moveit_config/launch/static_virtual_joint_tfs.launch.py
[2.286s] -- Installing: /home/darsh/UR3_ROS2_PICK_AND_PLACE/install/moveit_config/share/moveit_config/launch/demo.launch.py
[2.287s] -- Installing: /home/darsh/UR3_ROS2_PICK_AND_PLACE/install/moveit_config/share/moveit_config/launch/warehouse_db.launch.py
[2.287s] -- Installing: /home/darsh/UR3_ROS2_PICK_AND_PLACE/install/moveit_config/share/moveit_config/launch/setup_assistant.launch.py
[2.288s] -- Installing: /home/darsh/UR3_ROS2_PICK_AND_PLACE/install/moveit_config/share/moveit_config/launch/rsp.launch.py
[2.288s] -- Installing: /home/darsh/UR3_ROS2_PICK_AND_PLACE/install/moveit_config/share/moveit_config/launch/move_group.launch.py
[2.288s] -- Installing: /home/darsh/UR3_ROS2_PICK_AND_PLACE/install/moveit_config/share/moveit_config/launch/spawn_controllers.launch.py
[2.289s] -- Installing: /home/darsh/UR3_ROS2_PICK_AND_PLACE/install/moveit_config/share/moveit_config/config
[2.289s] -- Installing: /home/darsh/UR3_ROS2_PICK_AND_PLACE/install/moveit_config/share/moveit_config/config/moveit.rviz
[2.290s] -- Installing: /home/darsh/UR3_ROS2_PICK_AND_PLACE/install/moveit_config/share/moveit_config/config/initial_positions.yaml
[2.290s] -- Installing: /home/darsh/UR3_ROS2_PICK_AND_PLACE/install/moveit_config/share/moveit_config/config/ur.ros2_control.xacro
[2.291s] -- Installing: /home/darsh/UR3_ROS2_PICK_AND_PLACE/install/moveit_config/share/moveit_config/config/kinematics.yaml
[2.291s] -- Installing: /home/darsh/UR3_ROS2_PICK_AND_PLACE/install/moveit_config/share/moveit_config/config/joint_limits.yaml
[2.291s] -- Installing: /home/darsh/UR3_ROS2_PICK_AND_PLACE/install/moveit_config/share/moveit_config/config/ros2_controllers.yaml
[2.292s] -- Installing: /home/darsh/UR3_ROS2_PICK_AND_PLACE/install/moveit_config/share/moveit_config/config/ur.srdf
[2.292s] -- Installing: /home/darsh/UR3_ROS2_PICK_AND_PLACE/install/moveit_config/share/moveit_config/config/moveit_controllers.yaml
[2.293s] -- Installing: /home/darsh/UR3_ROS2_PICK_AND_PLACE/install/moveit_config/share/moveit_config/config/pilz_cartesian_limits.yaml
[2.293s] -- Installing: /home/darsh/UR3_ROS2_PICK_AND_PLACE/install/moveit_config/share/moveit_config/config/ur.urdf.xacro
[2.293s] -- Installing: /home/darsh/UR3_ROS2_PICK_AND_PLACE/install/moveit_config/share/moveit_config/config/sensors_3d.yaml
[2.294s] -- Installing: /home/darsh/UR3_ROS2_PICK_AND_PLACE/install/moveit_config/share/moveit_config/.setup_assistant
[2.297s] Invoked command in '/home/darsh/UR3_ROS2_PICK_AND_PLACE/build/moveit_config' returned '0': CMAKE_PREFIX_PATH=/home/darsh/UR3_ROS2_PICK_AND_PLACE/install/ur_description:/home/darsh/UR3_ROS2_PICK_AND_PLACE/install/moveit_config1:/home/darsh/UR3_ROS2_PICK_AND_PLACE/install/ur_system_tests:/home/darsh/UR3_ROS2_PICK_AND_PLACE/install/ur_moveit_demos:/home/darsh/UR3_ROS2_PICK_AND_PLACE/install/ur_interfaces:/home/darsh/UR3_ROS2_PICK_AND_PLACE/install/ur_gazebo:/home/darsh/UR3_ROS2_PICK_AND_PLACE/install/moveit_config_backup:/home/darsh/UR3_ROS2_PICK_AND_PLACE/install/moveit_config:/home/darsh/UR3_ROS2_PICK_AND_PLACE/install/robotiq_2f_85_gripper_visualization:/opt/ros/jazzy/opt/gz_sim_vendor:/opt/ros/jazzy/opt/gz_sensors_vendor:/opt/ros/jazzy/opt/gz_physics_vendor:/opt/ros/jazzy/opt/sdformat_vendor:/opt/ros/jazzy/opt/gz_gui_vendor:/opt/ros/jazzy/opt/gz_transport_vendor:/opt/ros/jazzy/opt/gz_rendering_vendor:/opt/ros/jazzy/opt/gz_plugin_vendor:/opt/ros/jazzy/opt/gz_fuel_tools_vendor:/opt/ros/jazzy/opt/gz_msgs_vendor:/opt/ros/jazzy/opt/gz_common_vendor:/opt/ros/jazzy/opt/gz_math_vendor:/opt/ros/jazzy/opt/gz_utils_vendor:/opt/ros/jazzy/opt/gz_tools_vendor:/opt/ros/jazzy/opt/gz_ogre_next_vendor:/opt/ros/jazzy/opt/gz_dartsim_vendor:/opt/ros/jazzy/opt/gz_cmake_vendor:/opt/ros/jazzy /usr/bin/cmake --install /home/darsh/UR3_ROS2_PICK_AND_PLACE/build/moveit_config
