[0.313s] DEBUG:colcon:Command line arguments: ['/usr/bin/colcon', 'build']
[0.313s] DEBUG:colcon:Parsed command line arguments: Namespace(log_base=None, log_level=None, verb_name='build', build_base='build', install_base='install', merge_install=False, symlink_install=False, test_result_base=None, continue_on_error=False, executor='parallel', parallel_workers=16, event_handlers=None, ignore_user_meta=False, metas=['./colcon.meta'], base_paths=['.'], packages_ignore=None, packages_ignore_regex=None, paths=None, packages_up_to=None, packages_up_to_regex=None, packages_above=None, packages_above_and_dependencies=None, packages_above_depth=None, packages_select_by_dep=None, packages_skip_by_dep=None, packages_skip_up_to=None, packages_select_build_failed=False, packages_skip_build_finished=False, packages_select_test_failures=False, packages_skip_test_passed=False, packages_select=None, packages_skip=None, packages_select_regex=None, packages_skip_regex=None, packages_start=None, packages_end=None, allow_overriding=[], cmake_args=None, cmake_target=None, cmake_target_skip_unavailable=False, cmake_clean_cache=False, cmake_clean_first=False, cmake_force_configure=False, ament_cmake_args=None, catkin_cmake_args=None, catkin_skip_building_tests=False, verb_parser=<colcon_defaults.argument_parser.defaults.DefaultArgumentsDecorator object at 0x7f2d3bd7a750>, verb_extension=<colcon_core.verb.build.BuildVerb object at 0x7f2d3bd1c5c0>, main=<bound method BuildVerb.main of <colcon_core.verb.build.BuildVerb object at 0x7f2d3bd1c5c0>>)
[0.376s] Level 1:colcon.colcon_core.package_discovery:discover_packages(colcon_meta) check parameters
[0.376s] Level 1:colcon.colcon_core.package_discovery:discover_packages(recursive) check parameters
[0.376s] Level 1:colcon.colcon_core.package_discovery:discover_packages(ignore) check parameters
[0.376s] Level 1:colcon.colcon_core.package_discovery:discover_packages(path) check parameters
[0.376s] Level 1:colcon.colcon_core.package_discovery:discover_packages(colcon_meta) discover
[0.376s] Level 1:colcon.colcon_core.package_discovery:discover_packages(recursive) discover
[0.376s] INFO:colcon.colcon_core.package_discovery:Crawling recursively for packages in '/home/darsh/UR3_ROS2_PICK_AND_PLACE'
[0.376s] Level 1:colcon.colcon_core.package_identification:_identify(.) by extensions ['ignore', 'ignore_ament_install']
[0.377s] Level 1:colcon.colcon_core.package_identification:_identify(.) by extension 'ignore'
[0.377s] Level 1:colcon.colcon_core.package_identification:_identify(.) by extension 'ignore_ament_install'
[0.377s] Level 1:colcon.colcon_core.package_identification:_identify(.) by extensions ['colcon_pkg']
[0.377s] Level 1:colcon.colcon_core.package_identification:_identify(.) by extension 'colcon_pkg'
[0.377s] Level 1:colcon.colcon_core.package_identification:_identify(.) by extensions ['colcon_meta']
[0.377s] Level 1:colcon.colcon_core.package_identification:_identify(.) by extension 'colcon_meta'
[0.377s] Level 1:colcon.colcon_core.package_identification:_identify(.) by extensions ['ros']
[0.377s] Level 1:colcon.colcon_core.package_identification:_identify(.) by extension 'ros'
[0.427s] Level 1:colcon.colcon_core.package_identification:_identify(.) by extensions ['cmake', 'python']
[0.427s] Level 1:colcon.colcon_core.package_identification:_identify(.) by extension 'cmake'
[0.428s] Level 1:colcon.colcon_core.package_identification:_identify(.) by extension 'python'
[0.428s] Level 1:colcon.colcon_core.package_identification:_identify(.) by extensions ['python_setup_py']
[0.428s] Level 1:colcon.colcon_core.package_identification:_identify(.) by extension 'python_setup_py'
[0.428s] Level 1:colcon.colcon_core.package_identification:_identify(build) by extensions ['ignore', 'ignore_ament_install']
[0.428s] Level 1:colcon.colcon_core.package_identification:_identify(build) by extension 'ignore'
[0.428s] Level 1:colcon.colcon_core.package_identification:_identify(build) ignored
[0.428s] Level 1:colcon.colcon_core.package_identification:_identify(images) by extensions ['ignore', 'ignore_ament_install']
[0.428s] Level 1:colcon.colcon_core.package_identification:_identify(images) by extension 'ignore'
[0.428s] Level 1:colcon.colcon_core.package_identification:_identify(images) by extension 'ignore_ament_install'
[0.428s] Level 1:colcon.colcon_core.package_identification:_identify(images) by extensions ['colcon_pkg']
[0.428s] Level 1:colcon.colcon_core.package_identification:_identify(images) by extension 'colcon_pkg'
[0.429s] Level 1:colcon.colcon_core.package_identification:_identify(images) by extensions ['colcon_meta']
[0.429s] Level 1:colcon.colcon_core.package_identification:_identify(images) by extension 'colcon_meta'
[0.429s] Level 1:colcon.colcon_core.package_identification:_identify(images) by extensions ['ros']
[0.429s] Level 1:colcon.colcon_core.package_identification:_identify(images) by extension 'ros'
[0.429s] Level 1:colcon.colcon_core.package_identification:_identify(images) by extensions ['cmake', 'python']
[0.429s] Level 1:colcon.colcon_core.package_identification:_identify(images) by extension 'cmake'
[0.429s] Level 1:colcon.colcon_core.package_identification:_identify(images) by extension 'python'
[0.429s] Level 1:colcon.colcon_core.package_identification:_identify(images) by extensions ['python_setup_py']
[0.429s] Level 1:colcon.colcon_core.package_identification:_identify(images) by extension 'python_setup_py'
[0.429s] Level 1:colcon.colcon_core.package_identification:_identify(install) by extensions ['ignore', 'ignore_ament_install']
[0.429s] Level 1:colcon.colcon_core.package_identification:_identify(install) by extension 'ignore'
[0.429s] Level 1:colcon.colcon_core.package_identification:_identify(install) ignored
[0.429s] Level 1:colcon.colcon_core.package_identification:_identify(log) by extensions ['ignore', 'ignore_ament_install']
[0.429s] Level 1:colcon.colcon_core.package_identification:_identify(log) by extension 'ignore'
[0.430s] Level 1:colcon.colcon_core.package_identification:_identify(log) ignored
[0.430s] Level 1:colcon.colcon_core.package_identification:_identify(moveit_config) by extensions ['ignore', 'ignore_ament_install']
[0.430s] Level 1:colcon.colcon_core.package_identification:_identify(moveit_config) by extension 'ignore'
[0.430s] Level 1:colcon.colcon_core.package_identification:_identify(moveit_config) by extension 'ignore_ament_install'
[0.430s] Level 1:colcon.colcon_core.package_identification:_identify(moveit_config) by extensions ['colcon_pkg']
[0.430s] Level 1:colcon.colcon_core.package_identification:_identify(moveit_config) by extension 'colcon_pkg'
[0.430s] Level 1:colcon.colcon_core.package_identification:_identify(moveit_config) by extensions ['colcon_meta']
[0.430s] Level 1:colcon.colcon_core.package_identification:_identify(moveit_config) by extension 'colcon_meta'
[0.430s] Level 1:colcon.colcon_core.package_identification:_identify(moveit_config) by extensions ['ros']
[0.430s] Level 1:colcon.colcon_core.package_identification:_identify(moveit_config) by extension 'ros'
[0.440s] DEBUG:colcon.colcon_core.package_identification:Package 'moveit_config' with type 'ros.ament_cmake' and name 'moveit_config'
[0.440s] Level 1:colcon.colcon_core.package_identification:_identify(movit_config) by extensions ['ignore', 'ignore_ament_install']
[0.441s] Level 1:colcon.colcon_core.package_identification:_identify(movit_config) by extension 'ignore'
[0.441s] Level 1:colcon.colcon_core.package_identification:_identify(movit_config) by extension 'ignore_ament_install'
[0.441s] Level 1:colcon.colcon_core.package_identification:_identify(movit_config) by extensions ['colcon_pkg']
[0.441s] Level 1:colcon.colcon_core.package_identification:_identify(movit_config) by extension 'colcon_pkg'
[0.441s] Level 1:colcon.colcon_core.package_identification:_identify(movit_config) by extensions ['colcon_meta']
[0.441s] Level 1:colcon.colcon_core.package_identification:_identify(movit_config) by extension 'colcon_meta'
[0.441s] Level 1:colcon.colcon_core.package_identification:_identify(movit_config) by extensions ['ros']
[0.441s] Level 1:colcon.colcon_core.package_identification:_identify(movit_config) by extension 'ros'
[0.442s] DEBUG:colcon.colcon_core.package_identification:Package 'movit_config' with type 'ros.ament_cmake' and name 'movit_config'
[0.442s] Level 1:colcon.colcon_core.package_identification:_identify(robotiq_2f_85_gripper_visualization) by extensions ['ignore', 'ignore_ament_install']
[0.442s] Level 1:colcon.colcon_core.package_identification:_identify(robotiq_2f_85_gripper_visualization) by extension 'ignore'
[0.442s] Level 1:colcon.colcon_core.package_identification:_identify(robotiq_2f_85_gripper_visualization) by extension 'ignore_ament_install'
[0.442s] Level 1:colcon.colcon_core.package_identification:_identify(robotiq_2f_85_gripper_visualization) by extensions ['colcon_pkg']
[0.442s] Level 1:colcon.colcon_core.package_identification:_identify(robotiq_2f_85_gripper_visualization) by extension 'colcon_pkg'
[0.442s] Level 1:colcon.colcon_core.package_identification:_identify(robotiq_2f_85_gripper_visualization) by extensions ['colcon_meta']
[0.442s] Level 1:colcon.colcon_core.package_identification:_identify(robotiq_2f_85_gripper_visualization) by extension 'colcon_meta'
[0.442s] Level 1:colcon.colcon_core.package_identification:_identify(robotiq_2f_85_gripper_visualization) by extensions ['ros']
[0.442s] Level 1:colcon.colcon_core.package_identification:_identify(robotiq_2f_85_gripper_visualization) by extension 'ros'
[0.443s] DEBUG:colcon.colcon_core.package_identification:Package 'robotiq_2f_85_gripper_visualization' with type 'ros.ament_cmake' and name 'robotiq_2f_85_gripper_visualization'
[0.443s] Level 1:colcon.colcon_core.package_identification:_identify(ur_description) by extensions ['ignore', 'ignore_ament_install']
[0.443s] Level 1:colcon.colcon_core.package_identification:_identify(ur_description) by extension 'ignore'
[0.443s] Level 1:colcon.colcon_core.package_identification:_identify(ur_description) by extension 'ignore_ament_install'
[0.444s] Level 1:colcon.colcon_core.package_identification:_identify(ur_description) by extensions ['colcon_pkg']
[0.444s] Level 1:colcon.colcon_core.package_identification:_identify(ur_description) by extension 'colcon_pkg'
[0.444s] Level 1:colcon.colcon_core.package_identification:_identify(ur_description) by extensions ['colcon_meta']
[0.444s] Level 1:colcon.colcon_core.package_identification:_identify(ur_description) by extension 'colcon_meta'
[0.444s] Level 1:colcon.colcon_core.package_identification:_identify(ur_description) by extensions ['ros']
[0.444s] Level 1:colcon.colcon_core.package_identification:_identify(ur_description) by extension 'ros'
[0.445s] DEBUG:colcon.colcon_core.package_identification:Package 'ur_description' with type 'ros.ament_cmake' and name 'ur_description'
[0.445s] Level 1:colcon.colcon_core.package_identification:_identify(ur_gazebo) by extensions ['ignore', 'ignore_ament_install']
[0.445s] Level 1:colcon.colcon_core.package_identification:_identify(ur_gazebo) by extension 'ignore'
[0.445s] Level 1:colcon.colcon_core.package_identification:_identify(ur_gazebo) by extension 'ignore_ament_install'
[0.445s] Level 1:colcon.colcon_core.package_identification:_identify(ur_gazebo) by extensions ['colcon_pkg']
[0.446s] Level 1:colcon.colcon_core.package_identification:_identify(ur_gazebo) by extension 'colcon_pkg'
[0.446s] Level 1:colcon.colcon_core.package_identification:_identify(ur_gazebo) by extensions ['colcon_meta']
[0.446s] Level 1:colcon.colcon_core.package_identification:_identify(ur_gazebo) by extension 'colcon_meta'
[0.446s] Level 1:colcon.colcon_core.package_identification:_identify(ur_gazebo) by extensions ['ros']
[0.446s] Level 1:colcon.colcon_core.package_identification:_identify(ur_gazebo) by extension 'ros'
[0.447s] DEBUG:colcon.colcon_core.package_identification:Package 'ur_gazebo' with type 'ros.ament_cmake' and name 'ur_gazebo'
[0.447s] Level 1:colcon.colcon_core.package_identification:_identify(ur_interfaces) by extensions ['ignore', 'ignore_ament_install']
[0.447s] Level 1:colcon.colcon_core.package_identification:_identify(ur_interfaces) by extension 'ignore'
[0.447s] Level 1:colcon.colcon_core.package_identification:_identify(ur_interfaces) by extension 'ignore_ament_install'
[0.447s] Level 1:colcon.colcon_core.package_identification:_identify(ur_interfaces) by extensions ['colcon_pkg']
[0.447s] Level 1:colcon.colcon_core.package_identification:_identify(ur_interfaces) by extension 'colcon_pkg'
[0.448s] Level 1:colcon.colcon_core.package_identification:_identify(ur_interfaces) by extensions ['colcon_meta']
[0.448s] Level 1:colcon.colcon_core.package_identification:_identify(ur_interfaces) by extension 'colcon_meta'
[0.448s] Level 1:colcon.colcon_core.package_identification:_identify(ur_interfaces) by extensions ['ros']
[0.448s] Level 1:colcon.colcon_core.package_identification:_identify(ur_interfaces) by extension 'ros'
[0.448s] DEBUG:colcon.colcon_core.package_identification:Package 'ur_interfaces' with type 'ros.ament_cmake' and name 'ur_interfaces'
[0.448s] Level 1:colcon.colcon_core.package_identification:_identify(ur_system_tests) by extensions ['ignore', 'ignore_ament_install']
[0.448s] Level 1:colcon.colcon_core.package_identification:_identify(ur_system_tests) by extension 'ignore'
[0.448s] Level 1:colcon.colcon_core.package_identification:_identify(ur_system_tests) by extension 'ignore_ament_install'
[0.449s] Level 1:colcon.colcon_core.package_identification:_identify(ur_system_tests) by extensions ['colcon_pkg']
[0.449s] Level 1:colcon.colcon_core.package_identification:_identify(ur_system_tests) by extension 'colcon_pkg'
[0.449s] Level 1:colcon.colcon_core.package_identification:_identify(ur_system_tests) by extensions ['colcon_meta']
[0.449s] Level 1:colcon.colcon_core.package_identification:_identify(ur_system_tests) by extension 'colcon_meta'
[0.449s] Level 1:colcon.colcon_core.package_identification:_identify(ur_system_tests) by extensions ['ros']
[0.449s] Level 1:colcon.colcon_core.package_identification:_identify(ur_system_tests) by extension 'ros'
[0.449s] DEBUG:colcon.colcon_core.package_identification:Package 'ur_system_tests' with type 'ros.ament_cmake' and name 'ur_system_tests'
[0.449s] Level 1:colcon.colcon_core.package_discovery:discover_packages(recursive) using defaults
[0.449s] Level 1:colcon.colcon_core.package_discovery:discover_packages(ignore) discover
[0.449s] Level 1:colcon.colcon_core.package_discovery:discover_packages(ignore) using defaults
[0.449s] Level 1:colcon.colcon_core.package_discovery:discover_packages(path) discover
[0.449s] Level 1:colcon.colcon_core.package_discovery:discover_packages(path) using defaults
[0.475s] Level 1:colcon.colcon_core.package_discovery:discover_packages(prefix_path) check parameters
[0.475s] Level 1:colcon.colcon_core.package_discovery:discover_packages(prefix_path) discover
[0.478s] DEBUG:colcon.colcon_installed_package_information.package_discovery:Found 7 installed packages in /home/darsh/UR3_ROS2_PICK_AND_PLACE/install
[0.480s] DEBUG:colcon.colcon_installed_package_information.package_discovery:Found 404 installed packages in /opt/ros/jazzy
[0.482s] Level 1:colcon.colcon_core.package_discovery:discover_packages(prefix_path) using defaults
[0.581s] Level 5:colcon.colcon_core.verb:set package 'robotiq_2f_85_gripper_visualization' build argument 'cmake_args' from command line to 'None'
[0.581s] Level 5:colcon.colcon_core.verb:set package 'robotiq_2f_85_gripper_visualization' build argument 'cmake_target' from command line to 'None'
[0.581s] Level 5:colcon.colcon_core.verb:set package 'robotiq_2f_85_gripper_visualization' build argument 'cmake_target_skip_unavailable' from command line to 'False'
[0.581s] Level 5:colcon.colcon_core.verb:set package 'robotiq_2f_85_gripper_visualization' build argument 'cmake_clean_cache' from command line to 'False'
[0.581s] Level 5:colcon.colcon_core.verb:set package 'robotiq_2f_85_gripper_visualization' build argument 'cmake_clean_first' from command line to 'False'
[0.581s] Level 5:colcon.colcon_core.verb:set package 'robotiq_2f_85_gripper_visualization' build argument 'cmake_force_configure' from command line to 'False'
[0.581s] Level 5:colcon.colcon_core.verb:set package 'robotiq_2f_85_gripper_visualization' build argument 'ament_cmake_args' from command line to 'None'
[0.581s] Level 5:colcon.colcon_core.verb:set package 'robotiq_2f_85_gripper_visualization' build argument 'catkin_cmake_args' from command line to 'None'
[0.581s] Level 5:colcon.colcon_core.verb:set package 'robotiq_2f_85_gripper_visualization' build argument 'catkin_skip_building_tests' from command line to 'False'
[0.581s] DEBUG:colcon.colcon_core.verb:Building package 'robotiq_2f_85_gripper_visualization' with the following arguments: {'ament_cmake_args': None, 'build_base': '/home/darsh/UR3_ROS2_PICK_AND_PLACE/build/robotiq_2f_85_gripper_visualization', 'catkin_cmake_args': None, 'catkin_skip_building_tests': False, 'cmake_args': None, 'cmake_clean_cache': False, 'cmake_clean_first': False, 'cmake_force_configure': False, 'cmake_target': None, 'cmake_target_skip_unavailable': False, 'install_base': '/home/darsh/UR3_ROS2_PICK_AND_PLACE/install/robotiq_2f_85_gripper_visualization', 'merge_install': False, 'path': '/home/darsh/UR3_ROS2_PICK_AND_PLACE/robotiq_2f_85_gripper_visualization', 'symlink_install': False, 'test_result_base': None}
[0.581s] Level 5:colcon.colcon_core.verb:set package 'ur_description' build argument 'cmake_args' from command line to 'None'
[0.581s] Level 5:colcon.colcon_core.verb:set package 'ur_description' build argument 'cmake_target' from command line to 'None'
[0.581s] Level 5:colcon.colcon_core.verb:set package 'ur_description' build argument 'cmake_target_skip_unavailable' from command line to 'False'
[0.581s] Level 5:colcon.colcon_core.verb:set package 'ur_description' build argument 'cmake_clean_cache' from command line to 'False'
[0.582s] Level 5:colcon.colcon_core.verb:set package 'ur_description' build argument 'cmake_clean_first' from command line to 'False'
[0.582s] Level 5:colcon.colcon_core.verb:set package 'ur_description' build argument 'cmake_force_configure' from command line to 'False'
[0.582s] Level 5:colcon.colcon_core.verb:set package 'ur_description' build argument 'ament_cmake_args' from command line to 'None'
[0.582s] Level 5:colcon.colcon_core.verb:set package 'ur_description' build argument 'catkin_cmake_args' from command line to 'None'
[0.582s] Level 5:colcon.colcon_core.verb:set package 'ur_description' build argument 'catkin_skip_building_tests' from command line to 'False'
[0.582s] DEBUG:colcon.colcon_core.verb:Building package 'ur_description' with the following arguments: {'ament_cmake_args': None, 'build_base': '/home/darsh/UR3_ROS2_PICK_AND_PLACE/build/ur_description', 'catkin_cmake_args': None, 'catkin_skip_building_tests': False, 'cmake_args': None, 'cmake_clean_cache': False, 'cmake_clean_first': False, 'cmake_force_configure': False, 'cmake_target': None, 'cmake_target_skip_unavailable': False, 'install_base': '/home/darsh/UR3_ROS2_PICK_AND_PLACE/install/ur_description', 'merge_install': False, 'path': '/home/darsh/UR3_ROS2_PICK_AND_PLACE/ur_description', 'symlink_install': False, 'test_result_base': None}
[0.582s] Level 5:colcon.colcon_core.verb:set package 'ur_gazebo' build argument 'cmake_args' from command line to 'None'
[0.582s] Level 5:colcon.colcon_core.verb:set package 'ur_gazebo' build argument 'cmake_target' from command line to 'None'
[0.582s] Level 5:colcon.colcon_core.verb:set package 'ur_gazebo' build argument 'cmake_target_skip_unavailable' from command line to 'False'
[0.582s] Level 5:colcon.colcon_core.verb:set package 'ur_gazebo' build argument 'cmake_clean_cache' from command line to 'False'
[0.582s] Level 5:colcon.colcon_core.verb:set package 'ur_gazebo' build argument 'cmake_clean_first' from command line to 'False'
[0.582s] Level 5:colcon.colcon_core.verb:set package 'ur_gazebo' build argument 'cmake_force_configure' from command line to 'False'
[0.582s] Level 5:colcon.colcon_core.verb:set package 'ur_gazebo' build argument 'ament_cmake_args' from command line to 'None'
[0.582s] Level 5:colcon.colcon_core.verb:set package 'ur_gazebo' build argument 'catkin_cmake_args' from command line to 'None'
[0.582s] Level 5:colcon.colcon_core.verb:set package 'ur_gazebo' build argument 'catkin_skip_building_tests' from command line to 'False'
[0.582s] DEBUG:colcon.colcon_core.verb:Building package 'ur_gazebo' with the following arguments: {'ament_cmake_args': None, 'build_base': '/home/darsh/UR3_ROS2_PICK_AND_PLACE/build/ur_gazebo', 'catkin_cmake_args': None, 'catkin_skip_building_tests': False, 'cmake_args': None, 'cmake_clean_cache': False, 'cmake_clean_first': False, 'cmake_force_configure': False, 'cmake_target': None, 'cmake_target_skip_unavailable': False, 'install_base': '/home/darsh/UR3_ROS2_PICK_AND_PLACE/install/ur_gazebo', 'merge_install': False, 'path': '/home/darsh/UR3_ROS2_PICK_AND_PLACE/ur_gazebo', 'symlink_install': False, 'test_result_base': None}
[0.583s] Level 5:colcon.colcon_core.verb:set package 'ur_interfaces' build argument 'cmake_args' from command line to 'None'
[0.583s] Level 5:colcon.colcon_core.verb:set package 'ur_interfaces' build argument 'cmake_target' from command line to 'None'
[0.583s] Level 5:colcon.colcon_core.verb:set package 'ur_interfaces' build argument 'cmake_target_skip_unavailable' from command line to 'False'
[0.583s] Level 5:colcon.colcon_core.verb:set package 'ur_interfaces' build argument 'cmake_clean_cache' from command line to 'False'
[0.583s] Level 5:colcon.colcon_core.verb:set package 'ur_interfaces' build argument 'cmake_clean_first' from command line to 'False'
[0.583s] Level 5:colcon.colcon_core.verb:set package 'ur_interfaces' build argument 'cmake_force_configure' from command line to 'False'
[0.583s] Level 5:colcon.colcon_core.verb:set package 'ur_interfaces' build argument 'ament_cmake_args' from command line to 'None'
[0.583s] Level 5:colcon.colcon_core.verb:set package 'ur_interfaces' build argument 'catkin_cmake_args' from command line to 'None'
[0.583s] Level 5:colcon.colcon_core.verb:set package 'ur_interfaces' build argument 'catkin_skip_building_tests' from command line to 'False'
[0.583s] DEBUG:colcon.colcon_core.verb:Building package 'ur_interfaces' with the following arguments: {'ament_cmake_args': None, 'build_base': '/home/darsh/UR3_ROS2_PICK_AND_PLACE/build/ur_interfaces', 'catkin_cmake_args': None, 'catkin_skip_building_tests': False, 'cmake_args': None, 'cmake_clean_cache': False, 'cmake_clean_first': False, 'cmake_force_configure': False, 'cmake_target': None, 'cmake_target_skip_unavailable': False, 'install_base': '/home/darsh/UR3_ROS2_PICK_AND_PLACE/install/ur_interfaces', 'merge_install': False, 'path': '/home/darsh/UR3_ROS2_PICK_AND_PLACE/ur_interfaces', 'symlink_install': False, 'test_result_base': None}
[0.583s] Level 5:colcon.colcon_core.verb:set package 'ur_system_tests' build argument 'cmake_args' from command line to 'None'
[0.583s] Level 5:colcon.colcon_core.verb:set package 'ur_system_tests' build argument 'cmake_target' from command line to 'None'
[0.583s] Level 5:colcon.colcon_core.verb:set package 'ur_system_tests' build argument 'cmake_target_skip_unavailable' from command line to 'False'
[0.583s] Level 5:colcon.colcon_core.verb:set package 'ur_system_tests' build argument 'cmake_clean_cache' from command line to 'False'
[0.583s] Level 5:colcon.colcon_core.verb:set package 'ur_system_tests' build argument 'cmake_clean_first' from command line to 'False'
[0.583s] Level 5:colcon.colcon_core.verb:set package 'ur_system_tests' build argument 'cmake_force_configure' from command line to 'False'
[0.583s] Level 5:colcon.colcon_core.verb:set package 'ur_system_tests' build argument 'ament_cmake_args' from command line to 'None'
[0.583s] Level 5:colcon.colcon_core.verb:set package 'ur_system_tests' build argument 'catkin_cmake_args' from command line to 'None'
[0.583s] Level 5:colcon.colcon_core.verb:set package 'ur_system_tests' build argument 'catkin_skip_building_tests' from command line to 'False'
[0.583s] DEBUG:colcon.colcon_core.verb:Building package 'ur_system_tests' with the following arguments: {'ament_cmake_args': None, 'build_base': '/home/darsh/UR3_ROS2_PICK_AND_PLACE/build/ur_system_tests', 'catkin_cmake_args': None, 'catkin_skip_building_tests': False, 'cmake_args': None, 'cmake_clean_cache': False, 'cmake_clean_first': False, 'cmake_force_configure': False, 'cmake_target': None, 'cmake_target_skip_unavailable': False, 'install_base': '/home/darsh/UR3_ROS2_PICK_AND_PLACE/install/ur_system_tests', 'merge_install': False, 'path': '/home/darsh/UR3_ROS2_PICK_AND_PLACE/ur_system_tests', 'symlink_install': False, 'test_result_base': None}
[0.584s] Level 5:colcon.colcon_core.verb:set package 'moveit_config' build argument 'cmake_args' from command line to 'None'
[0.584s] Level 5:colcon.colcon_core.verb:set package 'moveit_config' build argument 'cmake_target' from command line to 'None'
[0.584s] Level 5:colcon.colcon_core.verb:set package 'moveit_config' build argument 'cmake_target_skip_unavailable' from command line to 'False'
[0.584s] Level 5:colcon.colcon_core.verb:set package 'moveit_config' build argument 'cmake_clean_cache' from command line to 'False'
[0.584s] Level 5:colcon.colcon_core.verb:set package 'moveit_config' build argument 'cmake_clean_first' from command line to 'False'
[0.584s] Level 5:colcon.colcon_core.verb:set package 'moveit_config' build argument 'cmake_force_configure' from command line to 'False'
[0.584s] Level 5:colcon.colcon_core.verb:set package 'moveit_config' build argument 'ament_cmake_args' from command line to 'None'
[0.584s] Level 5:colcon.colcon_core.verb:set package 'moveit_config' build argument 'catkin_cmake_args' from command line to 'None'
[0.584s] Level 5:colcon.colcon_core.verb:set package 'moveit_config' build argument 'catkin_skip_building_tests' from command line to 'False'
[0.584s] DEBUG:colcon.colcon_core.verb:Building package 'moveit_config' with the following arguments: {'ament_cmake_args': None, 'build_base': '/home/darsh/UR3_ROS2_PICK_AND_PLACE/build/moveit_config', 'catkin_cmake_args': None, 'catkin_skip_building_tests': False, 'cmake_args': None, 'cmake_clean_cache': False, 'cmake_clean_first': False, 'cmake_force_configure': False, 'cmake_target': None, 'cmake_target_skip_unavailable': False, 'install_base': '/home/darsh/UR3_ROS2_PICK_AND_PLACE/install/moveit_config', 'merge_install': False, 'path': '/home/darsh/UR3_ROS2_PICK_AND_PLACE/moveit_config', 'symlink_install': False, 'test_result_base': None}
[0.584s] Level 5:colcon.colcon_core.verb:set package 'movit_config' build argument 'cmake_args' from command line to 'None'
[0.584s] Level 5:colcon.colcon_core.verb:set package 'movit_config' build argument 'cmake_target' from command line to 'None'
[0.584s] Level 5:colcon.colcon_core.verb:set package 'movit_config' build argument 'cmake_target_skip_unavailable' from command line to 'False'
[0.584s] Level 5:colcon.colcon_core.verb:set package 'movit_config' build argument 'cmake_clean_cache' from command line to 'False'
[0.584s] Level 5:colcon.colcon_core.verb:set package 'movit_config' build argument 'cmake_clean_first' from command line to 'False'
[0.584s] Level 5:colcon.colcon_core.verb:set package 'movit_config' build argument 'cmake_force_configure' from command line to 'False'
[0.584s] Level 5:colcon.colcon_core.verb:set package 'movit_config' build argument 'ament_cmake_args' from command line to 'None'
[0.584s] Level 5:colcon.colcon_core.verb:set package 'movit_config' build argument 'catkin_cmake_args' from command line to 'None'
[0.584s] Level 5:colcon.colcon_core.verb:set package 'movit_config' build argument 'catkin_skip_building_tests' from command line to 'False'
[0.585s] DEBUG:colcon.colcon_core.verb:Building package 'movit_config' with the following arguments: {'ament_cmake_args': None, 'build_base': '/home/darsh/UR3_ROS2_PICK_AND_PLACE/build/movit_config', 'catkin_cmake_args': None, 'catkin_skip_building_tests': False, 'cmake_args': None, 'cmake_clean_cache': False, 'cmake_clean_first': False, 'cmake_force_configure': False, 'cmake_target': None, 'cmake_target_skip_unavailable': False, 'install_base': '/home/darsh/UR3_ROS2_PICK_AND_PLACE/install/movit_config', 'merge_install': False, 'path': '/home/darsh/UR3_ROS2_PICK_AND_PLACE/movit_config', 'symlink_install': False, 'test_result_base': None}
[0.585s] INFO:colcon.colcon_core.executor:Executing jobs using 'parallel' executor
[0.586s] DEBUG:colcon.colcon_parallel_executor.executor.parallel:run_until_complete
[0.586s] INFO:colcon.colcon_ros.task.ament_cmake.build:Building ROS package in '/home/darsh/UR3_ROS2_PICK_AND_PLACE/ur_description' with build type 'ament_cmake'
[0.586s] INFO:colcon.colcon_cmake.task.cmake.build:Building CMake package in '/home/darsh/UR3_ROS2_PICK_AND_PLACE/ur_description'
[0.591s] INFO:colcon.colcon_core.plugin_system:Skipping extension 'colcon_core.shell.bat': Not used on non-Windows systems
[0.591s] INFO:colcon.colcon_core.shell:Skip shell extension 'powershell' for command environment: Not usable outside of PowerShell
[0.591s] DEBUG:colcon.colcon_core.shell:Skip shell extension 'dsv' for command environment
[0.595s] INFO:colcon.colcon_ros.task.ament_cmake.build:Building ROS package in '/home/darsh/UR3_ROS2_PICK_AND_PLACE/robotiq_2f_85_gripper_visualization' with build type 'ament_cmake'
[0.596s] INFO:colcon.colcon_cmake.task.cmake.build:Building CMake package in '/home/darsh/UR3_ROS2_PICK_AND_PLACE/robotiq_2f_85_gripper_visualization'
[0.596s] INFO:colcon.colcon_core.shell:Skip shell extension 'powershell' for command environment: Not usable outside of PowerShell
[0.596s] DEBUG:colcon.colcon_core.shell:Skip shell extension 'dsv' for command environment
[0.600s] INFO:colcon.colcon_ros.task.ament_cmake.build:Building ROS package in '/home/darsh/UR3_ROS2_PICK_AND_PLACE/ur_gazebo' with build type 'ament_cmake'
[0.600s] INFO:colcon.colcon_cmake.task.cmake.build:Building CMake package in '/home/darsh/UR3_ROS2_PICK_AND_PLACE/ur_gazebo'
[0.600s] INFO:colcon.colcon_core.shell:Skip shell extension 'powershell' for command environment: Not usable outside of PowerShell
[0.601s] DEBUG:colcon.colcon_core.shell:Skip shell extension 'dsv' for command environment
[0.605s] INFO:colcon.colcon_ros.task.ament_cmake.build:Building ROS package in '/home/darsh/UR3_ROS2_PICK_AND_PLACE/ur_interfaces' with build type 'ament_cmake'
[0.605s] INFO:colcon.colcon_cmake.task.cmake.build:Building CMake package in '/home/darsh/UR3_ROS2_PICK_AND_PLACE/ur_interfaces'
[0.605s] INFO:colcon.colcon_core.shell:Skip shell extension 'powershell' for command environment: Not usable outside of PowerShell
[0.605s] DEBUG:colcon.colcon_core.shell:Skip shell extension 'dsv' for command environment
[0.609s] INFO:colcon.colcon_ros.task.ament_cmake.build:Building ROS package in '/home/darsh/UR3_ROS2_PICK_AND_PLACE/ur_system_tests' with build type 'ament_cmake'
[0.610s] INFO:colcon.colcon_cmake.task.cmake.build:Building CMake package in '/home/darsh/UR3_ROS2_PICK_AND_PLACE/ur_system_tests'
[0.610s] INFO:colcon.colcon_core.shell:Skip shell extension 'powershell' for command environment: Not usable outside of PowerShell
[0.610s] DEBUG:colcon.colcon_core.shell:Skip shell extension 'dsv' for command environment
[0.624s] DEBUG:colcon.colcon_core.event_handler.log_command:Invoking command in '/home/darsh/UR3_ROS2_PICK_AND_PLACE/build/ur_description': CMAKE_PREFIX_PATH=${CMAKE_PREFIX_PATH}:/opt/ros/jazzy /usr/bin/cmake --build /home/darsh/UR3_ROS2_PICK_AND_PLACE/build/ur_description -- -j16 -l16
[0.627s] DEBUG:colcon.colcon_core.event_handler.log_command:Invoking command in '/home/darsh/UR3_ROS2_PICK_AND_PLACE/build/robotiq_2f_85_gripper_visualization': CMAKE_PREFIX_PATH=${CMAKE_PREFIX_PATH}:/opt/ros/jazzy /usr/bin/cmake --build /home/darsh/UR3_ROS2_PICK_AND_PLACE/build/robotiq_2f_85_gripper_visualization -- -j16 -l16
[0.631s] DEBUG:colcon.colcon_core.event_handler.log_command:Invoking command in '/home/darsh/UR3_ROS2_PICK_AND_PLACE/build/ur_gazebo': CMAKE_PREFIX_PATH=${CMAKE_PREFIX_PATH}:/opt/ros/jazzy /usr/bin/cmake --build /home/darsh/UR3_ROS2_PICK_AND_PLACE/build/ur_gazebo -- -j16 -l16
[0.639s] DEBUG:colcon.colcon_core.event_handler.log_command:Invoking command in '/home/darsh/UR3_ROS2_PICK_AND_PLACE/build/ur_interfaces': CMAKE_PREFIX_PATH=${CMAKE_PREFIX_PATH}:/opt/ros/jazzy /usr/bin/cmake --build /home/darsh/UR3_ROS2_PICK_AND_PLACE/build/ur_interfaces -- -j16 -l16
[0.644s] DEBUG:colcon.colcon_core.event_handler.log_command:Invoking command in '/home/darsh/UR3_ROS2_PICK_AND_PLACE/build/ur_system_tests': CMAKE_PREFIX_PATH=${CMAKE_PREFIX_PATH}:/opt/ros/jazzy /usr/bin/cmake --build /home/darsh/UR3_ROS2_PICK_AND_PLACE/build/ur_system_tests -- -j16 -l16
[0.726s] DEBUG:colcon.colcon_core.event_handler.log_command:Invoked command in '/home/darsh/UR3_ROS2_PICK_AND_PLACE/build/ur_description' returned '0': CMAKE_PREFIX_PATH=${CMAKE_PREFIX_PATH}:/opt/ros/jazzy /usr/bin/cmake --build /home/darsh/UR3_ROS2_PICK_AND_PLACE/build/ur_description -- -j16 -l16
[0.738s] DEBUG:colcon.colcon_core.event_handler.log_command:Invoking command in '/home/darsh/UR3_ROS2_PICK_AND_PLACE/build/ur_description': CMAKE_PREFIX_PATH=${CMAKE_PREFIX_PATH}:/opt/ros/jazzy /usr/bin/cmake --install /home/darsh/UR3_ROS2_PICK_AND_PLACE/build/ur_description
[0.741s] DEBUG:colcon.colcon_core.event_handler.log_command:Invoked command in '/home/darsh/UR3_ROS2_PICK_AND_PLACE/build/ur_interfaces' returned '0': CMAKE_PREFIX_PATH=${CMAKE_PREFIX_PATH}:/opt/ros/jazzy /usr/bin/cmake --build /home/darsh/UR3_ROS2_PICK_AND_PLACE/build/ur_interfaces -- -j16 -l16
[0.743s] DEBUG:colcon.colcon_core.event_handler.log_command:Invoking command in '/home/darsh/UR3_ROS2_PICK_AND_PLACE/build/ur_interfaces': CMAKE_PREFIX_PATH=${CMAKE_PREFIX_PATH}:/opt/ros/jazzy /usr/bin/cmake --install /home/darsh/UR3_ROS2_PICK_AND_PLACE/build/ur_interfaces
[0.746s] DEBUG:colcon.colcon_core.event_handler.log_command:Invoked command in '/home/darsh/UR3_ROS2_PICK_AND_PLACE/build/robotiq_2f_85_gripper_visualization' returned '0': CMAKE_PREFIX_PATH=${CMAKE_PREFIX_PATH}:/opt/ros/jazzy /usr/bin/cmake --build /home/darsh/UR3_ROS2_PICK_AND_PLACE/build/robotiq_2f_85_gripper_visualization -- -j16 -l16
[0.746s] DEBUG:colcon.colcon_core.event_handler.log_command:Invoking command in '/home/darsh/UR3_ROS2_PICK_AND_PLACE/build/robotiq_2f_85_gripper_visualization': CMAKE_PREFIX_PATH=${CMAKE_PREFIX_PATH}:/opt/ros/jazzy /usr/bin/cmake --install /home/darsh/UR3_ROS2_PICK_AND_PLACE/build/robotiq_2f_85_gripper_visualization
[0.747s] DEBUG:colcon.colcon_core.event_handler.log_command:Invoked command in '/home/darsh/UR3_ROS2_PICK_AND_PLACE/build/ur_gazebo' returned '0': CMAKE_PREFIX_PATH=${CMAKE_PREFIX_PATH}:/opt/ros/jazzy /usr/bin/cmake --build /home/darsh/UR3_ROS2_PICK_AND_PLACE/build/ur_gazebo -- -j16 -l16
[0.748s] DEBUG:colcon.colcon_core.event_handler.log_command:Invoking command in '/home/darsh/UR3_ROS2_PICK_AND_PLACE/build/ur_gazebo': CMAKE_PREFIX_PATH=${CMAKE_PREFIX_PATH}:/opt/ros/jazzy /usr/bin/cmake --install /home/darsh/UR3_ROS2_PICK_AND_PLACE/build/ur_gazebo
[0.768s] Level 1:colcon.colcon_core.environment:create_environment_scripts_only(ur_interfaces)
[0.823s] Level 1:colcon.colcon_core.environment:checking '/home/darsh/UR3_ROS2_PICK_AND_PLACE/install/ur_interfaces' for CMake module files
[0.826s] Level 1:colcon.colcon_core.environment:checking '/home/darsh/UR3_ROS2_PICK_AND_PLACE/install/ur_interfaces' for CMake config files
[0.832s] Level 1:colcon.colcon_core.shell:create_environment_hook('ur_interfaces', 'cmake_prefix_path')
[0.832s] INFO:colcon.colcon_core.shell:Creating environment hook '/home/darsh/UR3_ROS2_PICK_AND_PLACE/install/ur_interfaces/share/ur_interfaces/hook/cmake_prefix_path.ps1'
[0.834s] INFO:colcon.colcon_core.shell:Creating environment descriptor '/home/darsh/UR3_ROS2_PICK_AND_PLACE/install/ur_interfaces/share/ur_interfaces/hook/cmake_prefix_path.dsv'
[0.842s] INFO:colcon.colcon_core.shell:Creating environment hook '/home/darsh/UR3_ROS2_PICK_AND_PLACE/install/ur_interfaces/share/ur_interfaces/hook/cmake_prefix_path.sh'
[0.844s] Level 1:colcon.colcon_core.environment:checking '/home/darsh/UR3_ROS2_PICK_AND_PLACE/install/ur_interfaces/bin'
[0.846s] Level 1:colcon.colcon_core.environment:checking '/home/darsh/UR3_ROS2_PICK_AND_PLACE/install/ur_interfaces/lib/pkgconfig/ur_interfaces.pc'
[0.848s] Level 1:colcon.colcon_core.environment:checking '/home/darsh/UR3_ROS2_PICK_AND_PLACE/install/ur_interfaces/lib/python3.12/site-packages'
[0.849s] Level 1:colcon.colcon_core.environment:checking '/home/darsh/UR3_ROS2_PICK_AND_PLACE/install/ur_interfaces/bin'
[0.849s] INFO:colcon.colcon_core.shell:Creating package script '/home/darsh/UR3_ROS2_PICK_AND_PLACE/install/ur_interfaces/share/ur_interfaces/package.ps1'
[0.853s] INFO:colcon.colcon_core.shell:Creating package descriptor '/home/darsh/UR3_ROS2_PICK_AND_PLACE/install/ur_interfaces/share/ur_interfaces/package.dsv'
[0.860s] INFO:colcon.colcon_core.shell:Creating package script '/home/darsh/UR3_ROS2_PICK_AND_PLACE/install/ur_interfaces/share/ur_interfaces/package.sh'
[0.863s] INFO:colcon.colcon_core.shell:Creating package script '/home/darsh/UR3_ROS2_PICK_AND_PLACE/install/ur_interfaces/share/ur_interfaces/package.bash'
[0.865s] INFO:colcon.colcon_core.shell:Creating package script '/home/darsh/UR3_ROS2_PICK_AND_PLACE/install/ur_interfaces/share/ur_interfaces/package.zsh'
[0.868s] Level 1:colcon.colcon_core.environment:create_file_with_runtime_dependencies(/home/darsh/UR3_ROS2_PICK_AND_PLACE/install/ur_interfaces/share/colcon-core/packages/ur_interfaces)
[0.871s] Level 1:colcon.colcon_core.environment:create_environment_scripts_only(ur_interfaces)
[0.871s] Level 1:colcon.colcon_core.environment:checking '/home/darsh/UR3_ROS2_PICK_AND_PLACE/install/ur_interfaces' for CMake module files
[0.873s] Level 1:colcon.colcon_core.environment:checking '/home/darsh/UR3_ROS2_PICK_AND_PLACE/install/ur_interfaces' for CMake config files
[0.876s] Level 1:colcon.colcon_core.shell:create_environment_hook('ur_interfaces', 'cmake_prefix_path')
[0.876s] INFO:colcon.colcon_core.shell:Creating environment hook '/home/darsh/UR3_ROS2_PICK_AND_PLACE/install/ur_interfaces/share/ur_interfaces/hook/cmake_prefix_path.ps1'
[0.878s] INFO:colcon.colcon_core.shell:Creating environment descriptor '/home/darsh/UR3_ROS2_PICK_AND_PLACE/install/ur_interfaces/share/ur_interfaces/hook/cmake_prefix_path.dsv'
[0.881s] INFO:colcon.colcon_core.shell:Creating environment hook '/home/darsh/UR3_ROS2_PICK_AND_PLACE/install/ur_interfaces/share/ur_interfaces/hook/cmake_prefix_path.sh'
[0.882s] Level 1:colcon.colcon_core.environment:checking '/home/darsh/UR3_ROS2_PICK_AND_PLACE/install/ur_interfaces/bin'
[0.882s] Level 1:colcon.colcon_core.environment:checking '/home/darsh/UR3_ROS2_PICK_AND_PLACE/install/ur_interfaces/lib/pkgconfig/ur_interfaces.pc'
[0.882s] Level 1:colcon.colcon_core.environment:checking '/home/darsh/UR3_ROS2_PICK_AND_PLACE/install/ur_interfaces/lib/python3.12/site-packages'
[0.883s] Level 1:colcon.colcon_core.environment:checking '/home/darsh/UR3_ROS2_PICK_AND_PLACE/install/ur_interfaces/bin'
[0.883s] INFO:colcon.colcon_core.shell:Creating package script '/home/darsh/UR3_ROS2_PICK_AND_PLACE/install/ur_interfaces/share/ur_interfaces/package.ps1'
[0.884s] DEBUG:colcon.colcon_core.event_handler.log_command:Invoked command in '/home/darsh/UR3_ROS2_PICK_AND_PLACE/build/ur_interfaces' returned '0': CMAKE_PREFIX_PATH=${CMAKE_PREFIX_PATH}:/opt/ros/jazzy /usr/bin/cmake --install /home/darsh/UR3_ROS2_PICK_AND_PLACE/build/ur_interfaces
[0.885s] INFO:colcon.colcon_core.shell:Creating package descriptor '/home/darsh/UR3_ROS2_PICK_AND_PLACE/install/ur_interfaces/share/ur_interfaces/package.dsv'
[0.886s] INFO:colcon.colcon_core.shell:Creating package script '/home/darsh/UR3_ROS2_PICK_AND_PLACE/install/ur_interfaces/share/ur_interfaces/package.sh'
[0.888s] INFO:colcon.colcon_core.shell:Creating package script '/home/darsh/UR3_ROS2_PICK_AND_PLACE/install/ur_interfaces/share/ur_interfaces/package.bash'
[0.892s] INFO:colcon.colcon_core.shell:Creating package script '/home/darsh/UR3_ROS2_PICK_AND_PLACE/install/ur_interfaces/share/ur_interfaces/package.zsh'
[0.894s] Level 1:colcon.colcon_core.environment:create_file_with_runtime_dependencies(/home/darsh/UR3_ROS2_PICK_AND_PLACE/install/ur_interfaces/share/colcon-core/packages/ur_interfaces)
[0.898s] Level 1:colcon.colcon_core.environment:create_environment_scripts_only(robotiq_2f_85_gripper_visualization)
[0.898s] Level 1:colcon.colcon_core.environment:checking '/home/darsh/UR3_ROS2_PICK_AND_PLACE/install/robotiq_2f_85_gripper_visualization' for CMake module files
[0.902s] Level 1:colcon.colcon_core.environment:checking '/home/darsh/UR3_ROS2_PICK_AND_PLACE/install/robotiq_2f_85_gripper_visualization' for CMake config files
[0.914s] Level 1:colcon.colcon_core.shell:create_environment_hook('robotiq_2f_85_gripper_visualization', 'cmake_prefix_path')
[0.915s] INFO:colcon.colcon_core.shell:Creating environment hook '/home/darsh/UR3_ROS2_PICK_AND_PLACE/install/robotiq_2f_85_gripper_visualization/share/robotiq_2f_85_gripper_visualization/hook/cmake_prefix_path.ps1'
[0.918s] INFO:colcon.colcon_core.shell:Creating environment descriptor '/home/darsh/UR3_ROS2_PICK_AND_PLACE/install/robotiq_2f_85_gripper_visualization/share/robotiq_2f_85_gripper_visualization/hook/cmake_prefix_path.dsv'
[0.927s] INFO:colcon.colcon_core.shell:Creating environment hook '/home/darsh/UR3_ROS2_PICK_AND_PLACE/install/robotiq_2f_85_gripper_visualization/share/robotiq_2f_85_gripper_visualization/hook/cmake_prefix_path.sh'
[0.938s] Level 1:colcon.colcon_core.environment:checking '/home/darsh/UR3_ROS2_PICK_AND_PLACE/install/robotiq_2f_85_gripper_visualization/bin'
[0.938s] Level 1:colcon.colcon_core.environment:checking '/home/darsh/UR3_ROS2_PICK_AND_PLACE/install/robotiq_2f_85_gripper_visualization/lib/pkgconfig/robotiq_2f_85_gripper_visualization.pc'
[0.939s] Level 1:colcon.colcon_core.environment:checking '/home/darsh/UR3_ROS2_PICK_AND_PLACE/install/robotiq_2f_85_gripper_visualization/lib/python3.12/site-packages'
[0.939s] Level 1:colcon.colcon_core.environment:checking '/home/darsh/UR3_ROS2_PICK_AND_PLACE/install/robotiq_2f_85_gripper_visualization/bin'
[0.940s] INFO:colcon.colcon_core.shell:Creating package script '/home/darsh/UR3_ROS2_PICK_AND_PLACE/install/robotiq_2f_85_gripper_visualization/share/robotiq_2f_85_gripper_visualization/package.ps1'
[0.945s] INFO:colcon.colcon_core.shell:Creating package descriptor '/home/darsh/UR3_ROS2_PICK_AND_PLACE/install/robotiq_2f_85_gripper_visualization/share/robotiq_2f_85_gripper_visualization/package.dsv'
[0.953s] INFO:colcon.colcon_core.shell:Creating package script '/home/darsh/UR3_ROS2_PICK_AND_PLACE/install/robotiq_2f_85_gripper_visualization/share/robotiq_2f_85_gripper_visualization/package.sh'
[0.960s] INFO:colcon.colcon_core.shell:Creating package script '/home/darsh/UR3_ROS2_PICK_AND_PLACE/install/robotiq_2f_85_gripper_visualization/share/robotiq_2f_85_gripper_visualization/package.bash'
[0.962s] INFO:colcon.colcon_core.shell:Creating package script '/home/darsh/UR3_ROS2_PICK_AND_PLACE/install/robotiq_2f_85_gripper_visualization/share/robotiq_2f_85_gripper_visualization/package.zsh'
[0.970s] Level 1:colcon.colcon_core.environment:create_file_with_runtime_dependencies(/home/darsh/UR3_ROS2_PICK_AND_PLACE/install/robotiq_2f_85_gripper_visualization/share/colcon-core/packages/robotiq_2f_85_gripper_visualization)
[0.976s] Level 1:colcon.colcon_core.environment:create_environment_scripts_only(robotiq_2f_85_gripper_visualization)
[0.976s] Level 1:colcon.colcon_core.environment:checking '/home/darsh/UR3_ROS2_PICK_AND_PLACE/install/robotiq_2f_85_gripper_visualization' for CMake module files
[0.984s] Level 1:colcon.colcon_core.environment:checking '/home/darsh/UR3_ROS2_PICK_AND_PLACE/install/robotiq_2f_85_gripper_visualization' for CMake config files
[0.991s] Level 1:colcon.colcon_core.shell:create_environment_hook('robotiq_2f_85_gripper_visualization', 'cmake_prefix_path')
[0.991s] INFO:colcon.colcon_core.shell:Creating environment hook '/home/darsh/UR3_ROS2_PICK_AND_PLACE/install/robotiq_2f_85_gripper_visualization/share/robotiq_2f_85_gripper_visualization/hook/cmake_prefix_path.ps1'
[0.992s] INFO:colcon.colcon_core.shell:Creating environment descriptor '/home/darsh/UR3_ROS2_PICK_AND_PLACE/install/robotiq_2f_85_gripper_visualization/share/robotiq_2f_85_gripper_visualization/hook/cmake_prefix_path.dsv'
[0.994s] INFO:colcon.colcon_core.shell:Creating environment hook '/home/darsh/UR3_ROS2_PICK_AND_PLACE/install/robotiq_2f_85_gripper_visualization/share/robotiq_2f_85_gripper_visualization/hook/cmake_prefix_path.sh'
[0.996s] Level 1:colcon.colcon_core.environment:checking '/home/darsh/UR3_ROS2_PICK_AND_PLACE/install/robotiq_2f_85_gripper_visualization/bin'
[0.996s] Level 1:colcon.colcon_core.environment:checking '/home/darsh/UR3_ROS2_PICK_AND_PLACE/install/robotiq_2f_85_gripper_visualization/lib/pkgconfig/robotiq_2f_85_gripper_visualization.pc'
[0.996s] Level 1:colcon.colcon_core.environment:checking '/home/darsh/UR3_ROS2_PICK_AND_PLACE/install/robotiq_2f_85_gripper_visualization/lib/python3.12/site-packages'
[0.997s] Level 1:colcon.colcon_core.environment:checking '/home/darsh/UR3_ROS2_PICK_AND_PLACE/install/robotiq_2f_85_gripper_visualization/bin'
[0.997s] INFO:colcon.colcon_core.shell:Creating package script '/home/darsh/UR3_ROS2_PICK_AND_PLACE/install/robotiq_2f_85_gripper_visualization/share/robotiq_2f_85_gripper_visualization/package.ps1'
[0.999s] INFO:colcon.colcon_core.shell:Creating package descriptor '/home/darsh/UR3_ROS2_PICK_AND_PLACE/install/robotiq_2f_85_gripper_visualization/share/robotiq_2f_85_gripper_visualization/package.dsv'
[1.000s] INFO:colcon.colcon_core.shell:Creating package script '/home/darsh/UR3_ROS2_PICK_AND_PLACE/install/robotiq_2f_85_gripper_visualization/share/robotiq_2f_85_gripper_visualization/package.sh'
[1.001s] INFO:colcon.colcon_core.shell:Creating package script '/home/darsh/UR3_ROS2_PICK_AND_PLACE/install/robotiq_2f_85_gripper_visualization/share/robotiq_2f_85_gripper_visualization/package.bash'
[1.003s] INFO:colcon.colcon_core.shell:Creating package script '/home/darsh/UR3_ROS2_PICK_AND_PLACE/install/robotiq_2f_85_gripper_visualization/share/robotiq_2f_85_gripper_visualization/package.zsh'
[1.007s] Level 1:colcon.colcon_core.environment:create_file_with_runtime_dependencies(/home/darsh/UR3_ROS2_PICK_AND_PLACE/install/robotiq_2f_85_gripper_visualization/share/colcon-core/packages/robotiq_2f_85_gripper_visualization)
[1.014s] Level 1:colcon.colcon_core.environment:create_environment_scripts_only(ur_description)
[1.015s] Level 1:colcon.colcon_core.environment:checking '/home/darsh/UR3_ROS2_PICK_AND_PLACE/install/ur_description' for CMake module files
[1.023s] Level 1:colcon.colcon_core.environment:checking '/home/darsh/UR3_ROS2_PICK_AND_PLACE/install/ur_description' for CMake config files
[1.063s] Level 1:colcon.colcon_core.shell:create_environment_hook('ur_description', 'cmake_prefix_path')
[1.063s] INFO:colcon.colcon_core.shell:Creating environment hook '/home/darsh/UR3_ROS2_PICK_AND_PLACE/install/ur_description/share/ur_description/hook/cmake_prefix_path.ps1'
[1.066s] INFO:colcon.colcon_core.shell:Creating environment descriptor '/home/darsh/UR3_ROS2_PICK_AND_PLACE/install/ur_description/share/ur_description/hook/cmake_prefix_path.dsv'
[1.073s] INFO:colcon.colcon_core.shell:Creating environment hook '/home/darsh/UR3_ROS2_PICK_AND_PLACE/install/ur_description/share/ur_description/hook/cmake_prefix_path.sh'
[1.075s] Level 1:colcon.colcon_core.environment:checking '/home/darsh/UR3_ROS2_PICK_AND_PLACE/install/ur_description/bin'
[1.075s] Level 1:colcon.colcon_core.environment:checking '/home/darsh/UR3_ROS2_PICK_AND_PLACE/install/ur_description/lib/pkgconfig/ur_description.pc'
[1.075s] Level 1:colcon.colcon_core.environment:checking '/home/darsh/UR3_ROS2_PICK_AND_PLACE/install/ur_description/lib/python3.12/site-packages'
[1.075s] Level 1:colcon.colcon_core.environment:checking '/home/darsh/UR3_ROS2_PICK_AND_PLACE/install/ur_description/bin'
[1.076s] INFO:colcon.colcon_core.shell:Creating package script '/home/darsh/UR3_ROS2_PICK_AND_PLACE/install/ur_description/share/ur_description/package.ps1'
[1.078s] INFO:colcon.colcon_core.shell:Creating package descriptor '/home/darsh/UR3_ROS2_PICK_AND_PLACE/install/ur_description/share/ur_description/package.dsv'
[1.081s] INFO:colcon.colcon_core.shell:Creating package script '/home/darsh/UR3_ROS2_PICK_AND_PLACE/install/ur_description/share/ur_description/package.sh'
[1.082s] INFO:colcon.colcon_core.shell:Creating package script '/home/darsh/UR3_ROS2_PICK_AND_PLACE/install/ur_description/share/ur_description/package.bash'
[1.082s] INFO:colcon.colcon_core.shell:Creating package script '/home/darsh/UR3_ROS2_PICK_AND_PLACE/install/ur_description/share/ur_description/package.zsh'
[1.085s] Level 1:colcon.colcon_core.environment:create_file_with_runtime_dependencies(/home/darsh/UR3_ROS2_PICK_AND_PLACE/install/ur_description/share/colcon-core/packages/ur_description)
[1.088s] Level 1:colcon.colcon_core.environment:create_environment_scripts_only(ur_description)
[1.088s] Level 1:colcon.colcon_core.environment:checking '/home/darsh/UR3_ROS2_PICK_AND_PLACE/install/ur_description' for CMake module files
[1.093s] Level 1:colcon.colcon_core.environment:checking '/home/darsh/UR3_ROS2_PICK_AND_PLACE/install/ur_description' for CMake config files
[1.108s] Level 1:colcon.colcon_core.shell:create_environment_hook('ur_description', 'cmake_prefix_path')
[1.109s] INFO:colcon.colcon_core.shell:Creating environment hook '/home/darsh/UR3_ROS2_PICK_AND_PLACE/install/ur_description/share/ur_description/hook/cmake_prefix_path.ps1'
[1.111s] INFO:colcon.colcon_core.shell:Creating environment descriptor '/home/darsh/UR3_ROS2_PICK_AND_PLACE/install/ur_description/share/ur_description/hook/cmake_prefix_path.dsv'
[1.112s] INFO:colcon.colcon_core.shell:Creating environment hook '/home/darsh/UR3_ROS2_PICK_AND_PLACE/install/ur_description/share/ur_description/hook/cmake_prefix_path.sh'
[1.114s] Level 1:colcon.colcon_core.environment:checking '/home/darsh/UR3_ROS2_PICK_AND_PLACE/install/ur_description/bin'
[1.114s] Level 1:colcon.colcon_core.environment:checking '/home/darsh/UR3_ROS2_PICK_AND_PLACE/install/ur_description/lib/pkgconfig/ur_description.pc'
[1.115s] Level 1:colcon.colcon_core.environment:checking '/home/darsh/UR3_ROS2_PICK_AND_PLACE/install/ur_description/lib/python3.12/site-packages'
[1.115s] Level 1:colcon.colcon_core.environment:checking '/home/darsh/UR3_ROS2_PICK_AND_PLACE/install/ur_description/bin'
[1.115s] INFO:colcon.colcon_core.shell:Creating package script '/home/darsh/UR3_ROS2_PICK_AND_PLACE/install/ur_description/share/ur_description/package.ps1'
[1.119s] INFO:colcon.colcon_core.shell:Creating package descriptor '/home/darsh/UR3_ROS2_PICK_AND_PLACE/install/ur_description/share/ur_description/package.dsv'
[1.123s] INFO:colcon.colcon_core.shell:Creating package script '/home/darsh/UR3_ROS2_PICK_AND_PLACE/install/ur_description/share/ur_description/package.sh'
[1.123s] INFO:colcon.colcon_core.shell:Creating package script '/home/darsh/UR3_ROS2_PICK_AND_PLACE/install/ur_description/share/ur_description/package.bash'
[1.124s] INFO:colcon.colcon_core.shell:Creating package script '/home/darsh/UR3_ROS2_PICK_AND_PLACE/install/ur_description/share/ur_description/package.zsh'
[1.125s] Level 1:colcon.colcon_core.environment:create_file_with_runtime_dependencies(/home/darsh/UR3_ROS2_PICK_AND_PLACE/install/ur_description/share/colcon-core/packages/ur_description)
[1.127s] INFO:colcon.colcon_ros.task.ament_cmake.build:Building ROS package in '/home/darsh/UR3_ROS2_PICK_AND_PLACE/moveit_config' with build type 'ament_cmake'
[1.127s] INFO:colcon.colcon_cmake.task.cmake.build:Building CMake package in '/home/darsh/UR3_ROS2_PICK_AND_PLACE/moveit_config'
[1.127s] INFO:colcon.colcon_core.shell:Skip shell extension 'powershell' for command environment: Not usable outside of PowerShell
[1.128s] DEBUG:colcon.colcon_core.shell:Skip shell extension 'dsv' for command environment
[1.171s] DEBUG:colcon.colcon_core.event_handler.log_command:Invoked command in '/home/darsh/UR3_ROS2_PICK_AND_PLACE/build/robotiq_2f_85_gripper_visualization' returned '0': CMAKE_PREFIX_PATH=${CMAKE_PREFIX_PATH}:/opt/ros/jazzy /usr/bin/cmake --install /home/darsh/UR3_ROS2_PICK_AND_PLACE/build/robotiq_2f_85_gripper_visualization
[1.173s] DEBUG:colcon.colcon_core.event_handler.log_command:Invoked command in '/home/darsh/UR3_ROS2_PICK_AND_PLACE/build/ur_description' returned '0': CMAKE_PREFIX_PATH=${CMAKE_PREFIX_PATH}:/opt/ros/jazzy /usr/bin/cmake --install /home/darsh/UR3_ROS2_PICK_AND_PLACE/build/ur_description
[1.173s] INFO:colcon.colcon_ros.task.ament_cmake.build:Building ROS package in '/home/darsh/UR3_ROS2_PICK_AND_PLACE/movit_config' with build type 'ament_cmake'
[1.173s] INFO:colcon.colcon_cmake.task.cmake.build:Building CMake package in '/home/darsh/UR3_ROS2_PICK_AND_PLACE/movit_config'
[1.173s] INFO:colcon.colcon_core.shell:Skip shell extension 'powershell' for command environment: Not usable outside of PowerShell
[1.174s] DEBUG:colcon.colcon_core.shell:Skip shell extension 'dsv' for command environment
[1.178s] Level 1:colcon.colcon_core.environment:create_environment_scripts_only(ur_gazebo)
[1.178s] Level 1:colcon.colcon_core.environment:checking '/home/darsh/UR3_ROS2_PICK_AND_PLACE/install/ur_gazebo' for CMake module files
[1.179s] DEBUG:colcon.colcon_core.event_handler.log_command:Invoked command in '/home/darsh/UR3_ROS2_PICK_AND_PLACE/build/ur_gazebo' returned '0': CMAKE_PREFIX_PATH=${CMAKE_PREFIX_PATH}:/opt/ros/jazzy /usr/bin/cmake --install /home/darsh/UR3_ROS2_PICK_AND_PLACE/build/ur_gazebo
[1.179s] Level 1:colcon.colcon_core.environment:checking '/home/darsh/UR3_ROS2_PICK_AND_PLACE/install/ur_gazebo' for CMake config files
[1.180s] Level 1:colcon.colcon_core.shell:create_environment_hook('ur_gazebo', 'cmake_prefix_path')
[1.180s] INFO:colcon.colcon_core.shell:Creating environment hook '/home/darsh/UR3_ROS2_PICK_AND_PLACE/install/ur_gazebo/share/ur_gazebo/hook/cmake_prefix_path.ps1'
[1.180s] INFO:colcon.colcon_core.shell:Creating environment descriptor '/home/darsh/UR3_ROS2_PICK_AND_PLACE/install/ur_gazebo/share/ur_gazebo/hook/cmake_prefix_path.dsv'
[1.181s] INFO:colcon.colcon_core.shell:Creating environment hook '/home/darsh/UR3_ROS2_PICK_AND_PLACE/install/ur_gazebo/share/ur_gazebo/hook/cmake_prefix_path.sh'
[1.182s] Level 1:colcon.colcon_core.environment:checking '/home/darsh/UR3_ROS2_PICK_AND_PLACE/install/ur_gazebo/bin'
[1.182s] Level 1:colcon.colcon_core.environment:checking '/home/darsh/UR3_ROS2_PICK_AND_PLACE/install/ur_gazebo/lib/pkgconfig/ur_gazebo.pc'
[1.182s] Level 1:colcon.colcon_core.environment:checking '/home/darsh/UR3_ROS2_PICK_AND_PLACE/install/ur_gazebo/lib/python3.12/site-packages'
[1.182s] Level 1:colcon.colcon_core.environment:checking '/home/darsh/UR3_ROS2_PICK_AND_PLACE/install/ur_gazebo/bin'
[1.182s] INFO:colcon.colcon_core.shell:Creating package script '/home/darsh/UR3_ROS2_PICK_AND_PLACE/install/ur_gazebo/share/ur_gazebo/package.ps1'
[1.183s] INFO:colcon.colcon_core.shell:Creating package descriptor '/home/darsh/UR3_ROS2_PICK_AND_PLACE/install/ur_gazebo/share/ur_gazebo/package.dsv'
[1.184s] INFO:colcon.colcon_core.shell:Creating package script '/home/darsh/UR3_ROS2_PICK_AND_PLACE/install/ur_gazebo/share/ur_gazebo/package.sh'
[1.184s] INFO:colcon.colcon_core.shell:Creating package script '/home/darsh/UR3_ROS2_PICK_AND_PLACE/install/ur_gazebo/share/ur_gazebo/package.bash'
[1.185s] INFO:colcon.colcon_core.shell:Creating package script '/home/darsh/UR3_ROS2_PICK_AND_PLACE/install/ur_gazebo/share/ur_gazebo/package.zsh'
[1.185s] Level 1:colcon.colcon_core.environment:create_file_with_runtime_dependencies(/home/darsh/UR3_ROS2_PICK_AND_PLACE/install/ur_gazebo/share/colcon-core/packages/ur_gazebo)
[1.186s] Level 1:colcon.colcon_core.environment:create_environment_scripts_only(ur_gazebo)
[1.186s] Level 1:colcon.colcon_core.environment:checking '/home/darsh/UR3_ROS2_PICK_AND_PLACE/install/ur_gazebo' for CMake module files
[1.187s] Level 1:colcon.colcon_core.environment:checking '/home/darsh/UR3_ROS2_PICK_AND_PLACE/install/ur_gazebo' for CMake config files
[1.187s] Level 1:colcon.colcon_core.shell:create_environment_hook('ur_gazebo', 'cmake_prefix_path')
[1.188s] INFO:colcon.colcon_core.shell:Creating environment hook '/home/darsh/UR3_ROS2_PICK_AND_PLACE/install/ur_gazebo/share/ur_gazebo/hook/cmake_prefix_path.ps1'
[1.188s] INFO:colcon.colcon_core.shell:Creating environment descriptor '/home/darsh/UR3_ROS2_PICK_AND_PLACE/install/ur_gazebo/share/ur_gazebo/hook/cmake_prefix_path.dsv'
[1.188s] INFO:colcon.colcon_core.shell:Creating environment hook '/home/darsh/UR3_ROS2_PICK_AND_PLACE/install/ur_gazebo/share/ur_gazebo/hook/cmake_prefix_path.sh'
[1.189s] Level 1:colcon.colcon_core.environment:checking '/home/darsh/UR3_ROS2_PICK_AND_PLACE/install/ur_gazebo/bin'
[1.189s] Level 1:colcon.colcon_core.environment:checking '/home/darsh/UR3_ROS2_PICK_AND_PLACE/install/ur_gazebo/lib/pkgconfig/ur_gazebo.pc'
[1.190s] Level 1:colcon.colcon_core.environment:checking '/home/darsh/UR3_ROS2_PICK_AND_PLACE/install/ur_gazebo/lib/python3.12/site-packages'
[1.190s] Level 1:colcon.colcon_core.environment:checking '/home/darsh/UR3_ROS2_PICK_AND_PLACE/install/ur_gazebo/bin'
[1.190s] INFO:colcon.colcon_core.shell:Creating package script '/home/darsh/UR3_ROS2_PICK_AND_PLACE/install/ur_gazebo/share/ur_gazebo/package.ps1'
[1.191s] INFO:colcon.colcon_core.shell:Creating package descriptor '/home/darsh/UR3_ROS2_PICK_AND_PLACE/install/ur_gazebo/share/ur_gazebo/package.dsv'
[1.192s] INFO:colcon.colcon_core.shell:Creating package script '/home/darsh/UR3_ROS2_PICK_AND_PLACE/install/ur_gazebo/share/ur_gazebo/package.sh'
[1.192s] INFO:colcon.colcon_core.shell:Creating package script '/home/darsh/UR3_ROS2_PICK_AND_PLACE/install/ur_gazebo/share/ur_gazebo/package.bash'
[1.193s] INFO:colcon.colcon_core.shell:Creating package script '/home/darsh/UR3_ROS2_PICK_AND_PLACE/install/ur_gazebo/share/ur_gazebo/package.zsh'
[1.194s] Level 1:colcon.colcon_core.environment:create_file_with_runtime_dependencies(/home/darsh/UR3_ROS2_PICK_AND_PLACE/install/ur_gazebo/share/colcon-core/packages/ur_gazebo)
[1.199s] DEBUG:colcon.colcon_core.event_handler.log_command:Invoked command in '/home/darsh/UR3_ROS2_PICK_AND_PLACE/build/ur_system_tests' returned '0': CMAKE_PREFIX_PATH=${CMAKE_PREFIX_PATH}:/opt/ros/jazzy /usr/bin/cmake --build /home/darsh/UR3_ROS2_PICK_AND_PLACE/build/ur_system_tests -- -j16 -l16
[1.200s] DEBUG:colcon.colcon_core.event_handler.log_command:Invoking command in '/home/darsh/UR3_ROS2_PICK_AND_PLACE/build/ur_system_tests': CMAKE_PREFIX_PATH=${CMAKE_PREFIX_PATH}:/opt/ros/jazzy /usr/bin/cmake --install /home/darsh/UR3_ROS2_PICK_AND_PLACE/build/ur_system_tests
[1.227s] DEBUG:colcon.colcon_core.event_handler.log_command:Invoking command in '/home/darsh/UR3_ROS2_PICK_AND_PLACE/build/moveit_config': CMAKE_PREFIX_PATH=/home/darsh/UR3_ROS2_PICK_AND_PLACE/install/ur_description:/home/darsh/UR3_ROS2_PICK_AND_PLACE/install/ur_system_tests:/home/darsh/UR3_ROS2_PICK_AND_PLACE/install/ur_interfaces:/home/darsh/UR3_ROS2_PICK_AND_PLACE/install/ur_gazebo:/home/darsh/UR3_ROS2_PICK_AND_PLACE/install/movit_config:/home/darsh/UR3_ROS2_PICK_AND_PLACE/install/moveit_config:/home/darsh/UR3_ROS2_PICK_AND_PLACE/install/robotiq_2f_85_gripper_visualization:/opt/ros/jazzy/opt/gz_sim_vendor:/opt/ros/jazzy/opt/gz_sensors_vendor:/opt/ros/jazzy/opt/gz_physics_vendor:/opt/ros/jazzy/opt/sdformat_vendor:/opt/ros/jazzy/opt/gz_gui_vendor:/opt/ros/jazzy/opt/gz_transport_vendor:/opt/ros/jazzy/opt/gz_rendering_vendor:/opt/ros/jazzy/opt/gz_plugin_vendor:/opt/ros/jazzy/opt/gz_fuel_tools_vendor:/opt/ros/jazzy/opt/gz_msgs_vendor:/opt/ros/jazzy/opt/gz_common_vendor:/opt/ros/jazzy/opt/gz_math_vendor:/opt/ros/jazzy/opt/gz_utils_vendor:/opt/ros/jazzy/opt/gz_tools_vendor:/opt/ros/jazzy/opt/gz_ogre_next_vendor:/opt/ros/jazzy/opt/gz_dartsim_vendor:/opt/ros/jazzy/opt/gz_cmake_vendor:/opt/ros/jazzy /usr/bin/cmake --build /home/darsh/UR3_ROS2_PICK_AND_PLACE/build/moveit_config -- -j16 -l16
[1.227s] Level 1:colcon.colcon_core.environment:create_environment_scripts_only(ur_system_tests)
[1.227s] Level 1:colcon.colcon_core.environment:checking '/home/darsh/UR3_ROS2_PICK_AND_PLACE/install/ur_system_tests' for CMake module files
[1.228s] Level 1:colcon.colcon_core.environment:checking '/home/darsh/UR3_ROS2_PICK_AND_PLACE/install/ur_system_tests' for CMake config files
[1.229s] Level 1:colcon.colcon_core.shell:create_environment_hook('ur_system_tests', 'cmake_prefix_path')
[1.230s] INFO:colcon.colcon_core.shell:Creating environment hook '/home/darsh/UR3_ROS2_PICK_AND_PLACE/install/ur_system_tests/share/ur_system_tests/hook/cmake_prefix_path.ps1'
[1.231s] DEBUG:colcon.colcon_core.event_handler.log_command:Invoking command in '/home/darsh/UR3_ROS2_PICK_AND_PLACE/build/movit_config': CMAKE_PREFIX_PATH=/home/darsh/UR3_ROS2_PICK_AND_PLACE/install/ur_description:/home/darsh/UR3_ROS2_PICK_AND_PLACE/install/ur_system_tests:/home/darsh/UR3_ROS2_PICK_AND_PLACE/install/ur_interfaces:/home/darsh/UR3_ROS2_PICK_AND_PLACE/install/ur_gazebo:/home/darsh/UR3_ROS2_PICK_AND_PLACE/install/movit_config:/home/darsh/UR3_ROS2_PICK_AND_PLACE/install/moveit_config:/home/darsh/UR3_ROS2_PICK_AND_PLACE/install/robotiq_2f_85_gripper_visualization:/opt/ros/jazzy/opt/gz_sim_vendor:/opt/ros/jazzy/opt/gz_sensors_vendor:/opt/ros/jazzy/opt/gz_physics_vendor:/opt/ros/jazzy/opt/sdformat_vendor:/opt/ros/jazzy/opt/gz_gui_vendor:/opt/ros/jazzy/opt/gz_transport_vendor:/opt/ros/jazzy/opt/gz_rendering_vendor:/opt/ros/jazzy/opt/gz_plugin_vendor:/opt/ros/jazzy/opt/gz_fuel_tools_vendor:/opt/ros/jazzy/opt/gz_msgs_vendor:/opt/ros/jazzy/opt/gz_common_vendor:/opt/ros/jazzy/opt/gz_math_vendor:/opt/ros/jazzy/opt/gz_utils_vendor:/opt/ros/jazzy/opt/gz_tools_vendor:/opt/ros/jazzy/opt/gz_ogre_next_vendor:/opt/ros/jazzy/opt/gz_dartsim_vendor:/opt/ros/jazzy/opt/gz_cmake_vendor:/opt/ros/jazzy /usr/bin/cmake --build /home/darsh/UR3_ROS2_PICK_AND_PLACE/build/movit_config -- -j16 -l16
[1.231s] INFO:colcon.colcon_core.shell:Creating environment descriptor '/home/darsh/UR3_ROS2_PICK_AND_PLACE/install/ur_system_tests/share/ur_system_tests/hook/cmake_prefix_path.dsv'
[1.232s] DEBUG:colcon.colcon_core.event_handler.log_command:Invoked command in '/home/darsh/UR3_ROS2_PICK_AND_PLACE/build/ur_system_tests' returned '0': CMAKE_PREFIX_PATH=${CMAKE_PREFIX_PATH}:/opt/ros/jazzy /usr/bin/cmake --install /home/darsh/UR3_ROS2_PICK_AND_PLACE/build/ur_system_tests
[1.232s] INFO:colcon.colcon_core.shell:Creating environment hook '/home/darsh/UR3_ROS2_PICK_AND_PLACE/install/ur_system_tests/share/ur_system_tests/hook/cmake_prefix_path.sh'
[1.232s] Level 1:colcon.colcon_core.environment:checking '/home/darsh/UR3_ROS2_PICK_AND_PLACE/install/ur_system_tests/lib'
[1.233s] Level 1:colcon.colcon_core.environment:checking '/home/darsh/UR3_ROS2_PICK_AND_PLACE/install/ur_system_tests/bin'
[1.233s] Level 1:colcon.colcon_core.environment:checking '/home/darsh/UR3_ROS2_PICK_AND_PLACE/install/ur_system_tests/lib/pkgconfig/ur_system_tests.pc'
[1.233s] Level 1:colcon.colcon_core.environment:checking '/home/darsh/UR3_ROS2_PICK_AND_PLACE/install/ur_system_tests/lib/python3.12/site-packages'
[1.233s] Level 1:colcon.colcon_core.environment:checking '/home/darsh/UR3_ROS2_PICK_AND_PLACE/install/ur_system_tests/bin'
[1.234s] INFO:colcon.colcon_core.shell:Creating package script '/home/darsh/UR3_ROS2_PICK_AND_PLACE/install/ur_system_tests/share/ur_system_tests/package.ps1'
[1.234s] INFO:colcon.colcon_core.shell:Creating package descriptor '/home/darsh/UR3_ROS2_PICK_AND_PLACE/install/ur_system_tests/share/ur_system_tests/package.dsv'
[1.234s] INFO:colcon.colcon_core.shell:Creating package script '/home/darsh/UR3_ROS2_PICK_AND_PLACE/install/ur_system_tests/share/ur_system_tests/package.sh'
[1.235s] INFO:colcon.colcon_core.shell:Creating package script '/home/darsh/UR3_ROS2_PICK_AND_PLACE/install/ur_system_tests/share/ur_system_tests/package.bash'
[1.235s] INFO:colcon.colcon_core.shell:Creating package script '/home/darsh/UR3_ROS2_PICK_AND_PLACE/install/ur_system_tests/share/ur_system_tests/package.zsh'
[1.236s] Level 1:colcon.colcon_core.environment:create_file_with_runtime_dependencies(/home/darsh/UR3_ROS2_PICK_AND_PLACE/install/ur_system_tests/share/colcon-core/packages/ur_system_tests)
[1.236s] Level 1:colcon.colcon_core.environment:create_environment_scripts_only(ur_system_tests)
[1.237s] Level 1:colcon.colcon_core.environment:checking '/home/darsh/UR3_ROS2_PICK_AND_PLACE/install/ur_system_tests' for CMake module files
[1.237s] Level 1:colcon.colcon_core.environment:checking '/home/darsh/UR3_ROS2_PICK_AND_PLACE/install/ur_system_tests' for CMake config files
[1.237s] Level 1:colcon.colcon_core.shell:create_environment_hook('ur_system_tests', 'cmake_prefix_path')
[1.238s] INFO:colcon.colcon_core.shell:Creating environment hook '/home/darsh/UR3_ROS2_PICK_AND_PLACE/install/ur_system_tests/share/ur_system_tests/hook/cmake_prefix_path.ps1'
[1.238s] INFO:colcon.colcon_core.shell:Creating environment descriptor '/home/darsh/UR3_ROS2_PICK_AND_PLACE/install/ur_system_tests/share/ur_system_tests/hook/cmake_prefix_path.dsv'
[1.238s] INFO:colcon.colcon_core.shell:Creating environment hook '/home/darsh/UR3_ROS2_PICK_AND_PLACE/install/ur_system_tests/share/ur_system_tests/hook/cmake_prefix_path.sh'
[1.239s] Level 1:colcon.colcon_core.environment:checking '/home/darsh/UR3_ROS2_PICK_AND_PLACE/install/ur_system_tests/lib'
[1.239s] Level 1:colcon.colcon_core.environment:checking '/home/darsh/UR3_ROS2_PICK_AND_PLACE/install/ur_system_tests/bin'
[1.239s] Level 1:colcon.colcon_core.environment:checking '/home/darsh/UR3_ROS2_PICK_AND_PLACE/install/ur_system_tests/lib/pkgconfig/ur_system_tests.pc'
[1.239s] Level 1:colcon.colcon_core.environment:checking '/home/darsh/UR3_ROS2_PICK_AND_PLACE/install/ur_system_tests/lib/python3.12/site-packages'
[1.240s] Level 1:colcon.colcon_core.environment:checking '/home/darsh/UR3_ROS2_PICK_AND_PLACE/install/ur_system_tests/bin'
[1.240s] INFO:colcon.colcon_core.shell:Creating package script '/home/darsh/UR3_ROS2_PICK_AND_PLACE/install/ur_system_tests/share/ur_system_tests/package.ps1'
[1.240s] INFO:colcon.colcon_core.shell:Creating package descriptor '/home/darsh/UR3_ROS2_PICK_AND_PLACE/install/ur_system_tests/share/ur_system_tests/package.dsv'
[1.241s] INFO:colcon.colcon_core.shell:Creating package script '/home/darsh/UR3_ROS2_PICK_AND_PLACE/install/ur_system_tests/share/ur_system_tests/package.sh'
[1.241s] INFO:colcon.colcon_core.shell:Creating package script '/home/darsh/UR3_ROS2_PICK_AND_PLACE/install/ur_system_tests/share/ur_system_tests/package.bash'
[1.242s] INFO:colcon.colcon_core.shell:Creating package script '/home/darsh/UR3_ROS2_PICK_AND_PLACE/install/ur_system_tests/share/ur_system_tests/package.zsh'
[1.242s] Level 1:colcon.colcon_core.environment:create_file_with_runtime_dependencies(/home/darsh/UR3_ROS2_PICK_AND_PLACE/install/ur_system_tests/share/colcon-core/packages/ur_system_tests)
[1.264s] DEBUG:colcon.colcon_core.event_handler.log_command:Invoked command in '/home/darsh/UR3_ROS2_PICK_AND_PLACE/build/movit_config' returned '0': CMAKE_PREFIX_PATH=/home/darsh/UR3_ROS2_PICK_AND_PLACE/install/ur_description:/home/darsh/UR3_ROS2_PICK_AND_PLACE/install/ur_system_tests:/home/darsh/UR3_ROS2_PICK_AND_PLACE/install/ur_interfaces:/home/darsh/UR3_ROS2_PICK_AND_PLACE/install/ur_gazebo:/home/darsh/UR3_ROS2_PICK_AND_PLACE/install/movit_config:/home/darsh/UR3_ROS2_PICK_AND_PLACE/install/moveit_config:/home/darsh/UR3_ROS2_PICK_AND_PLACE/install/robotiq_2f_85_gripper_visualization:/opt/ros/jazzy/opt/gz_sim_vendor:/opt/ros/jazzy/opt/gz_sensors_vendor:/opt/ros/jazzy/opt/gz_physics_vendor:/opt/ros/jazzy/opt/sdformat_vendor:/opt/ros/jazzy/opt/gz_gui_vendor:/opt/ros/jazzy/opt/gz_transport_vendor:/opt/ros/jazzy/opt/gz_rendering_vendor:/opt/ros/jazzy/opt/gz_plugin_vendor:/opt/ros/jazzy/opt/gz_fuel_tools_vendor:/opt/ros/jazzy/opt/gz_msgs_vendor:/opt/ros/jazzy/opt/gz_common_vendor:/opt/ros/jazzy/opt/gz_math_vendor:/opt/ros/jazzy/opt/gz_utils_vendor:/opt/ros/jazzy/opt/gz_tools_vendor:/opt/ros/jazzy/opt/gz_ogre_next_vendor:/opt/ros/jazzy/opt/gz_dartsim_vendor:/opt/ros/jazzy/opt/gz_cmake_vendor:/opt/ros/jazzy /usr/bin/cmake --build /home/darsh/UR3_ROS2_PICK_AND_PLACE/build/movit_config -- -j16 -l16
[1.265s] DEBUG:colcon.colcon_core.event_handler.log_command:Invoking command in '/home/darsh/UR3_ROS2_PICK_AND_PLACE/build/movit_config': CMAKE_PREFIX_PATH=/home/darsh/UR3_ROS2_PICK_AND_PLACE/install/ur_description:/home/darsh/UR3_ROS2_PICK_AND_PLACE/install/ur_system_tests:/home/darsh/UR3_ROS2_PICK_AND_PLACE/install/ur_interfaces:/home/darsh/UR3_ROS2_PICK_AND_PLACE/install/ur_gazebo:/home/darsh/UR3_ROS2_PICK_AND_PLACE/install/movit_config:/home/darsh/UR3_ROS2_PICK_AND_PLACE/install/moveit_config:/home/darsh/UR3_ROS2_PICK_AND_PLACE/install/robotiq_2f_85_gripper_visualization:/opt/ros/jazzy/opt/gz_sim_vendor:/opt/ros/jazzy/opt/gz_sensors_vendor:/opt/ros/jazzy/opt/gz_physics_vendor:/opt/ros/jazzy/opt/sdformat_vendor:/opt/ros/jazzy/opt/gz_gui_vendor:/opt/ros/jazzy/opt/gz_transport_vendor:/opt/ros/jazzy/opt/gz_rendering_vendor:/opt/ros/jazzy/opt/gz_plugin_vendor:/opt/ros/jazzy/opt/gz_fuel_tools_vendor:/opt/ros/jazzy/opt/gz_msgs_vendor:/opt/ros/jazzy/opt/gz_common_vendor:/opt/ros/jazzy/opt/gz_math_vendor:/opt/ros/jazzy/opt/gz_utils_vendor:/opt/ros/jazzy/opt/gz_tools_vendor:/opt/ros/jazzy/opt/gz_ogre_next_vendor:/opt/ros/jazzy/opt/gz_dartsim_vendor:/opt/ros/jazzy/opt/gz_cmake_vendor:/opt/ros/jazzy /usr/bin/cmake --install /home/darsh/UR3_ROS2_PICK_AND_PLACE/build/movit_config
[1.268s] DEBUG:colcon.colcon_core.event_handler.log_command:Invoked command in '/home/darsh/UR3_ROS2_PICK_AND_PLACE/build/moveit_config' returned '0': CMAKE_PREFIX_PATH=/home/darsh/UR3_ROS2_PICK_AND_PLACE/install/ur_description:/home/darsh/UR3_ROS2_PICK_AND_PLACE/install/ur_system_tests:/home/darsh/UR3_ROS2_PICK_AND_PLACE/install/ur_interfaces:/home/darsh/UR3_ROS2_PICK_AND_PLACE/install/ur_gazebo:/home/darsh/UR3_ROS2_PICK_AND_PLACE/install/movit_config:/home/darsh/UR3_ROS2_PICK_AND_PLACE/install/moveit_config:/home/darsh/UR3_ROS2_PICK_AND_PLACE/install/robotiq_2f_85_gripper_visualization:/opt/ros/jazzy/opt/gz_sim_vendor:/opt/ros/jazzy/opt/gz_sensors_vendor:/opt/ros/jazzy/opt/gz_physics_vendor:/opt/ros/jazzy/opt/sdformat_vendor:/opt/ros/jazzy/opt/gz_gui_vendor:/opt/ros/jazzy/opt/gz_transport_vendor:/opt/ros/jazzy/opt/gz_rendering_vendor:/opt/ros/jazzy/opt/gz_plugin_vendor:/opt/ros/jazzy/opt/gz_fuel_tools_vendor:/opt/ros/jazzy/opt/gz_msgs_vendor:/opt/ros/jazzy/opt/gz_common_vendor:/opt/ros/jazzy/opt/gz_math_vendor:/opt/ros/jazzy/opt/gz_utils_vendor:/opt/ros/jazzy/opt/gz_tools_vendor:/opt/ros/jazzy/opt/gz_ogre_next_vendor:/opt/ros/jazzy/opt/gz_dartsim_vendor:/opt/ros/jazzy/opt/gz_cmake_vendor:/opt/ros/jazzy /usr/bin/cmake --build /home/darsh/UR3_ROS2_PICK_AND_PLACE/build/moveit_config -- -j16 -l16
[1.269s] DEBUG:colcon.colcon_core.event_handler.log_command:Invoking command in '/home/darsh/UR3_ROS2_PICK_AND_PLACE/build/moveit_config': CMAKE_PREFIX_PATH=/home/darsh/UR3_ROS2_PICK_AND_PLACE/install/ur_description:/home/darsh/UR3_ROS2_PICK_AND_PLACE/install/ur_system_tests:/home/darsh/UR3_ROS2_PICK_AND_PLACE/install/ur_interfaces:/home/darsh/UR3_ROS2_PICK_AND_PLACE/install/ur_gazebo:/home/darsh/UR3_ROS2_PICK_AND_PLACE/install/movit_config:/home/darsh/UR3_ROS2_PICK_AND_PLACE/install/moveit_config:/home/darsh/UR3_ROS2_PICK_AND_PLACE/install/robotiq_2f_85_gripper_visualization:/opt/ros/jazzy/opt/gz_sim_vendor:/opt/ros/jazzy/opt/gz_sensors_vendor:/opt/ros/jazzy/opt/gz_physics_vendor:/opt/ros/jazzy/opt/sdformat_vendor:/opt/ros/jazzy/opt/gz_gui_vendor:/opt/ros/jazzy/opt/gz_transport_vendor:/opt/ros/jazzy/opt/gz_rendering_vendor:/opt/ros/jazzy/opt/gz_plugin_vendor:/opt/ros/jazzy/opt/gz_fuel_tools_vendor:/opt/ros/jazzy/opt/gz_msgs_vendor:/opt/ros/jazzy/opt/gz_common_vendor:/opt/ros/jazzy/opt/gz_math_vendor:/opt/ros/jazzy/opt/gz_utils_vendor:/opt/ros/jazzy/opt/gz_tools_vendor:/opt/ros/jazzy/opt/gz_ogre_next_vendor:/opt/ros/jazzy/opt/gz_dartsim_vendor:/opt/ros/jazzy/opt/gz_cmake_vendor:/opt/ros/jazzy /usr/bin/cmake --install /home/darsh/UR3_ROS2_PICK_AND_PLACE/build/moveit_config
[1.282s] Level 1:colcon.colcon_core.environment:create_environment_scripts_only(movit_config)
[1.282s] Level 1:colcon.colcon_core.environment:checking '/home/darsh/UR3_ROS2_PICK_AND_PLACE/install/movit_config' for CMake module files
[1.285s] Level 1:colcon.colcon_core.environment:checking '/home/darsh/UR3_ROS2_PICK_AND_PLACE/install/movit_config' for CMake config files
[1.294s] DEBUG:colcon.colcon_core.event_handler.log_command:Invoked command in '/home/darsh/UR3_ROS2_PICK_AND_PLACE/build/movit_config' returned '0': CMAKE_PREFIX_PATH=/home/darsh/UR3_ROS2_PICK_AND_PLACE/install/ur_description:/home/darsh/UR3_ROS2_PICK_AND_PLACE/install/ur_system_tests:/home/darsh/UR3_ROS2_PICK_AND_PLACE/install/ur_interfaces:/home/darsh/UR3_ROS2_PICK_AND_PLACE/install/ur_gazebo:/home/darsh/UR3_ROS2_PICK_AND_PLACE/install/movit_config:/home/darsh/UR3_ROS2_PICK_AND_PLACE/install/moveit_config:/home/darsh/UR3_ROS2_PICK_AND_PLACE/install/robotiq_2f_85_gripper_visualization:/opt/ros/jazzy/opt/gz_sim_vendor:/opt/ros/jazzy/opt/gz_sensors_vendor:/opt/ros/jazzy/opt/gz_physics_vendor:/opt/ros/jazzy/opt/sdformat_vendor:/opt/ros/jazzy/opt/gz_gui_vendor:/opt/ros/jazzy/opt/gz_transport_vendor:/opt/ros/jazzy/opt/gz_rendering_vendor:/opt/ros/jazzy/opt/gz_plugin_vendor:/opt/ros/jazzy/opt/gz_fuel_tools_vendor:/opt/ros/jazzy/opt/gz_msgs_vendor:/opt/ros/jazzy/opt/gz_common_vendor:/opt/ros/jazzy/opt/gz_math_vendor:/opt/ros/jazzy/opt/gz_utils_vendor:/opt/ros/jazzy/opt/gz_tools_vendor:/opt/ros/jazzy/opt/gz_ogre_next_vendor:/opt/ros/jazzy/opt/gz_dartsim_vendor:/opt/ros/jazzy/opt/gz_cmake_vendor:/opt/ros/jazzy /usr/bin/cmake --install /home/darsh/UR3_ROS2_PICK_AND_PLACE/build/movit_config
[1.295s] Level 1:colcon.colcon_core.shell:create_environment_hook('movit_config', 'cmake_prefix_path')
[1.295s] INFO:colcon.colcon_core.shell:Creating environment hook '/home/darsh/UR3_ROS2_PICK_AND_PLACE/install/movit_config/share/movit_config/hook/cmake_prefix_path.ps1'
[1.296s] INFO:colcon.colcon_core.shell:Creating environment descriptor '/home/darsh/UR3_ROS2_PICK_AND_PLACE/install/movit_config/share/movit_config/hook/cmake_prefix_path.dsv'
[1.297s] INFO:colcon.colcon_core.shell:Creating environment hook '/home/darsh/UR3_ROS2_PICK_AND_PLACE/install/movit_config/share/movit_config/hook/cmake_prefix_path.sh'
[1.297s] Level 1:colcon.colcon_core.environment:checking '/home/darsh/UR3_ROS2_PICK_AND_PLACE/install/movit_config/bin'
[1.297s] Level 1:colcon.colcon_core.environment:checking '/home/darsh/UR3_ROS2_PICK_AND_PLACE/install/movit_config/lib/pkgconfig/movit_config.pc'
[1.298s] Level 1:colcon.colcon_core.environment:checking '/home/darsh/UR3_ROS2_PICK_AND_PLACE/install/movit_config/lib/python3.12/site-packages'
[1.298s] Level 1:colcon.colcon_core.environment:checking '/home/darsh/UR3_ROS2_PICK_AND_PLACE/install/movit_config/bin'
[1.298s] INFO:colcon.colcon_core.shell:Creating package script '/home/darsh/UR3_ROS2_PICK_AND_PLACE/install/movit_config/share/movit_config/package.ps1'
[1.299s] INFO:colcon.colcon_core.shell:Creating package descriptor '/home/darsh/UR3_ROS2_PICK_AND_PLACE/install/movit_config/share/movit_config/package.dsv'
[1.299s] INFO:colcon.colcon_core.shell:Creating package script '/home/darsh/UR3_ROS2_PICK_AND_PLACE/install/movit_config/share/movit_config/package.sh'
[1.300s] INFO:colcon.colcon_core.shell:Creating package script '/home/darsh/UR3_ROS2_PICK_AND_PLACE/install/movit_config/share/movit_config/package.bash'
[1.300s] INFO:colcon.colcon_core.shell:Creating package script '/home/darsh/UR3_ROS2_PICK_AND_PLACE/install/movit_config/share/movit_config/package.zsh'
[1.300s] Level 1:colcon.colcon_core.environment:create_file_with_runtime_dependencies(/home/darsh/UR3_ROS2_PICK_AND_PLACE/install/movit_config/share/colcon-core/packages/movit_config)
[1.301s] Level 1:colcon.colcon_core.environment:create_environment_scripts_only(movit_config)
[1.301s] Level 1:colcon.colcon_core.environment:checking '/home/darsh/UR3_ROS2_PICK_AND_PLACE/install/movit_config' for CMake module files
[1.302s] Level 1:colcon.colcon_core.environment:checking '/home/darsh/UR3_ROS2_PICK_AND_PLACE/install/movit_config' for CMake config files
[1.302s] Level 1:colcon.colcon_core.shell:create_environment_hook('movit_config', 'cmake_prefix_path')
[1.302s] INFO:colcon.colcon_core.shell:Creating environment hook '/home/darsh/UR3_ROS2_PICK_AND_PLACE/install/movit_config/share/movit_config/hook/cmake_prefix_path.ps1'
[1.302s] INFO:colcon.colcon_core.shell:Creating environment descriptor '/home/darsh/UR3_ROS2_PICK_AND_PLACE/install/movit_config/share/movit_config/hook/cmake_prefix_path.dsv'
[1.303s] INFO:colcon.colcon_core.shell:Creating environment hook '/home/darsh/UR3_ROS2_PICK_AND_PLACE/install/movit_config/share/movit_config/hook/cmake_prefix_path.sh'
[1.303s] Level 1:colcon.colcon_core.environment:checking '/home/darsh/UR3_ROS2_PICK_AND_PLACE/install/movit_config/bin'
[1.304s] Level 1:colcon.colcon_core.environment:checking '/home/darsh/UR3_ROS2_PICK_AND_PLACE/install/movit_config/lib/pkgconfig/movit_config.pc'
[1.304s] Level 1:colcon.colcon_core.environment:checking '/home/darsh/UR3_ROS2_PICK_AND_PLACE/install/movit_config/lib/python3.12/site-packages'
[1.304s] Level 1:colcon.colcon_core.environment:checking '/home/darsh/UR3_ROS2_PICK_AND_PLACE/install/movit_config/bin'
[1.304s] INFO:colcon.colcon_core.shell:Creating package script '/home/darsh/UR3_ROS2_PICK_AND_PLACE/install/movit_config/share/movit_config/package.ps1'
[1.305s] INFO:colcon.colcon_core.shell:Creating package descriptor '/home/darsh/UR3_ROS2_PICK_AND_PLACE/install/movit_config/share/movit_config/package.dsv'
[1.305s] INFO:colcon.colcon_core.shell:Creating package script '/home/darsh/UR3_ROS2_PICK_AND_PLACE/install/movit_config/share/movit_config/package.sh'
[1.306s] INFO:colcon.colcon_core.shell:Creating package script '/home/darsh/UR3_ROS2_PICK_AND_PLACE/install/movit_config/share/movit_config/package.bash'
[1.306s] INFO:colcon.colcon_core.shell:Creating package script '/home/darsh/UR3_ROS2_PICK_AND_PLACE/install/movit_config/share/movit_config/package.zsh'
[1.307s] Level 1:colcon.colcon_core.environment:create_file_with_runtime_dependencies(/home/darsh/UR3_ROS2_PICK_AND_PLACE/install/movit_config/share/colcon-core/packages/movit_config)
[1.308s] Level 1:colcon.colcon_core.environment:create_environment_scripts_only(moveit_config)
[1.308s] Level 1:colcon.colcon_core.environment:checking '/home/darsh/UR3_ROS2_PICK_AND_PLACE/install/moveit_config' for CMake module files
[1.310s] DEBUG:colcon.colcon_core.event_handler.log_command:Invoked command in '/home/darsh/UR3_ROS2_PICK_AND_PLACE/build/moveit_config' returned '0': CMAKE_PREFIX_PATH=/home/darsh/UR3_ROS2_PICK_AND_PLACE/install/ur_description:/home/darsh/UR3_ROS2_PICK_AND_PLACE/install/ur_system_tests:/home/darsh/UR3_ROS2_PICK_AND_PLACE/install/ur_interfaces:/home/darsh/UR3_ROS2_PICK_AND_PLACE/install/ur_gazebo:/home/darsh/UR3_ROS2_PICK_AND_PLACE/install/movit_config:/home/darsh/UR3_ROS2_PICK_AND_PLACE/install/moveit_config:/home/darsh/UR3_ROS2_PICK_AND_PLACE/install/robotiq_2f_85_gripper_visualization:/opt/ros/jazzy/opt/gz_sim_vendor:/opt/ros/jazzy/opt/gz_sensors_vendor:/opt/ros/jazzy/opt/gz_physics_vendor:/opt/ros/jazzy/opt/sdformat_vendor:/opt/ros/jazzy/opt/gz_gui_vendor:/opt/ros/jazzy/opt/gz_transport_vendor:/opt/ros/jazzy/opt/gz_rendering_vendor:/opt/ros/jazzy/opt/gz_plugin_vendor:/opt/ros/jazzy/opt/gz_fuel_tools_vendor:/opt/ros/jazzy/opt/gz_msgs_vendor:/opt/ros/jazzy/opt/gz_common_vendor:/opt/ros/jazzy/opt/gz_math_vendor:/opt/ros/jazzy/opt/gz_utils_vendor:/opt/ros/jazzy/opt/gz_tools_vendor:/opt/ros/jazzy/opt/gz_ogre_next_vendor:/opt/ros/jazzy/opt/gz_dartsim_vendor:/opt/ros/jazzy/opt/gz_cmake_vendor:/opt/ros/jazzy /usr/bin/cmake --install /home/darsh/UR3_ROS2_PICK_AND_PLACE/build/moveit_config
[1.310s] Level 1:colcon.colcon_core.environment:checking '/home/darsh/UR3_ROS2_PICK_AND_PLACE/install/moveit_config' for CMake config files
[1.311s] Level 1:colcon.colcon_core.shell:create_environment_hook('moveit_config', 'cmake_prefix_path')
[1.311s] INFO:colcon.colcon_core.shell:Creating environment hook '/home/darsh/UR3_ROS2_PICK_AND_PLACE/install/moveit_config/share/moveit_config/hook/cmake_prefix_path.ps1'
[1.311s] INFO:colcon.colcon_core.shell:Creating environment descriptor '/home/darsh/UR3_ROS2_PICK_AND_PLACE/install/moveit_config/share/moveit_config/hook/cmake_prefix_path.dsv'
[1.312s] INFO:colcon.colcon_core.shell:Creating environment hook '/home/darsh/UR3_ROS2_PICK_AND_PLACE/install/moveit_config/share/moveit_config/hook/cmake_prefix_path.sh'
[1.312s] Level 1:colcon.colcon_core.environment:checking '/home/darsh/UR3_ROS2_PICK_AND_PLACE/install/moveit_config/bin'
[1.312s] Level 1:colcon.colcon_core.environment:checking '/home/darsh/UR3_ROS2_PICK_AND_PLACE/install/moveit_config/lib/pkgconfig/moveit_config.pc'
[1.313s] Level 1:colcon.colcon_core.environment:checking '/home/darsh/UR3_ROS2_PICK_AND_PLACE/install/moveit_config/lib/python3.12/site-packages'
[1.313s] Level 1:colcon.colcon_core.environment:checking '/home/darsh/UR3_ROS2_PICK_AND_PLACE/install/moveit_config/bin'
[1.313s] INFO:colcon.colcon_core.shell:Creating package script '/home/darsh/UR3_ROS2_PICK_AND_PLACE/install/moveit_config/share/moveit_config/package.ps1'
[1.314s] INFO:colcon.colcon_core.shell:Creating package descriptor '/home/darsh/UR3_ROS2_PICK_AND_PLACE/install/moveit_config/share/moveit_config/package.dsv'
[1.314s] INFO:colcon.colcon_core.shell:Creating package script '/home/darsh/UR3_ROS2_PICK_AND_PLACE/install/moveit_config/share/moveit_config/package.sh'
[1.315s] INFO:colcon.colcon_core.shell:Creating package script '/home/darsh/UR3_ROS2_PICK_AND_PLACE/install/moveit_config/share/moveit_config/package.bash'
[1.315s] INFO:colcon.colcon_core.shell:Creating package script '/home/darsh/UR3_ROS2_PICK_AND_PLACE/install/moveit_config/share/moveit_config/package.zsh'
[1.316s] Level 1:colcon.colcon_core.environment:create_file_with_runtime_dependencies(/home/darsh/UR3_ROS2_PICK_AND_PLACE/install/moveit_config/share/colcon-core/packages/moveit_config)
[1.317s] Level 1:colcon.colcon_core.environment:create_environment_scripts_only(moveit_config)
[1.317s] Level 1:colcon.colcon_core.environment:checking '/home/darsh/UR3_ROS2_PICK_AND_PLACE/install/moveit_config' for CMake module files
[1.317s] Level 1:colcon.colcon_core.environment:checking '/home/darsh/UR3_ROS2_PICK_AND_PLACE/install/moveit_config' for CMake config files
[1.318s] Level 1:colcon.colcon_core.shell:create_environment_hook('moveit_config', 'cmake_prefix_path')
[1.318s] INFO:colcon.colcon_core.shell:Creating environment hook '/home/darsh/UR3_ROS2_PICK_AND_PLACE/install/moveit_config/share/moveit_config/hook/cmake_prefix_path.ps1'
[1.318s] INFO:colcon.colcon_core.shell:Creating environment descriptor '/home/darsh/UR3_ROS2_PICK_AND_PLACE/install/moveit_config/share/moveit_config/hook/cmake_prefix_path.dsv'
[1.319s] INFO:colcon.colcon_core.shell:Creating environment hook '/home/darsh/UR3_ROS2_PICK_AND_PLACE/install/moveit_config/share/moveit_config/hook/cmake_prefix_path.sh'
[1.319s] Level 1:colcon.colcon_core.environment:checking '/home/darsh/UR3_ROS2_PICK_AND_PLACE/install/moveit_config/bin'
[1.319s] Level 1:colcon.colcon_core.environment:checking '/home/darsh/UR3_ROS2_PICK_AND_PLACE/install/moveit_config/lib/pkgconfig/moveit_config.pc'
[1.319s] Level 1:colcon.colcon_core.environment:checking '/home/darsh/UR3_ROS2_PICK_AND_PLACE/install/moveit_config/lib/python3.12/site-packages'
[1.320s] Level 1:colcon.colcon_core.environment:checking '/home/darsh/UR3_ROS2_PICK_AND_PLACE/install/moveit_config/bin'
[1.320s] INFO:colcon.colcon_core.shell:Creating package script '/home/darsh/UR3_ROS2_PICK_AND_PLACE/install/moveit_config/share/moveit_config/package.ps1'
[1.321s] INFO:colcon.colcon_core.shell:Creating package descriptor '/home/darsh/UR3_ROS2_PICK_AND_PLACE/install/moveit_config/share/moveit_config/package.dsv'
[1.321s] INFO:colcon.colcon_core.shell:Creating package script '/home/darsh/UR3_ROS2_PICK_AND_PLACE/install/moveit_config/share/moveit_config/package.sh'
[1.321s] INFO:colcon.colcon_core.shell:Creating package script '/home/darsh/UR3_ROS2_PICK_AND_PLACE/install/moveit_config/share/moveit_config/package.bash'
[1.322s] INFO:colcon.colcon_core.shell:Creating package script '/home/darsh/UR3_ROS2_PICK_AND_PLACE/install/moveit_config/share/moveit_config/package.zsh'
[1.322s] Level 1:colcon.colcon_core.environment:create_file_with_runtime_dependencies(/home/darsh/UR3_ROS2_PICK_AND_PLACE/install/moveit_config/share/colcon-core/packages/moveit_config)
[1.323s] DEBUG:colcon.colcon_parallel_executor.executor.parallel:closing loop
[1.324s] DEBUG:colcon.colcon_parallel_executor.executor.parallel:loop closed
[1.324s] DEBUG:colcon.colcon_parallel_executor.executor.parallel:run_until_complete finished with '0'
[1.324s] DEBUG:colcon.colcon_core.event_reactor:joining thread
[1.388s] INFO:colcon.colcon_core.plugin_system:Skipping extension 'colcon_notification.desktop_notification.notify_send': Could not find 'notify-send'
[1.388s] INFO:colcon.colcon_core.plugin_system:Skipping extension 'colcon_notification.desktop_notification.terminal_notifier': Not used on non-Darwin systems
[1.388s] INFO:colcon.colcon_core.plugin_system:Skipping extension 'colcon_notification.desktop_notification.win32': Not used on non-Windows systems
[1.388s] INFO:colcon.colcon_notification.desktop_notification:Sending desktop notification using 'notify2'
[1.395s] DEBUG:colcon.colcon_notification.desktop_notification.notify2:Failed to initialize notify2: org.freedesktop.DBus.Error.ServiceUnknown: The name org.freedesktop.Notifications was not provided by any .service files
[1.395s] DEBUG:colcon.colcon_core.event_reactor:joined thread
[1.395s] INFO:colcon.colcon_core.shell:Creating prefix script '/home/darsh/UR3_ROS2_PICK_AND_PLACE/install/local_setup.ps1'
[1.396s] INFO:colcon.colcon_core.shell:Creating prefix util module '/home/darsh/UR3_ROS2_PICK_AND_PLACE/install/_local_setup_util_ps1.py'
[1.398s] INFO:colcon.colcon_core.shell:Creating prefix chain script '/home/darsh/UR3_ROS2_PICK_AND_PLACE/install/setup.ps1'
[1.399s] INFO:colcon.colcon_core.shell:Creating prefix script '/home/darsh/UR3_ROS2_PICK_AND_PLACE/install/local_setup.sh'
[1.400s] INFO:colcon.colcon_core.shell:Creating prefix util module '/home/darsh/UR3_ROS2_PICK_AND_PLACE/install/_local_setup_util_sh.py'
[1.400s] INFO:colcon.colcon_core.shell:Creating prefix chain script '/home/darsh/UR3_ROS2_PICK_AND_PLACE/install/setup.sh'
[1.402s] INFO:colcon.colcon_core.shell:Creating prefix script '/home/darsh/UR3_ROS2_PICK_AND_PLACE/install/local_setup.bash'
[1.402s] INFO:colcon.colcon_core.shell:Creating prefix chain script '/home/darsh/UR3_ROS2_PICK_AND_PLACE/install/setup.bash'
[1.404s] INFO:colcon.colcon_core.shell:Creating prefix script '/home/darsh/UR3_ROS2_PICK_AND_PLACE/install/local_setup.zsh'
[1.404s] INFO:colcon.colcon_core.shell:Creating prefix chain script '/home/darsh/UR3_ROS2_PICK_AND_PLACE/install/setup.zsh'
