[0.213s] Invoking command in '/home/darsh/ros2_ws/src/UR3_ROS2_PICK_AND_PLACE/build/movit_config': AMENT_PREFIX_PATH=/home/darsh/ros2_ws/src/UR3_ROS2_PICK_AND_PLACE/install/warehouse_ros_mongo:/home/darsh/ros2_ws/src/UR3_ROS2_PICK_AND_PLACE/install/ur_description:${AMENT_PREFIX_PATH} CMAKE_MODULE_PATH=/home/darsh/ros2_ws/src/UR3_ROS2_PICK_AND_PLACE/install/warehouse_ros_mongo/share/warehouse_ros_mongo/cmake CMAKE_PREFIX_PATH=/home/darsh/ros2_ws/src/UR3_ROS2_PICK_AND_PLACE/install/warehouse_ros_mongo:/home/darsh/ros2_ws/src/UR3_ROS2_PICK_AND_PLACE/install/ur_description:/opt/ros/jazzy/opt/gz_sim_vendor:/opt/ros/jazzy/opt/gz_sensors_vendor:/opt/ros/jazzy/opt/gz_physics_vendor:/opt/ros/jazzy/opt/sdformat_vendor:/opt/ros/jazzy/opt/gz_gui_vendor:/opt/ros/jazzy/opt/gz_transport_vendor:/opt/ros/jazzy/opt/gz_rendering_vendor:/opt/ros/jazzy/opt/gz_plugin_vendor:/opt/ros/jazzy/opt/gz_fuel_tools_vendor:/opt/ros/jazzy/opt/gz_msgs_vendor:/opt/ros/jazzy/opt/gz_common_vendor:/opt/ros/jazzy/opt/gz_tools_vendor:/opt/ros/jazzy/opt/gz_ogre_next_vendor:/opt/ros/jazzy/opt/gz_dartsim_vendor:/opt/ros/jazzy/opt/gz_math_vendor:/opt/ros/jazzy/opt/gz_utils_vendor:/opt/ros/jazzy/opt/gz_cmake_vendor:/opt/ros/jazzy LD_LIBRARY_PATH=/home/darsh/ros2_ws/src/UR3_ROS2_PICK_AND_PLACE/install/warehouse_ros_mongo/lib:${LD_LIBRARY_PATH} PYTHONPATH=/home/darsh/ros2_ws/src/UR3_ROS2_PICK_AND_PLACE/install/warehouse_ros_mongo/lib/python3.12/site-packages:${PYTHONPATH} /usr/bin/cmake --build /home/darsh/ros2_ws/src/UR3_ROS2_PICK_AND_PLACE/build/movit_config -- -j16 -l16
[0.272s] Invoked command in '/home/darsh/ros2_ws/src/UR3_ROS2_PICK_AND_PLACE/build/movit_config' returned '0': AMENT_PREFIX_PATH=/home/darsh/ros2_ws/src/UR3_ROS2_PICK_AND_PLACE/install/warehouse_ros_mongo:/home/darsh/ros2_ws/src/UR3_ROS2_PICK_AND_PLACE/install/ur_description:${AMENT_PREFIX_PATH} CMAKE_MODULE_PATH=/home/darsh/ros2_ws/src/UR3_ROS2_PICK_AND_PLACE/install/warehouse_ros_mongo/share/warehouse_ros_mongo/cmake CMAKE_PREFIX_PATH=/home/darsh/ros2_ws/src/UR3_ROS2_PICK_AND_PLACE/install/warehouse_ros_mongo:/home/darsh/ros2_ws/src/UR3_ROS2_PICK_AND_PLACE/install/ur_description:/opt/ros/jazzy/opt/gz_sim_vendor:/opt/ros/jazzy/opt/gz_sensors_vendor:/opt/ros/jazzy/opt/gz_physics_vendor:/opt/ros/jazzy/opt/sdformat_vendor:/opt/ros/jazzy/opt/gz_gui_vendor:/opt/ros/jazzy/opt/gz_transport_vendor:/opt/ros/jazzy/opt/gz_rendering_vendor:/opt/ros/jazzy/opt/gz_plugin_vendor:/opt/ros/jazzy/opt/gz_fuel_tools_vendor:/opt/ros/jazzy/opt/gz_msgs_vendor:/opt/ros/jazzy/opt/gz_common_vendor:/opt/ros/jazzy/opt/gz_tools_vendor:/opt/ros/jazzy/opt/gz_ogre_next_vendor:/opt/ros/jazzy/opt/gz_dartsim_vendor:/opt/ros/jazzy/opt/gz_math_vendor:/opt/ros/jazzy/opt/gz_utils_vendor:/opt/ros/jazzy/opt/gz_cmake_vendor:/opt/ros/jazzy LD_LIBRARY_PATH=/home/darsh/ros2_ws/src/UR3_ROS2_PICK_AND_PLACE/install/warehouse_ros_mongo/lib:${LD_LIBRARY_PATH} PYTHONPATH=/home/darsh/ros2_ws/src/UR3_ROS2_PICK_AND_PLACE/install/warehouse_ros_mongo/lib/python3.12/site-packages:${PYTHONPATH} /usr/bin/cmake --build /home/darsh/ros2_ws/src/UR3_ROS2_PICK_AND_PLACE/build/movit_config -- -j16 -l16
[0.275s] Invoking command in '/home/darsh/ros2_ws/src/UR3_ROS2_PICK_AND_PLACE/build/movit_config': AMENT_PREFIX_PATH=/home/darsh/ros2_ws/src/UR3_ROS2_PICK_AND_PLACE/install/warehouse_ros_mongo:/home/darsh/ros2_ws/src/UR3_ROS2_PICK_AND_PLACE/install/ur_description:${AMENT_PREFIX_PATH} CMAKE_MODULE_PATH=/home/darsh/ros2_ws/src/UR3_ROS2_PICK_AND_PLACE/install/warehouse_ros_mongo/share/warehouse_ros_mongo/cmake CMAKE_PREFIX_PATH=/home/darsh/ros2_ws/src/UR3_ROS2_PICK_AND_PLACE/install/warehouse_ros_mongo:/home/darsh/ros2_ws/src/UR3_ROS2_PICK_AND_PLACE/install/ur_description:/opt/ros/jazzy/opt/gz_sim_vendor:/opt/ros/jazzy/opt/gz_sensors_vendor:/opt/ros/jazzy/opt/gz_physics_vendor:/opt/ros/jazzy/opt/sdformat_vendor:/opt/ros/jazzy/opt/gz_gui_vendor:/opt/ros/jazzy/opt/gz_transport_vendor:/opt/ros/jazzy/opt/gz_rendering_vendor:/opt/ros/jazzy/opt/gz_plugin_vendor:/opt/ros/jazzy/opt/gz_fuel_tools_vendor:/opt/ros/jazzy/opt/gz_msgs_vendor:/opt/ros/jazzy/opt/gz_common_vendor:/opt/ros/jazzy/opt/gz_tools_vendor:/opt/ros/jazzy/opt/gz_ogre_next_vendor:/opt/ros/jazzy/opt/gz_dartsim_vendor:/opt/ros/jazzy/opt/gz_math_vendor:/opt/ros/jazzy/opt/gz_utils_vendor:/opt/ros/jazzy/opt/gz_cmake_vendor:/opt/ros/jazzy LD_LIBRARY_PATH=/home/darsh/ros2_ws/src/UR3_ROS2_PICK_AND_PLACE/install/warehouse_ros_mongo/lib:${LD_LIBRARY_PATH} PYTHONPATH=/home/darsh/ros2_ws/src/UR3_ROS2_PICK_AND_PLACE/install/warehouse_ros_mongo/lib/python3.12/site-packages:${PYTHONPATH} /usr/bin/cmake --install /home/darsh/ros2_ws/src/UR3_ROS2_PICK_AND_PLACE/build/movit_config
[0.288s] -- Install configuration: ""
[0.289s] -- Up-to-date: /home/darsh/ros2_ws/src/UR3_ROS2_PICK_AND_PLACE/install/movit_config/share/ament_index/resource_index/package_run_dependencies/movit_config
[0.289s] -- Up-to-date: /home/darsh/ros2_ws/src/UR3_ROS2_PICK_AND_PLACE/install/movit_config/share/ament_index/resource_index/parent_prefix_path/movit_config
[0.289s] -- Up-to-date: /home/darsh/ros2_ws/src/UR3_ROS2_PICK_AND_PLACE/install/movit_config/share/movit_config/environment/ament_prefix_path.sh
[0.289s] -- Up-to-date: /home/darsh/ros2_ws/src/UR3_ROS2_PICK_AND_PLACE/install/movit_config/share/movit_config/environment/ament_prefix_path.dsv
[0.290s] -- Up-to-date: /home/darsh/ros2_ws/src/UR3_ROS2_PICK_AND_PLACE/install/movit_config/share/movit_config/environment/path.sh
[0.290s] -- Up-to-date: /home/darsh/ros2_ws/src/UR3_ROS2_PICK_AND_PLACE/install/movit_config/share/movit_config/environment/path.dsv
[0.291s] -- Up-to-date: /home/darsh/ros2_ws/src/UR3_ROS2_PICK_AND_PLACE/install/movit_config/share/movit_config/local_setup.bash
[0.291s] -- Up-to-date: /home/darsh/ros2_ws/src/UR3_ROS2_PICK_AND_PLACE/install/movit_config/share/movit_config/local_setup.sh
[0.292s] -- Up-to-date: /home/darsh/ros2_ws/src/UR3_ROS2_PICK_AND_PLACE/install/movit_config/share/movit_config/local_setup.zsh
[0.292s] -- Up-to-date: /home/darsh/ros2_ws/src/UR3_ROS2_PICK_AND_PLACE/install/movit_config/share/movit_config/local_setup.dsv
[0.292s] -- Installing: /home/darsh/ros2_ws/src/UR3_ROS2_PICK_AND_PLACE/install/movit_config/share/movit_config/package.dsv
[0.292s] -- Up-to-date: /home/darsh/ros2_ws/src/UR3_ROS2_PICK_AND_PLACE/install/movit_config/share/ament_index/resource_index/packages/movit_config
[0.292s] -- Up-to-date: /home/darsh/ros2_ws/src/UR3_ROS2_PICK_AND_PLACE/install/movit_config/share/movit_config/cmake/movit_configConfig.cmake
[0.293s] -- Up-to-date: /home/darsh/ros2_ws/src/UR3_ROS2_PICK_AND_PLACE/install/movit_config/share/movit_config/cmake/movit_configConfig-version.cmake
[0.293s] -- Up-to-date: /home/darsh/ros2_ws/src/UR3_ROS2_PICK_AND_PLACE/install/movit_config/share/movit_config/package.xml
[0.293s] -- Up-to-date: /home/darsh/ros2_ws/src/UR3_ROS2_PICK_AND_PLACE/install/movit_config/share/movit_config/launch
[0.293s] -- Up-to-date: /home/darsh/ros2_ws/src/UR3_ROS2_PICK_AND_PLACE/install/movit_config/share/movit_config/launch/move_group.launch.py
[0.294s] -- Up-to-date: /home/darsh/ros2_ws/src/UR3_ROS2_PICK_AND_PLACE/install/movit_config/share/movit_config/config
[0.294s] -- Up-to-date: /home/darsh/ros2_ws/src/UR3_ROS2_PICK_AND_PLACE/install/movit_config/share/movit_config/config/ur.urdf.xacro
[0.294s] -- Up-to-date: /home/darsh/ros2_ws/src/UR3_ROS2_PICK_AND_PLACE/install/movit_config/share/movit_config/config/initial_positions.yaml
[0.295s] -- Up-to-date: /home/darsh/ros2_ws/src/UR3_ROS2_PICK_AND_PLACE/install/movit_config/share/movit_config/config/ur.srdf
[0.295s] -- Up-to-date: /home/darsh/ros2_ws/src/UR3_ROS2_PICK_AND_PLACE/install/movit_config/share/movit_config/config/pilz_cartesian_limits.yaml
[0.296s] -- Up-to-date: /home/darsh/ros2_ws/src/UR3_ROS2_PICK_AND_PLACE/install/movit_config/share/movit_config/config/ros2_controllers.yaml
[0.296s] -- Up-to-date: /home/darsh/ros2_ws/src/UR3_ROS2_PICK_AND_PLACE/install/movit_config/share/movit_config/config/kinematics.yaml
[0.296s] -- Up-to-date: /home/darsh/ros2_ws/src/UR3_ROS2_PICK_AND_PLACE/install/movit_config/share/movit_config/config/joint_limits.yaml
[0.297s] -- Up-to-date: /home/darsh/ros2_ws/src/UR3_ROS2_PICK_AND_PLACE/install/movit_config/share/movit_config/config/ur.ros2_control.xacro
[0.299s] -- Up-to-date: /home/darsh/ros2_ws/src/UR3_ROS2_PICK_AND_PLACE/install/movit_config/share/movit_config/config/moveit.rviz
[0.300s] -- Up-to-date: /home/darsh/ros2_ws/src/UR3_ROS2_PICK_AND_PLACE/install/movit_config/share/movit_config/config/moveit_controllers.yaml
[0.301s] -- Up-to-date: /home/darsh/ros2_ws/src/UR3_ROS2_PICK_AND_PLACE/install/movit_config/share/movit_config/config/ur.urdf
[0.303s] -- Up-to-date: /home/darsh/ros2_ws/src/UR3_ROS2_PICK_AND_PLACE/install/movit_config/share/movit_config/config/sensors_3d.yaml
[0.303s] -- Up-to-date: /home/darsh/ros2_ws/src/UR3_ROS2_PICK_AND_PLACE/install/movit_config/share/movit_config/.setup_assistant
[0.304s] Invoked command in '/home/darsh/ros2_ws/src/UR3_ROS2_PICK_AND_PLACE/build/movit_config' returned '0': AMENT_PREFIX_PATH=/home/darsh/ros2_ws/src/UR3_ROS2_PICK_AND_PLACE/install/warehouse_ros_mongo:/home/darsh/ros2_ws/src/UR3_ROS2_PICK_AND_PLACE/install/ur_description:${AMENT_PREFIX_PATH} CMAKE_MODULE_PATH=/home/darsh/ros2_ws/src/UR3_ROS2_PICK_AND_PLACE/install/warehouse_ros_mongo/share/warehouse_ros_mongo/cmake CMAKE_PREFIX_PATH=/home/darsh/ros2_ws/src/UR3_ROS2_PICK_AND_PLACE/install/warehouse_ros_mongo:/home/darsh/ros2_ws/src/UR3_ROS2_PICK_AND_PLACE/install/ur_description:/opt/ros/jazzy/opt/gz_sim_vendor:/opt/ros/jazzy/opt/gz_sensors_vendor:/opt/ros/jazzy/opt/gz_physics_vendor:/opt/ros/jazzy/opt/sdformat_vendor:/opt/ros/jazzy/opt/gz_gui_vendor:/opt/ros/jazzy/opt/gz_transport_vendor:/opt/ros/jazzy/opt/gz_rendering_vendor:/opt/ros/jazzy/opt/gz_plugin_vendor:/opt/ros/jazzy/opt/gz_fuel_tools_vendor:/opt/ros/jazzy/opt/gz_msgs_vendor:/opt/ros/jazzy/opt/gz_common_vendor:/opt/ros/jazzy/opt/gz_tools_vendor:/opt/ros/jazzy/opt/gz_ogre_next_vendor:/opt/ros/jazzy/opt/gz_dartsim_vendor:/opt/ros/jazzy/opt/gz_math_vendor:/opt/ros/jazzy/opt/gz_utils_vendor:/opt/ros/jazzy/opt/gz_cmake_vendor:/opt/ros/jazzy LD_LIBRARY_PATH=/home/darsh/ros2_ws/src/UR3_ROS2_PICK_AND_PLACE/install/warehouse_ros_mongo/lib:${LD_LIBRARY_PATH} PYTHONPATH=/home/darsh/ros2_ws/src/UR3_ROS2_PICK_AND_PLACE/install/warehouse_ros_mongo/lib/python3.12/site-packages:${PYTHONPATH} /usr/bin/cmake --install /home/darsh/ros2_ws/src/UR3_ROS2_PICK_AND_PLACE/build/movit_config
