[0.300s] Invoking command in '/home/darsh/UR3_ROS2_PICK_AND_PLACE/build/ur_mtc_pick_place_demo': AMENT_PREFIX_PATH=/home/darsh/UR3_ROS2_PICK_AND_PLACE/install/moveit_task_constructor_core:/home/darsh/UR3_ROS2_PICK_AND_PLACE/install/ur_interfaces:/home/darsh/UR3_ROS2_PICK_AND_PLACE/install/rviz_marker_tools:/home/darsh/UR3_ROS2_PICK_AND_PLACE/install/moveit_task_constructor_msgs:${AMENT_PREFIX_PATH} CMAKE_MODULE_PATH=/home/darsh/UR3_ROS2_PICK_AND_PLACE/install/moveit_task_constructor_core/share/moveit_task_constructor_core/cmake CMAKE_PREFIX_PATH=/home/darsh/UR3_ROS2_PICK_AND_PLACE/install/moveit_task_constructor_core:/home/darsh/UR3_ROS2_PICK_AND_PLACE/install/ur_interfaces:/home/darsh/UR3_ROS2_PICK_AND_PLACE/install/rviz_marker_tools:/home/darsh/UR3_ROS2_PICK_AND_PLACE/install/moveit_task_constructor_msgs:/opt/ros/jazzy/opt/gz_sim_vendor:/opt/ros/jazzy/opt/gz_sensors_vendor:/opt/ros/jazzy/opt/gz_physics_vendor:/opt/ros/jazzy/opt/sdformat_vendor:/opt/ros/jazzy/opt/gz_gui_vendor:/opt/ros/jazzy/opt/gz_transport_vendor:/opt/ros/jazzy/opt/gz_rendering_vendor:/opt/ros/jazzy/opt/gz_plugin_vendor:/opt/ros/jazzy/opt/gz_fuel_tools_vendor:/opt/ros/jazzy/opt/gz_msgs_vendor:/opt/ros/jazzy/opt/gz_common_vendor:/opt/ros/jazzy/opt/gz_math_vendor:/opt/ros/jazzy/opt/gz_utils_vendor:/opt/ros/jazzy/opt/gz_tools_vendor:/opt/ros/jazzy/opt/gz_ogre_next_vendor:/opt/ros/jazzy/opt/gz_dartsim_vendor:/opt/ros/jazzy/opt/gz_cmake_vendor:/opt/ros/jazzy LD_LIBRARY_PATH=/home/darsh/UR3_ROS2_PICK_AND_PLACE/install/moveit_task_constructor_core/lib:/home/darsh/UR3_ROS2_PICK_AND_PLACE/install/ur_interfaces/lib:/home/darsh/UR3_ROS2_PICK_AND_PLACE/install/rviz_marker_tools/lib:/home/darsh/UR3_ROS2_PICK_AND_PLACE/install/moveit_task_constructor_msgs/lib:${LD_LIBRARY_PATH} PYTHONPATH=/home/darsh/UR3_ROS2_PICK_AND_PLACE/install/moveit_task_constructor_core/lib/python3.12/site-packages:/home/darsh/UR3_ROS2_PICK_AND_PLACE/install/ur_interfaces/lib/python3.12/site-packages:/home/darsh/UR3_ROS2_PICK_AND_PLACE/install/moveit_task_constructor_msgs/lib/python3.12/site-packages:${PYTHONPATH} /usr/bin/cmake /home/darsh/UR3_ROS2_PICK_AND_PLACE/ur_mtc_pick_place_demo -DCMAKE_INSTALL_PREFIX=/home/darsh/UR3_ROS2_PICK_AND_PLACE/install/ur_mtc_pick_place_demo
[0.416s] -- The C compiler identification is GNU 13.3.0
[0.914s] -- The CXX compiler identification is GNU 13.3.0
[1.308s] -- Detecting C compiler ABI info
[1.522s] -- Detecting C compiler ABI info - done
[1.528s] -- Check for working C compiler: /usr/bin/cc - skipped
[1.528s] -- Detecting C compile features
[1.529s] -- Detecting C compile features - done
[1.581s] -- Detecting CXX compiler ABI info
[1.839s] -- Detecting CXX compiler ABI info - done
[1.861s] -- Check for working CXX compiler: /usr/bin/c++ - skipped
[1.861s] -- Detecting CXX compile features
[1.862s] -- Detecting CXX compile features - done
[1.867s] -- Found ament_cmake: 2.5.3 (/opt/ros/jazzy/share/ament_cmake/cmake)
[2.077s] -- Found Python3: /usr/bin/python3 (found version "3.12.3") found components: Interpreter 
[2.235s] -- Found generate_parameter_library: 0.4.0 (/opt/ros/jazzy/share/generate_parameter_library/cmake)
[2.243s] -- Found parameter_traits: 0.4.0 (/opt/ros/jazzy/share/parameter_traits/cmake)
[2.477s] -- Found rosidl_generator_c: 4.6.5 (/opt/ros/jazzy/share/rosidl_generator_c/cmake)
[2.500s] -- Found rosidl_generator_cpp: 4.6.5 (/opt/ros/jazzy/share/rosidl_generator_cpp/cmake)
[2.526s] -- Using all available rosidl_typesupport_c: rosidl_typesupport_fastrtps_c;rosidl_typesupport_introspection_c
[2.556s] -- Using all available rosidl_typesupport_cpp: rosidl_typesupport_fastrtps_cpp;rosidl_typesupport_introspection_cpp
[2.675s] -- Found rmw_implementation_cmake: 7.3.1 (/opt/ros/jazzy/share/rmw_implementation_cmake/cmake)
[2.680s] -- Found rmw_fastrtps_cpp: 8.4.1 (/opt/ros/jazzy/share/rmw_fastrtps_cpp/cmake)
[2.789s] -- Found OpenSSL: /usr/lib/x86_64-linux-gnu/libcrypto.so (found version "3.0.13")  
[2.929s] -- Found FastRTPS: /opt/ros/jazzy/include (Required is at least version "2.13") 
[3.012s] -- Using RMW implementation 'rmw_fastrtps_cpp' as default
[3.198s] -- Found rclcpp_lifecycle: 28.1.6 (/opt/ros/jazzy/share/rclcpp_lifecycle/cmake)
[3.275s] -- Found moveit_common: 2.12.2 (/opt/ros/jazzy/share/moveit_common/cmake)
[3.387s] -- Found moveit_core: 2.12.2 (/opt/ros/jazzy/share/moveit_core/cmake)
[3.724s] -- Found Boost: /usr/lib/x86_64-linux-gnu/cmake/Boost-1.83.0/BoostConfig.cmake (found version "1.83.0") found components: chrono date_time filesystem iostreams program_options regex serialization system thread 
[4.687s] -- Found Boost: /usr/lib/x86_64-linux-gnu/cmake/Boost-1.83.0/BoostConfig.cmake (found version "1.83.0") found components: filesystem 
[4.922s] -- Found Eigen3: TRUE (found version "3.4.0") 
[4.922s] -- Ensuring Eigen3 include directory is part of orocos-kdl CMake target
[5.499s] -- Found moveit_ros_planning: 2.12.2 (/opt/ros/jazzy/share/moveit_ros_planning/cmake)
[5.506s] -- Found Boost: /usr/lib/x86_64-linux-gnu/cmake/Boost-1.83.0/BoostConfig.cmake (found version "1.83.0") found components: system filesystem date_time program_options thread chrono 
[5.567s] -- Found moveit_ros_planning_interface: 2.12.2 (/opt/ros/jazzy/share/moveit_ros_planning_interface/cmake)
[5.573s] -- Found Boost: /usr/lib/x86_64-linux-gnu/cmake/Boost-1.83.0/BoostConfig.cmake (found version "1.83.0") found components: date_time filesystem program_options system thread 
[5.597s] -- Found Boost: /usr/lib/x86_64-linux-gnu/cmake/Boost-1.83.0/BoostConfig.cmake (found version "1.83.0") found components: thread system filesystem regex date_time program_options 
[5.644s] -- Found Boost: /usr/lib/x86_64-linux-gnu/cmake/Boost-1.83.0/BoostConfig.cmake (found version "1.83.0") found components: system filesystem date_time program_options thread 
[5.736s] -- Found moveit_task_constructor_core: 0.1.3 (/home/darsh/UR3_ROS2_PICK_AND_PLACE/install/moveit_task_constructor_core/share/moveit_task_constructor_core/cmake)
[5.845s] -- Found ur_interfaces: 0.0.0 (/home/darsh/UR3_ROS2_PICK_AND_PLACE/install/ur_interfaces/share/ur_interfaces/cmake)
[5.945s] -- Found Boost: /usr/lib/x86_64-linux-gnu/cmake/Boost-1.83.0/BoostConfig.cmake (found suitable version "1.83.0", minimum required is "1.65.0") found components: system filesystem iostreams serialization 
[5.947s] [33mCMake Warning (dev) at /usr/lib/x86_64-linux-gnu/cmake/pcl/Modules/FindFLANN.cmake:45 (find_package):
[5.947s]   Policy CMP0144 is not set: find_package uses upper-case <PACKAGENAME>_ROOT
[5.948s]   variables.  Run "cmake --help-policy CMP0144" for policy details.  Use the
[5.948s]   cmake_policy command to set the policy and suppress this warning.
[5.948s] 
[5.948s]   CMake variable FLANN_ROOT is set to:
[5.948s] 
[5.948s]     /usr
[5.948s] 
[5.948s]   For compatibility, find_package is ignoring the variable, but code in a
[5.948s]   .cmake module might still use it.
[5.948s] Call Stack (most recent call first):
[5.949s]   /usr/lib/x86_64-linux-gnu/cmake/pcl/PCLConfig.cmake:261 (find_package)
[5.949s]   /usr/lib/x86_64-linux-gnu/cmake/pcl/PCLConfig.cmake:306 (find_flann)
[5.949s]   /usr/lib/x86_64-linux-gnu/cmake/pcl/PCLConfig.cmake:570 (find_external_library)
[5.949s]   CMakeLists.txt:52 (find_package)
[5.949s] This warning is for project developers.  Use -Wno-dev to suppress it.
[5.949s] [0m
[5.952s] -- Found flann version 1.9.2
[7.216s] -- Found OpenMP_CXX: -fopenmp (found version "4.5") 
[7.224s] -- Found OpenMP: TRUE (found version "4.5") found components: CXX 
[7.332s] -- Found Threads: TRUE  
[7.338s] -- Found GLEW: /usr/lib/x86_64-linux-gnu/libGLEW.so  
[7.421s] -- Found OpenGL: /usr/lib/x86_64-linux-gnu/libOpenGL.so  found components: OpenGL GLX 
[8.053s] -- Found MPI_C: /usr/lib/x86_64-linux-gnu/libmpi.so (found version "3.1") 
[8.053s] -- Found MPI: TRUE (found version "3.1") found components: C 
[8.055s] -- Found JsonCpp: /usr/lib/x86_64-linux-gnu/libjsoncpp.so (found suitable version "1.9.5", minimum required is "0.7.0") 
[8.551s] -- Found ZLIB: /usr/lib/x86_64-linux-gnu/libz.so (found version "1.3")  
[9.013s] -- Found PNG: /usr/lib/x86_64-linux-gnu/libpng.so (found version "1.6.43") 
[9.071s] -- Found Eigen3: /usr/include/eigen3 (found version "3.4.0") 
[11.951s] -- Found X11: /usr/include   
[11.951s] -- Looking for XOpenDisplay in /usr/lib/x86_64-linux-gnu/libX11.so;/usr/lib/x86_64-linux-gnu/libXext.so
[12.333s] -- Looking for XOpenDisplay in /usr/lib/x86_64-linux-gnu/libX11.so;/usr/lib/x86_64-linux-gnu/libXext.so - found
[12.334s] -- Looking for gethostbyname
[12.749s] -- Looking for gethostbyname - found
[12.750s] -- Looking for connect
[13.085s] -- Looking for connect - found
[13.086s] -- Looking for remove
[13.466s] -- Looking for remove - found
[13.467s] -- Looking for shmat
[13.916s] -- Looking for shmat - found
[13.916s] -- Looking for IceConnectionNumber in ICE
[14.351s] -- Looking for IceConnectionNumber in ICE - found
[16.562s] -- Found EXPAT: /usr/lib/x86_64-linux-gnu/libexpat.so (found version "2.6.1") 
[16.566s] -- Found double-conversion: /usr/lib/x86_64-linux-gnu/libdouble-conversion.so  
[16.572s] -- Found LZ4: /usr/lib/x86_64-linux-gnu/liblz4.so (found version "1.9.4") 
[16.577s] -- Found LZMA: /usr/lib/x86_64-linux-gnu/liblzma.so (found version "5.4.5") 
[16.865s] -- Found JPEG: /usr/lib/x86_64-linux-gnu/libjpeg.so (found version "80") 
[17.763s] -- Found TIFF: /usr/lib/x86_64-linux-gnu/libtiff.so (found version "4.5.1")  
[17.769s] -- Found Freetype: /usr/lib/x86_64-linux-gnu/libfreetype.so (found version "2.13.2") 
[17.794s] -- Found utf8cpp: /usr/include/utf8cpp  
[18.227s] -- Checking for module 'libusb-1.0'
[18.325s] --   Found libusb-1.0, version 1.0.27
[18.550s] -- Found libusb: /usr/lib/x86_64-linux-gnu/libusb-1.0.so  
[18.553s] -- Found OpenNI: /usr/lib/libOpenNI.so;libusb::libusb (found version "1.5.4.0") 
[18.554s] -- OpenNI found (version: 1.5.4.0, include: /usr/include/ni, lib: /usr/lib/libOpenNI.so;libusb::libusb)
[18.960s] -- Found OpenNI2: /usr/lib/x86_64-linux-gnu/libOpenNI2.so;libusb::libusb (found version "2.2.0.33") 
[18.960s] -- OpenNI2 found (version: 2.2.0.33, include: /usr/include/openni2, lib: /usr/lib/x86_64-linux-gnu/libOpenNI2.so;libusb::libusb)
[19.010s] -- Found Pcap: /usr/lib/x86_64-linux-gnu/libpcap.so  
[26.699s] -- OpenNI found (version: 1.5.4.0, include: /usr/include/ni, lib: /usr/lib/libOpenNI.so;libusb::libusb)
[26.730s] -- OpenNI2 found (version: 2.2.0.33, include: /usr/include/openni2, lib: /usr/lib/x86_64-linux-gnu/libOpenNI2.so;libusb::libusb)
[34.581s] -- Found Qhull version 8.0.2
[41.806s] -- OpenNI found (version: 1.5.4.0, include: /usr/include/ni, lib: /usr/lib/libOpenNI.so;libusb::libusb)
[49.590s] -- looking for PCL_COMMON
[49.591s] -- Found PCL_COMMON: /usr/lib/x86_64-linux-gnu/libpcl_common.so  
[49.591s] -- looking for PCL_KDTREE
[49.592s] -- Found PCL_KDTREE: /usr/lib/x86_64-linux-gnu/libpcl_kdtree.so  
[49.593s] -- looking for PCL_OCTREE
[49.593s] -- Found PCL_OCTREE: /usr/lib/x86_64-linux-gnu/libpcl_octree.so  
[49.594s] -- looking for PCL_SEARCH
[49.595s] -- Found PCL_SEARCH: /usr/lib/x86_64-linux-gnu/libpcl_search.so  
[49.595s] -- looking for PCL_SAMPLE_CONSENSUS
[49.596s] -- Found PCL_SAMPLE_CONSENSUS: /usr/lib/x86_64-linux-gnu/libpcl_sample_consensus.so  
[49.596s] -- looking for PCL_FILTERS
[49.597s] -- Found PCL_FILTERS: /usr/lib/x86_64-linux-gnu/libpcl_filters.so  
[49.597s] -- looking for PCL_2D
[49.598s] -- Found PCL_2D: /usr/include/pcl-1.14  
[49.598s] -- looking for PCL_GEOMETRY
[49.598s] -- Found PCL_GEOMETRY: /usr/include/pcl-1.14  
[49.598s] -- looking for PCL_IO
[49.599s] -- Found PCL_IO: /usr/lib/x86_64-linux-gnu/libpcl_io.so  
[49.600s] -- looking for PCL_FEATURES
[49.601s] -- Found PCL_FEATURES: /usr/lib/x86_64-linux-gnu/libpcl_features.so  
[49.601s] -- looking for PCL_ML
[49.602s] -- Found PCL_ML: /usr/lib/x86_64-linux-gnu/libpcl_ml.so  
[49.602s] -- looking for PCL_SEGMENTATION
[49.603s] -- Found PCL_SEGMENTATION: /usr/lib/x86_64-linux-gnu/libpcl_segmentation.so  
[49.604s] -- looking for PCL_VISUALIZATION
[49.605s] -- Found PCL_VISUALIZATION: /usr/lib/x86_64-linux-gnu/libpcl_visualization.so  
[49.605s] -- looking for PCL_SURFACE
[49.606s] -- Found PCL_SURFACE: /usr/lib/x86_64-linux-gnu/libpcl_surface.so  
[49.607s] -- looking for PCL_REGISTRATION
[49.608s] -- Found PCL_REGISTRATION: /usr/lib/x86_64-linux-gnu/libpcl_registration.so  
[49.608s] -- looking for PCL_KEYPOINTS
[49.609s] -- Found PCL_KEYPOINTS: /usr/lib/x86_64-linux-gnu/libpcl_keypoints.so  
[49.610s] -- looking for PCL_TRACKING
[49.611s] -- Found PCL_TRACKING: /usr/lib/x86_64-linux-gnu/libpcl_tracking.so  
[49.611s] -- looking for PCL_RECOGNITION
[49.612s] -- Found PCL_RECOGNITION: /usr/lib/x86_64-linux-gnu/libpcl_recognition.so  
[49.613s] -- looking for PCL_STEREO
[49.614s] -- Found PCL_STEREO: /usr/lib/x86_64-linux-gnu/libpcl_stereo.so  
[49.614s] -- looking for PCL_APPS
[49.615s] -- Found PCL_APPS: /usr/lib/x86_64-linux-gnu/libpcl_apps.so  
[49.616s] -- looking for PCL_IN_HAND_SCANNER
[49.616s] -- Found PCL_IN_HAND_SCANNER: /usr/include/pcl-1.14  
[49.616s] -- looking for PCL_MODELER
[49.617s] -- Found PCL_MODELER: /usr/include/pcl-1.14  
[49.617s] -- looking for PCL_POINT_CLOUD_EDITOR
[49.618s] -- Found PCL_POINT_CLOUD_EDITOR: /usr/include/pcl-1.14  
[49.618s] -- looking for PCL_OUTOFCORE
[49.620s] -- Found PCL_OUTOFCORE: /usr/lib/x86_64-linux-gnu/libpcl_outofcore.so  
[49.620s] -- looking for PCL_PEOPLE
[49.621s] -- Found PCL_PEOPLE: /usr/lib/x86_64-linux-gnu/libpcl_people.so  
[49.622s] -- Found PCL: pcl_common;pcl_kdtree;pcl_octree;pcl_search;pcl_sample_consensus;pcl_filters;pcl_io;pcl_features;pcl_ml;pcl_segmentation;pcl_visualization;pcl_surface;pcl_registration;pcl_keypoints;pcl_tracking;pcl_recognition;pcl_stereo;pcl_apps;pcl_outofcore;pcl_people;Boost::system;Boost::filesystem;Boost::iostreams;Boost::serialization;/usr/lib/libOpenNI.so;libusb::libusb;/usr/lib/x86_64-linux-gnu/libOpenNI2.so;libusb::libusb;VTK::ChartsCore;VTK::CommonColor;VTK::CommonComputationalGeometry;VTK::CommonCore;VTK::CommonDataModel;VTK::CommonExecutionModel;VTK::CommonMath;VTK::CommonMisc;VTK::CommonTransforms;VTK::FiltersCore;VTK::FiltersExtraction;VTK::FiltersGeneral;VTK::FiltersGeometry;VTK::FiltersModeling;VTK::FiltersSources;VTK::ImagingCore;VTK::ImagingSources;VTK::InteractionImage;VTK::InteractionStyle;VTK::InteractionWidgets;VTK::IOCore;VTK::IOGeometry;VTK::IOImage;VTK::IOLegacy;VTK::IOPLY;VTK::RenderingAnnotation;VTK::RenderingCore;VTK::RenderingContext2D;VTK::RenderingLOD;VTK::RenderingFreeType;VTK::ViewsCore;VTK::ViewsContext2D;VTK::RenderingOpenGL2;VTK::RenderingContextOpenGL2;VTK::GUISupportQt;FLANN::FLANN;QHULL::QHULL  
[49.627s] -- Found pcl_conversions: 2.6.2 (/opt/ros/jazzy/share/pcl_conversions/cmake)
[50.641s] [31mCMake Error at CMakeLists.txt:52 (find_package):
[50.641s]   By not providing "Findpcl_ros.cmake" in CMAKE_MODULE_PATH this project has
[50.641s]   asked CMake to find a package configuration file provided by "pcl_ros", but
[50.641s]   CMake did not find one.
[50.642s] 
[50.642s]   Could not find a package configuration file provided by "pcl_ros" with any
[50.642s]   of the following names:
[50.642s] 
[50.642s]     pcl_rosConfig.cmake
[50.642s]     pcl_ros-config.cmake
[50.642s] 
[50.642s]   Add the installation prefix of "pcl_ros" to CMAKE_PREFIX_PATH or set
[50.642s]   "pcl_ros_DIR" to a directory containing one of the above files.  If
[50.642s]   "pcl_ros" provides a separate development package or SDK, be sure it has
[50.642s]   been installed.
[50.642s] 
[50.643s] [0m
[50.647s] -- Configuring incomplete, errors occurred!
[50.670s] Invoked command in '/home/darsh/UR3_ROS2_PICK_AND_PLACE/build/ur_mtc_pick_place_demo' returned '1': AMENT_PREFIX_PATH=/home/darsh/UR3_ROS2_PICK_AND_PLACE/install/moveit_task_constructor_core:/home/darsh/UR3_ROS2_PICK_AND_PLACE/install/ur_interfaces:/home/darsh/UR3_ROS2_PICK_AND_PLACE/install/rviz_marker_tools:/home/darsh/UR3_ROS2_PICK_AND_PLACE/install/moveit_task_constructor_msgs:${AMENT_PREFIX_PATH} CMAKE_MODULE_PATH=/home/darsh/UR3_ROS2_PICK_AND_PLACE/install/moveit_task_constructor_core/share/moveit_task_constructor_core/cmake CMAKE_PREFIX_PATH=/home/darsh/UR3_ROS2_PICK_AND_PLACE/install/moveit_task_constructor_core:/home/darsh/UR3_ROS2_PICK_AND_PLACE/install/ur_interfaces:/home/darsh/UR3_ROS2_PICK_AND_PLACE/install/rviz_marker_tools:/home/darsh/UR3_ROS2_PICK_AND_PLACE/install/moveit_task_constructor_msgs:/opt/ros/jazzy/opt/gz_sim_vendor:/opt/ros/jazzy/opt/gz_sensors_vendor:/opt/ros/jazzy/opt/gz_physics_vendor:/opt/ros/jazzy/opt/sdformat_vendor:/opt/ros/jazzy/opt/gz_gui_vendor:/opt/ros/jazzy/opt/gz_transport_vendor:/opt/ros/jazzy/opt/gz_rendering_vendor:/opt/ros/jazzy/opt/gz_plugin_vendor:/opt/ros/jazzy/opt/gz_fuel_tools_vendor:/opt/ros/jazzy/opt/gz_msgs_vendor:/opt/ros/jazzy/opt/gz_common_vendor:/opt/ros/jazzy/opt/gz_math_vendor:/opt/ros/jazzy/opt/gz_utils_vendor:/opt/ros/jazzy/opt/gz_tools_vendor:/opt/ros/jazzy/opt/gz_ogre_next_vendor:/opt/ros/jazzy/opt/gz_dartsim_vendor:/opt/ros/jazzy/opt/gz_cmake_vendor:/opt/ros/jazzy LD_LIBRARY_PATH=/home/darsh/UR3_ROS2_PICK_AND_PLACE/install/moveit_task_constructor_core/lib:/home/darsh/UR3_ROS2_PICK_AND_PLACE/install/ur_interfaces/lib:/home/darsh/UR3_ROS2_PICK_AND_PLACE/install/rviz_marker_tools/lib:/home/darsh/UR3_ROS2_PICK_AND_PLACE/install/moveit_task_constructor_msgs/lib:${LD_LIBRARY_PATH} PYTHONPATH=/home/darsh/UR3_ROS2_PICK_AND_PLACE/install/moveit_task_constructor_core/lib/python3.12/site-packages:/home/darsh/UR3_ROS2_PICK_AND_PLACE/install/ur_interfaces/lib/python3.12/site-packages:/home/darsh/UR3_ROS2_PICK_AND_PLACE/install/moveit_task_constructor_msgs/lib/python3.12/site-packages:${PYTHONPATH} /usr/bin/cmake /home/darsh/UR3_ROS2_PICK_AND_PLACE/ur_mtc_pick_place_demo -DCMAKE_INSTALL_PREFIX=/home/darsh/UR3_ROS2_PICK_AND_PLACE/install/ur_mtc_pick_place_demo
