[0.034s] Invoking command in '/home/darsh/UR3_ROS2_PICK_AND_PLACE/build/ur_interfaces': CMAKE_PREFIX_PATH=${CMAKE_PREFIX_PATH}:/opt/ros/jazzy /usr/bin/cmake --build /home/darsh/UR3_ROS2_PICK_AND_PLACE/build/ur_interfaces -- -j4 -l4
[0.092s] [  2%] Built target ur_interfaces__rosidl_generator_type_description
[0.154s] [  2%] Built target ament_cmake_python_copy_ur_interfaces
[0.196s] [ 17%] Built target ur_interfaces__rosidl_generator_c
[0.624s] running egg_info
[0.662s] writing ur_interfaces.egg-info/PKG-INFO
[0.663s] writing dependency_links to ur_interfaces.egg-info/dependency_links.txt
[0.663s] writing top-level names to ur_interfaces.egg-info/top_level.txt
[0.760s] reading manifest file 'ur_interfaces.egg-info/SOURCES.txt'
[0.760s] writing manifest file 'ur_interfaces.egg-info/SOURCES.txt'
[0.824s] [ 17%] Built target ament_cmake_python_build_ur_interfaces_egg
[0.863s] [ 26%] Built target ur_interfaces__rosidl_typesupport_introspection_c
[0.929s] [ 35%] Built target ur_interfaces__rosidl_typesupport_c
[0.957s] [ 44%] Built target ur_interfaces__rosidl_typesupport_fastrtps_c
[0.982s] [ 47%] Built target ur_interfaces__cpp
[1.025s] [ 55%] Built target ur_interfaces__rosidl_typesupport_cpp
[1.052s] [ 64%] Built target ur_interfaces__rosidl_typesupport_introspection_cpp
[1.080s] [ 73%] Built target ur_interfaces__rosidl_typesupport_fastrtps_cpp
[1.103s] [ 73%] Built target ur_interfaces
[1.127s] [ 76%] Built target ur_interfaces__py
[1.157s] [ 82%] Built target ur_interfaces__rosidl_generator_py
[1.183s] [ 88%] Built target ur_interfaces_s__rosidl_typesupport_fastrtps_c
[1.209s] [ 94%] Built target ur_interfaces_s__rosidl_typesupport_c
[1.236s] [100%] Built target ur_interfaces_s__rosidl_typesupport_introspection_c
[1.277s] Invoked command in '/home/darsh/UR3_ROS2_PICK_AND_PLACE/build/ur_interfaces' returned '0': CMAKE_PREFIX_PATH=${CMAKE_PREFIX_PATH}:/opt/ros/jazzy /usr/bin/cmake --build /home/darsh/UR3_ROS2_PICK_AND_PLACE/build/ur_interfaces -- -j4 -l4
[1.279s] Invoking command in '/home/darsh/UR3_ROS2_PICK_AND_PLACE/build/ur_interfaces': CMAKE_PREFIX_PATH=${CMAKE_PREFIX_PATH}:/opt/ros/jazzy /usr/bin/cmake --install /home/darsh/UR3_ROS2_PICK_AND_PLACE/build/ur_interfaces
[1.290s] -- Install configuration: ""
[1.301s] -- Up-to-date: /home/darsh/UR3_ROS2_PICK_AND_PLACE/install/ur_interfaces/share/ament_index/resource_index/rosidl_interfaces/ur_interfaces
[1.301s] -- Up-to-date: /home/darsh/UR3_ROS2_PICK_AND_PLACE/install/ur_interfaces/share/ur_interfaces/srv/GetPlanningScene.json
[1.301s] -- Up-to-date: /home/darsh/UR3_ROS2_PICK_AND_PLACE/install/ur_interfaces/include/ur_interfaces/ur_interfaces
[1.301s] -- Up-to-date: /home/darsh/UR3_ROS2_PICK_AND_PLACE/install/ur_interfaces/include/ur_interfaces/ur_interfaces/msg
[1.301s] -- Up-to-date: /home/darsh/UR3_ROS2_PICK_AND_PLACE/install/ur_interfaces/include/ur_interfaces/ur_interfaces/msg/rosidl_generator_c__visibility_control.h
[1.301s] -- Up-to-date: /home/darsh/UR3_ROS2_PICK_AND_PLACE/install/ur_interfaces/include/ur_interfaces/ur_interfaces/srv
[1.301s] -- Up-to-date: /home/darsh/UR3_ROS2_PICK_AND_PLACE/install/ur_interfaces/include/ur_interfaces/ur_interfaces/srv/get_planning_scene.h
[1.302s] -- Up-to-date: /home/darsh/UR3_ROS2_PICK_AND_PLACE/install/ur_interfaces/include/ur_interfaces/ur_interfaces/srv/detail
[1.302s] -- Up-to-date: /home/darsh/UR3_ROS2_PICK_AND_PLACE/install/ur_interfaces/include/ur_interfaces/ur_interfaces/srv/detail/get_planning_scene__functions.h
[1.302s] -- Up-to-date: /home/darsh/UR3_ROS2_PICK_AND_PLACE/install/ur_interfaces/include/ur_interfaces/ur_interfaces/srv/detail/get_planning_scene__functions.c
[1.302s] -- Up-to-date: /home/darsh/UR3_ROS2_PICK_AND_PLACE/install/ur_interfaces/include/ur_interfaces/ur_interfaces/srv/detail/get_planning_scene__description.c
[1.308s] -- Up-to-date: /home/darsh/UR3_ROS2_PICK_AND_PLACE/install/ur_interfaces/include/ur_interfaces/ur_interfaces/srv/detail/get_planning_scene__struct.h
[1.309s] -- Up-to-date: /home/darsh/UR3_ROS2_PICK_AND_PLACE/install/ur_interfaces/include/ur_interfaces/ur_interfaces/srv/detail/get_planning_scene__type_support.c
[1.309s] -- Up-to-date: /home/darsh/UR3_ROS2_PICK_AND_PLACE/install/ur_interfaces/include/ur_interfaces/ur_interfaces/srv/detail/get_planning_scene__type_support.h
[1.309s] -- Up-to-date: /home/darsh/UR3_ROS2_PICK_AND_PLACE/install/ur_interfaces/share/ur_interfaces/environment/library_path.sh
[1.309s] -- Up-to-date: /home/darsh/UR3_ROS2_PICK_AND_PLACE/install/ur_interfaces/share/ur_interfaces/environment/library_path.dsv
[1.309s] -- Up-to-date: /home/darsh/UR3_ROS2_PICK_AND_PLACE/install/ur_interfaces/lib/libur_interfaces__rosidl_generator_c.so
[1.309s] -- Up-to-date: /home/darsh/UR3_ROS2_PICK_AND_PLACE/install/ur_interfaces/include/ur_interfaces/ur_interfaces
[1.309s] -- Up-to-date: /home/darsh/UR3_ROS2_PICK_AND_PLACE/install/ur_interfaces/include/ur_interfaces/ur_interfaces/msg
[1.316s] -- Up-to-date: /home/darsh/UR3_ROS2_PICK_AND_PLACE/install/ur_interfaces/include/ur_interfaces/ur_interfaces/msg/rosidl_typesupport_fastrtps_c__visibility_control.h
[1.317s] -- Up-to-date: /home/darsh/UR3_ROS2_PICK_AND_PLACE/install/ur_interfaces/include/ur_interfaces/ur_interfaces/srv
[1.320s] -- Up-to-date: /home/darsh/UR3_ROS2_PICK_AND_PLACE/install/ur_interfaces/include/ur_interfaces/ur_interfaces/srv/detail
[1.320s] -- Up-to-date: /home/darsh/UR3_ROS2_PICK_AND_PLACE/install/ur_interfaces/include/ur_interfaces/ur_interfaces/srv/detail/get_planning_scene__rosidl_typesupport_fastrtps_c.h
[1.321s] -- Up-to-date: /home/darsh/UR3_ROS2_PICK_AND_PLACE/install/ur_interfaces/lib/libur_interfaces__rosidl_typesupport_fastrtps_c.so
[1.321s] -- Up-to-date: /home/darsh/UR3_ROS2_PICK_AND_PLACE/install/ur_interfaces/include/ur_interfaces/ur_interfaces
[1.321s] -- Up-to-date: /home/darsh/UR3_ROS2_PICK_AND_PLACE/install/ur_interfaces/include/ur_interfaces/ur_interfaces/msg
[1.321s] -- Up-to-date: /home/darsh/UR3_ROS2_PICK_AND_PLACE/install/ur_interfaces/include/ur_interfaces/ur_interfaces/msg/rosidl_typesupport_introspection_c__visibility_control.h
[1.321s] -- Up-to-date: /home/darsh/UR3_ROS2_PICK_AND_PLACE/install/ur_interfaces/include/ur_interfaces/ur_interfaces/srv
[1.321s] -- Up-to-date: /home/darsh/UR3_ROS2_PICK_AND_PLACE/install/ur_interfaces/include/ur_interfaces/ur_interfaces/srv/detail
[1.321s] -- Up-to-date: /home/darsh/UR3_ROS2_PICK_AND_PLACE/install/ur_interfaces/include/ur_interfaces/ur_interfaces/srv/detail/get_planning_scene__rosidl_typesupport_introspection_c.h
[1.321s] -- Up-to-date: /home/darsh/UR3_ROS2_PICK_AND_PLACE/install/ur_interfaces/include/ur_interfaces/ur_interfaces/srv/detail/get_planning_scene__type_support.c
[1.321s] -- Up-to-date: /home/darsh/UR3_ROS2_PICK_AND_PLACE/install/ur_interfaces/lib/libur_interfaces__rosidl_typesupport_introspection_c.so
[1.322s] -- Up-to-date: /home/darsh/UR3_ROS2_PICK_AND_PLACE/install/ur_interfaces/lib/libur_interfaces__rosidl_typesupport_c.so
[1.322s] -- Up-to-date: /home/darsh/UR3_ROS2_PICK_AND_PLACE/install/ur_interfaces/include/ur_interfaces/ur_interfaces
[1.324s] -- Up-to-date: /home/darsh/UR3_ROS2_PICK_AND_PLACE/install/ur_interfaces/include/ur_interfaces/ur_interfaces/msg
[1.324s] -- Up-to-date: /home/darsh/UR3_ROS2_PICK_AND_PLACE/install/ur_interfaces/include/ur_interfaces/ur_interfaces/msg/rosidl_generator_cpp__visibility_control.hpp
[1.324s] -- Up-to-date: /home/darsh/UR3_ROS2_PICK_AND_PLACE/install/ur_interfaces/include/ur_interfaces/ur_interfaces/srv
[1.325s] -- Up-to-date: /home/darsh/UR3_ROS2_PICK_AND_PLACE/install/ur_interfaces/include/ur_interfaces/ur_interfaces/srv/get_planning_scene.hpp
[1.325s] -- Up-to-date: /home/darsh/UR3_ROS2_PICK_AND_PLACE/install/ur_interfaces/include/ur_interfaces/ur_interfaces/srv/detail
[1.325s] -- Up-to-date: /home/darsh/UR3_ROS2_PICK_AND_PLACE/install/ur_interfaces/include/ur_interfaces/ur_interfaces/srv/detail/get_planning_scene__type_support.hpp
[1.325s] -- Up-to-date: /home/darsh/UR3_ROS2_PICK_AND_PLACE/install/ur_interfaces/include/ur_interfaces/ur_interfaces/srv/detail/get_planning_scene__struct.hpp
[1.326s] -- Up-to-date: /home/darsh/UR3_ROS2_PICK_AND_PLACE/install/ur_interfaces/include/ur_interfaces/ur_interfaces/srv/detail/get_planning_scene__builder.hpp
[1.326s] -- Up-to-date: /home/darsh/UR3_ROS2_PICK_AND_PLACE/install/ur_interfaces/include/ur_interfaces/ur_interfaces/srv/detail/get_planning_scene__traits.hpp
[1.327s] -- Up-to-date: /home/darsh/UR3_ROS2_PICK_AND_PLACE/install/ur_interfaces/include/ur_interfaces/ur_interfaces
[1.327s] -- Up-to-date: /home/darsh/UR3_ROS2_PICK_AND_PLACE/install/ur_interfaces/include/ur_interfaces/ur_interfaces/msg
[1.327s] -- Up-to-date: /home/darsh/UR3_ROS2_PICK_AND_PLACE/install/ur_interfaces/include/ur_interfaces/ur_interfaces/msg/rosidl_typesupport_fastrtps_cpp__visibility_control.h
[1.327s] -- Up-to-date: /home/darsh/UR3_ROS2_PICK_AND_PLACE/install/ur_interfaces/include/ur_interfaces/ur_interfaces/srv
[1.327s] -- Up-to-date: /home/darsh/UR3_ROS2_PICK_AND_PLACE/install/ur_interfaces/include/ur_interfaces/ur_interfaces/srv/detail
[1.327s] -- Up-to-date: /home/darsh/UR3_ROS2_PICK_AND_PLACE/install/ur_interfaces/include/ur_interfaces/ur_interfaces/srv/detail/dds_fastrtps
[1.327s] -- Up-to-date: /home/darsh/UR3_ROS2_PICK_AND_PLACE/install/ur_interfaces/include/ur_interfaces/ur_interfaces/srv/detail/get_planning_scene__rosidl_typesupport_fastrtps_cpp.hpp
[1.327s] -- Up-to-date: /home/darsh/UR3_ROS2_PICK_AND_PLACE/install/ur_interfaces/lib/libur_interfaces__rosidl_typesupport_fastrtps_cpp.so
[1.327s] -- Up-to-date: /home/darsh/UR3_ROS2_PICK_AND_PLACE/install/ur_interfaces/include/ur_interfaces/ur_interfaces
[1.328s] -- Up-to-date: /home/darsh/UR3_ROS2_PICK_AND_PLACE/install/ur_interfaces/include/ur_interfaces/ur_interfaces/srv
[1.328s] -- Up-to-date: /home/darsh/UR3_ROS2_PICK_AND_PLACE/install/ur_interfaces/include/ur_interfaces/ur_interfaces/srv/detail
[1.328s] -- Up-to-date: /home/darsh/UR3_ROS2_PICK_AND_PLACE/install/ur_interfaces/include/ur_interfaces/ur_interfaces/srv/detail/get_planning_scene__rosidl_typesupport_introspection_cpp.hpp
[1.328s] -- Up-to-date: /home/darsh/UR3_ROS2_PICK_AND_PLACE/install/ur_interfaces/include/ur_interfaces/ur_interfaces/srv/detail/get_planning_scene__type_support.cpp
[1.328s] -- Up-to-date: /home/darsh/UR3_ROS2_PICK_AND_PLACE/install/ur_interfaces/lib/libur_interfaces__rosidl_typesupport_introspection_cpp.so
[1.328s] -- Up-to-date: /home/darsh/UR3_ROS2_PICK_AND_PLACE/install/ur_interfaces/lib/libur_interfaces__rosidl_typesupport_cpp.so
[1.328s] -- Up-to-date: /home/darsh/UR3_ROS2_PICK_AND_PLACE/install/ur_interfaces/share/ur_interfaces/environment/pythonpath.sh
[1.328s] -- Up-to-date: /home/darsh/UR3_ROS2_PICK_AND_PLACE/install/ur_interfaces/share/ur_interfaces/environment/pythonpath.dsv
[1.329s] -- Up-to-date: /home/darsh/UR3_ROS2_PICK_AND_PLACE/install/ur_interfaces/lib/python3.12/site-packages/ur_interfaces-0.0.0-py3.12.egg-info
[1.329s] -- Installing: /home/darsh/UR3_ROS2_PICK_AND_PLACE/install/ur_interfaces/lib/python3.12/site-packages/ur_interfaces-0.0.0-py3.12.egg-info/top_level.txt
[1.329s] -- Installing: /home/darsh/UR3_ROS2_PICK_AND_PLACE/install/ur_interfaces/lib/python3.12/site-packages/ur_interfaces-0.0.0-py3.12.egg-info/PKG-INFO
[1.329s] -- Installing: /home/darsh/UR3_ROS2_PICK_AND_PLACE/install/ur_interfaces/lib/python3.12/site-packages/ur_interfaces-0.0.0-py3.12.egg-info/dependency_links.txt
[1.329s] -- Installing: /home/darsh/UR3_ROS2_PICK_AND_PLACE/install/ur_interfaces/lib/python3.12/site-packages/ur_interfaces-0.0.0-py3.12.egg-info/SOURCES.txt
[1.329s] -- Up-to-date: /home/darsh/UR3_ROS2_PICK_AND_PLACE/install/ur_interfaces/lib/python3.12/site-packages/ur_interfaces
[1.330s] -- Up-to-date: /home/darsh/UR3_ROS2_PICK_AND_PLACE/install/ur_interfaces/lib/python3.12/site-packages/ur_interfaces/_ur_interfaces_s.ep.rosidl_typesupport_fastrtps_c.c
[1.330s] -- Up-to-date: /home/darsh/UR3_ROS2_PICK_AND_PLACE/install/ur_interfaces/lib/python3.12/site-packages/ur_interfaces/ur_interfaces_s__rosidl_typesupport_introspection_c.so
[1.330s] -- Up-to-date: /home/darsh/UR3_ROS2_PICK_AND_PLACE/install/ur_interfaces/lib/python3.12/site-packages/ur_interfaces/_ur_interfaces_s.ep.rosidl_typesupport_c.c
[1.330s] -- Up-to-date: /home/darsh/UR3_ROS2_PICK_AND_PLACE/install/ur_interfaces/lib/python3.12/site-packages/ur_interfaces/ur_interfaces_s__rosidl_typesupport_c.so
[1.330s] -- Up-to-date: /home/darsh/UR3_ROS2_PICK_AND_PLACE/install/ur_interfaces/lib/python3.12/site-packages/ur_interfaces/ur_interfaces_s__rosidl_typesupport_fastrtps_c.so
[1.331s] -- Up-to-date: /home/darsh/UR3_ROS2_PICK_AND_PLACE/install/ur_interfaces/lib/python3.12/site-packages/ur_interfaces/srv
[1.331s] -- Up-to-date: /home/darsh/UR3_ROS2_PICK_AND_PLACE/install/ur_interfaces/lib/python3.12/site-packages/ur_interfaces/srv/_get_planning_scene.py
[1.331s] -- Up-to-date: /home/darsh/UR3_ROS2_PICK_AND_PLACE/install/ur_interfaces/lib/python3.12/site-packages/ur_interfaces/srv/_get_planning_scene_s.c
[1.331s] -- Up-to-date: /home/darsh/UR3_ROS2_PICK_AND_PLACE/install/ur_interfaces/lib/python3.12/site-packages/ur_interfaces/srv/__init__.py
[1.331s] -- Up-to-date: /home/darsh/UR3_ROS2_PICK_AND_PLACE/install/ur_interfaces/lib/python3.12/site-packages/ur_interfaces/__init__.py
[1.331s] -- Up-to-date: /home/darsh/UR3_ROS2_PICK_AND_PLACE/install/ur_interfaces/lib/python3.12/site-packages/ur_interfaces/_ur_interfaces_s.ep.rosidl_typesupport_introspection_c.c
[1.392s] Listing '/home/darsh/UR3_ROS2_PICK_AND_PLACE/install/ur_interfaces/lib/python3.12/site-packages/ur_interfaces'...
[1.393s] Listing '/home/darsh/UR3_ROS2_PICK_AND_PLACE/install/ur_interfaces/lib/python3.12/site-packages/ur_interfaces/srv'...
[1.393s] -- Up-to-date: /home/darsh/UR3_ROS2_PICK_AND_PLACE/install/ur_interfaces/lib/python3.12/site-packages/ur_interfaces/ur_interfaces_s__rosidl_typesupport_fastrtps_c.so
[1.393s] -- Up-to-date: /home/darsh/UR3_ROS2_PICK_AND_PLACE/install/ur_interfaces/lib/python3.12/site-packages/ur_interfaces/ur_interfaces_s__rosidl_typesupport_introspection_c.so
[1.393s] -- Up-to-date: /home/darsh/UR3_ROS2_PICK_AND_PLACE/install/ur_interfaces/lib/python3.12/site-packages/ur_interfaces/ur_interfaces_s__rosidl_typesupport_c.so
[1.393s] -- Up-to-date: /home/darsh/UR3_ROS2_PICK_AND_PLACE/install/ur_interfaces/lib/libur_interfaces__rosidl_generator_py.so
[1.393s] -- Up-to-date: /home/darsh/UR3_ROS2_PICK_AND_PLACE/install/ur_interfaces/share/ur_interfaces/srv/GetPlanningScene.idl
[1.393s] -- Up-to-date: /home/darsh/UR3_ROS2_PICK_AND_PLACE/install/ur_interfaces/share/ur_interfaces/srv/GetPlanningScene.srv
[1.393s] -- Up-to-date: /home/darsh/UR3_ROS2_PICK_AND_PLACE/install/ur_interfaces/share/ament_index/resource_index/package_run_dependencies/ur_interfaces
[1.393s] -- Up-to-date: /home/darsh/UR3_ROS2_PICK_AND_PLACE/install/ur_interfaces/share/ament_index/resource_index/parent_prefix_path/ur_interfaces
[1.393s] -- Up-to-date: /home/darsh/UR3_ROS2_PICK_AND_PLACE/install/ur_interfaces/share/ur_interfaces/environment/ament_prefix_path.sh
[1.393s] -- Up-to-date: /home/darsh/UR3_ROS2_PICK_AND_PLACE/install/ur_interfaces/share/ur_interfaces/environment/ament_prefix_path.dsv
[1.394s] -- Up-to-date: /home/darsh/UR3_ROS2_PICK_AND_PLACE/install/ur_interfaces/share/ur_interfaces/environment/path.sh
[1.394s] -- Up-to-date: /home/darsh/UR3_ROS2_PICK_AND_PLACE/install/ur_interfaces/share/ur_interfaces/environment/path.dsv
[1.394s] -- Up-to-date: /home/darsh/UR3_ROS2_PICK_AND_PLACE/install/ur_interfaces/share/ur_interfaces/local_setup.bash
[1.394s] -- Up-to-date: /home/darsh/UR3_ROS2_PICK_AND_PLACE/install/ur_interfaces/share/ur_interfaces/local_setup.sh
[1.394s] -- Up-to-date: /home/darsh/UR3_ROS2_PICK_AND_PLACE/install/ur_interfaces/share/ur_interfaces/local_setup.zsh
[1.394s] -- Up-to-date: /home/darsh/UR3_ROS2_PICK_AND_PLACE/install/ur_interfaces/share/ur_interfaces/local_setup.dsv
[1.394s] -- Installing: /home/darsh/UR3_ROS2_PICK_AND_PLACE/install/ur_interfaces/share/ur_interfaces/package.dsv
[1.394s] -- Up-to-date: /home/darsh/UR3_ROS2_PICK_AND_PLACE/install/ur_interfaces/share/ament_index/resource_index/packages/ur_interfaces
[1.394s] -- Up-to-date: /home/darsh/UR3_ROS2_PICK_AND_PLACE/install/ur_interfaces/share/ur_interfaces/cmake/export_ur_interfaces__rosidl_generator_cExport.cmake
[1.394s] -- Up-to-date: /home/darsh/UR3_ROS2_PICK_AND_PLACE/install/ur_interfaces/share/ur_interfaces/cmake/export_ur_interfaces__rosidl_generator_cExport-noconfig.cmake
[1.395s] -- Up-to-date: /home/darsh/UR3_ROS2_PICK_AND_PLACE/install/ur_interfaces/share/ur_interfaces/cmake/export_ur_interfaces__rosidl_typesupport_fastrtps_cExport.cmake
[1.395s] -- Up-to-date: /home/darsh/UR3_ROS2_PICK_AND_PLACE/install/ur_interfaces/share/ur_interfaces/cmake/export_ur_interfaces__rosidl_typesupport_fastrtps_cExport-noconfig.cmake
[1.395s] -- Up-to-date: /home/darsh/UR3_ROS2_PICK_AND_PLACE/install/ur_interfaces/share/ur_interfaces/cmake/ur_interfaces__rosidl_typesupport_introspection_cExport.cmake
[1.395s] -- Up-to-date: /home/darsh/UR3_ROS2_PICK_AND_PLACE/install/ur_interfaces/share/ur_interfaces/cmake/ur_interfaces__rosidl_typesupport_introspection_cExport-noconfig.cmake
[1.395s] -- Up-to-date: /home/darsh/UR3_ROS2_PICK_AND_PLACE/install/ur_interfaces/share/ur_interfaces/cmake/ur_interfaces__rosidl_typesupport_cExport.cmake
[1.395s] -- Up-to-date: /home/darsh/UR3_ROS2_PICK_AND_PLACE/install/ur_interfaces/share/ur_interfaces/cmake/ur_interfaces__rosidl_typesupport_cExport-noconfig.cmake
[1.395s] -- Up-to-date: /home/darsh/UR3_ROS2_PICK_AND_PLACE/install/ur_interfaces/share/ur_interfaces/cmake/export_ur_interfaces__rosidl_generator_cppExport.cmake
[1.395s] -- Up-to-date: /home/darsh/UR3_ROS2_PICK_AND_PLACE/install/ur_interfaces/share/ur_interfaces/cmake/export_ur_interfaces__rosidl_typesupport_fastrtps_cppExport.cmake
[1.395s] -- Up-to-date: /home/darsh/UR3_ROS2_PICK_AND_PLACE/install/ur_interfaces/share/ur_interfaces/cmake/export_ur_interfaces__rosidl_typesupport_fastrtps_cppExport-noconfig.cmake
[1.395s] -- Up-to-date: /home/darsh/UR3_ROS2_PICK_AND_PLACE/install/ur_interfaces/share/ur_interfaces/cmake/ur_interfaces__rosidl_typesupport_introspection_cppExport.cmake
[1.395s] -- Up-to-date: /home/darsh/UR3_ROS2_PICK_AND_PLACE/install/ur_interfaces/share/ur_interfaces/cmake/ur_interfaces__rosidl_typesupport_introspection_cppExport-noconfig.cmake
[1.396s] -- Up-to-date: /home/darsh/UR3_ROS2_PICK_AND_PLACE/install/ur_interfaces/share/ur_interfaces/cmake/ur_interfaces__rosidl_typesupport_cppExport.cmake
[1.396s] -- Up-to-date: /home/darsh/UR3_ROS2_PICK_AND_PLACE/install/ur_interfaces/share/ur_interfaces/cmake/ur_interfaces__rosidl_typesupport_cppExport-noconfig.cmake
[1.396s] -- Up-to-date: /home/darsh/UR3_ROS2_PICK_AND_PLACE/install/ur_interfaces/share/ur_interfaces/cmake/export_ur_interfaces__rosidl_generator_pyExport.cmake
[1.396s] -- Up-to-date: /home/darsh/UR3_ROS2_PICK_AND_PLACE/install/ur_interfaces/share/ur_interfaces/cmake/export_ur_interfaces__rosidl_generator_pyExport-noconfig.cmake
[1.396s] -- Up-to-date: /home/darsh/UR3_ROS2_PICK_AND_PLACE/install/ur_interfaces/share/ur_interfaces/cmake/rosidl_cmake-extras.cmake
[1.396s] -- Up-to-date: /home/darsh/UR3_ROS2_PICK_AND_PLACE/install/ur_interfaces/share/ur_interfaces/cmake/ament_cmake_export_dependencies-extras.cmake
[1.396s] -- Up-to-date: /home/darsh/UR3_ROS2_PICK_AND_PLACE/install/ur_interfaces/share/ur_interfaces/cmake/ament_cmake_export_include_directories-extras.cmake
[1.396s] -- Up-to-date: /home/darsh/UR3_ROS2_PICK_AND_PLACE/install/ur_interfaces/share/ur_interfaces/cmake/ament_cmake_export_libraries-extras.cmake
[1.396s] -- Up-to-date: /home/darsh/UR3_ROS2_PICK_AND_PLACE/install/ur_interfaces/share/ur_interfaces/cmake/ament_cmake_export_targets-extras.cmake
[1.396s] -- Up-to-date: /home/darsh/UR3_ROS2_PICK_AND_PLACE/install/ur_interfaces/share/ur_interfaces/cmake/rosidl_cmake_export_typesupport_targets-extras.cmake
[1.397s] -- Up-to-date: /home/darsh/UR3_ROS2_PICK_AND_PLACE/install/ur_interfaces/share/ur_interfaces/cmake/rosidl_cmake_export_typesupport_libraries-extras.cmake
[1.397s] -- Up-to-date: /home/darsh/UR3_ROS2_PICK_AND_PLACE/install/ur_interfaces/share/ur_interfaces/cmake/ur_interfacesConfig.cmake
[1.397s] -- Up-to-date: /home/darsh/UR3_ROS2_PICK_AND_PLACE/install/ur_interfaces/share/ur_interfaces/cmake/ur_interfacesConfig-version.cmake
[1.397s] -- Up-to-date: /home/darsh/UR3_ROS2_PICK_AND_PLACE/install/ur_interfaces/share/ur_interfaces/package.xml
[1.397s] Invoked command in '/home/darsh/UR3_ROS2_PICK_AND_PLACE/build/ur_interfaces' returned '0': CMAKE_PREFIX_PATH=${CMAKE_PREFIX_PATH}:/opt/ros/jazzy /usr/bin/cmake --install /home/darsh/UR3_ROS2_PICK_AND_PLACE/build/ur_interfaces
