[0.194s] Invoking command in '/home/darsh/UR3_ROS2_PICK_AND_PLACE/build/movit_config': AMENT_PREFIX_PATH=/home/darsh/UR3_ROS2_PICK_AND_PLACE/install/ur_description:${AMENT_PREFIX_PATH} CMAKE_PREFIX_PATH=/home/darsh/UR3_ROS2_PICK_AND_PLACE/install/ur_description:/opt/ros/jazzy/opt/gz_sim_vendor:/opt/ros/jazzy/opt/gz_sensors_vendor:/opt/ros/jazzy/opt/gz_physics_vendor:/opt/ros/jazzy/opt/sdformat_vendor:/opt/ros/jazzy/opt/gz_gui_vendor:/opt/ros/jazzy/opt/gz_transport_vendor:/opt/ros/jazzy/opt/gz_rendering_vendor:/opt/ros/jazzy/opt/gz_plugin_vendor:/opt/ros/jazzy/opt/gz_fuel_tools_vendor:/opt/ros/jazzy/opt/gz_msgs_vendor:/opt/ros/jazzy/opt/gz_common_vendor:/opt/ros/jazzy/opt/gz_math_vendor:/opt/ros/jazzy/opt/gz_utils_vendor:/opt/ros/jazzy/opt/gz_tools_vendor:/opt/ros/jazzy/opt/gz_ogre_next_vendor:/opt/ros/jazzy/opt/gz_dartsim_vendor:/opt/ros/jazzy/opt/gz_cmake_vendor:/opt/ros/jazzy /usr/bin/cmake --build /home/darsh/UR3_ROS2_PICK_AND_PLACE/build/movit_config -- -j16 -l16
[0.319s] Invoked command in '/home/darsh/UR3_ROS2_PICK_AND_PLACE/build/movit_config' returned '0': AMENT_PREFIX_PATH=/home/darsh/UR3_ROS2_PICK_AND_PLACE/install/ur_description:${AMENT_PREFIX_PATH} CMAKE_PREFIX_PATH=/home/darsh/UR3_ROS2_PICK_AND_PLACE/install/ur_description:/opt/ros/jazzy/opt/gz_sim_vendor:/opt/ros/jazzy/opt/gz_sensors_vendor:/opt/ros/jazzy/opt/gz_physics_vendor:/opt/ros/jazzy/opt/sdformat_vendor:/opt/ros/jazzy/opt/gz_gui_vendor:/opt/ros/jazzy/opt/gz_transport_vendor:/opt/ros/jazzy/opt/gz_rendering_vendor:/opt/ros/jazzy/opt/gz_plugin_vendor:/opt/ros/jazzy/opt/gz_fuel_tools_vendor:/opt/ros/jazzy/opt/gz_msgs_vendor:/opt/ros/jazzy/opt/gz_common_vendor:/opt/ros/jazzy/opt/gz_math_vendor:/opt/ros/jazzy/opt/gz_utils_vendor:/opt/ros/jazzy/opt/gz_tools_vendor:/opt/ros/jazzy/opt/gz_ogre_next_vendor:/opt/ros/jazzy/opt/gz_dartsim_vendor:/opt/ros/jazzy/opt/gz_cmake_vendor:/opt/ros/jazzy /usr/bin/cmake --build /home/darsh/UR3_ROS2_PICK_AND_PLACE/build/movit_config -- -j16 -l16
[0.327s] Invoking command in '/home/darsh/UR3_ROS2_PICK_AND_PLACE/build/movit_config': AMENT_PREFIX_PATH=/home/darsh/UR3_ROS2_PICK_AND_PLACE/install/ur_description:${AMENT_PREFIX_PATH} CMAKE_PREFIX_PATH=/home/darsh/UR3_ROS2_PICK_AND_PLACE/install/ur_description:/opt/ros/jazzy/opt/gz_sim_vendor:/opt/ros/jazzy/opt/gz_sensors_vendor:/opt/ros/jazzy/opt/gz_physics_vendor:/opt/ros/jazzy/opt/sdformat_vendor:/opt/ros/jazzy/opt/gz_gui_vendor:/opt/ros/jazzy/opt/gz_transport_vendor:/opt/ros/jazzy/opt/gz_rendering_vendor:/opt/ros/jazzy/opt/gz_plugin_vendor:/opt/ros/jazzy/opt/gz_fuel_tools_vendor:/opt/ros/jazzy/opt/gz_msgs_vendor:/opt/ros/jazzy/opt/gz_common_vendor:/opt/ros/jazzy/opt/gz_math_vendor:/opt/ros/jazzy/opt/gz_utils_vendor:/opt/ros/jazzy/opt/gz_tools_vendor:/opt/ros/jazzy/opt/gz_ogre_next_vendor:/opt/ros/jazzy/opt/gz_dartsim_vendor:/opt/ros/jazzy/opt/gz_cmake_vendor:/opt/ros/jazzy /usr/bin/cmake --install /home/darsh/UR3_ROS2_PICK_AND_PLACE/build/movit_config
[0.353s] -- Install configuration: ""
[0.356s] -- Execute custom install script
[0.362s] -- Up-to-date symlink: /home/darsh/UR3_ROS2_PICK_AND_PLACE/install/movit_config/share/ament_index/resource_index/package_run_dependencies/movit_config
[0.363s] -- Up-to-date symlink: /home/darsh/UR3_ROS2_PICK_AND_PLACE/install/movit_config/share/ament_index/resource_index/parent_prefix_path/movit_config
[0.364s] -- Up-to-date symlink: /home/darsh/UR3_ROS2_PICK_AND_PLACE/install/movit_config/share/movit_config/environment/ament_prefix_path.sh
[0.365s] -- Up-to-date symlink: /home/darsh/UR3_ROS2_PICK_AND_PLACE/install/movit_config/share/movit_config/environment/ament_prefix_path.dsv
[0.366s] -- Up-to-date symlink: /home/darsh/UR3_ROS2_PICK_AND_PLACE/install/movit_config/share/movit_config/environment/path.sh
[0.371s] -- Up-to-date symlink: /home/darsh/UR3_ROS2_PICK_AND_PLACE/install/movit_config/share/movit_config/environment/path.dsv
[0.372s] -- Up-to-date symlink: /home/darsh/UR3_ROS2_PICK_AND_PLACE/install/movit_config/share/movit_config/local_setup.bash
[0.372s] -- Up-to-date symlink: /home/darsh/UR3_ROS2_PICK_AND_PLACE/install/movit_config/share/movit_config/local_setup.sh
[0.372s] -- Up-to-date symlink: /home/darsh/UR3_ROS2_PICK_AND_PLACE/install/movit_config/share/movit_config/local_setup.zsh
[0.373s] -- Up-to-date symlink: /home/darsh/UR3_ROS2_PICK_AND_PLACE/install/movit_config/share/movit_config/local_setup.dsv
[0.373s] -- Symlinking: /home/darsh/UR3_ROS2_PICK_AND_PLACE/install/movit_config/share/movit_config/package.dsv
[0.397s] -- Up-to-date symlink: /home/darsh/UR3_ROS2_PICK_AND_PLACE/install/movit_config/share/ament_index/resource_index/packages/movit_config
[0.403s] -- Up-to-date symlink: /home/darsh/UR3_ROS2_PICK_AND_PLACE/install/movit_config/share/movit_config/cmake/movit_configConfig.cmake
[0.404s] -- Up-to-date symlink: /home/darsh/UR3_ROS2_PICK_AND_PLACE/install/movit_config/share/movit_config/cmake/movit_configConfig-version.cmake
[0.407s] -- Up-to-date symlink: /home/darsh/UR3_ROS2_PICK_AND_PLACE/install/movit_config/share/movit_config/package.xml
[0.408s] -- Up-to-date symlink: /home/darsh/UR3_ROS2_PICK_AND_PLACE/install/movit_config/share/movit_config/launch/demo.launch.py
[0.409s] -- Up-to-date symlink: /home/darsh/UR3_ROS2_PICK_AND_PLACE/install/movit_config/share/movit_config/launch/load_ros2_controllers.launch.py
[0.410s] -- Up-to-date symlink: /home/darsh/UR3_ROS2_PICK_AND_PLACE/install/movit_config/share/movit_config/launch/move_group.launch.py
[0.412s] -- Up-to-date symlink: /home/darsh/UR3_ROS2_PICK_AND_PLACE/install/movit_config/share/movit_config/launch/moveit_rviz.launch.py
[0.413s] -- Up-to-date symlink: /home/darsh/UR3_ROS2_PICK_AND_PLACE/install/movit_config/share/movit_config/launch/rsp.launch.py
[0.414s] -- Up-to-date symlink: /home/darsh/UR3_ROS2_PICK_AND_PLACE/install/movit_config/share/movit_config/launch/setup_assistant.launch.py
[0.415s] -- Up-to-date symlink: /home/darsh/UR3_ROS2_PICK_AND_PLACE/install/movit_config/share/movit_config/launch/spawn_controllers.launch.py
[0.415s] -- Up-to-date symlink: /home/darsh/UR3_ROS2_PICK_AND_PLACE/install/movit_config/share/movit_config/launch/static_virtual_joint_tfs.launch.py
[0.415s] -- Up-to-date symlink: /home/darsh/UR3_ROS2_PICK_AND_PLACE/install/movit_config/share/movit_config/launch/warehouse_db.launch.py
[0.416s] -- Up-to-date symlink: /home/darsh/UR3_ROS2_PICK_AND_PLACE/install/movit_config/share/movit_config/config/initial_positions.yaml
[0.417s] -- Up-to-date symlink: /home/darsh/UR3_ROS2_PICK_AND_PLACE/install/movit_config/share/movit_config/config/joint_limits.yaml
[0.418s] -- Up-to-date symlink: /home/darsh/UR3_ROS2_PICK_AND_PLACE/install/movit_config/share/movit_config/config/kinematics.yaml
[0.419s] -- Up-to-date symlink: /home/darsh/UR3_ROS2_PICK_AND_PLACE/install/movit_config/share/movit_config/config/moveit.rviz
[0.421s] -- Up-to-date symlink: /home/darsh/UR3_ROS2_PICK_AND_PLACE/install/movit_config/share/movit_config/config/moveit_controllers.yaml
[0.422s] -- Up-to-date symlink: /home/darsh/UR3_ROS2_PICK_AND_PLACE/install/movit_config/share/movit_config/config/pilz_cartesian_limits.yaml
[0.423s] -- Up-to-date symlink: /home/darsh/UR3_ROS2_PICK_AND_PLACE/install/movit_config/share/movit_config/config/ros2_controllers.yaml
[0.424s] -- Up-to-date symlink: /home/darsh/UR3_ROS2_PICK_AND_PLACE/install/movit_config/share/movit_config/config/sensors_3d.yaml
[0.425s] -- Up-to-date symlink: /home/darsh/UR3_ROS2_PICK_AND_PLACE/install/movit_config/share/movit_config/config/ur.ros2_control.xacro
[0.426s] -- Up-to-date symlink: /home/darsh/UR3_ROS2_PICK_AND_PLACE/install/movit_config/share/movit_config/config/ur.srdf
[0.427s] -- Up-to-date symlink: /home/darsh/UR3_ROS2_PICK_AND_PLACE/install/movit_config/share/movit_config/config/ur.urdf
[0.428s] -- Up-to-date symlink: /home/darsh/UR3_ROS2_PICK_AND_PLACE/install/movit_config/share/movit_config/config/ur.urdf.xacro
[0.430s] -- Up-to-date symlink: /home/darsh/UR3_ROS2_PICK_AND_PLACE/install/movit_config/share/movit_config/.setup_assistant
[0.452s] Invoked command in '/home/darsh/UR3_ROS2_PICK_AND_PLACE/build/movit_config' returned '0': AMENT_PREFIX_PATH=/home/darsh/UR3_ROS2_PICK_AND_PLACE/install/ur_description:${AMENT_PREFIX_PATH} CMAKE_PREFIX_PATH=/home/darsh/UR3_ROS2_PICK_AND_PLACE/install/ur_description:/opt/ros/jazzy/opt/gz_sim_vendor:/opt/ros/jazzy/opt/gz_sensors_vendor:/opt/ros/jazzy/opt/gz_physics_vendor:/opt/ros/jazzy/opt/sdformat_vendor:/opt/ros/jazzy/opt/gz_gui_vendor:/opt/ros/jazzy/opt/gz_transport_vendor:/opt/ros/jazzy/opt/gz_rendering_vendor:/opt/ros/jazzy/opt/gz_plugin_vendor:/opt/ros/jazzy/opt/gz_fuel_tools_vendor:/opt/ros/jazzy/opt/gz_msgs_vendor:/opt/ros/jazzy/opt/gz_common_vendor:/opt/ros/jazzy/opt/gz_math_vendor:/opt/ros/jazzy/opt/gz_utils_vendor:/opt/ros/jazzy/opt/gz_tools_vendor:/opt/ros/jazzy/opt/gz_ogre_next_vendor:/opt/ros/jazzy/opt/gz_dartsim_vendor:/opt/ros/jazzy/opt/gz_cmake_vendor:/opt/ros/jazzy /usr/bin/cmake --install /home/darsh/UR3_ROS2_PICK_AND_PLACE/build/movit_config
