[0.031s] Invoking command in '/home/darsh/UR3_ROS2_PICK_AND_PLACE/build/rviz_marker_tools': CMAKE_PREFIX_PATH=${CMAKE_PREFIX_PATH}:/opt/ros/jazzy /usr/bin/cmake --build /home/darsh/UR3_ROS2_PICK_AND_PLACE/build/rviz_marker_tools -- -j4 -l4
[0.199s] [100%] Built target rviz_marker_tools
[0.231s] Invoked command in '/home/darsh/UR3_ROS2_PICK_AND_PLACE/build/rviz_marker_tools' returned '0': CMAKE_PREFIX_PATH=${CMAKE_PREFIX_PATH}:/opt/ros/jazzy /usr/bin/cmake --build /home/darsh/UR3_ROS2_PICK_AND_PLACE/build/rviz_marker_tools -- -j4 -l4
[0.231s] Invoking command in '/home/darsh/UR3_ROS2_PICK_AND_PLACE/build/rviz_marker_tools': CMAKE_PREFIX_PATH=${CMAKE_PREFIX_PATH}:/opt/ros/jazzy /usr/bin/cmake --install /home/darsh/UR3_ROS2_PICK_AND_PLACE/build/rviz_marker_tools
[0.277s] -- Install configuration: "Release"
[0.277s] -- Up-to-date: /home/darsh/UR3_ROS2_PICK_AND_PLACE/install/rviz_marker_tools/include
[0.278s] -- Up-to-date: /home/darsh/UR3_ROS2_PICK_AND_PLACE/install/rviz_marker_tools/include/rviz_marker_tools
[0.278s] -- Up-to-date: /home/darsh/UR3_ROS2_PICK_AND_PLACE/install/rviz_marker_tools/include/rviz_marker_tools/marker_creation.h
[0.278s] -- Up-to-date: /home/darsh/UR3_ROS2_PICK_AND_PLACE/install/rviz_marker_tools/lib/librviz_marker_tools.so
[0.278s] -- Up-to-date: /home/darsh/UR3_ROS2_PICK_AND_PLACE/install/rviz_marker_tools/share/rviz_marker_tools/environment/library_path.sh
[0.278s] -- Up-to-date: /home/darsh/UR3_ROS2_PICK_AND_PLACE/install/rviz_marker_tools/share/rviz_marker_tools/environment/library_path.dsv
[0.278s] -- Up-to-date: /home/darsh/UR3_ROS2_PICK_AND_PLACE/install/rviz_marker_tools/share/ament_index/resource_index/package_run_dependencies/rviz_marker_tools
[0.282s] -- Up-to-date: /home/darsh/UR3_ROS2_PICK_AND_PLACE/install/rviz_marker_tools/share/ament_index/resource_index/parent_prefix_path/rviz_marker_tools
[0.283s] -- Up-to-date: /home/darsh/UR3_ROS2_PICK_AND_PLACE/install/rviz_marker_tools/share/rviz_marker_tools/environment/ament_prefix_path.sh
[0.283s] -- Up-to-date: /home/darsh/UR3_ROS2_PICK_AND_PLACE/install/rviz_marker_tools/share/rviz_marker_tools/environment/ament_prefix_path.dsv
[0.283s] -- Up-to-date: /home/darsh/UR3_ROS2_PICK_AND_PLACE/install/rviz_marker_tools/share/rviz_marker_tools/environment/path.sh
[0.284s] -- Up-to-date: /home/darsh/UR3_ROS2_PICK_AND_PLACE/install/rviz_marker_tools/share/rviz_marker_tools/environment/path.dsv
[0.284s] -- Up-to-date: /home/darsh/UR3_ROS2_PICK_AND_PLACE/install/rviz_marker_tools/share/rviz_marker_tools/local_setup.bash
[0.284s] -- Up-to-date: /home/darsh/UR3_ROS2_PICK_AND_PLACE/install/rviz_marker_tools/share/rviz_marker_tools/local_setup.sh
[0.284s] -- Up-to-date: /home/darsh/UR3_ROS2_PICK_AND_PLACE/install/rviz_marker_tools/share/rviz_marker_tools/local_setup.zsh
[0.285s] -- Up-to-date: /home/darsh/UR3_ROS2_PICK_AND_PLACE/install/rviz_marker_tools/share/rviz_marker_tools/local_setup.dsv
[0.285s] -- Installing: /home/darsh/UR3_ROS2_PICK_AND_PLACE/install/rviz_marker_tools/share/rviz_marker_tools/package.dsv
[0.286s] -- Up-to-date: /home/darsh/UR3_ROS2_PICK_AND_PLACE/install/rviz_marker_tools/share/ament_index/resource_index/packages/rviz_marker_tools
[0.286s] -- Up-to-date: /home/darsh/UR3_ROS2_PICK_AND_PLACE/install/rviz_marker_tools/share/rviz_marker_tools/cmake/rviz_marker_toolsTargetsExport.cmake
[0.291s] -- Up-to-date: /home/darsh/UR3_ROS2_PICK_AND_PLACE/install/rviz_marker_tools/share/rviz_marker_tools/cmake/rviz_marker_toolsTargetsExport-release.cmake
[0.291s] -- Up-to-date: /home/darsh/UR3_ROS2_PICK_AND_PLACE/install/rviz_marker_tools/share/rviz_marker_tools/cmake/ament_cmake_export_targets-extras.cmake
[0.291s] -- Up-to-date: /home/darsh/UR3_ROS2_PICK_AND_PLACE/install/rviz_marker_tools/share/rviz_marker_tools/cmake/ament_cmake_export_dependencies-extras.cmake
[0.292s] -- Up-to-date: /home/darsh/UR3_ROS2_PICK_AND_PLACE/install/rviz_marker_tools/share/rviz_marker_tools/cmake/rviz_marker_toolsConfig.cmake
[0.292s] -- Up-to-date: /home/darsh/UR3_ROS2_PICK_AND_PLACE/install/rviz_marker_tools/share/rviz_marker_tools/cmake/rviz_marker_toolsConfig-version.cmake
[0.292s] -- Up-to-date: /home/darsh/UR3_ROS2_PICK_AND_PLACE/install/rviz_marker_tools/share/rviz_marker_tools/package.xml
[0.303s] Invoked command in '/home/darsh/UR3_ROS2_PICK_AND_PLACE/build/rviz_marker_tools' returned '0': CMAKE_PREFIX_PATH=${CMAKE_PREFIX_PATH}:/opt/ros/jazzy /usr/bin/cmake --install /home/darsh/UR3_ROS2_PICK_AND_PLACE/build/rviz_marker_tools
