[0.037s] Invoking command in '/home/darsh/UR3_ROS2_PICK_AND_PLACE/build/ur_description': CMAKE_PREFIX_PATH=${CMAKE_PREFIX_PATH}:/opt/ros/jazzy /usr/bin/cmake /home/darsh/UR3_ROS2_PICK_AND_PLACE/ur_description -DCMAKE_INSTALL_PREFIX=/home/darsh/UR3_ROS2_PICK_AND_PLACE/install/ur_description
[0.387s] -- The C compiler identification is GNU 13.3.0
[1.067s] -- The CXX compiler identification is GNU 13.3.0
[1.631s] -- Detecting C compiler ABI info
[1.902s] -- Detecting C compiler ABI info - done
[1.914s] -- Check for working C compiler: /usr/bin/cc - skipped
[1.915s] -- Detecting C compile features
[1.916s] -- Detecting C compile features - done
[1.996s] -- Detecting CXX compiler ABI info
[2.292s] -- Detecting CXX compiler ABI info - done
[2.308s] -- Check for working CXX compiler: /usr/bin/c++ - skipped
[2.308s] -- Detecting CXX compile features
[2.309s] -- Detecting CXX compile features - done
[2.312s] -- Found ament_cmake: 2.5.3 (/opt/ros/jazzy/share/ament_cmake/cmake)
[2.545s] -- Found Python3: /usr/bin/python3 (found version "3.12.3") found components: Interpreter 
[2.711s] -- Found ament_cmake_pytest: 2.5.3 (/opt/ros/jazzy/share/ament_cmake_pytest/cmake)
[2.844s] -- Configuring done (2.8s)
[2.846s] -- Generating done (0.0s)
[2.849s] -- Build files have been written to: /home/darsh/UR3_ROS2_PICK_AND_PLACE/build/ur_description
[2.857s] Invoked command in '/home/darsh/UR3_ROS2_PICK_AND_PLACE/build/ur_description' returned '0': CMAKE_PREFIX_PATH=${CMAKE_PREFIX_PATH}:/opt/ros/jazzy /usr/bin/cmake /home/darsh/UR3_ROS2_PICK_AND_PLACE/ur_description -DCMAKE_INSTALL_PREFIX=/home/darsh/UR3_ROS2_PICK_AND_PLACE/install/ur_description
[2.858s] Invoking command in '/home/darsh/UR3_ROS2_PICK_AND_PLACE/build/ur_description': CMAKE_PREFIX_PATH=${CMAKE_PREFIX_PATH}:/opt/ros/jazzy /usr/bin/cmake --build /home/darsh/UR3_ROS2_PICK_AND_PLACE/build/ur_description -- -j16 -l16
[2.901s] Invoked command in '/home/darsh/UR3_ROS2_PICK_AND_PLACE/build/ur_description' returned '0': CMAKE_PREFIX_PATH=${CMAKE_PREFIX_PATH}:/opt/ros/jazzy /usr/bin/cmake --build /home/darsh/UR3_ROS2_PICK_AND_PLACE/build/ur_description -- -j16 -l16
[2.903s] Invoking command in '/home/darsh/UR3_ROS2_PICK_AND_PLACE/build/ur_description': CMAKE_PREFIX_PATH=${CMAKE_PREFIX_PATH}:/opt/ros/jazzy /usr/bin/cmake --install /home/darsh/UR3_ROS2_PICK_AND_PLACE/build/ur_description
[2.910s] -- Install configuration: ""
[2.910s] -- Installing: /home/darsh/UR3_ROS2_PICK_AND_PLACE/install/ur_description/share/ur_description/config
[2.911s] -- Installing: /home/darsh/UR3_ROS2_PICK_AND_PLACE/install/ur_description/share/ur_description/config/initial_positions.yaml
[2.911s] -- Installing: /home/darsh/UR3_ROS2_PICK_AND_PLACE/install/ur_description/share/ur_description/config/ur5
[2.912s] -- Installing: /home/darsh/UR3_ROS2_PICK_AND_PLACE/install/ur_description/share/ur_description/config/ur5/visual_parameters.yaml
[2.912s] -- Installing: /home/darsh/UR3_ROS2_PICK_AND_PLACE/install/ur_description/share/ur_description/config/ur5/physical_parameters.yaml
[2.912s] -- Installing: /home/darsh/UR3_ROS2_PICK_AND_PLACE/install/ur_description/share/ur_description/config/ur5/joint_limits.yaml
[2.913s] -- Installing: /home/darsh/UR3_ROS2_PICK_AND_PLACE/install/ur_description/share/ur_description/config/ur5/default_kinematics.yaml
[2.913s] -- Installing: /home/darsh/UR3_ROS2_PICK_AND_PLACE/install/ur_description/share/ur_description/config/ur10e
[2.913s] -- Installing: /home/darsh/UR3_ROS2_PICK_AND_PLACE/install/ur_description/share/ur_description/config/ur10e/visual_parameters.yaml
[2.914s] -- Installing: /home/darsh/UR3_ROS2_PICK_AND_PLACE/install/ur_description/share/ur_description/config/ur10e/physical_parameters.yaml
[2.914s] -- Installing: /home/darsh/UR3_ROS2_PICK_AND_PLACE/install/ur_description/share/ur_description/config/ur10e/joint_limits.yaml
[2.914s] -- Installing: /home/darsh/UR3_ROS2_PICK_AND_PLACE/install/ur_description/share/ur_description/config/ur10e/default_kinematics.yaml
[2.914s] -- Installing: /home/darsh/UR3_ROS2_PICK_AND_PLACE/install/ur_description/share/ur_description/config/ur5e
[2.915s] -- Installing: /home/darsh/UR3_ROS2_PICK_AND_PLACE/install/ur_description/share/ur_description/config/ur5e/visual_parameters.yaml
[2.915s] -- Installing: /home/darsh/UR3_ROS2_PICK_AND_PLACE/install/ur_description/share/ur_description/config/ur5e/physical_parameters.yaml
[2.915s] -- Installing: /home/darsh/UR3_ROS2_PICK_AND_PLACE/install/ur_description/share/ur_description/config/ur5e/joint_limits.yaml
[2.915s] -- Installing: /home/darsh/UR3_ROS2_PICK_AND_PLACE/install/ur_description/share/ur_description/config/ur5e/default_kinematics.yaml
[2.916s] -- Installing: /home/darsh/UR3_ROS2_PICK_AND_PLACE/install/ur_description/share/ur_description/config/ur3
[2.916s] -- Installing: /home/darsh/UR3_ROS2_PICK_AND_PLACE/install/ur_description/share/ur_description/config/ur3/visual_parameters.yaml
[2.916s] -- Installing: /home/darsh/UR3_ROS2_PICK_AND_PLACE/install/ur_description/share/ur_description/config/ur3/physical_parameters.yaml
[2.916s] -- Installing: /home/darsh/UR3_ROS2_PICK_AND_PLACE/install/ur_description/share/ur_description/config/ur3/joint_limits.yaml
[2.917s] -- Installing: /home/darsh/UR3_ROS2_PICK_AND_PLACE/install/ur_description/share/ur_description/config/ur3/default_kinematics.yaml
[2.917s] -- Installing: /home/darsh/UR3_ROS2_PICK_AND_PLACE/install/ur_description/share/ur_description/config/ur3e
[2.917s] -- Installing: /home/darsh/UR3_ROS2_PICK_AND_PLACE/install/ur_description/share/ur_description/config/ur3e/visual_parameters.yaml
[2.917s] -- Installing: /home/darsh/UR3_ROS2_PICK_AND_PLACE/install/ur_description/share/ur_description/config/ur3e/physical_parameters.yaml
[2.918s] -- Installing: /home/darsh/UR3_ROS2_PICK_AND_PLACE/install/ur_description/share/ur_description/config/ur3e/joint_limits.yaml
[2.918s] -- Installing: /home/darsh/UR3_ROS2_PICK_AND_PLACE/install/ur_description/share/ur_description/config/ur3e/default_kinematics.yaml
[2.918s] -- Installing: /home/darsh/UR3_ROS2_PICK_AND_PLACE/install/ur_description/share/ur_description/config/ur30
[2.918s] -- Installing: /home/darsh/UR3_ROS2_PICK_AND_PLACE/install/ur_description/share/ur_description/config/ur30/visual_parameters.yaml
[2.919s] -- Installing: /home/darsh/UR3_ROS2_PICK_AND_PLACE/install/ur_description/share/ur_description/config/ur30/physical_parameters.yaml
[2.919s] -- Installing: /home/darsh/UR3_ROS2_PICK_AND_PLACE/install/ur_description/share/ur_description/config/ur30/joint_limits.yaml
[2.919s] -- Installing: /home/darsh/UR3_ROS2_PICK_AND_PLACE/install/ur_description/share/ur_description/config/ur30/default_kinematics.yaml
[2.919s] -- Installing: /home/darsh/UR3_ROS2_PICK_AND_PLACE/install/ur_description/share/ur_description/config/ur20
[2.920s] -- Installing: /home/darsh/UR3_ROS2_PICK_AND_PLACE/install/ur_description/share/ur_description/config/ur20/visual_parameters.yaml
[2.920s] -- Installing: /home/darsh/UR3_ROS2_PICK_AND_PLACE/install/ur_description/share/ur_description/config/ur20/physical_parameters.yaml
[2.920s] -- Installing: /home/darsh/UR3_ROS2_PICK_AND_PLACE/install/ur_description/share/ur_description/config/ur20/joint_limits.yaml
[2.920s] -- Installing: /home/darsh/UR3_ROS2_PICK_AND_PLACE/install/ur_description/share/ur_description/config/ur20/default_kinematics.yaml
[2.921s] -- Installing: /home/darsh/UR3_ROS2_PICK_AND_PLACE/install/ur_description/share/ur_description/config/ur10
[2.921s] -- Installing: /home/darsh/UR3_ROS2_PICK_AND_PLACE/install/ur_description/share/ur_description/config/ur10/visual_parameters.yaml
[2.921s] -- Installing: /home/darsh/UR3_ROS2_PICK_AND_PLACE/install/ur_description/share/ur_description/config/ur10/physical_parameters.yaml
[2.921s] -- Installing: /home/darsh/UR3_ROS2_PICK_AND_PLACE/install/ur_description/share/ur_description/config/ur10/joint_limits.yaml
[2.921s] -- Installing: /home/darsh/UR3_ROS2_PICK_AND_PLACE/install/ur_description/share/ur_description/config/ur10/default_kinematics.yaml
[2.922s] -- Installing: /home/darsh/UR3_ROS2_PICK_AND_PLACE/install/ur_description/share/ur_description/config/ur16e
[2.922s] -- Installing: /home/darsh/UR3_ROS2_PICK_AND_PLACE/install/ur_description/share/ur_description/config/ur16e/visual_parameters.yaml
[2.922s] -- Installing: /home/darsh/UR3_ROS2_PICK_AND_PLACE/install/ur_description/share/ur_description/config/ur16e/physical_parameters.yaml
[2.922s] -- Installing: /home/darsh/UR3_ROS2_PICK_AND_PLACE/install/ur_description/share/ur_description/config/ur16e/joint_limits.yaml
[2.922s] -- Installing: /home/darsh/UR3_ROS2_PICK_AND_PLACE/install/ur_description/share/ur_description/config/ur16e/default_kinematics.yaml
[2.922s] -- Installing: /home/darsh/UR3_ROS2_PICK_AND_PLACE/install/ur_description/share/ur_description/launch
[2.923s] -- Installing: /home/darsh/UR3_ROS2_PICK_AND_PLACE/install/ur_description/share/ur_description/launch/plan_motion.py
[2.923s] -- Installing: /home/darsh/UR3_ROS2_PICK_AND_PLACE/install/ur_description/share/ur_description/launch/view_ur.launch.py
[2.923s] -- Installing: /home/darsh/UR3_ROS2_PICK_AND_PLACE/install/ur_description/share/ur_description/meshes
[2.923s] -- Installing: /home/darsh/UR3_ROS2_PICK_AND_PLACE/install/ur_description/share/ur_description/meshes/ur5
[2.923s] -- Installing: /home/darsh/UR3_ROS2_PICK_AND_PLACE/install/ur_description/share/ur_description/meshes/ur5/collision
[2.923s] -- Installing: /home/darsh/UR3_ROS2_PICK_AND_PLACE/install/ur_description/share/ur_description/meshes/ur5/collision/forearm.stl
[2.924s] -- Installing: /home/darsh/UR3_ROS2_PICK_AND_PLACE/install/ur_description/share/ur_description/meshes/ur5/collision/upperarm.stl
[2.924s] -- Installing: /home/darsh/UR3_ROS2_PICK_AND_PLACE/install/ur_description/share/ur_description/meshes/ur5/collision/base.stl
[2.924s] -- Installing: /home/darsh/UR3_ROS2_PICK_AND_PLACE/install/ur_description/share/ur_description/meshes/ur5/collision/shoulder.stl
[2.924s] -- Installing: /home/darsh/UR3_ROS2_PICK_AND_PLACE/install/ur_description/share/ur_description/meshes/ur5/collision/wrist3.stl
[2.924s] -- Installing: /home/darsh/UR3_ROS2_PICK_AND_PLACE/install/ur_description/share/ur_description/meshes/ur5/collision/wrist1.stl
[2.924s] -- Installing: /home/darsh/UR3_ROS2_PICK_AND_PLACE/install/ur_description/share/ur_description/meshes/ur5/collision/wrist2.stl
[2.925s] -- Installing: /home/darsh/UR3_ROS2_PICK_AND_PLACE/install/ur_description/share/ur_description/meshes/ur5/visual
[2.925s] -- Installing: /home/darsh/UR3_ROS2_PICK_AND_PLACE/install/ur_description/share/ur_description/meshes/ur5/visual/wrist3.dae
[2.925s] -- Installing: /home/darsh/UR3_ROS2_PICK_AND_PLACE/install/ur_description/share/ur_description/meshes/ur5/visual/shoulder.dae
[2.925s] -- Installing: /home/darsh/UR3_ROS2_PICK_AND_PLACE/install/ur_description/share/ur_description/meshes/ur5/visual/upperarm.dae
[2.926s] -- Installing: /home/darsh/UR3_ROS2_PICK_AND_PLACE/install/ur_description/share/ur_description/meshes/ur5/visual/forearm.dae
[2.926s] -- Installing: /home/darsh/UR3_ROS2_PICK_AND_PLACE/install/ur_description/share/ur_description/meshes/ur5/visual/base.dae
[2.926s] -- Installing: /home/darsh/UR3_ROS2_PICK_AND_PLACE/install/ur_description/share/ur_description/meshes/ur5/visual/wrist1.dae
[2.926s] -- Installing: /home/darsh/UR3_ROS2_PICK_AND_PLACE/install/ur_description/share/ur_description/meshes/ur5/visual/wrist2.dae
[2.927s] -- Installing: /home/darsh/UR3_ROS2_PICK_AND_PLACE/install/ur_description/share/ur_description/meshes/ur10e
[2.927s] -- Installing: /home/darsh/UR3_ROS2_PICK_AND_PLACE/install/ur_description/share/ur_description/meshes/ur10e/collision
[2.928s] -- Installing: /home/darsh/UR3_ROS2_PICK_AND_PLACE/install/ur_description/share/ur_description/meshes/ur10e/collision/forearm.stl
[2.929s] -- Installing: /home/darsh/UR3_ROS2_PICK_AND_PLACE/install/ur_description/share/ur_description/meshes/ur10e/collision/upperarm.stl
[2.929s] -- Installing: /home/darsh/UR3_ROS2_PICK_AND_PLACE/install/ur_description/share/ur_description/meshes/ur10e/collision/base.stl
[2.929s] -- Installing: /home/darsh/UR3_ROS2_PICK_AND_PLACE/install/ur_description/share/ur_description/meshes/ur10e/collision/shoulder.stl
[2.930s] -- Installing: /home/darsh/UR3_ROS2_PICK_AND_PLACE/install/ur_description/share/ur_description/meshes/ur10e/collision/wrist3.stl
[2.930s] -- Installing: /home/darsh/UR3_ROS2_PICK_AND_PLACE/install/ur_description/share/ur_description/meshes/ur10e/collision/wrist1.stl
[2.930s] -- Installing: /home/darsh/UR3_ROS2_PICK_AND_PLACE/install/ur_description/share/ur_description/meshes/ur10e/collision/wrist2.stl
[2.930s] -- Installing: /home/darsh/UR3_ROS2_PICK_AND_PLACE/install/ur_description/share/ur_description/meshes/ur10e/visual
[2.930s] -- Installing: /home/darsh/UR3_ROS2_PICK_AND_PLACE/install/ur_description/share/ur_description/meshes/ur10e/visual/wrist3.dae
[2.930s] -- Installing: /home/darsh/UR3_ROS2_PICK_AND_PLACE/install/ur_description/share/ur_description/meshes/ur10e/visual/shoulder.dae
[2.933s] -- Installing: /home/darsh/UR3_ROS2_PICK_AND_PLACE/install/ur_description/share/ur_description/meshes/ur10e/visual/upperarm.dae
[2.937s] -- Installing: /home/darsh/UR3_ROS2_PICK_AND_PLACE/install/ur_description/share/ur_description/meshes/ur10e/visual/forearm.dae
[2.939s] -- Installing: /home/darsh/UR3_ROS2_PICK_AND_PLACE/install/ur_description/share/ur_description/meshes/ur10e/visual/base.dae
[2.940s] -- Installing: /home/darsh/UR3_ROS2_PICK_AND_PLACE/install/ur_description/share/ur_description/meshes/ur10e/visual/wrist1.dae
[2.941s] -- Installing: /home/darsh/UR3_ROS2_PICK_AND_PLACE/install/ur_description/share/ur_description/meshes/ur10e/visual/wrist2.dae
[2.943s] -- Installing: /home/darsh/UR3_ROS2_PICK_AND_PLACE/install/ur_description/share/ur_description/meshes/ur5e
[2.944s] -- Installing: /home/darsh/UR3_ROS2_PICK_AND_PLACE/install/ur_description/share/ur_description/meshes/ur5e/collision
[2.944s] -- Installing: /home/darsh/UR3_ROS2_PICK_AND_PLACE/install/ur_description/share/ur_description/meshes/ur5e/collision/forearm.stl
[2.945s] -- Installing: /home/darsh/UR3_ROS2_PICK_AND_PLACE/install/ur_description/share/ur_description/meshes/ur5e/collision/upperarm.stl
[2.945s] -- Installing: /home/darsh/UR3_ROS2_PICK_AND_PLACE/install/ur_description/share/ur_description/meshes/ur5e/collision/base.stl
[2.945s] -- Installing: /home/darsh/UR3_ROS2_PICK_AND_PLACE/install/ur_description/share/ur_description/meshes/ur5e/collision/shoulder.stl
[2.946s] -- Installing: /home/darsh/UR3_ROS2_PICK_AND_PLACE/install/ur_description/share/ur_description/meshes/ur5e/collision/wrist3.stl
[2.946s] -- Installing: /home/darsh/UR3_ROS2_PICK_AND_PLACE/install/ur_description/share/ur_description/meshes/ur5e/collision/wrist1.stl
[2.946s] -- Installing: /home/darsh/UR3_ROS2_PICK_AND_PLACE/install/ur_description/share/ur_description/meshes/ur5e/collision/wrist2.stl
[2.946s] -- Installing: /home/darsh/UR3_ROS2_PICK_AND_PLACE/install/ur_description/share/ur_description/meshes/ur5e/visual
[2.946s] -- Installing: /home/darsh/UR3_ROS2_PICK_AND_PLACE/install/ur_description/share/ur_description/meshes/ur5e/visual/wrist3.dae
[2.946s] -- Installing: /home/darsh/UR3_ROS2_PICK_AND_PLACE/install/ur_description/share/ur_description/meshes/ur5e/visual/shoulder.dae
[2.948s] -- Installing: /home/darsh/UR3_ROS2_PICK_AND_PLACE/install/ur_description/share/ur_description/meshes/ur5e/visual/upperarm.dae
[2.952s] -- Installing: /home/darsh/UR3_ROS2_PICK_AND_PLACE/install/ur_description/share/ur_description/meshes/ur5e/visual/forearm.dae
[2.953s] -- Installing: /home/darsh/UR3_ROS2_PICK_AND_PLACE/install/ur_description/share/ur_description/meshes/ur5e/visual/base.dae
[2.954s] -- Installing: /home/darsh/UR3_ROS2_PICK_AND_PLACE/install/ur_description/share/ur_description/meshes/ur5e/visual/wrist1.dae
[2.955s] -- Installing: /home/darsh/UR3_ROS2_PICK_AND_PLACE/install/ur_description/share/ur_description/meshes/ur5e/visual/wrist2.dae
[2.958s] -- Installing: /home/darsh/UR3_ROS2_PICK_AND_PLACE/install/ur_description/share/ur_description/meshes/ur3
[2.958s] -- Installing: /home/darsh/UR3_ROS2_PICK_AND_PLACE/install/ur_description/share/ur_description/meshes/ur3/collision
[2.958s] -- Installing: /home/darsh/UR3_ROS2_PICK_AND_PLACE/install/ur_description/share/ur_description/meshes/ur3/collision/forearm.stl
[2.959s] -- Installing: /home/darsh/UR3_ROS2_PICK_AND_PLACE/install/ur_description/share/ur_description/meshes/ur3/collision/upperarm.stl
[2.960s] -- Installing: /home/darsh/UR3_ROS2_PICK_AND_PLACE/install/ur_description/share/ur_description/meshes/ur3/collision/base.stl
[2.960s] -- Installing: /home/darsh/UR3_ROS2_PICK_AND_PLACE/install/ur_description/share/ur_description/meshes/ur3/collision/shoulder.stl
[2.961s] -- Installing: /home/darsh/UR3_ROS2_PICK_AND_PLACE/install/ur_description/share/ur_description/meshes/ur3/collision/wrist3.stl
[2.961s] -- Installing: /home/darsh/UR3_ROS2_PICK_AND_PLACE/install/ur_description/share/ur_description/meshes/ur3/collision/wrist1.stl
[2.961s] -- Installing: /home/darsh/UR3_ROS2_PICK_AND_PLACE/install/ur_description/share/ur_description/meshes/ur3/collision/wrist2.stl
[2.962s] -- Installing: /home/darsh/UR3_ROS2_PICK_AND_PLACE/install/ur_description/share/ur_description/meshes/ur3/visual
[2.962s] -- Installing: /home/darsh/UR3_ROS2_PICK_AND_PLACE/install/ur_description/share/ur_description/meshes/ur3/visual/wrist3.dae
[2.962s] -- Installing: /home/darsh/UR3_ROS2_PICK_AND_PLACE/install/ur_description/share/ur_description/meshes/ur3/visual/shoulder.dae
[2.965s] -- Installing: /home/darsh/UR3_ROS2_PICK_AND_PLACE/install/ur_description/share/ur_description/meshes/ur3/visual/upperarm.dae
[2.969s] -- Installing: /home/darsh/UR3_ROS2_PICK_AND_PLACE/install/ur_description/share/ur_description/meshes/ur3/visual/forearm.dae
[2.971s] -- Installing: /home/darsh/UR3_ROS2_PICK_AND_PLACE/install/ur_description/share/ur_description/meshes/ur3/visual/base.dae
[2.972s] -- Installing: /home/darsh/UR3_ROS2_PICK_AND_PLACE/install/ur_description/share/ur_description/meshes/ur3/visual/wrist1.dae
[2.973s] -- Installing: /home/darsh/UR3_ROS2_PICK_AND_PLACE/install/ur_description/share/ur_description/meshes/ur3/visual/wrist2.dae
[2.974s] -- Installing: /home/darsh/UR3_ROS2_PICK_AND_PLACE/install/ur_description/share/ur_description/meshes/ur3e
[2.975s] -- Installing: /home/darsh/UR3_ROS2_PICK_AND_PLACE/install/ur_description/share/ur_description/meshes/ur3e/collision
[2.975s] -- Installing: /home/darsh/UR3_ROS2_PICK_AND_PLACE/install/ur_description/share/ur_description/meshes/ur3e/collision/forearm.stl
[2.975s] -- Installing: /home/darsh/UR3_ROS2_PICK_AND_PLACE/install/ur_description/share/ur_description/meshes/ur3e/collision/upperarm.stl
[2.975s] -- Installing: /home/darsh/UR3_ROS2_PICK_AND_PLACE/install/ur_description/share/ur_description/meshes/ur3e/collision/base.stl
[2.976s] -- Installing: /home/darsh/UR3_ROS2_PICK_AND_PLACE/install/ur_description/share/ur_description/meshes/ur3e/collision/shoulder.stl
[2.976s] -- Installing: /home/darsh/UR3_ROS2_PICK_AND_PLACE/install/ur_description/share/ur_description/meshes/ur3e/collision/wrist3.stl
[2.977s] -- Installing: /home/darsh/UR3_ROS2_PICK_AND_PLACE/install/ur_description/share/ur_description/meshes/ur3e/collision/wrist1.stl
[2.977s] -- Installing: /home/darsh/UR3_ROS2_PICK_AND_PLACE/install/ur_description/share/ur_description/meshes/ur3e/collision/wrist2.stl
[2.977s] -- Installing: /home/darsh/UR3_ROS2_PICK_AND_PLACE/install/ur_description/share/ur_description/meshes/ur3e/visual
[2.978s] -- Installing: /home/darsh/UR3_ROS2_PICK_AND_PLACE/install/ur_description/share/ur_description/meshes/ur3e/visual/wrist3.dae
[2.978s] -- Installing: /home/darsh/UR3_ROS2_PICK_AND_PLACE/install/ur_description/share/ur_description/meshes/ur3e/visual/shoulder.dae
[2.982s] -- Installing: /home/darsh/UR3_ROS2_PICK_AND_PLACE/install/ur_description/share/ur_description/meshes/ur3e/visual/upperarm.dae
[2.989s] -- Installing: /home/darsh/UR3_ROS2_PICK_AND_PLACE/install/ur_description/share/ur_description/meshes/ur3e/visual/forearm.dae
[2.991s] -- Installing: /home/darsh/UR3_ROS2_PICK_AND_PLACE/install/ur_description/share/ur_description/meshes/ur3e/visual/base.dae
[2.992s] -- Installing: /home/darsh/UR3_ROS2_PICK_AND_PLACE/install/ur_description/share/ur_description/meshes/ur3e/visual/wrist1.dae
[2.996s] -- Installing: /home/darsh/UR3_ROS2_PICK_AND_PLACE/install/ur_description/share/ur_description/meshes/ur3e/visual/wrist2.dae
[3.000s] -- Installing: /home/darsh/UR3_ROS2_PICK_AND_PLACE/install/ur_description/share/ur_description/meshes/d435
[3.000s] -- Installing: /home/darsh/UR3_ROS2_PICK_AND_PLACE/install/ur_description/share/ur_description/meshes/d435/visual
[3.000s] -- Installing: /home/darsh/UR3_ROS2_PICK_AND_PLACE/install/ur_description/share/ur_description/meshes/d435/visual/d435.stl
[3.022s] -- Installing: /home/darsh/UR3_ROS2_PICK_AND_PLACE/install/ur_description/share/ur_description/meshes/ur30
[3.022s] -- Installing: /home/darsh/UR3_ROS2_PICK_AND_PLACE/install/ur_description/share/ur_description/meshes/ur30/LICENSE.txt
[3.023s] -- Installing: /home/darsh/UR3_ROS2_PICK_AND_PLACE/install/ur_description/share/ur_description/meshes/ur30/collision
[3.023s] -- Installing: /home/darsh/UR3_ROS2_PICK_AND_PLACE/install/ur_description/share/ur_description/meshes/ur30/collision/forearm.stl
[3.023s] -- Installing: /home/darsh/UR3_ROS2_PICK_AND_PLACE/install/ur_description/share/ur_description/meshes/ur30/collision/upperarm.stl
[3.024s] -- Installing: /home/darsh/UR3_ROS2_PICK_AND_PLACE/install/ur_description/share/ur_description/meshes/ur30/visual
[3.024s] -- Installing: /home/darsh/UR3_ROS2_PICK_AND_PLACE/install/ur_description/share/ur_description/meshes/ur30/visual/upperarm.dae
[3.025s] -- Installing: /home/darsh/UR3_ROS2_PICK_AND_PLACE/install/ur_description/share/ur_description/meshes/ur30/visual/forearm.dae
[3.026s] -- Installing: /home/darsh/UR3_ROS2_PICK_AND_PLACE/install/ur_description/share/ur_description/meshes/ur30/visual/UR30_DIFF_8bit_2K.png
[3.030s] -- Installing: /home/darsh/UR3_ROS2_PICK_AND_PLACE/install/ur_description/share/ur_description/meshes/ur20
[3.030s] -- Installing: /home/darsh/UR3_ROS2_PICK_AND_PLACE/install/ur_description/share/ur_description/meshes/ur20/LICENSE.txt
[3.030s] -- Installing: /home/darsh/UR3_ROS2_PICK_AND_PLACE/install/ur_description/share/ur_description/meshes/ur20/collision
[3.031s] -- Installing: /home/darsh/UR3_ROS2_PICK_AND_PLACE/install/ur_description/share/ur_description/meshes/ur20/collision/forearm.stl
[3.031s] -- Installing: /home/darsh/UR3_ROS2_PICK_AND_PLACE/install/ur_description/share/ur_description/meshes/ur20/collision/upperarm.stl
[3.031s] -- Installing: /home/darsh/UR3_ROS2_PICK_AND_PLACE/install/ur_description/share/ur_description/meshes/ur20/collision/base.stl
[3.032s] -- Installing: /home/darsh/UR3_ROS2_PICK_AND_PLACE/install/ur_description/share/ur_description/meshes/ur20/collision/shoulder.stl
[3.032s] -- Installing: /home/darsh/UR3_ROS2_PICK_AND_PLACE/install/ur_description/share/ur_description/meshes/ur20/collision/wrist3.stl
[3.032s] -- Installing: /home/darsh/UR3_ROS2_PICK_AND_PLACE/install/ur_description/share/ur_description/meshes/ur20/collision/wrist1.stl
[3.033s] -- Installing: /home/darsh/UR3_ROS2_PICK_AND_PLACE/install/ur_description/share/ur_description/meshes/ur20/collision/wrist2.stl
[3.033s] -- Installing: /home/darsh/UR3_ROS2_PICK_AND_PLACE/install/ur_description/share/ur_description/meshes/ur20/visual
[3.033s] -- Installing: /home/darsh/UR3_ROS2_PICK_AND_PLACE/install/ur_description/share/ur_description/meshes/ur20/visual/wrist3.dae
[3.034s] -- Installing: /home/darsh/UR3_ROS2_PICK_AND_PLACE/install/ur_description/share/ur_description/meshes/ur20/visual/shoulder.dae
[3.034s] -- Installing: /home/darsh/UR3_ROS2_PICK_AND_PLACE/install/ur_description/share/ur_description/meshes/ur20/visual/upperarm.dae
[3.036s] -- Installing: /home/darsh/UR3_ROS2_PICK_AND_PLACE/install/ur_description/share/ur_description/meshes/ur20/visual/forearm.dae
[3.038s] -- Installing: /home/darsh/UR3_ROS2_PICK_AND_PLACE/install/ur_description/share/ur_description/meshes/ur20/visual/UR20_DIFF_8bit_2K.png
[3.043s] -- Installing: /home/darsh/UR3_ROS2_PICK_AND_PLACE/install/ur_description/share/ur_description/meshes/ur20/visual/base.dae
[3.044s] -- Installing: /home/darsh/UR3_ROS2_PICK_AND_PLACE/install/ur_description/share/ur_description/meshes/ur20/visual/wrist1.dae
[3.045s] -- Installing: /home/darsh/UR3_ROS2_PICK_AND_PLACE/install/ur_description/share/ur_description/meshes/ur20/visual/wrist2.dae
[3.046s] -- Installing: /home/darsh/UR3_ROS2_PICK_AND_PLACE/install/ur_description/share/ur_description/meshes/ur10
[3.046s] -- Installing: /home/darsh/UR3_ROS2_PICK_AND_PLACE/install/ur_description/share/ur_description/meshes/ur10/collision
[3.046s] -- Installing: /home/darsh/UR3_ROS2_PICK_AND_PLACE/install/ur_description/share/ur_description/meshes/ur10/collision/forearm.stl
[3.047s] -- Installing: /home/darsh/UR3_ROS2_PICK_AND_PLACE/install/ur_description/share/ur_description/meshes/ur10/collision/upperarm.stl
[3.047s] -- Installing: /home/darsh/UR3_ROS2_PICK_AND_PLACE/install/ur_description/share/ur_description/meshes/ur10/collision/base.stl
[3.047s] -- Installing: /home/darsh/UR3_ROS2_PICK_AND_PLACE/install/ur_description/share/ur_description/meshes/ur10/collision/shoulder.stl
[3.047s] -- Installing: /home/darsh/UR3_ROS2_PICK_AND_PLACE/install/ur_description/share/ur_description/meshes/ur10/collision/wrist3.stl
[3.048s] -- Installing: /home/darsh/UR3_ROS2_PICK_AND_PLACE/install/ur_description/share/ur_description/meshes/ur10/collision/wrist1.stl
[3.048s] -- Installing: /home/darsh/UR3_ROS2_PICK_AND_PLACE/install/ur_description/share/ur_description/meshes/ur10/collision/wrist2.stl
[3.048s] -- Installing: /home/darsh/UR3_ROS2_PICK_AND_PLACE/install/ur_description/share/ur_description/meshes/ur10/visual
[3.048s] -- Installing: /home/darsh/UR3_ROS2_PICK_AND_PLACE/install/ur_description/share/ur_description/meshes/ur10/visual/wrist3.dae
[3.049s] -- Installing: /home/darsh/UR3_ROS2_PICK_AND_PLACE/install/ur_description/share/ur_description/meshes/ur10/visual/shoulder.dae
[3.051s] -- Installing: /home/darsh/UR3_ROS2_PICK_AND_PLACE/install/ur_description/share/ur_description/meshes/ur10/visual/upperarm.dae
[3.055s] -- Installing: /home/darsh/UR3_ROS2_PICK_AND_PLACE/install/ur_description/share/ur_description/meshes/ur10/visual/forearm.dae
[3.059s] -- Installing: /home/darsh/UR3_ROS2_PICK_AND_PLACE/install/ur_description/share/ur_description/meshes/ur10/visual/base.dae
[3.060s] -- Installing: /home/darsh/UR3_ROS2_PICK_AND_PLACE/install/ur_description/share/ur_description/meshes/ur10/visual/wrist1.dae
[3.062s] -- Installing: /home/darsh/UR3_ROS2_PICK_AND_PLACE/install/ur_description/share/ur_description/meshes/ur10/visual/wrist2.dae
[3.067s] -- Installing: /home/darsh/UR3_ROS2_PICK_AND_PLACE/install/ur_description/share/ur_description/meshes/ur16e
[3.067s] -- Installing: /home/darsh/UR3_ROS2_PICK_AND_PLACE/install/ur_description/share/ur_description/meshes/ur16e/collision
[3.068s] -- Installing: /home/darsh/UR3_ROS2_PICK_AND_PLACE/install/ur_description/share/ur_description/meshes/ur16e/collision/forearm.stl
[3.068s] -- Installing: /home/darsh/UR3_ROS2_PICK_AND_PLACE/install/ur_description/share/ur_description/meshes/ur16e/collision/upperarm.stl
[3.068s] -- Installing: /home/darsh/UR3_ROS2_PICK_AND_PLACE/install/ur_description/share/ur_description/meshes/ur16e/visual
[3.068s] -- Installing: /home/darsh/UR3_ROS2_PICK_AND_PLACE/install/ur_description/share/ur_description/meshes/ur16e/visual/upperarm.dae
[3.077s] -- Installing: /home/darsh/UR3_ROS2_PICK_AND_PLACE/install/ur_description/share/ur_description/meshes/ur16e/visual/forearm.dae
[3.081s] -- Installing: /home/darsh/UR3_ROS2_PICK_AND_PLACE/install/ur_description/share/ur_description/rviz
[3.082s] -- Installing: /home/darsh/UR3_ROS2_PICK_AND_PLACE/install/ur_description/share/ur_description/rviz/view_robot.rviz
[3.082s] -- Installing: /home/darsh/UR3_ROS2_PICK_AND_PLACE/install/ur_description/share/ur_description/urdf
[3.082s] -- Installing: /home/darsh/UR3_ROS2_PICK_AND_PLACE/install/ur_description/share/ur_description/urdf/ur_mocked.urdf.xacro
[3.083s] -- Installing: /home/darsh/UR3_ROS2_PICK_AND_PLACE/install/ur_description/share/ur_description/urdf/ur.urdf copy.xacro
[3.083s] -- Installing: /home/darsh/UR3_ROS2_PICK_AND_PLACE/install/ur_description/share/ur_description/urdf/ur.urdf
[3.083s] -- Installing: /home/darsh/UR3_ROS2_PICK_AND_PLACE/install/ur_description/share/ur_description/urdf/inc
[3.083s] -- Installing: /home/darsh/UR3_ROS2_PICK_AND_PLACE/install/ur_description/share/ur_description/urdf/inc/ur_common.xacro
[3.084s] -- Installing: /home/darsh/UR3_ROS2_PICK_AND_PLACE/install/ur_description/share/ur_description/urdf/inc/ur_sensors.xacro
[3.084s] -- Installing: /home/darsh/UR3_ROS2_PICK_AND_PLACE/install/ur_description/share/ur_description/urdf/inc/ur_joint_control.xacro
[3.084s] -- Installing: /home/darsh/UR3_ROS2_PICK_AND_PLACE/install/ur_description/share/ur_description/urdf/inc/ur_transmissions.xacro
[3.084s] -- Installing: /home/darsh/UR3_ROS2_PICK_AND_PLACE/install/ur_description/share/ur_description/urdf/ur.ros2_control.xacro
[3.085s] -- Installing: /home/darsh/UR3_ROS2_PICK_AND_PLACE/install/ur_description/share/ur_description/urdf/ros2_control_mock_hardware.xacro
[3.085s] -- Installing: /home/darsh/UR3_ROS2_PICK_AND_PLACE/install/ur_description/share/ur_description/urdf/gazebo_sim_ros2_control.urdf.xacro
[3.085s] -- Installing: /home/darsh/UR3_ROS2_PICK_AND_PLACE/install/ur_description/share/ur_description/urdf/intel_rgbd_cam_d435.urdf.xacro
[3.085s] -- Installing: /home/darsh/UR3_ROS2_PICK_AND_PLACE/install/ur_description/share/ur_description/urdf/ur_macro.xacro
[3.086s] -- Installing: /home/darsh/UR3_ROS2_PICK_AND_PLACE/install/ur_description/share/ur_description/urdf/ur.urdf.xacro
[3.086s] -- Installing: /home/darsh/UR3_ROS2_PICK_AND_PLACE/install/ur_description/share/ament_index/resource_index/package_run_dependencies/ur_description
[3.086s] -- Installing: /home/darsh/UR3_ROS2_PICK_AND_PLACE/install/ur_description/share/ament_index/resource_index/parent_prefix_path/ur_description
[3.086s] -- Installing: /home/darsh/UR3_ROS2_PICK_AND_PLACE/install/ur_description/share/ur_description/environment/ament_prefix_path.sh
[3.086s] -- Installing: /home/darsh/UR3_ROS2_PICK_AND_PLACE/install/ur_description/share/ur_description/environment/ament_prefix_path.dsv
[3.087s] -- Installing: /home/darsh/UR3_ROS2_PICK_AND_PLACE/install/ur_description/share/ur_description/environment/path.sh
[3.087s] -- Installing: /home/darsh/UR3_ROS2_PICK_AND_PLACE/install/ur_description/share/ur_description/environment/path.dsv
[3.087s] -- Installing: /home/darsh/UR3_ROS2_PICK_AND_PLACE/install/ur_description/share/ur_description/local_setup.bash
[3.087s] -- Installing: /home/darsh/UR3_ROS2_PICK_AND_PLACE/install/ur_description/share/ur_description/local_setup.sh
[3.087s] -- Installing: /home/darsh/UR3_ROS2_PICK_AND_PLACE/install/ur_description/share/ur_description/local_setup.zsh
[3.088s] -- Installing: /home/darsh/UR3_ROS2_PICK_AND_PLACE/install/ur_description/share/ur_description/local_setup.dsv
[3.088s] -- Installing: /home/darsh/UR3_ROS2_PICK_AND_PLACE/install/ur_description/share/ur_description/package.dsv
[3.088s] -- Installing: /home/darsh/UR3_ROS2_PICK_AND_PLACE/install/ur_description/share/ament_index/resource_index/packages/ur_description
[3.089s] -- Installing: /home/darsh/UR3_ROS2_PICK_AND_PLACE/install/ur_description/share/ur_description/cmake/ur_descriptionConfig.cmake
[3.089s] -- Installing: /home/darsh/UR3_ROS2_PICK_AND_PLACE/install/ur_description/share/ur_description/cmake/ur_descriptionConfig-version.cmake
[3.089s] -- Installing: /home/darsh/UR3_ROS2_PICK_AND_PLACE/install/ur_description/share/ur_description/package.xml
[3.091s] Invoked command in '/home/darsh/UR3_ROS2_PICK_AND_PLACE/build/ur_description' returned '0': CMAKE_PREFIX_PATH=${CMAKE_PREFIX_PATH}:/opt/ros/jazzy /usr/bin/cmake --install /home/darsh/UR3_ROS2_PICK_AND_PLACE/build/ur_description
