[0.247s] Invoking command in '/home/darsh/UR3_ROS2_PICK_AND_PLACE/build/moveit_task_constructor_core': CMAKE_PREFIX_PATH=/home/darsh/UR3_ROS2_PICK_AND_PLACE/install/rviz_marker_tools:/home/darsh/UR3_ROS2_PICK_AND_PLACE/install/moveit_task_constructor_msgs:/home/darsh/UR3_ROS2_PICK_AND_PLACE/install/moveit_config:/home/darsh/UR3_ROS2_PICK_AND_PLACE/install/warehouse_ros_mongo:/home/darsh/UR3_ROS2_PICK_AND_PLACE/install/ur_mtc_pick_place_demo:/home/darsh/UR3_ROS2_PICK_AND_PLACE/install/ur_mtc_demos:/home/darsh/UR3_ROS2_PICK_AND_PLACE/install/ur_moveit_demos:/home/darsh/UR3_ROS2_PICK_AND_PLACE/install/ur_interfaces:/home/darsh/UR3_ROS2_PICK_AND_PLACE/install/ur_gazebo:/home/darsh/UR3_ROS2_PICK_AND_PLACE/install/ur_description:/home/darsh/UR3_ROS2_PICK_AND_PLACE/install/moveit_task_constructor_visualization:/home/darsh/UR3_ROS2_PICK_AND_PLACE/install/moveit_task_constructor_demo:/home/darsh/UR3_ROS2_PICK_AND_PLACE/install/moveit_task_constructor_capabilities:/home/darsh/UR3_ROS2_PICK_AND_PLACE/install/moveit_task_constructor_core:/home/darsh/UR3_ROS2_PICK_AND_PLACE/install/robotiq_2f_85_gripper_visualization:/opt/ros/jazzy/opt/gz_sim_vendor:/opt/ros/jazzy/opt/gz_sensors_vendor:/opt/ros/jazzy/opt/gz_physics_vendor:/opt/ros/jazzy/opt/sdformat_vendor:/opt/ros/jazzy/opt/gz_gui_vendor:/opt/ros/jazzy/opt/gz_transport_vendor:/opt/ros/jazzy/opt/gz_rendering_vendor:/opt/ros/jazzy/opt/gz_plugin_vendor:/opt/ros/jazzy/opt/gz_fuel_tools_vendor:/opt/ros/jazzy/opt/gz_msgs_vendor:/opt/ros/jazzy/opt/gz_common_vendor:/opt/ros/jazzy/opt/gz_math_vendor:/opt/ros/jazzy/opt/gz_utils_vendor:/opt/ros/jazzy/opt/gz_tools_vendor:/opt/ros/jazzy/opt/gz_ogre_next_vendor:/opt/ros/jazzy/opt/gz_dartsim_vendor:/opt/ros/jazzy/opt/gz_cmake_vendor:/opt/ros/jazzy LD_LIBRARY_PATH=/home/darsh/UR3_ROS2_PICK_AND_PLACE/install/rviz_marker_tools/lib:/home/darsh/UR3_ROS2_PICK_AND_PLACE/install/moveit_task_constructor_msgs/lib:/home/darsh/UR3_ROS2_PICK_AND_PLACE/install/warehouse_ros_mongo/lib:/home/darsh/UR3_ROS2_PICK_AND_PLACE/install/ur_mtc_pick_place_demo/lib:/home/darsh/UR3_ROS2_PICK_AND_PLACE/install/ur_interfaces/lib:/home/darsh/UR3_ROS2_PICK_AND_PLACE/install/moveit_task_constructor_visualization/lib:/home/darsh/UR3_ROS2_PICK_AND_PLACE/install/moveit_task_constructor_demo/lib:/home/darsh/UR3_ROS2_PICK_AND_PLACE/install/moveit_task_constructor_capabilities/lib:/home/darsh/UR3_ROS2_PICK_AND_PLACE/install/moveit_task_constructor_core/lib:/opt/ros/jazzy/opt/gz_sim_vendor/lib:/opt/ros/jazzy/opt/gz_sensors_vendor/lib:/opt/ros/jazzy/opt/gz_physics_vendor/lib:/opt/ros/jazzy/opt/sdformat_vendor/lib:/opt/ros/jazzy/opt/rviz_ogre_vendor/lib:/opt/ros/jazzy/lib/x86_64-linux-gnu:/opt/ros/jazzy/opt/gz_gui_vendor/lib:/opt/ros/jazzy/opt/gz_transport_vendor/lib:/opt/ros/jazzy/opt/gz_rendering_vendor/lib:/opt/ros/jazzy/opt/gz_plugin_vendor/lib:/opt/ros/jazzy/opt/gz_fuel_tools_vendor/lib:/opt/ros/jazzy/opt/gz_msgs_vendor/lib:/opt/ros/jazzy/opt/gz_common_vendor/lib:/opt/ros/jazzy/opt/gz_math_vendor/lib:/opt/ros/jazzy/opt/gz_utils_vendor/lib:/opt/ros/jazzy/opt/gz_tools_vendor/lib:/opt/ros/jazzy/opt/gz_ogre_next_vendor/lib:/opt/ros/jazzy/opt/gz_dartsim_vendor/lib:/opt/ros/jazzy/opt/gz_cmake_vendor/lib:/opt/ros/jazzy/lib PYTHONPATH=/home/darsh/UR3_ROS2_PICK_AND_PLACE/install/moveit_task_constructor_msgs/lib/python3.12/site-packages:/home/darsh/UR3_ROS2_PICK_AND_PLACE/install/warehouse_ros_mongo/lib/python3.12/site-packages:/home/darsh/UR3_ROS2_PICK_AND_PLACE/install/ur_interfaces/lib/python3.12/site-packages:/home/darsh/UR3_ROS2_PICK_AND_PLACE/install/moveit_task_constructor_core/lib/python3.12/site-packages:/opt/ros/jazzy/lib/python3.12/site-packages /usr/bin/cmake --build /home/darsh/UR3_ROS2_PICK_AND_PLACE/build/moveit_task_constructor_core -- -j4 -l4
[0.397s] [  0%] Built target ament_cmake_python_copy_moveit
[0.423s] [  3%] Built target gmock
[0.448s] [  5%] Built target gmock_main
[0.474s] [  8%] Built target gtest
[0.801s] running egg_info
[0.829s] writing moveit.egg-info/PKG-INFO
[0.830s] writing dependency_links to moveit.egg-info/dependency_links.txt
[0.831s] writing top-level names to moveit.egg-info/top_level.txt
[0.908s] reading manifest file 'moveit.egg-info/SOURCES.txt'
[0.910s] writing manifest file 'moveit.egg-info/SOURCES.txt'
[0.953s] [  8%] Built target ament_cmake_python_build_moveit_egg
[0.994s] [ 10%] Built target gtest_main
[1.082s] [ 28%] Built target moveit_task_constructor_core
[1.163s] [ 49%] Built target moveit_task_constructor_core_stages
[1.214s] [ 54%] Built target gtest_utils
[1.254s] [ 56%] Built target pick_ur5
[1.289s] [ 58%] Built target pick_pr2
[1.335s] [ 60%] Built target pick_pa10
[1.393s] [ 63%] Built target moveit_task_constructor_core-test-mockups
[1.427s] [ 65%] Built target moveit_task_constructor_core-test-stage
[1.492s] [ 67%] Built target moveit_task_constructor_core-test-container
[1.563s] [ 70%] Built target moveit_task_constructor_core-test-serial
[1.605s] [ 72%] Built target moveit_task_constructor_core-test-pruning
[1.646s] [ 74%] Built target moveit_task_constructor_core-test-properties
[1.689s] [ 77%] Built target moveit_task_constructor_core-test-cost-terms
[1.759s] [ 79%] Built target moveit_task_constructor_core-test-fallback
[1.790s] [ 81%] Built target moveit_task_constructor_core-test-cost-queue
[1.852s] [ 83%] Built target moveit_task_constructor_core-test-interface-state
[1.900s] [ 86%] Built target moveit_task_constructor_core-test-move-to
[1.953s] [ 88%] Built target moveit_task_constructor_core-test-move-relative
[2.032s] [ 90%] Built target moveit_task_constructor_core-test-pipeline-planner
[2.175s] [ 97%] Built target pymoveit_mtc
[2.295s] [100%] Built target moveit_task_constructor_core_stage_plugins
[2.336s] Invoked command in '/home/darsh/UR3_ROS2_PICK_AND_PLACE/build/moveit_task_constructor_core' returned '0': CMAKE_PREFIX_PATH=/home/darsh/UR3_ROS2_PICK_AND_PLACE/install/rviz_marker_tools:/home/darsh/UR3_ROS2_PICK_AND_PLACE/install/moveit_task_constructor_msgs:/home/darsh/UR3_ROS2_PICK_AND_PLACE/install/moveit_config:/home/darsh/UR3_ROS2_PICK_AND_PLACE/install/warehouse_ros_mongo:/home/darsh/UR3_ROS2_PICK_AND_PLACE/install/ur_mtc_pick_place_demo:/home/darsh/UR3_ROS2_PICK_AND_PLACE/install/ur_mtc_demos:/home/darsh/UR3_ROS2_PICK_AND_PLACE/install/ur_moveit_demos:/home/darsh/UR3_ROS2_PICK_AND_PLACE/install/ur_interfaces:/home/darsh/UR3_ROS2_PICK_AND_PLACE/install/ur_gazebo:/home/darsh/UR3_ROS2_PICK_AND_PLACE/install/ur_description:/home/darsh/UR3_ROS2_PICK_AND_PLACE/install/moveit_task_constructor_visualization:/home/darsh/UR3_ROS2_PICK_AND_PLACE/install/moveit_task_constructor_demo:/home/darsh/UR3_ROS2_PICK_AND_PLACE/install/moveit_task_constructor_capabilities:/home/darsh/UR3_ROS2_PICK_AND_PLACE/install/moveit_task_constructor_core:/home/darsh/UR3_ROS2_PICK_AND_PLACE/install/robotiq_2f_85_gripper_visualization:/opt/ros/jazzy/opt/gz_sim_vendor:/opt/ros/jazzy/opt/gz_sensors_vendor:/opt/ros/jazzy/opt/gz_physics_vendor:/opt/ros/jazzy/opt/sdformat_vendor:/opt/ros/jazzy/opt/gz_gui_vendor:/opt/ros/jazzy/opt/gz_transport_vendor:/opt/ros/jazzy/opt/gz_rendering_vendor:/opt/ros/jazzy/opt/gz_plugin_vendor:/opt/ros/jazzy/opt/gz_fuel_tools_vendor:/opt/ros/jazzy/opt/gz_msgs_vendor:/opt/ros/jazzy/opt/gz_common_vendor:/opt/ros/jazzy/opt/gz_math_vendor:/opt/ros/jazzy/opt/gz_utils_vendor:/opt/ros/jazzy/opt/gz_tools_vendor:/opt/ros/jazzy/opt/gz_ogre_next_vendor:/opt/ros/jazzy/opt/gz_dartsim_vendor:/opt/ros/jazzy/opt/gz_cmake_vendor:/opt/ros/jazzy LD_LIBRARY_PATH=/home/darsh/UR3_ROS2_PICK_AND_PLACE/install/rviz_marker_tools/lib:/home/darsh/UR3_ROS2_PICK_AND_PLACE/install/moveit_task_constructor_msgs/lib:/home/darsh/UR3_ROS2_PICK_AND_PLACE/install/warehouse_ros_mongo/lib:/home/darsh/UR3_ROS2_PICK_AND_PLACE/install/ur_mtc_pick_place_demo/lib:/home/darsh/UR3_ROS2_PICK_AND_PLACE/install/ur_interfaces/lib:/home/darsh/UR3_ROS2_PICK_AND_PLACE/install/moveit_task_constructor_visualization/lib:/home/darsh/UR3_ROS2_PICK_AND_PLACE/install/moveit_task_constructor_demo/lib:/home/darsh/UR3_ROS2_PICK_AND_PLACE/install/moveit_task_constructor_capabilities/lib:/home/darsh/UR3_ROS2_PICK_AND_PLACE/install/moveit_task_constructor_core/lib:/opt/ros/jazzy/opt/gz_sim_vendor/lib:/opt/ros/jazzy/opt/gz_sensors_vendor/lib:/opt/ros/jazzy/opt/gz_physics_vendor/lib:/opt/ros/jazzy/opt/sdformat_vendor/lib:/opt/ros/jazzy/opt/rviz_ogre_vendor/lib:/opt/ros/jazzy/lib/x86_64-linux-gnu:/opt/ros/jazzy/opt/gz_gui_vendor/lib:/opt/ros/jazzy/opt/gz_transport_vendor/lib:/opt/ros/jazzy/opt/gz_rendering_vendor/lib:/opt/ros/jazzy/opt/gz_plugin_vendor/lib:/opt/ros/jazzy/opt/gz_fuel_tools_vendor/lib:/opt/ros/jazzy/opt/gz_msgs_vendor/lib:/opt/ros/jazzy/opt/gz_common_vendor/lib:/opt/ros/jazzy/opt/gz_math_vendor/lib:/opt/ros/jazzy/opt/gz_utils_vendor/lib:/opt/ros/jazzy/opt/gz_tools_vendor/lib:/opt/ros/jazzy/opt/gz_ogre_next_vendor/lib:/opt/ros/jazzy/opt/gz_dartsim_vendor/lib:/opt/ros/jazzy/opt/gz_cmake_vendor/lib:/opt/ros/jazzy/lib PYTHONPATH=/home/darsh/UR3_ROS2_PICK_AND_PLACE/install/moveit_task_constructor_msgs/lib/python3.12/site-packages:/home/darsh/UR3_ROS2_PICK_AND_PLACE/install/warehouse_ros_mongo/lib/python3.12/site-packages:/home/darsh/UR3_ROS2_PICK_AND_PLACE/install/ur_interfaces/lib/python3.12/site-packages:/home/darsh/UR3_ROS2_PICK_AND_PLACE/install/moveit_task_constructor_core/lib/python3.12/site-packages:/opt/ros/jazzy/lib/python3.12/site-packages /usr/bin/cmake --build /home/darsh/UR3_ROS2_PICK_AND_PLACE/build/moveit_task_constructor_core -- -j4 -l4
[2.336s] Invoking command in '/home/darsh/UR3_ROS2_PICK_AND_PLACE/build/moveit_task_constructor_core': CMAKE_PREFIX_PATH=/home/darsh/UR3_ROS2_PICK_AND_PLACE/install/rviz_marker_tools:/home/darsh/UR3_ROS2_PICK_AND_PLACE/install/moveit_task_constructor_msgs:/home/darsh/UR3_ROS2_PICK_AND_PLACE/install/moveit_config:/home/darsh/UR3_ROS2_PICK_AND_PLACE/install/warehouse_ros_mongo:/home/darsh/UR3_ROS2_PICK_AND_PLACE/install/ur_mtc_pick_place_demo:/home/darsh/UR3_ROS2_PICK_AND_PLACE/install/ur_mtc_demos:/home/darsh/UR3_ROS2_PICK_AND_PLACE/install/ur_moveit_demos:/home/darsh/UR3_ROS2_PICK_AND_PLACE/install/ur_interfaces:/home/darsh/UR3_ROS2_PICK_AND_PLACE/install/ur_gazebo:/home/darsh/UR3_ROS2_PICK_AND_PLACE/install/ur_description:/home/darsh/UR3_ROS2_PICK_AND_PLACE/install/moveit_task_constructor_visualization:/home/darsh/UR3_ROS2_PICK_AND_PLACE/install/moveit_task_constructor_demo:/home/darsh/UR3_ROS2_PICK_AND_PLACE/install/moveit_task_constructor_capabilities:/home/darsh/UR3_ROS2_PICK_AND_PLACE/install/moveit_task_constructor_core:/home/darsh/UR3_ROS2_PICK_AND_PLACE/install/robotiq_2f_85_gripper_visualization:/opt/ros/jazzy/opt/gz_sim_vendor:/opt/ros/jazzy/opt/gz_sensors_vendor:/opt/ros/jazzy/opt/gz_physics_vendor:/opt/ros/jazzy/opt/sdformat_vendor:/opt/ros/jazzy/opt/gz_gui_vendor:/opt/ros/jazzy/opt/gz_transport_vendor:/opt/ros/jazzy/opt/gz_rendering_vendor:/opt/ros/jazzy/opt/gz_plugin_vendor:/opt/ros/jazzy/opt/gz_fuel_tools_vendor:/opt/ros/jazzy/opt/gz_msgs_vendor:/opt/ros/jazzy/opt/gz_common_vendor:/opt/ros/jazzy/opt/gz_math_vendor:/opt/ros/jazzy/opt/gz_utils_vendor:/opt/ros/jazzy/opt/gz_tools_vendor:/opt/ros/jazzy/opt/gz_ogre_next_vendor:/opt/ros/jazzy/opt/gz_dartsim_vendor:/opt/ros/jazzy/opt/gz_cmake_vendor:/opt/ros/jazzy LD_LIBRARY_PATH=/home/darsh/UR3_ROS2_PICK_AND_PLACE/install/rviz_marker_tools/lib:/home/darsh/UR3_ROS2_PICK_AND_PLACE/install/moveit_task_constructor_msgs/lib:/home/darsh/UR3_ROS2_PICK_AND_PLACE/install/warehouse_ros_mongo/lib:/home/darsh/UR3_ROS2_PICK_AND_PLACE/install/ur_mtc_pick_place_demo/lib:/home/darsh/UR3_ROS2_PICK_AND_PLACE/install/ur_interfaces/lib:/home/darsh/UR3_ROS2_PICK_AND_PLACE/install/moveit_task_constructor_visualization/lib:/home/darsh/UR3_ROS2_PICK_AND_PLACE/install/moveit_task_constructor_demo/lib:/home/darsh/UR3_ROS2_PICK_AND_PLACE/install/moveit_task_constructor_capabilities/lib:/home/darsh/UR3_ROS2_PICK_AND_PLACE/install/moveit_task_constructor_core/lib:/opt/ros/jazzy/opt/gz_sim_vendor/lib:/opt/ros/jazzy/opt/gz_sensors_vendor/lib:/opt/ros/jazzy/opt/gz_physics_vendor/lib:/opt/ros/jazzy/opt/sdformat_vendor/lib:/opt/ros/jazzy/opt/rviz_ogre_vendor/lib:/opt/ros/jazzy/lib/x86_64-linux-gnu:/opt/ros/jazzy/opt/gz_gui_vendor/lib:/opt/ros/jazzy/opt/gz_transport_vendor/lib:/opt/ros/jazzy/opt/gz_rendering_vendor/lib:/opt/ros/jazzy/opt/gz_plugin_vendor/lib:/opt/ros/jazzy/opt/gz_fuel_tools_vendor/lib:/opt/ros/jazzy/opt/gz_msgs_vendor/lib:/opt/ros/jazzy/opt/gz_common_vendor/lib:/opt/ros/jazzy/opt/gz_math_vendor/lib:/opt/ros/jazzy/opt/gz_utils_vendor/lib:/opt/ros/jazzy/opt/gz_tools_vendor/lib:/opt/ros/jazzy/opt/gz_ogre_next_vendor/lib:/opt/ros/jazzy/opt/gz_dartsim_vendor/lib:/opt/ros/jazzy/opt/gz_cmake_vendor/lib:/opt/ros/jazzy/lib PYTHONPATH=/home/darsh/UR3_ROS2_PICK_AND_PLACE/install/moveit_task_constructor_msgs/lib/python3.12/site-packages:/home/darsh/UR3_ROS2_PICK_AND_PLACE/install/warehouse_ros_mongo/lib/python3.12/site-packages:/home/darsh/UR3_ROS2_PICK_AND_PLACE/install/ur_interfaces/lib/python3.12/site-packages:/home/darsh/UR3_ROS2_PICK_AND_PLACE/install/moveit_task_constructor_core/lib/python3.12/site-packages:/opt/ros/jazzy/lib/python3.12/site-packages /usr/bin/cmake --install /home/darsh/UR3_ROS2_PICK_AND_PLACE/build/moveit_task_constructor_core
[2.352s] -- Install configuration: "Release"
[2.353s] -- Up-to-date: /home/darsh/UR3_ROS2_PICK_AND_PLACE/install/moveit_task_constructor_core/lib/libmoveit_task_constructor_core_stages.so
[2.354s] -- Up-to-date: /home/darsh/UR3_ROS2_PICK_AND_PLACE/install/moveit_task_constructor_core/lib/libmoveit_task_constructor_core_stage_plugins.so
[2.354s] -- Up-to-date: /home/darsh/UR3_ROS2_PICK_AND_PLACE/install/moveit_task_constructor_core/lib/libmoveit_task_constructor_core.so
[2.364s] -- Up-to-date: /home/darsh/UR3_ROS2_PICK_AND_PLACE/install/moveit_task_constructor_core/share/moveit_task_constructor_core/environment/pythonpath.sh
[2.365s] -- Up-to-date: /home/darsh/UR3_ROS2_PICK_AND_PLACE/install/moveit_task_constructor_core/share/moveit_task_constructor_core/environment/pythonpath.dsv
[2.365s] -- Up-to-date: /home/darsh/UR3_ROS2_PICK_AND_PLACE/install/moveit_task_constructor_core/lib/python3.12/site-packages/moveit-0.1.3-py3.12.egg-info
[2.365s] -- Installing: /home/darsh/UR3_ROS2_PICK_AND_PLACE/install/moveit_task_constructor_core/lib/python3.12/site-packages/moveit-0.1.3-py3.12.egg-info/top_level.txt
[2.365s] -- Installing: /home/darsh/UR3_ROS2_PICK_AND_PLACE/install/moveit_task_constructor_core/lib/python3.12/site-packages/moveit-0.1.3-py3.12.egg-info/PKG-INFO
[2.365s] -- Installing: /home/darsh/UR3_ROS2_PICK_AND_PLACE/install/moveit_task_constructor_core/lib/python3.12/site-packages/moveit-0.1.3-py3.12.egg-info/dependency_links.txt
[2.370s] -- Installing: /home/darsh/UR3_ROS2_PICK_AND_PLACE/install/moveit_task_constructor_core/lib/python3.12/site-packages/moveit-0.1.3-py3.12.egg-info/SOURCES.txt
[2.370s] -- Up-to-date: /home/darsh/UR3_ROS2_PICK_AND_PLACE/install/moveit_task_constructor_core/lib/python3.12/site-packages/moveit
[2.370s] -- Up-to-date: /home/darsh/UR3_ROS2_PICK_AND_PLACE/install/moveit_task_constructor_core/lib/python3.12/site-packages/moveit/__init__.py
[2.370s] -- Up-to-date: /home/darsh/UR3_ROS2_PICK_AND_PLACE/install/moveit_task_constructor_core/lib/python3.12/site-packages/moveit/task_constructor
[2.371s] -- Up-to-date: /home/darsh/UR3_ROS2_PICK_AND_PLACE/install/moveit_task_constructor_core/lib/python3.12/site-packages/moveit/task_constructor/stages.py
[2.371s] -- Up-to-date: /home/darsh/UR3_ROS2_PICK_AND_PLACE/install/moveit_task_constructor_core/lib/python3.12/site-packages/moveit/task_constructor/__init__.py
[2.371s] -- Up-to-date: /home/darsh/UR3_ROS2_PICK_AND_PLACE/install/moveit_task_constructor_core/lib/python3.12/site-packages/moveit/task_constructor/core.py
[2.506s] Listing '/home/darsh/UR3_ROS2_PICK_AND_PLACE/install/moveit_task_constructor_core/lib/python3.12/site-packages/moveit'...
[2.506s] Listing '/home/darsh/UR3_ROS2_PICK_AND_PLACE/install/moveit_task_constructor_core/lib/python3.12/site-packages/moveit/task_constructor'...
[2.532s] -- Up-to-date: /home/darsh/UR3_ROS2_PICK_AND_PLACE/install/moveit_task_constructor_core/include/moveit/python/pybind11
[2.532s] -- Up-to-date: /home/darsh/UR3_ROS2_PICK_AND_PLACE/install/moveit_task_constructor_core/include/moveit/python/pybind11/stl
[2.532s] -- Up-to-date: /home/darsh/UR3_ROS2_PICK_AND_PLACE/install/moveit_task_constructor_core/include/moveit/python/pybind11/stl/filesystem.h
[2.532s] -- Up-to-date: /home/darsh/UR3_ROS2_PICK_AND_PLACE/install/moveit_task_constructor_core/include/moveit/python/pybind11/gil_safe_call_once.h
[2.532s] -- Up-to-date: /home/darsh/UR3_ROS2_PICK_AND_PLACE/install/moveit_task_constructor_core/include/moveit/python/pybind11/operators.h
[2.532s] -- Up-to-date: /home/darsh/UR3_ROS2_PICK_AND_PLACE/install/moveit_task_constructor_core/include/moveit/python/pybind11/attr.h
[2.532s] -- Up-to-date: /home/darsh/UR3_ROS2_PICK_AND_PLACE/install/moveit_task_constructor_core/include/moveit/python/pybind11/functional.h
[2.532s] -- Up-to-date: /home/darsh/UR3_ROS2_PICK_AND_PLACE/install/moveit_task_constructor_core/include/moveit/python/pybind11/smart_holder.h
[2.533s] -- Up-to-date: /home/darsh/UR3_ROS2_PICK_AND_PLACE/install/moveit_task_constructor_core/include/moveit/python/pybind11/numpy.h
[2.533s] -- Up-to-date: /home/darsh/UR3_ROS2_PICK_AND_PLACE/install/moveit_task_constructor_core/include/moveit/python/pybind11/typing.h
[2.533s] -- Up-to-date: /home/darsh/UR3_ROS2_PICK_AND_PLACE/install/moveit_task_constructor_core/include/moveit/python/pybind11/pybind11.h
[2.533s] -- Up-to-date: /home/darsh/UR3_ROS2_PICK_AND_PLACE/install/moveit_task_constructor_core/include/moveit/python/pybind11/complex.h
[2.533s] -- Up-to-date: /home/darsh/UR3_ROS2_PICK_AND_PLACE/install/moveit_task_constructor_core/include/moveit/python/pybind11/gil.h
[2.533s] -- Up-to-date: /home/darsh/UR3_ROS2_PICK_AND_PLACE/install/moveit_task_constructor_core/include/moveit/python/pybind11/common.h
[2.533s] -- Up-to-date: /home/darsh/UR3_ROS2_PICK_AND_PLACE/install/moveit_task_constructor_core/include/moveit/python/pybind11/embed.h
[2.533s] -- Up-to-date: /home/darsh/UR3_ROS2_PICK_AND_PLACE/install/moveit_task_constructor_core/include/moveit/python/pybind11/eigen.h
[2.533s] -- Up-to-date: /home/darsh/UR3_ROS2_PICK_AND_PLACE/install/moveit_task_constructor_core/include/moveit/python/pybind11/chrono.h
[2.533s] -- Up-to-date: /home/darsh/UR3_ROS2_PICK_AND_PLACE/install/moveit_task_constructor_core/include/moveit/python/pybind11/type_caster_pyobject_ptr.h
[2.534s] -- Up-to-date: /home/darsh/UR3_ROS2_PICK_AND_PLACE/install/moveit_task_constructor_core/include/moveit/python/pybind11/iostream.h
[2.534s] -- Up-to-date: /home/darsh/UR3_ROS2_PICK_AND_PLACE/install/moveit_task_constructor_core/include/moveit/python/pybind11/buffer_info.h
[2.534s] -- Up-to-date: /home/darsh/UR3_ROS2_PICK_AND_PLACE/install/moveit_task_constructor_core/include/moveit/python/pybind11/pytypes.h
[2.534s] -- Up-to-date: /home/darsh/UR3_ROS2_PICK_AND_PLACE/install/moveit_task_constructor_core/include/moveit/python/pybind11/trampoline_self_life_support.h
[2.534s] -- Up-to-date: /home/darsh/UR3_ROS2_PICK_AND_PLACE/install/moveit_task_constructor_core/include/moveit/python/pybind11/eigen
[2.534s] -- Up-to-date: /home/darsh/UR3_ROS2_PICK_AND_PLACE/install/moveit_task_constructor_core/include/moveit/python/pybind11/eigen/tensor.h
[2.534s] -- Up-to-date: /home/darsh/UR3_ROS2_PICK_AND_PLACE/install/moveit_task_constructor_core/include/moveit/python/pybind11/eigen/common.h
[2.534s] -- Up-to-date: /home/darsh/UR3_ROS2_PICK_AND_PLACE/install/moveit_task_constructor_core/include/moveit/python/pybind11/eigen/matrix.h
[2.534s] -- Up-to-date: /home/darsh/UR3_ROS2_PICK_AND_PLACE/install/moveit_task_constructor_core/include/moveit/python/pybind11/options.h
[2.534s] -- Up-to-date: /home/darsh/UR3_ROS2_PICK_AND_PLACE/install/moveit_task_constructor_core/include/moveit/python/pybind11/stl.h
[2.534s] -- Up-to-date: /home/darsh/UR3_ROS2_PICK_AND_PLACE/install/moveit_task_constructor_core/include/moveit/python/pybind11/eval.h
[2.535s] -- Up-to-date: /home/darsh/UR3_ROS2_PICK_AND_PLACE/install/moveit_task_constructor_core/include/moveit/python/pybind11/stl_bind.h
[2.535s] -- Up-to-date: /home/darsh/UR3_ROS2_PICK_AND_PLACE/install/moveit_task_constructor_core/include/moveit/python/pybind11/cast.h
[2.542s] -- Up-to-date: /home/darsh/UR3_ROS2_PICK_AND_PLACE/install/moveit_task_constructor_core/include/moveit/python/pybind11/detail
[2.542s] -- Up-to-date: /home/darsh/UR3_ROS2_PICK_AND_PLACE/install/moveit_task_constructor_core/include/moveit/python/pybind11/detail/type_caster_base.h
[2.543s] -- Up-to-date: /home/darsh/UR3_ROS2_PICK_AND_PLACE/install/moveit_task_constructor_core/include/moveit/python/pybind11/detail/type_caster_odr_guard.h
[2.543s] -- Up-to-date: /home/darsh/UR3_ROS2_PICK_AND_PLACE/install/moveit_task_constructor_core/include/moveit/python/pybind11/detail/init.h
[2.543s] -- Up-to-date: /home/darsh/UR3_ROS2_PICK_AND_PLACE/install/moveit_task_constructor_core/include/moveit/python/pybind11/detail/typeid.h
[2.543s] -- Up-to-date: /home/darsh/UR3_ROS2_PICK_AND_PLACE/install/moveit_task_constructor_core/include/moveit/python/pybind11/detail/dynamic_raw_ptr_cast_if_possible.h
[2.543s] -- Up-to-date: /home/darsh/UR3_ROS2_PICK_AND_PLACE/install/moveit_task_constructor_core/include/moveit/python/pybind11/detail/smart_holder_poc.h
[2.543s] -- Up-to-date: /home/darsh/UR3_ROS2_PICK_AND_PLACE/install/moveit_task_constructor_core/include/moveit/python/pybind11/detail/smart_holder_type_casters.h
[2.544s] -- Up-to-date: /home/darsh/UR3_ROS2_PICK_AND_PLACE/install/moveit_task_constructor_core/include/moveit/python/pybind11/detail/smart_holder_sfinae_hooks_only.h
[2.544s] -- Up-to-date: /home/darsh/UR3_ROS2_PICK_AND_PLACE/install/moveit_task_constructor_core/include/moveit/python/pybind11/detail/common.h
[2.544s] -- Up-to-date: /home/darsh/UR3_ROS2_PICK_AND_PLACE/install/moveit_task_constructor_core/include/moveit/python/pybind11/detail/descr.h
[2.544s] -- Up-to-date: /home/darsh/UR3_ROS2_PICK_AND_PLACE/install/moveit_task_constructor_core/include/moveit/python/pybind11/detail/class.h
[2.544s] -- Up-to-date: /home/darsh/UR3_ROS2_PICK_AND_PLACE/install/moveit_task_constructor_core/include/moveit/python/pybind11/detail/internals.h
[2.544s] -- Up-to-date: /home/darsh/UR3_ROS2_PICK_AND_PLACE/install/moveit_task_constructor_core/share/moveit_task_constructor_core/cmake/pybind11Config.cmake
[2.544s] -- Up-to-date: /home/darsh/UR3_ROS2_PICK_AND_PLACE/install/moveit_task_constructor_core/share/moveit_task_constructor_core/cmake/pybind11ConfigVersion.cmake
[2.544s] -- Up-to-date: /home/darsh/UR3_ROS2_PICK_AND_PLACE/install/moveit_task_constructor_core/share/moveit_task_constructor_core/cmake/FindPythonLibsNew.cmake
[2.544s] -- Up-to-date: /home/darsh/UR3_ROS2_PICK_AND_PLACE/install/moveit_task_constructor_core/share/moveit_task_constructor_core/cmake/pybind11Common.cmake
[2.544s] -- Up-to-date: /home/darsh/UR3_ROS2_PICK_AND_PLACE/install/moveit_task_constructor_core/share/moveit_task_constructor_core/cmake/pybind11Tools.cmake
[2.544s] -- Up-to-date: /home/darsh/UR3_ROS2_PICK_AND_PLACE/install/moveit_task_constructor_core/share/moveit_task_constructor_core/cmake/pybind11NewTools.cmake
[2.545s] -- Up-to-date: /home/darsh/UR3_ROS2_PICK_AND_PLACE/install/moveit_task_constructor_core/share/moveit_task_constructor_core/cmake/pybind11Targets.cmake
[2.545s] -- Up-to-date: /home/darsh/UR3_ROS2_PICK_AND_PLACE/install/moveit_task_constructor_core/share/pkgconfig/pybind11.pc
[2.545s] -- Up-to-date: /home/darsh/UR3_ROS2_PICK_AND_PLACE/install/moveit_task_constructor_core/lib/python3.12/site-packages/pymoveit_mtc.cpython-312-x86_64-linux-gnu.so
[2.545s] -- Up-to-date: /home/darsh/UR3_ROS2_PICK_AND_PLACE/install/moveit_task_constructor_core/include
[2.545s] -- Up-to-date: /home/darsh/UR3_ROS2_PICK_AND_PLACE/install/moveit_task_constructor_core/include/moveit
[2.545s] -- Up-to-date: /home/darsh/UR3_ROS2_PICK_AND_PLACE/install/moveit_task_constructor_core/include/moveit/python
[2.545s] -- Up-to-date: /home/darsh/UR3_ROS2_PICK_AND_PLACE/install/moveit_task_constructor_core/include/moveit/python/task_constructor
[2.545s] -- Up-to-date: /home/darsh/UR3_ROS2_PICK_AND_PLACE/install/moveit_task_constructor_core/include/moveit/python/task_constructor/properties.h
[2.545s] -- Up-to-date: /home/darsh/UR3_ROS2_PICK_AND_PLACE/install/moveit_task_constructor_core/include/moveit/task_constructor
[2.545s] -- Up-to-date: /home/darsh/UR3_ROS2_PICK_AND_PLACE/install/moveit_task_constructor_core/include/moveit/task_constructor/utils.h
[2.546s] -- Up-to-date: /home/darsh/UR3_ROS2_PICK_AND_PLACE/install/moveit_task_constructor_core/include/moveit/task_constructor/stages
[2.546s] -- Up-to-date: /home/darsh/UR3_ROS2_PICK_AND_PLACE/install/moveit_task_constructor_core/include/moveit/task_constructor/stages/connect.h
[2.546s] -- Up-to-date: /home/darsh/UR3_ROS2_PICK_AND_PLACE/install/moveit_task_constructor_core/include/moveit/task_constructor/stages/generate_grasp_pose.h
[2.546s] -- Up-to-date: /home/darsh/UR3_ROS2_PICK_AND_PLACE/install/moveit_task_constructor_core/include/moveit/task_constructor/stages/predicate_filter.h
[2.546s] -- Up-to-date: /home/darsh/UR3_ROS2_PICK_AND_PLACE/install/moveit_task_constructor_core/include/moveit/task_constructor/stages/pick.h
[2.546s] -- Up-to-date: /home/darsh/UR3_ROS2_PICK_AND_PLACE/install/moveit_task_constructor_core/include/moveit/task_constructor/stages/generate_pose.h
[2.546s] -- Up-to-date: /home/darsh/UR3_ROS2_PICK_AND_PLACE/install/moveit_task_constructor_core/include/moveit/task_constructor/stages/modify_planning_scene.h
[2.546s] -- Up-to-date: /home/darsh/UR3_ROS2_PICK_AND_PLACE/install/moveit_task_constructor_core/include/moveit/task_constructor/stages/fixed_state.h
[2.546s] -- Up-to-date: /home/darsh/UR3_ROS2_PICK_AND_PLACE/install/moveit_task_constructor_core/include/moveit/task_constructor/stages/noop.h
[2.546s] -- Up-to-date: /home/darsh/UR3_ROS2_PICK_AND_PLACE/install/moveit_task_constructor_core/include/moveit/task_constructor/stages/fixed_cartesian_poses.h
[2.546s] -- Up-to-date: /home/darsh/UR3_ROS2_PICK_AND_PLACE/install/moveit_task_constructor_core/include/moveit/task_constructor/stages/move_to.h
[2.547s] -- Up-to-date: /home/darsh/UR3_ROS2_PICK_AND_PLACE/install/moveit_task_constructor_core/include/moveit/task_constructor/stages/move_relative.h
[2.547s] -- Up-to-date: /home/darsh/UR3_ROS2_PICK_AND_PLACE/install/moveit_task_constructor_core/include/moveit/task_constructor/stages/generate_random_pose.h
[2.547s] -- Up-to-date: /home/darsh/UR3_ROS2_PICK_AND_PLACE/install/moveit_task_constructor_core/include/moveit/task_constructor/stages/generate_place_pose.h
[2.547s] -- Up-to-date: /home/darsh/UR3_ROS2_PICK_AND_PLACE/install/moveit_task_constructor_core/include/moveit/task_constructor/stages/simple_grasp.h
[2.563s] -- Up-to-date: /home/darsh/UR3_ROS2_PICK_AND_PLACE/install/moveit_task_constructor_core/include/moveit/task_constructor/stages/passthrough.h
[2.563s] -- Up-to-date: /home/darsh/UR3_ROS2_PICK_AND_PLACE/install/moveit_task_constructor_core/include/moveit/task_constructor/stages/compute_ik.h
[2.563s] -- Up-to-date: /home/darsh/UR3_ROS2_PICK_AND_PLACE/install/moveit_task_constructor_core/include/moveit/task_constructor/stages/fix_collision_objects.h
[2.564s] -- Up-to-date: /home/darsh/UR3_ROS2_PICK_AND_PLACE/install/moveit_task_constructor_core/include/moveit/task_constructor/stages/current_state.h
[2.564s] -- Up-to-date: /home/darsh/UR3_ROS2_PICK_AND_PLACE/install/moveit_task_constructor_core/include/moveit/task_constructor/task.h
[2.564s] -- Up-to-date: /home/darsh/UR3_ROS2_PICK_AND_PLACE/install/moveit_task_constructor_core/include/moveit/task_constructor/container.h
[2.564s] -- Up-to-date: /home/darsh/UR3_ROS2_PICK_AND_PLACE/install/moveit_task_constructor_core/include/moveit/task_constructor/type_traits.h
[2.564s] -- Up-to-date: /home/darsh/UR3_ROS2_PICK_AND_PLACE/install/moveit_task_constructor_core/include/moveit/task_constructor/solvers
[2.564s] -- Up-to-date: /home/darsh/UR3_ROS2_PICK_AND_PLACE/install/moveit_task_constructor_core/include/moveit/task_constructor/solvers/multi_planner.h
[2.564s] -- Up-to-date: /home/darsh/UR3_ROS2_PICK_AND_PLACE/install/moveit_task_constructor_core/include/moveit/task_constructor/solvers/cartesian_path.h
[2.564s] -- Up-to-date: /home/darsh/UR3_ROS2_PICK_AND_PLACE/install/moveit_task_constructor_core/include/moveit/task_constructor/solvers/joint_interpolation.h
[2.564s] -- Up-to-date: /home/darsh/UR3_ROS2_PICK_AND_PLACE/install/moveit_task_constructor_core/include/moveit/task_constructor/solvers/planner_interface.h
[2.565s] -- Up-to-date: /home/darsh/UR3_ROS2_PICK_AND_PLACE/install/moveit_task_constructor_core/include/moveit/task_constructor/solvers/pipeline_planner.h
[2.565s] -- Up-to-date: /home/darsh/UR3_ROS2_PICK_AND_PLACE/install/moveit_task_constructor_core/include/moveit/task_constructor/marker_tools.h
[2.565s] -- Up-to-date: /home/darsh/UR3_ROS2_PICK_AND_PLACE/install/moveit_task_constructor_core/include/moveit/task_constructor/cost_queue.h
[2.565s] -- Up-to-date: /home/darsh/UR3_ROS2_PICK_AND_PLACE/install/moveit_task_constructor_core/include/moveit/task_constructor/properties.h
[2.565s] -- Up-to-date: /home/darsh/UR3_ROS2_PICK_AND_PLACE/install/moveit_task_constructor_core/include/moveit/task_constructor/solvers.h
[2.565s] -- Up-to-date: /home/darsh/UR3_ROS2_PICK_AND_PLACE/install/moveit_task_constructor_core/include/moveit/task_constructor/stage.h
[2.565s] -- Up-to-date: /home/darsh/UR3_ROS2_PICK_AND_PLACE/install/moveit_task_constructor_core/include/moveit/task_constructor/introspection.h
[2.565s] -- Up-to-date: /home/darsh/UR3_ROS2_PICK_AND_PLACE/install/moveit_task_constructor_core/include/moveit/task_constructor/storage.h
[2.565s] -- Up-to-date: /home/darsh/UR3_ROS2_PICK_AND_PLACE/install/moveit_task_constructor_core/include/moveit/task_constructor/merge.h
[2.566s] -- Up-to-date: /home/darsh/UR3_ROS2_PICK_AND_PLACE/install/moveit_task_constructor_core/include/moveit/task_constructor/trajectory_execution_info.h
[2.566s] -- Up-to-date: /home/darsh/UR3_ROS2_PICK_AND_PLACE/install/moveit_task_constructor_core/include/moveit/task_constructor/moveit_compat.h
[2.566s] -- Up-to-date: /home/darsh/UR3_ROS2_PICK_AND_PLACE/install/moveit_task_constructor_core/include/moveit/task_constructor/cost_terms.h
[2.566s] -- Up-to-date: /home/darsh/UR3_ROS2_PICK_AND_PLACE/install/moveit_task_constructor_core/include/moveit/task_constructor/stages.h
[2.566s] -- Up-to-date: /home/darsh/UR3_ROS2_PICK_AND_PLACE/install/moveit_task_constructor_core/share/moveit_task_constructor_core/motion_planning_stages_plugin_description.xml
[2.566s] -- Up-to-date: /home/darsh/UR3_ROS2_PICK_AND_PLACE/install/moveit_task_constructor_core/share/moveit_task_constructor_core/environment/library_path.sh
[2.566s] -- Up-to-date: /home/darsh/UR3_ROS2_PICK_AND_PLACE/install/moveit_task_constructor_core/share/moveit_task_constructor_core/environment/library_path.dsv
[2.567s] -- Up-to-date: /home/darsh/UR3_ROS2_PICK_AND_PLACE/install/moveit_task_constructor_core/share/ament_index/resource_index/package_run_dependencies/moveit_task_constructor_core
[2.567s] -- Up-to-date: /home/darsh/UR3_ROS2_PICK_AND_PLACE/install/moveit_task_constructor_core/share/ament_index/resource_index/parent_prefix_path/moveit_task_constructor_core
[2.567s] -- Up-to-date: /home/darsh/UR3_ROS2_PICK_AND_PLACE/install/moveit_task_constructor_core/share/moveit_task_constructor_core/environment/ament_prefix_path.sh
[2.567s] -- Up-to-date: /home/darsh/UR3_ROS2_PICK_AND_PLACE/install/moveit_task_constructor_core/share/moveit_task_constructor_core/environment/ament_prefix_path.dsv
[2.567s] -- Up-to-date: /home/darsh/UR3_ROS2_PICK_AND_PLACE/install/moveit_task_constructor_core/share/moveit_task_constructor_core/environment/path.sh
[2.567s] -- Up-to-date: /home/darsh/UR3_ROS2_PICK_AND_PLACE/install/moveit_task_constructor_core/share/moveit_task_constructor_core/environment/path.dsv
[2.567s] -- Up-to-date: /home/darsh/UR3_ROS2_PICK_AND_PLACE/install/moveit_task_constructor_core/share/moveit_task_constructor_core/local_setup.bash
[2.567s] -- Up-to-date: /home/darsh/UR3_ROS2_PICK_AND_PLACE/install/moveit_task_constructor_core/share/moveit_task_constructor_core/local_setup.sh
[2.567s] -- Up-to-date: /home/darsh/UR3_ROS2_PICK_AND_PLACE/install/moveit_task_constructor_core/share/moveit_task_constructor_core/local_setup.zsh
[2.567s] -- Up-to-date: /home/darsh/UR3_ROS2_PICK_AND_PLACE/install/moveit_task_constructor_core/share/moveit_task_constructor_core/local_setup.dsv
[2.568s] -- Installing: /home/darsh/UR3_ROS2_PICK_AND_PLACE/install/moveit_task_constructor_core/share/moveit_task_constructor_core/package.dsv
[2.568s] -- Up-to-date: /home/darsh/UR3_ROS2_PICK_AND_PLACE/install/moveit_task_constructor_core/share/ament_index/resource_index/packages/moveit_task_constructor_core
[2.568s] -- Up-to-date: /home/darsh/UR3_ROS2_PICK_AND_PLACE/install/moveit_task_constructor_core/share/ament_index/resource_index/moveit_task_constructor_core__pluginlib__plugin/moveit_task_constructor_core
[2.568s] -- Up-to-date: /home/darsh/UR3_ROS2_PICK_AND_PLACE/install/moveit_task_constructor_core/share/moveit_task_constructor_core/cmake/moveit_task_constructor_coreTargetsExport.cmake
[2.584s] -- Up-to-date: /home/darsh/UR3_ROS2_PICK_AND_PLACE/install/moveit_task_constructor_core/share/moveit_task_constructor_core/cmake/moveit_task_constructor_coreTargetsExport-release.cmake
[2.584s] -- Up-to-date: /home/darsh/UR3_ROS2_PICK_AND_PLACE/install/moveit_task_constructor_core/share/moveit_task_constructor_core/cmake/ament_cmake_export_targets-extras.cmake
[2.584s] -- Up-to-date: /home/darsh/UR3_ROS2_PICK_AND_PLACE/install/moveit_task_constructor_core/share/moveit_task_constructor_core/cmake/ament_cmake_export_dependencies-extras.cmake
[2.584s] -- Up-to-date: /home/darsh/UR3_ROS2_PICK_AND_PLACE/install/moveit_task_constructor_core/share/moveit_task_constructor_core/cmake/moveit_task_constructor_coreConfig.cmake
[2.585s] -- Up-to-date: /home/darsh/UR3_ROS2_PICK_AND_PLACE/install/moveit_task_constructor_core/share/moveit_task_constructor_core/cmake/moveit_task_constructor_coreConfig-version.cmake
[2.585s] -- Up-to-date: /home/darsh/UR3_ROS2_PICK_AND_PLACE/install/moveit_task_constructor_core/share/moveit_task_constructor_core/package.xml
[2.585s] Invoked command in '/home/darsh/UR3_ROS2_PICK_AND_PLACE/build/moveit_task_constructor_core' returned '0': CMAKE_PREFIX_PATH=/home/darsh/UR3_ROS2_PICK_AND_PLACE/install/rviz_marker_tools:/home/darsh/UR3_ROS2_PICK_AND_PLACE/install/moveit_task_constructor_msgs:/home/darsh/UR3_ROS2_PICK_AND_PLACE/install/moveit_config:/home/darsh/UR3_ROS2_PICK_AND_PLACE/install/warehouse_ros_mongo:/home/darsh/UR3_ROS2_PICK_AND_PLACE/install/ur_mtc_pick_place_demo:/home/darsh/UR3_ROS2_PICK_AND_PLACE/install/ur_mtc_demos:/home/darsh/UR3_ROS2_PICK_AND_PLACE/install/ur_moveit_demos:/home/darsh/UR3_ROS2_PICK_AND_PLACE/install/ur_interfaces:/home/darsh/UR3_ROS2_PICK_AND_PLACE/install/ur_gazebo:/home/darsh/UR3_ROS2_PICK_AND_PLACE/install/ur_description:/home/darsh/UR3_ROS2_PICK_AND_PLACE/install/moveit_task_constructor_visualization:/home/darsh/UR3_ROS2_PICK_AND_PLACE/install/moveit_task_constructor_demo:/home/darsh/UR3_ROS2_PICK_AND_PLACE/install/moveit_task_constructor_capabilities:/home/darsh/UR3_ROS2_PICK_AND_PLACE/install/moveit_task_constructor_core:/home/darsh/UR3_ROS2_PICK_AND_PLACE/install/robotiq_2f_85_gripper_visualization:/opt/ros/jazzy/opt/gz_sim_vendor:/opt/ros/jazzy/opt/gz_sensors_vendor:/opt/ros/jazzy/opt/gz_physics_vendor:/opt/ros/jazzy/opt/sdformat_vendor:/opt/ros/jazzy/opt/gz_gui_vendor:/opt/ros/jazzy/opt/gz_transport_vendor:/opt/ros/jazzy/opt/gz_rendering_vendor:/opt/ros/jazzy/opt/gz_plugin_vendor:/opt/ros/jazzy/opt/gz_fuel_tools_vendor:/opt/ros/jazzy/opt/gz_msgs_vendor:/opt/ros/jazzy/opt/gz_common_vendor:/opt/ros/jazzy/opt/gz_math_vendor:/opt/ros/jazzy/opt/gz_utils_vendor:/opt/ros/jazzy/opt/gz_tools_vendor:/opt/ros/jazzy/opt/gz_ogre_next_vendor:/opt/ros/jazzy/opt/gz_dartsim_vendor:/opt/ros/jazzy/opt/gz_cmake_vendor:/opt/ros/jazzy LD_LIBRARY_PATH=/home/darsh/UR3_ROS2_PICK_AND_PLACE/install/rviz_marker_tools/lib:/home/darsh/UR3_ROS2_PICK_AND_PLACE/install/moveit_task_constructor_msgs/lib:/home/darsh/UR3_ROS2_PICK_AND_PLACE/install/warehouse_ros_mongo/lib:/home/darsh/UR3_ROS2_PICK_AND_PLACE/install/ur_mtc_pick_place_demo/lib:/home/darsh/UR3_ROS2_PICK_AND_PLACE/install/ur_interfaces/lib:/home/darsh/UR3_ROS2_PICK_AND_PLACE/install/moveit_task_constructor_visualization/lib:/home/darsh/UR3_ROS2_PICK_AND_PLACE/install/moveit_task_constructor_demo/lib:/home/darsh/UR3_ROS2_PICK_AND_PLACE/install/moveit_task_constructor_capabilities/lib:/home/darsh/UR3_ROS2_PICK_AND_PLACE/install/moveit_task_constructor_core/lib:/opt/ros/jazzy/opt/gz_sim_vendor/lib:/opt/ros/jazzy/opt/gz_sensors_vendor/lib:/opt/ros/jazzy/opt/gz_physics_vendor/lib:/opt/ros/jazzy/opt/sdformat_vendor/lib:/opt/ros/jazzy/opt/rviz_ogre_vendor/lib:/opt/ros/jazzy/lib/x86_64-linux-gnu:/opt/ros/jazzy/opt/gz_gui_vendor/lib:/opt/ros/jazzy/opt/gz_transport_vendor/lib:/opt/ros/jazzy/opt/gz_rendering_vendor/lib:/opt/ros/jazzy/opt/gz_plugin_vendor/lib:/opt/ros/jazzy/opt/gz_fuel_tools_vendor/lib:/opt/ros/jazzy/opt/gz_msgs_vendor/lib:/opt/ros/jazzy/opt/gz_common_vendor/lib:/opt/ros/jazzy/opt/gz_math_vendor/lib:/opt/ros/jazzy/opt/gz_utils_vendor/lib:/opt/ros/jazzy/opt/gz_tools_vendor/lib:/opt/ros/jazzy/opt/gz_ogre_next_vendor/lib:/opt/ros/jazzy/opt/gz_dartsim_vendor/lib:/opt/ros/jazzy/opt/gz_cmake_vendor/lib:/opt/ros/jazzy/lib PYTHONPATH=/home/darsh/UR3_ROS2_PICK_AND_PLACE/install/moveit_task_constructor_msgs/lib/python3.12/site-packages:/home/darsh/UR3_ROS2_PICK_AND_PLACE/install/warehouse_ros_mongo/lib/python3.12/site-packages:/home/darsh/UR3_ROS2_PICK_AND_PLACE/install/ur_interfaces/lib/python3.12/site-packages:/home/darsh/UR3_ROS2_PICK_AND_PLACE/install/moveit_task_constructor_core/lib/python3.12/site-packages:/opt/ros/jazzy/lib/python3.12/site-packages /usr/bin/cmake --install /home/darsh/UR3_ROS2_PICK_AND_PLACE/build/moveit_task_constructor_core
