[0.051s] Invoking command in '/home/darsh/UR3_ROS2_PICK_AND_PLACE/build/ur_interfaces': CMAKE_PREFIX_PATH=${CMAKE_PREFIX_PATH}:/opt/ros/jazzy /usr/bin/cmake --build /home/darsh/UR3_ROS2_PICK_AND_PLACE/build/ur_interfaces -- -j4 -l4
[0.146s] [  2%] Built target ur_interfaces__rosidl_generator_type_description
[0.211s] [  2%] Built target ament_cmake_python_copy_ur_interfaces
[0.259s] [ 17%] Built target ur_interfaces__rosidl_generator_c
[0.881s] running egg_info
[1.025s] writing ur_interfaces.egg-info/PKG-INFO
[1.025s] writing dependency_links to ur_interfaces.egg-info/dependency_links.txt
[1.026s] writing top-level names to ur_interfaces.egg-info/top_level.txt
[1.155s] reading manifest file 'ur_interfaces.egg-info/SOURCES.txt'
[1.157s] writing manifest file 'ur_interfaces.egg-info/SOURCES.txt'
[1.263s] [ 17%] Built target ament_cmake_python_build_ur_interfaces_egg
[1.369s] [ 26%] Built target ur_interfaces__rosidl_typesupport_introspection_c
[1.458s] [ 35%] Built target ur_interfaces__rosidl_typesupport_c
[1.498s] [ 44%] Built target ur_interfaces__rosidl_typesupport_fastrtps_c
[1.615s] [ 47%] Built target ur_interfaces__cpp
[1.655s] [ 55%] Built target ur_interfaces__rosidl_typesupport_cpp
[1.740s] [ 64%] Built target ur_interfaces__rosidl_typesupport_introspection_cpp
[1.796s] [ 73%] Built target ur_interfaces__rosidl_typesupport_fastrtps_cpp
[1.834s] [ 73%] Built target ur_interfaces
[1.862s] [ 76%] Built target ur_interfaces__py
[1.891s] [ 82%] Built target ur_interfaces__rosidl_generator_py
[1.921s] [ 88%] Built target ur_interfaces_s__rosidl_typesupport_fastrtps_c
[1.951s] [ 94%] Built target ur_interfaces_s__rosidl_typesupport_c
[2.004s] [100%] Built target ur_interfaces_s__rosidl_typesupport_introspection_c
[2.040s] Invoked command in '/home/darsh/UR3_ROS2_PICK_AND_PLACE/build/ur_interfaces' returned '0': CMAKE_PREFIX_PATH=${CMAKE_PREFIX_PATH}:/opt/ros/jazzy /usr/bin/cmake --build /home/darsh/UR3_ROS2_PICK_AND_PLACE/build/ur_interfaces -- -j4 -l4
[2.040s] Invoking command in '/home/darsh/UR3_ROS2_PICK_AND_PLACE/build/ur_interfaces': CMAKE_PREFIX_PATH=${CMAKE_PREFIX_PATH}:/opt/ros/jazzy /usr/bin/cmake --install /home/darsh/UR3_ROS2_PICK_AND_PLACE/build/ur_interfaces
[2.055s] -- Install configuration: ""
[2.056s] -- Up-to-date: /home/darsh/UR3_ROS2_PICK_AND_PLACE/install/ur_interfaces/share/ament_index/resource_index/rosidl_interfaces/ur_interfaces
[2.056s] -- Up-to-date: /home/darsh/UR3_ROS2_PICK_AND_PLACE/install/ur_interfaces/share/ur_interfaces/srv/GetPlanningScene.json
[2.056s] -- Up-to-date: /home/darsh/UR3_ROS2_PICK_AND_PLACE/install/ur_interfaces/include/ur_interfaces/ur_interfaces
[2.056s] -- Up-to-date: /home/darsh/UR3_ROS2_PICK_AND_PLACE/install/ur_interfaces/include/ur_interfaces/ur_interfaces/msg
[2.056s] -- Up-to-date: /home/darsh/UR3_ROS2_PICK_AND_PLACE/install/ur_interfaces/include/ur_interfaces/ur_interfaces/msg/rosidl_generator_c__visibility_control.h
[2.056s] -- Up-to-date: /home/darsh/UR3_ROS2_PICK_AND_PLACE/install/ur_interfaces/include/ur_interfaces/ur_interfaces/srv
[2.057s] -- Up-to-date: /home/darsh/UR3_ROS2_PICK_AND_PLACE/install/ur_interfaces/include/ur_interfaces/ur_interfaces/srv/get_planning_scene.h
[2.057s] -- Up-to-date: /home/darsh/UR3_ROS2_PICK_AND_PLACE/install/ur_interfaces/include/ur_interfaces/ur_interfaces/srv/detail
[2.057s] -- Up-to-date: /home/darsh/UR3_ROS2_PICK_AND_PLACE/install/ur_interfaces/include/ur_interfaces/ur_interfaces/srv/detail/get_planning_scene__functions.h
[2.057s] -- Up-to-date: /home/darsh/UR3_ROS2_PICK_AND_PLACE/install/ur_interfaces/include/ur_interfaces/ur_interfaces/srv/detail/get_planning_scene__functions.c
[2.057s] -- Up-to-date: /home/darsh/UR3_ROS2_PICK_AND_PLACE/install/ur_interfaces/include/ur_interfaces/ur_interfaces/srv/detail/get_planning_scene__description.c
[2.058s] -- Up-to-date: /home/darsh/UR3_ROS2_PICK_AND_PLACE/install/ur_interfaces/include/ur_interfaces/ur_interfaces/srv/detail/get_planning_scene__struct.h
[2.058s] -- Up-to-date: /home/darsh/UR3_ROS2_PICK_AND_PLACE/install/ur_interfaces/include/ur_interfaces/ur_interfaces/srv/detail/get_planning_scene__type_support.c
[2.058s] -- Up-to-date: /home/darsh/UR3_ROS2_PICK_AND_PLACE/install/ur_interfaces/include/ur_interfaces/ur_interfaces/srv/detail/get_planning_scene__type_support.h
[2.058s] -- Up-to-date: /home/darsh/UR3_ROS2_PICK_AND_PLACE/install/ur_interfaces/share/ur_interfaces/environment/library_path.sh
[2.058s] -- Up-to-date: /home/darsh/UR3_ROS2_PICK_AND_PLACE/install/ur_interfaces/share/ur_interfaces/environment/library_path.dsv
[2.058s] -- Up-to-date: /home/darsh/UR3_ROS2_PICK_AND_PLACE/install/ur_interfaces/lib/libur_interfaces__rosidl_generator_c.so
[2.058s] -- Up-to-date: /home/darsh/UR3_ROS2_PICK_AND_PLACE/install/ur_interfaces/include/ur_interfaces/ur_interfaces
[2.058s] -- Up-to-date: /home/darsh/UR3_ROS2_PICK_AND_PLACE/install/ur_interfaces/include/ur_interfaces/ur_interfaces/msg
[2.059s] -- Up-to-date: /home/darsh/UR3_ROS2_PICK_AND_PLACE/install/ur_interfaces/include/ur_interfaces/ur_interfaces/msg/rosidl_typesupport_fastrtps_c__visibility_control.h
[2.059s] -- Up-to-date: /home/darsh/UR3_ROS2_PICK_AND_PLACE/install/ur_interfaces/include/ur_interfaces/ur_interfaces/srv
[2.059s] -- Up-to-date: /home/darsh/UR3_ROS2_PICK_AND_PLACE/install/ur_interfaces/include/ur_interfaces/ur_interfaces/srv/detail
[2.059s] -- Up-to-date: /home/darsh/UR3_ROS2_PICK_AND_PLACE/install/ur_interfaces/include/ur_interfaces/ur_interfaces/srv/detail/get_planning_scene__rosidl_typesupport_fastrtps_c.h
[2.059s] -- Up-to-date: /home/darsh/UR3_ROS2_PICK_AND_PLACE/install/ur_interfaces/lib/libur_interfaces__rosidl_typesupport_fastrtps_c.so
[2.059s] -- Up-to-date: /home/darsh/UR3_ROS2_PICK_AND_PLACE/install/ur_interfaces/include/ur_interfaces/ur_interfaces
[2.060s] -- Up-to-date: /home/darsh/UR3_ROS2_PICK_AND_PLACE/install/ur_interfaces/include/ur_interfaces/ur_interfaces/msg
[2.060s] -- Up-to-date: /home/darsh/UR3_ROS2_PICK_AND_PLACE/install/ur_interfaces/include/ur_interfaces/ur_interfaces/msg/rosidl_typesupport_introspection_c__visibility_control.h
[2.060s] -- Up-to-date: /home/darsh/UR3_ROS2_PICK_AND_PLACE/install/ur_interfaces/include/ur_interfaces/ur_interfaces/srv
[2.060s] -- Up-to-date: /home/darsh/UR3_ROS2_PICK_AND_PLACE/install/ur_interfaces/include/ur_interfaces/ur_interfaces/srv/detail
[2.060s] -- Up-to-date: /home/darsh/UR3_ROS2_PICK_AND_PLACE/install/ur_interfaces/include/ur_interfaces/ur_interfaces/srv/detail/get_planning_scene__rosidl_typesupport_introspection_c.h
[2.061s] -- Up-to-date: /home/darsh/UR3_ROS2_PICK_AND_PLACE/install/ur_interfaces/include/ur_interfaces/ur_interfaces/srv/detail/get_planning_scene__type_support.c
[2.061s] -- Up-to-date: /home/darsh/UR3_ROS2_PICK_AND_PLACE/install/ur_interfaces/lib/libur_interfaces__rosidl_typesupport_introspection_c.so
[2.061s] -- Up-to-date: /home/darsh/UR3_ROS2_PICK_AND_PLACE/install/ur_interfaces/lib/libur_interfaces__rosidl_typesupport_c.so
[2.061s] -- Up-to-date: /home/darsh/UR3_ROS2_PICK_AND_PLACE/install/ur_interfaces/include/ur_interfaces/ur_interfaces
[2.061s] -- Up-to-date: /home/darsh/UR3_ROS2_PICK_AND_PLACE/install/ur_interfaces/include/ur_interfaces/ur_interfaces/msg
[2.062s] -- Up-to-date: /home/darsh/UR3_ROS2_PICK_AND_PLACE/install/ur_interfaces/include/ur_interfaces/ur_interfaces/msg/rosidl_generator_cpp__visibility_control.hpp
[2.062s] -- Up-to-date: /home/darsh/UR3_ROS2_PICK_AND_PLACE/install/ur_interfaces/include/ur_interfaces/ur_interfaces/srv
[2.062s] -- Up-to-date: /home/darsh/UR3_ROS2_PICK_AND_PLACE/install/ur_interfaces/include/ur_interfaces/ur_interfaces/srv/get_planning_scene.hpp
[2.062s] -- Up-to-date: /home/darsh/UR3_ROS2_PICK_AND_PLACE/install/ur_interfaces/include/ur_interfaces/ur_interfaces/srv/detail
[2.062s] -- Up-to-date: /home/darsh/UR3_ROS2_PICK_AND_PLACE/install/ur_interfaces/include/ur_interfaces/ur_interfaces/srv/detail/get_planning_scene__type_support.hpp
[2.062s] -- Up-to-date: /home/darsh/UR3_ROS2_PICK_AND_PLACE/install/ur_interfaces/include/ur_interfaces/ur_interfaces/srv/detail/get_planning_scene__struct.hpp
[2.062s] -- Up-to-date: /home/darsh/UR3_ROS2_PICK_AND_PLACE/install/ur_interfaces/include/ur_interfaces/ur_interfaces/srv/detail/get_planning_scene__builder.hpp
[2.063s] -- Up-to-date: /home/darsh/UR3_ROS2_PICK_AND_PLACE/install/ur_interfaces/include/ur_interfaces/ur_interfaces/srv/detail/get_planning_scene__traits.hpp
[2.063s] -- Up-to-date: /home/darsh/UR3_ROS2_PICK_AND_PLACE/install/ur_interfaces/include/ur_interfaces/ur_interfaces
[2.063s] -- Up-to-date: /home/darsh/UR3_ROS2_PICK_AND_PLACE/install/ur_interfaces/include/ur_interfaces/ur_interfaces/msg
[2.063s] -- Up-to-date: /home/darsh/UR3_ROS2_PICK_AND_PLACE/install/ur_interfaces/include/ur_interfaces/ur_interfaces/msg/rosidl_typesupport_fastrtps_cpp__visibility_control.h
[2.063s] -- Up-to-date: /home/darsh/UR3_ROS2_PICK_AND_PLACE/install/ur_interfaces/include/ur_interfaces/ur_interfaces/srv
[2.063s] -- Up-to-date: /home/darsh/UR3_ROS2_PICK_AND_PLACE/install/ur_interfaces/include/ur_interfaces/ur_interfaces/srv/detail
[2.063s] -- Up-to-date: /home/darsh/UR3_ROS2_PICK_AND_PLACE/install/ur_interfaces/include/ur_interfaces/ur_interfaces/srv/detail/dds_fastrtps
[2.063s] -- Up-to-date: /home/darsh/UR3_ROS2_PICK_AND_PLACE/install/ur_interfaces/include/ur_interfaces/ur_interfaces/srv/detail/get_planning_scene__rosidl_typesupport_fastrtps_cpp.hpp
[2.064s] -- Up-to-date: /home/darsh/UR3_ROS2_PICK_AND_PLACE/install/ur_interfaces/lib/libur_interfaces__rosidl_typesupport_fastrtps_cpp.so
[2.064s] -- Up-to-date: /home/darsh/UR3_ROS2_PICK_AND_PLACE/install/ur_interfaces/include/ur_interfaces/ur_interfaces
[2.064s] -- Up-to-date: /home/darsh/UR3_ROS2_PICK_AND_PLACE/install/ur_interfaces/include/ur_interfaces/ur_interfaces/srv
[2.064s] -- Up-to-date: /home/darsh/UR3_ROS2_PICK_AND_PLACE/install/ur_interfaces/include/ur_interfaces/ur_interfaces/srv/detail
[2.064s] -- Up-to-date: /home/darsh/UR3_ROS2_PICK_AND_PLACE/install/ur_interfaces/include/ur_interfaces/ur_interfaces/srv/detail/get_planning_scene__rosidl_typesupport_introspection_cpp.hpp
[2.064s] -- Up-to-date: /home/darsh/UR3_ROS2_PICK_AND_PLACE/install/ur_interfaces/include/ur_interfaces/ur_interfaces/srv/detail/get_planning_scene__type_support.cpp
[2.064s] -- Up-to-date: /home/darsh/UR3_ROS2_PICK_AND_PLACE/install/ur_interfaces/lib/libur_interfaces__rosidl_typesupport_introspection_cpp.so
[2.065s] -- Up-to-date: /home/darsh/UR3_ROS2_PICK_AND_PLACE/install/ur_interfaces/lib/libur_interfaces__rosidl_typesupport_cpp.so
[2.065s] -- Up-to-date: /home/darsh/UR3_ROS2_PICK_AND_PLACE/install/ur_interfaces/share/ur_interfaces/environment/pythonpath.sh
[2.065s] -- Up-to-date: /home/darsh/UR3_ROS2_PICK_AND_PLACE/install/ur_interfaces/share/ur_interfaces/environment/pythonpath.dsv
[2.065s] -- Up-to-date: /home/darsh/UR3_ROS2_PICK_AND_PLACE/install/ur_interfaces/lib/python3.12/site-packages/ur_interfaces-0.0.0-py3.12.egg-info
[2.065s] -- Installing: /home/darsh/UR3_ROS2_PICK_AND_PLACE/install/ur_interfaces/lib/python3.12/site-packages/ur_interfaces-0.0.0-py3.12.egg-info/top_level.txt
[2.065s] -- Installing: /home/darsh/UR3_ROS2_PICK_AND_PLACE/install/ur_interfaces/lib/python3.12/site-packages/ur_interfaces-0.0.0-py3.12.egg-info/PKG-INFO
[2.065s] -- Installing: /home/darsh/UR3_ROS2_PICK_AND_PLACE/install/ur_interfaces/lib/python3.12/site-packages/ur_interfaces-0.0.0-py3.12.egg-info/dependency_links.txt
[2.066s] -- Installing: /home/darsh/UR3_ROS2_PICK_AND_PLACE/install/ur_interfaces/lib/python3.12/site-packages/ur_interfaces-0.0.0-py3.12.egg-info/SOURCES.txt
[2.066s] -- Up-to-date: /home/darsh/UR3_ROS2_PICK_AND_PLACE/install/ur_interfaces/lib/python3.12/site-packages/ur_interfaces
[2.066s] -- Up-to-date: /home/darsh/UR3_ROS2_PICK_AND_PLACE/install/ur_interfaces/lib/python3.12/site-packages/ur_interfaces/_ur_interfaces_s.ep.rosidl_typesupport_fastrtps_c.c
[2.066s] -- Up-to-date: /home/darsh/UR3_ROS2_PICK_AND_PLACE/install/ur_interfaces/lib/python3.12/site-packages/ur_interfaces/ur_interfaces_s__rosidl_typesupport_introspection_c.so
[2.066s] -- Up-to-date: /home/darsh/UR3_ROS2_PICK_AND_PLACE/install/ur_interfaces/lib/python3.12/site-packages/ur_interfaces/_ur_interfaces_s.ep.rosidl_typesupport_c.c
[2.066s] -- Up-to-date: /home/darsh/UR3_ROS2_PICK_AND_PLACE/install/ur_interfaces/lib/python3.12/site-packages/ur_interfaces/ur_interfaces_s__rosidl_typesupport_c.so
[2.067s] -- Up-to-date: /home/darsh/UR3_ROS2_PICK_AND_PLACE/install/ur_interfaces/lib/python3.12/site-packages/ur_interfaces/ur_interfaces_s__rosidl_typesupport_fastrtps_c.so
[2.067s] -- Up-to-date: /home/darsh/UR3_ROS2_PICK_AND_PLACE/install/ur_interfaces/lib/python3.12/site-packages/ur_interfaces/srv
[2.067s] -- Up-to-date: /home/darsh/UR3_ROS2_PICK_AND_PLACE/install/ur_interfaces/lib/python3.12/site-packages/ur_interfaces/srv/_get_planning_scene.py
[2.067s] -- Up-to-date: /home/darsh/UR3_ROS2_PICK_AND_PLACE/install/ur_interfaces/lib/python3.12/site-packages/ur_interfaces/srv/_get_planning_scene_s.c
[2.067s] -- Up-to-date: /home/darsh/UR3_ROS2_PICK_AND_PLACE/install/ur_interfaces/lib/python3.12/site-packages/ur_interfaces/srv/__init__.py
[2.067s] -- Up-to-date: /home/darsh/UR3_ROS2_PICK_AND_PLACE/install/ur_interfaces/lib/python3.12/site-packages/ur_interfaces/__init__.py
[2.067s] -- Up-to-date: /home/darsh/UR3_ROS2_PICK_AND_PLACE/install/ur_interfaces/lib/python3.12/site-packages/ur_interfaces/_ur_interfaces_s.ep.rosidl_typesupport_introspection_c.c
[2.129s] Listing '/home/darsh/UR3_ROS2_PICK_AND_PLACE/install/ur_interfaces/lib/python3.12/site-packages/ur_interfaces'...
[2.129s] Listing '/home/darsh/UR3_ROS2_PICK_AND_PLACE/install/ur_interfaces/lib/python3.12/site-packages/ur_interfaces/srv'...
[2.149s] -- Up-to-date: /home/darsh/UR3_ROS2_PICK_AND_PLACE/install/ur_interfaces/lib/python3.12/site-packages/ur_interfaces/ur_interfaces_s__rosidl_typesupport_fastrtps_c.so
[2.149s] -- Up-to-date: /home/darsh/UR3_ROS2_PICK_AND_PLACE/install/ur_interfaces/lib/python3.12/site-packages/ur_interfaces/ur_interfaces_s__rosidl_typesupport_introspection_c.so
[2.149s] -- Up-to-date: /home/darsh/UR3_ROS2_PICK_AND_PLACE/install/ur_interfaces/lib/python3.12/site-packages/ur_interfaces/ur_interfaces_s__rosidl_typesupport_c.so
[2.149s] -- Up-to-date: /home/darsh/UR3_ROS2_PICK_AND_PLACE/install/ur_interfaces/lib/libur_interfaces__rosidl_generator_py.so
[2.150s] -- Up-to-date: /home/darsh/UR3_ROS2_PICK_AND_PLACE/install/ur_interfaces/share/ur_interfaces/srv/GetPlanningScene.idl
[2.150s] -- Up-to-date: /home/darsh/UR3_ROS2_PICK_AND_PLACE/install/ur_interfaces/share/ur_interfaces/srv/GetPlanningScene.srv
[2.150s] -- Up-to-date: /home/darsh/UR3_ROS2_PICK_AND_PLACE/install/ur_interfaces/share/ament_index/resource_index/package_run_dependencies/ur_interfaces
[2.150s] -- Up-to-date: /home/darsh/UR3_ROS2_PICK_AND_PLACE/install/ur_interfaces/share/ament_index/resource_index/parent_prefix_path/ur_interfaces
[2.151s] -- Up-to-date: /home/darsh/UR3_ROS2_PICK_AND_PLACE/install/ur_interfaces/share/ur_interfaces/environment/ament_prefix_path.sh
[2.151s] -- Up-to-date: /home/darsh/UR3_ROS2_PICK_AND_PLACE/install/ur_interfaces/share/ur_interfaces/environment/ament_prefix_path.dsv
[2.151s] -- Up-to-date: /home/darsh/UR3_ROS2_PICK_AND_PLACE/install/ur_interfaces/share/ur_interfaces/environment/path.sh
[2.151s] -- Up-to-date: /home/darsh/UR3_ROS2_PICK_AND_PLACE/install/ur_interfaces/share/ur_interfaces/environment/path.dsv
[2.152s] -- Up-to-date: /home/darsh/UR3_ROS2_PICK_AND_PLACE/install/ur_interfaces/share/ur_interfaces/local_setup.bash
[2.152s] -- Up-to-date: /home/darsh/UR3_ROS2_PICK_AND_PLACE/install/ur_interfaces/share/ur_interfaces/local_setup.sh
[2.152s] -- Up-to-date: /home/darsh/UR3_ROS2_PICK_AND_PLACE/install/ur_interfaces/share/ur_interfaces/local_setup.zsh
[2.152s] -- Up-to-date: /home/darsh/UR3_ROS2_PICK_AND_PLACE/install/ur_interfaces/share/ur_interfaces/local_setup.dsv
[2.152s] -- Installing: /home/darsh/UR3_ROS2_PICK_AND_PLACE/install/ur_interfaces/share/ur_interfaces/package.dsv
[2.152s] -- Up-to-date: /home/darsh/UR3_ROS2_PICK_AND_PLACE/install/ur_interfaces/share/ament_index/resource_index/packages/ur_interfaces
[2.157s] -- Up-to-date: /home/darsh/UR3_ROS2_PICK_AND_PLACE/install/ur_interfaces/share/ur_interfaces/cmake/export_ur_interfaces__rosidl_generator_cExport.cmake
[2.158s] -- Up-to-date: /home/darsh/UR3_ROS2_PICK_AND_PLACE/install/ur_interfaces/share/ur_interfaces/cmake/export_ur_interfaces__rosidl_generator_cExport-noconfig.cmake
[2.158s] -- Up-to-date: /home/darsh/UR3_ROS2_PICK_AND_PLACE/install/ur_interfaces/share/ur_interfaces/cmake/export_ur_interfaces__rosidl_typesupport_fastrtps_cExport.cmake
[2.159s] -- Up-to-date: /home/darsh/UR3_ROS2_PICK_AND_PLACE/install/ur_interfaces/share/ur_interfaces/cmake/export_ur_interfaces__rosidl_typesupport_fastrtps_cExport-noconfig.cmake
[2.159s] -- Up-to-date: /home/darsh/UR3_ROS2_PICK_AND_PLACE/install/ur_interfaces/share/ur_interfaces/cmake/ur_interfaces__rosidl_typesupport_introspection_cExport.cmake
[2.160s] -- Up-to-date: /home/darsh/UR3_ROS2_PICK_AND_PLACE/install/ur_interfaces/share/ur_interfaces/cmake/ur_interfaces__rosidl_typesupport_introspection_cExport-noconfig.cmake
[2.160s] -- Up-to-date: /home/darsh/UR3_ROS2_PICK_AND_PLACE/install/ur_interfaces/share/ur_interfaces/cmake/ur_interfaces__rosidl_typesupport_cExport.cmake
[2.160s] -- Up-to-date: /home/darsh/UR3_ROS2_PICK_AND_PLACE/install/ur_interfaces/share/ur_interfaces/cmake/ur_interfaces__rosidl_typesupport_cExport-noconfig.cmake
[2.160s] -- Up-to-date: /home/darsh/UR3_ROS2_PICK_AND_PLACE/install/ur_interfaces/share/ur_interfaces/cmake/export_ur_interfaces__rosidl_generator_cppExport.cmake
[2.160s] -- Up-to-date: /home/darsh/UR3_ROS2_PICK_AND_PLACE/install/ur_interfaces/share/ur_interfaces/cmake/export_ur_interfaces__rosidl_typesupport_fastrtps_cppExport.cmake
[2.160s] -- Up-to-date: /home/darsh/UR3_ROS2_PICK_AND_PLACE/install/ur_interfaces/share/ur_interfaces/cmake/export_ur_interfaces__rosidl_typesupport_fastrtps_cppExport-noconfig.cmake
[2.160s] -- Up-to-date: /home/darsh/UR3_ROS2_PICK_AND_PLACE/install/ur_interfaces/share/ur_interfaces/cmake/ur_interfaces__rosidl_typesupport_introspection_cppExport.cmake
[2.160s] -- Up-to-date: /home/darsh/UR3_ROS2_PICK_AND_PLACE/install/ur_interfaces/share/ur_interfaces/cmake/ur_interfaces__rosidl_typesupport_introspection_cppExport-noconfig.cmake
[2.161s] -- Up-to-date: /home/darsh/UR3_ROS2_PICK_AND_PLACE/install/ur_interfaces/share/ur_interfaces/cmake/ur_interfaces__rosidl_typesupport_cppExport.cmake
[2.161s] -- Up-to-date: /home/darsh/UR3_ROS2_PICK_AND_PLACE/install/ur_interfaces/share/ur_interfaces/cmake/ur_interfaces__rosidl_typesupport_cppExport-noconfig.cmake
[2.161s] -- Up-to-date: /home/darsh/UR3_ROS2_PICK_AND_PLACE/install/ur_interfaces/share/ur_interfaces/cmake/export_ur_interfaces__rosidl_generator_pyExport.cmake
[2.161s] -- Up-to-date: /home/darsh/UR3_ROS2_PICK_AND_PLACE/install/ur_interfaces/share/ur_interfaces/cmake/export_ur_interfaces__rosidl_generator_pyExport-noconfig.cmake
[2.161s] -- Up-to-date: /home/darsh/UR3_ROS2_PICK_AND_PLACE/install/ur_interfaces/share/ur_interfaces/cmake/rosidl_cmake-extras.cmake
[2.162s] -- Up-to-date: /home/darsh/UR3_ROS2_PICK_AND_PLACE/install/ur_interfaces/share/ur_interfaces/cmake/ament_cmake_export_dependencies-extras.cmake
[2.163s] -- Up-to-date: /home/darsh/UR3_ROS2_PICK_AND_PLACE/install/ur_interfaces/share/ur_interfaces/cmake/ament_cmake_export_include_directories-extras.cmake
[2.163s] -- Up-to-date: /home/darsh/UR3_ROS2_PICK_AND_PLACE/install/ur_interfaces/share/ur_interfaces/cmake/ament_cmake_export_libraries-extras.cmake
[2.163s] -- Up-to-date: /home/darsh/UR3_ROS2_PICK_AND_PLACE/install/ur_interfaces/share/ur_interfaces/cmake/ament_cmake_export_targets-extras.cmake
[2.163s] -- Up-to-date: /home/darsh/UR3_ROS2_PICK_AND_PLACE/install/ur_interfaces/share/ur_interfaces/cmake/rosidl_cmake_export_typesupport_targets-extras.cmake
[2.163s] -- Up-to-date: /home/darsh/UR3_ROS2_PICK_AND_PLACE/install/ur_interfaces/share/ur_interfaces/cmake/rosidl_cmake_export_typesupport_libraries-extras.cmake
[2.163s] -- Up-to-date: /home/darsh/UR3_ROS2_PICK_AND_PLACE/install/ur_interfaces/share/ur_interfaces/cmake/ur_interfacesConfig.cmake
[2.164s] -- Up-to-date: /home/darsh/UR3_ROS2_PICK_AND_PLACE/install/ur_interfaces/share/ur_interfaces/cmake/ur_interfacesConfig-version.cmake
[2.164s] -- Up-to-date: /home/darsh/UR3_ROS2_PICK_AND_PLACE/install/ur_interfaces/share/ur_interfaces/package.xml
[2.164s] Invoked command in '/home/darsh/UR3_ROS2_PICK_AND_PLACE/build/ur_interfaces' returned '0': CMAKE_PREFIX_PATH=${CMAKE_PREFIX_PATH}:/opt/ros/jazzy /usr/bin/cmake --install /home/darsh/UR3_ROS2_PICK_AND_PLACE/build/ur_interfaces
