-- The C compiler identification is GNU 13.3.0
-- The CXX compiler identification is GNU 13.3.0
-- Detecting C compiler ABI info
-- Detecting C compiler ABI info - done
-- Check for working C compiler: /usr/bin/cc - skipped
-- Detecting C compile features
-- Detecting C compile features - done
-- Detecting CXX compiler ABI info
-- Detecting CXX compiler ABI info - done
-- Check for working CXX compiler: /usr/bin/c++ - skipped
-- Detecting CXX compile features
-- Detecting CXX compile features - done
-- Found ament_cmake: 2.5.3 (/opt/ros/jazzy/share/ament_cmake/cmake)
-- Found Python3: /usr/bin/python3 (found version "3.12.3") found components: Interpreter 
-- Found rosidl_default_generators: 1.6.0 (/opt/ros/jazzy/share/rosidl_default_generators/cmake)
-- Using all available rosidl_typesupport_c: rosidl_typesupport_fastrtps_c;rosidl_typesupport_introspection_c
-- Using all available rosidl_typesupport_cpp: rosidl_typesupport_fastrtps_cpp;rosidl_typesupport_introspection_cpp
-- Found rosidl_adapter: 4.6.5 (/opt/ros/jazzy/share/rosidl_adapter/cmake)
-- Found moveit_msgs: 2.6.0 (/opt/ros/jazzy/share/moveit_msgs/cmake)
-- Found ament_cmake_ros: 0.12.0 (/opt/ros/jazzy/share/ament_cmake_ros/cmake)
-- Using all available rosidl_typesupport_c: rosidl_typesupport_fastrtps_c;rosidl_typesupport_introspection_c
-- Using all available rosidl_typesupport_cpp: rosidl_typesupport_fastrtps_cpp;rosidl_typesupport_introspection_cpp
-- Found python_cmake_module: 0.11.1 (/opt/ros/jazzy/share/python_cmake_module/cmake)
-- Found PythonExtra: /usr/bin/python3  
-- Found Python3: /usr/bin/python3 (found version "3.12.3") found components: Interpreter Development NumPy Development.Module Development.Embed 
-- Found ament_lint_auto: 0.17.1 (/opt/ros/jazzy/share/ament_lint_auto/cmake)
-- Configuring done (29.0s)
-- Generating done (0.3s)
-- Build files have been written to: /home/darsh/UR3_ROS2_PICK_AND_PLACE/build/ur_interfaces
[  2%] [34m[1mGenerating type hashes for ROS interfaces[0m
[  2%] Built target ament_cmake_python_copy_ur_interfaces
running egg_info
creating ur_interfaces.egg-info
writing ur_interfaces.egg-info/PKG-INFO
writing dependency_links to ur_interfaces.egg-info/dependency_links.txt
writing top-level names to ur_interfaces.egg-info/top_level.txt
writing manifest file 'ur_interfaces.egg-info/SOURCES.txt'
[  2%] Built target ur_interfaces__rosidl_generator_type_description
[  5%] [34m[1mGenerating C code for ROS interfaces[0m
[  8%] [34m[1mGenerating C++ code for ROS interfaces[0m
reading manifest file 'ur_interfaces.egg-info/SOURCES.txt'
writing manifest file 'ur_interfaces.egg-info/SOURCES.txt'
[  8%] Built target ament_cmake_python_build_ur_interfaces_egg
[  8%] Built target ur_interfaces__cpp
[ 14%] [32mBuilding C object CMakeFiles/ur_interfaces__rosidl_generator_c.dir/rosidl_generator_c/ur_interfaces/srv/detail/get_planning_scene__description.c.o[0m
[ 14%] [32mBuilding C object CMakeFiles/ur_interfaces__rosidl_generator_c.dir/rosidl_generator_c/ur_interfaces/srv/detail/get_planning_scene__functions.c.o[0m
[ 17%] [32mBuilding C object CMakeFiles/ur_interfaces__rosidl_generator_c.dir/rosidl_generator_c/ur_interfaces/srv/detail/get_planning_scene__type_support.c.o[0m
[ 20%] [32m[1mLinking C shared library libur_interfaces__rosidl_generator_c.so[0m
[ 20%] Built target ur_interfaces__rosidl_generator_c
[ 23%] [34m[1mGenerating C type support for eProsima Fast-RTPS[0m
[ 26%] [34m[1mGenerating C type support dispatch for ROS interfaces[0m
[ 32%] [34m[1mGenerating C introspection for ROS interfaces[0m
[ 32%] [34m[1mGenerating C++ type support dispatch for ROS interfaces[0m
[ 35%] [34m[1mGenerating C++ type support for eProsima Fast-RTPS[0m
[ 38%] [34m[1mGenerating C++ introspection for ROS interfaces[0m
[ 41%] [32mBuilding CXX object CMakeFiles/ur_interfaces__rosidl_typesupport_c.dir/rosidl_typesupport_c/ur_interfaces/srv/get_planning_scene__type_support.cpp.o[0m
[ 44%] [32mBuilding CXX object CMakeFiles/ur_interfaces__rosidl_typesupport_cpp.dir/rosidl_typesupport_cpp/ur_interfaces/srv/get_planning_scene__type_support.cpp.o[0m
[ 47%] [32mBuilding CXX object CMakeFiles/ur_interfaces__rosidl_typesupport_introspection_cpp.dir/rosidl_typesupport_introspection_cpp/ur_interfaces/srv/detail/get_planning_scene__type_support.cpp.o[0m
[ 50%] [32m[1mLinking CXX shared library libur_interfaces__rosidl_typesupport_c.so[0m
[ 52%] [32mBuilding C object CMakeFiles/ur_interfaces__rosidl_typesupport_introspection_c.dir/rosidl_typesupport_introspection_c/ur_interfaces/srv/detail/get_planning_scene__type_support.c.o[0m
[ 55%] [32mBuilding CXX object CMakeFiles/ur_interfaces__rosidl_typesupport_fastrtps_cpp.dir/rosidl_typesupport_fastrtps_cpp/ur_interfaces/srv/detail/dds_fastrtps/get_planning_scene__type_support.cpp.o[0m
[ 58%] [32mBuilding CXX object CMakeFiles/ur_interfaces__rosidl_typesupport_fastrtps_c.dir/rosidl_typesupport_fastrtps_c/ur_interfaces/srv/detail/get_planning_scene__type_support_c.cpp.o[0m
[ 61%] [32m[1mLinking C shared library libur_interfaces__rosidl_typesupport_introspection_c.so[0m
[ 61%] Built target ur_interfaces__rosidl_typesupport_c
[ 61%] Built target ur_interfaces__rosidl_typesupport_introspection_c
[ 64%] [32m[1mLinking CXX shared library libur_interfaces__rosidl_typesupport_cpp.so[0m
[ 67%] [32m[1mLinking CXX shared library libur_interfaces__rosidl_typesupport_fastrtps_c.so[0m
[ 67%] Built target ur_interfaces__rosidl_typesupport_cpp
[ 67%] Built target ur_interfaces__rosidl_typesupport_fastrtps_c
[ 70%] [32m[1mLinking CXX shared library libur_interfaces__rosidl_typesupport_fastrtps_cpp.so[0m
[ 73%] [32m[1mLinking CXX shared library libur_interfaces__rosidl_typesupport_introspection_cpp.so[0m
[ 73%] Built target ur_interfaces__rosidl_typesupport_fastrtps_cpp
[ 73%] Built target ur_interfaces__rosidl_typesupport_introspection_cpp
[ 73%] Built target ur_interfaces
[ 76%] [34m[1mGenerating Python code for ROS interfaces[0m
[ 76%] Built target ur_interfaces__py
[ 79%] [32mBuilding C object CMakeFiles/ur_interfaces__rosidl_generator_py.dir/rosidl_generator_py/ur_interfaces/srv/_get_planning_scene_s.c.o[0m
[ 82%] [32m[1mLinking C shared library libur_interfaces__rosidl_generator_py.so[0m
[ 82%] Built target ur_interfaces__rosidl_generator_py
[ 85%] [32mBuilding C object CMakeFiles/ur_interfaces_s__rosidl_typesupport_fastrtps_c.dir/rosidl_generator_py/ur_interfaces/_ur_interfaces_s.ep.rosidl_typesupport_fastrtps_c.c.o[0m
[ 88%] [32mBuilding C object CMakeFiles/ur_interfaces_s__rosidl_typesupport_c.dir/rosidl_generator_py/ur_interfaces/_ur_interfaces_s.ep.rosidl_typesupport_c.c.o[0m
[ 91%] [32mBuilding C object CMakeFiles/ur_interfaces_s__rosidl_typesupport_introspection_c.dir/rosidl_generator_py/ur_interfaces/_ur_interfaces_s.ep.rosidl_typesupport_introspection_c.c.o[0m
[ 94%] [32m[1mLinking C shared module rosidl_generator_py/ur_interfaces/ur_interfaces_s__rosidl_typesupport_introspection_c.so[0m
[ 97%] [32m[1mLinking C shared module rosidl_generator_py/ur_interfaces/ur_interfaces_s__rosidl_typesupport_c.so[0m
[100%] [32m[1mLinking C shared module rosidl_generator_py/ur_interfaces/ur_interfaces_s__rosidl_typesupport_fastrtps_c.so[0m
[100%] Built target ur_interfaces_s__rosidl_typesupport_fastrtps_c
[100%] Built target ur_interfaces_s__rosidl_typesupport_introspection_c
[100%] Built target ur_interfaces_s__rosidl_typesupport_c
-- Install configuration: ""
-- Installing: /home/darsh/UR3_ROS2_PICK_AND_PLACE/install/ur_interfaces/share/ament_index/resource_index/rosidl_interfaces/ur_interfaces
-- Installing: /home/darsh/UR3_ROS2_PICK_AND_PLACE/install/ur_interfaces/share/ur_interfaces/srv/GetPlanningScene.json
-- Installing: /home/darsh/UR3_ROS2_PICK_AND_PLACE/install/ur_interfaces/include/ur_interfaces/ur_interfaces
-- Installing: /home/darsh/UR3_ROS2_PICK_AND_PLACE/install/ur_interfaces/include/ur_interfaces/ur_interfaces/srv
-- Installing: /home/darsh/UR3_ROS2_PICK_AND_PLACE/install/ur_interfaces/include/ur_interfaces/ur_interfaces/srv/detail
-- Installing: /home/darsh/UR3_ROS2_PICK_AND_PLACE/install/ur_interfaces/include/ur_interfaces/ur_interfaces/srv/detail/get_planning_scene__type_support.c
-- Installing: /home/darsh/UR3_ROS2_PICK_AND_PLACE/install/ur_interfaces/include/ur_interfaces/ur_interfaces/srv/detail/get_planning_scene__struct.h
-- Installing: /home/darsh/UR3_ROS2_PICK_AND_PLACE/install/ur_interfaces/include/ur_interfaces/ur_interfaces/srv/detail/get_planning_scene__description.c
-- Installing: /home/darsh/UR3_ROS2_PICK_AND_PLACE/install/ur_interfaces/include/ur_interfaces/ur_interfaces/srv/detail/get_planning_scene__functions.c
-- Installing: /home/darsh/UR3_ROS2_PICK_AND_PLACE/install/ur_interfaces/include/ur_interfaces/ur_interfaces/srv/detail/get_planning_scene__functions.h
-- Installing: /home/darsh/UR3_ROS2_PICK_AND_PLACE/install/ur_interfaces/include/ur_interfaces/ur_interfaces/srv/detail/get_planning_scene__type_support.h
-- Installing: /home/darsh/UR3_ROS2_PICK_AND_PLACE/install/ur_interfaces/include/ur_interfaces/ur_interfaces/srv/get_planning_scene.h
-- Installing: /home/darsh/UR3_ROS2_PICK_AND_PLACE/install/ur_interfaces/include/ur_interfaces/ur_interfaces/msg
-- Installing: /home/darsh/UR3_ROS2_PICK_AND_PLACE/install/ur_interfaces/include/ur_interfaces/ur_interfaces/msg/rosidl_generator_c__visibility_control.h
-- Installing: /home/darsh/UR3_ROS2_PICK_AND_PLACE/install/ur_interfaces/share/ur_interfaces/environment/library_path.sh
-- Installing: /home/darsh/UR3_ROS2_PICK_AND_PLACE/install/ur_interfaces/share/ur_interfaces/environment/library_path.dsv
-- Installing: /home/darsh/UR3_ROS2_PICK_AND_PLACE/install/ur_interfaces/lib/libur_interfaces__rosidl_generator_c.so
-- Set non-toolchain portion of runtime path of "/home/darsh/UR3_ROS2_PICK_AND_PLACE/install/ur_interfaces/lib/libur_interfaces__rosidl_generator_c.so" to ""
-- Up-to-date: /home/darsh/UR3_ROS2_PICK_AND_PLACE/install/ur_interfaces/include/ur_interfaces/ur_interfaces
-- Up-to-date: /home/darsh/UR3_ROS2_PICK_AND_PLACE/install/ur_interfaces/include/ur_interfaces/ur_interfaces/srv
-- Up-to-date: /home/darsh/UR3_ROS2_PICK_AND_PLACE/install/ur_interfaces/include/ur_interfaces/ur_interfaces/srv/detail
-- Installing: /home/darsh/UR3_ROS2_PICK_AND_PLACE/install/ur_interfaces/include/ur_interfaces/ur_interfaces/srv/detail/get_planning_scene__rosidl_typesupport_fastrtps_c.h
-- Up-to-date: /home/darsh/UR3_ROS2_PICK_AND_PLACE/install/ur_interfaces/include/ur_interfaces/ur_interfaces/msg
-- Installing: /home/darsh/UR3_ROS2_PICK_AND_PLACE/install/ur_interfaces/include/ur_interfaces/ur_interfaces/msg/rosidl_typesupport_fastrtps_c__visibility_control.h
-- Installing: /home/darsh/UR3_ROS2_PICK_AND_PLACE/install/ur_interfaces/lib/libur_interfaces__rosidl_typesupport_fastrtps_c.so
-- Set non-toolchain portion of runtime path of "/home/darsh/UR3_ROS2_PICK_AND_PLACE/install/ur_interfaces/lib/libur_interfaces__rosidl_typesupport_fastrtps_c.so" to ""
-- Up-to-date: /home/darsh/UR3_ROS2_PICK_AND_PLACE/install/ur_interfaces/include/ur_interfaces/ur_interfaces
-- Up-to-date: /home/darsh/UR3_ROS2_PICK_AND_PLACE/install/ur_interfaces/include/ur_interfaces/ur_interfaces/srv
-- Up-to-date: /home/darsh/UR3_ROS2_PICK_AND_PLACE/install/ur_interfaces/include/ur_interfaces/ur_interfaces/srv/detail
-- Installing: /home/darsh/UR3_ROS2_PICK_AND_PLACE/install/ur_interfaces/include/ur_interfaces/ur_interfaces/srv/detail/get_planning_scene__rosidl_typesupport_introspection_c.h
-- Installing: /home/darsh/UR3_ROS2_PICK_AND_PLACE/install/ur_interfaces/include/ur_interfaces/ur_interfaces/srv/detail/get_planning_scene__type_support.c
-- Up-to-date: /home/darsh/UR3_ROS2_PICK_AND_PLACE/install/ur_interfaces/include/ur_interfaces/ur_interfaces/msg
-- Installing: /home/darsh/UR3_ROS2_PICK_AND_PLACE/install/ur_interfaces/include/ur_interfaces/ur_interfaces/msg/rosidl_typesupport_introspection_c__visibility_control.h
-- Installing: /home/darsh/UR3_ROS2_PICK_AND_PLACE/install/ur_interfaces/lib/libur_interfaces__rosidl_typesupport_introspection_c.so
-- Set non-toolchain portion of runtime path of "/home/darsh/UR3_ROS2_PICK_AND_PLACE/install/ur_interfaces/lib/libur_interfaces__rosidl_typesupport_introspection_c.so" to ""
-- Installing: /home/darsh/UR3_ROS2_PICK_AND_PLACE/install/ur_interfaces/lib/libur_interfaces__rosidl_typesupport_c.so
-- Set non-toolchain portion of runtime path of "/home/darsh/UR3_ROS2_PICK_AND_PLACE/install/ur_interfaces/lib/libur_interfaces__rosidl_typesupport_c.so" to ""
-- Up-to-date: /home/darsh/UR3_ROS2_PICK_AND_PLACE/install/ur_interfaces/include/ur_interfaces/ur_interfaces
-- Up-to-date: /home/darsh/UR3_ROS2_PICK_AND_PLACE/install/ur_interfaces/include/ur_interfaces/ur_interfaces/srv
-- Installing: /home/darsh/UR3_ROS2_PICK_AND_PLACE/install/ur_interfaces/include/ur_interfaces/ur_interfaces/srv/get_planning_scene.hpp
-- Up-to-date: /home/darsh/UR3_ROS2_PICK_AND_PLACE/install/ur_interfaces/include/ur_interfaces/ur_interfaces/srv/detail
-- Installing: /home/darsh/UR3_ROS2_PICK_AND_PLACE/install/ur_interfaces/include/ur_interfaces/ur_interfaces/srv/detail/get_planning_scene__traits.hpp
-- Installing: /home/darsh/UR3_ROS2_PICK_AND_PLACE/install/ur_interfaces/include/ur_interfaces/ur_interfaces/srv/detail/get_planning_scene__type_support.hpp
-- Installing: /home/darsh/UR3_ROS2_PICK_AND_PLACE/install/ur_interfaces/include/ur_interfaces/ur_interfaces/srv/detail/get_planning_scene__builder.hpp
-- Installing: /home/darsh/UR3_ROS2_PICK_AND_PLACE/install/ur_interfaces/include/ur_interfaces/ur_interfaces/srv/detail/get_planning_scene__struct.hpp
-- Up-to-date: /home/darsh/UR3_ROS2_PICK_AND_PLACE/install/ur_interfaces/include/ur_interfaces/ur_interfaces/msg
-- Installing: /home/darsh/UR3_ROS2_PICK_AND_PLACE/install/ur_interfaces/include/ur_interfaces/ur_interfaces/msg/rosidl_generator_cpp__visibility_control.hpp
-- Up-to-date: /home/darsh/UR3_ROS2_PICK_AND_PLACE/install/ur_interfaces/include/ur_interfaces/ur_interfaces
-- Up-to-date: /home/darsh/UR3_ROS2_PICK_AND_PLACE/install/ur_interfaces/include/ur_interfaces/ur_interfaces/srv
-- Up-to-date: /home/darsh/UR3_ROS2_PICK_AND_PLACE/install/ur_interfaces/include/ur_interfaces/ur_interfaces/srv/detail
-- Installing: /home/darsh/UR3_ROS2_PICK_AND_PLACE/install/ur_interfaces/include/ur_interfaces/ur_interfaces/srv/detail/get_planning_scene__rosidl_typesupport_fastrtps_cpp.hpp
-- Installing: /home/darsh/UR3_ROS2_PICK_AND_PLACE/install/ur_interfaces/include/ur_interfaces/ur_interfaces/srv/detail/dds_fastrtps
-- Up-to-date: /home/darsh/UR3_ROS2_PICK_AND_PLACE/install/ur_interfaces/include/ur_interfaces/ur_interfaces/msg
-- Installing: /home/darsh/UR3_ROS2_PICK_AND_PLACE/install/ur_interfaces/include/ur_interfaces/ur_interfaces/msg/rosidl_typesupport_fastrtps_cpp__visibility_control.h
-- Installing: /home/darsh/UR3_ROS2_PICK_AND_PLACE/install/ur_interfaces/lib/libur_interfaces__rosidl_typesupport_fastrtps_cpp.so
-- Set non-toolchain portion of runtime path of "/home/darsh/UR3_ROS2_PICK_AND_PLACE/install/ur_interfaces/lib/libur_interfaces__rosidl_typesupport_fastrtps_cpp.so" to ""
-- Up-to-date: /home/darsh/UR3_ROS2_PICK_AND_PLACE/install/ur_interfaces/include/ur_interfaces/ur_interfaces
-- Up-to-date: /home/darsh/UR3_ROS2_PICK_AND_PLACE/install/ur_interfaces/include/ur_interfaces/ur_interfaces/srv
-- Up-to-date: /home/darsh/UR3_ROS2_PICK_AND_PLACE/install/ur_interfaces/include/ur_interfaces/ur_interfaces/srv/detail
-- Installing: /home/darsh/UR3_ROS2_PICK_AND_PLACE/install/ur_interfaces/include/ur_interfaces/ur_interfaces/srv/detail/get_planning_scene__rosidl_typesupport_introspection_cpp.hpp
-- Installing: /home/darsh/UR3_ROS2_PICK_AND_PLACE/install/ur_interfaces/include/ur_interfaces/ur_interfaces/srv/detail/get_planning_scene__type_support.cpp
-- Installing: /home/darsh/UR3_ROS2_PICK_AND_PLACE/install/ur_interfaces/lib/libur_interfaces__rosidl_typesupport_introspection_cpp.so
-- Set non-toolchain portion of runtime path of "/home/darsh/UR3_ROS2_PICK_AND_PLACE/install/ur_interfaces/lib/libur_interfaces__rosidl_typesupport_introspection_cpp.so" to ""
-- Installing: /home/darsh/UR3_ROS2_PICK_AND_PLACE/install/ur_interfaces/lib/libur_interfaces__rosidl_typesupport_cpp.so
-- Set non-toolchain portion of runtime path of "/home/darsh/UR3_ROS2_PICK_AND_PLACE/install/ur_interfaces/lib/libur_interfaces__rosidl_typesupport_cpp.so" to ""
-- Installing: /home/darsh/UR3_ROS2_PICK_AND_PLACE/install/ur_interfaces/share/ur_interfaces/environment/pythonpath.sh
-- Installing: /home/darsh/UR3_ROS2_PICK_AND_PLACE/install/ur_interfaces/share/ur_interfaces/environment/pythonpath.dsv
-- Installing: /home/darsh/UR3_ROS2_PICK_AND_PLACE/install/ur_interfaces/lib/python3.12/site-packages/ur_interfaces-0.0.0-py3.12.egg-info
-- Installing: /home/darsh/UR3_ROS2_PICK_AND_PLACE/install/ur_interfaces/lib/python3.12/site-packages/ur_interfaces-0.0.0-py3.12.egg-info/dependency_links.txt
-- Installing: /home/darsh/UR3_ROS2_PICK_AND_PLACE/install/ur_interfaces/lib/python3.12/site-packages/ur_interfaces-0.0.0-py3.12.egg-info/PKG-INFO
-- Installing: /home/darsh/UR3_ROS2_PICK_AND_PLACE/install/ur_interfaces/lib/python3.12/site-packages/ur_interfaces-0.0.0-py3.12.egg-info/top_level.txt
-- Installing: /home/darsh/UR3_ROS2_PICK_AND_PLACE/install/ur_interfaces/lib/python3.12/site-packages/ur_interfaces-0.0.0-py3.12.egg-info/SOURCES.txt
-- Installing: /home/darsh/UR3_ROS2_PICK_AND_PLACE/install/ur_interfaces/lib/python3.12/site-packages/ur_interfaces
-- Installing: /home/darsh/UR3_ROS2_PICK_AND_PLACE/install/ur_interfaces/lib/python3.12/site-packages/ur_interfaces/ur_interfaces_s__rosidl_typesupport_c.so
-- Installing: /home/darsh/UR3_ROS2_PICK_AND_PLACE/install/ur_interfaces/lib/python3.12/site-packages/ur_interfaces/__init__.py
-- Installing: /home/darsh/UR3_ROS2_PICK_AND_PLACE/install/ur_interfaces/lib/python3.12/site-packages/ur_interfaces/_ur_interfaces_s.ep.rosidl_typesupport_fastrtps_c.c
-- Installing: /home/darsh/UR3_ROS2_PICK_AND_PLACE/install/ur_interfaces/lib/python3.12/site-packages/ur_interfaces/ur_interfaces_s__rosidl_typesupport_introspection_c.so
-- Installing: /home/darsh/UR3_ROS2_PICK_AND_PLACE/install/ur_interfaces/lib/python3.12/site-packages/ur_interfaces/srv
-- Installing: /home/darsh/UR3_ROS2_PICK_AND_PLACE/install/ur_interfaces/lib/python3.12/site-packages/ur_interfaces/srv/_get_planning_scene_s.c
-- Installing: /home/darsh/UR3_ROS2_PICK_AND_PLACE/install/ur_interfaces/lib/python3.12/site-packages/ur_interfaces/srv/_get_planning_scene.py
-- Installing: /home/darsh/UR3_ROS2_PICK_AND_PLACE/install/ur_interfaces/lib/python3.12/site-packages/ur_interfaces/srv/__init__.py
-- Installing: /home/darsh/UR3_ROS2_PICK_AND_PLACE/install/ur_interfaces/lib/python3.12/site-packages/ur_interfaces/_ur_interfaces_s.ep.rosidl_typesupport_introspection_c.c
-- Installing: /home/darsh/UR3_ROS2_PICK_AND_PLACE/install/ur_interfaces/lib/python3.12/site-packages/ur_interfaces/_ur_interfaces_s.ep.rosidl_typesupport_c.c
-- Installing: /home/darsh/UR3_ROS2_PICK_AND_PLACE/install/ur_interfaces/lib/python3.12/site-packages/ur_interfaces/ur_interfaces_s__rosidl_typesupport_fastrtps_c.so
Listing '/home/darsh/UR3_ROS2_PICK_AND_PLACE/install/ur_interfaces/lib/python3.12/site-packages/ur_interfaces'...
Compiling '/home/darsh/UR3_ROS2_PICK_AND_PLACE/install/ur_interfaces/lib/python3.12/site-packages/ur_interfaces/__init__.py'...
Listing '/home/darsh/UR3_ROS2_PICK_AND_PLACE/install/ur_interfaces/lib/python3.12/site-packages/ur_interfaces/srv'...
Compiling '/home/darsh/UR3_ROS2_PICK_AND_PLACE/install/ur_interfaces/lib/python3.12/site-packages/ur_interfaces/srv/__init__.py'...
Compiling '/home/darsh/UR3_ROS2_PICK_AND_PLACE/install/ur_interfaces/lib/python3.12/site-packages/ur_interfaces/srv/_get_planning_scene.py'...
-- Installing: /home/darsh/UR3_ROS2_PICK_AND_PLACE/install/ur_interfaces/lib/python3.12/site-packages/ur_interfaces/ur_interfaces_s__rosidl_typesupport_fastrtps_c.so
-- Set non-toolchain portion of runtime path of "/home/darsh/UR3_ROS2_PICK_AND_PLACE/install/ur_interfaces/lib/python3.12/site-packages/ur_interfaces/ur_interfaces_s__rosidl_typesupport_fastrtps_c.so" to ""
-- Installing: /home/darsh/UR3_ROS2_PICK_AND_PLACE/install/ur_interfaces/lib/python3.12/site-packages/ur_interfaces/ur_interfaces_s__rosidl_typesupport_introspection_c.so
-- Set non-toolchain portion of runtime path of "/home/darsh/UR3_ROS2_PICK_AND_PLACE/install/ur_interfaces/lib/python3.12/site-packages/ur_interfaces/ur_interfaces_s__rosidl_typesupport_introspection_c.so" to ""
-- Installing: /home/darsh/UR3_ROS2_PICK_AND_PLACE/install/ur_interfaces/lib/python3.12/site-packages/ur_interfaces/ur_interfaces_s__rosidl_typesupport_c.so
-- Set non-toolchain portion of runtime path of "/home/darsh/UR3_ROS2_PICK_AND_PLACE/install/ur_interfaces/lib/python3.12/site-packages/ur_interfaces/ur_interfaces_s__rosidl_typesupport_c.so" to ""
-- Installing: /home/darsh/UR3_ROS2_PICK_AND_PLACE/install/ur_interfaces/lib/libur_interfaces__rosidl_generator_py.so
-- Set non-toolchain portion of runtime path of "/home/darsh/UR3_ROS2_PICK_AND_PLACE/install/ur_interfaces/lib/libur_interfaces__rosidl_generator_py.so" to ""
-- Installing: /home/darsh/UR3_ROS2_PICK_AND_PLACE/install/ur_interfaces/share/ur_interfaces/srv/GetPlanningScene.idl
-- Installing: /home/darsh/UR3_ROS2_PICK_AND_PLACE/install/ur_interfaces/share/ur_interfaces/srv/GetPlanningScene.srv
-- Installing: /home/darsh/UR3_ROS2_PICK_AND_PLACE/install/ur_interfaces/share/ament_index/resource_index/package_run_dependencies/ur_interfaces
-- Installing: /home/darsh/UR3_ROS2_PICK_AND_PLACE/install/ur_interfaces/share/ament_index/resource_index/parent_prefix_path/ur_interfaces
-- Installing: /home/darsh/UR3_ROS2_PICK_AND_PLACE/install/ur_interfaces/share/ur_interfaces/environment/ament_prefix_path.sh
-- Installing: /home/darsh/UR3_ROS2_PICK_AND_PLACE/install/ur_interfaces/share/ur_interfaces/environment/ament_prefix_path.dsv
-- Installing: /home/darsh/UR3_ROS2_PICK_AND_PLACE/install/ur_interfaces/share/ur_interfaces/environment/path.sh
-- Installing: /home/darsh/UR3_ROS2_PICK_AND_PLACE/install/ur_interfaces/share/ur_interfaces/environment/path.dsv
-- Installing: /home/darsh/UR3_ROS2_PICK_AND_PLACE/install/ur_interfaces/share/ur_interfaces/local_setup.bash
-- Installing: /home/darsh/UR3_ROS2_PICK_AND_PLACE/install/ur_interfaces/share/ur_interfaces/local_setup.sh
-- Installing: /home/darsh/UR3_ROS2_PICK_AND_PLACE/install/ur_interfaces/share/ur_interfaces/local_setup.zsh
-- Installing: /home/darsh/UR3_ROS2_PICK_AND_PLACE/install/ur_interfaces/share/ur_interfaces/local_setup.dsv
-- Installing: /home/darsh/UR3_ROS2_PICK_AND_PLACE/install/ur_interfaces/share/ur_interfaces/package.dsv
-- Installing: /home/darsh/UR3_ROS2_PICK_AND_PLACE/install/ur_interfaces/share/ament_index/resource_index/packages/ur_interfaces
-- Installing: /home/darsh/UR3_ROS2_PICK_AND_PLACE/install/ur_interfaces/share/ur_interfaces/cmake/export_ur_interfaces__rosidl_generator_cExport.cmake
-- Installing: /home/darsh/UR3_ROS2_PICK_AND_PLACE/install/ur_interfaces/share/ur_interfaces/cmake/export_ur_interfaces__rosidl_generator_cExport-noconfig.cmake
-- Installing: /home/darsh/UR3_ROS2_PICK_AND_PLACE/install/ur_interfaces/share/ur_interfaces/cmake/export_ur_interfaces__rosidl_typesupport_fastrtps_cExport.cmake
-- Installing: /home/darsh/UR3_ROS2_PICK_AND_PLACE/install/ur_interfaces/share/ur_interfaces/cmake/export_ur_interfaces__rosidl_typesupport_fastrtps_cExport-noconfig.cmake
-- Installing: /home/darsh/UR3_ROS2_PICK_AND_PLACE/install/ur_interfaces/share/ur_interfaces/cmake/ur_interfaces__rosidl_typesupport_introspection_cExport.cmake
-- Installing: /home/darsh/UR3_ROS2_PICK_AND_PLACE/install/ur_interfaces/share/ur_interfaces/cmake/ur_interfaces__rosidl_typesupport_introspection_cExport-noconfig.cmake
-- Installing: /home/darsh/UR3_ROS2_PICK_AND_PLACE/install/ur_interfaces/share/ur_interfaces/cmake/ur_interfaces__rosidl_typesupport_cExport.cmake
-- Installing: /home/darsh/UR3_ROS2_PICK_AND_PLACE/install/ur_interfaces/share/ur_interfaces/cmake/ur_interfaces__rosidl_typesupport_cExport-noconfig.cmake
-- Installing: /home/darsh/UR3_ROS2_PICK_AND_PLACE/install/ur_interfaces/share/ur_interfaces/cmake/export_ur_interfaces__rosidl_generator_cppExport.cmake
-- Installing: /home/darsh/UR3_ROS2_PICK_AND_PLACE/install/ur_interfaces/share/ur_interfaces/cmake/export_ur_interfaces__rosidl_typesupport_fastrtps_cppExport.cmake
-- Installing: /home/darsh/UR3_ROS2_PICK_AND_PLACE/install/ur_interfaces/share/ur_interfaces/cmake/export_ur_interfaces__rosidl_typesupport_fastrtps_cppExport-noconfig.cmake
-- Installing: /home/darsh/UR3_ROS2_PICK_AND_PLACE/install/ur_interfaces/share/ur_interfaces/cmake/ur_interfaces__rosidl_typesupport_introspection_cppExport.cmake
-- Installing: /home/darsh/UR3_ROS2_PICK_AND_PLACE/install/ur_interfaces/share/ur_interfaces/cmake/ur_interfaces__rosidl_typesupport_introspection_cppExport-noconfig.cmake
-- Installing: /home/darsh/UR3_ROS2_PICK_AND_PLACE/install/ur_interfaces/share/ur_interfaces/cmake/ur_interfaces__rosidl_typesupport_cppExport.cmake
-- Installing: /home/darsh/UR3_ROS2_PICK_AND_PLACE/install/ur_interfaces/share/ur_interfaces/cmake/ur_interfaces__rosidl_typesupport_cppExport-noconfig.cmake
-- Installing: /home/darsh/UR3_ROS2_PICK_AND_PLACE/install/ur_interfaces/share/ur_interfaces/cmake/export_ur_interfaces__rosidl_generator_pyExport.cmake
-- Installing: /home/darsh/UR3_ROS2_PICK_AND_PLACE/install/ur_interfaces/share/ur_interfaces/cmake/export_ur_interfaces__rosidl_generator_pyExport-noconfig.cmake
-- Installing: /home/darsh/UR3_ROS2_PICK_AND_PLACE/install/ur_interfaces/share/ur_interfaces/cmake/rosidl_cmake-extras.cmake
-- Installing: /home/darsh/UR3_ROS2_PICK_AND_PLACE/install/ur_interfaces/share/ur_interfaces/cmake/ament_cmake_export_dependencies-extras.cmake
-- Installing: /home/darsh/UR3_ROS2_PICK_AND_PLACE/install/ur_interfaces/share/ur_interfaces/cmake/ament_cmake_export_include_directories-extras.cmake
-- Installing: /home/darsh/UR3_ROS2_PICK_AND_PLACE/install/ur_interfaces/share/ur_interfaces/cmake/ament_cmake_export_libraries-extras.cmake
-- Installing: /home/darsh/UR3_ROS2_PICK_AND_PLACE/install/ur_interfaces/share/ur_interfaces/cmake/ament_cmake_export_targets-extras.cmake
-- Installing: /home/darsh/UR3_ROS2_PICK_AND_PLACE/install/ur_interfaces/share/ur_interfaces/cmake/rosidl_cmake_export_typesupport_targets-extras.cmake
-- Installing: /home/darsh/UR3_ROS2_PICK_AND_PLACE/install/ur_interfaces/share/ur_interfaces/cmake/rosidl_cmake_export_typesupport_libraries-extras.cmake
-- Installing: /home/darsh/UR3_ROS2_PICK_AND_PLACE/install/ur_interfaces/share/ur_interfaces/cmake/ur_interfacesConfig.cmake
-- Installing: /home/darsh/UR3_ROS2_PICK_AND_PLACE/install/ur_interfaces/share/ur_interfaces/cmake/ur_interfacesConfig-version.cmake
-- Installing: /home/darsh/UR3_ROS2_PICK_AND_PLACE/install/ur_interfaces/share/ur_interfaces/package.xml
