[0.803s] Invoking command in '/home/darsh/UR3_ROS2_PICK_AND_PLACE/build/ur_mtc_pick_place_demo': AMENT_PREFIX_PATH=/home/darsh/UR3_ROS2_PICK_AND_PLACE/install/moveit_task_constructor_core:/home/darsh/UR3_ROS2_PICK_AND_PLACE/install/ur_interfaces:/home/darsh/UR3_ROS2_PICK_AND_PLACE/install/rviz_marker_tools:/home/darsh/UR3_ROS2_PICK_AND_PLACE/install/moveit_task_constructor_msgs:${AMENT_PREFIX_PATH} CMAKE_MODULE_PATH=/home/darsh/UR3_ROS2_PICK_AND_PLACE/install/moveit_task_constructor_core/share/moveit_task_constructor_core/cmake CMAKE_PREFIX_PATH=/home/darsh/UR3_ROS2_PICK_AND_PLACE/install/moveit_task_constructor_core:/home/darsh/UR3_ROS2_PICK_AND_PLACE/install/ur_interfaces:/home/darsh/UR3_ROS2_PICK_AND_PLACE/install/rviz_marker_tools:/home/darsh/UR3_ROS2_PICK_AND_PLACE/install/moveit_task_constructor_msgs:/opt/ros/jazzy/opt/gz_sim_vendor:/opt/ros/jazzy/opt/gz_sensors_vendor:/opt/ros/jazzy/opt/gz_physics_vendor:/opt/ros/jazzy/opt/sdformat_vendor:/opt/ros/jazzy/opt/gz_gui_vendor:/opt/ros/jazzy/opt/gz_transport_vendor:/opt/ros/jazzy/opt/gz_rendering_vendor:/opt/ros/jazzy/opt/gz_plugin_vendor:/opt/ros/jazzy/opt/gz_fuel_tools_vendor:/opt/ros/jazzy/opt/gz_msgs_vendor:/opt/ros/jazzy/opt/gz_common_vendor:/opt/ros/jazzy/opt/gz_math_vendor:/opt/ros/jazzy/opt/gz_utils_vendor:/opt/ros/jazzy/opt/gz_tools_vendor:/opt/ros/jazzy/opt/gz_ogre_next_vendor:/opt/ros/jazzy/opt/gz_dartsim_vendor:/opt/ros/jazzy/opt/gz_cmake_vendor:/opt/ros/jazzy LD_LIBRARY_PATH=/home/darsh/UR3_ROS2_PICK_AND_PLACE/install/moveit_task_constructor_core/lib:/home/darsh/UR3_ROS2_PICK_AND_PLACE/install/ur_interfaces/lib:/home/darsh/UR3_ROS2_PICK_AND_PLACE/install/rviz_marker_tools/lib:/home/darsh/UR3_ROS2_PICK_AND_PLACE/install/moveit_task_constructor_msgs/lib:${LD_LIBRARY_PATH} PYTHONPATH=/home/darsh/UR3_ROS2_PICK_AND_PLACE/install/moveit_task_constructor_core/lib/python3.12/site-packages:/home/darsh/UR3_ROS2_PICK_AND_PLACE/install/ur_interfaces/lib/python3.12/site-packages:/home/darsh/UR3_ROS2_PICK_AND_PLACE/install/moveit_task_constructor_msgs/lib/python3.12/site-packages:${PYTHONPATH} /usr/bin/cmake --build /home/darsh/UR3_ROS2_PICK_AND_PLACE/build/ur_mtc_pick_place_demo -- -j4 -l4
[1.207s] [ 12%] Built target cluster_extraction
[1.436s] [ 25%] Built target object_segmentation
[1.656s] [ 37%] Built target plane_segmentation
[1.904s] [ 43%] [32mBuilding CXX object CMakeFiles/get_planning_scene_client_node.dir/src/get_planning_scene_client.cpp.o[0m
[35.018s] [ 50%] [32m[1mLinking CXX executable get_planning_scene_client_node[0m
[37.727s] [ 50%] Built target get_planning_scene_client_node
[37.878s] [ 62%] Built target normals_curvature_and_rsd_estimation
[37.976s] [ 68%] [32mBuilding CXX object CMakeFiles/get_planning_scene_client.dir/src/get_planning_scene_client.cpp.o[0m
[49.357s] [ 75%] [32m[1mLinking CXX shared library libget_planning_scene_client.so[0m
[50.216s] [ 75%] Built target get_planning_scene_client
[50.322s] [ 87%] Built target get_planning_scene_server
[50.429s] [ 93%] [32mBuilding CXX object CMakeFiles/mtc_node.dir/src/mtc_node.cpp.o[0m
[55.069s] In file included from [01m[K/home/darsh/UR3_ROS2_PICK_AND_PLACE/ur_mtc_pick_place_demo/src/mtc_node.cpp:39[m[K:
[55.070s] [01m[K/opt/ros/jazzy/include/moveit_core/moveit/planning_scene/planning_scene.h:50:77:[m[K [01;36m[Knote: [m[K‘[01m[K#pragma message: .h header is obsolete. Please use the .hpp header instead.[m[K’
[55.070s]    50 | #pragma message(".h header is obsolete. Please use the .hpp header instead."[01;36m[K)[m[K
[55.070s]       |                                                                             [01;36m[K^[m[K
[58.298s] In file included from [01m[K/home/darsh/UR3_ROS2_PICK_AND_PLACE/ur_mtc_pick_place_demo/src/mtc_node.cpp:40[m[K:
[58.299s] [01m[K/opt/ros/jazzy/include/moveit_ros_planning_interface/moveit/planning_scene_interface/planning_scene_interface.h:50:77:[m[K [01;36m[Knote: [m[K‘[01m[K#pragma message: .h header is obsolete. Please use the .hpp header instead.[m[K’
[58.299s]    50 | #pragma message(".h header is obsolete. Please use the .hpp header instead."[01;36m[K)[m[K
[58.299s]       |                                                                             [01;36m[K^[m[K
[81.526s] [100%] [32m[1mLinking CXX executable mtc_node[0m
[82.782s] [100%] Built target mtc_node
[82.810s] Invoked command in '/home/darsh/UR3_ROS2_PICK_AND_PLACE/build/ur_mtc_pick_place_demo' returned '0': AMENT_PREFIX_PATH=/home/darsh/UR3_ROS2_PICK_AND_PLACE/install/moveit_task_constructor_core:/home/darsh/UR3_ROS2_PICK_AND_PLACE/install/ur_interfaces:/home/darsh/UR3_ROS2_PICK_AND_PLACE/install/rviz_marker_tools:/home/darsh/UR3_ROS2_PICK_AND_PLACE/install/moveit_task_constructor_msgs:${AMENT_PREFIX_PATH} CMAKE_MODULE_PATH=/home/darsh/UR3_ROS2_PICK_AND_PLACE/install/moveit_task_constructor_core/share/moveit_task_constructor_core/cmake CMAKE_PREFIX_PATH=/home/darsh/UR3_ROS2_PICK_AND_PLACE/install/moveit_task_constructor_core:/home/darsh/UR3_ROS2_PICK_AND_PLACE/install/ur_interfaces:/home/darsh/UR3_ROS2_PICK_AND_PLACE/install/rviz_marker_tools:/home/darsh/UR3_ROS2_PICK_AND_PLACE/install/moveit_task_constructor_msgs:/opt/ros/jazzy/opt/gz_sim_vendor:/opt/ros/jazzy/opt/gz_sensors_vendor:/opt/ros/jazzy/opt/gz_physics_vendor:/opt/ros/jazzy/opt/sdformat_vendor:/opt/ros/jazzy/opt/gz_gui_vendor:/opt/ros/jazzy/opt/gz_transport_vendor:/opt/ros/jazzy/opt/gz_rendering_vendor:/opt/ros/jazzy/opt/gz_plugin_vendor:/opt/ros/jazzy/opt/gz_fuel_tools_vendor:/opt/ros/jazzy/opt/gz_msgs_vendor:/opt/ros/jazzy/opt/gz_common_vendor:/opt/ros/jazzy/opt/gz_math_vendor:/opt/ros/jazzy/opt/gz_utils_vendor:/opt/ros/jazzy/opt/gz_tools_vendor:/opt/ros/jazzy/opt/gz_ogre_next_vendor:/opt/ros/jazzy/opt/gz_dartsim_vendor:/opt/ros/jazzy/opt/gz_cmake_vendor:/opt/ros/jazzy LD_LIBRARY_PATH=/home/darsh/UR3_ROS2_PICK_AND_PLACE/install/moveit_task_constructor_core/lib:/home/darsh/UR3_ROS2_PICK_AND_PLACE/install/ur_interfaces/lib:/home/darsh/UR3_ROS2_PICK_AND_PLACE/install/rviz_marker_tools/lib:/home/darsh/UR3_ROS2_PICK_AND_PLACE/install/moveit_task_constructor_msgs/lib:${LD_LIBRARY_PATH} PYTHONPATH=/home/darsh/UR3_ROS2_PICK_AND_PLACE/install/moveit_task_constructor_core/lib/python3.12/site-packages:/home/darsh/UR3_ROS2_PICK_AND_PLACE/install/ur_interfaces/lib/python3.12/site-packages:/home/darsh/UR3_ROS2_PICK_AND_PLACE/install/moveit_task_constructor_msgs/lib/python3.12/site-packages:${PYTHONPATH} /usr/bin/cmake --build /home/darsh/UR3_ROS2_PICK_AND_PLACE/build/ur_mtc_pick_place_demo -- -j4 -l4
[82.816s] Invoking command in '/home/darsh/UR3_ROS2_PICK_AND_PLACE/build/ur_mtc_pick_place_demo': AMENT_PREFIX_PATH=/home/darsh/UR3_ROS2_PICK_AND_PLACE/install/moveit_task_constructor_core:/home/darsh/UR3_ROS2_PICK_AND_PLACE/install/ur_interfaces:/home/darsh/UR3_ROS2_PICK_AND_PLACE/install/rviz_marker_tools:/home/darsh/UR3_ROS2_PICK_AND_PLACE/install/moveit_task_constructor_msgs:${AMENT_PREFIX_PATH} CMAKE_MODULE_PATH=/home/darsh/UR3_ROS2_PICK_AND_PLACE/install/moveit_task_constructor_core/share/moveit_task_constructor_core/cmake CMAKE_PREFIX_PATH=/home/darsh/UR3_ROS2_PICK_AND_PLACE/install/moveit_task_constructor_core:/home/darsh/UR3_ROS2_PICK_AND_PLACE/install/ur_interfaces:/home/darsh/UR3_ROS2_PICK_AND_PLACE/install/rviz_marker_tools:/home/darsh/UR3_ROS2_PICK_AND_PLACE/install/moveit_task_constructor_msgs:/opt/ros/jazzy/opt/gz_sim_vendor:/opt/ros/jazzy/opt/gz_sensors_vendor:/opt/ros/jazzy/opt/gz_physics_vendor:/opt/ros/jazzy/opt/sdformat_vendor:/opt/ros/jazzy/opt/gz_gui_vendor:/opt/ros/jazzy/opt/gz_transport_vendor:/opt/ros/jazzy/opt/gz_rendering_vendor:/opt/ros/jazzy/opt/gz_plugin_vendor:/opt/ros/jazzy/opt/gz_fuel_tools_vendor:/opt/ros/jazzy/opt/gz_msgs_vendor:/opt/ros/jazzy/opt/gz_common_vendor:/opt/ros/jazzy/opt/gz_math_vendor:/opt/ros/jazzy/opt/gz_utils_vendor:/opt/ros/jazzy/opt/gz_tools_vendor:/opt/ros/jazzy/opt/gz_ogre_next_vendor:/opt/ros/jazzy/opt/gz_dartsim_vendor:/opt/ros/jazzy/opt/gz_cmake_vendor:/opt/ros/jazzy LD_LIBRARY_PATH=/home/darsh/UR3_ROS2_PICK_AND_PLACE/install/moveit_task_constructor_core/lib:/home/darsh/UR3_ROS2_PICK_AND_PLACE/install/ur_interfaces/lib:/home/darsh/UR3_ROS2_PICK_AND_PLACE/install/rviz_marker_tools/lib:/home/darsh/UR3_ROS2_PICK_AND_PLACE/install/moveit_task_constructor_msgs/lib:${LD_LIBRARY_PATH} PYTHONPATH=/home/darsh/UR3_ROS2_PICK_AND_PLACE/install/moveit_task_constructor_core/lib/python3.12/site-packages:/home/darsh/UR3_ROS2_PICK_AND_PLACE/install/ur_interfaces/lib/python3.12/site-packages:/home/darsh/UR3_ROS2_PICK_AND_PLACE/install/moveit_task_constructor_msgs/lib/python3.12/site-packages:${PYTHONPATH} /usr/bin/cmake --install /home/darsh/UR3_ROS2_PICK_AND_PLACE/build/ur_mtc_pick_place_demo
[82.833s] -- Install configuration: "Release"
[82.838s] -- Installing: /home/darsh/UR3_ROS2_PICK_AND_PLACE/install/ur_mtc_pick_place_demo/lib/ur_mtc_pick_place_demo/get_planning_scene_client_node
[82.841s] -- Set non-toolchain portion of runtime path of "/home/darsh/UR3_ROS2_PICK_AND_PLACE/install/ur_mtc_pick_place_demo/lib/ur_mtc_pick_place_demo/get_planning_scene_client_node" to ""
[82.845s] -- Up-to-date: /home/darsh/UR3_ROS2_PICK_AND_PLACE/install/ur_mtc_pick_place_demo/lib/ur_mtc_pick_place_demo/get_planning_scene_server
[82.849s] -- Installing: /home/darsh/UR3_ROS2_PICK_AND_PLACE/install/ur_mtc_pick_place_demo/lib/ur_mtc_pick_place_demo/mtc_node
[82.850s] -- Set non-toolchain portion of runtime path of "/home/darsh/UR3_ROS2_PICK_AND_PLACE/install/ur_mtc_pick_place_demo/lib/ur_mtc_pick_place_demo/mtc_node" to ""
[82.851s] -- Up-to-date: /home/darsh/UR3_ROS2_PICK_AND_PLACE/install/ur_mtc_pick_place_demo/lib/libcluster_extraction.so
[82.853s] -- Installing: /home/darsh/UR3_ROS2_PICK_AND_PLACE/install/ur_mtc_pick_place_demo/lib/libget_planning_scene_client.so
[82.854s] -- Set non-toolchain portion of runtime path of "/home/darsh/UR3_ROS2_PICK_AND_PLACE/install/ur_mtc_pick_place_demo/lib/libget_planning_scene_client.so" to ""
[82.857s] -- Up-to-date: /home/darsh/UR3_ROS2_PICK_AND_PLACE/install/ur_mtc_pick_place_demo/lib/libnormals_curvature_and_rsd_estimation.so
[82.860s] -- Up-to-date: /home/darsh/UR3_ROS2_PICK_AND_PLACE/install/ur_mtc_pick_place_demo/lib/libobject_segmentation.so
[82.861s] -- Up-to-date: /home/darsh/UR3_ROS2_PICK_AND_PLACE/install/ur_mtc_pick_place_demo/lib/libplane_segmentation.so
[82.861s] -- Up-to-date: /home/darsh/UR3_ROS2_PICK_AND_PLACE/install/ur_mtc_pick_place_demo/share/ur_mtc_pick_place_demo/config
[82.861s] -- Up-to-date: /home/darsh/UR3_ROS2_PICK_AND_PLACE/install/ur_mtc_pick_place_demo/share/ur_mtc_pick_place_demo/config/get_planning_scene_server.yaml
[82.861s] -- Installing: /home/darsh/UR3_ROS2_PICK_AND_PLACE/install/ur_mtc_pick_place_demo/share/ur_mtc_pick_place_demo/config/mtc_node_params.yaml
[82.862s] -- Up-to-date: /home/darsh/UR3_ROS2_PICK_AND_PLACE/install/ur_mtc_pick_place_demo/share/ur_mtc_pick_place_demo
[82.862s] -- Up-to-date: /home/darsh/UR3_ROS2_PICK_AND_PLACE/install/ur_mtc_pick_place_demo/share/ur_mtc_pick_place_demo/ur_mtc_pick_place_demo
[82.863s] -- Up-to-date: /home/darsh/UR3_ROS2_PICK_AND_PLACE/install/ur_mtc_pick_place_demo/share/ur_mtc_pick_place_demo/ur_mtc_pick_place_demo/normals_curvature_and_rsd_estimation.h
[82.863s] -- Up-to-date: /home/darsh/UR3_ROS2_PICK_AND_PLACE/install/ur_mtc_pick_place_demo/share/ur_mtc_pick_place_demo/ur_mtc_pick_place_demo/plane_segmentation.h
[82.863s] -- Up-to-date: /home/darsh/UR3_ROS2_PICK_AND_PLACE/install/ur_mtc_pick_place_demo/share/ur_mtc_pick_place_demo/ur_mtc_pick_place_demo/cluster_extraction.h
[82.863s] -- Up-to-date: /home/darsh/UR3_ROS2_PICK_AND_PLACE/install/ur_mtc_pick_place_demo/share/ur_mtc_pick_place_demo/ur_mtc_pick_place_demo/get_planning_scene_client.h
[82.863s] -- Up-to-date: /home/darsh/UR3_ROS2_PICK_AND_PLACE/install/ur_mtc_pick_place_demo/share/ur_mtc_pick_place_demo/ur_mtc_pick_place_demo/object_segmentation.h
[82.863s] -- Up-to-date: /home/darsh/UR3_ROS2_PICK_AND_PLACE/install/ur_mtc_pick_place_demo/share/ur_mtc_pick_place_demo/launch
[82.863s] -- Up-to-date: /home/darsh/UR3_ROS2_PICK_AND_PLACE/install/ur_mtc_pick_place_demo/share/ur_mtc_pick_place_demo/launch/pick_place_demo.launch.py
[82.864s] -- Up-to-date: /home/darsh/UR3_ROS2_PICK_AND_PLACE/install/ur_mtc_pick_place_demo/share/ur_mtc_pick_place_demo/launch/point_cloud_viewer.launch.py
[82.864s] -- Up-to-date: /home/darsh/UR3_ROS2_PICK_AND_PLACE/install/ur_mtc_pick_place_demo/share/ur_mtc_pick_place_demo/launch/get_planning_scene_server.launch.py
[82.864s] -- Up-to-date: /home/darsh/UR3_ROS2_PICK_AND_PLACE/install/ur_mtc_pick_place_demo/share/ur_mtc_pick_place_demo/rviz
[82.864s] -- Up-to-date: /home/darsh/UR3_ROS2_PICK_AND_PLACE/install/ur_mtc_pick_place_demo/share/ur_mtc_pick_place_demo/rviz/mtc_demos.rviz
[82.864s] -- Up-to-date: /home/darsh/UR3_ROS2_PICK_AND_PLACE/install/ur_mtc_pick_place_demo/share/ur_mtc_pick_place_demo/rviz/point_cloud_viewer.rviz
[82.864s] -- Up-to-date: /home/darsh/UR3_ROS2_PICK_AND_PLACE/install/ur_mtc_pick_place_demo/share/ur_mtc_pick_place_demo/scripts
[82.865s] -- Up-to-date: /home/darsh/UR3_ROS2_PICK_AND_PLACE/install/ur_mtc_pick_place_demo/share/ur_mtc_pick_place_demo/scripts/robot.sh
[82.865s] -- Up-to-date: /home/darsh/UR3_ROS2_PICK_AND_PLACE/install/ur_mtc_pick_place_demo/share/ur_mtc_pick_place_demo/scripts/pointcloud.sh
[82.865s] -- Up-to-date: /home/darsh/UR3_ROS2_PICK_AND_PLACE/install/ur_mtc_pick_place_demo/share/ur_mtc_pick_place_demo/environment/library_path.sh
[82.865s] -- Up-to-date: /home/darsh/UR3_ROS2_PICK_AND_PLACE/install/ur_mtc_pick_place_demo/share/ur_mtc_pick_place_demo/environment/library_path.dsv
[82.865s] -- Up-to-date: /home/darsh/UR3_ROS2_PICK_AND_PLACE/install/ur_mtc_pick_place_demo/share/ament_index/resource_index/package_run_dependencies/ur_mtc_pick_place_demo
[82.866s] -- Up-to-date: /home/darsh/UR3_ROS2_PICK_AND_PLACE/install/ur_mtc_pick_place_demo/share/ament_index/resource_index/parent_prefix_path/ur_mtc_pick_place_demo
[82.866s] -- Up-to-date: /home/darsh/UR3_ROS2_PICK_AND_PLACE/install/ur_mtc_pick_place_demo/share/ur_mtc_pick_place_demo/environment/ament_prefix_path.sh
[82.867s] -- Up-to-date: /home/darsh/UR3_ROS2_PICK_AND_PLACE/install/ur_mtc_pick_place_demo/share/ur_mtc_pick_place_demo/environment/ament_prefix_path.dsv
[82.867s] -- Up-to-date: /home/darsh/UR3_ROS2_PICK_AND_PLACE/install/ur_mtc_pick_place_demo/share/ur_mtc_pick_place_demo/environment/path.sh
[82.867s] -- Up-to-date: /home/darsh/UR3_ROS2_PICK_AND_PLACE/install/ur_mtc_pick_place_demo/share/ur_mtc_pick_place_demo/environment/path.dsv
[82.867s] -- Up-to-date: /home/darsh/UR3_ROS2_PICK_AND_PLACE/install/ur_mtc_pick_place_demo/share/ur_mtc_pick_place_demo/local_setup.bash
[82.867s] -- Up-to-date: /home/darsh/UR3_ROS2_PICK_AND_PLACE/install/ur_mtc_pick_place_demo/share/ur_mtc_pick_place_demo/local_setup.sh
[82.868s] -- Up-to-date: /home/darsh/UR3_ROS2_PICK_AND_PLACE/install/ur_mtc_pick_place_demo/share/ur_mtc_pick_place_demo/local_setup.zsh
[82.868s] -- Up-to-date: /home/darsh/UR3_ROS2_PICK_AND_PLACE/install/ur_mtc_pick_place_demo/share/ur_mtc_pick_place_demo/local_setup.dsv
[82.869s] -- Installing: /home/darsh/UR3_ROS2_PICK_AND_PLACE/install/ur_mtc_pick_place_demo/share/ur_mtc_pick_place_demo/package.dsv
[82.869s] -- Up-to-date: /home/darsh/UR3_ROS2_PICK_AND_PLACE/install/ur_mtc_pick_place_demo/share/ament_index/resource_index/packages/ur_mtc_pick_place_demo
[82.870s] -- Up-to-date: /home/darsh/UR3_ROS2_PICK_AND_PLACE/install/ur_mtc_pick_place_demo/share/ur_mtc_pick_place_demo/cmake/export_ur_mtc_pick_place_demoExport.cmake
[82.870s] -- Up-to-date: /home/darsh/UR3_ROS2_PICK_AND_PLACE/install/ur_mtc_pick_place_demo/share/ur_mtc_pick_place_demo/cmake/export_ur_mtc_pick_place_demoExport-release.cmake
[82.870s] -- Up-to-date: /home/darsh/UR3_ROS2_PICK_AND_PLACE/install/ur_mtc_pick_place_demo/share/ur_mtc_pick_place_demo/cmake/ament_cmake_export_include_directories-extras.cmake
[82.871s] -- Up-to-date: /home/darsh/UR3_ROS2_PICK_AND_PLACE/install/ur_mtc_pick_place_demo/share/ur_mtc_pick_place_demo/cmake/ament_cmake_export_libraries-extras.cmake
[82.871s] -- Up-to-date: /home/darsh/UR3_ROS2_PICK_AND_PLACE/install/ur_mtc_pick_place_demo/share/ur_mtc_pick_place_demo/cmake/ament_cmake_export_targets-extras.cmake
[82.871s] -- Up-to-date: /home/darsh/UR3_ROS2_PICK_AND_PLACE/install/ur_mtc_pick_place_demo/share/ur_mtc_pick_place_demo/cmake/ur_mtc_pick_place_demoConfig.cmake
[82.871s] -- Up-to-date: /home/darsh/UR3_ROS2_PICK_AND_PLACE/install/ur_mtc_pick_place_demo/share/ur_mtc_pick_place_demo/cmake/ur_mtc_pick_place_demoConfig-version.cmake
[82.872s] -- Up-to-date: /home/darsh/UR3_ROS2_PICK_AND_PLACE/install/ur_mtc_pick_place_demo/share/ur_mtc_pick_place_demo/package.xml
[82.882s] Invoked command in '/home/darsh/UR3_ROS2_PICK_AND_PLACE/build/ur_mtc_pick_place_demo' returned '0': AMENT_PREFIX_PATH=/home/darsh/UR3_ROS2_PICK_AND_PLACE/install/moveit_task_constructor_core:/home/darsh/UR3_ROS2_PICK_AND_PLACE/install/ur_interfaces:/home/darsh/UR3_ROS2_PICK_AND_PLACE/install/rviz_marker_tools:/home/darsh/UR3_ROS2_PICK_AND_PLACE/install/moveit_task_constructor_msgs:${AMENT_PREFIX_PATH} CMAKE_MODULE_PATH=/home/darsh/UR3_ROS2_PICK_AND_PLACE/install/moveit_task_constructor_core/share/moveit_task_constructor_core/cmake CMAKE_PREFIX_PATH=/home/darsh/UR3_ROS2_PICK_AND_PLACE/install/moveit_task_constructor_core:/home/darsh/UR3_ROS2_PICK_AND_PLACE/install/ur_interfaces:/home/darsh/UR3_ROS2_PICK_AND_PLACE/install/rviz_marker_tools:/home/darsh/UR3_ROS2_PICK_AND_PLACE/install/moveit_task_constructor_msgs:/opt/ros/jazzy/opt/gz_sim_vendor:/opt/ros/jazzy/opt/gz_sensors_vendor:/opt/ros/jazzy/opt/gz_physics_vendor:/opt/ros/jazzy/opt/sdformat_vendor:/opt/ros/jazzy/opt/gz_gui_vendor:/opt/ros/jazzy/opt/gz_transport_vendor:/opt/ros/jazzy/opt/gz_rendering_vendor:/opt/ros/jazzy/opt/gz_plugin_vendor:/opt/ros/jazzy/opt/gz_fuel_tools_vendor:/opt/ros/jazzy/opt/gz_msgs_vendor:/opt/ros/jazzy/opt/gz_common_vendor:/opt/ros/jazzy/opt/gz_math_vendor:/opt/ros/jazzy/opt/gz_utils_vendor:/opt/ros/jazzy/opt/gz_tools_vendor:/opt/ros/jazzy/opt/gz_ogre_next_vendor:/opt/ros/jazzy/opt/gz_dartsim_vendor:/opt/ros/jazzy/opt/gz_cmake_vendor:/opt/ros/jazzy LD_LIBRARY_PATH=/home/darsh/UR3_ROS2_PICK_AND_PLACE/install/moveit_task_constructor_core/lib:/home/darsh/UR3_ROS2_PICK_AND_PLACE/install/ur_interfaces/lib:/home/darsh/UR3_ROS2_PICK_AND_PLACE/install/rviz_marker_tools/lib:/home/darsh/UR3_ROS2_PICK_AND_PLACE/install/moveit_task_constructor_msgs/lib:${LD_LIBRARY_PATH} PYTHONPATH=/home/darsh/UR3_ROS2_PICK_AND_PLACE/install/moveit_task_constructor_core/lib/python3.12/site-packages:/home/darsh/UR3_ROS2_PICK_AND_PLACE/install/ur_interfaces/lib/python3.12/site-packages:/home/darsh/UR3_ROS2_PICK_AND_PLACE/install/moveit_task_constructor_msgs/lib/python3.12/site-packages:${PYTHONPATH} /usr/bin/cmake --install /home/darsh/UR3_ROS2_PICK_AND_PLACE/build/ur_mtc_pick_place_demo
