[0.049s] Invoking command in '/home/darsh/UR3_ROS2_PICK_AND_PLACE/build/movit_config': AMENT_PREFIX_PATH=/home/darsh/UR3_ROS2_PICK_AND_PLACE/install/ur_description:${AMENT_PREFIX_PATH} CMAKE_PREFIX_PATH=/home/darsh/UR3_ROS2_PICK_AND_PLACE/install/ur_description:/opt/ros/jazzy/opt/gz_sim_vendor:/opt/ros/jazzy/opt/gz_sensors_vendor:/opt/ros/jazzy/opt/gz_physics_vendor:/opt/ros/jazzy/opt/sdformat_vendor:/opt/ros/jazzy/opt/gz_gui_vendor:/opt/ros/jazzy/opt/gz_transport_vendor:/opt/ros/jazzy/opt/gz_rendering_vendor:/opt/ros/jazzy/opt/gz_plugin_vendor:/opt/ros/jazzy/opt/gz_fuel_tools_vendor:/opt/ros/jazzy/opt/gz_msgs_vendor:/opt/ros/jazzy/opt/gz_common_vendor:/opt/ros/jazzy/opt/gz_math_vendor:/opt/ros/jazzy/opt/gz_utils_vendor:/opt/ros/jazzy/opt/gz_tools_vendor:/opt/ros/jazzy/opt/gz_ogre_next_vendor:/opt/ros/jazzy/opt/gz_dartsim_vendor:/opt/ros/jazzy/opt/gz_cmake_vendor:/opt/ros/jazzy /usr/bin/cmake /home/darsh/UR3_ROS2_PICK_AND_PLACE/movit_config -DCMAKE_INSTALL_PREFIX=/home/darsh/UR3_ROS2_PICK_AND_PLACE/install/movit_config
[0.153s] -- The C compiler identification is GNU 13.3.0
[0.443s] -- The CXX compiler identification is GNU 13.3.0
[0.714s] -- Detecting C compiler ABI info
[0.893s] -- Detecting C compiler ABI info - done
[0.904s] -- Check for working C compiler: /usr/bin/cc - skipped
[0.905s] -- Detecting C compile features
[0.906s] -- Detecting C compile features - done
[0.961s] -- Detecting CXX compiler ABI info
[1.152s] -- Detecting CXX compiler ABI info - done
[1.163s] -- Check for working CXX compiler: /usr/bin/c++ - skipped
[1.164s] -- Detecting CXX compile features
[1.165s] -- Detecting CXX compile features - done
[1.169s] -- Found ament_cmake: 2.5.3 (/opt/ros/jazzy/share/ament_cmake/cmake)
[1.360s] -- Found Python3: /usr/bin/python3 (found version "3.12.3") found components: Interpreter 
[1.611s] -- Configuring done (1.6s)
[1.615s] -- Generating done (0.0s)
[1.618s] -- Build files have been written to: /home/darsh/UR3_ROS2_PICK_AND_PLACE/build/movit_config
[1.639s] Invoked command in '/home/darsh/UR3_ROS2_PICK_AND_PLACE/build/movit_config' returned '0': AMENT_PREFIX_PATH=/home/darsh/UR3_ROS2_PICK_AND_PLACE/install/ur_description:${AMENT_PREFIX_PATH} CMAKE_PREFIX_PATH=/home/darsh/UR3_ROS2_PICK_AND_PLACE/install/ur_description:/opt/ros/jazzy/opt/gz_sim_vendor:/opt/ros/jazzy/opt/gz_sensors_vendor:/opt/ros/jazzy/opt/gz_physics_vendor:/opt/ros/jazzy/opt/sdformat_vendor:/opt/ros/jazzy/opt/gz_gui_vendor:/opt/ros/jazzy/opt/gz_transport_vendor:/opt/ros/jazzy/opt/gz_rendering_vendor:/opt/ros/jazzy/opt/gz_plugin_vendor:/opt/ros/jazzy/opt/gz_fuel_tools_vendor:/opt/ros/jazzy/opt/gz_msgs_vendor:/opt/ros/jazzy/opt/gz_common_vendor:/opt/ros/jazzy/opt/gz_math_vendor:/opt/ros/jazzy/opt/gz_utils_vendor:/opt/ros/jazzy/opt/gz_tools_vendor:/opt/ros/jazzy/opt/gz_ogre_next_vendor:/opt/ros/jazzy/opt/gz_dartsim_vendor:/opt/ros/jazzy/opt/gz_cmake_vendor:/opt/ros/jazzy /usr/bin/cmake /home/darsh/UR3_ROS2_PICK_AND_PLACE/movit_config -DCMAKE_INSTALL_PREFIX=/home/darsh/UR3_ROS2_PICK_AND_PLACE/install/movit_config
[1.639s] Invoking command in '/home/darsh/UR3_ROS2_PICK_AND_PLACE/build/movit_config': AMENT_PREFIX_PATH=/home/darsh/UR3_ROS2_PICK_AND_PLACE/install/ur_description:${AMENT_PREFIX_PATH} CMAKE_PREFIX_PATH=/home/darsh/UR3_ROS2_PICK_AND_PLACE/install/ur_description:/opt/ros/jazzy/opt/gz_sim_vendor:/opt/ros/jazzy/opt/gz_sensors_vendor:/opt/ros/jazzy/opt/gz_physics_vendor:/opt/ros/jazzy/opt/sdformat_vendor:/opt/ros/jazzy/opt/gz_gui_vendor:/opt/ros/jazzy/opt/gz_transport_vendor:/opt/ros/jazzy/opt/gz_rendering_vendor:/opt/ros/jazzy/opt/gz_plugin_vendor:/opt/ros/jazzy/opt/gz_fuel_tools_vendor:/opt/ros/jazzy/opt/gz_msgs_vendor:/opt/ros/jazzy/opt/gz_common_vendor:/opt/ros/jazzy/opt/gz_math_vendor:/opt/ros/jazzy/opt/gz_utils_vendor:/opt/ros/jazzy/opt/gz_tools_vendor:/opt/ros/jazzy/opt/gz_ogre_next_vendor:/opt/ros/jazzy/opt/gz_dartsim_vendor:/opt/ros/jazzy/opt/gz_cmake_vendor:/opt/ros/jazzy /usr/bin/cmake --build /home/darsh/UR3_ROS2_PICK_AND_PLACE/build/movit_config -- -j16 -l16
[1.677s] Invoked command in '/home/darsh/UR3_ROS2_PICK_AND_PLACE/build/movit_config' returned '0': AMENT_PREFIX_PATH=/home/darsh/UR3_ROS2_PICK_AND_PLACE/install/ur_description:${AMENT_PREFIX_PATH} CMAKE_PREFIX_PATH=/home/darsh/UR3_ROS2_PICK_AND_PLACE/install/ur_description:/opt/ros/jazzy/opt/gz_sim_vendor:/opt/ros/jazzy/opt/gz_sensors_vendor:/opt/ros/jazzy/opt/gz_physics_vendor:/opt/ros/jazzy/opt/sdformat_vendor:/opt/ros/jazzy/opt/gz_gui_vendor:/opt/ros/jazzy/opt/gz_transport_vendor:/opt/ros/jazzy/opt/gz_rendering_vendor:/opt/ros/jazzy/opt/gz_plugin_vendor:/opt/ros/jazzy/opt/gz_fuel_tools_vendor:/opt/ros/jazzy/opt/gz_msgs_vendor:/opt/ros/jazzy/opt/gz_common_vendor:/opt/ros/jazzy/opt/gz_math_vendor:/opt/ros/jazzy/opt/gz_utils_vendor:/opt/ros/jazzy/opt/gz_tools_vendor:/opt/ros/jazzy/opt/gz_ogre_next_vendor:/opt/ros/jazzy/opt/gz_dartsim_vendor:/opt/ros/jazzy/opt/gz_cmake_vendor:/opt/ros/jazzy /usr/bin/cmake --build /home/darsh/UR3_ROS2_PICK_AND_PLACE/build/movit_config -- -j16 -l16
[1.679s] Invoking command in '/home/darsh/UR3_ROS2_PICK_AND_PLACE/build/movit_config': AMENT_PREFIX_PATH=/home/darsh/UR3_ROS2_PICK_AND_PLACE/install/ur_description:${AMENT_PREFIX_PATH} CMAKE_PREFIX_PATH=/home/darsh/UR3_ROS2_PICK_AND_PLACE/install/ur_description:/opt/ros/jazzy/opt/gz_sim_vendor:/opt/ros/jazzy/opt/gz_sensors_vendor:/opt/ros/jazzy/opt/gz_physics_vendor:/opt/ros/jazzy/opt/sdformat_vendor:/opt/ros/jazzy/opt/gz_gui_vendor:/opt/ros/jazzy/opt/gz_transport_vendor:/opt/ros/jazzy/opt/gz_rendering_vendor:/opt/ros/jazzy/opt/gz_plugin_vendor:/opt/ros/jazzy/opt/gz_fuel_tools_vendor:/opt/ros/jazzy/opt/gz_msgs_vendor:/opt/ros/jazzy/opt/gz_common_vendor:/opt/ros/jazzy/opt/gz_math_vendor:/opt/ros/jazzy/opt/gz_utils_vendor:/opt/ros/jazzy/opt/gz_tools_vendor:/opt/ros/jazzy/opt/gz_ogre_next_vendor:/opt/ros/jazzy/opt/gz_dartsim_vendor:/opt/ros/jazzy/opt/gz_cmake_vendor:/opt/ros/jazzy /usr/bin/cmake --install /home/darsh/UR3_ROS2_PICK_AND_PLACE/build/movit_config
[1.687s] -- Install configuration: ""
[1.687s] -- Installing: /home/darsh/UR3_ROS2_PICK_AND_PLACE/install/movit_config/share/ament_index/resource_index/package_run_dependencies/movit_config
[1.688s] -- Installing: /home/darsh/UR3_ROS2_PICK_AND_PLACE/install/movit_config/share/ament_index/resource_index/parent_prefix_path/movit_config
[1.688s] -- Installing: /home/darsh/UR3_ROS2_PICK_AND_PLACE/install/movit_config/share/movit_config/environment/ament_prefix_path.sh
[1.688s] -- Installing: /home/darsh/UR3_ROS2_PICK_AND_PLACE/install/movit_config/share/movit_config/environment/ament_prefix_path.dsv
[1.689s] -- Installing: /home/darsh/UR3_ROS2_PICK_AND_PLACE/install/movit_config/share/movit_config/environment/path.sh
[1.689s] -- Installing: /home/darsh/UR3_ROS2_PICK_AND_PLACE/install/movit_config/share/movit_config/environment/path.dsv
[1.689s] -- Installing: /home/darsh/UR3_ROS2_PICK_AND_PLACE/install/movit_config/share/movit_config/local_setup.bash
[1.690s] -- Installing: /home/darsh/UR3_ROS2_PICK_AND_PLACE/install/movit_config/share/movit_config/local_setup.sh
[1.690s] -- Installing: /home/darsh/UR3_ROS2_PICK_AND_PLACE/install/movit_config/share/movit_config/local_setup.zsh
[1.690s] -- Installing: /home/darsh/UR3_ROS2_PICK_AND_PLACE/install/movit_config/share/movit_config/local_setup.dsv
[1.691s] -- Installing: /home/darsh/UR3_ROS2_PICK_AND_PLACE/install/movit_config/share/movit_config/package.dsv
[1.691s] -- Installing: /home/darsh/UR3_ROS2_PICK_AND_PLACE/install/movit_config/share/ament_index/resource_index/packages/movit_config
[1.691s] -- Installing: /home/darsh/UR3_ROS2_PICK_AND_PLACE/install/movit_config/share/movit_config/cmake/movit_configConfig.cmake
[1.692s] -- Installing: /home/darsh/UR3_ROS2_PICK_AND_PLACE/install/movit_config/share/movit_config/cmake/movit_configConfig-version.cmake
[1.692s] -- Installing: /home/darsh/UR3_ROS2_PICK_AND_PLACE/install/movit_config/share/movit_config/package.xml
[1.692s] -- Installing: /home/darsh/UR3_ROS2_PICK_AND_PLACE/install/movit_config/share/movit_config/launch
[1.693s] -- Installing: /home/darsh/UR3_ROS2_PICK_AND_PLACE/install/movit_config/share/movit_config/launch/moveit_rviz.launch.py
[1.693s] -- Installing: /home/darsh/UR3_ROS2_PICK_AND_PLACE/install/movit_config/share/movit_config/launch/static_virtual_joint_tfs.launch.py
[1.694s] -- Installing: /home/darsh/UR3_ROS2_PICK_AND_PLACE/install/movit_config/share/movit_config/launch/demo.launch.py
[1.694s] -- Installing: /home/darsh/UR3_ROS2_PICK_AND_PLACE/install/movit_config/share/movit_config/launch/warehouse_db.launch.py
[1.697s] -- Installing: /home/darsh/UR3_ROS2_PICK_AND_PLACE/install/movit_config/share/movit_config/launch/setup_assistant.launch.py
[1.698s] -- Installing: /home/darsh/UR3_ROS2_PICK_AND_PLACE/install/movit_config/share/movit_config/launch/rsp.launch.py
[1.699s] -- Installing: /home/darsh/UR3_ROS2_PICK_AND_PLACE/install/movit_config/share/movit_config/launch/load_ros2_controllers.launch.py
[1.701s] -- Installing: /home/darsh/UR3_ROS2_PICK_AND_PLACE/install/movit_config/share/movit_config/launch/move_group.launch.py
[1.701s] -- Installing: /home/darsh/UR3_ROS2_PICK_AND_PLACE/install/movit_config/share/movit_config/launch/spawn_controllers.launch.py
[1.701s] -- Installing: /home/darsh/UR3_ROS2_PICK_AND_PLACE/install/movit_config/share/movit_config/config
[1.701s] -- Installing: /home/darsh/UR3_ROS2_PICK_AND_PLACE/install/movit_config/share/movit_config/config/ur.urdf
[1.702s] -- Installing: /home/darsh/UR3_ROS2_PICK_AND_PLACE/install/movit_config/share/movit_config/config/moveit.rviz
[1.702s] -- Installing: /home/darsh/UR3_ROS2_PICK_AND_PLACE/install/movit_config/share/movit_config/config/initial_positions.yaml
[1.705s] -- Installing: /home/darsh/UR3_ROS2_PICK_AND_PLACE/install/movit_config/share/movit_config/config/ur.ros2_control.xacro
[1.705s] -- Installing: /home/darsh/UR3_ROS2_PICK_AND_PLACE/install/movit_config/share/movit_config/config/kinematics.yaml
[1.706s] -- Installing: /home/darsh/UR3_ROS2_PICK_AND_PLACE/install/movit_config/share/movit_config/config/joint_limits.yaml
[1.706s] -- Installing: /home/darsh/UR3_ROS2_PICK_AND_PLACE/install/movit_config/share/movit_config/config/ros2_controllers.yaml
[1.708s] -- Installing: /home/darsh/UR3_ROS2_PICK_AND_PLACE/install/movit_config/share/movit_config/config/ur.srdf
[1.709s] -- Installing: /home/darsh/UR3_ROS2_PICK_AND_PLACE/install/movit_config/share/movit_config/config/moveit_controllers.yaml
[1.710s] -- Installing: /home/darsh/UR3_ROS2_PICK_AND_PLACE/install/movit_config/share/movit_config/config/pilz_cartesian_limits.yaml
[1.711s] -- Installing: /home/darsh/UR3_ROS2_PICK_AND_PLACE/install/movit_config/share/movit_config/config/ur.urdf.xacro
[1.713s] -- Installing: /home/darsh/UR3_ROS2_PICK_AND_PLACE/install/movit_config/share/movit_config/config/sensors_3d.yaml
[1.713s] -- Installing: /home/darsh/UR3_ROS2_PICK_AND_PLACE/install/movit_config/share/movit_config/.setup_assistant
[1.713s] Invoked command in '/home/darsh/UR3_ROS2_PICK_AND_PLACE/build/movit_config' returned '0': AMENT_PREFIX_PATH=/home/darsh/UR3_ROS2_PICK_AND_PLACE/install/ur_description:${AMENT_PREFIX_PATH} CMAKE_PREFIX_PATH=/home/darsh/UR3_ROS2_PICK_AND_PLACE/install/ur_description:/opt/ros/jazzy/opt/gz_sim_vendor:/opt/ros/jazzy/opt/gz_sensors_vendor:/opt/ros/jazzy/opt/gz_physics_vendor:/opt/ros/jazzy/opt/sdformat_vendor:/opt/ros/jazzy/opt/gz_gui_vendor:/opt/ros/jazzy/opt/gz_transport_vendor:/opt/ros/jazzy/opt/gz_rendering_vendor:/opt/ros/jazzy/opt/gz_plugin_vendor:/opt/ros/jazzy/opt/gz_fuel_tools_vendor:/opt/ros/jazzy/opt/gz_msgs_vendor:/opt/ros/jazzy/opt/gz_common_vendor:/opt/ros/jazzy/opt/gz_math_vendor:/opt/ros/jazzy/opt/gz_utils_vendor:/opt/ros/jazzy/opt/gz_tools_vendor:/opt/ros/jazzy/opt/gz_ogre_next_vendor:/opt/ros/jazzy/opt/gz_dartsim_vendor:/opt/ros/jazzy/opt/gz_cmake_vendor:/opt/ros/jazzy /usr/bin/cmake --install /home/darsh/UR3_ROS2_PICK_AND_PLACE/build/movit_config
