[0.142s] DEBUG:colcon:Command line arguments: ['/usr/bin/colcon', 'build']
[0.142s] DEBUG:colcon:Parsed command line arguments: Namespace(log_base=None, log_level=None, verb_name='build', build_base='build', install_base='install', merge_install=False, symlink_install=False, test_result_base=None, continue_on_error=False, executor='parallel', parallel_workers=16, event_handlers=None, ignore_user_meta=False, metas=['./colcon.meta'], base_paths=['.'], packages_ignore=None, packages_ignore_regex=None, paths=None, packages_up_to=None, packages_up_to_regex=None, packages_above=None, packages_above_and_dependencies=None, packages_above_depth=None, packages_select_by_dep=None, packages_skip_by_dep=None, packages_skip_up_to=None, packages_select_build_failed=False, packages_skip_build_finished=False, packages_select_test_failures=False, packages_skip_test_passed=False, packages_select=None, packages_skip=None, packages_select_regex=None, packages_skip_regex=None, packages_start=None, packages_end=None, allow_overriding=[], cmake_args=None, cmake_target=None, cmake_target_skip_unavailable=False, cmake_clean_cache=False, cmake_clean_first=False, cmake_force_configure=False, ament_cmake_args=None, catkin_cmake_args=None, catkin_skip_building_tests=False, verb_parser=<colcon_defaults.argument_parser.defaults.DefaultArgumentsDecorator object at 0x7f572fc8a990>, verb_extension=<colcon_core.verb.build.BuildVerb object at 0x7f572fc2c6e0>, main=<bound method BuildVerb.main of <colcon_core.verb.build.BuildVerb object at 0x7f572fc2c6e0>>)
[0.179s] Level 1:colcon.colcon_core.package_discovery:discover_packages(colcon_meta) check parameters
[0.179s] Level 1:colcon.colcon_core.package_discovery:discover_packages(recursive) check parameters
[0.179s] Level 1:colcon.colcon_core.package_discovery:discover_packages(ignore) check parameters
[0.179s] Level 1:colcon.colcon_core.package_discovery:discover_packages(path) check parameters
[0.180s] Level 1:colcon.colcon_core.package_discovery:discover_packages(colcon_meta) discover
[0.180s] Level 1:colcon.colcon_core.package_discovery:discover_packages(recursive) discover
[0.180s] INFO:colcon.colcon_core.package_discovery:Crawling recursively for packages in '/home/darsh/UR3_ROS2_PICK_AND_PLACE'
[0.180s] Level 1:colcon.colcon_core.package_identification:_identify(.) by extensions ['ignore', 'ignore_ament_install']
[0.180s] Level 1:colcon.colcon_core.package_identification:_identify(.) by extension 'ignore'
[0.180s] Level 1:colcon.colcon_core.package_identification:_identify(.) by extension 'ignore_ament_install'
[0.180s] Level 1:colcon.colcon_core.package_identification:_identify(.) by extensions ['colcon_pkg']
[0.180s] Level 1:colcon.colcon_core.package_identification:_identify(.) by extension 'colcon_pkg'
[0.180s] Level 1:colcon.colcon_core.package_identification:_identify(.) by extensions ['colcon_meta']
[0.180s] Level 1:colcon.colcon_core.package_identification:_identify(.) by extension 'colcon_meta'
[0.180s] Level 1:colcon.colcon_core.package_identification:_identify(.) by extensions ['ros']
[0.180s] Level 1:colcon.colcon_core.package_identification:_identify(.) by extension 'ros'
[0.203s] Level 1:colcon.colcon_core.package_identification:_identify(.) by extensions ['cmake', 'python']
[0.204s] Level 1:colcon.colcon_core.package_identification:_identify(.) by extension 'cmake'
[0.204s] Level 1:colcon.colcon_core.package_identification:_identify(.) by extension 'python'
[0.204s] Level 1:colcon.colcon_core.package_identification:_identify(.) by extensions ['python_setup_py']
[0.204s] Level 1:colcon.colcon_core.package_identification:_identify(.) by extension 'python_setup_py'
[0.204s] Level 1:colcon.colcon_core.package_identification:_identify(build) by extensions ['ignore', 'ignore_ament_install']
[0.204s] Level 1:colcon.colcon_core.package_identification:_identify(build) by extension 'ignore'
[0.204s] Level 1:colcon.colcon_core.package_identification:_identify(build) ignored
[0.204s] Level 1:colcon.colcon_core.package_identification:_identify(images) by extensions ['ignore', 'ignore_ament_install']
[0.204s] Level 1:colcon.colcon_core.package_identification:_identify(images) by extension 'ignore'
[0.204s] Level 1:colcon.colcon_core.package_identification:_identify(images) by extension 'ignore_ament_install'
[0.204s] Level 1:colcon.colcon_core.package_identification:_identify(images) by extensions ['colcon_pkg']
[0.204s] Level 1:colcon.colcon_core.package_identification:_identify(images) by extension 'colcon_pkg'
[0.205s] Level 1:colcon.colcon_core.package_identification:_identify(images) by extensions ['colcon_meta']
[0.205s] Level 1:colcon.colcon_core.package_identification:_identify(images) by extension 'colcon_meta'
[0.205s] Level 1:colcon.colcon_core.package_identification:_identify(images) by extensions ['ros']
[0.205s] Level 1:colcon.colcon_core.package_identification:_identify(images) by extension 'ros'
[0.205s] Level 1:colcon.colcon_core.package_identification:_identify(images) by extensions ['cmake', 'python']
[0.205s] Level 1:colcon.colcon_core.package_identification:_identify(images) by extension 'cmake'
[0.205s] Level 1:colcon.colcon_core.package_identification:_identify(images) by extension 'python'
[0.205s] Level 1:colcon.colcon_core.package_identification:_identify(images) by extensions ['python_setup_py']
[0.205s] Level 1:colcon.colcon_core.package_identification:_identify(images) by extension 'python_setup_py'
[0.205s] Level 1:colcon.colcon_core.package_identification:_identify(install) by extensions ['ignore', 'ignore_ament_install']
[0.205s] Level 1:colcon.colcon_core.package_identification:_identify(install) by extension 'ignore'
[0.205s] Level 1:colcon.colcon_core.package_identification:_identify(install) ignored
[0.205s] Level 1:colcon.colcon_core.package_identification:_identify(log) by extensions ['ignore', 'ignore_ament_install']
[0.205s] Level 1:colcon.colcon_core.package_identification:_identify(log) by extension 'ignore'
[0.205s] Level 1:colcon.colcon_core.package_identification:_identify(log) ignored
[0.205s] Level 1:colcon.colcon_core.package_identification:_identify(moveit_config) by extensions ['ignore', 'ignore_ament_install']
[0.205s] Level 1:colcon.colcon_core.package_identification:_identify(moveit_config) by extension 'ignore'
[0.206s] Level 1:colcon.colcon_core.package_identification:_identify(moveit_config) by extension 'ignore_ament_install'
[0.206s] Level 1:colcon.colcon_core.package_identification:_identify(moveit_config) by extensions ['colcon_pkg']
[0.206s] Level 1:colcon.colcon_core.package_identification:_identify(moveit_config) by extension 'colcon_pkg'
[0.206s] Level 1:colcon.colcon_core.package_identification:_identify(moveit_config) by extensions ['colcon_meta']
[0.206s] Level 1:colcon.colcon_core.package_identification:_identify(moveit_config) by extension 'colcon_meta'
[0.206s] Level 1:colcon.colcon_core.package_identification:_identify(moveit_config) by extensions ['ros']
[0.206s] Level 1:colcon.colcon_core.package_identification:_identify(moveit_config) by extension 'ros'
[0.209s] DEBUG:colcon.colcon_core.package_identification:Package 'moveit_config' with type 'ros.ament_cmake' and name 'moveit_config'
[0.209s] Level 1:colcon.colcon_core.package_identification:_identify(movit_config) by extensions ['ignore', 'ignore_ament_install']
[0.209s] Level 1:colcon.colcon_core.package_identification:_identify(movit_config) by extension 'ignore'
[0.209s] Level 1:colcon.colcon_core.package_identification:_identify(movit_config) by extension 'ignore_ament_install'
[0.209s] Level 1:colcon.colcon_core.package_identification:_identify(movit_config) by extensions ['colcon_pkg']
[0.209s] Level 1:colcon.colcon_core.package_identification:_identify(movit_config) by extension 'colcon_pkg'
[0.209s] Level 1:colcon.colcon_core.package_identification:_identify(movit_config) by extensions ['colcon_meta']
[0.209s] Level 1:colcon.colcon_core.package_identification:_identify(movit_config) by extension 'colcon_meta'
[0.209s] Level 1:colcon.colcon_core.package_identification:_identify(movit_config) by extensions ['ros']
[0.209s] Level 1:colcon.colcon_core.package_identification:_identify(movit_config) by extension 'ros'
[0.210s] DEBUG:colcon.colcon_core.package_identification:Package 'movit_config' with type 'ros.ament_cmake' and name 'movit_config'
[0.210s] Level 1:colcon.colcon_core.package_identification:_identify(robotiq_2f_85_gripper_visualization) by extensions ['ignore', 'ignore_ament_install']
[0.210s] Level 1:colcon.colcon_core.package_identification:_identify(robotiq_2f_85_gripper_visualization) by extension 'ignore'
[0.210s] Level 1:colcon.colcon_core.package_identification:_identify(robotiq_2f_85_gripper_visualization) by extension 'ignore_ament_install'
[0.210s] Level 1:colcon.colcon_core.package_identification:_identify(robotiq_2f_85_gripper_visualization) by extensions ['colcon_pkg']
[0.210s] Level 1:colcon.colcon_core.package_identification:_identify(robotiq_2f_85_gripper_visualization) by extension 'colcon_pkg'
[0.210s] Level 1:colcon.colcon_core.package_identification:_identify(robotiq_2f_85_gripper_visualization) by extensions ['colcon_meta']
[0.210s] Level 1:colcon.colcon_core.package_identification:_identify(robotiq_2f_85_gripper_visualization) by extension 'colcon_meta'
[0.210s] Level 1:colcon.colcon_core.package_identification:_identify(robotiq_2f_85_gripper_visualization) by extensions ['ros']
[0.210s] Level 1:colcon.colcon_core.package_identification:_identify(robotiq_2f_85_gripper_visualization) by extension 'ros'
[0.211s] DEBUG:colcon.colcon_core.package_identification:Package 'robotiq_2f_85_gripper_visualization' with type 'ros.ament_cmake' and name 'robotiq_2f_85_gripper_visualization'
[0.211s] Level 1:colcon.colcon_core.package_identification:_identify(ur_description) by extensions ['ignore', 'ignore_ament_install']
[0.211s] Level 1:colcon.colcon_core.package_identification:_identify(ur_description) by extension 'ignore'
[0.211s] Level 1:colcon.colcon_core.package_identification:_identify(ur_description) by extension 'ignore_ament_install'
[0.211s] Level 1:colcon.colcon_core.package_identification:_identify(ur_description) by extensions ['colcon_pkg']
[0.211s] Level 1:colcon.colcon_core.package_identification:_identify(ur_description) by extension 'colcon_pkg'
[0.212s] Level 1:colcon.colcon_core.package_identification:_identify(ur_description) by extensions ['colcon_meta']
[0.212s] Level 1:colcon.colcon_core.package_identification:_identify(ur_description) by extension 'colcon_meta'
[0.212s] Level 1:colcon.colcon_core.package_identification:_identify(ur_description) by extensions ['ros']
[0.212s] Level 1:colcon.colcon_core.package_identification:_identify(ur_description) by extension 'ros'
[0.212s] DEBUG:colcon.colcon_core.package_identification:Package 'ur_description' with type 'ros.ament_cmake' and name 'ur_description'
[0.212s] Level 1:colcon.colcon_core.package_identification:_identify(ur_gazebo) by extensions ['ignore', 'ignore_ament_install']
[0.213s] Level 1:colcon.colcon_core.package_identification:_identify(ur_gazebo) by extension 'ignore'
[0.213s] Level 1:colcon.colcon_core.package_identification:_identify(ur_gazebo) by extension 'ignore_ament_install'
[0.213s] Level 1:colcon.colcon_core.package_identification:_identify(ur_gazebo) by extensions ['colcon_pkg']
[0.213s] Level 1:colcon.colcon_core.package_identification:_identify(ur_gazebo) by extension 'colcon_pkg'
[0.213s] Level 1:colcon.colcon_core.package_identification:_identify(ur_gazebo) by extensions ['colcon_meta']
[0.213s] Level 1:colcon.colcon_core.package_identification:_identify(ur_gazebo) by extension 'colcon_meta'
[0.213s] Level 1:colcon.colcon_core.package_identification:_identify(ur_gazebo) by extensions ['ros']
[0.213s] Level 1:colcon.colcon_core.package_identification:_identify(ur_gazebo) by extension 'ros'
[0.214s] DEBUG:colcon.colcon_core.package_identification:Package 'ur_gazebo' with type 'ros.ament_cmake' and name 'ur_gazebo'
[0.214s] Level 1:colcon.colcon_core.package_identification:_identify(ur_interfaces) by extensions ['ignore', 'ignore_ament_install']
[0.214s] Level 1:colcon.colcon_core.package_identification:_identify(ur_interfaces) by extension 'ignore'
[0.214s] Level 1:colcon.colcon_core.package_identification:_identify(ur_interfaces) by extension 'ignore_ament_install'
[0.214s] Level 1:colcon.colcon_core.package_identification:_identify(ur_interfaces) by extensions ['colcon_pkg']
[0.214s] Level 1:colcon.colcon_core.package_identification:_identify(ur_interfaces) by extension 'colcon_pkg'
[0.214s] Level 1:colcon.colcon_core.package_identification:_identify(ur_interfaces) by extensions ['colcon_meta']
[0.214s] Level 1:colcon.colcon_core.package_identification:_identify(ur_interfaces) by extension 'colcon_meta'
[0.214s] Level 1:colcon.colcon_core.package_identification:_identify(ur_interfaces) by extensions ['ros']
[0.214s] Level 1:colcon.colcon_core.package_identification:_identify(ur_interfaces) by extension 'ros'
[0.215s] DEBUG:colcon.colcon_core.package_identification:Package 'ur_interfaces' with type 'ros.ament_cmake' and name 'ur_interfaces'
[0.215s] Level 1:colcon.colcon_core.package_identification:_identify(ur_system_tests) by extensions ['ignore', 'ignore_ament_install']
[0.215s] Level 1:colcon.colcon_core.package_identification:_identify(ur_system_tests) by extension 'ignore'
[0.215s] Level 1:colcon.colcon_core.package_identification:_identify(ur_system_tests) by extension 'ignore_ament_install'
[0.215s] Level 1:colcon.colcon_core.package_identification:_identify(ur_system_tests) by extensions ['colcon_pkg']
[0.215s] Level 1:colcon.colcon_core.package_identification:_identify(ur_system_tests) by extension 'colcon_pkg'
[0.215s] Level 1:colcon.colcon_core.package_identification:_identify(ur_system_tests) by extensions ['colcon_meta']
[0.215s] Level 1:colcon.colcon_core.package_identification:_identify(ur_system_tests) by extension 'colcon_meta'
[0.215s] Level 1:colcon.colcon_core.package_identification:_identify(ur_system_tests) by extensions ['ros']
[0.215s] Level 1:colcon.colcon_core.package_identification:_identify(ur_system_tests) by extension 'ros'
[0.216s] DEBUG:colcon.colcon_core.package_identification:Package 'ur_system_tests' with type 'ros.ament_cmake' and name 'ur_system_tests'
[0.216s] Level 1:colcon.colcon_core.package_discovery:discover_packages(recursive) using defaults
[0.216s] Level 1:colcon.colcon_core.package_discovery:discover_packages(ignore) discover
[0.216s] Level 1:colcon.colcon_core.package_discovery:discover_packages(ignore) using defaults
[0.216s] Level 1:colcon.colcon_core.package_discovery:discover_packages(path) discover
[0.216s] Level 1:colcon.colcon_core.package_discovery:discover_packages(path) using defaults
[0.237s] Level 1:colcon.colcon_core.package_discovery:discover_packages(prefix_path) check parameters
[0.237s] Level 1:colcon.colcon_core.package_discovery:discover_packages(prefix_path) discover
[0.239s] DEBUG:colcon.colcon_installed_package_information.package_discovery:Found 7 installed packages in /home/darsh/UR3_ROS2_PICK_AND_PLACE/install
[0.241s] DEBUG:colcon.colcon_installed_package_information.package_discovery:Found 409 installed packages in /opt/ros/jazzy
[0.243s] Level 1:colcon.colcon_core.package_discovery:discover_packages(prefix_path) using defaults
[0.301s] Level 5:colcon.colcon_core.verb:set package 'robotiq_2f_85_gripper_visualization' build argument 'cmake_args' from command line to 'None'
[0.301s] Level 5:colcon.colcon_core.verb:set package 'robotiq_2f_85_gripper_visualization' build argument 'cmake_target' from command line to 'None'
[0.301s] Level 5:colcon.colcon_core.verb:set package 'robotiq_2f_85_gripper_visualization' build argument 'cmake_target_skip_unavailable' from command line to 'False'
[0.301s] Level 5:colcon.colcon_core.verb:set package 'robotiq_2f_85_gripper_visualization' build argument 'cmake_clean_cache' from command line to 'False'
[0.301s] Level 5:colcon.colcon_core.verb:set package 'robotiq_2f_85_gripper_visualization' build argument 'cmake_clean_first' from command line to 'False'
[0.301s] Level 5:colcon.colcon_core.verb:set package 'robotiq_2f_85_gripper_visualization' build argument 'cmake_force_configure' from command line to 'False'
[0.301s] Level 5:colcon.colcon_core.verb:set package 'robotiq_2f_85_gripper_visualization' build argument 'ament_cmake_args' from command line to 'None'
[0.301s] Level 5:colcon.colcon_core.verb:set package 'robotiq_2f_85_gripper_visualization' build argument 'catkin_cmake_args' from command line to 'None'
[0.301s] Level 5:colcon.colcon_core.verb:set package 'robotiq_2f_85_gripper_visualization' build argument 'catkin_skip_building_tests' from command line to 'False'
[0.301s] DEBUG:colcon.colcon_core.verb:Building package 'robotiq_2f_85_gripper_visualization' with the following arguments: {'ament_cmake_args': None, 'build_base': '/home/darsh/UR3_ROS2_PICK_AND_PLACE/build/robotiq_2f_85_gripper_visualization', 'catkin_cmake_args': None, 'catkin_skip_building_tests': False, 'cmake_args': None, 'cmake_clean_cache': False, 'cmake_clean_first': False, 'cmake_force_configure': False, 'cmake_target': None, 'cmake_target_skip_unavailable': False, 'install_base': '/home/darsh/UR3_ROS2_PICK_AND_PLACE/install/robotiq_2f_85_gripper_visualization', 'merge_install': False, 'path': '/home/darsh/UR3_ROS2_PICK_AND_PLACE/robotiq_2f_85_gripper_visualization', 'symlink_install': False, 'test_result_base': None}
[0.302s] Level 5:colcon.colcon_core.verb:set package 'ur_description' build argument 'cmake_args' from command line to 'None'
[0.302s] Level 5:colcon.colcon_core.verb:set package 'ur_description' build argument 'cmake_target' from command line to 'None'
[0.302s] Level 5:colcon.colcon_core.verb:set package 'ur_description' build argument 'cmake_target_skip_unavailable' from command line to 'False'
[0.302s] Level 5:colcon.colcon_core.verb:set package 'ur_description' build argument 'cmake_clean_cache' from command line to 'False'
[0.302s] Level 5:colcon.colcon_core.verb:set package 'ur_description' build argument 'cmake_clean_first' from command line to 'False'
[0.302s] Level 5:colcon.colcon_core.verb:set package 'ur_description' build argument 'cmake_force_configure' from command line to 'False'
[0.302s] Level 5:colcon.colcon_core.verb:set package 'ur_description' build argument 'ament_cmake_args' from command line to 'None'
[0.302s] Level 5:colcon.colcon_core.verb:set package 'ur_description' build argument 'catkin_cmake_args' from command line to 'None'
[0.302s] Level 5:colcon.colcon_core.verb:set package 'ur_description' build argument 'catkin_skip_building_tests' from command line to 'False'
[0.302s] DEBUG:colcon.colcon_core.verb:Building package 'ur_description' with the following arguments: {'ament_cmake_args': None, 'build_base': '/home/darsh/UR3_ROS2_PICK_AND_PLACE/build/ur_description', 'catkin_cmake_args': None, 'catkin_skip_building_tests': False, 'cmake_args': None, 'cmake_clean_cache': False, 'cmake_clean_first': False, 'cmake_force_configure': False, 'cmake_target': None, 'cmake_target_skip_unavailable': False, 'install_base': '/home/darsh/UR3_ROS2_PICK_AND_PLACE/install/ur_description', 'merge_install': False, 'path': '/home/darsh/UR3_ROS2_PICK_AND_PLACE/ur_description', 'symlink_install': False, 'test_result_base': None}
[0.302s] Level 5:colcon.colcon_core.verb:set package 'ur_gazebo' build argument 'cmake_args' from command line to 'None'
[0.302s] Level 5:colcon.colcon_core.verb:set package 'ur_gazebo' build argument 'cmake_target' from command line to 'None'
[0.302s] Level 5:colcon.colcon_core.verb:set package 'ur_gazebo' build argument 'cmake_target_skip_unavailable' from command line to 'False'
[0.302s] Level 5:colcon.colcon_core.verb:set package 'ur_gazebo' build argument 'cmake_clean_cache' from command line to 'False'
[0.302s] Level 5:colcon.colcon_core.verb:set package 'ur_gazebo' build argument 'cmake_clean_first' from command line to 'False'
[0.302s] Level 5:colcon.colcon_core.verb:set package 'ur_gazebo' build argument 'cmake_force_configure' from command line to 'False'
[0.302s] Level 5:colcon.colcon_core.verb:set package 'ur_gazebo' build argument 'ament_cmake_args' from command line to 'None'
[0.302s] Level 5:colcon.colcon_core.verb:set package 'ur_gazebo' build argument 'catkin_cmake_args' from command line to 'None'
[0.302s] Level 5:colcon.colcon_core.verb:set package 'ur_gazebo' build argument 'catkin_skip_building_tests' from command line to 'False'
[0.302s] DEBUG:colcon.colcon_core.verb:Building package 'ur_gazebo' with the following arguments: {'ament_cmake_args': None, 'build_base': '/home/darsh/UR3_ROS2_PICK_AND_PLACE/build/ur_gazebo', 'catkin_cmake_args': None, 'catkin_skip_building_tests': False, 'cmake_args': None, 'cmake_clean_cache': False, 'cmake_clean_first': False, 'cmake_force_configure': False, 'cmake_target': None, 'cmake_target_skip_unavailable': False, 'install_base': '/home/darsh/UR3_ROS2_PICK_AND_PLACE/install/ur_gazebo', 'merge_install': False, 'path': '/home/darsh/UR3_ROS2_PICK_AND_PLACE/ur_gazebo', 'symlink_install': False, 'test_result_base': None}
[0.303s] Level 5:colcon.colcon_core.verb:set package 'ur_interfaces' build argument 'cmake_args' from command line to 'None'
[0.303s] Level 5:colcon.colcon_core.verb:set package 'ur_interfaces' build argument 'cmake_target' from command line to 'None'
[0.303s] Level 5:colcon.colcon_core.verb:set package 'ur_interfaces' build argument 'cmake_target_skip_unavailable' from command line to 'False'
[0.303s] Level 5:colcon.colcon_core.verb:set package 'ur_interfaces' build argument 'cmake_clean_cache' from command line to 'False'
[0.303s] Level 5:colcon.colcon_core.verb:set package 'ur_interfaces' build argument 'cmake_clean_first' from command line to 'False'
[0.303s] Level 5:colcon.colcon_core.verb:set package 'ur_interfaces' build argument 'cmake_force_configure' from command line to 'False'
[0.303s] Level 5:colcon.colcon_core.verb:set package 'ur_interfaces' build argument 'ament_cmake_args' from command line to 'None'
[0.303s] Level 5:colcon.colcon_core.verb:set package 'ur_interfaces' build argument 'catkin_cmake_args' from command line to 'None'
[0.303s] Level 5:colcon.colcon_core.verb:set package 'ur_interfaces' build argument 'catkin_skip_building_tests' from command line to 'False'
[0.303s] DEBUG:colcon.colcon_core.verb:Building package 'ur_interfaces' with the following arguments: {'ament_cmake_args': None, 'build_base': '/home/darsh/UR3_ROS2_PICK_AND_PLACE/build/ur_interfaces', 'catkin_cmake_args': None, 'catkin_skip_building_tests': False, 'cmake_args': None, 'cmake_clean_cache': False, 'cmake_clean_first': False, 'cmake_force_configure': False, 'cmake_target': None, 'cmake_target_skip_unavailable': False, 'install_base': '/home/darsh/UR3_ROS2_PICK_AND_PLACE/install/ur_interfaces', 'merge_install': False, 'path': '/home/darsh/UR3_ROS2_PICK_AND_PLACE/ur_interfaces', 'symlink_install': False, 'test_result_base': None}
[0.303s] Level 5:colcon.colcon_core.verb:set package 'ur_system_tests' build argument 'cmake_args' from command line to 'None'
[0.303s] Level 5:colcon.colcon_core.verb:set package 'ur_system_tests' build argument 'cmake_target' from command line to 'None'
[0.303s] Level 5:colcon.colcon_core.verb:set package 'ur_system_tests' build argument 'cmake_target_skip_unavailable' from command line to 'False'
[0.303s] Level 5:colcon.colcon_core.verb:set package 'ur_system_tests' build argument 'cmake_clean_cache' from command line to 'False'
[0.303s] Level 5:colcon.colcon_core.verb:set package 'ur_system_tests' build argument 'cmake_clean_first' from command line to 'False'
[0.303s] Level 5:colcon.colcon_core.verb:set package 'ur_system_tests' build argument 'cmake_force_configure' from command line to 'False'
[0.303s] Level 5:colcon.colcon_core.verb:set package 'ur_system_tests' build argument 'ament_cmake_args' from command line to 'None'
[0.303s] Level 5:colcon.colcon_core.verb:set package 'ur_system_tests' build argument 'catkin_cmake_args' from command line to 'None'
[0.303s] Level 5:colcon.colcon_core.verb:set package 'ur_system_tests' build argument 'catkin_skip_building_tests' from command line to 'False'
[0.303s] DEBUG:colcon.colcon_core.verb:Building package 'ur_system_tests' with the following arguments: {'ament_cmake_args': None, 'build_base': '/home/darsh/UR3_ROS2_PICK_AND_PLACE/build/ur_system_tests', 'catkin_cmake_args': None, 'catkin_skip_building_tests': False, 'cmake_args': None, 'cmake_clean_cache': False, 'cmake_clean_first': False, 'cmake_force_configure': False, 'cmake_target': None, 'cmake_target_skip_unavailable': False, 'install_base': '/home/darsh/UR3_ROS2_PICK_AND_PLACE/install/ur_system_tests', 'merge_install': False, 'path': '/home/darsh/UR3_ROS2_PICK_AND_PLACE/ur_system_tests', 'symlink_install': False, 'test_result_base': None}
[0.304s] Level 5:colcon.colcon_core.verb:set package 'moveit_config' build argument 'cmake_args' from command line to 'None'
[0.304s] Level 5:colcon.colcon_core.verb:set package 'moveit_config' build argument 'cmake_target' from command line to 'None'
[0.304s] Level 5:colcon.colcon_core.verb:set package 'moveit_config' build argument 'cmake_target_skip_unavailable' from command line to 'False'
[0.304s] Level 5:colcon.colcon_core.verb:set package 'moveit_config' build argument 'cmake_clean_cache' from command line to 'False'
[0.304s] Level 5:colcon.colcon_core.verb:set package 'moveit_config' build argument 'cmake_clean_first' from command line to 'False'
[0.304s] Level 5:colcon.colcon_core.verb:set package 'moveit_config' build argument 'cmake_force_configure' from command line to 'False'
[0.304s] Level 5:colcon.colcon_core.verb:set package 'moveit_config' build argument 'ament_cmake_args' from command line to 'None'
[0.304s] Level 5:colcon.colcon_core.verb:set package 'moveit_config' build argument 'catkin_cmake_args' from command line to 'None'
[0.304s] Level 5:colcon.colcon_core.verb:set package 'moveit_config' build argument 'catkin_skip_building_tests' from command line to 'False'
[0.304s] DEBUG:colcon.colcon_core.verb:Building package 'moveit_config' with the following arguments: {'ament_cmake_args': None, 'build_base': '/home/darsh/UR3_ROS2_PICK_AND_PLACE/build/moveit_config', 'catkin_cmake_args': None, 'catkin_skip_building_tests': False, 'cmake_args': None, 'cmake_clean_cache': False, 'cmake_clean_first': False, 'cmake_force_configure': False, 'cmake_target': None, 'cmake_target_skip_unavailable': False, 'install_base': '/home/darsh/UR3_ROS2_PICK_AND_PLACE/install/moveit_config', 'merge_install': False, 'path': '/home/darsh/UR3_ROS2_PICK_AND_PLACE/moveit_config', 'symlink_install': False, 'test_result_base': None}
[0.304s] Level 5:colcon.colcon_core.verb:set package 'movit_config' build argument 'cmake_args' from command line to 'None'
[0.304s] Level 5:colcon.colcon_core.verb:set package 'movit_config' build argument 'cmake_target' from command line to 'None'
[0.304s] Level 5:colcon.colcon_core.verb:set package 'movit_config' build argument 'cmake_target_skip_unavailable' from command line to 'False'
[0.304s] Level 5:colcon.colcon_core.verb:set package 'movit_config' build argument 'cmake_clean_cache' from command line to 'False'
[0.304s] Level 5:colcon.colcon_core.verb:set package 'movit_config' build argument 'cmake_clean_first' from command line to 'False'
[0.304s] Level 5:colcon.colcon_core.verb:set package 'movit_config' build argument 'cmake_force_configure' from command line to 'False'
[0.304s] Level 5:colcon.colcon_core.verb:set package 'movit_config' build argument 'ament_cmake_args' from command line to 'None'
[0.304s] Level 5:colcon.colcon_core.verb:set package 'movit_config' build argument 'catkin_cmake_args' from command line to 'None'
[0.304s] Level 5:colcon.colcon_core.verb:set package 'movit_config' build argument 'catkin_skip_building_tests' from command line to 'False'
[0.305s] DEBUG:colcon.colcon_core.verb:Building package 'movit_config' with the following arguments: {'ament_cmake_args': None, 'build_base': '/home/darsh/UR3_ROS2_PICK_AND_PLACE/build/movit_config', 'catkin_cmake_args': None, 'catkin_skip_building_tests': False, 'cmake_args': None, 'cmake_clean_cache': False, 'cmake_clean_first': False, 'cmake_force_configure': False, 'cmake_target': None, 'cmake_target_skip_unavailable': False, 'install_base': '/home/darsh/UR3_ROS2_PICK_AND_PLACE/install/movit_config', 'merge_install': False, 'path': '/home/darsh/UR3_ROS2_PICK_AND_PLACE/movit_config', 'symlink_install': False, 'test_result_base': None}
[0.305s] INFO:colcon.colcon_core.executor:Executing jobs using 'parallel' executor
[0.306s] DEBUG:colcon.colcon_parallel_executor.executor.parallel:run_until_complete
[0.306s] INFO:colcon.colcon_ros.task.ament_cmake.build:Building ROS package in '/home/darsh/UR3_ROS2_PICK_AND_PLACE/ur_description' with build type 'ament_cmake'
[0.307s] INFO:colcon.colcon_cmake.task.cmake.build:Building CMake package in '/home/darsh/UR3_ROS2_PICK_AND_PLACE/ur_description'
[0.308s] INFO:colcon.colcon_core.plugin_system:Skipping extension 'colcon_core.shell.bat': Not used on non-Windows systems
[0.308s] INFO:colcon.colcon_core.shell:Skip shell extension 'powershell' for command environment: Not usable outside of PowerShell
[0.308s] DEBUG:colcon.colcon_core.shell:Skip shell extension 'dsv' for command environment
[0.312s] INFO:colcon.colcon_ros.task.ament_cmake.build:Building ROS package in '/home/darsh/UR3_ROS2_PICK_AND_PLACE/robotiq_2f_85_gripper_visualization' with build type 'ament_cmake'
[0.312s] INFO:colcon.colcon_cmake.task.cmake.build:Building CMake package in '/home/darsh/UR3_ROS2_PICK_AND_PLACE/robotiq_2f_85_gripper_visualization'
[0.313s] INFO:colcon.colcon_core.shell:Skip shell extension 'powershell' for command environment: Not usable outside of PowerShell
[0.313s] DEBUG:colcon.colcon_core.shell:Skip shell extension 'dsv' for command environment
[0.317s] INFO:colcon.colcon_ros.task.ament_cmake.build:Building ROS package in '/home/darsh/UR3_ROS2_PICK_AND_PLACE/ur_gazebo' with build type 'ament_cmake'
[0.317s] INFO:colcon.colcon_cmake.task.cmake.build:Building CMake package in '/home/darsh/UR3_ROS2_PICK_AND_PLACE/ur_gazebo'
[0.317s] INFO:colcon.colcon_core.shell:Skip shell extension 'powershell' for command environment: Not usable outside of PowerShell
[0.318s] DEBUG:colcon.colcon_core.shell:Skip shell extension 'dsv' for command environment
[0.321s] INFO:colcon.colcon_ros.task.ament_cmake.build:Building ROS package in '/home/darsh/UR3_ROS2_PICK_AND_PLACE/ur_interfaces' with build type 'ament_cmake'
[0.322s] INFO:colcon.colcon_cmake.task.cmake.build:Building CMake package in '/home/darsh/UR3_ROS2_PICK_AND_PLACE/ur_interfaces'
[0.322s] INFO:colcon.colcon_core.shell:Skip shell extension 'powershell' for command environment: Not usable outside of PowerShell
[0.322s] DEBUG:colcon.colcon_core.shell:Skip shell extension 'dsv' for command environment
[0.326s] INFO:colcon.colcon_ros.task.ament_cmake.build:Building ROS package in '/home/darsh/UR3_ROS2_PICK_AND_PLACE/ur_system_tests' with build type 'ament_cmake'
[0.326s] INFO:colcon.colcon_cmake.task.cmake.build:Building CMake package in '/home/darsh/UR3_ROS2_PICK_AND_PLACE/ur_system_tests'
[0.326s] INFO:colcon.colcon_core.shell:Skip shell extension 'powershell' for command environment: Not usable outside of PowerShell
[0.327s] DEBUG:colcon.colcon_core.shell:Skip shell extension 'dsv' for command environment
[0.337s] DEBUG:colcon.colcon_core.event_handler.log_command:Invoking command in '/home/darsh/UR3_ROS2_PICK_AND_PLACE/build/ur_description': CMAKE_PREFIX_PATH=${CMAKE_PREFIX_PATH}:/opt/ros/jazzy /usr/bin/cmake --build /home/darsh/UR3_ROS2_PICK_AND_PLACE/build/ur_description -- -j16 -l16
[0.340s] DEBUG:colcon.colcon_core.event_handler.log_command:Invoking command in '/home/darsh/UR3_ROS2_PICK_AND_PLACE/build/robotiq_2f_85_gripper_visualization': CMAKE_PREFIX_PATH=${CMAKE_PREFIX_PATH}:/opt/ros/jazzy /usr/bin/cmake --build /home/darsh/UR3_ROS2_PICK_AND_PLACE/build/robotiq_2f_85_gripper_visualization -- -j16 -l16
[0.343s] DEBUG:colcon.colcon_core.event_handler.log_command:Invoking command in '/home/darsh/UR3_ROS2_PICK_AND_PLACE/build/ur_gazebo': CMAKE_PREFIX_PATH=${CMAKE_PREFIX_PATH}:/opt/ros/jazzy /usr/bin/cmake --build /home/darsh/UR3_ROS2_PICK_AND_PLACE/build/ur_gazebo -- -j16 -l16
[0.351s] DEBUG:colcon.colcon_core.event_handler.log_command:Invoking command in '/home/darsh/UR3_ROS2_PICK_AND_PLACE/build/ur_interfaces': CMAKE_PREFIX_PATH=${CMAKE_PREFIX_PATH}:/opt/ros/jazzy /usr/bin/cmake --build /home/darsh/UR3_ROS2_PICK_AND_PLACE/build/ur_interfaces -- -j16 -l16
[0.356s] DEBUG:colcon.colcon_core.event_handler.log_command:Invoking command in '/home/darsh/UR3_ROS2_PICK_AND_PLACE/build/ur_system_tests': CMAKE_PREFIX_PATH=${CMAKE_PREFIX_PATH}:/opt/ros/jazzy /usr/bin/cmake --build /home/darsh/UR3_ROS2_PICK_AND_PLACE/build/ur_system_tests -- -j16 -l16
[0.377s] DEBUG:colcon.colcon_core.event_handler.log_command:Invoked command in '/home/darsh/UR3_ROS2_PICK_AND_PLACE/build/ur_description' returned '0': CMAKE_PREFIX_PATH=${CMAKE_PREFIX_PATH}:/opt/ros/jazzy /usr/bin/cmake --build /home/darsh/UR3_ROS2_PICK_AND_PLACE/build/ur_description -- -j16 -l16
[0.387s] DEBUG:colcon.colcon_core.event_handler.log_command:Invoking command in '/home/darsh/UR3_ROS2_PICK_AND_PLACE/build/ur_description': CMAKE_PREFIX_PATH=${CMAKE_PREFIX_PATH}:/opt/ros/jazzy /usr/bin/cmake --install /home/darsh/UR3_ROS2_PICK_AND_PLACE/build/ur_description
[0.391s] DEBUG:colcon.colcon_core.event_handler.log_command:Invoked command in '/home/darsh/UR3_ROS2_PICK_AND_PLACE/build/robotiq_2f_85_gripper_visualization' returned '0': CMAKE_PREFIX_PATH=${CMAKE_PREFIX_PATH}:/opt/ros/jazzy /usr/bin/cmake --build /home/darsh/UR3_ROS2_PICK_AND_PLACE/build/robotiq_2f_85_gripper_visualization -- -j16 -l16
[0.392s] DEBUG:colcon.colcon_core.event_handler.log_command:Invoking command in '/home/darsh/UR3_ROS2_PICK_AND_PLACE/build/robotiq_2f_85_gripper_visualization': CMAKE_PREFIX_PATH=${CMAKE_PREFIX_PATH}:/opt/ros/jazzy /usr/bin/cmake --install /home/darsh/UR3_ROS2_PICK_AND_PLACE/build/robotiq_2f_85_gripper_visualization
[0.393s] DEBUG:colcon.colcon_core.event_handler.log_command:Invoked command in '/home/darsh/UR3_ROS2_PICK_AND_PLACE/build/ur_gazebo' returned '0': CMAKE_PREFIX_PATH=${CMAKE_PREFIX_PATH}:/opt/ros/jazzy /usr/bin/cmake --build /home/darsh/UR3_ROS2_PICK_AND_PLACE/build/ur_gazebo -- -j16 -l16
[0.394s] DEBUG:colcon.colcon_core.event_handler.log_command:Invoking command in '/home/darsh/UR3_ROS2_PICK_AND_PLACE/build/ur_gazebo': CMAKE_PREFIX_PATH=${CMAKE_PREFIX_PATH}:/opt/ros/jazzy /usr/bin/cmake --install /home/darsh/UR3_ROS2_PICK_AND_PLACE/build/ur_gazebo
[0.397s] DEBUG:colcon.colcon_core.event_handler.log_command:Invoked command in '/home/darsh/UR3_ROS2_PICK_AND_PLACE/build/ur_interfaces' returned '0': CMAKE_PREFIX_PATH=${CMAKE_PREFIX_PATH}:/opt/ros/jazzy /usr/bin/cmake --build /home/darsh/UR3_ROS2_PICK_AND_PLACE/build/ur_interfaces -- -j16 -l16
[0.414s] Level 1:colcon.colcon_core.environment:create_environment_scripts_only(robotiq_2f_85_gripper_visualization)
[0.444s] Level 1:colcon.colcon_core.environment:checking '/home/darsh/UR3_ROS2_PICK_AND_PLACE/install/robotiq_2f_85_gripper_visualization' for CMake module files
[0.447s] Level 1:colcon.colcon_core.environment:checking '/home/darsh/UR3_ROS2_PICK_AND_PLACE/install/robotiq_2f_85_gripper_visualization' for CMake config files
[0.471s] Level 1:colcon.colcon_core.shell:create_environment_hook('robotiq_2f_85_gripper_visualization', 'cmake_prefix_path')
[0.471s] INFO:colcon.colcon_core.shell:Creating environment hook '/home/darsh/UR3_ROS2_PICK_AND_PLACE/install/robotiq_2f_85_gripper_visualization/share/robotiq_2f_85_gripper_visualization/hook/cmake_prefix_path.ps1'
[0.474s] INFO:colcon.colcon_core.shell:Creating environment descriptor '/home/darsh/UR3_ROS2_PICK_AND_PLACE/install/robotiq_2f_85_gripper_visualization/share/robotiq_2f_85_gripper_visualization/hook/cmake_prefix_path.dsv'
[0.477s] INFO:colcon.colcon_core.shell:Creating environment hook '/home/darsh/UR3_ROS2_PICK_AND_PLACE/install/robotiq_2f_85_gripper_visualization/share/robotiq_2f_85_gripper_visualization/hook/cmake_prefix_path.sh'
[0.479s] Level 1:colcon.colcon_core.environment:checking '/home/darsh/UR3_ROS2_PICK_AND_PLACE/install/robotiq_2f_85_gripper_visualization/bin'
[0.479s] Level 1:colcon.colcon_core.environment:checking '/home/darsh/UR3_ROS2_PICK_AND_PLACE/install/robotiq_2f_85_gripper_visualization/lib/pkgconfig/robotiq_2f_85_gripper_visualization.pc'
[0.479s] Level 1:colcon.colcon_core.environment:checking '/home/darsh/UR3_ROS2_PICK_AND_PLACE/install/robotiq_2f_85_gripper_visualization/lib/python3.12/site-packages'
[0.479s] Level 1:colcon.colcon_core.environment:checking '/home/darsh/UR3_ROS2_PICK_AND_PLACE/install/robotiq_2f_85_gripper_visualization/bin'
[0.480s] INFO:colcon.colcon_core.shell:Creating package script '/home/darsh/UR3_ROS2_PICK_AND_PLACE/install/robotiq_2f_85_gripper_visualization/share/robotiq_2f_85_gripper_visualization/package.ps1'
[0.484s] INFO:colcon.colcon_core.shell:Creating package descriptor '/home/darsh/UR3_ROS2_PICK_AND_PLACE/install/robotiq_2f_85_gripper_visualization/share/robotiq_2f_85_gripper_visualization/package.dsv'
[0.487s] INFO:colcon.colcon_core.shell:Creating package script '/home/darsh/UR3_ROS2_PICK_AND_PLACE/install/robotiq_2f_85_gripper_visualization/share/robotiq_2f_85_gripper_visualization/package.sh'
[0.489s] INFO:colcon.colcon_core.shell:Creating package script '/home/darsh/UR3_ROS2_PICK_AND_PLACE/install/robotiq_2f_85_gripper_visualization/share/robotiq_2f_85_gripper_visualization/package.bash'
[0.490s] INFO:colcon.colcon_core.shell:Creating package script '/home/darsh/UR3_ROS2_PICK_AND_PLACE/install/robotiq_2f_85_gripper_visualization/share/robotiq_2f_85_gripper_visualization/package.zsh'
[0.491s] Level 1:colcon.colcon_core.environment:create_file_with_runtime_dependencies(/home/darsh/UR3_ROS2_PICK_AND_PLACE/install/robotiq_2f_85_gripper_visualization/share/colcon-core/packages/robotiq_2f_85_gripper_visualization)
[0.492s] Level 1:colcon.colcon_core.environment:create_environment_scripts_only(robotiq_2f_85_gripper_visualization)
[0.492s] Level 1:colcon.colcon_core.environment:checking '/home/darsh/UR3_ROS2_PICK_AND_PLACE/install/robotiq_2f_85_gripper_visualization' for CMake module files
[0.495s] Level 1:colcon.colcon_core.environment:checking '/home/darsh/UR3_ROS2_PICK_AND_PLACE/install/robotiq_2f_85_gripper_visualization' for CMake config files
[0.509s] Level 1:colcon.colcon_core.shell:create_environment_hook('robotiq_2f_85_gripper_visualization', 'cmake_prefix_path')
[0.509s] INFO:colcon.colcon_core.shell:Creating environment hook '/home/darsh/UR3_ROS2_PICK_AND_PLACE/install/robotiq_2f_85_gripper_visualization/share/robotiq_2f_85_gripper_visualization/hook/cmake_prefix_path.ps1'
[0.513s] INFO:colcon.colcon_core.shell:Creating environment descriptor '/home/darsh/UR3_ROS2_PICK_AND_PLACE/install/robotiq_2f_85_gripper_visualization/share/robotiq_2f_85_gripper_visualization/hook/cmake_prefix_path.dsv'
[0.519s] INFO:colcon.colcon_core.shell:Creating environment hook '/home/darsh/UR3_ROS2_PICK_AND_PLACE/install/robotiq_2f_85_gripper_visualization/share/robotiq_2f_85_gripper_visualization/hook/cmake_prefix_path.sh'
[0.523s] Level 1:colcon.colcon_core.environment:checking '/home/darsh/UR3_ROS2_PICK_AND_PLACE/install/robotiq_2f_85_gripper_visualization/bin'
[0.526s] Level 1:colcon.colcon_core.environment:checking '/home/darsh/UR3_ROS2_PICK_AND_PLACE/install/robotiq_2f_85_gripper_visualization/lib/pkgconfig/robotiq_2f_85_gripper_visualization.pc'
[0.526s] Level 1:colcon.colcon_core.environment:checking '/home/darsh/UR3_ROS2_PICK_AND_PLACE/install/robotiq_2f_85_gripper_visualization/lib/python3.12/site-packages'
[0.526s] Level 1:colcon.colcon_core.environment:checking '/home/darsh/UR3_ROS2_PICK_AND_PLACE/install/robotiq_2f_85_gripper_visualization/bin'
[0.527s] INFO:colcon.colcon_core.shell:Creating package script '/home/darsh/UR3_ROS2_PICK_AND_PLACE/install/robotiq_2f_85_gripper_visualization/share/robotiq_2f_85_gripper_visualization/package.ps1'
[0.530s] INFO:colcon.colcon_core.shell:Creating package descriptor '/home/darsh/UR3_ROS2_PICK_AND_PLACE/install/robotiq_2f_85_gripper_visualization/share/robotiq_2f_85_gripper_visualization/package.dsv'
[0.532s] DEBUG:colcon.colcon_core.event_handler.log_command:Invoking command in '/home/darsh/UR3_ROS2_PICK_AND_PLACE/build/ur_interfaces': CMAKE_PREFIX_PATH=${CMAKE_PREFIX_PATH}:/opt/ros/jazzy /usr/bin/cmake --install /home/darsh/UR3_ROS2_PICK_AND_PLACE/build/ur_interfaces
[0.536s] INFO:colcon.colcon_core.shell:Creating package script '/home/darsh/UR3_ROS2_PICK_AND_PLACE/install/robotiq_2f_85_gripper_visualization/share/robotiq_2f_85_gripper_visualization/package.sh'
[0.539s] INFO:colcon.colcon_core.shell:Creating package script '/home/darsh/UR3_ROS2_PICK_AND_PLACE/install/robotiq_2f_85_gripper_visualization/share/robotiq_2f_85_gripper_visualization/package.bash'
[0.541s] INFO:colcon.colcon_core.shell:Creating package script '/home/darsh/UR3_ROS2_PICK_AND_PLACE/install/robotiq_2f_85_gripper_visualization/share/robotiq_2f_85_gripper_visualization/package.zsh'
[0.541s] Level 1:colcon.colcon_core.environment:create_file_with_runtime_dependencies(/home/darsh/UR3_ROS2_PICK_AND_PLACE/install/robotiq_2f_85_gripper_visualization/share/colcon-core/packages/robotiq_2f_85_gripper_visualization)
[0.549s] Level 1:colcon.colcon_core.environment:create_environment_scripts_only(ur_description)
[0.550s] Level 1:colcon.colcon_core.environment:checking '/home/darsh/UR3_ROS2_PICK_AND_PLACE/install/ur_description' for CMake module files
[0.555s] Level 1:colcon.colcon_core.environment:checking '/home/darsh/UR3_ROS2_PICK_AND_PLACE/install/ur_description' for CMake config files
[0.565s] DEBUG:colcon.colcon_core.event_handler.log_command:Invoked command in '/home/darsh/UR3_ROS2_PICK_AND_PLACE/build/robotiq_2f_85_gripper_visualization' returned '0': CMAKE_PREFIX_PATH=${CMAKE_PREFIX_PATH}:/opt/ros/jazzy /usr/bin/cmake --install /home/darsh/UR3_ROS2_PICK_AND_PLACE/build/robotiq_2f_85_gripper_visualization
[0.616s] Level 1:colcon.colcon_core.shell:create_environment_hook('ur_description', 'cmake_prefix_path')
[0.616s] INFO:colcon.colcon_core.shell:Creating environment hook '/home/darsh/UR3_ROS2_PICK_AND_PLACE/install/ur_description/share/ur_description/hook/cmake_prefix_path.ps1'
[0.618s] INFO:colcon.colcon_core.shell:Creating environment descriptor '/home/darsh/UR3_ROS2_PICK_AND_PLACE/install/ur_description/share/ur_description/hook/cmake_prefix_path.dsv'
[0.619s] INFO:colcon.colcon_core.shell:Creating environment hook '/home/darsh/UR3_ROS2_PICK_AND_PLACE/install/ur_description/share/ur_description/hook/cmake_prefix_path.sh'
[0.620s] Level 1:colcon.colcon_core.environment:checking '/home/darsh/UR3_ROS2_PICK_AND_PLACE/install/ur_description/bin'
[0.620s] Level 1:colcon.colcon_core.environment:checking '/home/darsh/UR3_ROS2_PICK_AND_PLACE/install/ur_description/lib/pkgconfig/ur_description.pc'
[0.621s] Level 1:colcon.colcon_core.environment:checking '/home/darsh/UR3_ROS2_PICK_AND_PLACE/install/ur_description/lib/python3.12/site-packages'
[0.621s] Level 1:colcon.colcon_core.environment:checking '/home/darsh/UR3_ROS2_PICK_AND_PLACE/install/ur_description/bin'
[0.623s] INFO:colcon.colcon_core.shell:Creating package script '/home/darsh/UR3_ROS2_PICK_AND_PLACE/install/ur_description/share/ur_description/package.ps1'
[0.626s] INFO:colcon.colcon_core.shell:Creating package descriptor '/home/darsh/UR3_ROS2_PICK_AND_PLACE/install/ur_description/share/ur_description/package.dsv'
[0.628s] INFO:colcon.colcon_core.shell:Creating package script '/home/darsh/UR3_ROS2_PICK_AND_PLACE/install/ur_description/share/ur_description/package.sh'
[0.630s] INFO:colcon.colcon_core.shell:Creating package script '/home/darsh/UR3_ROS2_PICK_AND_PLACE/install/ur_description/share/ur_description/package.bash'
[0.636s] INFO:colcon.colcon_core.shell:Creating package script '/home/darsh/UR3_ROS2_PICK_AND_PLACE/install/ur_description/share/ur_description/package.zsh'
[0.639s] Level 1:colcon.colcon_core.environment:create_file_with_runtime_dependencies(/home/darsh/UR3_ROS2_PICK_AND_PLACE/install/ur_description/share/colcon-core/packages/ur_description)
[0.648s] Level 1:colcon.colcon_core.environment:create_environment_scripts_only(ur_description)
[0.649s] Level 1:colcon.colcon_core.environment:checking '/home/darsh/UR3_ROS2_PICK_AND_PLACE/install/ur_description' for CMake module files
[0.651s] Level 1:colcon.colcon_core.environment:checking '/home/darsh/UR3_ROS2_PICK_AND_PLACE/install/ur_description' for CMake config files
[0.724s] DEBUG:colcon.colcon_core.event_handler.log_command:Invoked command in '/home/darsh/UR3_ROS2_PICK_AND_PLACE/build/ur_description' returned '0': CMAKE_PREFIX_PATH=${CMAKE_PREFIX_PATH}:/opt/ros/jazzy /usr/bin/cmake --install /home/darsh/UR3_ROS2_PICK_AND_PLACE/build/ur_description
[0.724s] Level 1:colcon.colcon_core.shell:create_environment_hook('ur_description', 'cmake_prefix_path')
[0.724s] INFO:colcon.colcon_core.shell:Creating environment hook '/home/darsh/UR3_ROS2_PICK_AND_PLACE/install/ur_description/share/ur_description/hook/cmake_prefix_path.ps1'
[0.725s] INFO:colcon.colcon_core.shell:Creating environment descriptor '/home/darsh/UR3_ROS2_PICK_AND_PLACE/install/ur_description/share/ur_description/hook/cmake_prefix_path.dsv'
[0.725s] INFO:colcon.colcon_core.shell:Creating environment hook '/home/darsh/UR3_ROS2_PICK_AND_PLACE/install/ur_description/share/ur_description/hook/cmake_prefix_path.sh'
[0.726s] Level 1:colcon.colcon_core.environment:checking '/home/darsh/UR3_ROS2_PICK_AND_PLACE/install/ur_description/bin'
[0.726s] Level 1:colcon.colcon_core.environment:checking '/home/darsh/UR3_ROS2_PICK_AND_PLACE/install/ur_description/lib/pkgconfig/ur_description.pc'
[0.726s] Level 1:colcon.colcon_core.environment:checking '/home/darsh/UR3_ROS2_PICK_AND_PLACE/install/ur_description/lib/python3.12/site-packages'
[0.726s] Level 1:colcon.colcon_core.environment:checking '/home/darsh/UR3_ROS2_PICK_AND_PLACE/install/ur_description/bin'
[0.727s] INFO:colcon.colcon_core.shell:Creating package script '/home/darsh/UR3_ROS2_PICK_AND_PLACE/install/ur_description/share/ur_description/package.ps1'
[0.727s] INFO:colcon.colcon_core.shell:Creating package descriptor '/home/darsh/UR3_ROS2_PICK_AND_PLACE/install/ur_description/share/ur_description/package.dsv'
[0.728s] INFO:colcon.colcon_core.shell:Creating package script '/home/darsh/UR3_ROS2_PICK_AND_PLACE/install/ur_description/share/ur_description/package.sh'
[0.728s] INFO:colcon.colcon_core.shell:Creating package script '/home/darsh/UR3_ROS2_PICK_AND_PLACE/install/ur_description/share/ur_description/package.bash'
[0.729s] INFO:colcon.colcon_core.shell:Creating package script '/home/darsh/UR3_ROS2_PICK_AND_PLACE/install/ur_description/share/ur_description/package.zsh'
[0.729s] Level 1:colcon.colcon_core.environment:create_file_with_runtime_dependencies(/home/darsh/UR3_ROS2_PICK_AND_PLACE/install/ur_description/share/colcon-core/packages/ur_description)
[0.731s] INFO:colcon.colcon_ros.task.ament_cmake.build:Building ROS package in '/home/darsh/UR3_ROS2_PICK_AND_PLACE/moveit_config' with build type 'ament_cmake'
[0.731s] INFO:colcon.colcon_cmake.task.cmake.build:Building CMake package in '/home/darsh/UR3_ROS2_PICK_AND_PLACE/moveit_config'
[0.731s] INFO:colcon.colcon_core.shell:Skip shell extension 'powershell' for command environment: Not usable outside of PowerShell
[0.731s] DEBUG:colcon.colcon_core.shell:Skip shell extension 'dsv' for command environment
[0.736s] INFO:colcon.colcon_ros.task.ament_cmake.build:Building ROS package in '/home/darsh/UR3_ROS2_PICK_AND_PLACE/movit_config' with build type 'ament_cmake'
[0.736s] INFO:colcon.colcon_cmake.task.cmake.build:Building CMake package in '/home/darsh/UR3_ROS2_PICK_AND_PLACE/movit_config'
[0.736s] INFO:colcon.colcon_core.shell:Skip shell extension 'powershell' for command environment: Not usable outside of PowerShell
[0.736s] DEBUG:colcon.colcon_core.shell:Skip shell extension 'dsv' for command environment
[0.743s] Level 1:colcon.colcon_core.environment:create_environment_scripts_only(ur_interfaces)
[0.743s] Level 1:colcon.colcon_core.environment:checking '/home/darsh/UR3_ROS2_PICK_AND_PLACE/install/ur_interfaces' for CMake module files
[0.744s] DEBUG:colcon.colcon_core.event_handler.log_command:Invoked command in '/home/darsh/UR3_ROS2_PICK_AND_PLACE/build/ur_interfaces' returned '0': CMAKE_PREFIX_PATH=${CMAKE_PREFIX_PATH}:/opt/ros/jazzy /usr/bin/cmake --install /home/darsh/UR3_ROS2_PICK_AND_PLACE/build/ur_interfaces
[0.745s] Level 1:colcon.colcon_core.environment:checking '/home/darsh/UR3_ROS2_PICK_AND_PLACE/install/ur_interfaces' for CMake config files
[0.745s] Level 1:colcon.colcon_core.shell:create_environment_hook('ur_interfaces', 'cmake_prefix_path')
[0.745s] INFO:colcon.colcon_core.shell:Creating environment hook '/home/darsh/UR3_ROS2_PICK_AND_PLACE/install/ur_interfaces/share/ur_interfaces/hook/cmake_prefix_path.ps1'
[0.746s] INFO:colcon.colcon_core.shell:Creating environment descriptor '/home/darsh/UR3_ROS2_PICK_AND_PLACE/install/ur_interfaces/share/ur_interfaces/hook/cmake_prefix_path.dsv'
[0.746s] INFO:colcon.colcon_core.shell:Creating environment hook '/home/darsh/UR3_ROS2_PICK_AND_PLACE/install/ur_interfaces/share/ur_interfaces/hook/cmake_prefix_path.sh'
[0.747s] Level 1:colcon.colcon_core.environment:checking '/home/darsh/UR3_ROS2_PICK_AND_PLACE/install/ur_interfaces/bin'
[0.747s] Level 1:colcon.colcon_core.environment:checking '/home/darsh/UR3_ROS2_PICK_AND_PLACE/install/ur_interfaces/lib/pkgconfig/ur_interfaces.pc'
[0.747s] Level 1:colcon.colcon_core.environment:checking '/home/darsh/UR3_ROS2_PICK_AND_PLACE/install/ur_interfaces/lib/python3.12/site-packages'
[0.747s] Level 1:colcon.colcon_core.environment:checking '/home/darsh/UR3_ROS2_PICK_AND_PLACE/install/ur_interfaces/bin'
[0.748s] INFO:colcon.colcon_core.shell:Creating package script '/home/darsh/UR3_ROS2_PICK_AND_PLACE/install/ur_interfaces/share/ur_interfaces/package.ps1'
[0.748s] INFO:colcon.colcon_core.shell:Creating package descriptor '/home/darsh/UR3_ROS2_PICK_AND_PLACE/install/ur_interfaces/share/ur_interfaces/package.dsv'
[0.749s] INFO:colcon.colcon_core.shell:Creating package script '/home/darsh/UR3_ROS2_PICK_AND_PLACE/install/ur_interfaces/share/ur_interfaces/package.sh'
[0.749s] INFO:colcon.colcon_core.shell:Creating package script '/home/darsh/UR3_ROS2_PICK_AND_PLACE/install/ur_interfaces/share/ur_interfaces/package.bash'
[0.750s] INFO:colcon.colcon_core.shell:Creating package script '/home/darsh/UR3_ROS2_PICK_AND_PLACE/install/ur_interfaces/share/ur_interfaces/package.zsh'
[0.750s] Level 1:colcon.colcon_core.environment:create_file_with_runtime_dependencies(/home/darsh/UR3_ROS2_PICK_AND_PLACE/install/ur_interfaces/share/colcon-core/packages/ur_interfaces)
[0.751s] Level 1:colcon.colcon_core.environment:create_environment_scripts_only(ur_interfaces)
[0.751s] Level 1:colcon.colcon_core.environment:checking '/home/darsh/UR3_ROS2_PICK_AND_PLACE/install/ur_interfaces' for CMake module files
[0.752s] Level 1:colcon.colcon_core.environment:checking '/home/darsh/UR3_ROS2_PICK_AND_PLACE/install/ur_interfaces' for CMake config files
[0.752s] Level 1:colcon.colcon_core.shell:create_environment_hook('ur_interfaces', 'cmake_prefix_path')
[0.752s] INFO:colcon.colcon_core.shell:Creating environment hook '/home/darsh/UR3_ROS2_PICK_AND_PLACE/install/ur_interfaces/share/ur_interfaces/hook/cmake_prefix_path.ps1'
[0.753s] INFO:colcon.colcon_core.shell:Creating environment descriptor '/home/darsh/UR3_ROS2_PICK_AND_PLACE/install/ur_interfaces/share/ur_interfaces/hook/cmake_prefix_path.dsv'
[0.753s] INFO:colcon.colcon_core.shell:Creating environment hook '/home/darsh/UR3_ROS2_PICK_AND_PLACE/install/ur_interfaces/share/ur_interfaces/hook/cmake_prefix_path.sh'
[0.754s] Level 1:colcon.colcon_core.environment:checking '/home/darsh/UR3_ROS2_PICK_AND_PLACE/install/ur_interfaces/bin'
[0.754s] Level 1:colcon.colcon_core.environment:checking '/home/darsh/UR3_ROS2_PICK_AND_PLACE/install/ur_interfaces/lib/pkgconfig/ur_interfaces.pc'
[0.755s] Level 1:colcon.colcon_core.environment:checking '/home/darsh/UR3_ROS2_PICK_AND_PLACE/install/ur_interfaces/lib/python3.12/site-packages'
[0.755s] Level 1:colcon.colcon_core.environment:checking '/home/darsh/UR3_ROS2_PICK_AND_PLACE/install/ur_interfaces/bin'
[0.755s] INFO:colcon.colcon_core.shell:Creating package script '/home/darsh/UR3_ROS2_PICK_AND_PLACE/install/ur_interfaces/share/ur_interfaces/package.ps1'
[0.756s] INFO:colcon.colcon_core.shell:Creating package descriptor '/home/darsh/UR3_ROS2_PICK_AND_PLACE/install/ur_interfaces/share/ur_interfaces/package.dsv'
[0.756s] INFO:colcon.colcon_core.shell:Creating package script '/home/darsh/UR3_ROS2_PICK_AND_PLACE/install/ur_interfaces/share/ur_interfaces/package.sh'
[0.757s] INFO:colcon.colcon_core.shell:Creating package script '/home/darsh/UR3_ROS2_PICK_AND_PLACE/install/ur_interfaces/share/ur_interfaces/package.bash'
[0.757s] INFO:colcon.colcon_core.shell:Creating package script '/home/darsh/UR3_ROS2_PICK_AND_PLACE/install/ur_interfaces/share/ur_interfaces/package.zsh'
[0.758s] Level 1:colcon.colcon_core.environment:create_file_with_runtime_dependencies(/home/darsh/UR3_ROS2_PICK_AND_PLACE/install/ur_interfaces/share/colcon-core/packages/ur_interfaces)
[0.761s] DEBUG:colcon.colcon_core.event_handler.log_command:Invoked command in '/home/darsh/UR3_ROS2_PICK_AND_PLACE/build/ur_system_tests' returned '0': CMAKE_PREFIX_PATH=${CMAKE_PREFIX_PATH}:/opt/ros/jazzy /usr/bin/cmake --build /home/darsh/UR3_ROS2_PICK_AND_PLACE/build/ur_system_tests -- -j16 -l16
[0.761s] Level 1:colcon.colcon_core.environment:create_environment_scripts_only(ur_gazebo)
[0.762s] Level 1:colcon.colcon_core.environment:checking '/home/darsh/UR3_ROS2_PICK_AND_PLACE/install/ur_gazebo' for CMake module files
[0.763s] DEBUG:colcon.colcon_core.event_handler.log_command:Invoking command in '/home/darsh/UR3_ROS2_PICK_AND_PLACE/build/ur_system_tests': CMAKE_PREFIX_PATH=${CMAKE_PREFIX_PATH}:/opt/ros/jazzy /usr/bin/cmake --install /home/darsh/UR3_ROS2_PICK_AND_PLACE/build/ur_system_tests
[0.764s] DEBUG:colcon.colcon_core.event_handler.log_command:Invoked command in '/home/darsh/UR3_ROS2_PICK_AND_PLACE/build/ur_gazebo' returned '0': CMAKE_PREFIX_PATH=${CMAKE_PREFIX_PATH}:/opt/ros/jazzy /usr/bin/cmake --install /home/darsh/UR3_ROS2_PICK_AND_PLACE/build/ur_gazebo
[0.765s] Level 1:colcon.colcon_core.environment:checking '/home/darsh/UR3_ROS2_PICK_AND_PLACE/install/ur_gazebo' for CMake config files
[0.765s] Level 1:colcon.colcon_core.shell:create_environment_hook('ur_gazebo', 'cmake_prefix_path')
[0.765s] INFO:colcon.colcon_core.shell:Creating environment hook '/home/darsh/UR3_ROS2_PICK_AND_PLACE/install/ur_gazebo/share/ur_gazebo/hook/cmake_prefix_path.ps1'
[0.766s] INFO:colcon.colcon_core.shell:Creating environment descriptor '/home/darsh/UR3_ROS2_PICK_AND_PLACE/install/ur_gazebo/share/ur_gazebo/hook/cmake_prefix_path.dsv'
[0.767s] INFO:colcon.colcon_core.shell:Creating environment hook '/home/darsh/UR3_ROS2_PICK_AND_PLACE/install/ur_gazebo/share/ur_gazebo/hook/cmake_prefix_path.sh'
[0.768s] Level 1:colcon.colcon_core.environment:checking '/home/darsh/UR3_ROS2_PICK_AND_PLACE/install/ur_gazebo/bin'
[0.768s] Level 1:colcon.colcon_core.environment:checking '/home/darsh/UR3_ROS2_PICK_AND_PLACE/install/ur_gazebo/lib/pkgconfig/ur_gazebo.pc'
[0.768s] Level 1:colcon.colcon_core.environment:checking '/home/darsh/UR3_ROS2_PICK_AND_PLACE/install/ur_gazebo/lib/python3.12/site-packages'
[0.769s] Level 1:colcon.colcon_core.environment:checking '/home/darsh/UR3_ROS2_PICK_AND_PLACE/install/ur_gazebo/bin'
[0.769s] INFO:colcon.colcon_core.shell:Creating package script '/home/darsh/UR3_ROS2_PICK_AND_PLACE/install/ur_gazebo/share/ur_gazebo/package.ps1'
[0.770s] INFO:colcon.colcon_core.shell:Creating package descriptor '/home/darsh/UR3_ROS2_PICK_AND_PLACE/install/ur_gazebo/share/ur_gazebo/package.dsv'
[0.770s] INFO:colcon.colcon_core.shell:Creating package script '/home/darsh/UR3_ROS2_PICK_AND_PLACE/install/ur_gazebo/share/ur_gazebo/package.sh'
[0.771s] INFO:colcon.colcon_core.shell:Creating package script '/home/darsh/UR3_ROS2_PICK_AND_PLACE/install/ur_gazebo/share/ur_gazebo/package.bash'
[0.772s] INFO:colcon.colcon_core.shell:Creating package script '/home/darsh/UR3_ROS2_PICK_AND_PLACE/install/ur_gazebo/share/ur_gazebo/package.zsh'
[0.772s] Level 1:colcon.colcon_core.environment:create_file_with_runtime_dependencies(/home/darsh/UR3_ROS2_PICK_AND_PLACE/install/ur_gazebo/share/colcon-core/packages/ur_gazebo)
[0.773s] Level 1:colcon.colcon_core.environment:create_environment_scripts_only(ur_gazebo)
[0.773s] Level 1:colcon.colcon_core.environment:checking '/home/darsh/UR3_ROS2_PICK_AND_PLACE/install/ur_gazebo' for CMake module files
[0.773s] Level 1:colcon.colcon_core.environment:checking '/home/darsh/UR3_ROS2_PICK_AND_PLACE/install/ur_gazebo' for CMake config files
[0.774s] Level 1:colcon.colcon_core.shell:create_environment_hook('ur_gazebo', 'cmake_prefix_path')
[0.774s] INFO:colcon.colcon_core.shell:Creating environment hook '/home/darsh/UR3_ROS2_PICK_AND_PLACE/install/ur_gazebo/share/ur_gazebo/hook/cmake_prefix_path.ps1'
[0.775s] INFO:colcon.colcon_core.shell:Creating environment descriptor '/home/darsh/UR3_ROS2_PICK_AND_PLACE/install/ur_gazebo/share/ur_gazebo/hook/cmake_prefix_path.dsv'
[0.775s] INFO:colcon.colcon_core.shell:Creating environment hook '/home/darsh/UR3_ROS2_PICK_AND_PLACE/install/ur_gazebo/share/ur_gazebo/hook/cmake_prefix_path.sh'
[0.776s] Level 1:colcon.colcon_core.environment:checking '/home/darsh/UR3_ROS2_PICK_AND_PLACE/install/ur_gazebo/bin'
[0.776s] Level 1:colcon.colcon_core.environment:checking '/home/darsh/UR3_ROS2_PICK_AND_PLACE/install/ur_gazebo/lib/pkgconfig/ur_gazebo.pc'
[0.776s] Level 1:colcon.colcon_core.environment:checking '/home/darsh/UR3_ROS2_PICK_AND_PLACE/install/ur_gazebo/lib/python3.12/site-packages'
[0.776s] Level 1:colcon.colcon_core.environment:checking '/home/darsh/UR3_ROS2_PICK_AND_PLACE/install/ur_gazebo/bin'
[0.777s] INFO:colcon.colcon_core.shell:Creating package script '/home/darsh/UR3_ROS2_PICK_AND_PLACE/install/ur_gazebo/share/ur_gazebo/package.ps1'
[0.777s] INFO:colcon.colcon_core.shell:Creating package descriptor '/home/darsh/UR3_ROS2_PICK_AND_PLACE/install/ur_gazebo/share/ur_gazebo/package.dsv'
[0.778s] INFO:colcon.colcon_core.shell:Creating package script '/home/darsh/UR3_ROS2_PICK_AND_PLACE/install/ur_gazebo/share/ur_gazebo/package.sh'
[0.778s] INFO:colcon.colcon_core.shell:Creating package script '/home/darsh/UR3_ROS2_PICK_AND_PLACE/install/ur_gazebo/share/ur_gazebo/package.bash'
[0.779s] INFO:colcon.colcon_core.shell:Creating package script '/home/darsh/UR3_ROS2_PICK_AND_PLACE/install/ur_gazebo/share/ur_gazebo/package.zsh'
[0.780s] Level 1:colcon.colcon_core.environment:create_file_with_runtime_dependencies(/home/darsh/UR3_ROS2_PICK_AND_PLACE/install/ur_gazebo/share/colcon-core/packages/ur_gazebo)
[0.804s] Level 1:colcon.colcon_core.environment:create_environment_scripts_only(ur_system_tests)
[0.804s] Level 1:colcon.colcon_core.environment:checking '/home/darsh/UR3_ROS2_PICK_AND_PLACE/install/ur_system_tests' for CMake module files
[0.807s] DEBUG:colcon.colcon_core.event_handler.log_command:Invoking command in '/home/darsh/UR3_ROS2_PICK_AND_PLACE/build/moveit_config': CMAKE_PREFIX_PATH=/home/darsh/UR3_ROS2_PICK_AND_PLACE/install/ur_description:/home/darsh/UR3_ROS2_PICK_AND_PLACE/install/ur_system_tests:/home/darsh/UR3_ROS2_PICK_AND_PLACE/install/ur_interfaces:/home/darsh/UR3_ROS2_PICK_AND_PLACE/install/ur_gazebo:/home/darsh/UR3_ROS2_PICK_AND_PLACE/install/movit_config:/home/darsh/UR3_ROS2_PICK_AND_PLACE/install/moveit_config:/home/darsh/UR3_ROS2_PICK_AND_PLACE/install/robotiq_2f_85_gripper_visualization:/opt/ros/jazzy/opt/gz_sim_vendor:/opt/ros/jazzy/opt/gz_sensors_vendor:/opt/ros/jazzy/opt/gz_physics_vendor:/opt/ros/jazzy/opt/sdformat_vendor:/opt/ros/jazzy/opt/gz_gui_vendor:/opt/ros/jazzy/opt/gz_transport_vendor:/opt/ros/jazzy/opt/gz_rendering_vendor:/opt/ros/jazzy/opt/gz_plugin_vendor:/opt/ros/jazzy/opt/gz_fuel_tools_vendor:/opt/ros/jazzy/opt/gz_msgs_vendor:/opt/ros/jazzy/opt/gz_common_vendor:/opt/ros/jazzy/opt/gz_math_vendor:/opt/ros/jazzy/opt/gz_utils_vendor:/opt/ros/jazzy/opt/gz_tools_vendor:/opt/ros/jazzy/opt/gz_ogre_next_vendor:/opt/ros/jazzy/opt/gz_dartsim_vendor:/opt/ros/jazzy/opt/gz_cmake_vendor:/opt/ros/jazzy /usr/bin/cmake --build /home/darsh/UR3_ROS2_PICK_AND_PLACE/build/moveit_config -- -j16 -l16
[0.808s] Level 1:colcon.colcon_core.environment:checking '/home/darsh/UR3_ROS2_PICK_AND_PLACE/install/ur_system_tests' for CMake config files
[0.810s] DEBUG:colcon.colcon_core.event_handler.log_command:Invoking command in '/home/darsh/UR3_ROS2_PICK_AND_PLACE/build/movit_config': CMAKE_PREFIX_PATH=/home/darsh/UR3_ROS2_PICK_AND_PLACE/install/ur_description:/home/darsh/UR3_ROS2_PICK_AND_PLACE/install/ur_system_tests:/home/darsh/UR3_ROS2_PICK_AND_PLACE/install/ur_interfaces:/home/darsh/UR3_ROS2_PICK_AND_PLACE/install/ur_gazebo:/home/darsh/UR3_ROS2_PICK_AND_PLACE/install/movit_config:/home/darsh/UR3_ROS2_PICK_AND_PLACE/install/moveit_config:/home/darsh/UR3_ROS2_PICK_AND_PLACE/install/robotiq_2f_85_gripper_visualization:/opt/ros/jazzy/opt/gz_sim_vendor:/opt/ros/jazzy/opt/gz_sensors_vendor:/opt/ros/jazzy/opt/gz_physics_vendor:/opt/ros/jazzy/opt/sdformat_vendor:/opt/ros/jazzy/opt/gz_gui_vendor:/opt/ros/jazzy/opt/gz_transport_vendor:/opt/ros/jazzy/opt/gz_rendering_vendor:/opt/ros/jazzy/opt/gz_plugin_vendor:/opt/ros/jazzy/opt/gz_fuel_tools_vendor:/opt/ros/jazzy/opt/gz_msgs_vendor:/opt/ros/jazzy/opt/gz_common_vendor:/opt/ros/jazzy/opt/gz_math_vendor:/opt/ros/jazzy/opt/gz_utils_vendor:/opt/ros/jazzy/opt/gz_tools_vendor:/opt/ros/jazzy/opt/gz_ogre_next_vendor:/opt/ros/jazzy/opt/gz_dartsim_vendor:/opt/ros/jazzy/opt/gz_cmake_vendor:/opt/ros/jazzy /usr/bin/cmake --build /home/darsh/UR3_ROS2_PICK_AND_PLACE/build/movit_config -- -j16 -l16
[0.810s] DEBUG:colcon.colcon_core.event_handler.log_command:Invoked command in '/home/darsh/UR3_ROS2_PICK_AND_PLACE/build/ur_system_tests' returned '0': CMAKE_PREFIX_PATH=${CMAKE_PREFIX_PATH}:/opt/ros/jazzy /usr/bin/cmake --install /home/darsh/UR3_ROS2_PICK_AND_PLACE/build/ur_system_tests
[0.811s] Level 1:colcon.colcon_core.shell:create_environment_hook('ur_system_tests', 'cmake_prefix_path')
[0.811s] INFO:colcon.colcon_core.shell:Creating environment hook '/home/darsh/UR3_ROS2_PICK_AND_PLACE/install/ur_system_tests/share/ur_system_tests/hook/cmake_prefix_path.ps1'
[0.811s] INFO:colcon.colcon_core.shell:Creating environment descriptor '/home/darsh/UR3_ROS2_PICK_AND_PLACE/install/ur_system_tests/share/ur_system_tests/hook/cmake_prefix_path.dsv'
[0.812s] INFO:colcon.colcon_core.shell:Creating environment hook '/home/darsh/UR3_ROS2_PICK_AND_PLACE/install/ur_system_tests/share/ur_system_tests/hook/cmake_prefix_path.sh'
[0.812s] Level 1:colcon.colcon_core.environment:checking '/home/darsh/UR3_ROS2_PICK_AND_PLACE/install/ur_system_tests/lib'
[0.813s] Level 1:colcon.colcon_core.environment:checking '/home/darsh/UR3_ROS2_PICK_AND_PLACE/install/ur_system_tests/bin'
[0.813s] Level 1:colcon.colcon_core.environment:checking '/home/darsh/UR3_ROS2_PICK_AND_PLACE/install/ur_system_tests/lib/pkgconfig/ur_system_tests.pc'
[0.813s] Level 1:colcon.colcon_core.environment:checking '/home/darsh/UR3_ROS2_PICK_AND_PLACE/install/ur_system_tests/lib/python3.12/site-packages'
[0.813s] Level 1:colcon.colcon_core.environment:checking '/home/darsh/UR3_ROS2_PICK_AND_PLACE/install/ur_system_tests/bin'
[0.814s] INFO:colcon.colcon_core.shell:Creating package script '/home/darsh/UR3_ROS2_PICK_AND_PLACE/install/ur_system_tests/share/ur_system_tests/package.ps1'
[0.815s] INFO:colcon.colcon_core.shell:Creating package descriptor '/home/darsh/UR3_ROS2_PICK_AND_PLACE/install/ur_system_tests/share/ur_system_tests/package.dsv'
[0.815s] INFO:colcon.colcon_core.shell:Creating package script '/home/darsh/UR3_ROS2_PICK_AND_PLACE/install/ur_system_tests/share/ur_system_tests/package.sh'
[0.816s] INFO:colcon.colcon_core.shell:Creating package script '/home/darsh/UR3_ROS2_PICK_AND_PLACE/install/ur_system_tests/share/ur_system_tests/package.bash'
[0.816s] INFO:colcon.colcon_core.shell:Creating package script '/home/darsh/UR3_ROS2_PICK_AND_PLACE/install/ur_system_tests/share/ur_system_tests/package.zsh'
[0.817s] Level 1:colcon.colcon_core.environment:create_file_with_runtime_dependencies(/home/darsh/UR3_ROS2_PICK_AND_PLACE/install/ur_system_tests/share/colcon-core/packages/ur_system_tests)
[0.817s] Level 1:colcon.colcon_core.environment:create_environment_scripts_only(ur_system_tests)
[0.817s] Level 1:colcon.colcon_core.environment:checking '/home/darsh/UR3_ROS2_PICK_AND_PLACE/install/ur_system_tests' for CMake module files
[0.818s] Level 1:colcon.colcon_core.environment:checking '/home/darsh/UR3_ROS2_PICK_AND_PLACE/install/ur_system_tests' for CMake config files
[0.818s] Level 1:colcon.colcon_core.shell:create_environment_hook('ur_system_tests', 'cmake_prefix_path')
[0.819s] INFO:colcon.colcon_core.shell:Creating environment hook '/home/darsh/UR3_ROS2_PICK_AND_PLACE/install/ur_system_tests/share/ur_system_tests/hook/cmake_prefix_path.ps1'
[0.819s] INFO:colcon.colcon_core.shell:Creating environment descriptor '/home/darsh/UR3_ROS2_PICK_AND_PLACE/install/ur_system_tests/share/ur_system_tests/hook/cmake_prefix_path.dsv'
[0.820s] INFO:colcon.colcon_core.shell:Creating environment hook '/home/darsh/UR3_ROS2_PICK_AND_PLACE/install/ur_system_tests/share/ur_system_tests/hook/cmake_prefix_path.sh'
[0.820s] Level 1:colcon.colcon_core.environment:checking '/home/darsh/UR3_ROS2_PICK_AND_PLACE/install/ur_system_tests/lib'
[0.821s] Level 1:colcon.colcon_core.environment:checking '/home/darsh/UR3_ROS2_PICK_AND_PLACE/install/ur_system_tests/bin'
[0.821s] Level 1:colcon.colcon_core.environment:checking '/home/darsh/UR3_ROS2_PICK_AND_PLACE/install/ur_system_tests/lib/pkgconfig/ur_system_tests.pc'
[0.821s] Level 1:colcon.colcon_core.environment:checking '/home/darsh/UR3_ROS2_PICK_AND_PLACE/install/ur_system_tests/lib/python3.12/site-packages'
[0.821s] Level 1:colcon.colcon_core.environment:checking '/home/darsh/UR3_ROS2_PICK_AND_PLACE/install/ur_system_tests/bin'
[0.822s] INFO:colcon.colcon_core.shell:Creating package script '/home/darsh/UR3_ROS2_PICK_AND_PLACE/install/ur_system_tests/share/ur_system_tests/package.ps1'
[0.822s] INFO:colcon.colcon_core.shell:Creating package descriptor '/home/darsh/UR3_ROS2_PICK_AND_PLACE/install/ur_system_tests/share/ur_system_tests/package.dsv'
[0.823s] INFO:colcon.colcon_core.shell:Creating package script '/home/darsh/UR3_ROS2_PICK_AND_PLACE/install/ur_system_tests/share/ur_system_tests/package.sh'
[0.823s] INFO:colcon.colcon_core.shell:Creating package script '/home/darsh/UR3_ROS2_PICK_AND_PLACE/install/ur_system_tests/share/ur_system_tests/package.bash'
[0.824s] INFO:colcon.colcon_core.shell:Creating package script '/home/darsh/UR3_ROS2_PICK_AND_PLACE/install/ur_system_tests/share/ur_system_tests/package.zsh'
[0.824s] Level 1:colcon.colcon_core.environment:create_file_with_runtime_dependencies(/home/darsh/UR3_ROS2_PICK_AND_PLACE/install/ur_system_tests/share/colcon-core/packages/ur_system_tests)
[0.834s] DEBUG:colcon.colcon_core.event_handler.log_command:Invoked command in '/home/darsh/UR3_ROS2_PICK_AND_PLACE/build/moveit_config' returned '0': CMAKE_PREFIX_PATH=/home/darsh/UR3_ROS2_PICK_AND_PLACE/install/ur_description:/home/darsh/UR3_ROS2_PICK_AND_PLACE/install/ur_system_tests:/home/darsh/UR3_ROS2_PICK_AND_PLACE/install/ur_interfaces:/home/darsh/UR3_ROS2_PICK_AND_PLACE/install/ur_gazebo:/home/darsh/UR3_ROS2_PICK_AND_PLACE/install/movit_config:/home/darsh/UR3_ROS2_PICK_AND_PLACE/install/moveit_config:/home/darsh/UR3_ROS2_PICK_AND_PLACE/install/robotiq_2f_85_gripper_visualization:/opt/ros/jazzy/opt/gz_sim_vendor:/opt/ros/jazzy/opt/gz_sensors_vendor:/opt/ros/jazzy/opt/gz_physics_vendor:/opt/ros/jazzy/opt/sdformat_vendor:/opt/ros/jazzy/opt/gz_gui_vendor:/opt/ros/jazzy/opt/gz_transport_vendor:/opt/ros/jazzy/opt/gz_rendering_vendor:/opt/ros/jazzy/opt/gz_plugin_vendor:/opt/ros/jazzy/opt/gz_fuel_tools_vendor:/opt/ros/jazzy/opt/gz_msgs_vendor:/opt/ros/jazzy/opt/gz_common_vendor:/opt/ros/jazzy/opt/gz_math_vendor:/opt/ros/jazzy/opt/gz_utils_vendor:/opt/ros/jazzy/opt/gz_tools_vendor:/opt/ros/jazzy/opt/gz_ogre_next_vendor:/opt/ros/jazzy/opt/gz_dartsim_vendor:/opt/ros/jazzy/opt/gz_cmake_vendor:/opt/ros/jazzy /usr/bin/cmake --build /home/darsh/UR3_ROS2_PICK_AND_PLACE/build/moveit_config -- -j16 -l16
[0.835s] DEBUG:colcon.colcon_core.event_handler.log_command:Invoking command in '/home/darsh/UR3_ROS2_PICK_AND_PLACE/build/moveit_config': CMAKE_PREFIX_PATH=/home/darsh/UR3_ROS2_PICK_AND_PLACE/install/ur_description:/home/darsh/UR3_ROS2_PICK_AND_PLACE/install/ur_system_tests:/home/darsh/UR3_ROS2_PICK_AND_PLACE/install/ur_interfaces:/home/darsh/UR3_ROS2_PICK_AND_PLACE/install/ur_gazebo:/home/darsh/UR3_ROS2_PICK_AND_PLACE/install/movit_config:/home/darsh/UR3_ROS2_PICK_AND_PLACE/install/moveit_config:/home/darsh/UR3_ROS2_PICK_AND_PLACE/install/robotiq_2f_85_gripper_visualization:/opt/ros/jazzy/opt/gz_sim_vendor:/opt/ros/jazzy/opt/gz_sensors_vendor:/opt/ros/jazzy/opt/gz_physics_vendor:/opt/ros/jazzy/opt/sdformat_vendor:/opt/ros/jazzy/opt/gz_gui_vendor:/opt/ros/jazzy/opt/gz_transport_vendor:/opt/ros/jazzy/opt/gz_rendering_vendor:/opt/ros/jazzy/opt/gz_plugin_vendor:/opt/ros/jazzy/opt/gz_fuel_tools_vendor:/opt/ros/jazzy/opt/gz_msgs_vendor:/opt/ros/jazzy/opt/gz_common_vendor:/opt/ros/jazzy/opt/gz_math_vendor:/opt/ros/jazzy/opt/gz_utils_vendor:/opt/ros/jazzy/opt/gz_tools_vendor:/opt/ros/jazzy/opt/gz_ogre_next_vendor:/opt/ros/jazzy/opt/gz_dartsim_vendor:/opt/ros/jazzy/opt/gz_cmake_vendor:/opt/ros/jazzy /usr/bin/cmake --install /home/darsh/UR3_ROS2_PICK_AND_PLACE/build/moveit_config
[0.840s] DEBUG:colcon.colcon_core.event_handler.log_command:Invoked command in '/home/darsh/UR3_ROS2_PICK_AND_PLACE/build/movit_config' returned '0': CMAKE_PREFIX_PATH=/home/darsh/UR3_ROS2_PICK_AND_PLACE/install/ur_description:/home/darsh/UR3_ROS2_PICK_AND_PLACE/install/ur_system_tests:/home/darsh/UR3_ROS2_PICK_AND_PLACE/install/ur_interfaces:/home/darsh/UR3_ROS2_PICK_AND_PLACE/install/ur_gazebo:/home/darsh/UR3_ROS2_PICK_AND_PLACE/install/movit_config:/home/darsh/UR3_ROS2_PICK_AND_PLACE/install/moveit_config:/home/darsh/UR3_ROS2_PICK_AND_PLACE/install/robotiq_2f_85_gripper_visualization:/opt/ros/jazzy/opt/gz_sim_vendor:/opt/ros/jazzy/opt/gz_sensors_vendor:/opt/ros/jazzy/opt/gz_physics_vendor:/opt/ros/jazzy/opt/sdformat_vendor:/opt/ros/jazzy/opt/gz_gui_vendor:/opt/ros/jazzy/opt/gz_transport_vendor:/opt/ros/jazzy/opt/gz_rendering_vendor:/opt/ros/jazzy/opt/gz_plugin_vendor:/opt/ros/jazzy/opt/gz_fuel_tools_vendor:/opt/ros/jazzy/opt/gz_msgs_vendor:/opt/ros/jazzy/opt/gz_common_vendor:/opt/ros/jazzy/opt/gz_math_vendor:/opt/ros/jazzy/opt/gz_utils_vendor:/opt/ros/jazzy/opt/gz_tools_vendor:/opt/ros/jazzy/opt/gz_ogre_next_vendor:/opt/ros/jazzy/opt/gz_dartsim_vendor:/opt/ros/jazzy/opt/gz_cmake_vendor:/opt/ros/jazzy /usr/bin/cmake --build /home/darsh/UR3_ROS2_PICK_AND_PLACE/build/movit_config -- -j16 -l16
[0.842s] DEBUG:colcon.colcon_core.event_handler.log_command:Invoking command in '/home/darsh/UR3_ROS2_PICK_AND_PLACE/build/movit_config': CMAKE_PREFIX_PATH=/home/darsh/UR3_ROS2_PICK_AND_PLACE/install/ur_description:/home/darsh/UR3_ROS2_PICK_AND_PLACE/install/ur_system_tests:/home/darsh/UR3_ROS2_PICK_AND_PLACE/install/ur_interfaces:/home/darsh/UR3_ROS2_PICK_AND_PLACE/install/ur_gazebo:/home/darsh/UR3_ROS2_PICK_AND_PLACE/install/movit_config:/home/darsh/UR3_ROS2_PICK_AND_PLACE/install/moveit_config:/home/darsh/UR3_ROS2_PICK_AND_PLACE/install/robotiq_2f_85_gripper_visualization:/opt/ros/jazzy/opt/gz_sim_vendor:/opt/ros/jazzy/opt/gz_sensors_vendor:/opt/ros/jazzy/opt/gz_physics_vendor:/opt/ros/jazzy/opt/sdformat_vendor:/opt/ros/jazzy/opt/gz_gui_vendor:/opt/ros/jazzy/opt/gz_transport_vendor:/opt/ros/jazzy/opt/gz_rendering_vendor:/opt/ros/jazzy/opt/gz_plugin_vendor:/opt/ros/jazzy/opt/gz_fuel_tools_vendor:/opt/ros/jazzy/opt/gz_msgs_vendor:/opt/ros/jazzy/opt/gz_common_vendor:/opt/ros/jazzy/opt/gz_math_vendor:/opt/ros/jazzy/opt/gz_utils_vendor:/opt/ros/jazzy/opt/gz_tools_vendor:/opt/ros/jazzy/opt/gz_ogre_next_vendor:/opt/ros/jazzy/opt/gz_dartsim_vendor:/opt/ros/jazzy/opt/gz_cmake_vendor:/opt/ros/jazzy /usr/bin/cmake --install /home/darsh/UR3_ROS2_PICK_AND_PLACE/build/movit_config
[0.848s] Level 1:colcon.colcon_core.environment:create_environment_scripts_only(moveit_config)
[0.848s] Level 1:colcon.colcon_core.environment:checking '/home/darsh/UR3_ROS2_PICK_AND_PLACE/install/moveit_config' for CMake module files
[0.851s] Level 1:colcon.colcon_core.environment:checking '/home/darsh/UR3_ROS2_PICK_AND_PLACE/install/moveit_config' for CMake config files
[0.857s] Level 1:colcon.colcon_core.shell:create_environment_hook('moveit_config', 'cmake_prefix_path')
[0.857s] INFO:colcon.colcon_core.shell:Creating environment hook '/home/darsh/UR3_ROS2_PICK_AND_PLACE/install/moveit_config/share/moveit_config/hook/cmake_prefix_path.ps1'
[0.858s] INFO:colcon.colcon_core.shell:Creating environment descriptor '/home/darsh/UR3_ROS2_PICK_AND_PLACE/install/moveit_config/share/moveit_config/hook/cmake_prefix_path.dsv'
[0.859s] INFO:colcon.colcon_core.shell:Creating environment hook '/home/darsh/UR3_ROS2_PICK_AND_PLACE/install/moveit_config/share/moveit_config/hook/cmake_prefix_path.sh'
[0.859s] DEBUG:colcon.colcon_core.event_handler.log_command:Invoked command in '/home/darsh/UR3_ROS2_PICK_AND_PLACE/build/moveit_config' returned '0': CMAKE_PREFIX_PATH=/home/darsh/UR3_ROS2_PICK_AND_PLACE/install/ur_description:/home/darsh/UR3_ROS2_PICK_AND_PLACE/install/ur_system_tests:/home/darsh/UR3_ROS2_PICK_AND_PLACE/install/ur_interfaces:/home/darsh/UR3_ROS2_PICK_AND_PLACE/install/ur_gazebo:/home/darsh/UR3_ROS2_PICK_AND_PLACE/install/movit_config:/home/darsh/UR3_ROS2_PICK_AND_PLACE/install/moveit_config:/home/darsh/UR3_ROS2_PICK_AND_PLACE/install/robotiq_2f_85_gripper_visualization:/opt/ros/jazzy/opt/gz_sim_vendor:/opt/ros/jazzy/opt/gz_sensors_vendor:/opt/ros/jazzy/opt/gz_physics_vendor:/opt/ros/jazzy/opt/sdformat_vendor:/opt/ros/jazzy/opt/gz_gui_vendor:/opt/ros/jazzy/opt/gz_transport_vendor:/opt/ros/jazzy/opt/gz_rendering_vendor:/opt/ros/jazzy/opt/gz_plugin_vendor:/opt/ros/jazzy/opt/gz_fuel_tools_vendor:/opt/ros/jazzy/opt/gz_msgs_vendor:/opt/ros/jazzy/opt/gz_common_vendor:/opt/ros/jazzy/opt/gz_math_vendor:/opt/ros/jazzy/opt/gz_utils_vendor:/opt/ros/jazzy/opt/gz_tools_vendor:/opt/ros/jazzy/opt/gz_ogre_next_vendor:/opt/ros/jazzy/opt/gz_dartsim_vendor:/opt/ros/jazzy/opt/gz_cmake_vendor:/opt/ros/jazzy /usr/bin/cmake --install /home/darsh/UR3_ROS2_PICK_AND_PLACE/build/moveit_config
[0.860s] Level 1:colcon.colcon_core.environment:checking '/home/darsh/UR3_ROS2_PICK_AND_PLACE/install/moveit_config/bin'
[0.860s] Level 1:colcon.colcon_core.environment:checking '/home/darsh/UR3_ROS2_PICK_AND_PLACE/install/moveit_config/lib/pkgconfig/moveit_config.pc'
[0.861s] Level 1:colcon.colcon_core.environment:checking '/home/darsh/UR3_ROS2_PICK_AND_PLACE/install/moveit_config/lib/python3.12/site-packages'
[0.861s] Level 1:colcon.colcon_core.environment:checking '/home/darsh/UR3_ROS2_PICK_AND_PLACE/install/moveit_config/bin'
[0.862s] INFO:colcon.colcon_core.shell:Creating package script '/home/darsh/UR3_ROS2_PICK_AND_PLACE/install/moveit_config/share/moveit_config/package.ps1'
[0.863s] INFO:colcon.colcon_core.shell:Creating package descriptor '/home/darsh/UR3_ROS2_PICK_AND_PLACE/install/moveit_config/share/moveit_config/package.dsv'
[0.864s] INFO:colcon.colcon_core.shell:Creating package script '/home/darsh/UR3_ROS2_PICK_AND_PLACE/install/moveit_config/share/moveit_config/package.sh'
[0.865s] INFO:colcon.colcon_core.shell:Creating package script '/home/darsh/UR3_ROS2_PICK_AND_PLACE/install/moveit_config/share/moveit_config/package.bash'
[0.867s] INFO:colcon.colcon_core.shell:Creating package script '/home/darsh/UR3_ROS2_PICK_AND_PLACE/install/moveit_config/share/moveit_config/package.zsh'
[0.868s] Level 1:colcon.colcon_core.environment:create_file_with_runtime_dependencies(/home/darsh/UR3_ROS2_PICK_AND_PLACE/install/moveit_config/share/colcon-core/packages/moveit_config)
[0.869s] Level 1:colcon.colcon_core.environment:create_environment_scripts_only(moveit_config)
[0.869s] Level 1:colcon.colcon_core.environment:checking '/home/darsh/UR3_ROS2_PICK_AND_PLACE/install/moveit_config' for CMake module files
[0.871s] Level 1:colcon.colcon_core.environment:checking '/home/darsh/UR3_ROS2_PICK_AND_PLACE/install/moveit_config' for CMake config files
[0.876s] Level 1:colcon.colcon_core.shell:create_environment_hook('moveit_config', 'cmake_prefix_path')
[0.876s] INFO:colcon.colcon_core.shell:Creating environment hook '/home/darsh/UR3_ROS2_PICK_AND_PLACE/install/moveit_config/share/moveit_config/hook/cmake_prefix_path.ps1'
[0.877s] INFO:colcon.colcon_core.shell:Creating environment descriptor '/home/darsh/UR3_ROS2_PICK_AND_PLACE/install/moveit_config/share/moveit_config/hook/cmake_prefix_path.dsv'
[0.878s] INFO:colcon.colcon_core.shell:Creating environment hook '/home/darsh/UR3_ROS2_PICK_AND_PLACE/install/moveit_config/share/moveit_config/hook/cmake_prefix_path.sh'
[0.879s] Level 1:colcon.colcon_core.environment:checking '/home/darsh/UR3_ROS2_PICK_AND_PLACE/install/moveit_config/bin'
[0.879s] Level 1:colcon.colcon_core.environment:checking '/home/darsh/UR3_ROS2_PICK_AND_PLACE/install/moveit_config/lib/pkgconfig/moveit_config.pc'
[0.879s] Level 1:colcon.colcon_core.environment:checking '/home/darsh/UR3_ROS2_PICK_AND_PLACE/install/moveit_config/lib/python3.12/site-packages'
[0.879s] Level 1:colcon.colcon_core.environment:checking '/home/darsh/UR3_ROS2_PICK_AND_PLACE/install/moveit_config/bin'
[0.880s] INFO:colcon.colcon_core.shell:Creating package script '/home/darsh/UR3_ROS2_PICK_AND_PLACE/install/moveit_config/share/moveit_config/package.ps1'
[0.880s] INFO:colcon.colcon_core.shell:Creating package descriptor '/home/darsh/UR3_ROS2_PICK_AND_PLACE/install/moveit_config/share/moveit_config/package.dsv'
[0.881s] INFO:colcon.colcon_core.shell:Creating package script '/home/darsh/UR3_ROS2_PICK_AND_PLACE/install/moveit_config/share/moveit_config/package.sh'
[0.881s] INFO:colcon.colcon_core.shell:Creating package script '/home/darsh/UR3_ROS2_PICK_AND_PLACE/install/moveit_config/share/moveit_config/package.bash'
[0.881s] INFO:colcon.colcon_core.shell:Creating package script '/home/darsh/UR3_ROS2_PICK_AND_PLACE/install/moveit_config/share/moveit_config/package.zsh'
[0.882s] Level 1:colcon.colcon_core.environment:create_file_with_runtime_dependencies(/home/darsh/UR3_ROS2_PICK_AND_PLACE/install/moveit_config/share/colcon-core/packages/moveit_config)
[0.884s] Level 1:colcon.colcon_core.environment:create_environment_scripts_only(movit_config)
[0.884s] Level 1:colcon.colcon_core.environment:checking '/home/darsh/UR3_ROS2_PICK_AND_PLACE/install/movit_config' for CMake module files
[0.885s] DEBUG:colcon.colcon_core.event_handler.log_command:Invoked command in '/home/darsh/UR3_ROS2_PICK_AND_PLACE/build/movit_config' returned '0': CMAKE_PREFIX_PATH=/home/darsh/UR3_ROS2_PICK_AND_PLACE/install/ur_description:/home/darsh/UR3_ROS2_PICK_AND_PLACE/install/ur_system_tests:/home/darsh/UR3_ROS2_PICK_AND_PLACE/install/ur_interfaces:/home/darsh/UR3_ROS2_PICK_AND_PLACE/install/ur_gazebo:/home/darsh/UR3_ROS2_PICK_AND_PLACE/install/movit_config:/home/darsh/UR3_ROS2_PICK_AND_PLACE/install/moveit_config:/home/darsh/UR3_ROS2_PICK_AND_PLACE/install/robotiq_2f_85_gripper_visualization:/opt/ros/jazzy/opt/gz_sim_vendor:/opt/ros/jazzy/opt/gz_sensors_vendor:/opt/ros/jazzy/opt/gz_physics_vendor:/opt/ros/jazzy/opt/sdformat_vendor:/opt/ros/jazzy/opt/gz_gui_vendor:/opt/ros/jazzy/opt/gz_transport_vendor:/opt/ros/jazzy/opt/gz_rendering_vendor:/opt/ros/jazzy/opt/gz_plugin_vendor:/opt/ros/jazzy/opt/gz_fuel_tools_vendor:/opt/ros/jazzy/opt/gz_msgs_vendor:/opt/ros/jazzy/opt/gz_common_vendor:/opt/ros/jazzy/opt/gz_math_vendor:/opt/ros/jazzy/opt/gz_utils_vendor:/opt/ros/jazzy/opt/gz_tools_vendor:/opt/ros/jazzy/opt/gz_ogre_next_vendor:/opt/ros/jazzy/opt/gz_dartsim_vendor:/opt/ros/jazzy/opt/gz_cmake_vendor:/opt/ros/jazzy /usr/bin/cmake --install /home/darsh/UR3_ROS2_PICK_AND_PLACE/build/movit_config
[0.885s] Level 1:colcon.colcon_core.environment:checking '/home/darsh/UR3_ROS2_PICK_AND_PLACE/install/movit_config' for CMake config files
[0.885s] Level 1:colcon.colcon_core.shell:create_environment_hook('movit_config', 'cmake_prefix_path')
[0.886s] INFO:colcon.colcon_core.shell:Creating environment hook '/home/darsh/UR3_ROS2_PICK_AND_PLACE/install/movit_config/share/movit_config/hook/cmake_prefix_path.ps1'
[0.886s] INFO:colcon.colcon_core.shell:Creating environment descriptor '/home/darsh/UR3_ROS2_PICK_AND_PLACE/install/movit_config/share/movit_config/hook/cmake_prefix_path.dsv'
[0.886s] INFO:colcon.colcon_core.shell:Creating environment hook '/home/darsh/UR3_ROS2_PICK_AND_PLACE/install/movit_config/share/movit_config/hook/cmake_prefix_path.sh'
[0.887s] Level 1:colcon.colcon_core.environment:checking '/home/darsh/UR3_ROS2_PICK_AND_PLACE/install/movit_config/bin'
[0.887s] Level 1:colcon.colcon_core.environment:checking '/home/darsh/UR3_ROS2_PICK_AND_PLACE/install/movit_config/lib/pkgconfig/movit_config.pc'
[0.887s] Level 1:colcon.colcon_core.environment:checking '/home/darsh/UR3_ROS2_PICK_AND_PLACE/install/movit_config/lib/python3.12/site-packages'
[0.887s] Level 1:colcon.colcon_core.environment:checking '/home/darsh/UR3_ROS2_PICK_AND_PLACE/install/movit_config/bin'
[0.888s] INFO:colcon.colcon_core.shell:Creating package script '/home/darsh/UR3_ROS2_PICK_AND_PLACE/install/movit_config/share/movit_config/package.ps1'
[0.888s] INFO:colcon.colcon_core.shell:Creating package descriptor '/home/darsh/UR3_ROS2_PICK_AND_PLACE/install/movit_config/share/movit_config/package.dsv'
[0.889s] INFO:colcon.colcon_core.shell:Creating package script '/home/darsh/UR3_ROS2_PICK_AND_PLACE/install/movit_config/share/movit_config/package.sh'
[0.889s] INFO:colcon.colcon_core.shell:Creating package script '/home/darsh/UR3_ROS2_PICK_AND_PLACE/install/movit_config/share/movit_config/package.bash'
[0.889s] INFO:colcon.colcon_core.shell:Creating package script '/home/darsh/UR3_ROS2_PICK_AND_PLACE/install/movit_config/share/movit_config/package.zsh'
[0.890s] Level 1:colcon.colcon_core.environment:create_file_with_runtime_dependencies(/home/darsh/UR3_ROS2_PICK_AND_PLACE/install/movit_config/share/colcon-core/packages/movit_config)
[0.890s] Level 1:colcon.colcon_core.environment:create_environment_scripts_only(movit_config)
[0.890s] Level 1:colcon.colcon_core.environment:checking '/home/darsh/UR3_ROS2_PICK_AND_PLACE/install/movit_config' for CMake module files
[0.891s] Level 1:colcon.colcon_core.environment:checking '/home/darsh/UR3_ROS2_PICK_AND_PLACE/install/movit_config' for CMake config files
[0.891s] Level 1:colcon.colcon_core.shell:create_environment_hook('movit_config', 'cmake_prefix_path')
[0.891s] INFO:colcon.colcon_core.shell:Creating environment hook '/home/darsh/UR3_ROS2_PICK_AND_PLACE/install/movit_config/share/movit_config/hook/cmake_prefix_path.ps1'
[0.892s] INFO:colcon.colcon_core.shell:Creating environment descriptor '/home/darsh/UR3_ROS2_PICK_AND_PLACE/install/movit_config/share/movit_config/hook/cmake_prefix_path.dsv'
[0.892s] INFO:colcon.colcon_core.shell:Creating environment hook '/home/darsh/UR3_ROS2_PICK_AND_PLACE/install/movit_config/share/movit_config/hook/cmake_prefix_path.sh'
[0.893s] Level 1:colcon.colcon_core.environment:checking '/home/darsh/UR3_ROS2_PICK_AND_PLACE/install/movit_config/bin'
[0.893s] Level 1:colcon.colcon_core.environment:checking '/home/darsh/UR3_ROS2_PICK_AND_PLACE/install/movit_config/lib/pkgconfig/movit_config.pc'
[0.893s] Level 1:colcon.colcon_core.environment:checking '/home/darsh/UR3_ROS2_PICK_AND_PLACE/install/movit_config/lib/python3.12/site-packages'
[0.894s] Level 1:colcon.colcon_core.environment:checking '/home/darsh/UR3_ROS2_PICK_AND_PLACE/install/movit_config/bin'
[0.894s] INFO:colcon.colcon_core.shell:Creating package script '/home/darsh/UR3_ROS2_PICK_AND_PLACE/install/movit_config/share/movit_config/package.ps1'
[0.894s] INFO:colcon.colcon_core.shell:Creating package descriptor '/home/darsh/UR3_ROS2_PICK_AND_PLACE/install/movit_config/share/movit_config/package.dsv'
[0.895s] INFO:colcon.colcon_core.shell:Creating package script '/home/darsh/UR3_ROS2_PICK_AND_PLACE/install/movit_config/share/movit_config/package.sh'
[0.895s] INFO:colcon.colcon_core.shell:Creating package script '/home/darsh/UR3_ROS2_PICK_AND_PLACE/install/movit_config/share/movit_config/package.bash'
[0.896s] INFO:colcon.colcon_core.shell:Creating package script '/home/darsh/UR3_ROS2_PICK_AND_PLACE/install/movit_config/share/movit_config/package.zsh'
[0.896s] Level 1:colcon.colcon_core.environment:create_file_with_runtime_dependencies(/home/darsh/UR3_ROS2_PICK_AND_PLACE/install/movit_config/share/colcon-core/packages/movit_config)
[0.896s] DEBUG:colcon.colcon_parallel_executor.executor.parallel:closing loop
[0.897s] DEBUG:colcon.colcon_parallel_executor.executor.parallel:loop closed
[0.897s] DEBUG:colcon.colcon_parallel_executor.executor.parallel:run_until_complete finished with '0'
[0.897s] DEBUG:colcon.colcon_core.event_reactor:joining thread
[0.941s] INFO:colcon.colcon_core.plugin_system:Skipping extension 'colcon_notification.desktop_notification.notify_send': Could not find 'notify-send'
[0.941s] INFO:colcon.colcon_core.plugin_system:Skipping extension 'colcon_notification.desktop_notification.terminal_notifier': Not used on non-Darwin systems
[0.941s] INFO:colcon.colcon_core.plugin_system:Skipping extension 'colcon_notification.desktop_notification.win32': Not used on non-Windows systems
[0.941s] INFO:colcon.colcon_notification.desktop_notification:Sending desktop notification using 'notify2'
[0.942s] DEBUG:colcon.colcon_notification.desktop_notification.notify2:Failed to initialize notify2: org.freedesktop.DBus.Error.ServiceUnknown: The name org.freedesktop.Notifications was not provided by any .service files
[0.943s] DEBUG:colcon.colcon_core.event_reactor:joined thread
[0.943s] INFO:colcon.colcon_core.shell:Creating prefix script '/home/darsh/UR3_ROS2_PICK_AND_PLACE/install/local_setup.ps1'
[0.944s] INFO:colcon.colcon_core.shell:Creating prefix util module '/home/darsh/UR3_ROS2_PICK_AND_PLACE/install/_local_setup_util_ps1.py'
[0.945s] INFO:colcon.colcon_core.shell:Creating prefix chain script '/home/darsh/UR3_ROS2_PICK_AND_PLACE/install/setup.ps1'
[0.946s] INFO:colcon.colcon_core.shell:Creating prefix script '/home/darsh/UR3_ROS2_PICK_AND_PLACE/install/local_setup.sh'
[0.946s] INFO:colcon.colcon_core.shell:Creating prefix util module '/home/darsh/UR3_ROS2_PICK_AND_PLACE/install/_local_setup_util_sh.py'
[0.947s] INFO:colcon.colcon_core.shell:Creating prefix chain script '/home/darsh/UR3_ROS2_PICK_AND_PLACE/install/setup.sh'
[0.948s] INFO:colcon.colcon_core.shell:Creating prefix script '/home/darsh/UR3_ROS2_PICK_AND_PLACE/install/local_setup.bash'
[0.948s] INFO:colcon.colcon_core.shell:Creating prefix chain script '/home/darsh/UR3_ROS2_PICK_AND_PLACE/install/setup.bash'
[0.949s] INFO:colcon.colcon_core.shell:Creating prefix script '/home/darsh/UR3_ROS2_PICK_AND_PLACE/install/local_setup.zsh'
[0.949s] INFO:colcon.colcon_core.shell:Creating prefix chain script '/home/darsh/UR3_ROS2_PICK_AND_PLACE/install/setup.zsh'
