[0.049s] Invoking command in '/home/darsh/ros2_ws/src/UR3_ROS2_PICK_AND_PLACE/build/ur_interfaces': CMAKE_PREFIX_PATH=${CMAKE_PREFIX_PATH}:/home/darsh/ros2_ws/install/joint_state_publisher_gui:/home/darsh/ros2_ws/install/joint_state_publisher:/home/darsh/install/joint_state_publisher_gui:/home/darsh/install/joint_state_publisher:/opt/ros/jazzy /usr/bin/cmake --build /home/darsh/ros2_ws/src/UR3_ROS2_PICK_AND_PLACE/build/ur_interfaces -- -j16 -l16
[0.196s] Invoked command in '/home/darsh/ros2_ws/src/UR3_ROS2_PICK_AND_PLACE/build/ur_interfaces' returned '0': CMAKE_PREFIX_PATH=${CMAKE_PREFIX_PATH}:/home/darsh/ros2_ws/install/joint_state_publisher_gui:/home/darsh/ros2_ws/install/joint_state_publisher:/home/darsh/install/joint_state_publisher_gui:/home/darsh/install/joint_state_publisher:/opt/ros/jazzy /usr/bin/cmake --build /home/darsh/ros2_ws/src/UR3_ROS2_PICK_AND_PLACE/build/ur_interfaces -- -j16 -l16
[0.213s] Invoking command in '/home/darsh/ros2_ws/src/UR3_ROS2_PICK_AND_PLACE/build/ur_interfaces': CMAKE_PREFIX_PATH=${CMAKE_PREFIX_PATH}:/home/darsh/ros2_ws/install/joint_state_publisher_gui:/home/darsh/ros2_ws/install/joint_state_publisher:/home/darsh/install/joint_state_publisher_gui:/home/darsh/install/joint_state_publisher:/opt/ros/jazzy /usr/bin/cmake --install /home/darsh/ros2_ws/src/UR3_ROS2_PICK_AND_PLACE/build/ur_interfaces
[0.233s] -- Install configuration: ""
[0.234s] -- Execute custom install script
[0.236s] -- Up-to-date symlink: /home/darsh/ros2_ws/src/UR3_ROS2_PICK_AND_PLACE/install/ur_interfaces/share/ament_index/resource_index/package_run_dependencies/ur_interfaces
[0.236s] -- Up-to-date symlink: /home/darsh/ros2_ws/src/UR3_ROS2_PICK_AND_PLACE/install/ur_interfaces/share/ament_index/resource_index/parent_prefix_path/ur_interfaces
[0.237s] -- Up-to-date symlink: /home/darsh/ros2_ws/src/UR3_ROS2_PICK_AND_PLACE/install/ur_interfaces/share/ur_interfaces/environment/ament_prefix_path.sh
[0.237s] -- Up-to-date symlink: /home/darsh/ros2_ws/src/UR3_ROS2_PICK_AND_PLACE/install/ur_interfaces/share/ur_interfaces/environment/ament_prefix_path.dsv
[0.238s] -- Up-to-date symlink: /home/darsh/ros2_ws/src/UR3_ROS2_PICK_AND_PLACE/install/ur_interfaces/share/ur_interfaces/environment/path.sh
[0.239s] -- Up-to-date symlink: /home/darsh/ros2_ws/src/UR3_ROS2_PICK_AND_PLACE/install/ur_interfaces/share/ur_interfaces/environment/path.dsv
[0.239s] -- Up-to-date symlink: /home/darsh/ros2_ws/src/UR3_ROS2_PICK_AND_PLACE/install/ur_interfaces/share/ur_interfaces/local_setup.bash
[0.239s] -- Up-to-date symlink: /home/darsh/ros2_ws/src/UR3_ROS2_PICK_AND_PLACE/install/ur_interfaces/share/ur_interfaces/local_setup.sh
[0.240s] -- Up-to-date symlink: /home/darsh/ros2_ws/src/UR3_ROS2_PICK_AND_PLACE/install/ur_interfaces/share/ur_interfaces/local_setup.zsh
[0.244s] -- Up-to-date symlink: /home/darsh/ros2_ws/src/UR3_ROS2_PICK_AND_PLACE/install/ur_interfaces/share/ur_interfaces/local_setup.dsv
[0.249s] -- Symlinking: /home/darsh/ros2_ws/src/UR3_ROS2_PICK_AND_PLACE/install/ur_interfaces/share/ur_interfaces/package.dsv
[0.268s] -- Up-to-date symlink: /home/darsh/ros2_ws/src/UR3_ROS2_PICK_AND_PLACE/install/ur_interfaces/share/ament_index/resource_index/packages/ur_interfaces
[0.270s] -- Up-to-date symlink: /home/darsh/ros2_ws/src/UR3_ROS2_PICK_AND_PLACE/install/ur_interfaces/share/ur_interfaces/cmake/ur_interfacesConfig.cmake
[0.271s] -- Up-to-date symlink: /home/darsh/ros2_ws/src/UR3_ROS2_PICK_AND_PLACE/install/ur_interfaces/share/ur_interfaces/cmake/ur_interfacesConfig-version.cmake
[0.271s] -- Up-to-date symlink: /home/darsh/ros2_ws/src/UR3_ROS2_PICK_AND_PLACE/install/ur_interfaces/share/ur_interfaces/package.xml
[0.275s] Invoked command in '/home/darsh/ros2_ws/src/UR3_ROS2_PICK_AND_PLACE/build/ur_interfaces' returned '0': CMAKE_PREFIX_PATH=${CMAKE_PREFIX_PATH}:/home/darsh/ros2_ws/install/joint_state_publisher_gui:/home/darsh/ros2_ws/install/joint_state_publisher:/home/darsh/install/joint_state_publisher_gui:/home/darsh/install/joint_state_publisher:/opt/ros/jazzy /usr/bin/cmake --install /home/darsh/ros2_ws/src/UR3_ROS2_PICK_AND_PLACE/build/ur_interfaces
