-- The C compiler identification is GNU 13.3.0
-- The CXX compiler identification is GNU 13.3.0
-- Detecting C compiler ABI info
-- Detecting C compiler ABI info - done
-- Check for working C compiler: /usr/bin/cc - skipped
-- Detecting C compile features
-- Detecting C compile features - done
-- Detecting CXX compiler ABI info
-- Detecting CXX compiler ABI info - done
-- Check for working CXX compiler: /usr/bin/c++ - skipped
-- Detecting CXX compile features
-- Detecting CXX compile features - done
-- Found ament_cmake: 2.5.3 (/opt/ros/jazzy/share/ament_cmake/cmake)
-- Found Python3: /usr/bin/python3 (found version "3.12.3") found components: Interpreter 
-- Found Boost: /usr/lib/x86_64-linux-gnu/cmake/Boost-1.83.0/BoostConfig.cmake (found version "1.83.0")  
-- Found moveit_common: 2.12.2 (/opt/ros/jazzy/share/moveit_common/cmake)
-- Found moveit_core: 2.12.2 (/opt/ros/jazzy/share/moveit_core/cmake)
-- Found Boost: /usr/lib/x86_64-linux-gnu/cmake/Boost-1.83.0/BoostConfig.cmake (found version "1.83.0") found components: chrono date_time filesystem iostreams program_options regex serialization system thread 
-- Found parameter_traits: 0.4.0 (/opt/ros/jazzy/share/parameter_traits/cmake)
-- Found rosidl_generator_c: 4.6.5 (/opt/ros/jazzy/share/rosidl_generator_c/cmake)
-- Found rosidl_generator_cpp: 4.6.5 (/opt/ros/jazzy/share/rosidl_generator_cpp/cmake)
-- Using all available rosidl_typesupport_c: rosidl_typesupport_fastrtps_c;rosidl_typesupport_introspection_c
-- Using all available rosidl_typesupport_cpp: rosidl_typesupport_fastrtps_cpp;rosidl_typesupport_introspection_cpp
-- Found rmw_implementation_cmake: 7.3.2 (/opt/ros/jazzy/share/rmw_implementation_cmake/cmake)
-- Found rmw_fastrtps_cpp: 8.4.2 (/opt/ros/jazzy/share/rmw_fastrtps_cpp/cmake)
-- Found OpenSSL: /usr/lib/x86_64-linux-gnu/libcrypto.so (found version "3.0.13")  
-- Found FastRTPS: /opt/ros/jazzy/include (Required is at least version "2.13") 
-- Using RMW implementation 'rmw_fastrtps_cpp' as default
-- Found rclcpp_lifecycle: 28.1.8 (/opt/ros/jazzy/share/rclcpp_lifecycle/cmake)
-- Found Boost: /usr/lib/x86_64-linux-gnu/cmake/Boost-1.83.0/BoostConfig.cmake (found version "1.83.0") found components: filesystem 
-- Found Eigen3: TRUE (found version "3.4.0") 
-- Ensuring Eigen3 include directory is part of orocos-kdl CMake target
-- Found moveit_ros_move_group: 2.12.2 (/opt/ros/jazzy/share/moveit_ros_move_group/cmake)
-- Found Boost: /usr/lib/x86_64-linux-gnu/cmake/Boost-1.83.0/BoostConfig.cmake (found version "1.83.0") found components: system filesystem date_time program_options thread 
-- Found Boost: /usr/lib/x86_64-linux-gnu/cmake/Boost-1.83.0/BoostConfig.cmake (found version "1.83.0") found components: system filesystem date_time program_options thread chrono 
-- Found moveit_task_constructor_core: 0.1.3 (/home/darsh/UR3_ROS2_PICK_AND_PLACE/install/moveit_task_constructor_core/share/moveit_task_constructor_core/cmake)
-- Found Boost: /usr/lib/x86_64-linux-gnu/cmake/Boost-1.83.0/BoostConfig.cmake (found version "1.83.0") found components: date_time filesystem program_options system thread 
-- Found Boost: /usr/lib/x86_64-linux-gnu/cmake/Boost-1.83.0/BoostConfig.cmake (found version "1.83.0") found components: thread system filesystem regex date_time program_options 
-- Configuring done (14.4s)
-- Generating done (0.1s)
-- Build files have been written to: /home/darsh/UR3_ROS2_PICK_AND_PLACE/build/moveit_task_constructor_capabilities
[ 50%] [32mBuilding CXX object CMakeFiles/moveit_task_constructor_capabilities.dir/src/execute_task_solution_capability.cpp.o[0m
[100%] [32m[1mLinking CXX shared library libmoveit_task_constructor_capabilities.so[0m
[100%] Built target moveit_task_constructor_capabilities
-- Install configuration: "Release"
-- Installing: /home/darsh/UR3_ROS2_PICK_AND_PLACE/install/moveit_task_constructor_capabilities/lib/libmoveit_task_constructor_capabilities.so
-- Set non-toolchain portion of runtime path of "/home/darsh/UR3_ROS2_PICK_AND_PLACE/install/moveit_task_constructor_capabilities/lib/libmoveit_task_constructor_capabilities.so" to ""
-- Installing: /home/darsh/UR3_ROS2_PICK_AND_PLACE/install/moveit_task_constructor_capabilities/share/moveit_task_constructor_capabilities/capabilities_plugin_description.xml
-- Installing: /home/darsh/UR3_ROS2_PICK_AND_PLACE/install/moveit_task_constructor_capabilities/share/ament_index/resource_index/package_run_dependencies/moveit_task_constructor_capabilities
-- Installing: /home/darsh/UR3_ROS2_PICK_AND_PLACE/install/moveit_task_constructor_capabilities/share/ament_index/resource_index/parent_prefix_path/moveit_task_constructor_capabilities
-- Installing: /home/darsh/UR3_ROS2_PICK_AND_PLACE/install/moveit_task_constructor_capabilities/share/moveit_task_constructor_capabilities/environment/ament_prefix_path.sh
-- Installing: /home/darsh/UR3_ROS2_PICK_AND_PLACE/install/moveit_task_constructor_capabilities/share/moveit_task_constructor_capabilities/environment/ament_prefix_path.dsv
-- Installing: /home/darsh/UR3_ROS2_PICK_AND_PLACE/install/moveit_task_constructor_capabilities/share/moveit_task_constructor_capabilities/environment/path.sh
-- Installing: /home/darsh/UR3_ROS2_PICK_AND_PLACE/install/moveit_task_constructor_capabilities/share/moveit_task_constructor_capabilities/environment/path.dsv
-- Installing: /home/darsh/UR3_ROS2_PICK_AND_PLACE/install/moveit_task_constructor_capabilities/share/moveit_task_constructor_capabilities/local_setup.bash
-- Installing: /home/darsh/UR3_ROS2_PICK_AND_PLACE/install/moveit_task_constructor_capabilities/share/moveit_task_constructor_capabilities/local_setup.sh
-- Installing: /home/darsh/UR3_ROS2_PICK_AND_PLACE/install/moveit_task_constructor_capabilities/share/moveit_task_constructor_capabilities/local_setup.zsh
-- Installing: /home/darsh/UR3_ROS2_PICK_AND_PLACE/install/moveit_task_constructor_capabilities/share/moveit_task_constructor_capabilities/local_setup.dsv
-- Installing: /home/darsh/UR3_ROS2_PICK_AND_PLACE/install/moveit_task_constructor_capabilities/share/moveit_task_constructor_capabilities/package.dsv
-- Installing: /home/darsh/UR3_ROS2_PICK_AND_PLACE/install/moveit_task_constructor_capabilities/share/ament_index/resource_index/packages/moveit_task_constructor_capabilities
-- Installing: /home/darsh/UR3_ROS2_PICK_AND_PLACE/install/moveit_task_constructor_capabilities/share/ament_index/resource_index/moveit_ros_move_group__pluginlib__plugin/moveit_task_constructor_capabilities
-- Installing: /home/darsh/UR3_ROS2_PICK_AND_PLACE/install/moveit_task_constructor_capabilities/share/moveit_task_constructor_capabilities/cmake/ament_cmake_export_dependencies-extras.cmake
-- Installing: /home/darsh/UR3_ROS2_PICK_AND_PLACE/install/moveit_task_constructor_capabilities/share/moveit_task_constructor_capabilities/cmake/moveit_task_constructor_capabilitiesConfig.cmake
-- Installing: /home/darsh/UR3_ROS2_PICK_AND_PLACE/install/moveit_task_constructor_capabilities/share/moveit_task_constructor_capabilities/cmake/moveit_task_constructor_capabilitiesConfig-version.cmake
-- Installing: /home/darsh/UR3_ROS2_PICK_AND_PLACE/install/moveit_task_constructor_capabilities/share/moveit_task_constructor_capabilities/package.xml
