[0.023s] Invoking command in '/home/darsh/ros2_ws/src/UR3_ROS2_PICK_AND_PLACE/build/robotiq_2f_85_gripper_visualization': CMAKE_PREFIX_PATH=${CMAKE_PREFIX_PATH}:/opt/ros/jazzy /usr/bin/cmake /home/darsh/ros2_ws/src/UR3_ROS2_PICK_AND_PLACE/robotiq_2f_85_gripper_visualization -DAMENT_CMAKE_SYMLINK_INSTALL=1 -DCMAKE_INSTALL_PREFIX=/home/darsh/ros2_ws/src/UR3_ROS2_PICK_AND_PLACE/install/robotiq_2f_85_gripper_visualization
[0.055s] -- Found ament_cmake: 2.5.3 (/opt/ros/jazzy/share/ament_cmake/cmake)
[0.413s] -- Override CMake install command with custom implementation using symlinks instead of copying resources
[0.596s] -- Configuring done (0.6s)
[0.615s] -- Generating done (0.0s)
[0.621s] -- Build files have been written to: /home/darsh/ros2_ws/src/UR3_ROS2_PICK_AND_PLACE/build/robotiq_2f_85_gripper_visualization
[0.626s] Invoked command in '/home/darsh/ros2_ws/src/UR3_ROS2_PICK_AND_PLACE/build/robotiq_2f_85_gripper_visualization' returned '0': CMAKE_PREFIX_PATH=${CMAKE_PREFIX_PATH}:/opt/ros/jazzy /usr/bin/cmake /home/darsh/ros2_ws/src/UR3_ROS2_PICK_AND_PLACE/robotiq_2f_85_gripper_visualization -DAMENT_CMAKE_SYMLINK_INSTALL=1 -DCMAKE_INSTALL_PREFIX=/home/darsh/ros2_ws/src/UR3_ROS2_PICK_AND_PLACE/install/robotiq_2f_85_gripper_visualization
[0.628s] Invoking command in '/home/darsh/ros2_ws/src/UR3_ROS2_PICK_AND_PLACE/build/robotiq_2f_85_gripper_visualization': CMAKE_PREFIX_PATH=${CMAKE_PREFIX_PATH}:/opt/ros/jazzy /usr/bin/cmake --build /home/darsh/ros2_ws/src/UR3_ROS2_PICK_AND_PLACE/build/robotiq_2f_85_gripper_visualization -- -j16 -l16
[0.679s] Invoked command in '/home/darsh/ros2_ws/src/UR3_ROS2_PICK_AND_PLACE/build/robotiq_2f_85_gripper_visualization' returned '0': CMAKE_PREFIX_PATH=${CMAKE_PREFIX_PATH}:/opt/ros/jazzy /usr/bin/cmake --build /home/darsh/ros2_ws/src/UR3_ROS2_PICK_AND_PLACE/build/robotiq_2f_85_gripper_visualization -- -j16 -l16
[0.692s] Invoking command in '/home/darsh/ros2_ws/src/UR3_ROS2_PICK_AND_PLACE/build/robotiq_2f_85_gripper_visualization': CMAKE_PREFIX_PATH=${CMAKE_PREFIX_PATH}:/opt/ros/jazzy /usr/bin/cmake --install /home/darsh/ros2_ws/src/UR3_ROS2_PICK_AND_PLACE/build/robotiq_2f_85_gripper_visualization
[0.701s] -- Install configuration: ""
[0.702s] -- Execute custom install script
[0.702s] -- Up-to-date symlink: /home/darsh/ros2_ws/src/UR3_ROS2_PICK_AND_PLACE/install/robotiq_2f_85_gripper_visualization/share/robotiq_2f_85_gripper_visualization/meshes/collision/robotiq_arg2f_85_base_link.stl
[0.703s] -- Up-to-date symlink: /home/darsh/ros2_ws/src/UR3_ROS2_PICK_AND_PLACE/install/robotiq_2f_85_gripper_visualization/share/robotiq_2f_85_gripper_visualization/meshes/collision/robotiq_arg2f_85_inner_finger.dae
[0.703s] -- Up-to-date symlink: /home/darsh/ros2_ws/src/UR3_ROS2_PICK_AND_PLACE/install/robotiq_2f_85_gripper_visualization/share/robotiq_2f_85_gripper_visualization/meshes/collision/robotiq_arg2f_85_inner_knuckle.dae
[0.704s] -- Up-to-date symlink: /home/darsh/ros2_ws/src/UR3_ROS2_PICK_AND_PLACE/install/robotiq_2f_85_gripper_visualization/share/robotiq_2f_85_gripper_visualization/meshes/collision/robotiq_arg2f_85_outer_finger.dae
[0.704s] -- Up-to-date symlink: /home/darsh/ros2_ws/src/UR3_ROS2_PICK_AND_PLACE/install/robotiq_2f_85_gripper_visualization/share/robotiq_2f_85_gripper_visualization/meshes/collision/robotiq_arg2f_85_outer_knuckle.dae
[0.705s] -- Up-to-date symlink: /home/darsh/ros2_ws/src/UR3_ROS2_PICK_AND_PLACE/install/robotiq_2f_85_gripper_visualization/share/robotiq_2f_85_gripper_visualization/meshes/collision/robotiq_arg2f_base_link.stl
[0.705s] -- Up-to-date symlink: /home/darsh/ros2_ws/src/UR3_ROS2_PICK_AND_PLACE/install/robotiq_2f_85_gripper_visualization/share/robotiq_2f_85_gripper_visualization/meshes/visual/robotiq_arg2f_85_base_link.dae
[0.705s] -- Up-to-date symlink: /home/darsh/ros2_ws/src/UR3_ROS2_PICK_AND_PLACE/install/robotiq_2f_85_gripper_visualization/share/robotiq_2f_85_gripper_visualization/meshes/visual/robotiq_arg2f_85_inner_finger.dae
[0.706s] -- Up-to-date symlink: /home/darsh/ros2_ws/src/UR3_ROS2_PICK_AND_PLACE/install/robotiq_2f_85_gripper_visualization/share/robotiq_2f_85_gripper_visualization/meshes/visual/robotiq_arg2f_85_inner_knuckle.dae
[0.706s] -- Up-to-date symlink: /home/darsh/ros2_ws/src/UR3_ROS2_PICK_AND_PLACE/install/robotiq_2f_85_gripper_visualization/share/robotiq_2f_85_gripper_visualization/meshes/visual/robotiq_arg2f_85_outer_finger.dae
[0.707s] -- Up-to-date symlink: /home/darsh/ros2_ws/src/UR3_ROS2_PICK_AND_PLACE/install/robotiq_2f_85_gripper_visualization/share/robotiq_2f_85_gripper_visualization/meshes/visual/robotiq_arg2f_85_outer_knuckle.dae
[0.708s] -- Up-to-date symlink: /home/darsh/ros2_ws/src/UR3_ROS2_PICK_AND_PLACE/install/robotiq_2f_85_gripper_visualization/share/robotiq_2f_85_gripper_visualization/meshes/visual/robotiq_arg2f_85_pad.dae
[0.708s] -- Up-to-date symlink: /home/darsh/ros2_ws/src/UR3_ROS2_PICK_AND_PLACE/install/robotiq_2f_85_gripper_visualization/share/robotiq_2f_85_gripper_visualization/meshes/visual/robotiq_gripper_coupling.stl
[0.709s] -- Up-to-date symlink: /home/darsh/ros2_ws/src/UR3_ROS2_PICK_AND_PLACE/install/robotiq_2f_85_gripper_visualization/share/robotiq_2f_85_gripper_visualization/urdf/robotiq_arg2f.xacro
[0.709s] -- Up-to-date symlink: /home/darsh/ros2_ws/src/UR3_ROS2_PICK_AND_PLACE/install/robotiq_2f_85_gripper_visualization/share/robotiq_2f_85_gripper_visualization/urdf/robotiq_arg2f_85_model.xacro
[0.710s] -- Up-to-date symlink: /home/darsh/ros2_ws/src/UR3_ROS2_PICK_AND_PLACE/install/robotiq_2f_85_gripper_visualization/share/robotiq_2f_85_gripper_visualization/urdf/robotiq_arg2f_85_model_macro.xacro
[0.710s] -- Up-to-date symlink: /home/darsh/ros2_ws/src/UR3_ROS2_PICK_AND_PLACE/install/robotiq_2f_85_gripper_visualization/share/robotiq_2f_85_gripper_visualization/urdf/robotiq_arg2f_transmission.xacro
[0.711s] -- Up-to-date symlink: /home/darsh/ros2_ws/src/UR3_ROS2_PICK_AND_PLACE/install/robotiq_2f_85_gripper_visualization/share/robotiq_2f_85_gripper_visualization/launch/test_2f_85_model.launch.py
[0.711s] -- Up-to-date symlink: /home/darsh/ros2_ws/src/UR3_ROS2_PICK_AND_PLACE/install/robotiq_2f_85_gripper_visualization/share/robotiq_2f_85_gripper_visualization/visualize.rviz
[0.712s] -- Up-to-date symlink: /home/darsh/ros2_ws/src/UR3_ROS2_PICK_AND_PLACE/install/robotiq_2f_85_gripper_visualization/share/ament_index/resource_index/package_run_dependencies/robotiq_2f_85_gripper_visualization
[0.712s] -- Up-to-date symlink: /home/darsh/ros2_ws/src/UR3_ROS2_PICK_AND_PLACE/install/robotiq_2f_85_gripper_visualization/share/ament_index/resource_index/parent_prefix_path/robotiq_2f_85_gripper_visualization
[0.712s] -- Up-to-date symlink: /home/darsh/ros2_ws/src/UR3_ROS2_PICK_AND_PLACE/install/robotiq_2f_85_gripper_visualization/share/robotiq_2f_85_gripper_visualization/environment/ament_prefix_path.sh
[0.713s] -- Up-to-date symlink: /home/darsh/ros2_ws/src/UR3_ROS2_PICK_AND_PLACE/install/robotiq_2f_85_gripper_visualization/share/robotiq_2f_85_gripper_visualization/environment/ament_prefix_path.dsv
[0.713s] -- Up-to-date symlink: /home/darsh/ros2_ws/src/UR3_ROS2_PICK_AND_PLACE/install/robotiq_2f_85_gripper_visualization/share/robotiq_2f_85_gripper_visualization/environment/path.sh
[0.713s] -- Up-to-date symlink: /home/darsh/ros2_ws/src/UR3_ROS2_PICK_AND_PLACE/install/robotiq_2f_85_gripper_visualization/share/robotiq_2f_85_gripper_visualization/environment/path.dsv
[0.714s] -- Up-to-date symlink: /home/darsh/ros2_ws/src/UR3_ROS2_PICK_AND_PLACE/install/robotiq_2f_85_gripper_visualization/share/robotiq_2f_85_gripper_visualization/local_setup.bash
[0.714s] -- Up-to-date symlink: /home/darsh/ros2_ws/src/UR3_ROS2_PICK_AND_PLACE/install/robotiq_2f_85_gripper_visualization/share/robotiq_2f_85_gripper_visualization/local_setup.sh
[0.719s] -- Up-to-date symlink: /home/darsh/ros2_ws/src/UR3_ROS2_PICK_AND_PLACE/install/robotiq_2f_85_gripper_visualization/share/robotiq_2f_85_gripper_visualization/local_setup.zsh
[0.719s] -- Up-to-date symlink: /home/darsh/ros2_ws/src/UR3_ROS2_PICK_AND_PLACE/install/robotiq_2f_85_gripper_visualization/share/robotiq_2f_85_gripper_visualization/local_setup.dsv
[0.720s] -- Symlinking: /home/darsh/ros2_ws/src/UR3_ROS2_PICK_AND_PLACE/install/robotiq_2f_85_gripper_visualization/share/robotiq_2f_85_gripper_visualization/package.dsv
[0.747s] -- Up-to-date symlink: /home/darsh/ros2_ws/src/UR3_ROS2_PICK_AND_PLACE/install/robotiq_2f_85_gripper_visualization/share/ament_index/resource_index/packages/robotiq_2f_85_gripper_visualization
[0.748s] -- Up-to-date symlink: /home/darsh/ros2_ws/src/UR3_ROS2_PICK_AND_PLACE/install/robotiq_2f_85_gripper_visualization/share/robotiq_2f_85_gripper_visualization/cmake/robotiq_2f_85_gripper_visualizationConfig.cmake
[0.749s] -- Up-to-date symlink: /home/darsh/ros2_ws/src/UR3_ROS2_PICK_AND_PLACE/install/robotiq_2f_85_gripper_visualization/share/robotiq_2f_85_gripper_visualization/cmake/robotiq_2f_85_gripper_visualizationConfig-version.cmake
[0.752s] -- Up-to-date symlink: /home/darsh/ros2_ws/src/UR3_ROS2_PICK_AND_PLACE/install/robotiq_2f_85_gripper_visualization/share/robotiq_2f_85_gripper_visualization/package.xml
[0.766s] Invoked command in '/home/darsh/ros2_ws/src/UR3_ROS2_PICK_AND_PLACE/build/robotiq_2f_85_gripper_visualization' returned '0': CMAKE_PREFIX_PATH=${CMAKE_PREFIX_PATH}:/opt/ros/jazzy /usr/bin/cmake --install /home/darsh/ros2_ws/src/UR3_ROS2_PICK_AND_PLACE/build/robotiq_2f_85_gripper_visualization
