[0.002s] Invoking command in '/home/darsh/UR3_ROS2_PICK_AND_PLACE/build/ur_moveit_demos': CMAKE_PREFIX_PATH=${CMAKE_PREFIX_PATH}:/opt/ros/jazzy /usr/bin/cmake --build /home/darsh/UR3_ROS2_PICK_AND_PLACE/build/ur_moveit_demos -- -j4 -l4
[0.119s] [ 50%] Built target hello_moveit
[0.253s] [100%] Built target plan_around_objects
[0.279s] Invoked command in '/home/darsh/UR3_ROS2_PICK_AND_PLACE/build/ur_moveit_demos' returned '0': CMAKE_PREFIX_PATH=${CMAKE_PREFIX_PATH}:/opt/ros/jazzy /usr/bin/cmake --build /home/darsh/UR3_ROS2_PICK_AND_PLACE/build/ur_moveit_demos -- -j4 -l4
[0.280s] Invoking command in '/home/darsh/UR3_ROS2_PICK_AND_PLACE/build/ur_moveit_demos': CMAKE_PREFIX_PATH=${CMAKE_PREFIX_PATH}:/opt/ros/jazzy /usr/bin/cmake --install /home/darsh/UR3_ROS2_PICK_AND_PLACE/build/ur_moveit_demos
[0.297s] -- Install configuration: ""
[0.301s] -- Up-to-date: /home/darsh/UR3_ROS2_PICK_AND_PLACE/install/ur_moveit_demos/lib/ur_moveit_demos/hello_moveit
[0.302s] -- Up-to-date: /home/darsh/UR3_ROS2_PICK_AND_PLACE/install/ur_moveit_demos/lib/ur_moveit_demos/plan_around_objects
[0.302s] -- Up-to-date: /home/darsh/UR3_ROS2_PICK_AND_PLACE/install/ur_moveit_demos/share/ament_index/resource_index/package_run_dependencies/ur_moveit_demos
[0.303s] -- Up-to-date: /home/darsh/UR3_ROS2_PICK_AND_PLACE/install/ur_moveit_demos/share/ament_index/resource_index/parent_prefix_path/ur_moveit_demos
[0.303s] -- Up-to-date: /home/darsh/UR3_ROS2_PICK_AND_PLACE/install/ur_moveit_demos/share/ur_moveit_demos/environment/ament_prefix_path.sh
[0.303s] -- Up-to-date: /home/darsh/UR3_ROS2_PICK_AND_PLACE/install/ur_moveit_demos/share/ur_moveit_demos/environment/ament_prefix_path.dsv
[0.303s] -- Up-to-date: /home/darsh/UR3_ROS2_PICK_AND_PLACE/install/ur_moveit_demos/share/ur_moveit_demos/environment/path.sh
[0.303s] -- Up-to-date: /home/darsh/UR3_ROS2_PICK_AND_PLACE/install/ur_moveit_demos/share/ur_moveit_demos/environment/path.dsv
[0.303s] -- Up-to-date: /home/darsh/UR3_ROS2_PICK_AND_PLACE/install/ur_moveit_demos/share/ur_moveit_demos/local_setup.bash
[0.303s] -- Up-to-date: /home/darsh/UR3_ROS2_PICK_AND_PLACE/install/ur_moveit_demos/share/ur_moveit_demos/local_setup.sh
[0.304s] -- Up-to-date: /home/darsh/UR3_ROS2_PICK_AND_PLACE/install/ur_moveit_demos/share/ur_moveit_demos/local_setup.zsh
[0.304s] -- Up-to-date: /home/darsh/UR3_ROS2_PICK_AND_PLACE/install/ur_moveit_demos/share/ur_moveit_demos/local_setup.dsv
[0.304s] -- Installing: /home/darsh/UR3_ROS2_PICK_AND_PLACE/install/ur_moveit_demos/share/ur_moveit_demos/package.dsv
[0.304s] -- Up-to-date: /home/darsh/UR3_ROS2_PICK_AND_PLACE/install/ur_moveit_demos/share/ament_index/resource_index/packages/ur_moveit_demos
[0.304s] -- Up-to-date: /home/darsh/UR3_ROS2_PICK_AND_PLACE/install/ur_moveit_demos/share/ur_moveit_demos/cmake/ur_moveit_demosConfig.cmake
[0.304s] -- Up-to-date: /home/darsh/UR3_ROS2_PICK_AND_PLACE/install/ur_moveit_demos/share/ur_moveit_demos/cmake/ur_moveit_demosConfig-version.cmake
[0.304s] -- Up-to-date: /home/darsh/UR3_ROS2_PICK_AND_PLACE/install/ur_moveit_demos/share/ur_moveit_demos/package.xml
[0.310s] Invoked command in '/home/darsh/UR3_ROS2_PICK_AND_PLACE/build/ur_moveit_demos' returned '0': CMAKE_PREFIX_PATH=${CMAKE_PREFIX_PATH}:/opt/ros/jazzy /usr/bin/cmake --install /home/darsh/UR3_ROS2_PICK_AND_PLACE/build/ur_moveit_demos
