[0.000000] (-) TimerEvent: {}
[0.000177] (-) JobUnselected: {'identifier': 'moveit_config'}
[0.000217] (-) JobUnselected: {'identifier': 'moveit_task_constructor_capabilities'}
[0.000240] (-) JobUnselected: {'identifier': 'moveit_task_constructor_msgs'}
[0.000259] (-) JobUnselected: {'identifier': 'moveit_task_constructor_visualization'}
[0.000276] (-) JobUnselected: {'identifier': 'robotiq_2f_85_gripper_visualization'}
[0.000292] (-) JobUnselected: {'identifier': 'rviz_marker_tools'}
[0.000307] (-) JobUnselected: {'identifier': 'ur_description'}
[0.000321] (-) JobUnselected: {'identifier': 'ur_gazebo'}
[0.000342] (-) JobUnselected: {'identifier': 'ur_interfaces'}
[0.000368] (-) JobUnselected: {'identifier': 'ur_moveit_demos'}
[0.000386] (-) JobUnselected: {'identifier': 'ur_mtc_demos'}
[0.000401] (-) JobUnselected: {'identifier': 'ur_mtc_pick_place_demo'}
[0.000416] (-) JobUnselected: {'identifier': 'ur_system_tests'}
[0.000430] (-) JobUnselected: {'identifier': 'warehouse_ros_mongo'}
[0.000447] (moveit_task_constructor_core) JobQueued: {'identifier': 'moveit_task_constructor_core', 'dependencies': OrderedDict({'moveit_task_constructor_msgs': '/home/darsh/UR3_ROS2_PICK_AND_PLACE/install/moveit_task_constructor_msgs', 'rviz_marker_tools': '/home/darsh/UR3_ROS2_PICK_AND_PLACE/install/rviz_marker_tools'})}
[0.000476] (moveit_task_constructor_demo) JobQueued: {'identifier': 'moveit_task_constructor_demo', 'dependencies': OrderedDict({'moveit_task_constructor_msgs': '/home/darsh/UR3_ROS2_PICK_AND_PLACE/install/moveit_task_constructor_msgs', 'rviz_marker_tools': '/home/darsh/UR3_ROS2_PICK_AND_PLACE/install/rviz_marker_tools', 'moveit_task_constructor_core': '/home/darsh/UR3_ROS2_PICK_AND_PLACE/install/moveit_task_constructor_core', 'moveit_task_constructor_capabilities': '/home/darsh/UR3_ROS2_PICK_AND_PLACE/install/moveit_task_constructor_capabilities'})}
[0.000506] (moveit_task_constructor_core) JobStarted: {'identifier': 'moveit_task_constructor_core'}
[0.037550] (moveit_task_constructor_core) JobEnded: {'identifier': 'moveit_task_constructor_core', 'rc': 1}
[0.048266] (moveit_task_constructor_demo) JobSkipped: {'identifier': 'moveit_task_constructor_demo'}
[0.048351] (-) EventReactorShutdown: {}
