[0.081s] Invoking command in '/home/darsh/UR3_ROS2_PICK_AND_PLACE/build/ur_description': CMAKE_PREFIX_PATH=${CMAKE_PREFIX_PATH}:/opt/ros/jazzy /usr/bin/cmake --build /home/darsh/UR3_ROS2_PICK_AND_PLACE/build/ur_description -- -j4 -l4
[0.323s] Invoked command in '/home/darsh/UR3_ROS2_PICK_AND_PLACE/build/ur_description' returned '0': CMAKE_PREFIX_PATH=${CMAKE_PREFIX_PATH}:/opt/ros/jazzy /usr/bin/cmake --build /home/darsh/UR3_ROS2_PICK_AND_PLACE/build/ur_description -- -j4 -l4
[0.354s] Invoking command in '/home/darsh/UR3_ROS2_PICK_AND_PLACE/build/ur_description': CMAKE_PREFIX_PATH=${CMAKE_PREFIX_PATH}:/opt/ros/jazzy /usr/bin/cmake --install /home/darsh/UR3_ROS2_PICK_AND_PLACE/build/ur_description
[0.381s] -- Install configuration: ""
[0.382s] -- Execute custom install script
[0.385s] -- Up-to-date symlink: /home/darsh/UR3_ROS2_PICK_AND_PLACE/install/ur_description/share/ur_description/config/initial_positions.yaml
[0.385s] -- Up-to-date symlink: /home/darsh/UR3_ROS2_PICK_AND_PLACE/install/ur_description/share/ur_description/config/ur10/default_kinematics.yaml
[0.387s] -- Up-to-date symlink: /home/darsh/UR3_ROS2_PICK_AND_PLACE/install/ur_description/share/ur_description/config/ur10/joint_limits.yaml
[0.387s] -- Up-to-date symlink: /home/darsh/UR3_ROS2_PICK_AND_PLACE/install/ur_description/share/ur_description/config/ur10/physical_parameters.yaml
[0.388s] -- Up-to-date symlink: /home/darsh/UR3_ROS2_PICK_AND_PLACE/install/ur_description/share/ur_description/config/ur10/visual_parameters.yaml
[0.388s] -- Up-to-date symlink: /home/darsh/UR3_ROS2_PICK_AND_PLACE/install/ur_description/share/ur_description/config/ur10e/default_kinematics.yaml
[0.388s] -- Up-to-date symlink: /home/darsh/UR3_ROS2_PICK_AND_PLACE/install/ur_description/share/ur_description/config/ur10e/joint_limits.yaml
[0.388s] -- Up-to-date symlink: /home/darsh/UR3_ROS2_PICK_AND_PLACE/install/ur_description/share/ur_description/config/ur10e/physical_parameters.yaml
[0.389s] -- Up-to-date symlink: /home/darsh/UR3_ROS2_PICK_AND_PLACE/install/ur_description/share/ur_description/config/ur10e/visual_parameters.yaml
[0.389s] -- Up-to-date symlink: /home/darsh/UR3_ROS2_PICK_AND_PLACE/install/ur_description/share/ur_description/config/ur16e/default_kinematics.yaml
[0.391s] -- Up-to-date symlink: /home/darsh/UR3_ROS2_PICK_AND_PLACE/install/ur_description/share/ur_description/config/ur16e/joint_limits.yaml
[0.394s] -- Up-to-date symlink: /home/darsh/UR3_ROS2_PICK_AND_PLACE/install/ur_description/share/ur_description/config/ur16e/physical_parameters.yaml
[0.394s] -- Up-to-date symlink: /home/darsh/UR3_ROS2_PICK_AND_PLACE/install/ur_description/share/ur_description/config/ur16e/visual_parameters.yaml
[0.399s] -- Up-to-date symlink: /home/darsh/UR3_ROS2_PICK_AND_PLACE/install/ur_description/share/ur_description/config/ur20/default_kinematics.yaml
[0.400s] -- Up-to-date symlink: /home/darsh/UR3_ROS2_PICK_AND_PLACE/install/ur_description/share/ur_description/config/ur20/joint_limits.yaml
[0.400s] -- Up-to-date symlink: /home/darsh/UR3_ROS2_PICK_AND_PLACE/install/ur_description/share/ur_description/config/ur20/physical_parameters.yaml
[0.400s] -- Up-to-date symlink: /home/darsh/UR3_ROS2_PICK_AND_PLACE/install/ur_description/share/ur_description/config/ur20/visual_parameters.yaml
[0.400s] -- Up-to-date symlink: /home/darsh/UR3_ROS2_PICK_AND_PLACE/install/ur_description/share/ur_description/config/ur3/default_kinematics.yaml
[0.401s] -- Up-to-date symlink: /home/darsh/UR3_ROS2_PICK_AND_PLACE/install/ur_description/share/ur_description/config/ur3/joint_limits.yaml
[0.401s] -- Up-to-date symlink: /home/darsh/UR3_ROS2_PICK_AND_PLACE/install/ur_description/share/ur_description/config/ur3/physical_parameters.yaml
[0.401s] -- Up-to-date symlink: /home/darsh/UR3_ROS2_PICK_AND_PLACE/install/ur_description/share/ur_description/config/ur3/visual_parameters.yaml
[0.401s] -- Up-to-date symlink: /home/darsh/UR3_ROS2_PICK_AND_PLACE/install/ur_description/share/ur_description/config/ur30/default_kinematics.yaml
[0.401s] -- Up-to-date symlink: /home/darsh/UR3_ROS2_PICK_AND_PLACE/install/ur_description/share/ur_description/config/ur30/joint_limits.yaml
[0.403s] -- Up-to-date symlink: /home/darsh/UR3_ROS2_PICK_AND_PLACE/install/ur_description/share/ur_description/config/ur30/physical_parameters.yaml
[0.403s] -- Up-to-date symlink: /home/darsh/UR3_ROS2_PICK_AND_PLACE/install/ur_description/share/ur_description/config/ur30/visual_parameters.yaml
[0.415s] -- Up-to-date symlink: /home/darsh/UR3_ROS2_PICK_AND_PLACE/install/ur_description/share/ur_description/config/ur3e/default_kinematics.yaml
[0.416s] -- Up-to-date symlink: /home/darsh/UR3_ROS2_PICK_AND_PLACE/install/ur_description/share/ur_description/config/ur3e/joint_limits.yaml
[0.416s] -- Up-to-date symlink: /home/darsh/UR3_ROS2_PICK_AND_PLACE/install/ur_description/share/ur_description/config/ur3e/physical_parameters.yaml
[0.416s] -- Up-to-date symlink: /home/darsh/UR3_ROS2_PICK_AND_PLACE/install/ur_description/share/ur_description/config/ur3e/visual_parameters.yaml
[0.417s] -- Up-to-date symlink: /home/darsh/UR3_ROS2_PICK_AND_PLACE/install/ur_description/share/ur_description/config/ur5/default_kinematics.yaml
[0.418s] -- Up-to-date symlink: /home/darsh/UR3_ROS2_PICK_AND_PLACE/install/ur_description/share/ur_description/config/ur5/joint_limits.yaml
[0.419s] -- Up-to-date symlink: /home/darsh/UR3_ROS2_PICK_AND_PLACE/install/ur_description/share/ur_description/config/ur5/physical_parameters.yaml
[0.419s] -- Up-to-date symlink: /home/darsh/UR3_ROS2_PICK_AND_PLACE/install/ur_description/share/ur_description/config/ur5/visual_parameters.yaml
[0.419s] -- Up-to-date symlink: /home/darsh/UR3_ROS2_PICK_AND_PLACE/install/ur_description/share/ur_description/config/ur5e/default_kinematics.yaml
[0.421s] -- Up-to-date symlink: /home/darsh/UR3_ROS2_PICK_AND_PLACE/install/ur_description/share/ur_description/config/ur5e/joint_limits.yaml
[0.422s] -- Up-to-date symlink: /home/darsh/UR3_ROS2_PICK_AND_PLACE/install/ur_description/share/ur_description/config/ur5e/physical_parameters.yaml
[0.422s] -- Up-to-date symlink: /home/darsh/UR3_ROS2_PICK_AND_PLACE/install/ur_description/share/ur_description/config/ur5e/visual_parameters.yaml
[0.423s] -- Up-to-date symlink: /home/darsh/UR3_ROS2_PICK_AND_PLACE/install/ur_description/share/ur_description/launch/plan_motion.py
[0.424s] -- Up-to-date symlink: /home/darsh/UR3_ROS2_PICK_AND_PLACE/install/ur_description/share/ur_description/launch/view_ur.launch.py
[0.424s] -- Up-to-date symlink: /home/darsh/UR3_ROS2_PICK_AND_PLACE/install/ur_description/share/ur_description/meshes/d435/visual/d435.stl
[0.425s] -- Up-to-date symlink: /home/darsh/UR3_ROS2_PICK_AND_PLACE/install/ur_description/share/ur_description/meshes/ur10/collision/base.stl
[0.426s] -- Up-to-date symlink: /home/darsh/UR3_ROS2_PICK_AND_PLACE/install/ur_description/share/ur_description/meshes/ur10/collision/forearm.stl
[0.426s] -- Up-to-date symlink: /home/darsh/UR3_ROS2_PICK_AND_PLACE/install/ur_description/share/ur_description/meshes/ur10/collision/shoulder.stl
[0.428s] -- Up-to-date symlink: /home/darsh/UR3_ROS2_PICK_AND_PLACE/install/ur_description/share/ur_description/meshes/ur10/collision/upperarm.stl
[0.428s] -- Up-to-date symlink: /home/darsh/UR3_ROS2_PICK_AND_PLACE/install/ur_description/share/ur_description/meshes/ur10/collision/wrist1.stl
[0.430s] -- Up-to-date symlink: /home/darsh/UR3_ROS2_PICK_AND_PLACE/install/ur_description/share/ur_description/meshes/ur10/collision/wrist2.stl
[0.431s] -- Up-to-date symlink: /home/darsh/UR3_ROS2_PICK_AND_PLACE/install/ur_description/share/ur_description/meshes/ur10/collision/wrist3.stl
[0.434s] -- Up-to-date symlink: /home/darsh/UR3_ROS2_PICK_AND_PLACE/install/ur_description/share/ur_description/meshes/ur10/visual/base.dae
[0.435s] -- Up-to-date symlink: /home/darsh/UR3_ROS2_PICK_AND_PLACE/install/ur_description/share/ur_description/meshes/ur10/visual/forearm.dae
[0.436s] -- Up-to-date symlink: /home/darsh/UR3_ROS2_PICK_AND_PLACE/install/ur_description/share/ur_description/meshes/ur10/visual/shoulder.dae
[0.437s] -- Up-to-date symlink: /home/darsh/UR3_ROS2_PICK_AND_PLACE/install/ur_description/share/ur_description/meshes/ur10/visual/upperarm.dae
[0.438s] -- Up-to-date symlink: /home/darsh/UR3_ROS2_PICK_AND_PLACE/install/ur_description/share/ur_description/meshes/ur10/visual/wrist1.dae
[0.438s] -- Up-to-date symlink: /home/darsh/UR3_ROS2_PICK_AND_PLACE/install/ur_description/share/ur_description/meshes/ur10/visual/wrist2.dae
[0.439s] -- Up-to-date symlink: /home/darsh/UR3_ROS2_PICK_AND_PLACE/install/ur_description/share/ur_description/meshes/ur10/visual/wrist3.dae
[0.439s] -- Up-to-date symlink: /home/darsh/UR3_ROS2_PICK_AND_PLACE/install/ur_description/share/ur_description/meshes/ur10e/collision/base.stl
[0.440s] -- Up-to-date symlink: /home/darsh/UR3_ROS2_PICK_AND_PLACE/install/ur_description/share/ur_description/meshes/ur10e/collision/forearm.stl
[0.440s] -- Up-to-date symlink: /home/darsh/UR3_ROS2_PICK_AND_PLACE/install/ur_description/share/ur_description/meshes/ur10e/collision/shoulder.stl
[0.441s] -- Up-to-date symlink: /home/darsh/UR3_ROS2_PICK_AND_PLACE/install/ur_description/share/ur_description/meshes/ur10e/collision/upperarm.stl
[0.442s] -- Up-to-date symlink: /home/darsh/UR3_ROS2_PICK_AND_PLACE/install/ur_description/share/ur_description/meshes/ur10e/collision/wrist1.stl
[0.442s] -- Up-to-date symlink: /home/darsh/UR3_ROS2_PICK_AND_PLACE/install/ur_description/share/ur_description/meshes/ur10e/collision/wrist2.stl
[0.443s] -- Up-to-date symlink: /home/darsh/UR3_ROS2_PICK_AND_PLACE/install/ur_description/share/ur_description/meshes/ur10e/collision/wrist3.stl
[0.443s] -- Up-to-date symlink: /home/darsh/UR3_ROS2_PICK_AND_PLACE/install/ur_description/share/ur_description/meshes/ur10e/visual/base.dae
[0.444s] -- Up-to-date symlink: /home/darsh/UR3_ROS2_PICK_AND_PLACE/install/ur_description/share/ur_description/meshes/ur10e/visual/forearm.dae
[0.445s] -- Up-to-date symlink: /home/darsh/UR3_ROS2_PICK_AND_PLACE/install/ur_description/share/ur_description/meshes/ur10e/visual/shoulder.dae
[0.445s] -- Up-to-date symlink: /home/darsh/UR3_ROS2_PICK_AND_PLACE/install/ur_description/share/ur_description/meshes/ur10e/visual/upperarm.dae
[0.446s] -- Up-to-date symlink: /home/darsh/UR3_ROS2_PICK_AND_PLACE/install/ur_description/share/ur_description/meshes/ur10e/visual/wrist1.dae
[0.446s] -- Up-to-date symlink: /home/darsh/UR3_ROS2_PICK_AND_PLACE/install/ur_description/share/ur_description/meshes/ur10e/visual/wrist2.dae
[0.447s] -- Up-to-date symlink: /home/darsh/UR3_ROS2_PICK_AND_PLACE/install/ur_description/share/ur_description/meshes/ur10e/visual/wrist3.dae
[0.447s] -- Up-to-date symlink: /home/darsh/UR3_ROS2_PICK_AND_PLACE/install/ur_description/share/ur_description/meshes/ur16e/collision/forearm.stl
[0.447s] -- Up-to-date symlink: /home/darsh/UR3_ROS2_PICK_AND_PLACE/install/ur_description/share/ur_description/meshes/ur16e/collision/upperarm.stl
[0.447s] -- Up-to-date symlink: /home/darsh/UR3_ROS2_PICK_AND_PLACE/install/ur_description/share/ur_description/meshes/ur16e/visual/forearm.dae
[0.448s] -- Up-to-date symlink: /home/darsh/UR3_ROS2_PICK_AND_PLACE/install/ur_description/share/ur_description/meshes/ur16e/visual/upperarm.dae
[0.448s] -- Up-to-date symlink: /home/darsh/UR3_ROS2_PICK_AND_PLACE/install/ur_description/share/ur_description/meshes/ur20/LICENSE.txt
[0.462s] -- Up-to-date symlink: /home/darsh/UR3_ROS2_PICK_AND_PLACE/install/ur_description/share/ur_description/meshes/ur20/collision/base.stl
[0.463s] -- Up-to-date symlink: /home/darsh/UR3_ROS2_PICK_AND_PLACE/install/ur_description/share/ur_description/meshes/ur20/collision/forearm.stl
[0.463s] -- Up-to-date symlink: /home/darsh/UR3_ROS2_PICK_AND_PLACE/install/ur_description/share/ur_description/meshes/ur20/collision/shoulder.stl
[0.464s] -- Up-to-date symlink: /home/darsh/UR3_ROS2_PICK_AND_PLACE/install/ur_description/share/ur_description/meshes/ur20/collision/upperarm.stl
[0.464s] -- Up-to-date symlink: /home/darsh/UR3_ROS2_PICK_AND_PLACE/install/ur_description/share/ur_description/meshes/ur20/collision/wrist1.stl
[0.464s] -- Up-to-date symlink: /home/darsh/UR3_ROS2_PICK_AND_PLACE/install/ur_description/share/ur_description/meshes/ur20/collision/wrist2.stl
[0.464s] -- Up-to-date symlink: /home/darsh/UR3_ROS2_PICK_AND_PLACE/install/ur_description/share/ur_description/meshes/ur20/collision/wrist3.stl
[0.465s] -- Up-to-date symlink: /home/darsh/UR3_ROS2_PICK_AND_PLACE/install/ur_description/share/ur_description/meshes/ur20/visual/UR20_DIFF_8bit_2K.png
[0.466s] -- Up-to-date symlink: /home/darsh/UR3_ROS2_PICK_AND_PLACE/install/ur_description/share/ur_description/meshes/ur20/visual/base.dae
[0.466s] -- Up-to-date symlink: /home/darsh/UR3_ROS2_PICK_AND_PLACE/install/ur_description/share/ur_description/meshes/ur20/visual/forearm.dae
[0.466s] -- Up-to-date symlink: /home/darsh/UR3_ROS2_PICK_AND_PLACE/install/ur_description/share/ur_description/meshes/ur20/visual/shoulder.dae
[0.467s] -- Up-to-date symlink: /home/darsh/UR3_ROS2_PICK_AND_PLACE/install/ur_description/share/ur_description/meshes/ur20/visual/upperarm.dae
[0.467s] -- Up-to-date symlink: /home/darsh/UR3_ROS2_PICK_AND_PLACE/install/ur_description/share/ur_description/meshes/ur20/visual/wrist1.dae
[0.467s] -- Up-to-date symlink: /home/darsh/UR3_ROS2_PICK_AND_PLACE/install/ur_description/share/ur_description/meshes/ur20/visual/wrist2.dae
[0.467s] -- Up-to-date symlink: /home/darsh/UR3_ROS2_PICK_AND_PLACE/install/ur_description/share/ur_description/meshes/ur20/visual/wrist3.dae
[0.468s] -- Up-to-date symlink: /home/darsh/UR3_ROS2_PICK_AND_PLACE/install/ur_description/share/ur_description/meshes/ur3/collision/base.stl
[0.477s] -- Up-to-date symlink: /home/darsh/UR3_ROS2_PICK_AND_PLACE/install/ur_description/share/ur_description/meshes/ur3/collision/forearm.stl
[0.478s] -- Up-to-date symlink: /home/darsh/UR3_ROS2_PICK_AND_PLACE/install/ur_description/share/ur_description/meshes/ur3/collision/shoulder.stl
[0.478s] -- Up-to-date symlink: /home/darsh/UR3_ROS2_PICK_AND_PLACE/install/ur_description/share/ur_description/meshes/ur3/collision/upperarm.stl
[0.478s] -- Up-to-date symlink: /home/darsh/UR3_ROS2_PICK_AND_PLACE/install/ur_description/share/ur_description/meshes/ur3/collision/wrist1.stl
[0.478s] -- Up-to-date symlink: /home/darsh/UR3_ROS2_PICK_AND_PLACE/install/ur_description/share/ur_description/meshes/ur3/collision/wrist2.stl
[0.478s] -- Up-to-date symlink: /home/darsh/UR3_ROS2_PICK_AND_PLACE/install/ur_description/share/ur_description/meshes/ur3/collision/wrist3.stl
[0.479s] -- Up-to-date symlink: /home/darsh/UR3_ROS2_PICK_AND_PLACE/install/ur_description/share/ur_description/meshes/ur3/visual/base.dae
[0.479s] -- Up-to-date symlink: /home/darsh/UR3_ROS2_PICK_AND_PLACE/install/ur_description/share/ur_description/meshes/ur3/visual/forearm.dae
[0.480s] -- Up-to-date symlink: /home/darsh/UR3_ROS2_PICK_AND_PLACE/install/ur_description/share/ur_description/meshes/ur3/visual/shoulder.dae
[0.480s] -- Up-to-date symlink: /home/darsh/UR3_ROS2_PICK_AND_PLACE/install/ur_description/share/ur_description/meshes/ur3/visual/upperarm.dae
[0.480s] -- Up-to-date symlink: /home/darsh/UR3_ROS2_PICK_AND_PLACE/install/ur_description/share/ur_description/meshes/ur3/visual/wrist1.dae
[0.480s] -- Up-to-date symlink: /home/darsh/UR3_ROS2_PICK_AND_PLACE/install/ur_description/share/ur_description/meshes/ur3/visual/wrist2.dae
[0.480s] -- Up-to-date symlink: /home/darsh/UR3_ROS2_PICK_AND_PLACE/install/ur_description/share/ur_description/meshes/ur3/visual/wrist3.dae
[0.481s] -- Up-to-date symlink: /home/darsh/UR3_ROS2_PICK_AND_PLACE/install/ur_description/share/ur_description/meshes/ur30/LICENSE.txt
[0.481s] -- Up-to-date symlink: /home/darsh/UR3_ROS2_PICK_AND_PLACE/install/ur_description/share/ur_description/meshes/ur30/collision/forearm.stl
[0.481s] -- Up-to-date symlink: /home/darsh/UR3_ROS2_PICK_AND_PLACE/install/ur_description/share/ur_description/meshes/ur30/collision/upperarm.stl
[0.488s] -- Up-to-date symlink: /home/darsh/UR3_ROS2_PICK_AND_PLACE/install/ur_description/share/ur_description/meshes/ur30/visual/UR30_DIFF_8bit_2K.png
[0.488s] -- Up-to-date symlink: /home/darsh/UR3_ROS2_PICK_AND_PLACE/install/ur_description/share/ur_description/meshes/ur30/visual/forearm.dae
[0.488s] -- Up-to-date symlink: /home/darsh/UR3_ROS2_PICK_AND_PLACE/install/ur_description/share/ur_description/meshes/ur30/visual/upperarm.dae
[0.488s] -- Up-to-date symlink: /home/darsh/UR3_ROS2_PICK_AND_PLACE/install/ur_description/share/ur_description/meshes/ur3e/collision/base.stl
[0.489s] -- Up-to-date symlink: /home/darsh/UR3_ROS2_PICK_AND_PLACE/install/ur_description/share/ur_description/meshes/ur3e/collision/forearm.stl
[0.489s] -- Up-to-date symlink: /home/darsh/UR3_ROS2_PICK_AND_PLACE/install/ur_description/share/ur_description/meshes/ur3e/collision/shoulder.stl
[0.489s] -- Up-to-date symlink: /home/darsh/UR3_ROS2_PICK_AND_PLACE/install/ur_description/share/ur_description/meshes/ur3e/collision/upperarm.stl
[0.489s] -- Up-to-date symlink: /home/darsh/UR3_ROS2_PICK_AND_PLACE/install/ur_description/share/ur_description/meshes/ur3e/collision/wrist1.stl
[0.489s] -- Up-to-date symlink: /home/darsh/UR3_ROS2_PICK_AND_PLACE/install/ur_description/share/ur_description/meshes/ur3e/collision/wrist2.stl
[0.489s] -- Up-to-date symlink: /home/darsh/UR3_ROS2_PICK_AND_PLACE/install/ur_description/share/ur_description/meshes/ur3e/collision/wrist3.stl
[0.489s] -- Up-to-date symlink: /home/darsh/UR3_ROS2_PICK_AND_PLACE/install/ur_description/share/ur_description/meshes/ur3e/visual/base.dae
[0.490s] -- Up-to-date symlink: /home/darsh/UR3_ROS2_PICK_AND_PLACE/install/ur_description/share/ur_description/meshes/ur3e/visual/forearm.dae
[0.490s] -- Up-to-date symlink: /home/darsh/UR3_ROS2_PICK_AND_PLACE/install/ur_description/share/ur_description/meshes/ur3e/visual/shoulder.dae
[0.490s] -- Up-to-date symlink: /home/darsh/UR3_ROS2_PICK_AND_PLACE/install/ur_description/share/ur_description/meshes/ur3e/visual/upperarm.dae
[0.490s] -- Up-to-date symlink: /home/darsh/UR3_ROS2_PICK_AND_PLACE/install/ur_description/share/ur_description/meshes/ur3e/visual/wrist1.dae
[0.490s] -- Up-to-date symlink: /home/darsh/UR3_ROS2_PICK_AND_PLACE/install/ur_description/share/ur_description/meshes/ur3e/visual/wrist2.dae
[0.490s] -- Up-to-date symlink: /home/darsh/UR3_ROS2_PICK_AND_PLACE/install/ur_description/share/ur_description/meshes/ur3e/visual/wrist3.dae
[0.491s] -- Up-to-date symlink: /home/darsh/UR3_ROS2_PICK_AND_PLACE/install/ur_description/share/ur_description/meshes/ur5/collision/base.stl
[0.491s] -- Up-to-date symlink: /home/darsh/UR3_ROS2_PICK_AND_PLACE/install/ur_description/share/ur_description/meshes/ur5/collision/forearm.stl
[0.491s] -- Up-to-date symlink: /home/darsh/UR3_ROS2_PICK_AND_PLACE/install/ur_description/share/ur_description/meshes/ur5/collision/shoulder.stl
[0.491s] -- Up-to-date symlink: /home/darsh/UR3_ROS2_PICK_AND_PLACE/install/ur_description/share/ur_description/meshes/ur5/collision/upperarm.stl
[0.491s] -- Up-to-date symlink: /home/darsh/UR3_ROS2_PICK_AND_PLACE/install/ur_description/share/ur_description/meshes/ur5/collision/wrist1.stl
[0.491s] -- Up-to-date symlink: /home/darsh/UR3_ROS2_PICK_AND_PLACE/install/ur_description/share/ur_description/meshes/ur5/collision/wrist2.stl
[0.491s] -- Up-to-date symlink: /home/darsh/UR3_ROS2_PICK_AND_PLACE/install/ur_description/share/ur_description/meshes/ur5/collision/wrist3.stl
[0.492s] -- Up-to-date symlink: /home/darsh/UR3_ROS2_PICK_AND_PLACE/install/ur_description/share/ur_description/meshes/ur5/visual/base.dae
[0.492s] -- Up-to-date symlink: /home/darsh/UR3_ROS2_PICK_AND_PLACE/install/ur_description/share/ur_description/meshes/ur5/visual/forearm.dae
[0.492s] -- Up-to-date symlink: /home/darsh/UR3_ROS2_PICK_AND_PLACE/install/ur_description/share/ur_description/meshes/ur5/visual/shoulder.dae
[0.492s] -- Up-to-date symlink: /home/darsh/UR3_ROS2_PICK_AND_PLACE/install/ur_description/share/ur_description/meshes/ur5/visual/upperarm.dae
[0.492s] -- Up-to-date symlink: /home/darsh/UR3_ROS2_PICK_AND_PLACE/install/ur_description/share/ur_description/meshes/ur5/visual/wrist1.dae
[0.492s] -- Up-to-date symlink: /home/darsh/UR3_ROS2_PICK_AND_PLACE/install/ur_description/share/ur_description/meshes/ur5/visual/wrist2.dae
[0.492s] -- Up-to-date symlink: /home/darsh/UR3_ROS2_PICK_AND_PLACE/install/ur_description/share/ur_description/meshes/ur5/visual/wrist3.dae
[0.493s] -- Up-to-date symlink: /home/darsh/UR3_ROS2_PICK_AND_PLACE/install/ur_description/share/ur_description/meshes/ur5e/collision/base.stl
[0.493s] -- Up-to-date symlink: /home/darsh/UR3_ROS2_PICK_AND_PLACE/install/ur_description/share/ur_description/meshes/ur5e/collision/forearm.stl
[0.493s] -- Up-to-date symlink: /home/darsh/UR3_ROS2_PICK_AND_PLACE/install/ur_description/share/ur_description/meshes/ur5e/collision/shoulder.stl
[0.493s] -- Up-to-date symlink: /home/darsh/UR3_ROS2_PICK_AND_PLACE/install/ur_description/share/ur_description/meshes/ur5e/collision/upperarm.stl
[0.493s] -- Up-to-date symlink: /home/darsh/UR3_ROS2_PICK_AND_PLACE/install/ur_description/share/ur_description/meshes/ur5e/collision/wrist1.stl
[0.493s] -- Up-to-date symlink: /home/darsh/UR3_ROS2_PICK_AND_PLACE/install/ur_description/share/ur_description/meshes/ur5e/collision/wrist2.stl
[0.493s] -- Up-to-date symlink: /home/darsh/UR3_ROS2_PICK_AND_PLACE/install/ur_description/share/ur_description/meshes/ur5e/collision/wrist3.stl
[0.493s] -- Up-to-date symlink: /home/darsh/UR3_ROS2_PICK_AND_PLACE/install/ur_description/share/ur_description/meshes/ur5e/visual/base.dae
[0.494s] -- Up-to-date symlink: /home/darsh/UR3_ROS2_PICK_AND_PLACE/install/ur_description/share/ur_description/meshes/ur5e/visual/forearm.dae
[0.494s] -- Up-to-date symlink: /home/darsh/UR3_ROS2_PICK_AND_PLACE/install/ur_description/share/ur_description/meshes/ur5e/visual/shoulder.dae
[0.494s] -- Up-to-date symlink: /home/darsh/UR3_ROS2_PICK_AND_PLACE/install/ur_description/share/ur_description/meshes/ur5e/visual/upperarm.dae
[0.494s] -- Up-to-date symlink: /home/darsh/UR3_ROS2_PICK_AND_PLACE/install/ur_description/share/ur_description/meshes/ur5e/visual/wrist1.dae
[0.494s] -- Up-to-date symlink: /home/darsh/UR3_ROS2_PICK_AND_PLACE/install/ur_description/share/ur_description/meshes/ur5e/visual/wrist2.dae
[0.495s] -- Up-to-date symlink: /home/darsh/UR3_ROS2_PICK_AND_PLACE/install/ur_description/share/ur_description/meshes/ur5e/visual/wrist3.dae
[0.495s] -- Up-to-date symlink: /home/darsh/UR3_ROS2_PICK_AND_PLACE/install/ur_description/share/ur_description/rviz/view_robot.rviz
[0.495s] -- Up-to-date symlink: /home/darsh/UR3_ROS2_PICK_AND_PLACE/install/ur_description/share/ur_description/urdf/gazebo_sim_ros2_control.urdf.xacro
[0.496s] -- Up-to-date symlink: /home/darsh/UR3_ROS2_PICK_AND_PLACE/install/ur_description/share/ur_description/urdf/inc/ur_common.xacro
[0.496s] -- Up-to-date symlink: /home/darsh/UR3_ROS2_PICK_AND_PLACE/install/ur_description/share/ur_description/urdf/inc/ur_joint_control.xacro
[0.496s] -- Up-to-date symlink: /home/darsh/UR3_ROS2_PICK_AND_PLACE/install/ur_description/share/ur_description/urdf/inc/ur_sensors.xacro
[0.496s] -- Up-to-date symlink: /home/darsh/UR3_ROS2_PICK_AND_PLACE/install/ur_description/share/ur_description/urdf/inc/ur_transmissions.xacro
[0.496s] -- Up-to-date symlink: /home/darsh/UR3_ROS2_PICK_AND_PLACE/install/ur_description/share/ur_description/urdf/intel_rgbd_cam_d435.urdf.xacro
[0.497s] -- Up-to-date symlink: /home/darsh/UR3_ROS2_PICK_AND_PLACE/install/ur_description/share/ur_description/urdf/ros2_control_mock_hardware.xacro
[0.497s] -- Up-to-date symlink: /home/darsh/UR3_ROS2_PICK_AND_PLACE/install/ur_description/share/ur_description/urdf/ur.ros2_control.xacro
[0.497s] -- Up-to-date symlink: /home/darsh/UR3_ROS2_PICK_AND_PLACE/install/ur_description/share/ur_description/urdf/ur.urdf
[0.497s] -- Up-to-date symlink: /home/darsh/UR3_ROS2_PICK_AND_PLACE/install/ur_description/share/ur_description/urdf/ur.urdf copy.xacro
[0.498s] -- Up-to-date symlink: /home/darsh/UR3_ROS2_PICK_AND_PLACE/install/ur_description/share/ur_description/urdf/ur.urdf.xacro
[0.498s] -- Up-to-date symlink: /home/darsh/UR3_ROS2_PICK_AND_PLACE/install/ur_description/share/ur_description/urdf/ur_macro.xacro
[0.498s] -- Up-to-date symlink: /home/darsh/UR3_ROS2_PICK_AND_PLACE/install/ur_description/share/ur_description/urdf/ur_mocked.urdf.xacro
[0.498s] -- Up-to-date symlink: /home/darsh/UR3_ROS2_PICK_AND_PLACE/install/ur_description/share/ur_description/urdf/ur_robot.urdf
[0.499s] -- Up-to-date symlink: /home/darsh/UR3_ROS2_PICK_AND_PLACE/install/ur_description/share/ament_index/resource_index/package_run_dependencies/ur_description
[0.506s] -- Up-to-date symlink: /home/darsh/UR3_ROS2_PICK_AND_PLACE/install/ur_description/share/ament_index/resource_index/parent_prefix_path/ur_description
[0.507s] -- Up-to-date symlink: /home/darsh/UR3_ROS2_PICK_AND_PLACE/install/ur_description/share/ur_description/environment/ament_prefix_path.sh
[0.507s] -- Up-to-date symlink: /home/darsh/UR3_ROS2_PICK_AND_PLACE/install/ur_description/share/ur_description/environment/ament_prefix_path.dsv
[0.508s] -- Up-to-date symlink: /home/darsh/UR3_ROS2_PICK_AND_PLACE/install/ur_description/share/ur_description/environment/path.sh
[0.513s] -- Up-to-date symlink: /home/darsh/UR3_ROS2_PICK_AND_PLACE/install/ur_description/share/ur_description/environment/path.dsv
[0.514s] -- Up-to-date symlink: /home/darsh/UR3_ROS2_PICK_AND_PLACE/install/ur_description/share/ur_description/local_setup.bash
[0.515s] -- Up-to-date symlink: /home/darsh/UR3_ROS2_PICK_AND_PLACE/install/ur_description/share/ur_description/local_setup.sh
[0.517s] -- Up-to-date symlink: /home/darsh/UR3_ROS2_PICK_AND_PLACE/install/ur_description/share/ur_description/local_setup.zsh
[0.520s] -- Up-to-date symlink: /home/darsh/UR3_ROS2_PICK_AND_PLACE/install/ur_description/share/ur_description/local_setup.dsv
[0.523s] -- Up-to-date symlink: /home/darsh/UR3_ROS2_PICK_AND_PLACE/install/ur_description/share/ur_description/package.dsv
[0.525s] -- Up-to-date symlink: /home/darsh/UR3_ROS2_PICK_AND_PLACE/install/ur_description/share/ament_index/resource_index/packages/ur_description
[0.525s] -- Up-to-date symlink: /home/darsh/UR3_ROS2_PICK_AND_PLACE/install/ur_description/share/ur_description/cmake/ur_descriptionConfig.cmake
[0.527s] -- Up-to-date symlink: /home/darsh/UR3_ROS2_PICK_AND_PLACE/install/ur_description/share/ur_description/cmake/ur_descriptionConfig-version.cmake
[0.530s] -- Up-to-date symlink: /home/darsh/UR3_ROS2_PICK_AND_PLACE/install/ur_description/share/ur_description/package.xml
[0.530s] Invoked command in '/home/darsh/UR3_ROS2_PICK_AND_PLACE/build/ur_description' returned '0': CMAKE_PREFIX_PATH=${CMAKE_PREFIX_PATH}:/opt/ros/jazzy /usr/bin/cmake --install /home/darsh/UR3_ROS2_PICK_AND_PLACE/build/ur_description
