[0.385s] Invoking command in '/home/darsh/UR3_ROS2_PICK_AND_PLACE/build/moveit_task_constructor_core': CMAKE_PREFIX_PATH=/home/darsh/UR3_ROS2_PICK_AND_PLACE/install/rviz_marker_tools:/home/darsh/UR3_ROS2_PICK_AND_PLACE/install/moveit_task_constructor_msgs:/home/darsh/UR3_ROS2_PICK_AND_PLACE/install/moveit_config:/home/darsh/UR3_ROS2_PICK_AND_PLACE/install/warehouse_ros_mongo:/home/darsh/UR3_ROS2_PICK_AND_PLACE/install/ur_mtc_pick_place_demo:/home/darsh/UR3_ROS2_PICK_AND_PLACE/install/ur_mtc_demos:/home/darsh/UR3_ROS2_PICK_AND_PLACE/install/ur_moveit_demos:/home/darsh/UR3_ROS2_PICK_AND_PLACE/install/ur_interfaces:/home/darsh/UR3_ROS2_PICK_AND_PLACE/install/ur_gazebo:/home/darsh/UR3_ROS2_PICK_AND_PLACE/install/ur_description:/home/darsh/UR3_ROS2_PICK_AND_PLACE/install/moveit_task_constructor_visualization:/home/darsh/UR3_ROS2_PICK_AND_PLACE/install/moveit_task_constructor_demo:/home/darsh/UR3_ROS2_PICK_AND_PLACE/install/moveit_task_constructor_capabilities:/home/darsh/UR3_ROS2_PICK_AND_PLACE/install/moveit_task_constructor_core:/home/darsh/UR3_ROS2_PICK_AND_PLACE/install/robotiq_2f_85_gripper_visualization:/opt/ros/jazzy/opt/gz_sim_vendor:/opt/ros/jazzy/opt/gz_sensors_vendor:/opt/ros/jazzy/opt/gz_physics_vendor:/opt/ros/jazzy/opt/sdformat_vendor:/opt/ros/jazzy/opt/gz_gui_vendor:/opt/ros/jazzy/opt/gz_transport_vendor:/opt/ros/jazzy/opt/gz_rendering_vendor:/opt/ros/jazzy/opt/gz_plugin_vendor:/opt/ros/jazzy/opt/gz_fuel_tools_vendor:/opt/ros/jazzy/opt/gz_msgs_vendor:/opt/ros/jazzy/opt/gz_common_vendor:/opt/ros/jazzy/opt/gz_math_vendor:/opt/ros/jazzy/opt/gz_utils_vendor:/opt/ros/jazzy/opt/gz_tools_vendor:/opt/ros/jazzy/opt/gz_ogre_next_vendor:/opt/ros/jazzy/opt/gz_dartsim_vendor:/opt/ros/jazzy/opt/gz_cmake_vendor:/opt/ros/jazzy LD_LIBRARY_PATH=/home/darsh/UR3_ROS2_PICK_AND_PLACE/install/rviz_marker_tools/lib:/home/darsh/UR3_ROS2_PICK_AND_PLACE/install/moveit_task_constructor_msgs/lib:/home/darsh/UR3_ROS2_PICK_AND_PLACE/install/warehouse_ros_mongo/lib:/home/darsh/UR3_ROS2_PICK_AND_PLACE/install/ur_mtc_pick_place_demo/lib:/home/darsh/UR3_ROS2_PICK_AND_PLACE/install/ur_interfaces/lib:/home/darsh/UR3_ROS2_PICK_AND_PLACE/install/moveit_task_constructor_visualization/lib:/home/darsh/UR3_ROS2_PICK_AND_PLACE/install/moveit_task_constructor_demo/lib:/home/darsh/UR3_ROS2_PICK_AND_PLACE/install/moveit_task_constructor_capabilities/lib:/home/darsh/UR3_ROS2_PICK_AND_PLACE/install/moveit_task_constructor_core/lib:/opt/ros/jazzy/opt/gz_sim_vendor/lib:/opt/ros/jazzy/opt/gz_sensors_vendor/lib:/opt/ros/jazzy/opt/gz_physics_vendor/lib:/opt/ros/jazzy/opt/sdformat_vendor/lib:/opt/ros/jazzy/opt/rviz_ogre_vendor/lib:/opt/ros/jazzy/lib/x86_64-linux-gnu:/opt/ros/jazzy/opt/gz_gui_vendor/lib:/opt/ros/jazzy/opt/gz_transport_vendor/lib:/opt/ros/jazzy/opt/gz_rendering_vendor/lib:/opt/ros/jazzy/opt/gz_plugin_vendor/lib:/opt/ros/jazzy/opt/gz_fuel_tools_vendor/lib:/opt/ros/jazzy/opt/gz_msgs_vendor/lib:/opt/ros/jazzy/opt/gz_common_vendor/lib:/opt/ros/jazzy/opt/gz_math_vendor/lib:/opt/ros/jazzy/opt/gz_utils_vendor/lib:/opt/ros/jazzy/opt/gz_tools_vendor/lib:/opt/ros/jazzy/opt/gz_ogre_next_vendor/lib:/opt/ros/jazzy/opt/gz_dartsim_vendor/lib:/opt/ros/jazzy/opt/gz_cmake_vendor/lib:/opt/ros/jazzy/lib PYTHONPATH=/home/darsh/UR3_ROS2_PICK_AND_PLACE/install/moveit_task_constructor_msgs/lib/python3.12/site-packages:/home/darsh/UR3_ROS2_PICK_AND_PLACE/install/warehouse_ros_mongo/lib/python3.12/site-packages:/home/darsh/UR3_ROS2_PICK_AND_PLACE/install/ur_interfaces/lib/python3.12/site-packages:/home/darsh/UR3_ROS2_PICK_AND_PLACE/install/moveit_task_constructor_core/lib/python3.12/site-packages:/opt/ros/jazzy/lib/python3.12/site-packages /usr/bin/cmake --build /home/darsh/UR3_ROS2_PICK_AND_PLACE/build/moveit_task_constructor_core -- -j4 -l4
[0.453s] [  0%] Built target ament_cmake_python_copy_moveit
[0.488s] [  3%] Built target gmock
[0.517s] [  5%] Built target gmock_main
[0.556s] [  8%] Built target gtest
[0.822s] running egg_info
[0.846s] writing moveit.egg-info/PKG-INFO
[0.846s] writing dependency_links to moveit.egg-info/dependency_links.txt
[0.847s] writing top-level names to moveit.egg-info/top_level.txt
[1.085s] reading manifest file 'moveit.egg-info/SOURCES.txt'
[1.088s] writing manifest file 'moveit.egg-info/SOURCES.txt'
[1.291s] [  8%] Built target ament_cmake_python_build_moveit_egg
[1.385s] [ 10%] Built target gtest_main
[1.690s] [ 28%] Built target moveit_task_constructor_core
[1.992s] [ 49%] Built target moveit_task_constructor_core_stages
[2.140s] [ 54%] Built target gtest_utils
[2.271s] [ 56%] Built target pick_ur5
[2.404s] [ 58%] Built target pick_pr2
[2.538s] [ 60%] Built target pick_pa10
[2.684s] [ 63%] Built target moveit_task_constructor_core-test-mockups
[2.814s] [ 65%] Built target moveit_task_constructor_core-test-stage
[2.962s] [ 67%] Built target moveit_task_constructor_core-test-container
[3.093s] [ 70%] Built target moveit_task_constructor_core-test-serial
[3.224s] [ 72%] Built target moveit_task_constructor_core-test-pruning
[3.323s] [ 74%] Built target moveit_task_constructor_core-test-properties
[3.476s] [ 77%] Built target moveit_task_constructor_core-test-cost-terms
[3.623s] [ 79%] Built target moveit_task_constructor_core-test-fallback
[3.733s] [ 81%] Built target moveit_task_constructor_core-test-cost-queue
[3.861s] [ 83%] Built target moveit_task_constructor_core-test-interface-state
[3.995s] [ 86%] Built target moveit_task_constructor_core-test-move-to
[4.131s] [ 88%] Built target moveit_task_constructor_core-test-move-relative
[4.261s] [ 90%] Built target moveit_task_constructor_core-test-pipeline-planner
[4.455s] [ 97%] Built target pymoveit_mtc
[4.563s] [100%] Built target moveit_task_constructor_core_stage_plugins
[4.609s] Invoked command in '/home/darsh/UR3_ROS2_PICK_AND_PLACE/build/moveit_task_constructor_core' returned '0': CMAKE_PREFIX_PATH=/home/darsh/UR3_ROS2_PICK_AND_PLACE/install/rviz_marker_tools:/home/darsh/UR3_ROS2_PICK_AND_PLACE/install/moveit_task_constructor_msgs:/home/darsh/UR3_ROS2_PICK_AND_PLACE/install/moveit_config:/home/darsh/UR3_ROS2_PICK_AND_PLACE/install/warehouse_ros_mongo:/home/darsh/UR3_ROS2_PICK_AND_PLACE/install/ur_mtc_pick_place_demo:/home/darsh/UR3_ROS2_PICK_AND_PLACE/install/ur_mtc_demos:/home/darsh/UR3_ROS2_PICK_AND_PLACE/install/ur_moveit_demos:/home/darsh/UR3_ROS2_PICK_AND_PLACE/install/ur_interfaces:/home/darsh/UR3_ROS2_PICK_AND_PLACE/install/ur_gazebo:/home/darsh/UR3_ROS2_PICK_AND_PLACE/install/ur_description:/home/darsh/UR3_ROS2_PICK_AND_PLACE/install/moveit_task_constructor_visualization:/home/darsh/UR3_ROS2_PICK_AND_PLACE/install/moveit_task_constructor_demo:/home/darsh/UR3_ROS2_PICK_AND_PLACE/install/moveit_task_constructor_capabilities:/home/darsh/UR3_ROS2_PICK_AND_PLACE/install/moveit_task_constructor_core:/home/darsh/UR3_ROS2_PICK_AND_PLACE/install/robotiq_2f_85_gripper_visualization:/opt/ros/jazzy/opt/gz_sim_vendor:/opt/ros/jazzy/opt/gz_sensors_vendor:/opt/ros/jazzy/opt/gz_physics_vendor:/opt/ros/jazzy/opt/sdformat_vendor:/opt/ros/jazzy/opt/gz_gui_vendor:/opt/ros/jazzy/opt/gz_transport_vendor:/opt/ros/jazzy/opt/gz_rendering_vendor:/opt/ros/jazzy/opt/gz_plugin_vendor:/opt/ros/jazzy/opt/gz_fuel_tools_vendor:/opt/ros/jazzy/opt/gz_msgs_vendor:/opt/ros/jazzy/opt/gz_common_vendor:/opt/ros/jazzy/opt/gz_math_vendor:/opt/ros/jazzy/opt/gz_utils_vendor:/opt/ros/jazzy/opt/gz_tools_vendor:/opt/ros/jazzy/opt/gz_ogre_next_vendor:/opt/ros/jazzy/opt/gz_dartsim_vendor:/opt/ros/jazzy/opt/gz_cmake_vendor:/opt/ros/jazzy LD_LIBRARY_PATH=/home/darsh/UR3_ROS2_PICK_AND_PLACE/install/rviz_marker_tools/lib:/home/darsh/UR3_ROS2_PICK_AND_PLACE/install/moveit_task_constructor_msgs/lib:/home/darsh/UR3_ROS2_PICK_AND_PLACE/install/warehouse_ros_mongo/lib:/home/darsh/UR3_ROS2_PICK_AND_PLACE/install/ur_mtc_pick_place_demo/lib:/home/darsh/UR3_ROS2_PICK_AND_PLACE/install/ur_interfaces/lib:/home/darsh/UR3_ROS2_PICK_AND_PLACE/install/moveit_task_constructor_visualization/lib:/home/darsh/UR3_ROS2_PICK_AND_PLACE/install/moveit_task_constructor_demo/lib:/home/darsh/UR3_ROS2_PICK_AND_PLACE/install/moveit_task_constructor_capabilities/lib:/home/darsh/UR3_ROS2_PICK_AND_PLACE/install/moveit_task_constructor_core/lib:/opt/ros/jazzy/opt/gz_sim_vendor/lib:/opt/ros/jazzy/opt/gz_sensors_vendor/lib:/opt/ros/jazzy/opt/gz_physics_vendor/lib:/opt/ros/jazzy/opt/sdformat_vendor/lib:/opt/ros/jazzy/opt/rviz_ogre_vendor/lib:/opt/ros/jazzy/lib/x86_64-linux-gnu:/opt/ros/jazzy/opt/gz_gui_vendor/lib:/opt/ros/jazzy/opt/gz_transport_vendor/lib:/opt/ros/jazzy/opt/gz_rendering_vendor/lib:/opt/ros/jazzy/opt/gz_plugin_vendor/lib:/opt/ros/jazzy/opt/gz_fuel_tools_vendor/lib:/opt/ros/jazzy/opt/gz_msgs_vendor/lib:/opt/ros/jazzy/opt/gz_common_vendor/lib:/opt/ros/jazzy/opt/gz_math_vendor/lib:/opt/ros/jazzy/opt/gz_utils_vendor/lib:/opt/ros/jazzy/opt/gz_tools_vendor/lib:/opt/ros/jazzy/opt/gz_ogre_next_vendor/lib:/opt/ros/jazzy/opt/gz_dartsim_vendor/lib:/opt/ros/jazzy/opt/gz_cmake_vendor/lib:/opt/ros/jazzy/lib PYTHONPATH=/home/darsh/UR3_ROS2_PICK_AND_PLACE/install/moveit_task_constructor_msgs/lib/python3.12/site-packages:/home/darsh/UR3_ROS2_PICK_AND_PLACE/install/warehouse_ros_mongo/lib/python3.12/site-packages:/home/darsh/UR3_ROS2_PICK_AND_PLACE/install/ur_interfaces/lib/python3.12/site-packages:/home/darsh/UR3_ROS2_PICK_AND_PLACE/install/moveit_task_constructor_core/lib/python3.12/site-packages:/opt/ros/jazzy/lib/python3.12/site-packages /usr/bin/cmake --build /home/darsh/UR3_ROS2_PICK_AND_PLACE/build/moveit_task_constructor_core -- -j4 -l4
[4.615s] Invoking command in '/home/darsh/UR3_ROS2_PICK_AND_PLACE/build/moveit_task_constructor_core': CMAKE_PREFIX_PATH=/home/darsh/UR3_ROS2_PICK_AND_PLACE/install/rviz_marker_tools:/home/darsh/UR3_ROS2_PICK_AND_PLACE/install/moveit_task_constructor_msgs:/home/darsh/UR3_ROS2_PICK_AND_PLACE/install/moveit_config:/home/darsh/UR3_ROS2_PICK_AND_PLACE/install/warehouse_ros_mongo:/home/darsh/UR3_ROS2_PICK_AND_PLACE/install/ur_mtc_pick_place_demo:/home/darsh/UR3_ROS2_PICK_AND_PLACE/install/ur_mtc_demos:/home/darsh/UR3_ROS2_PICK_AND_PLACE/install/ur_moveit_demos:/home/darsh/UR3_ROS2_PICK_AND_PLACE/install/ur_interfaces:/home/darsh/UR3_ROS2_PICK_AND_PLACE/install/ur_gazebo:/home/darsh/UR3_ROS2_PICK_AND_PLACE/install/ur_description:/home/darsh/UR3_ROS2_PICK_AND_PLACE/install/moveit_task_constructor_visualization:/home/darsh/UR3_ROS2_PICK_AND_PLACE/install/moveit_task_constructor_demo:/home/darsh/UR3_ROS2_PICK_AND_PLACE/install/moveit_task_constructor_capabilities:/home/darsh/UR3_ROS2_PICK_AND_PLACE/install/moveit_task_constructor_core:/home/darsh/UR3_ROS2_PICK_AND_PLACE/install/robotiq_2f_85_gripper_visualization:/opt/ros/jazzy/opt/gz_sim_vendor:/opt/ros/jazzy/opt/gz_sensors_vendor:/opt/ros/jazzy/opt/gz_physics_vendor:/opt/ros/jazzy/opt/sdformat_vendor:/opt/ros/jazzy/opt/gz_gui_vendor:/opt/ros/jazzy/opt/gz_transport_vendor:/opt/ros/jazzy/opt/gz_rendering_vendor:/opt/ros/jazzy/opt/gz_plugin_vendor:/opt/ros/jazzy/opt/gz_fuel_tools_vendor:/opt/ros/jazzy/opt/gz_msgs_vendor:/opt/ros/jazzy/opt/gz_common_vendor:/opt/ros/jazzy/opt/gz_math_vendor:/opt/ros/jazzy/opt/gz_utils_vendor:/opt/ros/jazzy/opt/gz_tools_vendor:/opt/ros/jazzy/opt/gz_ogre_next_vendor:/opt/ros/jazzy/opt/gz_dartsim_vendor:/opt/ros/jazzy/opt/gz_cmake_vendor:/opt/ros/jazzy LD_LIBRARY_PATH=/home/darsh/UR3_ROS2_PICK_AND_PLACE/install/rviz_marker_tools/lib:/home/darsh/UR3_ROS2_PICK_AND_PLACE/install/moveit_task_constructor_msgs/lib:/home/darsh/UR3_ROS2_PICK_AND_PLACE/install/warehouse_ros_mongo/lib:/home/darsh/UR3_ROS2_PICK_AND_PLACE/install/ur_mtc_pick_place_demo/lib:/home/darsh/UR3_ROS2_PICK_AND_PLACE/install/ur_interfaces/lib:/home/darsh/UR3_ROS2_PICK_AND_PLACE/install/moveit_task_constructor_visualization/lib:/home/darsh/UR3_ROS2_PICK_AND_PLACE/install/moveit_task_constructor_demo/lib:/home/darsh/UR3_ROS2_PICK_AND_PLACE/install/moveit_task_constructor_capabilities/lib:/home/darsh/UR3_ROS2_PICK_AND_PLACE/install/moveit_task_constructor_core/lib:/opt/ros/jazzy/opt/gz_sim_vendor/lib:/opt/ros/jazzy/opt/gz_sensors_vendor/lib:/opt/ros/jazzy/opt/gz_physics_vendor/lib:/opt/ros/jazzy/opt/sdformat_vendor/lib:/opt/ros/jazzy/opt/rviz_ogre_vendor/lib:/opt/ros/jazzy/lib/x86_64-linux-gnu:/opt/ros/jazzy/opt/gz_gui_vendor/lib:/opt/ros/jazzy/opt/gz_transport_vendor/lib:/opt/ros/jazzy/opt/gz_rendering_vendor/lib:/opt/ros/jazzy/opt/gz_plugin_vendor/lib:/opt/ros/jazzy/opt/gz_fuel_tools_vendor/lib:/opt/ros/jazzy/opt/gz_msgs_vendor/lib:/opt/ros/jazzy/opt/gz_common_vendor/lib:/opt/ros/jazzy/opt/gz_math_vendor/lib:/opt/ros/jazzy/opt/gz_utils_vendor/lib:/opt/ros/jazzy/opt/gz_tools_vendor/lib:/opt/ros/jazzy/opt/gz_ogre_next_vendor/lib:/opt/ros/jazzy/opt/gz_dartsim_vendor/lib:/opt/ros/jazzy/opt/gz_cmake_vendor/lib:/opt/ros/jazzy/lib PYTHONPATH=/home/darsh/UR3_ROS2_PICK_AND_PLACE/install/moveit_task_constructor_msgs/lib/python3.12/site-packages:/home/darsh/UR3_ROS2_PICK_AND_PLACE/install/warehouse_ros_mongo/lib/python3.12/site-packages:/home/darsh/UR3_ROS2_PICK_AND_PLACE/install/ur_interfaces/lib/python3.12/site-packages:/home/darsh/UR3_ROS2_PICK_AND_PLACE/install/moveit_task_constructor_core/lib/python3.12/site-packages:/opt/ros/jazzy/lib/python3.12/site-packages /usr/bin/cmake --install /home/darsh/UR3_ROS2_PICK_AND_PLACE/build/moveit_task_constructor_core
[4.645s] -- Install configuration: "Release"
[4.648s] -- Up-to-date: /home/darsh/UR3_ROS2_PICK_AND_PLACE/install/moveit_task_constructor_core/lib/libmoveit_task_constructor_core_stages.so
[4.649s] -- Up-to-date: /home/darsh/UR3_ROS2_PICK_AND_PLACE/install/moveit_task_constructor_core/lib/libmoveit_task_constructor_core_stage_plugins.so
[4.650s] -- Up-to-date: /home/darsh/UR3_ROS2_PICK_AND_PLACE/install/moveit_task_constructor_core/lib/libmoveit_task_constructor_core.so
[4.650s] -- Up-to-date: /home/darsh/UR3_ROS2_PICK_AND_PLACE/install/moveit_task_constructor_core/share/moveit_task_constructor_core/environment/pythonpath.sh
[4.651s] -- Up-to-date: /home/darsh/UR3_ROS2_PICK_AND_PLACE/install/moveit_task_constructor_core/share/moveit_task_constructor_core/environment/pythonpath.dsv
[4.652s] -- Up-to-date: /home/darsh/UR3_ROS2_PICK_AND_PLACE/install/moveit_task_constructor_core/lib/python3.12/site-packages/moveit-0.1.3-py3.12.egg-info
[4.652s] -- Installing: /home/darsh/UR3_ROS2_PICK_AND_PLACE/install/moveit_task_constructor_core/lib/python3.12/site-packages/moveit-0.1.3-py3.12.egg-info/top_level.txt
[4.653s] -- Installing: /home/darsh/UR3_ROS2_PICK_AND_PLACE/install/moveit_task_constructor_core/lib/python3.12/site-packages/moveit-0.1.3-py3.12.egg-info/PKG-INFO
[4.654s] -- Installing: /home/darsh/UR3_ROS2_PICK_AND_PLACE/install/moveit_task_constructor_core/lib/python3.12/site-packages/moveit-0.1.3-py3.12.egg-info/dependency_links.txt
[4.654s] -- Installing: /home/darsh/UR3_ROS2_PICK_AND_PLACE/install/moveit_task_constructor_core/lib/python3.12/site-packages/moveit-0.1.3-py3.12.egg-info/SOURCES.txt
[4.655s] -- Up-to-date: /home/darsh/UR3_ROS2_PICK_AND_PLACE/install/moveit_task_constructor_core/lib/python3.12/site-packages/moveit
[4.656s] -- Up-to-date: /home/darsh/UR3_ROS2_PICK_AND_PLACE/install/moveit_task_constructor_core/lib/python3.12/site-packages/moveit/__init__.py
[4.656s] -- Up-to-date: /home/darsh/UR3_ROS2_PICK_AND_PLACE/install/moveit_task_constructor_core/lib/python3.12/site-packages/moveit/task_constructor
[4.657s] -- Up-to-date: /home/darsh/UR3_ROS2_PICK_AND_PLACE/install/moveit_task_constructor_core/lib/python3.12/site-packages/moveit/task_constructor/stages.py
[4.657s] -- Up-to-date: /home/darsh/UR3_ROS2_PICK_AND_PLACE/install/moveit_task_constructor_core/lib/python3.12/site-packages/moveit/task_constructor/__init__.py
[4.657s] -- Up-to-date: /home/darsh/UR3_ROS2_PICK_AND_PLACE/install/moveit_task_constructor_core/lib/python3.12/site-packages/moveit/task_constructor/core.py
[4.808s] Listing '/home/darsh/UR3_ROS2_PICK_AND_PLACE/install/moveit_task_constructor_core/lib/python3.12/site-packages/moveit'...
[4.808s] Listing '/home/darsh/UR3_ROS2_PICK_AND_PLACE/install/moveit_task_constructor_core/lib/python3.12/site-packages/moveit/task_constructor'...
[4.835s] -- Up-to-date: /home/darsh/UR3_ROS2_PICK_AND_PLACE/install/moveit_task_constructor_core/include/moveit/python/pybind11
[4.835s] -- Up-to-date: /home/darsh/UR3_ROS2_PICK_AND_PLACE/install/moveit_task_constructor_core/include/moveit/python/pybind11/stl
[4.836s] -- Up-to-date: /home/darsh/UR3_ROS2_PICK_AND_PLACE/install/moveit_task_constructor_core/include/moveit/python/pybind11/stl/filesystem.h
[4.836s] -- Up-to-date: /home/darsh/UR3_ROS2_PICK_AND_PLACE/install/moveit_task_constructor_core/include/moveit/python/pybind11/gil_safe_call_once.h
[4.836s] -- Up-to-date: /home/darsh/UR3_ROS2_PICK_AND_PLACE/install/moveit_task_constructor_core/include/moveit/python/pybind11/operators.h
[4.837s] -- Up-to-date: /home/darsh/UR3_ROS2_PICK_AND_PLACE/install/moveit_task_constructor_core/include/moveit/python/pybind11/attr.h
[4.837s] -- Up-to-date: /home/darsh/UR3_ROS2_PICK_AND_PLACE/install/moveit_task_constructor_core/include/moveit/python/pybind11/functional.h
[4.838s] -- Up-to-date: /home/darsh/UR3_ROS2_PICK_AND_PLACE/install/moveit_task_constructor_core/include/moveit/python/pybind11/smart_holder.h
[4.838s] -- Up-to-date: /home/darsh/UR3_ROS2_PICK_AND_PLACE/install/moveit_task_constructor_core/include/moveit/python/pybind11/numpy.h
[4.838s] -- Up-to-date: /home/darsh/UR3_ROS2_PICK_AND_PLACE/install/moveit_task_constructor_core/include/moveit/python/pybind11/typing.h
[4.839s] -- Up-to-date: /home/darsh/UR3_ROS2_PICK_AND_PLACE/install/moveit_task_constructor_core/include/moveit/python/pybind11/pybind11.h
[4.839s] -- Up-to-date: /home/darsh/UR3_ROS2_PICK_AND_PLACE/install/moveit_task_constructor_core/include/moveit/python/pybind11/complex.h
[4.839s] -- Up-to-date: /home/darsh/UR3_ROS2_PICK_AND_PLACE/install/moveit_task_constructor_core/include/moveit/python/pybind11/gil.h
[4.840s] -- Up-to-date: /home/darsh/UR3_ROS2_PICK_AND_PLACE/install/moveit_task_constructor_core/include/moveit/python/pybind11/common.h
[4.840s] -- Up-to-date: /home/darsh/UR3_ROS2_PICK_AND_PLACE/install/moveit_task_constructor_core/include/moveit/python/pybind11/embed.h
[4.840s] -- Up-to-date: /home/darsh/UR3_ROS2_PICK_AND_PLACE/install/moveit_task_constructor_core/include/moveit/python/pybind11/eigen.h
[4.841s] -- Up-to-date: /home/darsh/UR3_ROS2_PICK_AND_PLACE/install/moveit_task_constructor_core/include/moveit/python/pybind11/chrono.h
[4.841s] -- Up-to-date: /home/darsh/UR3_ROS2_PICK_AND_PLACE/install/moveit_task_constructor_core/include/moveit/python/pybind11/type_caster_pyobject_ptr.h
[4.842s] -- Up-to-date: /home/darsh/UR3_ROS2_PICK_AND_PLACE/install/moveit_task_constructor_core/include/moveit/python/pybind11/iostream.h
[4.842s] -- Up-to-date: /home/darsh/UR3_ROS2_PICK_AND_PLACE/install/moveit_task_constructor_core/include/moveit/python/pybind11/buffer_info.h
[4.842s] -- Up-to-date: /home/darsh/UR3_ROS2_PICK_AND_PLACE/install/moveit_task_constructor_core/include/moveit/python/pybind11/pytypes.h
[4.843s] -- Up-to-date: /home/darsh/UR3_ROS2_PICK_AND_PLACE/install/moveit_task_constructor_core/include/moveit/python/pybind11/trampoline_self_life_support.h
[4.843s] -- Up-to-date: /home/darsh/UR3_ROS2_PICK_AND_PLACE/install/moveit_task_constructor_core/include/moveit/python/pybind11/eigen
[4.843s] -- Up-to-date: /home/darsh/UR3_ROS2_PICK_AND_PLACE/install/moveit_task_constructor_core/include/moveit/python/pybind11/eigen/tensor.h
[4.844s] -- Up-to-date: /home/darsh/UR3_ROS2_PICK_AND_PLACE/install/moveit_task_constructor_core/include/moveit/python/pybind11/eigen/common.h
[4.844s] -- Up-to-date: /home/darsh/UR3_ROS2_PICK_AND_PLACE/install/moveit_task_constructor_core/include/moveit/python/pybind11/eigen/matrix.h
[4.844s] -- Up-to-date: /home/darsh/UR3_ROS2_PICK_AND_PLACE/install/moveit_task_constructor_core/include/moveit/python/pybind11/options.h
[4.845s] -- Up-to-date: /home/darsh/UR3_ROS2_PICK_AND_PLACE/install/moveit_task_constructor_core/include/moveit/python/pybind11/stl.h
[4.845s] -- Up-to-date: /home/darsh/UR3_ROS2_PICK_AND_PLACE/install/moveit_task_constructor_core/include/moveit/python/pybind11/eval.h
[4.845s] -- Up-to-date: /home/darsh/UR3_ROS2_PICK_AND_PLACE/install/moveit_task_constructor_core/include/moveit/python/pybind11/stl_bind.h
[4.847s] -- Up-to-date: /home/darsh/UR3_ROS2_PICK_AND_PLACE/install/moveit_task_constructor_core/include/moveit/python/pybind11/cast.h
[4.847s] -- Up-to-date: /home/darsh/UR3_ROS2_PICK_AND_PLACE/install/moveit_task_constructor_core/include/moveit/python/pybind11/detail
[4.848s] -- Up-to-date: /home/darsh/UR3_ROS2_PICK_AND_PLACE/install/moveit_task_constructor_core/include/moveit/python/pybind11/detail/type_caster_base.h
[4.848s] -- Up-to-date: /home/darsh/UR3_ROS2_PICK_AND_PLACE/install/moveit_task_constructor_core/include/moveit/python/pybind11/detail/type_caster_odr_guard.h
[4.848s] -- Up-to-date: /home/darsh/UR3_ROS2_PICK_AND_PLACE/install/moveit_task_constructor_core/include/moveit/python/pybind11/detail/init.h
[4.849s] -- Up-to-date: /home/darsh/UR3_ROS2_PICK_AND_PLACE/install/moveit_task_constructor_core/include/moveit/python/pybind11/detail/typeid.h
[4.849s] -- Up-to-date: /home/darsh/UR3_ROS2_PICK_AND_PLACE/install/moveit_task_constructor_core/include/moveit/python/pybind11/detail/dynamic_raw_ptr_cast_if_possible.h
[4.850s] -- Up-to-date: /home/darsh/UR3_ROS2_PICK_AND_PLACE/install/moveit_task_constructor_core/include/moveit/python/pybind11/detail/smart_holder_poc.h
[4.850s] -- Up-to-date: /home/darsh/UR3_ROS2_PICK_AND_PLACE/install/moveit_task_constructor_core/include/moveit/python/pybind11/detail/smart_holder_type_casters.h
[4.851s] -- Up-to-date: /home/darsh/UR3_ROS2_PICK_AND_PLACE/install/moveit_task_constructor_core/include/moveit/python/pybind11/detail/smart_holder_sfinae_hooks_only.h
[4.851s] -- Up-to-date: /home/darsh/UR3_ROS2_PICK_AND_PLACE/install/moveit_task_constructor_core/include/moveit/python/pybind11/detail/common.h
[4.852s] -- Up-to-date: /home/darsh/UR3_ROS2_PICK_AND_PLACE/install/moveit_task_constructor_core/include/moveit/python/pybind11/detail/descr.h
[4.852s] -- Up-to-date: /home/darsh/UR3_ROS2_PICK_AND_PLACE/install/moveit_task_constructor_core/include/moveit/python/pybind11/detail/class.h
[4.852s] -- Up-to-date: /home/darsh/UR3_ROS2_PICK_AND_PLACE/install/moveit_task_constructor_core/include/moveit/python/pybind11/detail/internals.h
[4.852s] -- Up-to-date: /home/darsh/UR3_ROS2_PICK_AND_PLACE/install/moveit_task_constructor_core/share/moveit_task_constructor_core/cmake/pybind11Config.cmake
[4.853s] -- Up-to-date: /home/darsh/UR3_ROS2_PICK_AND_PLACE/install/moveit_task_constructor_core/share/moveit_task_constructor_core/cmake/pybind11ConfigVersion.cmake
[4.853s] -- Up-to-date: /home/darsh/UR3_ROS2_PICK_AND_PLACE/install/moveit_task_constructor_core/share/moveit_task_constructor_core/cmake/FindPythonLibsNew.cmake
[4.854s] -- Up-to-date: /home/darsh/UR3_ROS2_PICK_AND_PLACE/install/moveit_task_constructor_core/share/moveit_task_constructor_core/cmake/pybind11Common.cmake
[4.854s] -- Up-to-date: /home/darsh/UR3_ROS2_PICK_AND_PLACE/install/moveit_task_constructor_core/share/moveit_task_constructor_core/cmake/pybind11Tools.cmake
[4.854s] -- Up-to-date: /home/darsh/UR3_ROS2_PICK_AND_PLACE/install/moveit_task_constructor_core/share/moveit_task_constructor_core/cmake/pybind11NewTools.cmake
[4.857s] -- Up-to-date: /home/darsh/UR3_ROS2_PICK_AND_PLACE/install/moveit_task_constructor_core/share/moveit_task_constructor_core/cmake/pybind11Targets.cmake
[4.858s] -- Up-to-date: /home/darsh/UR3_ROS2_PICK_AND_PLACE/install/moveit_task_constructor_core/share/pkgconfig/pybind11.pc
[4.860s] -- Up-to-date: /home/darsh/UR3_ROS2_PICK_AND_PLACE/install/moveit_task_constructor_core/lib/python3.12/site-packages/pymoveit_mtc.cpython-312-x86_64-linux-gnu.so
[4.861s] -- Up-to-date: /home/darsh/UR3_ROS2_PICK_AND_PLACE/install/moveit_task_constructor_core/include
[4.862s] -- Up-to-date: /home/darsh/UR3_ROS2_PICK_AND_PLACE/install/moveit_task_constructor_core/include/moveit
[4.863s] -- Up-to-date: /home/darsh/UR3_ROS2_PICK_AND_PLACE/install/moveit_task_constructor_core/include/moveit/python
[4.864s] -- Up-to-date: /home/darsh/UR3_ROS2_PICK_AND_PLACE/install/moveit_task_constructor_core/include/moveit/python/task_constructor
[4.865s] -- Up-to-date: /home/darsh/UR3_ROS2_PICK_AND_PLACE/install/moveit_task_constructor_core/include/moveit/python/task_constructor/properties.h
[4.865s] -- Up-to-date: /home/darsh/UR3_ROS2_PICK_AND_PLACE/install/moveit_task_constructor_core/include/moveit/task_constructor
[4.869s] -- Up-to-date: /home/darsh/UR3_ROS2_PICK_AND_PLACE/install/moveit_task_constructor_core/include/moveit/task_constructor/utils.h
[4.870s] -- Up-to-date: /home/darsh/UR3_ROS2_PICK_AND_PLACE/install/moveit_task_constructor_core/include/moveit/task_constructor/stages
[4.871s] -- Up-to-date: /home/darsh/UR3_ROS2_PICK_AND_PLACE/install/moveit_task_constructor_core/include/moveit/task_constructor/stages/connect.h
[4.872s] -- Up-to-date: /home/darsh/UR3_ROS2_PICK_AND_PLACE/install/moveit_task_constructor_core/include/moveit/task_constructor/stages/generate_grasp_pose.h
[4.873s] -- Up-to-date: /home/darsh/UR3_ROS2_PICK_AND_PLACE/install/moveit_task_constructor_core/include/moveit/task_constructor/stages/predicate_filter.h
[4.874s] -- Up-to-date: /home/darsh/UR3_ROS2_PICK_AND_PLACE/install/moveit_task_constructor_core/include/moveit/task_constructor/stages/pick.h
[4.875s] -- Up-to-date: /home/darsh/UR3_ROS2_PICK_AND_PLACE/install/moveit_task_constructor_core/include/moveit/task_constructor/stages/generate_pose.h
[4.876s] -- Up-to-date: /home/darsh/UR3_ROS2_PICK_AND_PLACE/install/moveit_task_constructor_core/include/moveit/task_constructor/stages/modify_planning_scene.h
[4.877s] -- Up-to-date: /home/darsh/UR3_ROS2_PICK_AND_PLACE/install/moveit_task_constructor_core/include/moveit/task_constructor/stages/fixed_state.h
[4.878s] -- Up-to-date: /home/darsh/UR3_ROS2_PICK_AND_PLACE/install/moveit_task_constructor_core/include/moveit/task_constructor/stages/noop.h
[4.878s] -- Up-to-date: /home/darsh/UR3_ROS2_PICK_AND_PLACE/install/moveit_task_constructor_core/include/moveit/task_constructor/stages/fixed_cartesian_poses.h
[4.879s] -- Up-to-date: /home/darsh/UR3_ROS2_PICK_AND_PLACE/install/moveit_task_constructor_core/include/moveit/task_constructor/stages/move_to.h
[4.880s] -- Up-to-date: /home/darsh/UR3_ROS2_PICK_AND_PLACE/install/moveit_task_constructor_core/include/moveit/task_constructor/stages/move_relative.h
[4.881s] -- Up-to-date: /home/darsh/UR3_ROS2_PICK_AND_PLACE/install/moveit_task_constructor_core/include/moveit/task_constructor/stages/generate_random_pose.h
[4.882s] -- Up-to-date: /home/darsh/UR3_ROS2_PICK_AND_PLACE/install/moveit_task_constructor_core/include/moveit/task_constructor/stages/generate_place_pose.h
[4.883s] -- Up-to-date: /home/darsh/UR3_ROS2_PICK_AND_PLACE/install/moveit_task_constructor_core/include/moveit/task_constructor/stages/simple_grasp.h
[4.884s] -- Up-to-date: /home/darsh/UR3_ROS2_PICK_AND_PLACE/install/moveit_task_constructor_core/include/moveit/task_constructor/stages/passthrough.h
[4.885s] -- Up-to-date: /home/darsh/UR3_ROS2_PICK_AND_PLACE/install/moveit_task_constructor_core/include/moveit/task_constructor/stages/compute_ik.h
[4.888s] -- Up-to-date: /home/darsh/UR3_ROS2_PICK_AND_PLACE/install/moveit_task_constructor_core/include/moveit/task_constructor/stages/fix_collision_objects.h
[4.889s] -- Up-to-date: /home/darsh/UR3_ROS2_PICK_AND_PLACE/install/moveit_task_constructor_core/include/moveit/task_constructor/stages/current_state.h
[4.890s] -- Up-to-date: /home/darsh/UR3_ROS2_PICK_AND_PLACE/install/moveit_task_constructor_core/include/moveit/task_constructor/task.h
[4.891s] -- Up-to-date: /home/darsh/UR3_ROS2_PICK_AND_PLACE/install/moveit_task_constructor_core/include/moveit/task_constructor/container.h
[4.892s] -- Up-to-date: /home/darsh/UR3_ROS2_PICK_AND_PLACE/install/moveit_task_constructor_core/include/moveit/task_constructor/type_traits.h
[4.892s] -- Up-to-date: /home/darsh/UR3_ROS2_PICK_AND_PLACE/install/moveit_task_constructor_core/include/moveit/task_constructor/solvers
[4.893s] -- Up-to-date: /home/darsh/UR3_ROS2_PICK_AND_PLACE/install/moveit_task_constructor_core/include/moveit/task_constructor/solvers/multi_planner.h
[4.894s] -- Up-to-date: /home/darsh/UR3_ROS2_PICK_AND_PLACE/install/moveit_task_constructor_core/include/moveit/task_constructor/solvers/cartesian_path.h
[4.897s] -- Up-to-date: /home/darsh/UR3_ROS2_PICK_AND_PLACE/install/moveit_task_constructor_core/include/moveit/task_constructor/solvers/joint_interpolation.h
[4.898s] -- Up-to-date: /home/darsh/UR3_ROS2_PICK_AND_PLACE/install/moveit_task_constructor_core/include/moveit/task_constructor/solvers/planner_interface.h
[4.899s] -- Up-to-date: /home/darsh/UR3_ROS2_PICK_AND_PLACE/install/moveit_task_constructor_core/include/moveit/task_constructor/solvers/pipeline_planner.h
[4.900s] -- Up-to-date: /home/darsh/UR3_ROS2_PICK_AND_PLACE/install/moveit_task_constructor_core/include/moveit/task_constructor/marker_tools.h
[4.901s] -- Up-to-date: /home/darsh/UR3_ROS2_PICK_AND_PLACE/install/moveit_task_constructor_core/include/moveit/task_constructor/cost_queue.h
[4.902s] -- Up-to-date: /home/darsh/UR3_ROS2_PICK_AND_PLACE/install/moveit_task_constructor_core/include/moveit/task_constructor/properties.h
[4.903s] -- Up-to-date: /home/darsh/UR3_ROS2_PICK_AND_PLACE/install/moveit_task_constructor_core/include/moveit/task_constructor/solvers.h
[4.904s] -- Up-to-date: /home/darsh/UR3_ROS2_PICK_AND_PLACE/install/moveit_task_constructor_core/include/moveit/task_constructor/stage.h
[4.907s] -- Up-to-date: /home/darsh/UR3_ROS2_PICK_AND_PLACE/install/moveit_task_constructor_core/include/moveit/task_constructor/introspection.h
[4.908s] -- Up-to-date: /home/darsh/UR3_ROS2_PICK_AND_PLACE/install/moveit_task_constructor_core/include/moveit/task_constructor/storage.h
[4.909s] -- Up-to-date: /home/darsh/UR3_ROS2_PICK_AND_PLACE/install/moveit_task_constructor_core/include/moveit/task_constructor/merge.h
[4.910s] -- Up-to-date: /home/darsh/UR3_ROS2_PICK_AND_PLACE/install/moveit_task_constructor_core/include/moveit/task_constructor/trajectory_execution_info.h
[4.911s] -- Up-to-date: /home/darsh/UR3_ROS2_PICK_AND_PLACE/install/moveit_task_constructor_core/include/moveit/task_constructor/moveit_compat.h
[4.911s] -- Up-to-date: /home/darsh/UR3_ROS2_PICK_AND_PLACE/install/moveit_task_constructor_core/include/moveit/task_constructor/cost_terms.h
[4.912s] -- Up-to-date: /home/darsh/UR3_ROS2_PICK_AND_PLACE/install/moveit_task_constructor_core/include/moveit/task_constructor/stages.h
[4.913s] -- Up-to-date: /home/darsh/UR3_ROS2_PICK_AND_PLACE/install/moveit_task_constructor_core/share/moveit_task_constructor_core/motion_planning_stages_plugin_description.xml
[4.914s] -- Up-to-date: /home/darsh/UR3_ROS2_PICK_AND_PLACE/install/moveit_task_constructor_core/share/moveit_task_constructor_core/environment/library_path.sh
[4.915s] -- Up-to-date: /home/darsh/UR3_ROS2_PICK_AND_PLACE/install/moveit_task_constructor_core/share/moveit_task_constructor_core/environment/library_path.dsv
[4.916s] -- Up-to-date: /home/darsh/UR3_ROS2_PICK_AND_PLACE/install/moveit_task_constructor_core/share/ament_index/resource_index/package_run_dependencies/moveit_task_constructor_core
[4.917s] -- Up-to-date: /home/darsh/UR3_ROS2_PICK_AND_PLACE/install/moveit_task_constructor_core/share/ament_index/resource_index/parent_prefix_path/moveit_task_constructor_core
[4.918s] -- Up-to-date: /home/darsh/UR3_ROS2_PICK_AND_PLACE/install/moveit_task_constructor_core/share/moveit_task_constructor_core/environment/ament_prefix_path.sh
[4.920s] -- Up-to-date: /home/darsh/UR3_ROS2_PICK_AND_PLACE/install/moveit_task_constructor_core/share/moveit_task_constructor_core/environment/ament_prefix_path.dsv
[4.921s] -- Up-to-date: /home/darsh/UR3_ROS2_PICK_AND_PLACE/install/moveit_task_constructor_core/share/moveit_task_constructor_core/environment/path.sh
[4.922s] -- Up-to-date: /home/darsh/UR3_ROS2_PICK_AND_PLACE/install/moveit_task_constructor_core/share/moveit_task_constructor_core/environment/path.dsv
[4.925s] -- Up-to-date: /home/darsh/UR3_ROS2_PICK_AND_PLACE/install/moveit_task_constructor_core/share/moveit_task_constructor_core/local_setup.bash
[4.926s] -- Up-to-date: /home/darsh/UR3_ROS2_PICK_AND_PLACE/install/moveit_task_constructor_core/share/moveit_task_constructor_core/local_setup.sh
[4.927s] -- Up-to-date: /home/darsh/UR3_ROS2_PICK_AND_PLACE/install/moveit_task_constructor_core/share/moveit_task_constructor_core/local_setup.zsh
[4.928s] -- Up-to-date: /home/darsh/UR3_ROS2_PICK_AND_PLACE/install/moveit_task_constructor_core/share/moveit_task_constructor_core/local_setup.dsv
[4.929s] -- Installing: /home/darsh/UR3_ROS2_PICK_AND_PLACE/install/moveit_task_constructor_core/share/moveit_task_constructor_core/package.dsv
[4.930s] -- Up-to-date: /home/darsh/UR3_ROS2_PICK_AND_PLACE/install/moveit_task_constructor_core/share/ament_index/resource_index/packages/moveit_task_constructor_core
[4.931s] -- Up-to-date: /home/darsh/UR3_ROS2_PICK_AND_PLACE/install/moveit_task_constructor_core/share/ament_index/resource_index/moveit_task_constructor_core__pluginlib__plugin/moveit_task_constructor_core
[4.932s] -- Up-to-date: /home/darsh/UR3_ROS2_PICK_AND_PLACE/install/moveit_task_constructor_core/share/moveit_task_constructor_core/cmake/moveit_task_constructor_coreTargetsExport.cmake
[4.933s] -- Up-to-date: /home/darsh/UR3_ROS2_PICK_AND_PLACE/install/moveit_task_constructor_core/share/moveit_task_constructor_core/cmake/moveit_task_constructor_coreTargetsExport-release.cmake
[4.933s] -- Up-to-date: /home/darsh/UR3_ROS2_PICK_AND_PLACE/install/moveit_task_constructor_core/share/moveit_task_constructor_core/cmake/ament_cmake_export_targets-extras.cmake
[4.935s] -- Up-to-date: /home/darsh/UR3_ROS2_PICK_AND_PLACE/install/moveit_task_constructor_core/share/moveit_task_constructor_core/cmake/ament_cmake_export_dependencies-extras.cmake
[4.937s] -- Up-to-date: /home/darsh/UR3_ROS2_PICK_AND_PLACE/install/moveit_task_constructor_core/share/moveit_task_constructor_core/cmake/moveit_task_constructor_coreConfig.cmake
[4.938s] -- Up-to-date: /home/darsh/UR3_ROS2_PICK_AND_PLACE/install/moveit_task_constructor_core/share/moveit_task_constructor_core/cmake/moveit_task_constructor_coreConfig-version.cmake
[4.938s] -- Up-to-date: /home/darsh/UR3_ROS2_PICK_AND_PLACE/install/moveit_task_constructor_core/share/moveit_task_constructor_core/package.xml
[4.939s] Invoked command in '/home/darsh/UR3_ROS2_PICK_AND_PLACE/build/moveit_task_constructor_core' returned '0': CMAKE_PREFIX_PATH=/home/darsh/UR3_ROS2_PICK_AND_PLACE/install/rviz_marker_tools:/home/darsh/UR3_ROS2_PICK_AND_PLACE/install/moveit_task_constructor_msgs:/home/darsh/UR3_ROS2_PICK_AND_PLACE/install/moveit_config:/home/darsh/UR3_ROS2_PICK_AND_PLACE/install/warehouse_ros_mongo:/home/darsh/UR3_ROS2_PICK_AND_PLACE/install/ur_mtc_pick_place_demo:/home/darsh/UR3_ROS2_PICK_AND_PLACE/install/ur_mtc_demos:/home/darsh/UR3_ROS2_PICK_AND_PLACE/install/ur_moveit_demos:/home/darsh/UR3_ROS2_PICK_AND_PLACE/install/ur_interfaces:/home/darsh/UR3_ROS2_PICK_AND_PLACE/install/ur_gazebo:/home/darsh/UR3_ROS2_PICK_AND_PLACE/install/ur_description:/home/darsh/UR3_ROS2_PICK_AND_PLACE/install/moveit_task_constructor_visualization:/home/darsh/UR3_ROS2_PICK_AND_PLACE/install/moveit_task_constructor_demo:/home/darsh/UR3_ROS2_PICK_AND_PLACE/install/moveit_task_constructor_capabilities:/home/darsh/UR3_ROS2_PICK_AND_PLACE/install/moveit_task_constructor_core:/home/darsh/UR3_ROS2_PICK_AND_PLACE/install/robotiq_2f_85_gripper_visualization:/opt/ros/jazzy/opt/gz_sim_vendor:/opt/ros/jazzy/opt/gz_sensors_vendor:/opt/ros/jazzy/opt/gz_physics_vendor:/opt/ros/jazzy/opt/sdformat_vendor:/opt/ros/jazzy/opt/gz_gui_vendor:/opt/ros/jazzy/opt/gz_transport_vendor:/opt/ros/jazzy/opt/gz_rendering_vendor:/opt/ros/jazzy/opt/gz_plugin_vendor:/opt/ros/jazzy/opt/gz_fuel_tools_vendor:/opt/ros/jazzy/opt/gz_msgs_vendor:/opt/ros/jazzy/opt/gz_common_vendor:/opt/ros/jazzy/opt/gz_math_vendor:/opt/ros/jazzy/opt/gz_utils_vendor:/opt/ros/jazzy/opt/gz_tools_vendor:/opt/ros/jazzy/opt/gz_ogre_next_vendor:/opt/ros/jazzy/opt/gz_dartsim_vendor:/opt/ros/jazzy/opt/gz_cmake_vendor:/opt/ros/jazzy LD_LIBRARY_PATH=/home/darsh/UR3_ROS2_PICK_AND_PLACE/install/rviz_marker_tools/lib:/home/darsh/UR3_ROS2_PICK_AND_PLACE/install/moveit_task_constructor_msgs/lib:/home/darsh/UR3_ROS2_PICK_AND_PLACE/install/warehouse_ros_mongo/lib:/home/darsh/UR3_ROS2_PICK_AND_PLACE/install/ur_mtc_pick_place_demo/lib:/home/darsh/UR3_ROS2_PICK_AND_PLACE/install/ur_interfaces/lib:/home/darsh/UR3_ROS2_PICK_AND_PLACE/install/moveit_task_constructor_visualization/lib:/home/darsh/UR3_ROS2_PICK_AND_PLACE/install/moveit_task_constructor_demo/lib:/home/darsh/UR3_ROS2_PICK_AND_PLACE/install/moveit_task_constructor_capabilities/lib:/home/darsh/UR3_ROS2_PICK_AND_PLACE/install/moveit_task_constructor_core/lib:/opt/ros/jazzy/opt/gz_sim_vendor/lib:/opt/ros/jazzy/opt/gz_sensors_vendor/lib:/opt/ros/jazzy/opt/gz_physics_vendor/lib:/opt/ros/jazzy/opt/sdformat_vendor/lib:/opt/ros/jazzy/opt/rviz_ogre_vendor/lib:/opt/ros/jazzy/lib/x86_64-linux-gnu:/opt/ros/jazzy/opt/gz_gui_vendor/lib:/opt/ros/jazzy/opt/gz_transport_vendor/lib:/opt/ros/jazzy/opt/gz_rendering_vendor/lib:/opt/ros/jazzy/opt/gz_plugin_vendor/lib:/opt/ros/jazzy/opt/gz_fuel_tools_vendor/lib:/opt/ros/jazzy/opt/gz_msgs_vendor/lib:/opt/ros/jazzy/opt/gz_common_vendor/lib:/opt/ros/jazzy/opt/gz_math_vendor/lib:/opt/ros/jazzy/opt/gz_utils_vendor/lib:/opt/ros/jazzy/opt/gz_tools_vendor/lib:/opt/ros/jazzy/opt/gz_ogre_next_vendor/lib:/opt/ros/jazzy/opt/gz_dartsim_vendor/lib:/opt/ros/jazzy/opt/gz_cmake_vendor/lib:/opt/ros/jazzy/lib PYTHONPATH=/home/darsh/UR3_ROS2_PICK_AND_PLACE/install/moveit_task_constructor_msgs/lib/python3.12/site-packages:/home/darsh/UR3_ROS2_PICK_AND_PLACE/install/warehouse_ros_mongo/lib/python3.12/site-packages:/home/darsh/UR3_ROS2_PICK_AND_PLACE/install/ur_interfaces/lib/python3.12/site-packages:/home/darsh/UR3_ROS2_PICK_AND_PLACE/install/moveit_task_constructor_core/lib/python3.12/site-packages:/opt/ros/jazzy/lib/python3.12/site-packages /usr/bin/cmake --install /home/darsh/UR3_ROS2_PICK_AND_PLACE/build/moveit_task_constructor_core
