[0.422s] DEBUG:colcon:Command line arguments: ['/usr/bin/colcon', 'build']
[0.422s] DEBUG:colcon:Parsed command line arguments: Namespace(log_base=None, log_level=None, verb_name='build', build_base='build', install_base='install', merge_install=False, symlink_install=False, test_result_base=None, continue_on_error=False, executor='parallel', parallel_workers=16, event_handlers=None, ignore_user_meta=False, metas=['./colcon.meta'], base_paths=['.'], packages_ignore=None, packages_ignore_regex=None, paths=None, packages_up_to=None, packages_up_to_regex=None, packages_above=None, packages_above_and_dependencies=None, packages_above_depth=None, packages_select_by_dep=None, packages_skip_by_dep=None, packages_skip_up_to=None, packages_select_build_failed=False, packages_skip_build_finished=False, packages_select_test_failures=False, packages_skip_test_passed=False, packages_select=None, packages_skip=None, packages_select_regex=None, packages_skip_regex=None, packages_start=None, packages_end=None, allow_overriding=[], cmake_args=None, cmake_target=None, cmake_target_skip_unavailable=False, cmake_clean_cache=False, cmake_clean_first=False, cmake_force_configure=False, ament_cmake_args=None, catkin_cmake_args=None, catkin_skip_building_tests=False, verb_parser=<colcon_defaults.argument_parser.defaults.DefaultArgumentsDecorator object at 0x7f76ff682f60>, verb_extension=<colcon_core.verb.build.BuildVerb object at 0x7f76ff624350>, main=<bound method BuildVerb.main of <colcon_core.verb.build.BuildVerb object at 0x7f76ff624350>>)
[0.510s] Level 1:colcon.colcon_core.package_discovery:discover_packages(colcon_meta) check parameters
[0.511s] Level 1:colcon.colcon_core.package_discovery:discover_packages(recursive) check parameters
[0.511s] Level 1:colcon.colcon_core.package_discovery:discover_packages(ignore) check parameters
[0.511s] Level 1:colcon.colcon_core.package_discovery:discover_packages(path) check parameters
[0.511s] Level 1:colcon.colcon_core.package_discovery:discover_packages(colcon_meta) discover
[0.511s] Level 1:colcon.colcon_core.package_discovery:discover_packages(recursive) discover
[0.511s] INFO:colcon.colcon_core.package_discovery:Crawling recursively for packages in '/home/darsh/UR3_ROS2_PICK_AND_PLACE'
[0.511s] Level 1:colcon.colcon_core.package_identification:_identify(.) by extensions ['ignore', 'ignore_ament_install']
[0.511s] Level 1:colcon.colcon_core.package_identification:_identify(.) by extension 'ignore'
[0.512s] Level 1:colcon.colcon_core.package_identification:_identify(.) by extension 'ignore_ament_install'
[0.512s] Level 1:colcon.colcon_core.package_identification:_identify(.) by extensions ['colcon_pkg']
[0.512s] Level 1:colcon.colcon_core.package_identification:_identify(.) by extension 'colcon_pkg'
[0.512s] Level 1:colcon.colcon_core.package_identification:_identify(.) by extensions ['colcon_meta']
[0.512s] Level 1:colcon.colcon_core.package_identification:_identify(.) by extension 'colcon_meta'
[0.512s] Level 1:colcon.colcon_core.package_identification:_identify(.) by extensions ['ros']
[0.512s] Level 1:colcon.colcon_core.package_identification:_identify(.) by extension 'ros'
[0.573s] Level 1:colcon.colcon_core.package_identification:_identify(.) by extensions ['cmake', 'python']
[0.573s] Level 1:colcon.colcon_core.package_identification:_identify(.) by extension 'cmake'
[0.573s] Level 1:colcon.colcon_core.package_identification:_identify(.) by extension 'python'
[0.573s] Level 1:colcon.colcon_core.package_identification:_identify(.) by extensions ['python_setup_py']
[0.573s] Level 1:colcon.colcon_core.package_identification:_identify(.) by extension 'python_setup_py'
[0.574s] Level 1:colcon.colcon_core.package_identification:_identify(build) by extensions ['ignore', 'ignore_ament_install']
[0.574s] Level 1:colcon.colcon_core.package_identification:_identify(build) by extension 'ignore'
[0.574s] Level 1:colcon.colcon_core.package_identification:_identify(build) ignored
[0.575s] Level 1:colcon.colcon_core.package_identification:_identify(images) by extensions ['ignore', 'ignore_ament_install']
[0.575s] Level 1:colcon.colcon_core.package_identification:_identify(images) by extension 'ignore'
[0.575s] Level 1:colcon.colcon_core.package_identification:_identify(images) by extension 'ignore_ament_install'
[0.575s] Level 1:colcon.colcon_core.package_identification:_identify(images) by extensions ['colcon_pkg']
[0.575s] Level 1:colcon.colcon_core.package_identification:_identify(images) by extension 'colcon_pkg'
[0.575s] Level 1:colcon.colcon_core.package_identification:_identify(images) by extensions ['colcon_meta']
[0.576s] Level 1:colcon.colcon_core.package_identification:_identify(images) by extension 'colcon_meta'
[0.576s] Level 1:colcon.colcon_core.package_identification:_identify(images) by extensions ['ros']
[0.576s] Level 1:colcon.colcon_core.package_identification:_identify(images) by extension 'ros'
[0.576s] Level 1:colcon.colcon_core.package_identification:_identify(images) by extensions ['cmake', 'python']
[0.576s] Level 1:colcon.colcon_core.package_identification:_identify(images) by extension 'cmake'
[0.576s] Level 1:colcon.colcon_core.package_identification:_identify(images) by extension 'python'
[0.577s] Level 1:colcon.colcon_core.package_identification:_identify(images) by extensions ['python_setup_py']
[0.577s] Level 1:colcon.colcon_core.package_identification:_identify(images) by extension 'python_setup_py'
[0.577s] Level 1:colcon.colcon_core.package_identification:_identify(install) by extensions ['ignore', 'ignore_ament_install']
[0.577s] Level 1:colcon.colcon_core.package_identification:_identify(install) by extension 'ignore'
[0.578s] Level 1:colcon.colcon_core.package_identification:_identify(install) ignored
[0.578s] Level 1:colcon.colcon_core.package_identification:_identify(log) by extensions ['ignore', 'ignore_ament_install']
[0.578s] Level 1:colcon.colcon_core.package_identification:_identify(log) by extension 'ignore'
[0.578s] Level 1:colcon.colcon_core.package_identification:_identify(log) ignored
[0.579s] Level 1:colcon.colcon_core.package_identification:_identify(moveit_config) by extensions ['ignore', 'ignore_ament_install']
[0.579s] Level 1:colcon.colcon_core.package_identification:_identify(moveit_config) by extension 'ignore'
[0.579s] Level 1:colcon.colcon_core.package_identification:_identify(moveit_config) by extension 'ignore_ament_install'
[0.579s] Level 1:colcon.colcon_core.package_identification:_identify(moveit_config) by extensions ['colcon_pkg']
[0.579s] Level 1:colcon.colcon_core.package_identification:_identify(moveit_config) by extension 'colcon_pkg'
[0.580s] Level 1:colcon.colcon_core.package_identification:_identify(moveit_config) by extensions ['colcon_meta']
[0.580s] Level 1:colcon.colcon_core.package_identification:_identify(moveit_config) by extension 'colcon_meta'
[0.580s] Level 1:colcon.colcon_core.package_identification:_identify(moveit_config) by extensions ['ros']
[0.580s] Level 1:colcon.colcon_core.package_identification:_identify(moveit_config) by extension 'ros'
[0.587s] DEBUG:colcon.colcon_core.package_identification:Package 'moveit_config' with type 'ros.ament_cmake' and name 'moveit_config'
[0.587s] Level 1:colcon.colcon_core.package_identification:_identify(moveit_config_backuo) by extensions ['ignore', 'ignore_ament_install']
[0.587s] Level 1:colcon.colcon_core.package_identification:_identify(moveit_config_backuo) by extension 'ignore'
[0.588s] Level 1:colcon.colcon_core.package_identification:_identify(moveit_config_backuo) by extension 'ignore_ament_install'
[0.588s] Level 1:colcon.colcon_core.package_identification:_identify(moveit_config_backuo) by extensions ['colcon_pkg']
[0.588s] Level 1:colcon.colcon_core.package_identification:_identify(moveit_config_backuo) by extension 'colcon_pkg'
[0.588s] Level 1:colcon.colcon_core.package_identification:_identify(moveit_config_backuo) by extensions ['colcon_meta']
[0.588s] Level 1:colcon.colcon_core.package_identification:_identify(moveit_config_backuo) by extension 'colcon_meta'
[0.588s] Level 1:colcon.colcon_core.package_identification:_identify(moveit_config_backuo) by extensions ['ros']
[0.588s] Level 1:colcon.colcon_core.package_identification:_identify(moveit_config_backuo) by extension 'ros'
[0.590s] DEBUG:colcon.colcon_core.package_identification:Package 'moveit_config_backuo' with type 'ros.ament_cmake' and name 'moveit_config_backup'
[0.590s] Level 1:colcon.colcon_core.package_identification:_identify(robotiq_2f_85_gripper_visualization) by extensions ['ignore', 'ignore_ament_install']
[0.591s] Level 1:colcon.colcon_core.package_identification:_identify(robotiq_2f_85_gripper_visualization) by extension 'ignore'
[0.591s] Level 1:colcon.colcon_core.package_identification:_identify(robotiq_2f_85_gripper_visualization) by extension 'ignore_ament_install'
[0.591s] Level 1:colcon.colcon_core.package_identification:_identify(robotiq_2f_85_gripper_visualization) by extensions ['colcon_pkg']
[0.591s] Level 1:colcon.colcon_core.package_identification:_identify(robotiq_2f_85_gripper_visualization) by extension 'colcon_pkg'
[0.591s] Level 1:colcon.colcon_core.package_identification:_identify(robotiq_2f_85_gripper_visualization) by extensions ['colcon_meta']
[0.592s] Level 1:colcon.colcon_core.package_identification:_identify(robotiq_2f_85_gripper_visualization) by extension 'colcon_meta'
[0.592s] Level 1:colcon.colcon_core.package_identification:_identify(robotiq_2f_85_gripper_visualization) by extensions ['ros']
[0.592s] Level 1:colcon.colcon_core.package_identification:_identify(robotiq_2f_85_gripper_visualization) by extension 'ros'
[0.594s] DEBUG:colcon.colcon_core.package_identification:Package 'robotiq_2f_85_gripper_visualization' with type 'ros.ament_cmake' and name 'robotiq_2f_85_gripper_visualization'
[0.594s] Level 1:colcon.colcon_core.package_identification:_identify(ur_description) by extensions ['ignore', 'ignore_ament_install']
[0.595s] Level 1:colcon.colcon_core.package_identification:_identify(ur_description) by extension 'ignore'
[0.595s] Level 1:colcon.colcon_core.package_identification:_identify(ur_description) by extension 'ignore_ament_install'
[0.595s] Level 1:colcon.colcon_core.package_identification:_identify(ur_description) by extensions ['colcon_pkg']
[0.595s] Level 1:colcon.colcon_core.package_identification:_identify(ur_description) by extension 'colcon_pkg'
[0.595s] Level 1:colcon.colcon_core.package_identification:_identify(ur_description) by extensions ['colcon_meta']
[0.595s] Level 1:colcon.colcon_core.package_identification:_identify(ur_description) by extension 'colcon_meta'
[0.596s] Level 1:colcon.colcon_core.package_identification:_identify(ur_description) by extensions ['ros']
[0.596s] Level 1:colcon.colcon_core.package_identification:_identify(ur_description) by extension 'ros'
[0.597s] DEBUG:colcon.colcon_core.package_identification:Package 'ur_description' with type 'ros.ament_cmake' and name 'ur_description'
[0.598s] Level 1:colcon.colcon_core.package_identification:_identify(ur_gazebo) by extensions ['ignore', 'ignore_ament_install']
[0.598s] Level 1:colcon.colcon_core.package_identification:_identify(ur_gazebo) by extension 'ignore'
[0.598s] Level 1:colcon.colcon_core.package_identification:_identify(ur_gazebo) by extension 'ignore_ament_install'
[0.598s] Level 1:colcon.colcon_core.package_identification:_identify(ur_gazebo) by extensions ['colcon_pkg']
[0.598s] Level 1:colcon.colcon_core.package_identification:_identify(ur_gazebo) by extension 'colcon_pkg'
[0.599s] Level 1:colcon.colcon_core.package_identification:_identify(ur_gazebo) by extensions ['colcon_meta']
[0.599s] Level 1:colcon.colcon_core.package_identification:_identify(ur_gazebo) by extension 'colcon_meta'
[0.599s] Level 1:colcon.colcon_core.package_identification:_identify(ur_gazebo) by extensions ['ros']
[0.599s] Level 1:colcon.colcon_core.package_identification:_identify(ur_gazebo) by extension 'ros'
[0.602s] DEBUG:colcon.colcon_core.package_identification:Package 'ur_gazebo' with type 'ros.ament_cmake' and name 'ur_gazebo'
[0.602s] Level 1:colcon.colcon_core.package_identification:_identify(ur_interfaces) by extensions ['ignore', 'ignore_ament_install']
[0.603s] Level 1:colcon.colcon_core.package_identification:_identify(ur_interfaces) by extension 'ignore'
[0.603s] Level 1:colcon.colcon_core.package_identification:_identify(ur_interfaces) by extension 'ignore_ament_install'
[0.603s] Level 1:colcon.colcon_core.package_identification:_identify(ur_interfaces) by extensions ['colcon_pkg']
[0.603s] Level 1:colcon.colcon_core.package_identification:_identify(ur_interfaces) by extension 'colcon_pkg'
[0.603s] Level 1:colcon.colcon_core.package_identification:_identify(ur_interfaces) by extensions ['colcon_meta']
[0.603s] Level 1:colcon.colcon_core.package_identification:_identify(ur_interfaces) by extension 'colcon_meta'
[0.603s] Level 1:colcon.colcon_core.package_identification:_identify(ur_interfaces) by extensions ['ros']
[0.604s] Level 1:colcon.colcon_core.package_identification:_identify(ur_interfaces) by extension 'ros'
[0.604s] DEBUG:colcon.colcon_core.package_identification:Package 'ur_interfaces' with type 'ros.ament_cmake' and name 'ur_interfaces'
[0.605s] Level 1:colcon.colcon_core.package_identification:_identify(ur_moveit_demos) by extensions ['ignore', 'ignore_ament_install']
[0.605s] Level 1:colcon.colcon_core.package_identification:_identify(ur_moveit_demos) by extension 'ignore'
[0.605s] Level 1:colcon.colcon_core.package_identification:_identify(ur_moveit_demos) by extension 'ignore_ament_install'
[0.605s] Level 1:colcon.colcon_core.package_identification:_identify(ur_moveit_demos) by extensions ['colcon_pkg']
[0.605s] Level 1:colcon.colcon_core.package_identification:_identify(ur_moveit_demos) by extension 'colcon_pkg'
[0.605s] Level 1:colcon.colcon_core.package_identification:_identify(ur_moveit_demos) by extensions ['colcon_meta']
[0.605s] Level 1:colcon.colcon_core.package_identification:_identify(ur_moveit_demos) by extension 'colcon_meta'
[0.605s] Level 1:colcon.colcon_core.package_identification:_identify(ur_moveit_demos) by extensions ['ros']
[0.605s] Level 1:colcon.colcon_core.package_identification:_identify(ur_moveit_demos) by extension 'ros'
[0.607s] DEBUG:colcon.colcon_core.package_identification:Package 'ur_moveit_demos' with type 'ros.ament_cmake' and name 'ur_moveit_demos'
[0.607s] Level 1:colcon.colcon_core.package_identification:_identify(ur_system_tests) by extensions ['ignore', 'ignore_ament_install']
[0.607s] Level 1:colcon.colcon_core.package_identification:_identify(ur_system_tests) by extension 'ignore'
[0.607s] Level 1:colcon.colcon_core.package_identification:_identify(ur_system_tests) by extension 'ignore_ament_install'
[0.608s] Level 1:colcon.colcon_core.package_identification:_identify(ur_system_tests) by extensions ['colcon_pkg']
[0.608s] Level 1:colcon.colcon_core.package_identification:_identify(ur_system_tests) by extension 'colcon_pkg'
[0.608s] Level 1:colcon.colcon_core.package_identification:_identify(ur_system_tests) by extensions ['colcon_meta']
[0.608s] Level 1:colcon.colcon_core.package_identification:_identify(ur_system_tests) by extension 'colcon_meta'
[0.608s] Level 1:colcon.colcon_core.package_identification:_identify(ur_system_tests) by extensions ['ros']
[0.608s] Level 1:colcon.colcon_core.package_identification:_identify(ur_system_tests) by extension 'ros'
[0.609s] DEBUG:colcon.colcon_core.package_identification:Package 'ur_system_tests' with type 'ros.ament_cmake' and name 'ur_system_tests'
[0.609s] Level 1:colcon.colcon_core.package_discovery:discover_packages(recursive) using defaults
[0.609s] Level 1:colcon.colcon_core.package_discovery:discover_packages(ignore) discover
[0.610s] Level 1:colcon.colcon_core.package_discovery:discover_packages(ignore) using defaults
[0.610s] Level 1:colcon.colcon_core.package_discovery:discover_packages(path) discover
[0.610s] Level 1:colcon.colcon_core.package_discovery:discover_packages(path) using defaults
[0.653s] Level 1:colcon.colcon_core.package_discovery:discover_packages(prefix_path) check parameters
[0.653s] Level 1:colcon.colcon_core.package_discovery:discover_packages(prefix_path) discover
[0.658s] DEBUG:colcon.colcon_installed_package_information.package_discovery:Found 8 installed packages in /home/darsh/UR3_ROS2_PICK_AND_PLACE/install
[0.663s] DEBUG:colcon.colcon_installed_package_information.package_discovery:Found 432 installed packages in /opt/ros/jazzy
[0.666s] Level 1:colcon.colcon_core.package_discovery:discover_packages(prefix_path) using defaults
[0.807s] Level 5:colcon.colcon_core.verb:set package 'robotiq_2f_85_gripper_visualization' build argument 'cmake_args' from command line to 'None'
[0.807s] Level 5:colcon.colcon_core.verb:set package 'robotiq_2f_85_gripper_visualization' build argument 'cmake_target' from command line to 'None'
[0.807s] Level 5:colcon.colcon_core.verb:set package 'robotiq_2f_85_gripper_visualization' build argument 'cmake_target_skip_unavailable' from command line to 'False'
[0.807s] Level 5:colcon.colcon_core.verb:set package 'robotiq_2f_85_gripper_visualization' build argument 'cmake_clean_cache' from command line to 'False'
[0.807s] Level 5:colcon.colcon_core.verb:set package 'robotiq_2f_85_gripper_visualization' build argument 'cmake_clean_first' from command line to 'False'
[0.807s] Level 5:colcon.colcon_core.verb:set package 'robotiq_2f_85_gripper_visualization' build argument 'cmake_force_configure' from command line to 'False'
[0.807s] Level 5:colcon.colcon_core.verb:set package 'robotiq_2f_85_gripper_visualization' build argument 'ament_cmake_args' from command line to 'None'
[0.807s] Level 5:colcon.colcon_core.verb:set package 'robotiq_2f_85_gripper_visualization' build argument 'catkin_cmake_args' from command line to 'None'
[0.807s] Level 5:colcon.colcon_core.verb:set package 'robotiq_2f_85_gripper_visualization' build argument 'catkin_skip_building_tests' from command line to 'False'
[0.807s] DEBUG:colcon.colcon_core.verb:Building package 'robotiq_2f_85_gripper_visualization' with the following arguments: {'ament_cmake_args': None, 'build_base': '/home/darsh/UR3_ROS2_PICK_AND_PLACE/build/robotiq_2f_85_gripper_visualization', 'catkin_cmake_args': None, 'catkin_skip_building_tests': False, 'cmake_args': None, 'cmake_clean_cache': False, 'cmake_clean_first': False, 'cmake_force_configure': False, 'cmake_target': None, 'cmake_target_skip_unavailable': False, 'install_base': '/home/darsh/UR3_ROS2_PICK_AND_PLACE/install/robotiq_2f_85_gripper_visualization', 'merge_install': False, 'path': '/home/darsh/UR3_ROS2_PICK_AND_PLACE/robotiq_2f_85_gripper_visualization', 'symlink_install': False, 'test_result_base': None}
[0.808s] Level 5:colcon.colcon_core.verb:set package 'ur_description' build argument 'cmake_args' from command line to 'None'
[0.808s] Level 5:colcon.colcon_core.verb:set package 'ur_description' build argument 'cmake_target' from command line to 'None'
[0.808s] Level 5:colcon.colcon_core.verb:set package 'ur_description' build argument 'cmake_target_skip_unavailable' from command line to 'False'
[0.808s] Level 5:colcon.colcon_core.verb:set package 'ur_description' build argument 'cmake_clean_cache' from command line to 'False'
[0.809s] Level 5:colcon.colcon_core.verb:set package 'ur_description' build argument 'cmake_clean_first' from command line to 'False'
[0.809s] Level 5:colcon.colcon_core.verb:set package 'ur_description' build argument 'cmake_force_configure' from command line to 'False'
[0.809s] Level 5:colcon.colcon_core.verb:set package 'ur_description' build argument 'ament_cmake_args' from command line to 'None'
[0.809s] Level 5:colcon.colcon_core.verb:set package 'ur_description' build argument 'catkin_cmake_args' from command line to 'None'
[0.809s] Level 5:colcon.colcon_core.verb:set package 'ur_description' build argument 'catkin_skip_building_tests' from command line to 'False'
[0.809s] DEBUG:colcon.colcon_core.verb:Building package 'ur_description' with the following arguments: {'ament_cmake_args': None, 'build_base': '/home/darsh/UR3_ROS2_PICK_AND_PLACE/build/ur_description', 'catkin_cmake_args': None, 'catkin_skip_building_tests': False, 'cmake_args': None, 'cmake_clean_cache': False, 'cmake_clean_first': False, 'cmake_force_configure': False, 'cmake_target': None, 'cmake_target_skip_unavailable': False, 'install_base': '/home/darsh/UR3_ROS2_PICK_AND_PLACE/install/ur_description', 'merge_install': False, 'path': '/home/darsh/UR3_ROS2_PICK_AND_PLACE/ur_description', 'symlink_install': False, 'test_result_base': None}
[0.810s] Level 5:colcon.colcon_core.verb:set package 'ur_gazebo' build argument 'cmake_args' from command line to 'None'
[0.810s] Level 5:colcon.colcon_core.verb:set package 'ur_gazebo' build argument 'cmake_target' from command line to 'None'
[0.810s] Level 5:colcon.colcon_core.verb:set package 'ur_gazebo' build argument 'cmake_target_skip_unavailable' from command line to 'False'
[0.810s] Level 5:colcon.colcon_core.verb:set package 'ur_gazebo' build argument 'cmake_clean_cache' from command line to 'False'
[0.810s] Level 5:colcon.colcon_core.verb:set package 'ur_gazebo' build argument 'cmake_clean_first' from command line to 'False'
[0.810s] Level 5:colcon.colcon_core.verb:set package 'ur_gazebo' build argument 'cmake_force_configure' from command line to 'False'
[0.810s] Level 5:colcon.colcon_core.verb:set package 'ur_gazebo' build argument 'ament_cmake_args' from command line to 'None'
[0.810s] Level 5:colcon.colcon_core.verb:set package 'ur_gazebo' build argument 'catkin_cmake_args' from command line to 'None'
[0.810s] Level 5:colcon.colcon_core.verb:set package 'ur_gazebo' build argument 'catkin_skip_building_tests' from command line to 'False'
[0.810s] DEBUG:colcon.colcon_core.verb:Building package 'ur_gazebo' with the following arguments: {'ament_cmake_args': None, 'build_base': '/home/darsh/UR3_ROS2_PICK_AND_PLACE/build/ur_gazebo', 'catkin_cmake_args': None, 'catkin_skip_building_tests': False, 'cmake_args': None, 'cmake_clean_cache': False, 'cmake_clean_first': False, 'cmake_force_configure': False, 'cmake_target': None, 'cmake_target_skip_unavailable': False, 'install_base': '/home/darsh/UR3_ROS2_PICK_AND_PLACE/install/ur_gazebo', 'merge_install': False, 'path': '/home/darsh/UR3_ROS2_PICK_AND_PLACE/ur_gazebo', 'symlink_install': False, 'test_result_base': None}
[0.811s] Level 5:colcon.colcon_core.verb:set package 'ur_interfaces' build argument 'cmake_args' from command line to 'None'
[0.811s] Level 5:colcon.colcon_core.verb:set package 'ur_interfaces' build argument 'cmake_target' from command line to 'None'
[0.811s] Level 5:colcon.colcon_core.verb:set package 'ur_interfaces' build argument 'cmake_target_skip_unavailable' from command line to 'False'
[0.811s] Level 5:colcon.colcon_core.verb:set package 'ur_interfaces' build argument 'cmake_clean_cache' from command line to 'False'
[0.811s] Level 5:colcon.colcon_core.verb:set package 'ur_interfaces' build argument 'cmake_clean_first' from command line to 'False'
[0.811s] Level 5:colcon.colcon_core.verb:set package 'ur_interfaces' build argument 'cmake_force_configure' from command line to 'False'
[0.811s] Level 5:colcon.colcon_core.verb:set package 'ur_interfaces' build argument 'ament_cmake_args' from command line to 'None'
[0.811s] Level 5:colcon.colcon_core.verb:set package 'ur_interfaces' build argument 'catkin_cmake_args' from command line to 'None'
[0.812s] Level 5:colcon.colcon_core.verb:set package 'ur_interfaces' build argument 'catkin_skip_building_tests' from command line to 'False'
[0.812s] DEBUG:colcon.colcon_core.verb:Building package 'ur_interfaces' with the following arguments: {'ament_cmake_args': None, 'build_base': '/home/darsh/UR3_ROS2_PICK_AND_PLACE/build/ur_interfaces', 'catkin_cmake_args': None, 'catkin_skip_building_tests': False, 'cmake_args': None, 'cmake_clean_cache': False, 'cmake_clean_first': False, 'cmake_force_configure': False, 'cmake_target': None, 'cmake_target_skip_unavailable': False, 'install_base': '/home/darsh/UR3_ROS2_PICK_AND_PLACE/install/ur_interfaces', 'merge_install': False, 'path': '/home/darsh/UR3_ROS2_PICK_AND_PLACE/ur_interfaces', 'symlink_install': False, 'test_result_base': None}
[0.812s] Level 5:colcon.colcon_core.verb:set package 'ur_moveit_demos' build argument 'cmake_args' from command line to 'None'
[0.812s] Level 5:colcon.colcon_core.verb:set package 'ur_moveit_demos' build argument 'cmake_target' from command line to 'None'
[0.812s] Level 5:colcon.colcon_core.verb:set package 'ur_moveit_demos' build argument 'cmake_target_skip_unavailable' from command line to 'False'
[0.812s] Level 5:colcon.colcon_core.verb:set package 'ur_moveit_demos' build argument 'cmake_clean_cache' from command line to 'False'
[0.812s] Level 5:colcon.colcon_core.verb:set package 'ur_moveit_demos' build argument 'cmake_clean_first' from command line to 'False'
[0.812s] Level 5:colcon.colcon_core.verb:set package 'ur_moveit_demos' build argument 'cmake_force_configure' from command line to 'False'
[0.812s] Level 5:colcon.colcon_core.verb:set package 'ur_moveit_demos' build argument 'ament_cmake_args' from command line to 'None'
[0.812s] Level 5:colcon.colcon_core.verb:set package 'ur_moveit_demos' build argument 'catkin_cmake_args' from command line to 'None'
[0.812s] Level 5:colcon.colcon_core.verb:set package 'ur_moveit_demos' build argument 'catkin_skip_building_tests' from command line to 'False'
[0.813s] DEBUG:colcon.colcon_core.verb:Building package 'ur_moveit_demos' with the following arguments: {'ament_cmake_args': None, 'build_base': '/home/darsh/UR3_ROS2_PICK_AND_PLACE/build/ur_moveit_demos', 'catkin_cmake_args': None, 'catkin_skip_building_tests': False, 'cmake_args': None, 'cmake_clean_cache': False, 'cmake_clean_first': False, 'cmake_force_configure': False, 'cmake_target': None, 'cmake_target_skip_unavailable': False, 'install_base': '/home/darsh/UR3_ROS2_PICK_AND_PLACE/install/ur_moveit_demos', 'merge_install': False, 'path': '/home/darsh/UR3_ROS2_PICK_AND_PLACE/ur_moveit_demos', 'symlink_install': False, 'test_result_base': None}
[0.813s] Level 5:colcon.colcon_core.verb:set package 'ur_system_tests' build argument 'cmake_args' from command line to 'None'
[0.814s] Level 5:colcon.colcon_core.verb:set package 'ur_system_tests' build argument 'cmake_target' from command line to 'None'
[0.814s] Level 5:colcon.colcon_core.verb:set package 'ur_system_tests' build argument 'cmake_target_skip_unavailable' from command line to 'False'
[0.814s] Level 5:colcon.colcon_core.verb:set package 'ur_system_tests' build argument 'cmake_clean_cache' from command line to 'False'
[0.814s] Level 5:colcon.colcon_core.verb:set package 'ur_system_tests' build argument 'cmake_clean_first' from command line to 'False'
[0.814s] Level 5:colcon.colcon_core.verb:set package 'ur_system_tests' build argument 'cmake_force_configure' from command line to 'False'
[0.814s] Level 5:colcon.colcon_core.verb:set package 'ur_system_tests' build argument 'ament_cmake_args' from command line to 'None'
[0.814s] Level 5:colcon.colcon_core.verb:set package 'ur_system_tests' build argument 'catkin_cmake_args' from command line to 'None'
[0.814s] Level 5:colcon.colcon_core.verb:set package 'ur_system_tests' build argument 'catkin_skip_building_tests' from command line to 'False'
[0.814s] DEBUG:colcon.colcon_core.verb:Building package 'ur_system_tests' with the following arguments: {'ament_cmake_args': None, 'build_base': '/home/darsh/UR3_ROS2_PICK_AND_PLACE/build/ur_system_tests', 'catkin_cmake_args': None, 'catkin_skip_building_tests': False, 'cmake_args': None, 'cmake_clean_cache': False, 'cmake_clean_first': False, 'cmake_force_configure': False, 'cmake_target': None, 'cmake_target_skip_unavailable': False, 'install_base': '/home/darsh/UR3_ROS2_PICK_AND_PLACE/install/ur_system_tests', 'merge_install': False, 'path': '/home/darsh/UR3_ROS2_PICK_AND_PLACE/ur_system_tests', 'symlink_install': False, 'test_result_base': None}
[0.815s] Level 5:colcon.colcon_core.verb:set package 'moveit_config' build argument 'cmake_args' from command line to 'None'
[0.815s] Level 5:colcon.colcon_core.verb:set package 'moveit_config' build argument 'cmake_target' from command line to 'None'
[0.815s] Level 5:colcon.colcon_core.verb:set package 'moveit_config' build argument 'cmake_target_skip_unavailable' from command line to 'False'
[0.815s] Level 5:colcon.colcon_core.verb:set package 'moveit_config' build argument 'cmake_clean_cache' from command line to 'False'
[0.815s] Level 5:colcon.colcon_core.verb:set package 'moveit_config' build argument 'cmake_clean_first' from command line to 'False'
[0.815s] Level 5:colcon.colcon_core.verb:set package 'moveit_config' build argument 'cmake_force_configure' from command line to 'False'
[0.815s] Level 5:colcon.colcon_core.verb:set package 'moveit_config' build argument 'ament_cmake_args' from command line to 'None'
[0.815s] Level 5:colcon.colcon_core.verb:set package 'moveit_config' build argument 'catkin_cmake_args' from command line to 'None'
[0.816s] Level 5:colcon.colcon_core.verb:set package 'moveit_config' build argument 'catkin_skip_building_tests' from command line to 'False'
[0.816s] DEBUG:colcon.colcon_core.verb:Building package 'moveit_config' with the following arguments: {'ament_cmake_args': None, 'build_base': '/home/darsh/UR3_ROS2_PICK_AND_PLACE/build/moveit_config', 'catkin_cmake_args': None, 'catkin_skip_building_tests': False, 'cmake_args': None, 'cmake_clean_cache': False, 'cmake_clean_first': False, 'cmake_force_configure': False, 'cmake_target': None, 'cmake_target_skip_unavailable': False, 'install_base': '/home/darsh/UR3_ROS2_PICK_AND_PLACE/install/moveit_config', 'merge_install': False, 'path': '/home/darsh/UR3_ROS2_PICK_AND_PLACE/moveit_config', 'symlink_install': False, 'test_result_base': None}
[0.816s] Level 5:colcon.colcon_core.verb:set package 'moveit_config_backup' build argument 'cmake_args' from command line to 'None'
[0.816s] Level 5:colcon.colcon_core.verb:set package 'moveit_config_backup' build argument 'cmake_target' from command line to 'None'
[0.817s] Level 5:colcon.colcon_core.verb:set package 'moveit_config_backup' build argument 'cmake_target_skip_unavailable' from command line to 'False'
[0.817s] Level 5:colcon.colcon_core.verb:set package 'moveit_config_backup' build argument 'cmake_clean_cache' from command line to 'False'
[0.817s] Level 5:colcon.colcon_core.verb:set package 'moveit_config_backup' build argument 'cmake_clean_first' from command line to 'False'
[0.817s] Level 5:colcon.colcon_core.verb:set package 'moveit_config_backup' build argument 'cmake_force_configure' from command line to 'False'
[0.817s] Level 5:colcon.colcon_core.verb:set package 'moveit_config_backup' build argument 'ament_cmake_args' from command line to 'None'
[0.817s] Level 5:colcon.colcon_core.verb:set package 'moveit_config_backup' build argument 'catkin_cmake_args' from command line to 'None'
[0.817s] Level 5:colcon.colcon_core.verb:set package 'moveit_config_backup' build argument 'catkin_skip_building_tests' from command line to 'False'
[0.817s] DEBUG:colcon.colcon_core.verb:Building package 'moveit_config_backup' with the following arguments: {'ament_cmake_args': None, 'build_base': '/home/darsh/UR3_ROS2_PICK_AND_PLACE/build/moveit_config_backup', 'catkin_cmake_args': None, 'catkin_skip_building_tests': False, 'cmake_args': None, 'cmake_clean_cache': False, 'cmake_clean_first': False, 'cmake_force_configure': False, 'cmake_target': None, 'cmake_target_skip_unavailable': False, 'install_base': '/home/darsh/UR3_ROS2_PICK_AND_PLACE/install/moveit_config_backup', 'merge_install': False, 'path': '/home/darsh/UR3_ROS2_PICK_AND_PLACE/moveit_config_backuo', 'symlink_install': False, 'test_result_base': None}
[0.818s] INFO:colcon.colcon_core.executor:Executing jobs using 'parallel' executor
[0.820s] DEBUG:colcon.colcon_parallel_executor.executor.parallel:run_until_complete
[0.822s] INFO:colcon.colcon_ros.task.ament_cmake.build:Building ROS package in '/home/darsh/UR3_ROS2_PICK_AND_PLACE/ur_description' with build type 'ament_cmake'
[0.822s] INFO:colcon.colcon_cmake.task.cmake.build:Building CMake package in '/home/darsh/UR3_ROS2_PICK_AND_PLACE/ur_description'
[0.829s] INFO:colcon.colcon_core.plugin_system:Skipping extension 'colcon_core.shell.bat': Not used on non-Windows systems
[0.829s] INFO:colcon.colcon_core.shell:Skip shell extension 'powershell' for command environment: Not usable outside of PowerShell
[0.829s] DEBUG:colcon.colcon_core.shell:Skip shell extension 'dsv' for command environment
[0.839s] INFO:colcon.colcon_ros.task.ament_cmake.build:Building ROS package in '/home/darsh/UR3_ROS2_PICK_AND_PLACE/robotiq_2f_85_gripper_visualization' with build type 'ament_cmake'
[0.840s] INFO:colcon.colcon_cmake.task.cmake.build:Building CMake package in '/home/darsh/UR3_ROS2_PICK_AND_PLACE/robotiq_2f_85_gripper_visualization'
[0.840s] INFO:colcon.colcon_core.shell:Skip shell extension 'powershell' for command environment: Not usable outside of PowerShell
[0.841s] DEBUG:colcon.colcon_core.shell:Skip shell extension 'dsv' for command environment
[0.850s] INFO:colcon.colcon_ros.task.ament_cmake.build:Building ROS package in '/home/darsh/UR3_ROS2_PICK_AND_PLACE/ur_gazebo' with build type 'ament_cmake'
[0.850s] INFO:colcon.colcon_cmake.task.cmake.build:Building CMake package in '/home/darsh/UR3_ROS2_PICK_AND_PLACE/ur_gazebo'
[0.851s] INFO:colcon.colcon_core.shell:Skip shell extension 'powershell' for command environment: Not usable outside of PowerShell
[0.852s] DEBUG:colcon.colcon_core.shell:Skip shell extension 'dsv' for command environment
[0.864s] INFO:colcon.colcon_ros.task.ament_cmake.build:Building ROS package in '/home/darsh/UR3_ROS2_PICK_AND_PLACE/ur_interfaces' with build type 'ament_cmake'
[0.865s] INFO:colcon.colcon_cmake.task.cmake.build:Building CMake package in '/home/darsh/UR3_ROS2_PICK_AND_PLACE/ur_interfaces'
[0.866s] INFO:colcon.colcon_core.shell:Skip shell extension 'powershell' for command environment: Not usable outside of PowerShell
[0.866s] DEBUG:colcon.colcon_core.shell:Skip shell extension 'dsv' for command environment
[0.875s] INFO:colcon.colcon_ros.task.ament_cmake.build:Building ROS package in '/home/darsh/UR3_ROS2_PICK_AND_PLACE/ur_moveit_demos' with build type 'ament_cmake'
[0.876s] INFO:colcon.colcon_cmake.task.cmake.build:Building CMake package in '/home/darsh/UR3_ROS2_PICK_AND_PLACE/ur_moveit_demos'
[0.877s] INFO:colcon.colcon_core.shell:Skip shell extension 'powershell' for command environment: Not usable outside of PowerShell
[0.877s] DEBUG:colcon.colcon_core.shell:Skip shell extension 'dsv' for command environment
[0.887s] INFO:colcon.colcon_ros.task.ament_cmake.build:Building ROS package in '/home/darsh/UR3_ROS2_PICK_AND_PLACE/ur_system_tests' with build type 'ament_cmake'
[0.887s] INFO:colcon.colcon_cmake.task.cmake.build:Building CMake package in '/home/darsh/UR3_ROS2_PICK_AND_PLACE/ur_system_tests'
[0.888s] INFO:colcon.colcon_core.shell:Skip shell extension 'powershell' for command environment: Not usable outside of PowerShell
[0.888s] DEBUG:colcon.colcon_core.shell:Skip shell extension 'dsv' for command environment
[0.914s] DEBUG:colcon.colcon_core.event_handler.log_command:Invoking command in '/home/darsh/UR3_ROS2_PICK_AND_PLACE/build/ur_description': CMAKE_PREFIX_PATH=${CMAKE_PREFIX_PATH}:/opt/ros/jazzy /usr/bin/cmake --build /home/darsh/UR3_ROS2_PICK_AND_PLACE/build/ur_description -- -j16 -l16
[0.922s] DEBUG:colcon.colcon_core.event_handler.log_command:Invoking command in '/home/darsh/UR3_ROS2_PICK_AND_PLACE/build/robotiq_2f_85_gripper_visualization': CMAKE_PREFIX_PATH=${CMAKE_PREFIX_PATH}:/opt/ros/jazzy /usr/bin/cmake --build /home/darsh/UR3_ROS2_PICK_AND_PLACE/build/robotiq_2f_85_gripper_visualization -- -j16 -l16
[0.930s] DEBUG:colcon.colcon_core.event_handler.log_command:Invoking command in '/home/darsh/UR3_ROS2_PICK_AND_PLACE/build/ur_gazebo': CMAKE_PREFIX_PATH=${CMAKE_PREFIX_PATH}:/opt/ros/jazzy /usr/bin/cmake --build /home/darsh/UR3_ROS2_PICK_AND_PLACE/build/ur_gazebo -- -j16 -l16
[0.939s] DEBUG:colcon.colcon_core.event_handler.log_command:Invoking command in '/home/darsh/UR3_ROS2_PICK_AND_PLACE/build/ur_interfaces': CMAKE_PREFIX_PATH=${CMAKE_PREFIX_PATH}:/opt/ros/jazzy /usr/bin/cmake --build /home/darsh/UR3_ROS2_PICK_AND_PLACE/build/ur_interfaces -- -j16 -l16
[0.959s] DEBUG:colcon.colcon_core.event_handler.log_command:Invoking command in '/home/darsh/UR3_ROS2_PICK_AND_PLACE/build/ur_moveit_demos': CMAKE_PREFIX_PATH=${CMAKE_PREFIX_PATH}:/opt/ros/jazzy /usr/bin/cmake --build /home/darsh/UR3_ROS2_PICK_AND_PLACE/build/ur_moveit_demos -- -j16 -l16
[0.975s] DEBUG:colcon.colcon_core.event_handler.log_command:Invoking command in '/home/darsh/UR3_ROS2_PICK_AND_PLACE/build/ur_system_tests': CMAKE_PREFIX_PATH=${CMAKE_PREFIX_PATH}:/opt/ros/jazzy /usr/bin/cmake --build /home/darsh/UR3_ROS2_PICK_AND_PLACE/build/ur_system_tests -- -j16 -l16
[1.006s] DEBUG:colcon.colcon_core.event_handler.log_command:Invoked command in '/home/darsh/UR3_ROS2_PICK_AND_PLACE/build/ur_description' returned '0': CMAKE_PREFIX_PATH=${CMAKE_PREFIX_PATH}:/opt/ros/jazzy /usr/bin/cmake --build /home/darsh/UR3_ROS2_PICK_AND_PLACE/build/ur_description -- -j16 -l16
[1.032s] DEBUG:colcon.colcon_core.event_handler.log_command:Invoking command in '/home/darsh/UR3_ROS2_PICK_AND_PLACE/build/ur_description': CMAKE_PREFIX_PATH=${CMAKE_PREFIX_PATH}:/opt/ros/jazzy /usr/bin/cmake --install /home/darsh/UR3_ROS2_PICK_AND_PLACE/build/ur_description
[1.040s] DEBUG:colcon.colcon_core.event_handler.log_command:Invoked command in '/home/darsh/UR3_ROS2_PICK_AND_PLACE/build/robotiq_2f_85_gripper_visualization' returned '0': CMAKE_PREFIX_PATH=${CMAKE_PREFIX_PATH}:/opt/ros/jazzy /usr/bin/cmake --build /home/darsh/UR3_ROS2_PICK_AND_PLACE/build/robotiq_2f_85_gripper_visualization -- -j16 -l16
[1.048s] DEBUG:colcon.colcon_core.event_handler.log_command:Invoking command in '/home/darsh/UR3_ROS2_PICK_AND_PLACE/build/robotiq_2f_85_gripper_visualization': CMAKE_PREFIX_PATH=${CMAKE_PREFIX_PATH}:/opt/ros/jazzy /usr/bin/cmake --install /home/darsh/UR3_ROS2_PICK_AND_PLACE/build/robotiq_2f_85_gripper_visualization
[1.051s] DEBUG:colcon.colcon_core.event_handler.log_command:Invoked command in '/home/darsh/UR3_ROS2_PICK_AND_PLACE/build/ur_gazebo' returned '0': CMAKE_PREFIX_PATH=${CMAKE_PREFIX_PATH}:/opt/ros/jazzy /usr/bin/cmake --build /home/darsh/UR3_ROS2_PICK_AND_PLACE/build/ur_gazebo -- -j16 -l16
[1.126s] Level 1:colcon.colcon_core.environment:create_environment_scripts_only(robotiq_2f_85_gripper_visualization)
[1.174s] DEBUG:colcon.colcon_core.event_handler.log_command:Invoking command in '/home/darsh/UR3_ROS2_PICK_AND_PLACE/build/ur_gazebo': CMAKE_PREFIX_PATH=${CMAKE_PREFIX_PATH}:/opt/ros/jazzy /usr/bin/cmake --install /home/darsh/UR3_ROS2_PICK_AND_PLACE/build/ur_gazebo
[1.220s] DEBUG:colcon.colcon_core.event_handler.log_command:Invoked command in '/home/darsh/UR3_ROS2_PICK_AND_PLACE/build/ur_interfaces' returned '0': CMAKE_PREFIX_PATH=${CMAKE_PREFIX_PATH}:/opt/ros/jazzy /usr/bin/cmake --build /home/darsh/UR3_ROS2_PICK_AND_PLACE/build/ur_interfaces -- -j16 -l16
[1.228s] Level 1:colcon.colcon_core.environment:checking '/home/darsh/UR3_ROS2_PICK_AND_PLACE/install/robotiq_2f_85_gripper_visualization' for CMake module files
[1.250s] Level 1:colcon.colcon_core.environment:checking '/home/darsh/UR3_ROS2_PICK_AND_PLACE/install/robotiq_2f_85_gripper_visualization' for CMake config files
[1.271s] Level 1:colcon.colcon_core.shell:create_environment_hook('robotiq_2f_85_gripper_visualization', 'cmake_prefix_path')
[1.272s] INFO:colcon.colcon_core.shell:Creating environment hook '/home/darsh/UR3_ROS2_PICK_AND_PLACE/install/robotiq_2f_85_gripper_visualization/share/robotiq_2f_85_gripper_visualization/hook/cmake_prefix_path.ps1'
[1.278s] INFO:colcon.colcon_core.shell:Creating environment descriptor '/home/darsh/UR3_ROS2_PICK_AND_PLACE/install/robotiq_2f_85_gripper_visualization/share/robotiq_2f_85_gripper_visualization/hook/cmake_prefix_path.dsv'
[1.283s] INFO:colcon.colcon_core.shell:Creating environment hook '/home/darsh/UR3_ROS2_PICK_AND_PLACE/install/robotiq_2f_85_gripper_visualization/share/robotiq_2f_85_gripper_visualization/hook/cmake_prefix_path.sh'
[1.306s] Level 1:colcon.colcon_core.environment:checking '/home/darsh/UR3_ROS2_PICK_AND_PLACE/install/robotiq_2f_85_gripper_visualization/bin'
[1.306s] Level 1:colcon.colcon_core.environment:checking '/home/darsh/UR3_ROS2_PICK_AND_PLACE/install/robotiq_2f_85_gripper_visualization/lib/pkgconfig/robotiq_2f_85_gripper_visualization.pc'
[1.307s] Level 1:colcon.colcon_core.environment:checking '/home/darsh/UR3_ROS2_PICK_AND_PLACE/install/robotiq_2f_85_gripper_visualization/lib/python3.12/site-packages'
[1.309s] Level 1:colcon.colcon_core.environment:checking '/home/darsh/UR3_ROS2_PICK_AND_PLACE/install/robotiq_2f_85_gripper_visualization/bin'
[1.312s] INFO:colcon.colcon_core.shell:Creating package script '/home/darsh/UR3_ROS2_PICK_AND_PLACE/install/robotiq_2f_85_gripper_visualization/share/robotiq_2f_85_gripper_visualization/package.ps1'
[1.316s] INFO:colcon.colcon_core.shell:Creating package descriptor '/home/darsh/UR3_ROS2_PICK_AND_PLACE/install/robotiq_2f_85_gripper_visualization/share/robotiq_2f_85_gripper_visualization/package.dsv'
[1.320s] INFO:colcon.colcon_core.shell:Creating package script '/home/darsh/UR3_ROS2_PICK_AND_PLACE/install/robotiq_2f_85_gripper_visualization/share/robotiq_2f_85_gripper_visualization/package.sh'
[1.327s] INFO:colcon.colcon_core.shell:Creating package script '/home/darsh/UR3_ROS2_PICK_AND_PLACE/install/robotiq_2f_85_gripper_visualization/share/robotiq_2f_85_gripper_visualization/package.bash'
[1.331s] DEBUG:colcon.colcon_core.event_handler.log_command:Invoking command in '/home/darsh/UR3_ROS2_PICK_AND_PLACE/build/ur_interfaces': CMAKE_PREFIX_PATH=${CMAKE_PREFIX_PATH}:/opt/ros/jazzy /usr/bin/cmake --install /home/darsh/UR3_ROS2_PICK_AND_PLACE/build/ur_interfaces
[1.337s] INFO:colcon.colcon_core.shell:Creating package script '/home/darsh/UR3_ROS2_PICK_AND_PLACE/install/robotiq_2f_85_gripper_visualization/share/robotiq_2f_85_gripper_visualization/package.zsh'
[1.344s] Level 1:colcon.colcon_core.environment:create_file_with_runtime_dependencies(/home/darsh/UR3_ROS2_PICK_AND_PLACE/install/robotiq_2f_85_gripper_visualization/share/colcon-core/packages/robotiq_2f_85_gripper_visualization)
[1.349s] Level 1:colcon.colcon_core.environment:create_environment_scripts_only(robotiq_2f_85_gripper_visualization)
[1.349s] Level 1:colcon.colcon_core.environment:checking '/home/darsh/UR3_ROS2_PICK_AND_PLACE/install/robotiq_2f_85_gripper_visualization' for CMake module files
[1.357s] Level 1:colcon.colcon_core.environment:checking '/home/darsh/UR3_ROS2_PICK_AND_PLACE/install/robotiq_2f_85_gripper_visualization' for CMake config files
[1.383s] Level 1:colcon.colcon_core.shell:create_environment_hook('robotiq_2f_85_gripper_visualization', 'cmake_prefix_path')
[1.384s] INFO:colcon.colcon_core.shell:Creating environment hook '/home/darsh/UR3_ROS2_PICK_AND_PLACE/install/robotiq_2f_85_gripper_visualization/share/robotiq_2f_85_gripper_visualization/hook/cmake_prefix_path.ps1'
[1.392s] INFO:colcon.colcon_core.shell:Creating environment descriptor '/home/darsh/UR3_ROS2_PICK_AND_PLACE/install/robotiq_2f_85_gripper_visualization/share/robotiq_2f_85_gripper_visualization/hook/cmake_prefix_path.dsv'
[1.395s] INFO:colcon.colcon_core.shell:Creating environment hook '/home/darsh/UR3_ROS2_PICK_AND_PLACE/install/robotiq_2f_85_gripper_visualization/share/robotiq_2f_85_gripper_visualization/hook/cmake_prefix_path.sh'
[1.408s] Level 1:colcon.colcon_core.environment:checking '/home/darsh/UR3_ROS2_PICK_AND_PLACE/install/robotiq_2f_85_gripper_visualization/bin'
[1.409s] Level 1:colcon.colcon_core.environment:checking '/home/darsh/UR3_ROS2_PICK_AND_PLACE/install/robotiq_2f_85_gripper_visualization/lib/pkgconfig/robotiq_2f_85_gripper_visualization.pc'
[1.409s] Level 1:colcon.colcon_core.environment:checking '/home/darsh/UR3_ROS2_PICK_AND_PLACE/install/robotiq_2f_85_gripper_visualization/lib/python3.12/site-packages'
[1.410s] Level 1:colcon.colcon_core.environment:checking '/home/darsh/UR3_ROS2_PICK_AND_PLACE/install/robotiq_2f_85_gripper_visualization/bin'
[1.412s] INFO:colcon.colcon_core.shell:Creating package script '/home/darsh/UR3_ROS2_PICK_AND_PLACE/install/robotiq_2f_85_gripper_visualization/share/robotiq_2f_85_gripper_visualization/package.ps1'
[1.417s] INFO:colcon.colcon_core.shell:Creating package descriptor '/home/darsh/UR3_ROS2_PICK_AND_PLACE/install/robotiq_2f_85_gripper_visualization/share/robotiq_2f_85_gripper_visualization/package.dsv'
[1.421s] INFO:colcon.colcon_core.shell:Creating package script '/home/darsh/UR3_ROS2_PICK_AND_PLACE/install/robotiq_2f_85_gripper_visualization/share/robotiq_2f_85_gripper_visualization/package.sh'
[1.423s] INFO:colcon.colcon_core.shell:Creating package script '/home/darsh/UR3_ROS2_PICK_AND_PLACE/install/robotiq_2f_85_gripper_visualization/share/robotiq_2f_85_gripper_visualization/package.bash'
[1.426s] INFO:colcon.colcon_core.shell:Creating package script '/home/darsh/UR3_ROS2_PICK_AND_PLACE/install/robotiq_2f_85_gripper_visualization/share/robotiq_2f_85_gripper_visualization/package.zsh'
[1.433s] Level 1:colcon.colcon_core.environment:create_file_with_runtime_dependencies(/home/darsh/UR3_ROS2_PICK_AND_PLACE/install/robotiq_2f_85_gripper_visualization/share/colcon-core/packages/robotiq_2f_85_gripper_visualization)
[1.435s] Level 1:colcon.colcon_core.environment:create_environment_scripts_only(ur_description)
[1.436s] Level 1:colcon.colcon_core.environment:checking '/home/darsh/UR3_ROS2_PICK_AND_PLACE/install/ur_description' for CMake module files
[1.440s] Level 1:colcon.colcon_core.environment:checking '/home/darsh/UR3_ROS2_PICK_AND_PLACE/install/ur_description' for CMake config files
[1.555s] DEBUG:colcon.colcon_core.event_handler.log_command:Invoked command in '/home/darsh/UR3_ROS2_PICK_AND_PLACE/build/robotiq_2f_85_gripper_visualization' returned '0': CMAKE_PREFIX_PATH=${CMAKE_PREFIX_PATH}:/opt/ros/jazzy /usr/bin/cmake --install /home/darsh/UR3_ROS2_PICK_AND_PLACE/build/robotiq_2f_85_gripper_visualization
[1.599s] Level 1:colcon.colcon_core.shell:create_environment_hook('ur_description', 'cmake_prefix_path')
[1.599s] INFO:colcon.colcon_core.shell:Creating environment hook '/home/darsh/UR3_ROS2_PICK_AND_PLACE/install/ur_description/share/ur_description/hook/cmake_prefix_path.ps1'
[1.614s] INFO:colcon.colcon_core.shell:Creating environment descriptor '/home/darsh/UR3_ROS2_PICK_AND_PLACE/install/ur_description/share/ur_description/hook/cmake_prefix_path.dsv'
[1.621s] INFO:colcon.colcon_core.shell:Creating environment hook '/home/darsh/UR3_ROS2_PICK_AND_PLACE/install/ur_description/share/ur_description/hook/cmake_prefix_path.sh'
[1.626s] Level 1:colcon.colcon_core.environment:checking '/home/darsh/UR3_ROS2_PICK_AND_PLACE/install/ur_description/bin'
[1.627s] Level 1:colcon.colcon_core.environment:checking '/home/darsh/UR3_ROS2_PICK_AND_PLACE/install/ur_description/lib/pkgconfig/ur_description.pc'
[1.629s] Level 1:colcon.colcon_core.environment:checking '/home/darsh/UR3_ROS2_PICK_AND_PLACE/install/ur_description/lib/python3.12/site-packages'
[1.630s] Level 1:colcon.colcon_core.environment:checking '/home/darsh/UR3_ROS2_PICK_AND_PLACE/install/ur_description/bin'
[1.630s] INFO:colcon.colcon_core.shell:Creating package script '/home/darsh/UR3_ROS2_PICK_AND_PLACE/install/ur_description/share/ur_description/package.ps1'
[1.633s] INFO:colcon.colcon_core.shell:Creating package descriptor '/home/darsh/UR3_ROS2_PICK_AND_PLACE/install/ur_description/share/ur_description/package.dsv'
[1.635s] INFO:colcon.colcon_core.shell:Creating package script '/home/darsh/UR3_ROS2_PICK_AND_PLACE/install/ur_description/share/ur_description/package.sh'
[1.640s] INFO:colcon.colcon_core.shell:Creating package script '/home/darsh/UR3_ROS2_PICK_AND_PLACE/install/ur_description/share/ur_description/package.bash'
[1.648s] INFO:colcon.colcon_core.shell:Creating package script '/home/darsh/UR3_ROS2_PICK_AND_PLACE/install/ur_description/share/ur_description/package.zsh'
[1.651s] Level 1:colcon.colcon_core.environment:create_file_with_runtime_dependencies(/home/darsh/UR3_ROS2_PICK_AND_PLACE/install/ur_description/share/colcon-core/packages/ur_description)
[1.660s] Level 1:colcon.colcon_core.environment:create_environment_scripts_only(ur_description)
[1.661s] Level 1:colcon.colcon_core.environment:checking '/home/darsh/UR3_ROS2_PICK_AND_PLACE/install/ur_description' for CMake module files
[1.664s] Level 1:colcon.colcon_core.environment:checking '/home/darsh/UR3_ROS2_PICK_AND_PLACE/install/ur_description' for CMake config files
[1.828s] Level 1:colcon.colcon_core.shell:create_environment_hook('ur_description', 'cmake_prefix_path')
[1.828s] INFO:colcon.colcon_core.shell:Creating environment hook '/home/darsh/UR3_ROS2_PICK_AND_PLACE/install/ur_description/share/ur_description/hook/cmake_prefix_path.ps1'
[1.840s] INFO:colcon.colcon_core.shell:Creating environment descriptor '/home/darsh/UR3_ROS2_PICK_AND_PLACE/install/ur_description/share/ur_description/hook/cmake_prefix_path.dsv'
[1.843s] INFO:colcon.colcon_core.shell:Creating environment hook '/home/darsh/UR3_ROS2_PICK_AND_PLACE/install/ur_description/share/ur_description/hook/cmake_prefix_path.sh'
[1.848s] Level 1:colcon.colcon_core.environment:checking '/home/darsh/UR3_ROS2_PICK_AND_PLACE/install/ur_description/bin'
[1.848s] Level 1:colcon.colcon_core.environment:checking '/home/darsh/UR3_ROS2_PICK_AND_PLACE/install/ur_description/lib/pkgconfig/ur_description.pc'
[1.850s] Level 1:colcon.colcon_core.environment:checking '/home/darsh/UR3_ROS2_PICK_AND_PLACE/install/ur_description/lib/python3.12/site-packages'
[1.853s] Level 1:colcon.colcon_core.environment:checking '/home/darsh/UR3_ROS2_PICK_AND_PLACE/install/ur_description/bin'
[1.854s] INFO:colcon.colcon_core.shell:Creating package script '/home/darsh/UR3_ROS2_PICK_AND_PLACE/install/ur_description/share/ur_description/package.ps1'
[1.858s] INFO:colcon.colcon_core.shell:Creating package descriptor '/home/darsh/UR3_ROS2_PICK_AND_PLACE/install/ur_description/share/ur_description/package.dsv'
[1.869s] INFO:colcon.colcon_core.shell:Creating package script '/home/darsh/UR3_ROS2_PICK_AND_PLACE/install/ur_description/share/ur_description/package.sh'
[1.871s] INFO:colcon.colcon_core.shell:Creating package script '/home/darsh/UR3_ROS2_PICK_AND_PLACE/install/ur_description/share/ur_description/package.bash'
[1.874s] INFO:colcon.colcon_core.shell:Creating package script '/home/darsh/UR3_ROS2_PICK_AND_PLACE/install/ur_description/share/ur_description/package.zsh'
[1.888s] Level 1:colcon.colcon_core.environment:create_file_with_runtime_dependencies(/home/darsh/UR3_ROS2_PICK_AND_PLACE/install/ur_description/share/colcon-core/packages/ur_description)
[1.892s] INFO:colcon.colcon_ros.task.ament_cmake.build:Building ROS package in '/home/darsh/UR3_ROS2_PICK_AND_PLACE/moveit_config' with build type 'ament_cmake'
[1.898s] INFO:colcon.colcon_cmake.task.cmake.build:Building CMake package in '/home/darsh/UR3_ROS2_PICK_AND_PLACE/moveit_config'
[1.898s] INFO:colcon.colcon_core.shell:Skip shell extension 'powershell' for command environment: Not usable outside of PowerShell
[1.899s] DEBUG:colcon.colcon_core.shell:Skip shell extension 'dsv' for command environment
[1.987s] DEBUG:colcon.colcon_core.event_handler.log_command:Invoked command in '/home/darsh/UR3_ROS2_PICK_AND_PLACE/build/ur_description' returned '0': CMAKE_PREFIX_PATH=${CMAKE_PREFIX_PATH}:/opt/ros/jazzy /usr/bin/cmake --install /home/darsh/UR3_ROS2_PICK_AND_PLACE/build/ur_description
[1.995s] INFO:colcon.colcon_ros.task.ament_cmake.build:Building ROS package in '/home/darsh/UR3_ROS2_PICK_AND_PLACE/moveit_config_backuo' with build type 'ament_cmake'
[1.995s] INFO:colcon.colcon_cmake.task.cmake.build:Building CMake package in '/home/darsh/UR3_ROS2_PICK_AND_PLACE/moveit_config_backuo'
[1.996s] INFO:colcon.colcon_core.shell:Skip shell extension 'powershell' for command environment: Not usable outside of PowerShell
[1.997s] DEBUG:colcon.colcon_core.shell:Skip shell extension 'dsv' for command environment
[2.009s] Level 1:colcon.colcon_core.environment:create_environment_scripts_only(ur_interfaces)
[2.010s] DEBUG:colcon.colcon_core.event_handler.log_command:Invoked command in '/home/darsh/UR3_ROS2_PICK_AND_PLACE/build/ur_interfaces' returned '0': CMAKE_PREFIX_PATH=${CMAKE_PREFIX_PATH}:/opt/ros/jazzy /usr/bin/cmake --install /home/darsh/UR3_ROS2_PICK_AND_PLACE/build/ur_interfaces
[2.011s] Level 1:colcon.colcon_core.environment:checking '/home/darsh/UR3_ROS2_PICK_AND_PLACE/install/ur_interfaces' for CMake module files
[2.012s] Level 1:colcon.colcon_core.environment:checking '/home/darsh/UR3_ROS2_PICK_AND_PLACE/install/ur_interfaces' for CMake config files
[2.013s] Level 1:colcon.colcon_core.shell:create_environment_hook('ur_interfaces', 'cmake_prefix_path')
[2.013s] INFO:colcon.colcon_core.shell:Creating environment hook '/home/darsh/UR3_ROS2_PICK_AND_PLACE/install/ur_interfaces/share/ur_interfaces/hook/cmake_prefix_path.ps1'
[2.015s] INFO:colcon.colcon_core.shell:Creating environment descriptor '/home/darsh/UR3_ROS2_PICK_AND_PLACE/install/ur_interfaces/share/ur_interfaces/hook/cmake_prefix_path.dsv'
[2.016s] INFO:colcon.colcon_core.shell:Creating environment hook '/home/darsh/UR3_ROS2_PICK_AND_PLACE/install/ur_interfaces/share/ur_interfaces/hook/cmake_prefix_path.sh'
[2.018s] Level 1:colcon.colcon_core.environment:checking '/home/darsh/UR3_ROS2_PICK_AND_PLACE/install/ur_interfaces/bin'
[2.018s] Level 1:colcon.colcon_core.environment:checking '/home/darsh/UR3_ROS2_PICK_AND_PLACE/install/ur_interfaces/lib/pkgconfig/ur_interfaces.pc'
[2.018s] Level 1:colcon.colcon_core.environment:checking '/home/darsh/UR3_ROS2_PICK_AND_PLACE/install/ur_interfaces/lib/python3.12/site-packages'
[2.019s] Level 1:colcon.colcon_core.environment:checking '/home/darsh/UR3_ROS2_PICK_AND_PLACE/install/ur_interfaces/bin'
[2.019s] INFO:colcon.colcon_core.shell:Creating package script '/home/darsh/UR3_ROS2_PICK_AND_PLACE/install/ur_interfaces/share/ur_interfaces/package.ps1'
[2.020s] INFO:colcon.colcon_core.shell:Creating package descriptor '/home/darsh/UR3_ROS2_PICK_AND_PLACE/install/ur_interfaces/share/ur_interfaces/package.dsv'
[2.021s] INFO:colcon.colcon_core.shell:Creating package script '/home/darsh/UR3_ROS2_PICK_AND_PLACE/install/ur_interfaces/share/ur_interfaces/package.sh'
[2.022s] INFO:colcon.colcon_core.shell:Creating package script '/home/darsh/UR3_ROS2_PICK_AND_PLACE/install/ur_interfaces/share/ur_interfaces/package.bash'
[2.023s] INFO:colcon.colcon_core.shell:Creating package script '/home/darsh/UR3_ROS2_PICK_AND_PLACE/install/ur_interfaces/share/ur_interfaces/package.zsh'
[2.024s] Level 1:colcon.colcon_core.environment:create_file_with_runtime_dependencies(/home/darsh/UR3_ROS2_PICK_AND_PLACE/install/ur_interfaces/share/colcon-core/packages/ur_interfaces)
[2.025s] Level 1:colcon.colcon_core.environment:create_environment_scripts_only(ur_interfaces)
[2.025s] Level 1:colcon.colcon_core.environment:checking '/home/darsh/UR3_ROS2_PICK_AND_PLACE/install/ur_interfaces' for CMake module files
[2.026s] Level 1:colcon.colcon_core.environment:checking '/home/darsh/UR3_ROS2_PICK_AND_PLACE/install/ur_interfaces' for CMake config files
[2.026s] Level 1:colcon.colcon_core.shell:create_environment_hook('ur_interfaces', 'cmake_prefix_path')
[2.027s] INFO:colcon.colcon_core.shell:Creating environment hook '/home/darsh/UR3_ROS2_PICK_AND_PLACE/install/ur_interfaces/share/ur_interfaces/hook/cmake_prefix_path.ps1'
[2.028s] INFO:colcon.colcon_core.shell:Creating environment descriptor '/home/darsh/UR3_ROS2_PICK_AND_PLACE/install/ur_interfaces/share/ur_interfaces/hook/cmake_prefix_path.dsv'
[2.030s] INFO:colcon.colcon_core.shell:Creating environment hook '/home/darsh/UR3_ROS2_PICK_AND_PLACE/install/ur_interfaces/share/ur_interfaces/hook/cmake_prefix_path.sh'
[2.032s] Level 1:colcon.colcon_core.environment:checking '/home/darsh/UR3_ROS2_PICK_AND_PLACE/install/ur_interfaces/bin'
[2.032s] Level 1:colcon.colcon_core.environment:checking '/home/darsh/UR3_ROS2_PICK_AND_PLACE/install/ur_interfaces/lib/pkgconfig/ur_interfaces.pc'
[2.033s] Level 1:colcon.colcon_core.environment:checking '/home/darsh/UR3_ROS2_PICK_AND_PLACE/install/ur_interfaces/lib/python3.12/site-packages'
[2.034s] Level 1:colcon.colcon_core.environment:checking '/home/darsh/UR3_ROS2_PICK_AND_PLACE/install/ur_interfaces/bin'
[2.034s] INFO:colcon.colcon_core.shell:Creating package script '/home/darsh/UR3_ROS2_PICK_AND_PLACE/install/ur_interfaces/share/ur_interfaces/package.ps1'
[2.036s] INFO:colcon.colcon_core.shell:Creating package descriptor '/home/darsh/UR3_ROS2_PICK_AND_PLACE/install/ur_interfaces/share/ur_interfaces/package.dsv'
[2.038s] INFO:colcon.colcon_core.shell:Creating package script '/home/darsh/UR3_ROS2_PICK_AND_PLACE/install/ur_interfaces/share/ur_interfaces/package.sh'
[2.040s] INFO:colcon.colcon_core.shell:Creating package script '/home/darsh/UR3_ROS2_PICK_AND_PLACE/install/ur_interfaces/share/ur_interfaces/package.bash'
[2.042s] INFO:colcon.colcon_core.shell:Creating package script '/home/darsh/UR3_ROS2_PICK_AND_PLACE/install/ur_interfaces/share/ur_interfaces/package.zsh'
[2.043s] Level 1:colcon.colcon_core.environment:create_file_with_runtime_dependencies(/home/darsh/UR3_ROS2_PICK_AND_PLACE/install/ur_interfaces/share/colcon-core/packages/ur_interfaces)
[2.056s] DEBUG:colcon.colcon_core.event_handler.log_command:Invoked command in '/home/darsh/UR3_ROS2_PICK_AND_PLACE/build/ur_system_tests' returned '0': CMAKE_PREFIX_PATH=${CMAKE_PREFIX_PATH}:/opt/ros/jazzy /usr/bin/cmake --build /home/darsh/UR3_ROS2_PICK_AND_PLACE/build/ur_system_tests -- -j16 -l16
[2.060s] DEBUG:colcon.colcon_core.event_handler.log_command:Invoking command in '/home/darsh/UR3_ROS2_PICK_AND_PLACE/build/ur_system_tests': CMAKE_PREFIX_PATH=${CMAKE_PREFIX_PATH}:/opt/ros/jazzy /usr/bin/cmake --install /home/darsh/UR3_ROS2_PICK_AND_PLACE/build/ur_system_tests
[2.061s] DEBUG:colcon.colcon_core.event_handler.log_command:Invoked command in '/home/darsh/UR3_ROS2_PICK_AND_PLACE/build/ur_moveit_demos' returned '0': CMAKE_PREFIX_PATH=${CMAKE_PREFIX_PATH}:/opt/ros/jazzy /usr/bin/cmake --build /home/darsh/UR3_ROS2_PICK_AND_PLACE/build/ur_moveit_demos -- -j16 -l16
[2.065s] DEBUG:colcon.colcon_core.event_handler.log_command:Invoking command in '/home/darsh/UR3_ROS2_PICK_AND_PLACE/build/ur_moveit_demos': CMAKE_PREFIX_PATH=${CMAKE_PREFIX_PATH}:/opt/ros/jazzy /usr/bin/cmake --install /home/darsh/UR3_ROS2_PICK_AND_PLACE/build/ur_moveit_demos
[2.067s] Level 1:colcon.colcon_core.environment:create_environment_scripts_only(ur_gazebo)
[2.068s] Level 1:colcon.colcon_core.environment:checking '/home/darsh/UR3_ROS2_PICK_AND_PLACE/install/ur_gazebo' for CMake module files
[2.069s] DEBUG:colcon.colcon_core.event_handler.log_command:Invoked command in '/home/darsh/UR3_ROS2_PICK_AND_PLACE/build/ur_gazebo' returned '0': CMAKE_PREFIX_PATH=${CMAKE_PREFIX_PATH}:/opt/ros/jazzy /usr/bin/cmake --install /home/darsh/UR3_ROS2_PICK_AND_PLACE/build/ur_gazebo
[2.074s] Level 1:colcon.colcon_core.environment:checking '/home/darsh/UR3_ROS2_PICK_AND_PLACE/install/ur_gazebo' for CMake config files
[2.075s] Level 1:colcon.colcon_core.shell:create_environment_hook('ur_gazebo', 'cmake_prefix_path')
[2.076s] INFO:colcon.colcon_core.shell:Creating environment hook '/home/darsh/UR3_ROS2_PICK_AND_PLACE/install/ur_gazebo/share/ur_gazebo/hook/cmake_prefix_path.ps1'
[2.081s] INFO:colcon.colcon_core.shell:Creating environment descriptor '/home/darsh/UR3_ROS2_PICK_AND_PLACE/install/ur_gazebo/share/ur_gazebo/hook/cmake_prefix_path.dsv'
[2.097s] INFO:colcon.colcon_core.shell:Creating environment hook '/home/darsh/UR3_ROS2_PICK_AND_PLACE/install/ur_gazebo/share/ur_gazebo/hook/cmake_prefix_path.sh'
[2.099s] Level 1:colcon.colcon_core.environment:checking '/home/darsh/UR3_ROS2_PICK_AND_PLACE/install/ur_gazebo/bin'
[2.099s] Level 1:colcon.colcon_core.environment:checking '/home/darsh/UR3_ROS2_PICK_AND_PLACE/install/ur_gazebo/lib/pkgconfig/ur_gazebo.pc'
[2.100s] Level 1:colcon.colcon_core.environment:checking '/home/darsh/UR3_ROS2_PICK_AND_PLACE/install/ur_gazebo/lib/python3.12/site-packages'
[2.101s] Level 1:colcon.colcon_core.environment:checking '/home/darsh/UR3_ROS2_PICK_AND_PLACE/install/ur_gazebo/bin'
[2.102s] INFO:colcon.colcon_core.shell:Creating package script '/home/darsh/UR3_ROS2_PICK_AND_PLACE/install/ur_gazebo/share/ur_gazebo/package.ps1'
[2.103s] INFO:colcon.colcon_core.shell:Creating package descriptor '/home/darsh/UR3_ROS2_PICK_AND_PLACE/install/ur_gazebo/share/ur_gazebo/package.dsv'
[2.104s] INFO:colcon.colcon_core.shell:Creating package script '/home/darsh/UR3_ROS2_PICK_AND_PLACE/install/ur_gazebo/share/ur_gazebo/package.sh'
[2.105s] INFO:colcon.colcon_core.shell:Creating package script '/home/darsh/UR3_ROS2_PICK_AND_PLACE/install/ur_gazebo/share/ur_gazebo/package.bash'
[2.107s] INFO:colcon.colcon_core.shell:Creating package script '/home/darsh/UR3_ROS2_PICK_AND_PLACE/install/ur_gazebo/share/ur_gazebo/package.zsh'
[2.108s] Level 1:colcon.colcon_core.environment:create_file_with_runtime_dependencies(/home/darsh/UR3_ROS2_PICK_AND_PLACE/install/ur_gazebo/share/colcon-core/packages/ur_gazebo)
[2.109s] Level 1:colcon.colcon_core.environment:create_environment_scripts_only(ur_gazebo)
[2.110s] Level 1:colcon.colcon_core.environment:checking '/home/darsh/UR3_ROS2_PICK_AND_PLACE/install/ur_gazebo' for CMake module files
[2.111s] Level 1:colcon.colcon_core.environment:checking '/home/darsh/UR3_ROS2_PICK_AND_PLACE/install/ur_gazebo' for CMake config files
[2.112s] Level 1:colcon.colcon_core.shell:create_environment_hook('ur_gazebo', 'cmake_prefix_path')
[2.112s] INFO:colcon.colcon_core.shell:Creating environment hook '/home/darsh/UR3_ROS2_PICK_AND_PLACE/install/ur_gazebo/share/ur_gazebo/hook/cmake_prefix_path.ps1'
[2.113s] INFO:colcon.colcon_core.shell:Creating environment descriptor '/home/darsh/UR3_ROS2_PICK_AND_PLACE/install/ur_gazebo/share/ur_gazebo/hook/cmake_prefix_path.dsv'
[2.114s] INFO:colcon.colcon_core.shell:Creating environment hook '/home/darsh/UR3_ROS2_PICK_AND_PLACE/install/ur_gazebo/share/ur_gazebo/hook/cmake_prefix_path.sh'
[2.115s] Level 1:colcon.colcon_core.environment:checking '/home/darsh/UR3_ROS2_PICK_AND_PLACE/install/ur_gazebo/bin'
[2.115s] Level 1:colcon.colcon_core.environment:checking '/home/darsh/UR3_ROS2_PICK_AND_PLACE/install/ur_gazebo/lib/pkgconfig/ur_gazebo.pc'
[2.116s] Level 1:colcon.colcon_core.environment:checking '/home/darsh/UR3_ROS2_PICK_AND_PLACE/install/ur_gazebo/lib/python3.12/site-packages'
[2.117s] Level 1:colcon.colcon_core.environment:checking '/home/darsh/UR3_ROS2_PICK_AND_PLACE/install/ur_gazebo/bin'
[2.117s] INFO:colcon.colcon_core.shell:Creating package script '/home/darsh/UR3_ROS2_PICK_AND_PLACE/install/ur_gazebo/share/ur_gazebo/package.ps1'
[2.118s] INFO:colcon.colcon_core.shell:Creating package descriptor '/home/darsh/UR3_ROS2_PICK_AND_PLACE/install/ur_gazebo/share/ur_gazebo/package.dsv'
[2.119s] INFO:colcon.colcon_core.shell:Creating package script '/home/darsh/UR3_ROS2_PICK_AND_PLACE/install/ur_gazebo/share/ur_gazebo/package.sh'
[2.120s] INFO:colcon.colcon_core.shell:Creating package script '/home/darsh/UR3_ROS2_PICK_AND_PLACE/install/ur_gazebo/share/ur_gazebo/package.bash'
[2.122s] INFO:colcon.colcon_core.shell:Creating package script '/home/darsh/UR3_ROS2_PICK_AND_PLACE/install/ur_gazebo/share/ur_gazebo/package.zsh'
[2.123s] Level 1:colcon.colcon_core.environment:create_file_with_runtime_dependencies(/home/darsh/UR3_ROS2_PICK_AND_PLACE/install/ur_gazebo/share/colcon-core/packages/ur_gazebo)
[2.145s] Level 1:colcon.colcon_core.environment:create_environment_scripts_only(ur_system_tests)
[2.146s] Level 1:colcon.colcon_core.environment:checking '/home/darsh/UR3_ROS2_PICK_AND_PLACE/install/ur_system_tests' for CMake module files
[2.149s] DEBUG:colcon.colcon_core.event_handler.log_command:Invoked command in '/home/darsh/UR3_ROS2_PICK_AND_PLACE/build/ur_system_tests' returned '0': CMAKE_PREFIX_PATH=${CMAKE_PREFIX_PATH}:/opt/ros/jazzy /usr/bin/cmake --install /home/darsh/UR3_ROS2_PICK_AND_PLACE/build/ur_system_tests
[2.150s] Level 1:colcon.colcon_core.environment:checking '/home/darsh/UR3_ROS2_PICK_AND_PLACE/install/ur_system_tests' for CMake config files
[2.151s] Level 1:colcon.colcon_core.shell:create_environment_hook('ur_system_tests', 'cmake_prefix_path')
[2.152s] INFO:colcon.colcon_core.shell:Creating environment hook '/home/darsh/UR3_ROS2_PICK_AND_PLACE/install/ur_system_tests/share/ur_system_tests/hook/cmake_prefix_path.ps1'
[2.154s] INFO:colcon.colcon_core.shell:Creating environment descriptor '/home/darsh/UR3_ROS2_PICK_AND_PLACE/install/ur_system_tests/share/ur_system_tests/hook/cmake_prefix_path.dsv'
[2.155s] INFO:colcon.colcon_core.shell:Creating environment hook '/home/darsh/UR3_ROS2_PICK_AND_PLACE/install/ur_system_tests/share/ur_system_tests/hook/cmake_prefix_path.sh'
[2.157s] Level 1:colcon.colcon_core.environment:checking '/home/darsh/UR3_ROS2_PICK_AND_PLACE/install/ur_system_tests/lib'
[2.157s] Level 1:colcon.colcon_core.environment:checking '/home/darsh/UR3_ROS2_PICK_AND_PLACE/install/ur_system_tests/bin'
[2.158s] Level 1:colcon.colcon_core.environment:checking '/home/darsh/UR3_ROS2_PICK_AND_PLACE/install/ur_system_tests/lib/pkgconfig/ur_system_tests.pc'
[2.159s] Level 1:colcon.colcon_core.environment:checking '/home/darsh/UR3_ROS2_PICK_AND_PLACE/install/ur_system_tests/lib/python3.12/site-packages'
[2.159s] Level 1:colcon.colcon_core.environment:checking '/home/darsh/UR3_ROS2_PICK_AND_PLACE/install/ur_system_tests/bin'
[2.160s] INFO:colcon.colcon_core.shell:Creating package script '/home/darsh/UR3_ROS2_PICK_AND_PLACE/install/ur_system_tests/share/ur_system_tests/package.ps1'
[2.162s] INFO:colcon.colcon_core.shell:Creating package descriptor '/home/darsh/UR3_ROS2_PICK_AND_PLACE/install/ur_system_tests/share/ur_system_tests/package.dsv'
[2.163s] INFO:colcon.colcon_core.shell:Creating package script '/home/darsh/UR3_ROS2_PICK_AND_PLACE/install/ur_system_tests/share/ur_system_tests/package.sh'
[2.164s] INFO:colcon.colcon_core.shell:Creating package script '/home/darsh/UR3_ROS2_PICK_AND_PLACE/install/ur_system_tests/share/ur_system_tests/package.bash'
[2.165s] INFO:colcon.colcon_core.shell:Creating package script '/home/darsh/UR3_ROS2_PICK_AND_PLACE/install/ur_system_tests/share/ur_system_tests/package.zsh'
[2.166s] Level 1:colcon.colcon_core.environment:create_file_with_runtime_dependencies(/home/darsh/UR3_ROS2_PICK_AND_PLACE/install/ur_system_tests/share/colcon-core/packages/ur_system_tests)
[2.167s] Level 1:colcon.colcon_core.environment:create_environment_scripts_only(ur_system_tests)
[2.168s] Level 1:colcon.colcon_core.environment:checking '/home/darsh/UR3_ROS2_PICK_AND_PLACE/install/ur_system_tests' for CMake module files
[2.169s] Level 1:colcon.colcon_core.environment:checking '/home/darsh/UR3_ROS2_PICK_AND_PLACE/install/ur_system_tests' for CMake config files
[2.170s] Level 1:colcon.colcon_core.shell:create_environment_hook('ur_system_tests', 'cmake_prefix_path')
[2.170s] INFO:colcon.colcon_core.shell:Creating environment hook '/home/darsh/UR3_ROS2_PICK_AND_PLACE/install/ur_system_tests/share/ur_system_tests/hook/cmake_prefix_path.ps1'
[2.171s] INFO:colcon.colcon_core.shell:Creating environment descriptor '/home/darsh/UR3_ROS2_PICK_AND_PLACE/install/ur_system_tests/share/ur_system_tests/hook/cmake_prefix_path.dsv'
[2.172s] INFO:colcon.colcon_core.shell:Creating environment hook '/home/darsh/UR3_ROS2_PICK_AND_PLACE/install/ur_system_tests/share/ur_system_tests/hook/cmake_prefix_path.sh'
[2.173s] Level 1:colcon.colcon_core.environment:checking '/home/darsh/UR3_ROS2_PICK_AND_PLACE/install/ur_system_tests/lib'
[2.174s] Level 1:colcon.colcon_core.environment:checking '/home/darsh/UR3_ROS2_PICK_AND_PLACE/install/ur_system_tests/bin'
[2.174s] Level 1:colcon.colcon_core.environment:checking '/home/darsh/UR3_ROS2_PICK_AND_PLACE/install/ur_system_tests/lib/pkgconfig/ur_system_tests.pc'
[2.174s] Level 1:colcon.colcon_core.environment:checking '/home/darsh/UR3_ROS2_PICK_AND_PLACE/install/ur_system_tests/lib/python3.12/site-packages'
[2.175s] Level 1:colcon.colcon_core.environment:checking '/home/darsh/UR3_ROS2_PICK_AND_PLACE/install/ur_system_tests/bin'
[2.175s] INFO:colcon.colcon_core.shell:Creating package script '/home/darsh/UR3_ROS2_PICK_AND_PLACE/install/ur_system_tests/share/ur_system_tests/package.ps1'
[2.176s] INFO:colcon.colcon_core.shell:Creating package descriptor '/home/darsh/UR3_ROS2_PICK_AND_PLACE/install/ur_system_tests/share/ur_system_tests/package.dsv'
[2.178s] INFO:colcon.colcon_core.shell:Creating package script '/home/darsh/UR3_ROS2_PICK_AND_PLACE/install/ur_system_tests/share/ur_system_tests/package.sh'
[2.178s] INFO:colcon.colcon_core.shell:Creating package script '/home/darsh/UR3_ROS2_PICK_AND_PLACE/install/ur_system_tests/share/ur_system_tests/package.bash'
[2.179s] INFO:colcon.colcon_core.shell:Creating package script '/home/darsh/UR3_ROS2_PICK_AND_PLACE/install/ur_system_tests/share/ur_system_tests/package.zsh'
[2.180s] Level 1:colcon.colcon_core.environment:create_file_with_runtime_dependencies(/home/darsh/UR3_ROS2_PICK_AND_PLACE/install/ur_system_tests/share/colcon-core/packages/ur_system_tests)
[2.181s] Level 1:colcon.colcon_core.environment:create_environment_scripts_only(ur_moveit_demos)
[2.182s] Level 1:colcon.colcon_core.environment:checking '/home/darsh/UR3_ROS2_PICK_AND_PLACE/install/ur_moveit_demos' for CMake module files
[2.187s] DEBUG:colcon.colcon_core.event_handler.log_command:Invoked command in '/home/darsh/UR3_ROS2_PICK_AND_PLACE/build/ur_moveit_demos' returned '0': CMAKE_PREFIX_PATH=${CMAKE_PREFIX_PATH}:/opt/ros/jazzy /usr/bin/cmake --install /home/darsh/UR3_ROS2_PICK_AND_PLACE/build/ur_moveit_demos
[2.189s] Level 1:colcon.colcon_core.environment:checking '/home/darsh/UR3_ROS2_PICK_AND_PLACE/install/ur_moveit_demos' for CMake config files
[2.190s] Level 1:colcon.colcon_core.shell:create_environment_hook('ur_moveit_demos', 'cmake_prefix_path')
[2.190s] INFO:colcon.colcon_core.shell:Creating environment hook '/home/darsh/UR3_ROS2_PICK_AND_PLACE/install/ur_moveit_demos/share/ur_moveit_demos/hook/cmake_prefix_path.ps1'
[2.192s] INFO:colcon.colcon_core.shell:Creating environment descriptor '/home/darsh/UR3_ROS2_PICK_AND_PLACE/install/ur_moveit_demos/share/ur_moveit_demos/hook/cmake_prefix_path.dsv'
[2.193s] INFO:colcon.colcon_core.shell:Creating environment hook '/home/darsh/UR3_ROS2_PICK_AND_PLACE/install/ur_moveit_demos/share/ur_moveit_demos/hook/cmake_prefix_path.sh'
[2.194s] Level 1:colcon.colcon_core.environment:checking '/home/darsh/UR3_ROS2_PICK_AND_PLACE/install/ur_moveit_demos/lib'
[2.194s] Level 1:colcon.colcon_core.environment:checking '/home/darsh/UR3_ROS2_PICK_AND_PLACE/install/ur_moveit_demos/bin'
[2.195s] Level 1:colcon.colcon_core.environment:checking '/home/darsh/UR3_ROS2_PICK_AND_PLACE/install/ur_moveit_demos/lib/pkgconfig/ur_moveit_demos.pc'
[2.195s] Level 1:colcon.colcon_core.environment:checking '/home/darsh/UR3_ROS2_PICK_AND_PLACE/install/ur_moveit_demos/lib/python3.12/site-packages'
[2.196s] Level 1:colcon.colcon_core.environment:checking '/home/darsh/UR3_ROS2_PICK_AND_PLACE/install/ur_moveit_demos/bin'
[2.196s] INFO:colcon.colcon_core.shell:Creating package script '/home/darsh/UR3_ROS2_PICK_AND_PLACE/install/ur_moveit_demos/share/ur_moveit_demos/package.ps1'
[2.198s] INFO:colcon.colcon_core.shell:Creating package descriptor '/home/darsh/UR3_ROS2_PICK_AND_PLACE/install/ur_moveit_demos/share/ur_moveit_demos/package.dsv'
[2.199s] INFO:colcon.colcon_core.shell:Creating package script '/home/darsh/UR3_ROS2_PICK_AND_PLACE/install/ur_moveit_demos/share/ur_moveit_demos/package.sh'
[2.200s] INFO:colcon.colcon_core.shell:Creating package script '/home/darsh/UR3_ROS2_PICK_AND_PLACE/install/ur_moveit_demos/share/ur_moveit_demos/package.bash'
[2.201s] INFO:colcon.colcon_core.shell:Creating package script '/home/darsh/UR3_ROS2_PICK_AND_PLACE/install/ur_moveit_demos/share/ur_moveit_demos/package.zsh'
[2.201s] Level 1:colcon.colcon_core.environment:create_file_with_runtime_dependencies(/home/darsh/UR3_ROS2_PICK_AND_PLACE/install/ur_moveit_demos/share/colcon-core/packages/ur_moveit_demos)
[2.202s] Level 1:colcon.colcon_core.environment:create_environment_scripts_only(ur_moveit_demos)
[2.203s] Level 1:colcon.colcon_core.environment:checking '/home/darsh/UR3_ROS2_PICK_AND_PLACE/install/ur_moveit_demos' for CMake module files
[2.204s] Level 1:colcon.colcon_core.environment:checking '/home/darsh/UR3_ROS2_PICK_AND_PLACE/install/ur_moveit_demos' for CMake config files
[2.204s] Level 1:colcon.colcon_core.shell:create_environment_hook('ur_moveit_demos', 'cmake_prefix_path')
[2.205s] INFO:colcon.colcon_core.shell:Creating environment hook '/home/darsh/UR3_ROS2_PICK_AND_PLACE/install/ur_moveit_demos/share/ur_moveit_demos/hook/cmake_prefix_path.ps1'
[2.206s] INFO:colcon.colcon_core.shell:Creating environment descriptor '/home/darsh/UR3_ROS2_PICK_AND_PLACE/install/ur_moveit_demos/share/ur_moveit_demos/hook/cmake_prefix_path.dsv'
[2.207s] INFO:colcon.colcon_core.shell:Creating environment hook '/home/darsh/UR3_ROS2_PICK_AND_PLACE/install/ur_moveit_demos/share/ur_moveit_demos/hook/cmake_prefix_path.sh'
[2.208s] Level 1:colcon.colcon_core.environment:checking '/home/darsh/UR3_ROS2_PICK_AND_PLACE/install/ur_moveit_demos/lib'
[2.208s] Level 1:colcon.colcon_core.environment:checking '/home/darsh/UR3_ROS2_PICK_AND_PLACE/install/ur_moveit_demos/bin'
[2.208s] Level 1:colcon.colcon_core.environment:checking '/home/darsh/UR3_ROS2_PICK_AND_PLACE/install/ur_moveit_demos/lib/pkgconfig/ur_moveit_demos.pc'
[2.209s] Level 1:colcon.colcon_core.environment:checking '/home/darsh/UR3_ROS2_PICK_AND_PLACE/install/ur_moveit_demos/lib/python3.12/site-packages'
[2.209s] Level 1:colcon.colcon_core.environment:checking '/home/darsh/UR3_ROS2_PICK_AND_PLACE/install/ur_moveit_demos/bin'
[2.210s] INFO:colcon.colcon_core.shell:Creating package script '/home/darsh/UR3_ROS2_PICK_AND_PLACE/install/ur_moveit_demos/share/ur_moveit_demos/package.ps1'
[2.211s] INFO:colcon.colcon_core.shell:Creating package descriptor '/home/darsh/UR3_ROS2_PICK_AND_PLACE/install/ur_moveit_demos/share/ur_moveit_demos/package.dsv'
[2.213s] INFO:colcon.colcon_core.shell:Creating package script '/home/darsh/UR3_ROS2_PICK_AND_PLACE/install/ur_moveit_demos/share/ur_moveit_demos/package.sh'
[2.214s] INFO:colcon.colcon_core.shell:Creating package script '/home/darsh/UR3_ROS2_PICK_AND_PLACE/install/ur_moveit_demos/share/ur_moveit_demos/package.bash'
[2.216s] INFO:colcon.colcon_core.shell:Creating package script '/home/darsh/UR3_ROS2_PICK_AND_PLACE/install/ur_moveit_demos/share/ur_moveit_demos/package.zsh'
[2.218s] Level 1:colcon.colcon_core.environment:create_file_with_runtime_dependencies(/home/darsh/UR3_ROS2_PICK_AND_PLACE/install/ur_moveit_demos/share/colcon-core/packages/ur_moveit_demos)
[2.234s] DEBUG:colcon.colcon_core.event_handler.log_command:Invoking command in '/home/darsh/UR3_ROS2_PICK_AND_PLACE/build/moveit_config_backup': CMAKE_PREFIX_PATH=/home/darsh/UR3_ROS2_PICK_AND_PLACE/install/ur_description:/home/darsh/UR3_ROS2_PICK_AND_PLACE/install/moveit_config_backup:/home/darsh/UR3_ROS2_PICK_AND_PLACE/install/ur_system_tests:/home/darsh/UR3_ROS2_PICK_AND_PLACE/install/ur_moveit_demos:/home/darsh/UR3_ROS2_PICK_AND_PLACE/install/ur_interfaces:/home/darsh/UR3_ROS2_PICK_AND_PLACE/install/ur_gazebo:/home/darsh/UR3_ROS2_PICK_AND_PLACE/install/moveit_config:/home/darsh/UR3_ROS2_PICK_AND_PLACE/install/robotiq_2f_85_gripper_visualization:/opt/ros/jazzy/opt/gz_sim_vendor:/opt/ros/jazzy/opt/gz_sensors_vendor:/opt/ros/jazzy/opt/gz_physics_vendor:/opt/ros/jazzy/opt/sdformat_vendor:/opt/ros/jazzy/opt/gz_gui_vendor:/opt/ros/jazzy/opt/gz_transport_vendor:/opt/ros/jazzy/opt/gz_rendering_vendor:/opt/ros/jazzy/opt/gz_plugin_vendor:/opt/ros/jazzy/opt/gz_fuel_tools_vendor:/opt/ros/jazzy/opt/gz_msgs_vendor:/opt/ros/jazzy/opt/gz_common_vendor:/opt/ros/jazzy/opt/gz_math_vendor:/opt/ros/jazzy/opt/gz_utils_vendor:/opt/ros/jazzy/opt/gz_tools_vendor:/opt/ros/jazzy/opt/gz_ogre_next_vendor:/opt/ros/jazzy/opt/gz_dartsim_vendor:/opt/ros/jazzy/opt/gz_cmake_vendor:/opt/ros/jazzy /usr/bin/cmake --build /home/darsh/UR3_ROS2_PICK_AND_PLACE/build/moveit_config_backup -- -j16 -l16
[2.238s] DEBUG:colcon.colcon_core.event_handler.log_command:Invoking command in '/home/darsh/UR3_ROS2_PICK_AND_PLACE/build/moveit_config': CMAKE_PREFIX_PATH=/home/darsh/UR3_ROS2_PICK_AND_PLACE/install/ur_description:/home/darsh/UR3_ROS2_PICK_AND_PLACE/install/moveit_config_backup:/home/darsh/UR3_ROS2_PICK_AND_PLACE/install/ur_system_tests:/home/darsh/UR3_ROS2_PICK_AND_PLACE/install/ur_moveit_demos:/home/darsh/UR3_ROS2_PICK_AND_PLACE/install/ur_interfaces:/home/darsh/UR3_ROS2_PICK_AND_PLACE/install/ur_gazebo:/home/darsh/UR3_ROS2_PICK_AND_PLACE/install/moveit_config:/home/darsh/UR3_ROS2_PICK_AND_PLACE/install/robotiq_2f_85_gripper_visualization:/opt/ros/jazzy/opt/gz_sim_vendor:/opt/ros/jazzy/opt/gz_sensors_vendor:/opt/ros/jazzy/opt/gz_physics_vendor:/opt/ros/jazzy/opt/sdformat_vendor:/opt/ros/jazzy/opt/gz_gui_vendor:/opt/ros/jazzy/opt/gz_transport_vendor:/opt/ros/jazzy/opt/gz_rendering_vendor:/opt/ros/jazzy/opt/gz_plugin_vendor:/opt/ros/jazzy/opt/gz_fuel_tools_vendor:/opt/ros/jazzy/opt/gz_msgs_vendor:/opt/ros/jazzy/opt/gz_common_vendor:/opt/ros/jazzy/opt/gz_math_vendor:/opt/ros/jazzy/opt/gz_utils_vendor:/opt/ros/jazzy/opt/gz_tools_vendor:/opt/ros/jazzy/opt/gz_ogre_next_vendor:/opt/ros/jazzy/opt/gz_dartsim_vendor:/opt/ros/jazzy/opt/gz_cmake_vendor:/opt/ros/jazzy /usr/bin/cmake --build /home/darsh/UR3_ROS2_PICK_AND_PLACE/build/moveit_config -- -j16 -l16
[2.311s] DEBUG:colcon.colcon_core.event_handler.log_command:Invoked command in '/home/darsh/UR3_ROS2_PICK_AND_PLACE/build/moveit_config_backup' returned '0': CMAKE_PREFIX_PATH=/home/darsh/UR3_ROS2_PICK_AND_PLACE/install/ur_description:/home/darsh/UR3_ROS2_PICK_AND_PLACE/install/moveit_config_backup:/home/darsh/UR3_ROS2_PICK_AND_PLACE/install/ur_system_tests:/home/darsh/UR3_ROS2_PICK_AND_PLACE/install/ur_moveit_demos:/home/darsh/UR3_ROS2_PICK_AND_PLACE/install/ur_interfaces:/home/darsh/UR3_ROS2_PICK_AND_PLACE/install/ur_gazebo:/home/darsh/UR3_ROS2_PICK_AND_PLACE/install/moveit_config:/home/darsh/UR3_ROS2_PICK_AND_PLACE/install/robotiq_2f_85_gripper_visualization:/opt/ros/jazzy/opt/gz_sim_vendor:/opt/ros/jazzy/opt/gz_sensors_vendor:/opt/ros/jazzy/opt/gz_physics_vendor:/opt/ros/jazzy/opt/sdformat_vendor:/opt/ros/jazzy/opt/gz_gui_vendor:/opt/ros/jazzy/opt/gz_transport_vendor:/opt/ros/jazzy/opt/gz_rendering_vendor:/opt/ros/jazzy/opt/gz_plugin_vendor:/opt/ros/jazzy/opt/gz_fuel_tools_vendor:/opt/ros/jazzy/opt/gz_msgs_vendor:/opt/ros/jazzy/opt/gz_common_vendor:/opt/ros/jazzy/opt/gz_math_vendor:/opt/ros/jazzy/opt/gz_utils_vendor:/opt/ros/jazzy/opt/gz_tools_vendor:/opt/ros/jazzy/opt/gz_ogre_next_vendor:/opt/ros/jazzy/opt/gz_dartsim_vendor:/opt/ros/jazzy/opt/gz_cmake_vendor:/opt/ros/jazzy /usr/bin/cmake --build /home/darsh/UR3_ROS2_PICK_AND_PLACE/build/moveit_config_backup -- -j16 -l16
[2.316s] DEBUG:colcon.colcon_core.event_handler.log_command:Invoking command in '/home/darsh/UR3_ROS2_PICK_AND_PLACE/build/moveit_config_backup': CMAKE_PREFIX_PATH=/home/darsh/UR3_ROS2_PICK_AND_PLACE/install/ur_description:/home/darsh/UR3_ROS2_PICK_AND_PLACE/install/moveit_config_backup:/home/darsh/UR3_ROS2_PICK_AND_PLACE/install/ur_system_tests:/home/darsh/UR3_ROS2_PICK_AND_PLACE/install/ur_moveit_demos:/home/darsh/UR3_ROS2_PICK_AND_PLACE/install/ur_interfaces:/home/darsh/UR3_ROS2_PICK_AND_PLACE/install/ur_gazebo:/home/darsh/UR3_ROS2_PICK_AND_PLACE/install/moveit_config:/home/darsh/UR3_ROS2_PICK_AND_PLACE/install/robotiq_2f_85_gripper_visualization:/opt/ros/jazzy/opt/gz_sim_vendor:/opt/ros/jazzy/opt/gz_sensors_vendor:/opt/ros/jazzy/opt/gz_physics_vendor:/opt/ros/jazzy/opt/sdformat_vendor:/opt/ros/jazzy/opt/gz_gui_vendor:/opt/ros/jazzy/opt/gz_transport_vendor:/opt/ros/jazzy/opt/gz_rendering_vendor:/opt/ros/jazzy/opt/gz_plugin_vendor:/opt/ros/jazzy/opt/gz_fuel_tools_vendor:/opt/ros/jazzy/opt/gz_msgs_vendor:/opt/ros/jazzy/opt/gz_common_vendor:/opt/ros/jazzy/opt/gz_math_vendor:/opt/ros/jazzy/opt/gz_utils_vendor:/opt/ros/jazzy/opt/gz_tools_vendor:/opt/ros/jazzy/opt/gz_ogre_next_vendor:/opt/ros/jazzy/opt/gz_dartsim_vendor:/opt/ros/jazzy/opt/gz_cmake_vendor:/opt/ros/jazzy /usr/bin/cmake --install /home/darsh/UR3_ROS2_PICK_AND_PLACE/build/moveit_config_backup
[2.342s] Level 1:colcon.colcon_core.environment:create_environment_scripts_only(moveit_config_backup)
[2.344s] Level 1:colcon.colcon_core.environment:checking '/home/darsh/UR3_ROS2_PICK_AND_PLACE/install/moveit_config_backup' for CMake module files
[2.366s] DEBUG:colcon.colcon_core.event_handler.log_command:Invoked command in '/home/darsh/UR3_ROS2_PICK_AND_PLACE/build/moveit_config_backup' returned '0': CMAKE_PREFIX_PATH=/home/darsh/UR3_ROS2_PICK_AND_PLACE/install/ur_description:/home/darsh/UR3_ROS2_PICK_AND_PLACE/install/moveit_config_backup:/home/darsh/UR3_ROS2_PICK_AND_PLACE/install/ur_system_tests:/home/darsh/UR3_ROS2_PICK_AND_PLACE/install/ur_moveit_demos:/home/darsh/UR3_ROS2_PICK_AND_PLACE/install/ur_interfaces:/home/darsh/UR3_ROS2_PICK_AND_PLACE/install/ur_gazebo:/home/darsh/UR3_ROS2_PICK_AND_PLACE/install/moveit_config:/home/darsh/UR3_ROS2_PICK_AND_PLACE/install/robotiq_2f_85_gripper_visualization:/opt/ros/jazzy/opt/gz_sim_vendor:/opt/ros/jazzy/opt/gz_sensors_vendor:/opt/ros/jazzy/opt/gz_physics_vendor:/opt/ros/jazzy/opt/sdformat_vendor:/opt/ros/jazzy/opt/gz_gui_vendor:/opt/ros/jazzy/opt/gz_transport_vendor:/opt/ros/jazzy/opt/gz_rendering_vendor:/opt/ros/jazzy/opt/gz_plugin_vendor:/opt/ros/jazzy/opt/gz_fuel_tools_vendor:/opt/ros/jazzy/opt/gz_msgs_vendor:/opt/ros/jazzy/opt/gz_common_vendor:/opt/ros/jazzy/opt/gz_math_vendor:/opt/ros/jazzy/opt/gz_utils_vendor:/opt/ros/jazzy/opt/gz_tools_vendor:/opt/ros/jazzy/opt/gz_ogre_next_vendor:/opt/ros/jazzy/opt/gz_dartsim_vendor:/opt/ros/jazzy/opt/gz_cmake_vendor:/opt/ros/jazzy /usr/bin/cmake --install /home/darsh/UR3_ROS2_PICK_AND_PLACE/build/moveit_config_backup
[2.367s] Level 1:colcon.colcon_core.environment:checking '/home/darsh/UR3_ROS2_PICK_AND_PLACE/install/moveit_config_backup' for CMake config files
[2.368s] Level 1:colcon.colcon_core.shell:create_environment_hook('moveit_config_backup', 'cmake_prefix_path')
[2.369s] INFO:colcon.colcon_core.shell:Creating environment hook '/home/darsh/UR3_ROS2_PICK_AND_PLACE/install/moveit_config_backup/share/moveit_config_backup/hook/cmake_prefix_path.ps1'
[2.370s] INFO:colcon.colcon_core.shell:Creating environment descriptor '/home/darsh/UR3_ROS2_PICK_AND_PLACE/install/moveit_config_backup/share/moveit_config_backup/hook/cmake_prefix_path.dsv'
[2.371s] INFO:colcon.colcon_core.shell:Creating environment hook '/home/darsh/UR3_ROS2_PICK_AND_PLACE/install/moveit_config_backup/share/moveit_config_backup/hook/cmake_prefix_path.sh'
[2.372s] Level 1:colcon.colcon_core.environment:checking '/home/darsh/UR3_ROS2_PICK_AND_PLACE/install/moveit_config_backup/bin'
[2.372s] Level 1:colcon.colcon_core.environment:checking '/home/darsh/UR3_ROS2_PICK_AND_PLACE/install/moveit_config_backup/lib/pkgconfig/moveit_config_backup.pc'
[2.373s] Level 1:colcon.colcon_core.environment:checking '/home/darsh/UR3_ROS2_PICK_AND_PLACE/install/moveit_config_backup/lib/python3.12/site-packages'
[2.374s] Level 1:colcon.colcon_core.environment:checking '/home/darsh/UR3_ROS2_PICK_AND_PLACE/install/moveit_config_backup/bin'
[2.374s] INFO:colcon.colcon_core.shell:Creating package script '/home/darsh/UR3_ROS2_PICK_AND_PLACE/install/moveit_config_backup/share/moveit_config_backup/package.ps1'
[2.375s] INFO:colcon.colcon_core.shell:Creating package descriptor '/home/darsh/UR3_ROS2_PICK_AND_PLACE/install/moveit_config_backup/share/moveit_config_backup/package.dsv'
[2.376s] INFO:colcon.colcon_core.shell:Creating package script '/home/darsh/UR3_ROS2_PICK_AND_PLACE/install/moveit_config_backup/share/moveit_config_backup/package.sh'
[2.377s] INFO:colcon.colcon_core.shell:Creating package script '/home/darsh/UR3_ROS2_PICK_AND_PLACE/install/moveit_config_backup/share/moveit_config_backup/package.bash'
[2.379s] INFO:colcon.colcon_core.shell:Creating package script '/home/darsh/UR3_ROS2_PICK_AND_PLACE/install/moveit_config_backup/share/moveit_config_backup/package.zsh'
[2.380s] Level 1:colcon.colcon_core.environment:create_file_with_runtime_dependencies(/home/darsh/UR3_ROS2_PICK_AND_PLACE/install/moveit_config_backup/share/colcon-core/packages/moveit_config_backup)
[2.381s] Level 1:colcon.colcon_core.environment:create_environment_scripts_only(moveit_config_backup)
[2.382s] Level 1:colcon.colcon_core.environment:checking '/home/darsh/UR3_ROS2_PICK_AND_PLACE/install/moveit_config_backup' for CMake module files
[2.384s] Level 1:colcon.colcon_core.environment:checking '/home/darsh/UR3_ROS2_PICK_AND_PLACE/install/moveit_config_backup' for CMake config files
[2.385s] Level 1:colcon.colcon_core.shell:create_environment_hook('moveit_config_backup', 'cmake_prefix_path')
[2.385s] INFO:colcon.colcon_core.shell:Creating environment hook '/home/darsh/UR3_ROS2_PICK_AND_PLACE/install/moveit_config_backup/share/moveit_config_backup/hook/cmake_prefix_path.ps1'
[2.387s] INFO:colcon.colcon_core.shell:Creating environment descriptor '/home/darsh/UR3_ROS2_PICK_AND_PLACE/install/moveit_config_backup/share/moveit_config_backup/hook/cmake_prefix_path.dsv'
[2.388s] INFO:colcon.colcon_core.shell:Creating environment hook '/home/darsh/UR3_ROS2_PICK_AND_PLACE/install/moveit_config_backup/share/moveit_config_backup/hook/cmake_prefix_path.sh'
[2.390s] Level 1:colcon.colcon_core.environment:checking '/home/darsh/UR3_ROS2_PICK_AND_PLACE/install/moveit_config_backup/bin'
[2.390s] Level 1:colcon.colcon_core.environment:checking '/home/darsh/UR3_ROS2_PICK_AND_PLACE/install/moveit_config_backup/lib/pkgconfig/moveit_config_backup.pc'
[2.391s] Level 1:colcon.colcon_core.environment:checking '/home/darsh/UR3_ROS2_PICK_AND_PLACE/install/moveit_config_backup/lib/python3.12/site-packages'
[2.392s] Level 1:colcon.colcon_core.environment:checking '/home/darsh/UR3_ROS2_PICK_AND_PLACE/install/moveit_config_backup/bin'
[2.393s] INFO:colcon.colcon_core.shell:Creating package script '/home/darsh/UR3_ROS2_PICK_AND_PLACE/install/moveit_config_backup/share/moveit_config_backup/package.ps1'
[2.396s] INFO:colcon.colcon_core.shell:Creating package descriptor '/home/darsh/UR3_ROS2_PICK_AND_PLACE/install/moveit_config_backup/share/moveit_config_backup/package.dsv'
[2.398s] INFO:colcon.colcon_core.shell:Creating package script '/home/darsh/UR3_ROS2_PICK_AND_PLACE/install/moveit_config_backup/share/moveit_config_backup/package.sh'
[2.400s] INFO:colcon.colcon_core.shell:Creating package script '/home/darsh/UR3_ROS2_PICK_AND_PLACE/install/moveit_config_backup/share/moveit_config_backup/package.bash'
[2.401s] INFO:colcon.colcon_core.shell:Creating package script '/home/darsh/UR3_ROS2_PICK_AND_PLACE/install/moveit_config_backup/share/moveit_config_backup/package.zsh'
[2.403s] Level 1:colcon.colcon_core.environment:create_file_with_runtime_dependencies(/home/darsh/UR3_ROS2_PICK_AND_PLACE/install/moveit_config_backup/share/colcon-core/packages/moveit_config_backup)
[3.065s] DEBUG:colcon.colcon_core.event_handler.log_command:Invoked command in '/home/darsh/UR3_ROS2_PICK_AND_PLACE/build/moveit_config' returned '0': CMAKE_PREFIX_PATH=/home/darsh/UR3_ROS2_PICK_AND_PLACE/install/ur_description:/home/darsh/UR3_ROS2_PICK_AND_PLACE/install/moveit_config_backup:/home/darsh/UR3_ROS2_PICK_AND_PLACE/install/ur_system_tests:/home/darsh/UR3_ROS2_PICK_AND_PLACE/install/ur_moveit_demos:/home/darsh/UR3_ROS2_PICK_AND_PLACE/install/ur_interfaces:/home/darsh/UR3_ROS2_PICK_AND_PLACE/install/ur_gazebo:/home/darsh/UR3_ROS2_PICK_AND_PLACE/install/moveit_config:/home/darsh/UR3_ROS2_PICK_AND_PLACE/install/robotiq_2f_85_gripper_visualization:/opt/ros/jazzy/opt/gz_sim_vendor:/opt/ros/jazzy/opt/gz_sensors_vendor:/opt/ros/jazzy/opt/gz_physics_vendor:/opt/ros/jazzy/opt/sdformat_vendor:/opt/ros/jazzy/opt/gz_gui_vendor:/opt/ros/jazzy/opt/gz_transport_vendor:/opt/ros/jazzy/opt/gz_rendering_vendor:/opt/ros/jazzy/opt/gz_plugin_vendor:/opt/ros/jazzy/opt/gz_fuel_tools_vendor:/opt/ros/jazzy/opt/gz_msgs_vendor:/opt/ros/jazzy/opt/gz_common_vendor:/opt/ros/jazzy/opt/gz_math_vendor:/opt/ros/jazzy/opt/gz_utils_vendor:/opt/ros/jazzy/opt/gz_tools_vendor:/opt/ros/jazzy/opt/gz_ogre_next_vendor:/opt/ros/jazzy/opt/gz_dartsim_vendor:/opt/ros/jazzy/opt/gz_cmake_vendor:/opt/ros/jazzy /usr/bin/cmake --build /home/darsh/UR3_ROS2_PICK_AND_PLACE/build/moveit_config -- -j16 -l16
[3.070s] DEBUG:colcon.colcon_core.event_handler.log_command:Invoking command in '/home/darsh/UR3_ROS2_PICK_AND_PLACE/build/moveit_config': CMAKE_PREFIX_PATH=/home/darsh/UR3_ROS2_PICK_AND_PLACE/install/ur_description:/home/darsh/UR3_ROS2_PICK_AND_PLACE/install/moveit_config_backup:/home/darsh/UR3_ROS2_PICK_AND_PLACE/install/ur_system_tests:/home/darsh/UR3_ROS2_PICK_AND_PLACE/install/ur_moveit_demos:/home/darsh/UR3_ROS2_PICK_AND_PLACE/install/ur_interfaces:/home/darsh/UR3_ROS2_PICK_AND_PLACE/install/ur_gazebo:/home/darsh/UR3_ROS2_PICK_AND_PLACE/install/moveit_config:/home/darsh/UR3_ROS2_PICK_AND_PLACE/install/robotiq_2f_85_gripper_visualization:/opt/ros/jazzy/opt/gz_sim_vendor:/opt/ros/jazzy/opt/gz_sensors_vendor:/opt/ros/jazzy/opt/gz_physics_vendor:/opt/ros/jazzy/opt/sdformat_vendor:/opt/ros/jazzy/opt/gz_gui_vendor:/opt/ros/jazzy/opt/gz_transport_vendor:/opt/ros/jazzy/opt/gz_rendering_vendor:/opt/ros/jazzy/opt/gz_plugin_vendor:/opt/ros/jazzy/opt/gz_fuel_tools_vendor:/opt/ros/jazzy/opt/gz_msgs_vendor:/opt/ros/jazzy/opt/gz_common_vendor:/opt/ros/jazzy/opt/gz_math_vendor:/opt/ros/jazzy/opt/gz_utils_vendor:/opt/ros/jazzy/opt/gz_tools_vendor:/opt/ros/jazzy/opt/gz_ogre_next_vendor:/opt/ros/jazzy/opt/gz_dartsim_vendor:/opt/ros/jazzy/opt/gz_cmake_vendor:/opt/ros/jazzy /usr/bin/cmake --install /home/darsh/UR3_ROS2_PICK_AND_PLACE/build/moveit_config
[3.109s] Level 1:colcon.colcon_core.environment:create_environment_scripts_only(moveit_config)
[3.109s] Level 1:colcon.colcon_core.environment:checking '/home/darsh/UR3_ROS2_PICK_AND_PLACE/install/moveit_config' for CMake module files
[3.112s] DEBUG:colcon.colcon_core.event_handler.log_command:Invoked command in '/home/darsh/UR3_ROS2_PICK_AND_PLACE/build/moveit_config' returned '0': CMAKE_PREFIX_PATH=/home/darsh/UR3_ROS2_PICK_AND_PLACE/install/ur_description:/home/darsh/UR3_ROS2_PICK_AND_PLACE/install/moveit_config_backup:/home/darsh/UR3_ROS2_PICK_AND_PLACE/install/ur_system_tests:/home/darsh/UR3_ROS2_PICK_AND_PLACE/install/ur_moveit_demos:/home/darsh/UR3_ROS2_PICK_AND_PLACE/install/ur_interfaces:/home/darsh/UR3_ROS2_PICK_AND_PLACE/install/ur_gazebo:/home/darsh/UR3_ROS2_PICK_AND_PLACE/install/moveit_config:/home/darsh/UR3_ROS2_PICK_AND_PLACE/install/robotiq_2f_85_gripper_visualization:/opt/ros/jazzy/opt/gz_sim_vendor:/opt/ros/jazzy/opt/gz_sensors_vendor:/opt/ros/jazzy/opt/gz_physics_vendor:/opt/ros/jazzy/opt/sdformat_vendor:/opt/ros/jazzy/opt/gz_gui_vendor:/opt/ros/jazzy/opt/gz_transport_vendor:/opt/ros/jazzy/opt/gz_rendering_vendor:/opt/ros/jazzy/opt/gz_plugin_vendor:/opt/ros/jazzy/opt/gz_fuel_tools_vendor:/opt/ros/jazzy/opt/gz_msgs_vendor:/opt/ros/jazzy/opt/gz_common_vendor:/opt/ros/jazzy/opt/gz_math_vendor:/opt/ros/jazzy/opt/gz_utils_vendor:/opt/ros/jazzy/opt/gz_tools_vendor:/opt/ros/jazzy/opt/gz_ogre_next_vendor:/opt/ros/jazzy/opt/gz_dartsim_vendor:/opt/ros/jazzy/opt/gz_cmake_vendor:/opt/ros/jazzy /usr/bin/cmake --install /home/darsh/UR3_ROS2_PICK_AND_PLACE/build/moveit_config
[3.113s] Level 1:colcon.colcon_core.environment:checking '/home/darsh/UR3_ROS2_PICK_AND_PLACE/install/moveit_config' for CMake config files
[3.113s] Level 1:colcon.colcon_core.shell:create_environment_hook('moveit_config', 'cmake_prefix_path')
[3.114s] INFO:colcon.colcon_core.shell:Creating environment hook '/home/darsh/UR3_ROS2_PICK_AND_PLACE/install/moveit_config/share/moveit_config/hook/cmake_prefix_path.ps1'
[3.115s] INFO:colcon.colcon_core.shell:Creating environment descriptor '/home/darsh/UR3_ROS2_PICK_AND_PLACE/install/moveit_config/share/moveit_config/hook/cmake_prefix_path.dsv'
[3.115s] INFO:colcon.colcon_core.shell:Creating environment hook '/home/darsh/UR3_ROS2_PICK_AND_PLACE/install/moveit_config/share/moveit_config/hook/cmake_prefix_path.sh'
[3.117s] Level 1:colcon.colcon_core.environment:checking '/home/darsh/UR3_ROS2_PICK_AND_PLACE/install/moveit_config/bin'
[3.117s] Level 1:colcon.colcon_core.environment:checking '/home/darsh/UR3_ROS2_PICK_AND_PLACE/install/moveit_config/lib/pkgconfig/moveit_config.pc'
[3.118s] Level 1:colcon.colcon_core.environment:checking '/home/darsh/UR3_ROS2_PICK_AND_PLACE/install/moveit_config/lib/python3.12/site-packages'
[3.118s] Level 1:colcon.colcon_core.environment:checking '/home/darsh/UR3_ROS2_PICK_AND_PLACE/install/moveit_config/bin'
[3.119s] INFO:colcon.colcon_core.shell:Creating package script '/home/darsh/UR3_ROS2_PICK_AND_PLACE/install/moveit_config/share/moveit_config/package.ps1'
[3.120s] INFO:colcon.colcon_core.shell:Creating package descriptor '/home/darsh/UR3_ROS2_PICK_AND_PLACE/install/moveit_config/share/moveit_config/package.dsv'
[3.121s] INFO:colcon.colcon_core.shell:Creating package script '/home/darsh/UR3_ROS2_PICK_AND_PLACE/install/moveit_config/share/moveit_config/package.sh'
[3.122s] INFO:colcon.colcon_core.shell:Creating package script '/home/darsh/UR3_ROS2_PICK_AND_PLACE/install/moveit_config/share/moveit_config/package.bash'
[3.123s] INFO:colcon.colcon_core.shell:Creating package script '/home/darsh/UR3_ROS2_PICK_AND_PLACE/install/moveit_config/share/moveit_config/package.zsh'
[3.124s] Level 1:colcon.colcon_core.environment:create_file_with_runtime_dependencies(/home/darsh/UR3_ROS2_PICK_AND_PLACE/install/moveit_config/share/colcon-core/packages/moveit_config)
[3.125s] Level 1:colcon.colcon_core.environment:create_environment_scripts_only(moveit_config)
[3.125s] Level 1:colcon.colcon_core.environment:checking '/home/darsh/UR3_ROS2_PICK_AND_PLACE/install/moveit_config' for CMake module files
[3.126s] Level 1:colcon.colcon_core.environment:checking '/home/darsh/UR3_ROS2_PICK_AND_PLACE/install/moveit_config' for CMake config files
[3.127s] Level 1:colcon.colcon_core.shell:create_environment_hook('moveit_config', 'cmake_prefix_path')
[3.127s] INFO:colcon.colcon_core.shell:Creating environment hook '/home/darsh/UR3_ROS2_PICK_AND_PLACE/install/moveit_config/share/moveit_config/hook/cmake_prefix_path.ps1'
[3.129s] INFO:colcon.colcon_core.shell:Creating environment descriptor '/home/darsh/UR3_ROS2_PICK_AND_PLACE/install/moveit_config/share/moveit_config/hook/cmake_prefix_path.dsv'
[3.130s] INFO:colcon.colcon_core.shell:Creating environment hook '/home/darsh/UR3_ROS2_PICK_AND_PLACE/install/moveit_config/share/moveit_config/hook/cmake_prefix_path.sh'
[3.131s] Level 1:colcon.colcon_core.environment:checking '/home/darsh/UR3_ROS2_PICK_AND_PLACE/install/moveit_config/bin'
[3.132s] Level 1:colcon.colcon_core.environment:checking '/home/darsh/UR3_ROS2_PICK_AND_PLACE/install/moveit_config/lib/pkgconfig/moveit_config.pc'
[3.132s] Level 1:colcon.colcon_core.environment:checking '/home/darsh/UR3_ROS2_PICK_AND_PLACE/install/moveit_config/lib/python3.12/site-packages'
[3.133s] Level 1:colcon.colcon_core.environment:checking '/home/darsh/UR3_ROS2_PICK_AND_PLACE/install/moveit_config/bin'
[3.133s] INFO:colcon.colcon_core.shell:Creating package script '/home/darsh/UR3_ROS2_PICK_AND_PLACE/install/moveit_config/share/moveit_config/package.ps1'
[3.134s] INFO:colcon.colcon_core.shell:Creating package descriptor '/home/darsh/UR3_ROS2_PICK_AND_PLACE/install/moveit_config/share/moveit_config/package.dsv'
[3.135s] INFO:colcon.colcon_core.shell:Creating package script '/home/darsh/UR3_ROS2_PICK_AND_PLACE/install/moveit_config/share/moveit_config/package.sh'
[3.136s] INFO:colcon.colcon_core.shell:Creating package script '/home/darsh/UR3_ROS2_PICK_AND_PLACE/install/moveit_config/share/moveit_config/package.bash'
[3.137s] INFO:colcon.colcon_core.shell:Creating package script '/home/darsh/UR3_ROS2_PICK_AND_PLACE/install/moveit_config/share/moveit_config/package.zsh'
[3.138s] Level 1:colcon.colcon_core.environment:create_file_with_runtime_dependencies(/home/darsh/UR3_ROS2_PICK_AND_PLACE/install/moveit_config/share/colcon-core/packages/moveit_config)
[3.139s] DEBUG:colcon.colcon_parallel_executor.executor.parallel:closing loop
[3.142s] DEBUG:colcon.colcon_parallel_executor.executor.parallel:loop closed
[3.142s] DEBUG:colcon.colcon_parallel_executor.executor.parallel:run_until_complete finished with '0'
[3.142s] DEBUG:colcon.colcon_core.event_reactor:joining thread
[3.276s] INFO:colcon.colcon_core.plugin_system:Skipping extension 'colcon_notification.desktop_notification.notify_send': Could not find 'notify-send'
[3.277s] INFO:colcon.colcon_core.plugin_system:Skipping extension 'colcon_notification.desktop_notification.terminal_notifier': Not used on non-Darwin systems
[3.277s] INFO:colcon.colcon_core.plugin_system:Skipping extension 'colcon_notification.desktop_notification.win32': Not used on non-Windows systems
[3.277s] INFO:colcon.colcon_notification.desktop_notification:Sending desktop notification using 'notify2'
[3.281s] DEBUG:colcon.colcon_notification.desktop_notification.notify2:Failed to initialize notify2: org.freedesktop.DBus.Error.ServiceUnknown: The name org.freedesktop.Notifications was not provided by any .service files
[3.281s] DEBUG:colcon.colcon_core.event_reactor:joined thread
[3.282s] INFO:colcon.colcon_core.shell:Creating prefix script '/home/darsh/UR3_ROS2_PICK_AND_PLACE/install/local_setup.ps1'
[3.285s] INFO:colcon.colcon_core.shell:Creating prefix util module '/home/darsh/UR3_ROS2_PICK_AND_PLACE/install/_local_setup_util_ps1.py'
[3.288s] INFO:colcon.colcon_core.shell:Creating prefix chain script '/home/darsh/UR3_ROS2_PICK_AND_PLACE/install/setup.ps1'
[3.292s] INFO:colcon.colcon_core.shell:Creating prefix script '/home/darsh/UR3_ROS2_PICK_AND_PLACE/install/local_setup.sh'
[3.293s] INFO:colcon.colcon_core.shell:Creating prefix util module '/home/darsh/UR3_ROS2_PICK_AND_PLACE/install/_local_setup_util_sh.py'
[3.294s] INFO:colcon.colcon_core.shell:Creating prefix chain script '/home/darsh/UR3_ROS2_PICK_AND_PLACE/install/setup.sh'
[3.297s] INFO:colcon.colcon_core.shell:Creating prefix script '/home/darsh/UR3_ROS2_PICK_AND_PLACE/install/local_setup.bash'
[3.298s] INFO:colcon.colcon_core.shell:Creating prefix chain script '/home/darsh/UR3_ROS2_PICK_AND_PLACE/install/setup.bash'
[3.300s] INFO:colcon.colcon_core.shell:Creating prefix script '/home/darsh/UR3_ROS2_PICK_AND_PLACE/install/local_setup.zsh'
[3.301s] INFO:colcon.colcon_core.shell:Creating prefix chain script '/home/darsh/UR3_ROS2_PICK_AND_PLACE/install/setup.zsh'
