[0.053s] Invoking command in '/home/darsh/UR3_ROS2_PICK_AND_PLACE/build/ur_description': CMAKE_PREFIX_PATH=${CMAKE_PREFIX_PATH}:/opt/ros/jazzy /usr/bin/cmake /home/darsh/UR3_ROS2_PICK_AND_PLACE/ur_description -DAMENT_CMAKE_SYMLINK_INSTALL=1 -DCMAKE_INSTALL_PREFIX=/home/darsh/UR3_ROS2_PICK_AND_PLACE/install/ur_description
[0.185s] -- Found ament_cmake: 2.5.3 (/opt/ros/jazzy/share/ament_cmake/cmake)
[0.559s] -- Override CMake install command with custom implementation using symlinks instead of copying resources
[0.589s] -- Found ament_cmake_pytest: 2.5.3 (/opt/ros/jazzy/share/ament_cmake_pytest/cmake)
[0.731s] -- Configuring done (0.6s)
[0.749s] -- Generating done (0.0s)
[0.754s] -- Build files have been written to: /home/darsh/UR3_ROS2_PICK_AND_PLACE/build/ur_description
[0.770s] Invoked command in '/home/darsh/UR3_ROS2_PICK_AND_PLACE/build/ur_description' returned '0': CMAKE_PREFIX_PATH=${CMAKE_PREFIX_PATH}:/opt/ros/jazzy /usr/bin/cmake /home/darsh/UR3_ROS2_PICK_AND_PLACE/ur_description -DAMENT_CMAKE_SYMLINK_INSTALL=1 -DCMAKE_INSTALL_PREFIX=/home/darsh/UR3_ROS2_PICK_AND_PLACE/install/ur_description
[0.772s] Invoking command in '/home/darsh/UR3_ROS2_PICK_AND_PLACE/build/ur_description': CMAKE_PREFIX_PATH=${CMAKE_PREFIX_PATH}:/opt/ros/jazzy /usr/bin/cmake --build /home/darsh/UR3_ROS2_PICK_AND_PLACE/build/ur_description -- -j16 -l16
[0.829s] Invoked command in '/home/darsh/UR3_ROS2_PICK_AND_PLACE/build/ur_description' returned '0': CMAKE_PREFIX_PATH=${CMAKE_PREFIX_PATH}:/opt/ros/jazzy /usr/bin/cmake --build /home/darsh/UR3_ROS2_PICK_AND_PLACE/build/ur_description -- -j16 -l16
[0.841s] Invoking command in '/home/darsh/UR3_ROS2_PICK_AND_PLACE/build/ur_description': CMAKE_PREFIX_PATH=${CMAKE_PREFIX_PATH}:/opt/ros/jazzy /usr/bin/cmake --install /home/darsh/UR3_ROS2_PICK_AND_PLACE/build/ur_description
[0.852s] -- Install configuration: ""
[0.854s] -- Execute custom install script
[0.858s] -- Symlinking: /home/darsh/UR3_ROS2_PICK_AND_PLACE/install/ur_description/share/ur_description/config/initial_positions.yaml
[0.870s] -- Symlinking: /home/darsh/UR3_ROS2_PICK_AND_PLACE/install/ur_description/share/ur_description/config/ur10/default_kinematics.yaml
[0.883s] -- Symlinking: /home/darsh/UR3_ROS2_PICK_AND_PLACE/install/ur_description/share/ur_description/config/ur10/joint_limits.yaml
[0.895s] -- Symlinking: /home/darsh/UR3_ROS2_PICK_AND_PLACE/install/ur_description/share/ur_description/config/ur10/physical_parameters.yaml
[0.908s] -- Symlinking: /home/darsh/UR3_ROS2_PICK_AND_PLACE/install/ur_description/share/ur_description/config/ur10/visual_parameters.yaml
[0.921s] -- Symlinking: /home/darsh/UR3_ROS2_PICK_AND_PLACE/install/ur_description/share/ur_description/config/ur10e/default_kinematics.yaml
[0.937s] -- Symlinking: /home/darsh/UR3_ROS2_PICK_AND_PLACE/install/ur_description/share/ur_description/config/ur10e/joint_limits.yaml
[0.949s] -- Symlinking: /home/darsh/UR3_ROS2_PICK_AND_PLACE/install/ur_description/share/ur_description/config/ur10e/physical_parameters.yaml
[0.962s] -- Symlinking: /home/darsh/UR3_ROS2_PICK_AND_PLACE/install/ur_description/share/ur_description/config/ur10e/visual_parameters.yaml
[0.982s] -- Symlinking: /home/darsh/UR3_ROS2_PICK_AND_PLACE/install/ur_description/share/ur_description/config/ur16e/default_kinematics.yaml
[1.006s] -- Symlinking: /home/darsh/UR3_ROS2_PICK_AND_PLACE/install/ur_description/share/ur_description/config/ur16e/joint_limits.yaml
[1.027s] -- Symlinking: /home/darsh/UR3_ROS2_PICK_AND_PLACE/install/ur_description/share/ur_description/config/ur16e/physical_parameters.yaml
[1.044s] -- Symlinking: /home/darsh/UR3_ROS2_PICK_AND_PLACE/install/ur_description/share/ur_description/config/ur16e/visual_parameters.yaml
[1.061s] -- Symlinking: /home/darsh/UR3_ROS2_PICK_AND_PLACE/install/ur_description/share/ur_description/config/ur20/default_kinematics.yaml
[1.076s] -- Symlinking: /home/darsh/UR3_ROS2_PICK_AND_PLACE/install/ur_description/share/ur_description/config/ur20/joint_limits.yaml
[1.090s] -- Symlinking: /home/darsh/UR3_ROS2_PICK_AND_PLACE/install/ur_description/share/ur_description/config/ur20/physical_parameters.yaml
[1.103s] -- Symlinking: /home/darsh/UR3_ROS2_PICK_AND_PLACE/install/ur_description/share/ur_description/config/ur20/visual_parameters.yaml
[1.117s] -- Symlinking: /home/darsh/UR3_ROS2_PICK_AND_PLACE/install/ur_description/share/ur_description/config/ur3/default_kinematics.yaml
[1.129s] -- Symlinking: /home/darsh/UR3_ROS2_PICK_AND_PLACE/install/ur_description/share/ur_description/config/ur3/joint_limits.yaml
[1.139s] -- Symlinking: /home/darsh/UR3_ROS2_PICK_AND_PLACE/install/ur_description/share/ur_description/config/ur3/physical_parameters.yaml
[1.151s] -- Symlinking: /home/darsh/UR3_ROS2_PICK_AND_PLACE/install/ur_description/share/ur_description/config/ur3/visual_parameters.yaml
[1.162s] -- Symlinking: /home/darsh/UR3_ROS2_PICK_AND_PLACE/install/ur_description/share/ur_description/config/ur30/default_kinematics.yaml
[1.174s] -- Symlinking: /home/darsh/UR3_ROS2_PICK_AND_PLACE/install/ur_description/share/ur_description/config/ur30/joint_limits.yaml
[1.185s] -- Symlinking: /home/darsh/UR3_ROS2_PICK_AND_PLACE/install/ur_description/share/ur_description/config/ur30/physical_parameters.yaml
[1.195s] -- Symlinking: /home/darsh/UR3_ROS2_PICK_AND_PLACE/install/ur_description/share/ur_description/config/ur30/visual_parameters.yaml
[1.204s] -- Symlinking: /home/darsh/UR3_ROS2_PICK_AND_PLACE/install/ur_description/share/ur_description/config/ur3e/default_kinematics.yaml
[1.215s] -- Symlinking: /home/darsh/UR3_ROS2_PICK_AND_PLACE/install/ur_description/share/ur_description/config/ur3e/joint_limits.yaml
[1.227s] -- Symlinking: /home/darsh/UR3_ROS2_PICK_AND_PLACE/install/ur_description/share/ur_description/config/ur3e/physical_parameters.yaml
[1.239s] -- Symlinking: /home/darsh/UR3_ROS2_PICK_AND_PLACE/install/ur_description/share/ur_description/config/ur3e/visual_parameters.yaml
[1.250s] -- Symlinking: /home/darsh/UR3_ROS2_PICK_AND_PLACE/install/ur_description/share/ur_description/config/ur5/default_kinematics.yaml
[1.261s] -- Symlinking: /home/darsh/UR3_ROS2_PICK_AND_PLACE/install/ur_description/share/ur_description/config/ur5/joint_limits.yaml
[1.270s] -- Symlinking: /home/darsh/UR3_ROS2_PICK_AND_PLACE/install/ur_description/share/ur_description/config/ur5/physical_parameters.yaml
[1.283s] -- Symlinking: /home/darsh/UR3_ROS2_PICK_AND_PLACE/install/ur_description/share/ur_description/config/ur5/visual_parameters.yaml
[1.293s] -- Symlinking: /home/darsh/UR3_ROS2_PICK_AND_PLACE/install/ur_description/share/ur_description/config/ur5e/default_kinematics.yaml
[1.304s] -- Symlinking: /home/darsh/UR3_ROS2_PICK_AND_PLACE/install/ur_description/share/ur_description/config/ur5e/joint_limits.yaml
[1.316s] -- Symlinking: /home/darsh/UR3_ROS2_PICK_AND_PLACE/install/ur_description/share/ur_description/config/ur5e/physical_parameters.yaml
[1.327s] -- Symlinking: /home/darsh/UR3_ROS2_PICK_AND_PLACE/install/ur_description/share/ur_description/config/ur5e/visual_parameters.yaml
[1.337s] -- Symlinking: /home/darsh/UR3_ROS2_PICK_AND_PLACE/install/ur_description/share/ur_description/launch/plan_motion.py
[1.348s] -- Symlinking: /home/darsh/UR3_ROS2_PICK_AND_PLACE/install/ur_description/share/ur_description/launch/view_ur.launch.py
[1.374s] -- Symlinking: /home/darsh/UR3_ROS2_PICK_AND_PLACE/install/ur_description/share/ur_description/meshes/d435/visual/d435.stl
[1.384s] -- Symlinking: /home/darsh/UR3_ROS2_PICK_AND_PLACE/install/ur_description/share/ur_description/meshes/ur10/collision/base.stl
[1.394s] -- Symlinking: /home/darsh/UR3_ROS2_PICK_AND_PLACE/install/ur_description/share/ur_description/meshes/ur10/collision/forearm.stl
[1.403s] -- Symlinking: /home/darsh/UR3_ROS2_PICK_AND_PLACE/install/ur_description/share/ur_description/meshes/ur10/collision/shoulder.stl
[1.413s] -- Symlinking: /home/darsh/UR3_ROS2_PICK_AND_PLACE/install/ur_description/share/ur_description/meshes/ur10/collision/upperarm.stl
[1.423s] -- Symlinking: /home/darsh/UR3_ROS2_PICK_AND_PLACE/install/ur_description/share/ur_description/meshes/ur10/collision/wrist1.stl
[1.432s] -- Symlinking: /home/darsh/UR3_ROS2_PICK_AND_PLACE/install/ur_description/share/ur_description/meshes/ur10/collision/wrist2.stl
[1.441s] -- Symlinking: /home/darsh/UR3_ROS2_PICK_AND_PLACE/install/ur_description/share/ur_description/meshes/ur10/collision/wrist3.stl
[1.451s] -- Symlinking: /home/darsh/UR3_ROS2_PICK_AND_PLACE/install/ur_description/share/ur_description/meshes/ur10/visual/base.dae
[1.461s] -- Symlinking: /home/darsh/UR3_ROS2_PICK_AND_PLACE/install/ur_description/share/ur_description/meshes/ur10/visual/forearm.dae
[1.470s] -- Symlinking: /home/darsh/UR3_ROS2_PICK_AND_PLACE/install/ur_description/share/ur_description/meshes/ur10/visual/shoulder.dae
[1.480s] -- Symlinking: /home/darsh/UR3_ROS2_PICK_AND_PLACE/install/ur_description/share/ur_description/meshes/ur10/visual/upperarm.dae
[1.489s] -- Symlinking: /home/darsh/UR3_ROS2_PICK_AND_PLACE/install/ur_description/share/ur_description/meshes/ur10/visual/wrist1.dae
[1.501s] -- Symlinking: /home/darsh/UR3_ROS2_PICK_AND_PLACE/install/ur_description/share/ur_description/meshes/ur10/visual/wrist2.dae
[1.510s] -- Symlinking: /home/darsh/UR3_ROS2_PICK_AND_PLACE/install/ur_description/share/ur_description/meshes/ur10/visual/wrist3.dae
[1.520s] -- Symlinking: /home/darsh/UR3_ROS2_PICK_AND_PLACE/install/ur_description/share/ur_description/meshes/ur10e/collision/base.stl
[1.530s] -- Symlinking: /home/darsh/UR3_ROS2_PICK_AND_PLACE/install/ur_description/share/ur_description/meshes/ur10e/collision/forearm.stl
[1.540s] -- Symlinking: /home/darsh/UR3_ROS2_PICK_AND_PLACE/install/ur_description/share/ur_description/meshes/ur10e/collision/shoulder.stl
[1.549s] -- Symlinking: /home/darsh/UR3_ROS2_PICK_AND_PLACE/install/ur_description/share/ur_description/meshes/ur10e/collision/upperarm.stl
[1.561s] -- Symlinking: /home/darsh/UR3_ROS2_PICK_AND_PLACE/install/ur_description/share/ur_description/meshes/ur10e/collision/wrist1.stl
[1.570s] -- Symlinking: /home/darsh/UR3_ROS2_PICK_AND_PLACE/install/ur_description/share/ur_description/meshes/ur10e/collision/wrist2.stl
[1.581s] -- Symlinking: /home/darsh/UR3_ROS2_PICK_AND_PLACE/install/ur_description/share/ur_description/meshes/ur10e/collision/wrist3.stl
[1.590s] -- Symlinking: /home/darsh/UR3_ROS2_PICK_AND_PLACE/install/ur_description/share/ur_description/meshes/ur10e/visual/base.dae
[1.599s] -- Symlinking: /home/darsh/UR3_ROS2_PICK_AND_PLACE/install/ur_description/share/ur_description/meshes/ur10e/visual/forearm.dae
[1.609s] -- Symlinking: /home/darsh/UR3_ROS2_PICK_AND_PLACE/install/ur_description/share/ur_description/meshes/ur10e/visual/shoulder.dae
[1.618s] -- Symlinking: /home/darsh/UR3_ROS2_PICK_AND_PLACE/install/ur_description/share/ur_description/meshes/ur10e/visual/upperarm.dae
[1.627s] -- Symlinking: /home/darsh/UR3_ROS2_PICK_AND_PLACE/install/ur_description/share/ur_description/meshes/ur10e/visual/wrist1.dae
[1.637s] -- Symlinking: /home/darsh/UR3_ROS2_PICK_AND_PLACE/install/ur_description/share/ur_description/meshes/ur10e/visual/wrist2.dae
[1.645s] -- Symlinking: /home/darsh/UR3_ROS2_PICK_AND_PLACE/install/ur_description/share/ur_description/meshes/ur10e/visual/wrist3.dae
[1.654s] -- Symlinking: /home/darsh/UR3_ROS2_PICK_AND_PLACE/install/ur_description/share/ur_description/meshes/ur16e/collision/forearm.stl
[1.664s] -- Symlinking: /home/darsh/UR3_ROS2_PICK_AND_PLACE/install/ur_description/share/ur_description/meshes/ur16e/collision/upperarm.stl
[1.673s] -- Symlinking: /home/darsh/UR3_ROS2_PICK_AND_PLACE/install/ur_description/share/ur_description/meshes/ur16e/visual/forearm.dae
[1.682s] -- Symlinking: /home/darsh/UR3_ROS2_PICK_AND_PLACE/install/ur_description/share/ur_description/meshes/ur16e/visual/upperarm.dae
[1.691s] -- Symlinking: /home/darsh/UR3_ROS2_PICK_AND_PLACE/install/ur_description/share/ur_description/meshes/ur20/LICENSE.txt
[1.700s] -- Symlinking: /home/darsh/UR3_ROS2_PICK_AND_PLACE/install/ur_description/share/ur_description/meshes/ur20/collision/base.stl
[1.710s] -- Symlinking: /home/darsh/UR3_ROS2_PICK_AND_PLACE/install/ur_description/share/ur_description/meshes/ur20/collision/forearm.stl
[1.722s] -- Symlinking: /home/darsh/UR3_ROS2_PICK_AND_PLACE/install/ur_description/share/ur_description/meshes/ur20/collision/shoulder.stl
[1.735s] -- Symlinking: /home/darsh/UR3_ROS2_PICK_AND_PLACE/install/ur_description/share/ur_description/meshes/ur20/collision/upperarm.stl
[1.746s] -- Symlinking: /home/darsh/UR3_ROS2_PICK_AND_PLACE/install/ur_description/share/ur_description/meshes/ur20/collision/wrist1.stl
[1.756s] -- Symlinking: /home/darsh/UR3_ROS2_PICK_AND_PLACE/install/ur_description/share/ur_description/meshes/ur20/collision/wrist2.stl
[1.766s] -- Symlinking: /home/darsh/UR3_ROS2_PICK_AND_PLACE/install/ur_description/share/ur_description/meshes/ur20/collision/wrist3.stl
[1.775s] -- Symlinking: /home/darsh/UR3_ROS2_PICK_AND_PLACE/install/ur_description/share/ur_description/meshes/ur20/visual/UR20_DIFF_8bit_2K.png
[1.786s] -- Symlinking: /home/darsh/UR3_ROS2_PICK_AND_PLACE/install/ur_description/share/ur_description/meshes/ur20/visual/base.dae
[1.796s] -- Symlinking: /home/darsh/UR3_ROS2_PICK_AND_PLACE/install/ur_description/share/ur_description/meshes/ur20/visual/forearm.dae
[1.807s] -- Symlinking: /home/darsh/UR3_ROS2_PICK_AND_PLACE/install/ur_description/share/ur_description/meshes/ur20/visual/shoulder.dae
[1.819s] -- Symlinking: /home/darsh/UR3_ROS2_PICK_AND_PLACE/install/ur_description/share/ur_description/meshes/ur20/visual/upperarm.dae
[1.829s] -- Symlinking: /home/darsh/UR3_ROS2_PICK_AND_PLACE/install/ur_description/share/ur_description/meshes/ur20/visual/wrist1.dae
[1.838s] -- Symlinking: /home/darsh/UR3_ROS2_PICK_AND_PLACE/install/ur_description/share/ur_description/meshes/ur20/visual/wrist2.dae
[1.848s] -- Symlinking: /home/darsh/UR3_ROS2_PICK_AND_PLACE/install/ur_description/share/ur_description/meshes/ur20/visual/wrist3.dae
[1.857s] -- Symlinking: /home/darsh/UR3_ROS2_PICK_AND_PLACE/install/ur_description/share/ur_description/meshes/ur3/collision/base.stl
[1.867s] -- Symlinking: /home/darsh/UR3_ROS2_PICK_AND_PLACE/install/ur_description/share/ur_description/meshes/ur3/collision/forearm.stl
[1.877s] -- Symlinking: /home/darsh/UR3_ROS2_PICK_AND_PLACE/install/ur_description/share/ur_description/meshes/ur3/collision/shoulder.stl
[1.890s] -- Symlinking: /home/darsh/UR3_ROS2_PICK_AND_PLACE/install/ur_description/share/ur_description/meshes/ur3/collision/upperarm.stl
[1.904s] -- Symlinking: /home/darsh/UR3_ROS2_PICK_AND_PLACE/install/ur_description/share/ur_description/meshes/ur3/collision/wrist1.stl
[1.915s] -- Symlinking: /home/darsh/UR3_ROS2_PICK_AND_PLACE/install/ur_description/share/ur_description/meshes/ur3/collision/wrist2.stl
[1.926s] -- Symlinking: /home/darsh/UR3_ROS2_PICK_AND_PLACE/install/ur_description/share/ur_description/meshes/ur3/collision/wrist3.stl
[1.938s] -- Symlinking: /home/darsh/UR3_ROS2_PICK_AND_PLACE/install/ur_description/share/ur_description/meshes/ur3/visual/base.dae
[1.948s] -- Symlinking: /home/darsh/UR3_ROS2_PICK_AND_PLACE/install/ur_description/share/ur_description/meshes/ur3/visual/forearm.dae
[1.958s] -- Symlinking: /home/darsh/UR3_ROS2_PICK_AND_PLACE/install/ur_description/share/ur_description/meshes/ur3/visual/shoulder.dae
[1.968s] -- Symlinking: /home/darsh/UR3_ROS2_PICK_AND_PLACE/install/ur_description/share/ur_description/meshes/ur3/visual/upperarm.dae
[1.978s] -- Symlinking: /home/darsh/UR3_ROS2_PICK_AND_PLACE/install/ur_description/share/ur_description/meshes/ur3/visual/wrist1.dae
[1.987s] -- Symlinking: /home/darsh/UR3_ROS2_PICK_AND_PLACE/install/ur_description/share/ur_description/meshes/ur3/visual/wrist2.dae
[1.996s] -- Symlinking: /home/darsh/UR3_ROS2_PICK_AND_PLACE/install/ur_description/share/ur_description/meshes/ur3/visual/wrist3.dae
[2.005s] -- Symlinking: /home/darsh/UR3_ROS2_PICK_AND_PLACE/install/ur_description/share/ur_description/meshes/ur30/LICENSE.txt
[2.015s] -- Symlinking: /home/darsh/UR3_ROS2_PICK_AND_PLACE/install/ur_description/share/ur_description/meshes/ur30/collision/forearm.stl
[2.025s] -- Symlinking: /home/darsh/UR3_ROS2_PICK_AND_PLACE/install/ur_description/share/ur_description/meshes/ur30/collision/upperarm.stl
[2.035s] -- Symlinking: /home/darsh/UR3_ROS2_PICK_AND_PLACE/install/ur_description/share/ur_description/meshes/ur30/visual/UR30_DIFF_8bit_2K.png
[2.045s] -- Symlinking: /home/darsh/UR3_ROS2_PICK_AND_PLACE/install/ur_description/share/ur_description/meshes/ur30/visual/forearm.dae
[2.055s] -- Symlinking: /home/darsh/UR3_ROS2_PICK_AND_PLACE/install/ur_description/share/ur_description/meshes/ur30/visual/upperarm.dae
[2.065s] -- Symlinking: /home/darsh/UR3_ROS2_PICK_AND_PLACE/install/ur_description/share/ur_description/meshes/ur3e/collision/base.stl
[2.075s] -- Symlinking: /home/darsh/UR3_ROS2_PICK_AND_PLACE/install/ur_description/share/ur_description/meshes/ur3e/collision/forearm.stl
[2.084s] -- Symlinking: /home/darsh/UR3_ROS2_PICK_AND_PLACE/install/ur_description/share/ur_description/meshes/ur3e/collision/shoulder.stl
[2.094s] -- Symlinking: /home/darsh/UR3_ROS2_PICK_AND_PLACE/install/ur_description/share/ur_description/meshes/ur3e/collision/upperarm.stl
[2.103s] -- Symlinking: /home/darsh/UR3_ROS2_PICK_AND_PLACE/install/ur_description/share/ur_description/meshes/ur3e/collision/wrist1.stl
[2.113s] -- Symlinking: /home/darsh/UR3_ROS2_PICK_AND_PLACE/install/ur_description/share/ur_description/meshes/ur3e/collision/wrist2.stl
[2.124s] -- Symlinking: /home/darsh/UR3_ROS2_PICK_AND_PLACE/install/ur_description/share/ur_description/meshes/ur3e/collision/wrist3.stl
[2.134s] -- Symlinking: /home/darsh/UR3_ROS2_PICK_AND_PLACE/install/ur_description/share/ur_description/meshes/ur3e/visual/base.dae
[2.145s] -- Symlinking: /home/darsh/UR3_ROS2_PICK_AND_PLACE/install/ur_description/share/ur_description/meshes/ur3e/visual/forearm.dae
[2.155s] -- Symlinking: /home/darsh/UR3_ROS2_PICK_AND_PLACE/install/ur_description/share/ur_description/meshes/ur3e/visual/shoulder.dae
[2.165s] -- Symlinking: /home/darsh/UR3_ROS2_PICK_AND_PLACE/install/ur_description/share/ur_description/meshes/ur3e/visual/upperarm.dae
[2.175s] -- Symlinking: /home/darsh/UR3_ROS2_PICK_AND_PLACE/install/ur_description/share/ur_description/meshes/ur3e/visual/wrist1.dae
[2.184s] -- Symlinking: /home/darsh/UR3_ROS2_PICK_AND_PLACE/install/ur_description/share/ur_description/meshes/ur3e/visual/wrist2.dae
[2.193s] -- Symlinking: /home/darsh/UR3_ROS2_PICK_AND_PLACE/install/ur_description/share/ur_description/meshes/ur3e/visual/wrist3.dae
[2.202s] -- Symlinking: /home/darsh/UR3_ROS2_PICK_AND_PLACE/install/ur_description/share/ur_description/meshes/ur5/collision/base.stl
[2.214s] -- Symlinking: /home/darsh/UR3_ROS2_PICK_AND_PLACE/install/ur_description/share/ur_description/meshes/ur5/collision/forearm.stl
[2.225s] -- Symlinking: /home/darsh/UR3_ROS2_PICK_AND_PLACE/install/ur_description/share/ur_description/meshes/ur5/collision/shoulder.stl
[2.235s] -- Symlinking: /home/darsh/UR3_ROS2_PICK_AND_PLACE/install/ur_description/share/ur_description/meshes/ur5/collision/upperarm.stl
[2.247s] -- Symlinking: /home/darsh/UR3_ROS2_PICK_AND_PLACE/install/ur_description/share/ur_description/meshes/ur5/collision/wrist1.stl
[2.257s] -- Symlinking: /home/darsh/UR3_ROS2_PICK_AND_PLACE/install/ur_description/share/ur_description/meshes/ur5/collision/wrist2.stl
[2.267s] -- Symlinking: /home/darsh/UR3_ROS2_PICK_AND_PLACE/install/ur_description/share/ur_description/meshes/ur5/collision/wrist3.stl
[2.276s] -- Symlinking: /home/darsh/UR3_ROS2_PICK_AND_PLACE/install/ur_description/share/ur_description/meshes/ur5/visual/base.dae
[2.286s] -- Symlinking: /home/darsh/UR3_ROS2_PICK_AND_PLACE/install/ur_description/share/ur_description/meshes/ur5/visual/forearm.dae
[2.295s] -- Symlinking: /home/darsh/UR3_ROS2_PICK_AND_PLACE/install/ur_description/share/ur_description/meshes/ur5/visual/shoulder.dae
[2.304s] -- Symlinking: /home/darsh/UR3_ROS2_PICK_AND_PLACE/install/ur_description/share/ur_description/meshes/ur5/visual/upperarm.dae
[2.313s] -- Symlinking: /home/darsh/UR3_ROS2_PICK_AND_PLACE/install/ur_description/share/ur_description/meshes/ur5/visual/wrist1.dae
[2.324s] -- Symlinking: /home/darsh/UR3_ROS2_PICK_AND_PLACE/install/ur_description/share/ur_description/meshes/ur5/visual/wrist2.dae
[2.333s] -- Symlinking: /home/darsh/UR3_ROS2_PICK_AND_PLACE/install/ur_description/share/ur_description/meshes/ur5/visual/wrist3.dae
[2.343s] -- Symlinking: /home/darsh/UR3_ROS2_PICK_AND_PLACE/install/ur_description/share/ur_description/meshes/ur5e/collision/base.stl
[2.352s] -- Symlinking: /home/darsh/UR3_ROS2_PICK_AND_PLACE/install/ur_description/share/ur_description/meshes/ur5e/collision/forearm.stl
[2.361s] -- Symlinking: /home/darsh/UR3_ROS2_PICK_AND_PLACE/install/ur_description/share/ur_description/meshes/ur5e/collision/shoulder.stl
[2.371s] -- Symlinking: /home/darsh/UR3_ROS2_PICK_AND_PLACE/install/ur_description/share/ur_description/meshes/ur5e/collision/upperarm.stl
[2.383s] -- Symlinking: /home/darsh/UR3_ROS2_PICK_AND_PLACE/install/ur_description/share/ur_description/meshes/ur5e/collision/wrist1.stl
[2.393s] -- Symlinking: /home/darsh/UR3_ROS2_PICK_AND_PLACE/install/ur_description/share/ur_description/meshes/ur5e/collision/wrist2.stl
[2.403s] -- Symlinking: /home/darsh/UR3_ROS2_PICK_AND_PLACE/install/ur_description/share/ur_description/meshes/ur5e/collision/wrist3.stl
[2.412s] -- Symlinking: /home/darsh/UR3_ROS2_PICK_AND_PLACE/install/ur_description/share/ur_description/meshes/ur5e/visual/base.dae
[2.423s] -- Symlinking: /home/darsh/UR3_ROS2_PICK_AND_PLACE/install/ur_description/share/ur_description/meshes/ur5e/visual/forearm.dae
[2.433s] -- Symlinking: /home/darsh/UR3_ROS2_PICK_AND_PLACE/install/ur_description/share/ur_description/meshes/ur5e/visual/shoulder.dae
[2.442s] -- Symlinking: /home/darsh/UR3_ROS2_PICK_AND_PLACE/install/ur_description/share/ur_description/meshes/ur5e/visual/upperarm.dae
[2.452s] -- Symlinking: /home/darsh/UR3_ROS2_PICK_AND_PLACE/install/ur_description/share/ur_description/meshes/ur5e/visual/wrist1.dae
[2.461s] -- Symlinking: /home/darsh/UR3_ROS2_PICK_AND_PLACE/install/ur_description/share/ur_description/meshes/ur5e/visual/wrist2.dae
[2.471s] -- Symlinking: /home/darsh/UR3_ROS2_PICK_AND_PLACE/install/ur_description/share/ur_description/meshes/ur5e/visual/wrist3.dae
[2.481s] -- Symlinking: /home/darsh/UR3_ROS2_PICK_AND_PLACE/install/ur_description/share/ur_description/rviz/view_robot.rviz
[2.493s] -- Symlinking: /home/darsh/UR3_ROS2_PICK_AND_PLACE/install/ur_description/share/ur_description/urdf/gazebo_sim_ros2_control.urdf.xacro
[2.505s] -- Symlinking: /home/darsh/UR3_ROS2_PICK_AND_PLACE/install/ur_description/share/ur_description/urdf/inc/ur_common.xacro
[2.516s] -- Symlinking: /home/darsh/UR3_ROS2_PICK_AND_PLACE/install/ur_description/share/ur_description/urdf/inc/ur_joint_control.xacro
[2.526s] -- Symlinking: /home/darsh/UR3_ROS2_PICK_AND_PLACE/install/ur_description/share/ur_description/urdf/inc/ur_sensors.xacro
[2.536s] -- Symlinking: /home/darsh/UR3_ROS2_PICK_AND_PLACE/install/ur_description/share/ur_description/urdf/inc/ur_transmissions.xacro
[2.545s] -- Symlinking: /home/darsh/UR3_ROS2_PICK_AND_PLACE/install/ur_description/share/ur_description/urdf/intel_rgbd_cam_d435.urdf.xacro
[2.555s] -- Symlinking: /home/darsh/UR3_ROS2_PICK_AND_PLACE/install/ur_description/share/ur_description/urdf/ros2_control_mock_hardware.xacro
[2.565s] -- Symlinking: /home/darsh/UR3_ROS2_PICK_AND_PLACE/install/ur_description/share/ur_description/urdf/ur.ros2_control.xacro
[2.575s] -- Symlinking: /home/darsh/UR3_ROS2_PICK_AND_PLACE/install/ur_description/share/ur_description/urdf/ur.urdf
[2.585s] -- Symlinking: /home/darsh/UR3_ROS2_PICK_AND_PLACE/install/ur_description/share/ur_description/urdf/ur.urdf copy.xacro
[2.594s] -- Symlinking: /home/darsh/UR3_ROS2_PICK_AND_PLACE/install/ur_description/share/ur_description/urdf/ur.urdf.xacro
[2.606s] -- Symlinking: /home/darsh/UR3_ROS2_PICK_AND_PLACE/install/ur_description/share/ur_description/urdf/ur_macro.xacro
[2.619s] -- Symlinking: /home/darsh/UR3_ROS2_PICK_AND_PLACE/install/ur_description/share/ur_description/urdf/ur_mocked.urdf.xacro
[2.633s] -- Symlinking: /home/darsh/UR3_ROS2_PICK_AND_PLACE/install/ur_description/share/ur_description/urdf/ur_robot.urdf
[2.644s] -- Symlinking: /home/darsh/UR3_ROS2_PICK_AND_PLACE/install/ur_description/share/ament_index/resource_index/package_run_dependencies/ur_description
[2.654s] -- Symlinking: /home/darsh/UR3_ROS2_PICK_AND_PLACE/install/ur_description/share/ament_index/resource_index/parent_prefix_path/ur_description
[2.664s] -- Symlinking: /home/darsh/UR3_ROS2_PICK_AND_PLACE/install/ur_description/share/ur_description/environment/ament_prefix_path.sh
[2.677s] -- Symlinking: /home/darsh/UR3_ROS2_PICK_AND_PLACE/install/ur_description/share/ur_description/environment/ament_prefix_path.dsv
[2.689s] -- Symlinking: /home/darsh/UR3_ROS2_PICK_AND_PLACE/install/ur_description/share/ur_description/environment/path.sh
[2.700s] -- Symlinking: /home/darsh/UR3_ROS2_PICK_AND_PLACE/install/ur_description/share/ur_description/environment/path.dsv
[2.714s] -- Symlinking: /home/darsh/UR3_ROS2_PICK_AND_PLACE/install/ur_description/share/ur_description/local_setup.bash
[2.728s] -- Symlinking: /home/darsh/UR3_ROS2_PICK_AND_PLACE/install/ur_description/share/ur_description/local_setup.sh
[2.744s] -- Symlinking: /home/darsh/UR3_ROS2_PICK_AND_PLACE/install/ur_description/share/ur_description/local_setup.zsh
[2.755s] -- Symlinking: /home/darsh/UR3_ROS2_PICK_AND_PLACE/install/ur_description/share/ur_description/local_setup.dsv
[2.767s] -- Symlinking: /home/darsh/UR3_ROS2_PICK_AND_PLACE/install/ur_description/share/ur_description/package.dsv
[2.786s] -- Symlinking: /home/darsh/UR3_ROS2_PICK_AND_PLACE/install/ur_description/share/ament_index/resource_index/packages/ur_description
[2.799s] -- Symlinking: /home/darsh/UR3_ROS2_PICK_AND_PLACE/install/ur_description/share/ur_description/cmake/ur_descriptionConfig.cmake
[2.812s] -- Symlinking: /home/darsh/UR3_ROS2_PICK_AND_PLACE/install/ur_description/share/ur_description/cmake/ur_descriptionConfig-version.cmake
[2.826s] -- Symlinking: /home/darsh/UR3_ROS2_PICK_AND_PLACE/install/ur_description/share/ur_description/package.xml
[2.840s] Invoked command in '/home/darsh/UR3_ROS2_PICK_AND_PLACE/build/ur_description' returned '0': CMAKE_PREFIX_PATH=${CMAKE_PREFIX_PATH}:/opt/ros/jazzy /usr/bin/cmake --install /home/darsh/UR3_ROS2_PICK_AND_PLACE/build/ur_description
