[0.209s] Invoking command in '/home/darsh/UR3_ROS2_PICK_AND_PLACE/build/moveit_task_constructor_core': CMAKE_PREFIX_PATH=/home/darsh/UR3_ROS2_PICK_AND_PLACE/install/rviz_marker_tools:/home/darsh/UR3_ROS2_PICK_AND_PLACE/install/moveit_task_constructor_msgs:/home/darsh/UR3_ROS2_PICK_AND_PLACE/install/moveit_config:/home/darsh/UR3_ROS2_PICK_AND_PLACE/install/warehouse_ros_mongo:/home/darsh/UR3_ROS2_PICK_AND_PLACE/install/ur_system_tests:/home/darsh/UR3_ROS2_PICK_AND_PLACE/install/ur_mtc_pick_place_demo:/home/darsh/UR3_ROS2_PICK_AND_PLACE/install/ur_mtc_demos:/home/darsh/UR3_ROS2_PICK_AND_PLACE/install/ur_moveit_demos:/home/darsh/UR3_ROS2_PICK_AND_PLACE/install/ur_interfaces:/home/darsh/UR3_ROS2_PICK_AND_PLACE/install/ur_gazebo:/home/darsh/UR3_ROS2_PICK_AND_PLACE/install/ur_description:/home/darsh/UR3_ROS2_PICK_AND_PLACE/install/moveit_task_constructor_visualization:/home/darsh/UR3_ROS2_PICK_AND_PLACE/install/moveit_task_constructor_demo:/home/darsh/UR3_ROS2_PICK_AND_PLACE/install/moveit_task_constructor_capabilities:/home/darsh/UR3_ROS2_PICK_AND_PLACE/install/moveit_task_constructor_core:/home/darsh/UR3_ROS2_PICK_AND_PLACE/install/robotiq_2f_85_gripper_visualization:/opt/ros/jazzy/opt/gz_sim_vendor:/opt/ros/jazzy/opt/gz_sensors_vendor:/opt/ros/jazzy/opt/gz_physics_vendor:/opt/ros/jazzy/opt/sdformat_vendor:/opt/ros/jazzy/opt/gz_gui_vendor:/opt/ros/jazzy/opt/gz_transport_vendor:/opt/ros/jazzy/opt/gz_rendering_vendor:/opt/ros/jazzy/opt/gz_plugin_vendor:/opt/ros/jazzy/opt/gz_fuel_tools_vendor:/opt/ros/jazzy/opt/gz_msgs_vendor:/opt/ros/jazzy/opt/gz_common_vendor:/opt/ros/jazzy/opt/gz_math_vendor:/opt/ros/jazzy/opt/gz_utils_vendor:/opt/ros/jazzy/opt/gz_tools_vendor:/opt/ros/jazzy/opt/gz_ogre_next_vendor:/opt/ros/jazzy/opt/gz_dartsim_vendor:/opt/ros/jazzy/opt/gz_cmake_vendor:/opt/ros/jazzy LD_LIBRARY_PATH=/home/darsh/UR3_ROS2_PICK_AND_PLACE/install/rviz_marker_tools/lib:/home/darsh/UR3_ROS2_PICK_AND_PLACE/install/moveit_task_constructor_msgs/lib:/home/darsh/UR3_ROS2_PICK_AND_PLACE/install/warehouse_ros_mongo/lib:/home/darsh/UR3_ROS2_PICK_AND_PLACE/install/ur_mtc_pick_place_demo/lib:/home/darsh/UR3_ROS2_PICK_AND_PLACE/install/ur_interfaces/lib:/home/darsh/UR3_ROS2_PICK_AND_PLACE/install/moveit_task_constructor_visualization/lib:/home/darsh/UR3_ROS2_PICK_AND_PLACE/install/moveit_task_constructor_demo/lib:/home/darsh/UR3_ROS2_PICK_AND_PLACE/install/moveit_task_constructor_capabilities/lib:/home/darsh/UR3_ROS2_PICK_AND_PLACE/install/moveit_task_constructor_core/lib:/opt/ros/jazzy/opt/gz_sim_vendor/lib:/opt/ros/jazzy/opt/gz_sensors_vendor/lib:/opt/ros/jazzy/opt/gz_physics_vendor/lib:/opt/ros/jazzy/opt/sdformat_vendor/lib:/opt/ros/jazzy/opt/rviz_ogre_vendor/lib:/opt/ros/jazzy/lib/x86_64-linux-gnu:/opt/ros/jazzy/opt/gz_gui_vendor/lib:/opt/ros/jazzy/opt/gz_transport_vendor/lib:/opt/ros/jazzy/opt/gz_rendering_vendor/lib:/opt/ros/jazzy/opt/gz_plugin_vendor/lib:/opt/ros/jazzy/opt/gz_fuel_tools_vendor/lib:/opt/ros/jazzy/opt/gz_msgs_vendor/lib:/opt/ros/jazzy/opt/gz_common_vendor/lib:/opt/ros/jazzy/opt/gz_math_vendor/lib:/opt/ros/jazzy/opt/gz_utils_vendor/lib:/opt/ros/jazzy/opt/gz_tools_vendor/lib:/opt/ros/jazzy/opt/gz_ogre_next_vendor/lib:/opt/ros/jazzy/opt/gz_dartsim_vendor/lib:/opt/ros/jazzy/opt/gz_cmake_vendor/lib:/opt/ros/jazzy/lib PYTHONPATH=/home/darsh/UR3_ROS2_PICK_AND_PLACE/install/moveit_task_constructor_msgs/lib/python3.12/site-packages:/home/darsh/UR3_ROS2_PICK_AND_PLACE/install/warehouse_ros_mongo/lib/python3.12/site-packages:/home/darsh/UR3_ROS2_PICK_AND_PLACE/install/ur_interfaces/lib/python3.12/site-packages:/home/darsh/UR3_ROS2_PICK_AND_PLACE/install/moveit_task_constructor_core/lib/python3.12/site-packages:/opt/ros/jazzy/lib/python3.12/site-packages /usr/bin/cmake --build /home/darsh/UR3_ROS2_PICK_AND_PLACE/build/moveit_task_constructor_core -- -j4 -l4
[0.309s] [  3%] Built target gmock
[0.318s] [  3%] Built target ament_cmake_python_copy_moveit
[0.324s] [  5%] Built target gtest_main
[0.379s] [  8%] Built target gmock_main
[0.389s] [ 10%] Built target gtest
[0.396s] [ 28%] Built target moveit_task_constructor_core
[0.456s] [ 33%] Built target gtest_utils
[0.521s] [ 54%] Built target moveit_task_constructor_core_stages
[0.553s] [ 56%] Built target moveit_task_constructor_core_stage_plugins
[0.585s] [ 58%] Built target moveit_task_constructor_core-test-mockups
[0.594s] [ 60%] Built target moveit_task_constructor_core-test-stage
[0.597s] [ 67%] Built target pymoveit_mtc
[0.634s] [ 70%] Built target moveit_task_constructor_core-test-container
[0.641s] [ 72%] Built target moveit_task_constructor_core-test-serial
[0.650s] [ 74%] Built target moveit_task_constructor_core-test-pruning
[0.694s] [ 77%] Built target moveit_task_constructor_core-test-properties
[0.697s] running egg_info
[0.729s] writing moveit.egg-info/PKG-INFO
[0.730s] writing dependency_links to moveit.egg-info/dependency_links.txt
[0.731s] writing top-level names to moveit.egg-info/top_level.txt
[0.732s] [ 79%] Built target moveit_task_constructor_core-test-fallback
[0.741s] [ 81%] Built target moveit_task_constructor_core-test-cost-terms
[0.774s] [ 83%] Built target moveit_task_constructor_core-test-cost-queue
[0.776s] [ 86%] Built target moveit_task_constructor_core-test-interface-state
[0.780s] [ 88%] Built target moveit_task_constructor_core-test-move-to
[0.819s] reading manifest file 'moveit.egg-info/SOURCES.txt'
[0.820s] writing manifest file 'moveit.egg-info/SOURCES.txt'
[0.824s] [ 90%] Built target moveit_task_constructor_core-test-move-relative
[0.833s] [ 93%] Built target pick_ur5
[0.880s] [ 94%] Built target ament_cmake_python_build_moveit_egg
[0.880s] [ 95%] Built target moveit_task_constructor_core-test-pipeline-planner
[0.898s] [100%] Built target pick_pa10
[0.898s] [100%] Built target pick_pr2
[0.913s] Invoked command in '/home/darsh/UR3_ROS2_PICK_AND_PLACE/build/moveit_task_constructor_core' returned '0': CMAKE_PREFIX_PATH=/home/darsh/UR3_ROS2_PICK_AND_PLACE/install/rviz_marker_tools:/home/darsh/UR3_ROS2_PICK_AND_PLACE/install/moveit_task_constructor_msgs:/home/darsh/UR3_ROS2_PICK_AND_PLACE/install/moveit_config:/home/darsh/UR3_ROS2_PICK_AND_PLACE/install/warehouse_ros_mongo:/home/darsh/UR3_ROS2_PICK_AND_PLACE/install/ur_system_tests:/home/darsh/UR3_ROS2_PICK_AND_PLACE/install/ur_mtc_pick_place_demo:/home/darsh/UR3_ROS2_PICK_AND_PLACE/install/ur_mtc_demos:/home/darsh/UR3_ROS2_PICK_AND_PLACE/install/ur_moveit_demos:/home/darsh/UR3_ROS2_PICK_AND_PLACE/install/ur_interfaces:/home/darsh/UR3_ROS2_PICK_AND_PLACE/install/ur_gazebo:/home/darsh/UR3_ROS2_PICK_AND_PLACE/install/ur_description:/home/darsh/UR3_ROS2_PICK_AND_PLACE/install/moveit_task_constructor_visualization:/home/darsh/UR3_ROS2_PICK_AND_PLACE/install/moveit_task_constructor_demo:/home/darsh/UR3_ROS2_PICK_AND_PLACE/install/moveit_task_constructor_capabilities:/home/darsh/UR3_ROS2_PICK_AND_PLACE/install/moveit_task_constructor_core:/home/darsh/UR3_ROS2_PICK_AND_PLACE/install/robotiq_2f_85_gripper_visualization:/opt/ros/jazzy/opt/gz_sim_vendor:/opt/ros/jazzy/opt/gz_sensors_vendor:/opt/ros/jazzy/opt/gz_physics_vendor:/opt/ros/jazzy/opt/sdformat_vendor:/opt/ros/jazzy/opt/gz_gui_vendor:/opt/ros/jazzy/opt/gz_transport_vendor:/opt/ros/jazzy/opt/gz_rendering_vendor:/opt/ros/jazzy/opt/gz_plugin_vendor:/opt/ros/jazzy/opt/gz_fuel_tools_vendor:/opt/ros/jazzy/opt/gz_msgs_vendor:/opt/ros/jazzy/opt/gz_common_vendor:/opt/ros/jazzy/opt/gz_math_vendor:/opt/ros/jazzy/opt/gz_utils_vendor:/opt/ros/jazzy/opt/gz_tools_vendor:/opt/ros/jazzy/opt/gz_ogre_next_vendor:/opt/ros/jazzy/opt/gz_dartsim_vendor:/opt/ros/jazzy/opt/gz_cmake_vendor:/opt/ros/jazzy LD_LIBRARY_PATH=/home/darsh/UR3_ROS2_PICK_AND_PLACE/install/rviz_marker_tools/lib:/home/darsh/UR3_ROS2_PICK_AND_PLACE/install/moveit_task_constructor_msgs/lib:/home/darsh/UR3_ROS2_PICK_AND_PLACE/install/warehouse_ros_mongo/lib:/home/darsh/UR3_ROS2_PICK_AND_PLACE/install/ur_mtc_pick_place_demo/lib:/home/darsh/UR3_ROS2_PICK_AND_PLACE/install/ur_interfaces/lib:/home/darsh/UR3_ROS2_PICK_AND_PLACE/install/moveit_task_constructor_visualization/lib:/home/darsh/UR3_ROS2_PICK_AND_PLACE/install/moveit_task_constructor_demo/lib:/home/darsh/UR3_ROS2_PICK_AND_PLACE/install/moveit_task_constructor_capabilities/lib:/home/darsh/UR3_ROS2_PICK_AND_PLACE/install/moveit_task_constructor_core/lib:/opt/ros/jazzy/opt/gz_sim_vendor/lib:/opt/ros/jazzy/opt/gz_sensors_vendor/lib:/opt/ros/jazzy/opt/gz_physics_vendor/lib:/opt/ros/jazzy/opt/sdformat_vendor/lib:/opt/ros/jazzy/opt/rviz_ogre_vendor/lib:/opt/ros/jazzy/lib/x86_64-linux-gnu:/opt/ros/jazzy/opt/gz_gui_vendor/lib:/opt/ros/jazzy/opt/gz_transport_vendor/lib:/opt/ros/jazzy/opt/gz_rendering_vendor/lib:/opt/ros/jazzy/opt/gz_plugin_vendor/lib:/opt/ros/jazzy/opt/gz_fuel_tools_vendor/lib:/opt/ros/jazzy/opt/gz_msgs_vendor/lib:/opt/ros/jazzy/opt/gz_common_vendor/lib:/opt/ros/jazzy/opt/gz_math_vendor/lib:/opt/ros/jazzy/opt/gz_utils_vendor/lib:/opt/ros/jazzy/opt/gz_tools_vendor/lib:/opt/ros/jazzy/opt/gz_ogre_next_vendor/lib:/opt/ros/jazzy/opt/gz_dartsim_vendor/lib:/opt/ros/jazzy/opt/gz_cmake_vendor/lib:/opt/ros/jazzy/lib PYTHONPATH=/home/darsh/UR3_ROS2_PICK_AND_PLACE/install/moveit_task_constructor_msgs/lib/python3.12/site-packages:/home/darsh/UR3_ROS2_PICK_AND_PLACE/install/warehouse_ros_mongo/lib/python3.12/site-packages:/home/darsh/UR3_ROS2_PICK_AND_PLACE/install/ur_interfaces/lib/python3.12/site-packages:/home/darsh/UR3_ROS2_PICK_AND_PLACE/install/moveit_task_constructor_core/lib/python3.12/site-packages:/opt/ros/jazzy/lib/python3.12/site-packages /usr/bin/cmake --build /home/darsh/UR3_ROS2_PICK_AND_PLACE/build/moveit_task_constructor_core -- -j4 -l4
[0.914s] Invoking command in '/home/darsh/UR3_ROS2_PICK_AND_PLACE/build/moveit_task_constructor_core': CMAKE_PREFIX_PATH=/home/darsh/UR3_ROS2_PICK_AND_PLACE/install/rviz_marker_tools:/home/darsh/UR3_ROS2_PICK_AND_PLACE/install/moveit_task_constructor_msgs:/home/darsh/UR3_ROS2_PICK_AND_PLACE/install/moveit_config:/home/darsh/UR3_ROS2_PICK_AND_PLACE/install/warehouse_ros_mongo:/home/darsh/UR3_ROS2_PICK_AND_PLACE/install/ur_system_tests:/home/darsh/UR3_ROS2_PICK_AND_PLACE/install/ur_mtc_pick_place_demo:/home/darsh/UR3_ROS2_PICK_AND_PLACE/install/ur_mtc_demos:/home/darsh/UR3_ROS2_PICK_AND_PLACE/install/ur_moveit_demos:/home/darsh/UR3_ROS2_PICK_AND_PLACE/install/ur_interfaces:/home/darsh/UR3_ROS2_PICK_AND_PLACE/install/ur_gazebo:/home/darsh/UR3_ROS2_PICK_AND_PLACE/install/ur_description:/home/darsh/UR3_ROS2_PICK_AND_PLACE/install/moveit_task_constructor_visualization:/home/darsh/UR3_ROS2_PICK_AND_PLACE/install/moveit_task_constructor_demo:/home/darsh/UR3_ROS2_PICK_AND_PLACE/install/moveit_task_constructor_capabilities:/home/darsh/UR3_ROS2_PICK_AND_PLACE/install/moveit_task_constructor_core:/home/darsh/UR3_ROS2_PICK_AND_PLACE/install/robotiq_2f_85_gripper_visualization:/opt/ros/jazzy/opt/gz_sim_vendor:/opt/ros/jazzy/opt/gz_sensors_vendor:/opt/ros/jazzy/opt/gz_physics_vendor:/opt/ros/jazzy/opt/sdformat_vendor:/opt/ros/jazzy/opt/gz_gui_vendor:/opt/ros/jazzy/opt/gz_transport_vendor:/opt/ros/jazzy/opt/gz_rendering_vendor:/opt/ros/jazzy/opt/gz_plugin_vendor:/opt/ros/jazzy/opt/gz_fuel_tools_vendor:/opt/ros/jazzy/opt/gz_msgs_vendor:/opt/ros/jazzy/opt/gz_common_vendor:/opt/ros/jazzy/opt/gz_math_vendor:/opt/ros/jazzy/opt/gz_utils_vendor:/opt/ros/jazzy/opt/gz_tools_vendor:/opt/ros/jazzy/opt/gz_ogre_next_vendor:/opt/ros/jazzy/opt/gz_dartsim_vendor:/opt/ros/jazzy/opt/gz_cmake_vendor:/opt/ros/jazzy LD_LIBRARY_PATH=/home/darsh/UR3_ROS2_PICK_AND_PLACE/install/rviz_marker_tools/lib:/home/darsh/UR3_ROS2_PICK_AND_PLACE/install/moveit_task_constructor_msgs/lib:/home/darsh/UR3_ROS2_PICK_AND_PLACE/install/warehouse_ros_mongo/lib:/home/darsh/UR3_ROS2_PICK_AND_PLACE/install/ur_mtc_pick_place_demo/lib:/home/darsh/UR3_ROS2_PICK_AND_PLACE/install/ur_interfaces/lib:/home/darsh/UR3_ROS2_PICK_AND_PLACE/install/moveit_task_constructor_visualization/lib:/home/darsh/UR3_ROS2_PICK_AND_PLACE/install/moveit_task_constructor_demo/lib:/home/darsh/UR3_ROS2_PICK_AND_PLACE/install/moveit_task_constructor_capabilities/lib:/home/darsh/UR3_ROS2_PICK_AND_PLACE/install/moveit_task_constructor_core/lib:/opt/ros/jazzy/opt/gz_sim_vendor/lib:/opt/ros/jazzy/opt/gz_sensors_vendor/lib:/opt/ros/jazzy/opt/gz_physics_vendor/lib:/opt/ros/jazzy/opt/sdformat_vendor/lib:/opt/ros/jazzy/opt/rviz_ogre_vendor/lib:/opt/ros/jazzy/lib/x86_64-linux-gnu:/opt/ros/jazzy/opt/gz_gui_vendor/lib:/opt/ros/jazzy/opt/gz_transport_vendor/lib:/opt/ros/jazzy/opt/gz_rendering_vendor/lib:/opt/ros/jazzy/opt/gz_plugin_vendor/lib:/opt/ros/jazzy/opt/gz_fuel_tools_vendor/lib:/opt/ros/jazzy/opt/gz_msgs_vendor/lib:/opt/ros/jazzy/opt/gz_common_vendor/lib:/opt/ros/jazzy/opt/gz_math_vendor/lib:/opt/ros/jazzy/opt/gz_utils_vendor/lib:/opt/ros/jazzy/opt/gz_tools_vendor/lib:/opt/ros/jazzy/opt/gz_ogre_next_vendor/lib:/opt/ros/jazzy/opt/gz_dartsim_vendor/lib:/opt/ros/jazzy/opt/gz_cmake_vendor/lib:/opt/ros/jazzy/lib PYTHONPATH=/home/darsh/UR3_ROS2_PICK_AND_PLACE/install/moveit_task_constructor_msgs/lib/python3.12/site-packages:/home/darsh/UR3_ROS2_PICK_AND_PLACE/install/warehouse_ros_mongo/lib/python3.12/site-packages:/home/darsh/UR3_ROS2_PICK_AND_PLACE/install/ur_interfaces/lib/python3.12/site-packages:/home/darsh/UR3_ROS2_PICK_AND_PLACE/install/moveit_task_constructor_core/lib/python3.12/site-packages:/opt/ros/jazzy/lib/python3.12/site-packages /usr/bin/cmake --install /home/darsh/UR3_ROS2_PICK_AND_PLACE/build/moveit_task_constructor_core
[0.925s] -- Install configuration: "Release"
[0.926s] -- Up-to-date: /home/darsh/UR3_ROS2_PICK_AND_PLACE/install/moveit_task_constructor_core/lib/libmoveit_task_constructor_core_stages.so
[0.926s] -- Up-to-date: /home/darsh/UR3_ROS2_PICK_AND_PLACE/install/moveit_task_constructor_core/lib/libmoveit_task_constructor_core_stage_plugins.so
[0.927s] -- Up-to-date: /home/darsh/UR3_ROS2_PICK_AND_PLACE/install/moveit_task_constructor_core/lib/libmoveit_task_constructor_core.so
[0.927s] -- Up-to-date: /home/darsh/UR3_ROS2_PICK_AND_PLACE/install/moveit_task_constructor_core/share/moveit_task_constructor_core/environment/pythonpath.sh
[0.927s] -- Up-to-date: /home/darsh/UR3_ROS2_PICK_AND_PLACE/install/moveit_task_constructor_core/share/moveit_task_constructor_core/environment/pythonpath.dsv
[0.927s] -- Up-to-date: /home/darsh/UR3_ROS2_PICK_AND_PLACE/install/moveit_task_constructor_core/lib/python3.12/site-packages/moveit-0.1.3-py3.12.egg-info
[0.927s] -- Installing: /home/darsh/UR3_ROS2_PICK_AND_PLACE/install/moveit_task_constructor_core/lib/python3.12/site-packages/moveit-0.1.3-py3.12.egg-info/dependency_links.txt
[0.927s] -- Installing: /home/darsh/UR3_ROS2_PICK_AND_PLACE/install/moveit_task_constructor_core/lib/python3.12/site-packages/moveit-0.1.3-py3.12.egg-info/PKG-INFO
[0.928s] -- Installing: /home/darsh/UR3_ROS2_PICK_AND_PLACE/install/moveit_task_constructor_core/lib/python3.12/site-packages/moveit-0.1.3-py3.12.egg-info/top_level.txt
[0.928s] -- Installing: /home/darsh/UR3_ROS2_PICK_AND_PLACE/install/moveit_task_constructor_core/lib/python3.12/site-packages/moveit-0.1.3-py3.12.egg-info/SOURCES.txt
[0.933s] -- Up-to-date: /home/darsh/UR3_ROS2_PICK_AND_PLACE/install/moveit_task_constructor_core/lib/python3.12/site-packages/moveit
[0.933s] -- Up-to-date: /home/darsh/UR3_ROS2_PICK_AND_PLACE/install/moveit_task_constructor_core/lib/python3.12/site-packages/moveit/task_constructor
[0.933s] -- Up-to-date: /home/darsh/UR3_ROS2_PICK_AND_PLACE/install/moveit_task_constructor_core/lib/python3.12/site-packages/moveit/task_constructor/stages.py
[0.934s] -- Up-to-date: /home/darsh/UR3_ROS2_PICK_AND_PLACE/install/moveit_task_constructor_core/lib/python3.12/site-packages/moveit/task_constructor/core.py
[0.934s] -- Up-to-date: /home/darsh/UR3_ROS2_PICK_AND_PLACE/install/moveit_task_constructor_core/lib/python3.12/site-packages/moveit/task_constructor/__init__.py
[0.934s] -- Up-to-date: /home/darsh/UR3_ROS2_PICK_AND_PLACE/install/moveit_task_constructor_core/lib/python3.12/site-packages/moveit/__init__.py
[0.989s] Listing '/home/darsh/UR3_ROS2_PICK_AND_PLACE/install/moveit_task_constructor_core/lib/python3.12/site-packages/moveit'...
[0.989s] Listing '/home/darsh/UR3_ROS2_PICK_AND_PLACE/install/moveit_task_constructor_core/lib/python3.12/site-packages/moveit/task_constructor'...
[1.001s] -- Up-to-date: /home/darsh/UR3_ROS2_PICK_AND_PLACE/install/moveit_task_constructor_core/include/moveit/python/pybind11
[1.001s] -- Up-to-date: /home/darsh/UR3_ROS2_PICK_AND_PLACE/install/moveit_task_constructor_core/include/moveit/python/pybind11/eval.h
[1.002s] -- Up-to-date: /home/darsh/UR3_ROS2_PICK_AND_PLACE/install/moveit_task_constructor_core/include/moveit/python/pybind11/pytypes.h
[1.002s] -- Up-to-date: /home/darsh/UR3_ROS2_PICK_AND_PLACE/install/moveit_task_constructor_core/include/moveit/python/pybind11/cast.h
[1.002s] -- Up-to-date: /home/darsh/UR3_ROS2_PICK_AND_PLACE/install/moveit_task_constructor_core/include/moveit/python/pybind11/functional.h
[1.002s] -- Up-to-date: /home/darsh/UR3_ROS2_PICK_AND_PLACE/install/moveit_task_constructor_core/include/moveit/python/pybind11/detail
[1.003s] -- Up-to-date: /home/darsh/UR3_ROS2_PICK_AND_PLACE/install/moveit_task_constructor_core/include/moveit/python/pybind11/detail/class.h
[1.003s] -- Up-to-date: /home/darsh/UR3_ROS2_PICK_AND_PLACE/install/moveit_task_constructor_core/include/moveit/python/pybind11/detail/typeid.h
[1.003s] -- Up-to-date: /home/darsh/UR3_ROS2_PICK_AND_PLACE/install/moveit_task_constructor_core/include/moveit/python/pybind11/detail/internals.h
[1.004s] -- Up-to-date: /home/darsh/UR3_ROS2_PICK_AND_PLACE/install/moveit_task_constructor_core/include/moveit/python/pybind11/detail/smart_holder_poc.h
[1.004s] -- Up-to-date: /home/darsh/UR3_ROS2_PICK_AND_PLACE/install/moveit_task_constructor_core/include/moveit/python/pybind11/detail/smart_holder_sfinae_hooks_only.h
[1.004s] -- Up-to-date: /home/darsh/UR3_ROS2_PICK_AND_PLACE/install/moveit_task_constructor_core/include/moveit/python/pybind11/detail/dynamic_raw_ptr_cast_if_possible.h
[1.004s] -- Up-to-date: /home/darsh/UR3_ROS2_PICK_AND_PLACE/install/moveit_task_constructor_core/include/moveit/python/pybind11/detail/init.h
[1.004s] -- Up-to-date: /home/darsh/UR3_ROS2_PICK_AND_PLACE/install/moveit_task_constructor_core/include/moveit/python/pybind11/detail/descr.h
[1.005s] -- Up-to-date: /home/darsh/UR3_ROS2_PICK_AND_PLACE/install/moveit_task_constructor_core/include/moveit/python/pybind11/detail/common.h
[1.005s] -- Up-to-date: /home/darsh/UR3_ROS2_PICK_AND_PLACE/install/moveit_task_constructor_core/include/moveit/python/pybind11/detail/smart_holder_type_casters.h
[1.005s] -- Up-to-date: /home/darsh/UR3_ROS2_PICK_AND_PLACE/install/moveit_task_constructor_core/include/moveit/python/pybind11/detail/type_caster_base.h
[1.005s] -- Up-to-date: /home/darsh/UR3_ROS2_PICK_AND_PLACE/install/moveit_task_constructor_core/include/moveit/python/pybind11/detail/type_caster_odr_guard.h
[1.006s] -- Up-to-date: /home/darsh/UR3_ROS2_PICK_AND_PLACE/install/moveit_task_constructor_core/include/moveit/python/pybind11/iostream.h
[1.006s] -- Up-to-date: /home/darsh/UR3_ROS2_PICK_AND_PLACE/install/moveit_task_constructor_core/include/moveit/python/pybind11/chrono.h
[1.007s] -- Up-to-date: /home/darsh/UR3_ROS2_PICK_AND_PLACE/install/moveit_task_constructor_core/include/moveit/python/pybind11/pybind11.h
[1.008s] -- Up-to-date: /home/darsh/UR3_ROS2_PICK_AND_PLACE/install/moveit_task_constructor_core/include/moveit/python/pybind11/eigen
[1.008s] -- Up-to-date: /home/darsh/UR3_ROS2_PICK_AND_PLACE/install/moveit_task_constructor_core/include/moveit/python/pybind11/eigen/tensor.h
[1.008s] -- Up-to-date: /home/darsh/UR3_ROS2_PICK_AND_PLACE/install/moveit_task_constructor_core/include/moveit/python/pybind11/eigen/matrix.h
[1.009s] -- Up-to-date: /home/darsh/UR3_ROS2_PICK_AND_PLACE/install/moveit_task_constructor_core/include/moveit/python/pybind11/eigen/common.h
[1.009s] -- Up-to-date: /home/darsh/UR3_ROS2_PICK_AND_PLACE/install/moveit_task_constructor_core/include/moveit/python/pybind11/type_caster_pyobject_ptr.h
[1.009s] -- Up-to-date: /home/darsh/UR3_ROS2_PICK_AND_PLACE/install/moveit_task_constructor_core/include/moveit/python/pybind11/smart_holder.h
[1.010s] -- Up-to-date: /home/darsh/UR3_ROS2_PICK_AND_PLACE/install/moveit_task_constructor_core/include/moveit/python/pybind11/attr.h
[1.010s] -- Up-to-date: /home/darsh/UR3_ROS2_PICK_AND_PLACE/install/moveit_task_constructor_core/include/moveit/python/pybind11/gil.h
[1.010s] -- Up-to-date: /home/darsh/UR3_ROS2_PICK_AND_PLACE/install/moveit_task_constructor_core/include/moveit/python/pybind11/buffer_info.h
[1.010s] -- Up-to-date: /home/darsh/UR3_ROS2_PICK_AND_PLACE/install/moveit_task_constructor_core/include/moveit/python/pybind11/stl_bind.h
[1.011s] -- Up-to-date: /home/darsh/UR3_ROS2_PICK_AND_PLACE/install/moveit_task_constructor_core/include/moveit/python/pybind11/gil_safe_call_once.h
[1.011s] -- Up-to-date: /home/darsh/UR3_ROS2_PICK_AND_PLACE/install/moveit_task_constructor_core/include/moveit/python/pybind11/numpy.h
[1.011s] -- Up-to-date: /home/darsh/UR3_ROS2_PICK_AND_PLACE/install/moveit_task_constructor_core/include/moveit/python/pybind11/stl
[1.012s] -- Up-to-date: /home/darsh/UR3_ROS2_PICK_AND_PLACE/install/moveit_task_constructor_core/include/moveit/python/pybind11/stl/filesystem.h
[1.013s] -- Up-to-date: /home/darsh/UR3_ROS2_PICK_AND_PLACE/install/moveit_task_constructor_core/include/moveit/python/pybind11/stl.h
[1.013s] -- Up-to-date: /home/darsh/UR3_ROS2_PICK_AND_PLACE/install/moveit_task_constructor_core/include/moveit/python/pybind11/embed.h
[1.014s] -- Up-to-date: /home/darsh/UR3_ROS2_PICK_AND_PLACE/install/moveit_task_constructor_core/include/moveit/python/pybind11/eigen.h
[1.014s] -- Up-to-date: /home/darsh/UR3_ROS2_PICK_AND_PLACE/install/moveit_task_constructor_core/include/moveit/python/pybind11/trampoline_self_life_support.h
[1.014s] -- Up-to-date: /home/darsh/UR3_ROS2_PICK_AND_PLACE/install/moveit_task_constructor_core/include/moveit/python/pybind11/common.h
[1.015s] -- Up-to-date: /home/darsh/UR3_ROS2_PICK_AND_PLACE/install/moveit_task_constructor_core/include/moveit/python/pybind11/complex.h
[1.016s] -- Up-to-date: /home/darsh/UR3_ROS2_PICK_AND_PLACE/install/moveit_task_constructor_core/include/moveit/python/pybind11/options.h
[1.016s] -- Up-to-date: /home/darsh/UR3_ROS2_PICK_AND_PLACE/install/moveit_task_constructor_core/include/moveit/python/pybind11/typing.h
[1.017s] -- Up-to-date: /home/darsh/UR3_ROS2_PICK_AND_PLACE/install/moveit_task_constructor_core/include/moveit/python/pybind11/operators.h
[1.017s] -- Up-to-date: /home/darsh/UR3_ROS2_PICK_AND_PLACE/install/moveit_task_constructor_core/share/moveit_task_constructor_core/cmake/pybind11Config.cmake
[1.017s] -- Up-to-date: /home/darsh/UR3_ROS2_PICK_AND_PLACE/install/moveit_task_constructor_core/share/moveit_task_constructor_core/cmake/pybind11ConfigVersion.cmake
[1.018s] -- Up-to-date: /home/darsh/UR3_ROS2_PICK_AND_PLACE/install/moveit_task_constructor_core/share/moveit_task_constructor_core/cmake/FindPythonLibsNew.cmake
[1.018s] -- Up-to-date: /home/darsh/UR3_ROS2_PICK_AND_PLACE/install/moveit_task_constructor_core/share/moveit_task_constructor_core/cmake/pybind11Common.cmake
[1.019s] -- Up-to-date: /home/darsh/UR3_ROS2_PICK_AND_PLACE/install/moveit_task_constructor_core/share/moveit_task_constructor_core/cmake/pybind11Tools.cmake
[1.021s] -- Up-to-date: /home/darsh/UR3_ROS2_PICK_AND_PLACE/install/moveit_task_constructor_core/share/moveit_task_constructor_core/cmake/pybind11NewTools.cmake
[1.021s] -- Up-to-date: /home/darsh/UR3_ROS2_PICK_AND_PLACE/install/moveit_task_constructor_core/share/moveit_task_constructor_core/cmake/pybind11Targets.cmake
[1.021s] -- Up-to-date: /home/darsh/UR3_ROS2_PICK_AND_PLACE/install/moveit_task_constructor_core/share/pkgconfig/pybind11.pc
[1.022s] -- Up-to-date: /home/darsh/UR3_ROS2_PICK_AND_PLACE/install/moveit_task_constructor_core/lib/python3.12/site-packages/pymoveit_mtc.cpython-312-x86_64-linux-gnu.so
[1.022s] -- Up-to-date: /home/darsh/UR3_ROS2_PICK_AND_PLACE/install/moveit_task_constructor_core/include
[1.023s] -- Up-to-date: /home/darsh/UR3_ROS2_PICK_AND_PLACE/install/moveit_task_constructor_core/include/moveit
[1.023s] -- Up-to-date: /home/darsh/UR3_ROS2_PICK_AND_PLACE/install/moveit_task_constructor_core/include/moveit/task_constructor
[1.024s] -- Up-to-date: /home/darsh/UR3_ROS2_PICK_AND_PLACE/install/moveit_task_constructor_core/include/moveit/task_constructor/task.h
[1.024s] -- Up-to-date: /home/darsh/UR3_ROS2_PICK_AND_PLACE/install/moveit_task_constructor_core/include/moveit/task_constructor/properties.h
[1.026s] -- Up-to-date: /home/darsh/UR3_ROS2_PICK_AND_PLACE/install/moveit_task_constructor_core/include/moveit/task_constructor/moveit_compat.h
[1.028s] -- Up-to-date: /home/darsh/UR3_ROS2_PICK_AND_PLACE/install/moveit_task_constructor_core/include/moveit/task_constructor/stage.h
[1.028s] -- Up-to-date: /home/darsh/UR3_ROS2_PICK_AND_PLACE/install/moveit_task_constructor_core/include/moveit/task_constructor/stages.h
[1.029s] -- Up-to-date: /home/darsh/UR3_ROS2_PICK_AND_PLACE/install/moveit_task_constructor_core/include/moveit/task_constructor/storage.h
[1.029s] -- Up-to-date: /home/darsh/UR3_ROS2_PICK_AND_PLACE/install/moveit_task_constructor_core/include/moveit/task_constructor/container.h
[1.030s] -- Up-to-date: /home/darsh/UR3_ROS2_PICK_AND_PLACE/install/moveit_task_constructor_core/include/moveit/task_constructor/type_traits.h
[1.030s] -- Up-to-date: /home/darsh/UR3_ROS2_PICK_AND_PLACE/install/moveit_task_constructor_core/include/moveit/task_constructor/trajectory_execution_info.h
[1.031s] -- Up-to-date: /home/darsh/UR3_ROS2_PICK_AND_PLACE/install/moveit_task_constructor_core/include/moveit/task_constructor/solvers.h
[1.032s] -- Up-to-date: /home/darsh/UR3_ROS2_PICK_AND_PLACE/install/moveit_task_constructor_core/include/moveit/task_constructor/solvers
[1.032s] -- Up-to-date: /home/darsh/UR3_ROS2_PICK_AND_PLACE/install/moveit_task_constructor_core/include/moveit/task_constructor/solvers/multi_planner.h
[1.033s] -- Up-to-date: /home/darsh/UR3_ROS2_PICK_AND_PLACE/install/moveit_task_constructor_core/include/moveit/task_constructor/solvers/pipeline_planner.h
[1.034s] -- Up-to-date: /home/darsh/UR3_ROS2_PICK_AND_PLACE/install/moveit_task_constructor_core/include/moveit/task_constructor/solvers/joint_interpolation.h
[1.034s] -- Up-to-date: /home/darsh/UR3_ROS2_PICK_AND_PLACE/install/moveit_task_constructor_core/include/moveit/task_constructor/solvers/planner_interface.h
[1.036s] -- Up-to-date: /home/darsh/UR3_ROS2_PICK_AND_PLACE/install/moveit_task_constructor_core/include/moveit/task_constructor/solvers/cartesian_path.h
[1.036s] -- Up-to-date: /home/darsh/UR3_ROS2_PICK_AND_PLACE/install/moveit_task_constructor_core/include/moveit/task_constructor/marker_tools.h
[1.037s] -- Up-to-date: /home/darsh/UR3_ROS2_PICK_AND_PLACE/install/moveit_task_constructor_core/include/moveit/task_constructor/merge.h
[1.037s] -- Up-to-date: /home/darsh/UR3_ROS2_PICK_AND_PLACE/install/moveit_task_constructor_core/include/moveit/task_constructor/stages
[1.037s] -- Up-to-date: /home/darsh/UR3_ROS2_PICK_AND_PLACE/install/moveit_task_constructor_core/include/moveit/task_constructor/stages/connect.h
[1.038s] -- Up-to-date: /home/darsh/UR3_ROS2_PICK_AND_PLACE/install/moveit_task_constructor_core/include/moveit/task_constructor/stages/fixed_cartesian_poses.h
[1.038s] -- Up-to-date: /home/darsh/UR3_ROS2_PICK_AND_PLACE/install/moveit_task_constructor_core/include/moveit/task_constructor/stages/move_to.h
[1.038s] -- Up-to-date: /home/darsh/UR3_ROS2_PICK_AND_PLACE/install/moveit_task_constructor_core/include/moveit/task_constructor/stages/fix_collision_objects.h
[1.039s] -- Up-to-date: /home/darsh/UR3_ROS2_PICK_AND_PLACE/install/moveit_task_constructor_core/include/moveit/task_constructor/stages/simple_grasp.h
[1.039s] -- Up-to-date: /home/darsh/UR3_ROS2_PICK_AND_PLACE/install/moveit_task_constructor_core/include/moveit/task_constructor/stages/predicate_filter.h
[1.039s] -- Up-to-date: /home/darsh/UR3_ROS2_PICK_AND_PLACE/install/moveit_task_constructor_core/include/moveit/task_constructor/stages/pick.h
[1.040s] -- Up-to-date: /home/darsh/UR3_ROS2_PICK_AND_PLACE/install/moveit_task_constructor_core/include/moveit/task_constructor/stages/noop.h
[1.040s] -- Up-to-date: /home/darsh/UR3_ROS2_PICK_AND_PLACE/install/moveit_task_constructor_core/include/moveit/task_constructor/stages/modify_planning_scene.h
[1.040s] -- Up-to-date: /home/darsh/UR3_ROS2_PICK_AND_PLACE/install/moveit_task_constructor_core/include/moveit/task_constructor/stages/move_relative.h
[1.040s] -- Up-to-date: /home/darsh/UR3_ROS2_PICK_AND_PLACE/install/moveit_task_constructor_core/include/moveit/task_constructor/stages/generate_place_pose.h
[1.041s] -- Up-to-date: /home/darsh/UR3_ROS2_PICK_AND_PLACE/install/moveit_task_constructor_core/include/moveit/task_constructor/stages/fixed_state.h
[1.041s] -- Up-to-date: /home/darsh/UR3_ROS2_PICK_AND_PLACE/install/moveit_task_constructor_core/include/moveit/task_constructor/stages/passthrough.h
[1.041s] -- Up-to-date: /home/darsh/UR3_ROS2_PICK_AND_PLACE/install/moveit_task_constructor_core/include/moveit/task_constructor/stages/compute_ik.h
[1.043s] -- Up-to-date: /home/darsh/UR3_ROS2_PICK_AND_PLACE/install/moveit_task_constructor_core/include/moveit/task_constructor/stages/generate_pose.h
[1.044s] -- Up-to-date: /home/darsh/UR3_ROS2_PICK_AND_PLACE/install/moveit_task_constructor_core/include/moveit/task_constructor/stages/generate_grasp_pose.h
[1.044s] -- Up-to-date: /home/darsh/UR3_ROS2_PICK_AND_PLACE/install/moveit_task_constructor_core/include/moveit/task_constructor/stages/current_state.h
[1.045s] -- Up-to-date: /home/darsh/UR3_ROS2_PICK_AND_PLACE/install/moveit_task_constructor_core/include/moveit/task_constructor/stages/generate_random_pose.h
[1.046s] -- Up-to-date: /home/darsh/UR3_ROS2_PICK_AND_PLACE/install/moveit_task_constructor_core/include/moveit/task_constructor/utils.h
[1.046s] -- Up-to-date: /home/darsh/UR3_ROS2_PICK_AND_PLACE/install/moveit_task_constructor_core/include/moveit/task_constructor/introspection.h
[1.047s] -- Up-to-date: /home/darsh/UR3_ROS2_PICK_AND_PLACE/install/moveit_task_constructor_core/include/moveit/task_constructor/cost_queue.h
[1.047s] -- Up-to-date: /home/darsh/UR3_ROS2_PICK_AND_PLACE/install/moveit_task_constructor_core/include/moveit/task_constructor/cost_terms.h
[1.048s] -- Up-to-date: /home/darsh/UR3_ROS2_PICK_AND_PLACE/install/moveit_task_constructor_core/include/moveit/python
[1.048s] -- Up-to-date: /home/darsh/UR3_ROS2_PICK_AND_PLACE/install/moveit_task_constructor_core/include/moveit/python/task_constructor
[1.049s] -- Up-to-date: /home/darsh/UR3_ROS2_PICK_AND_PLACE/install/moveit_task_constructor_core/include/moveit/python/task_constructor/properties.h
[1.049s] -- Up-to-date: /home/darsh/UR3_ROS2_PICK_AND_PLACE/install/moveit_task_constructor_core/share/moveit_task_constructor_core/motion_planning_stages_plugin_description.xml
[1.050s] -- Up-to-date: /home/darsh/UR3_ROS2_PICK_AND_PLACE/install/moveit_task_constructor_core/share/moveit_task_constructor_core/environment/library_path.sh
[1.050s] -- Up-to-date: /home/darsh/UR3_ROS2_PICK_AND_PLACE/install/moveit_task_constructor_core/share/moveit_task_constructor_core/environment/library_path.dsv
[1.051s] -- Up-to-date: /home/darsh/UR3_ROS2_PICK_AND_PLACE/install/moveit_task_constructor_core/share/ament_index/resource_index/package_run_dependencies/moveit_task_constructor_core
[1.051s] -- Up-to-date: /home/darsh/UR3_ROS2_PICK_AND_PLACE/install/moveit_task_constructor_core/share/ament_index/resource_index/parent_prefix_path/moveit_task_constructor_core
[1.052s] -- Up-to-date: /home/darsh/UR3_ROS2_PICK_AND_PLACE/install/moveit_task_constructor_core/share/moveit_task_constructor_core/environment/ament_prefix_path.sh
[1.053s] -- Up-to-date: /home/darsh/UR3_ROS2_PICK_AND_PLACE/install/moveit_task_constructor_core/share/moveit_task_constructor_core/environment/ament_prefix_path.dsv
[1.054s] -- Up-to-date: /home/darsh/UR3_ROS2_PICK_AND_PLACE/install/moveit_task_constructor_core/share/moveit_task_constructor_core/environment/path.sh
[1.054s] -- Up-to-date: /home/darsh/UR3_ROS2_PICK_AND_PLACE/install/moveit_task_constructor_core/share/moveit_task_constructor_core/environment/path.dsv
[1.055s] -- Up-to-date: /home/darsh/UR3_ROS2_PICK_AND_PLACE/install/moveit_task_constructor_core/share/moveit_task_constructor_core/local_setup.bash
[1.059s] -- Up-to-date: /home/darsh/UR3_ROS2_PICK_AND_PLACE/install/moveit_task_constructor_core/share/moveit_task_constructor_core/local_setup.sh
[1.060s] -- Up-to-date: /home/darsh/UR3_ROS2_PICK_AND_PLACE/install/moveit_task_constructor_core/share/moveit_task_constructor_core/local_setup.zsh
[1.060s] -- Up-to-date: /home/darsh/UR3_ROS2_PICK_AND_PLACE/install/moveit_task_constructor_core/share/moveit_task_constructor_core/local_setup.dsv
[1.060s] -- Installing: /home/darsh/UR3_ROS2_PICK_AND_PLACE/install/moveit_task_constructor_core/share/moveit_task_constructor_core/package.dsv
[1.060s] -- Up-to-date: /home/darsh/UR3_ROS2_PICK_AND_PLACE/install/moveit_task_constructor_core/share/ament_index/resource_index/packages/moveit_task_constructor_core
[1.060s] -- Up-to-date: /home/darsh/UR3_ROS2_PICK_AND_PLACE/install/moveit_task_constructor_core/share/ament_index/resource_index/moveit_task_constructor_core__pluginlib__plugin/moveit_task_constructor_core
[1.060s] -- Up-to-date: /home/darsh/UR3_ROS2_PICK_AND_PLACE/install/moveit_task_constructor_core/share/moveit_task_constructor_core/cmake/moveit_task_constructor_coreTargetsExport.cmake
[1.061s] -- Up-to-date: /home/darsh/UR3_ROS2_PICK_AND_PLACE/install/moveit_task_constructor_core/share/moveit_task_constructor_core/cmake/moveit_task_constructor_coreTargetsExport-release.cmake
[1.061s] -- Up-to-date: /home/darsh/UR3_ROS2_PICK_AND_PLACE/install/moveit_task_constructor_core/share/moveit_task_constructor_core/cmake/ament_cmake_export_targets-extras.cmake
[1.061s] -- Up-to-date: /home/darsh/UR3_ROS2_PICK_AND_PLACE/install/moveit_task_constructor_core/share/moveit_task_constructor_core/cmake/ament_cmake_export_dependencies-extras.cmake
[1.061s] -- Up-to-date: /home/darsh/UR3_ROS2_PICK_AND_PLACE/install/moveit_task_constructor_core/share/moveit_task_constructor_core/cmake/moveit_task_constructor_coreConfig.cmake
[1.061s] -- Up-to-date: /home/darsh/UR3_ROS2_PICK_AND_PLACE/install/moveit_task_constructor_core/share/moveit_task_constructor_core/cmake/moveit_task_constructor_coreConfig-version.cmake
[1.061s] -- Up-to-date: /home/darsh/UR3_ROS2_PICK_AND_PLACE/install/moveit_task_constructor_core/share/moveit_task_constructor_core/package.xml
[1.061s] Invoked command in '/home/darsh/UR3_ROS2_PICK_AND_PLACE/build/moveit_task_constructor_core' returned '0': CMAKE_PREFIX_PATH=/home/darsh/UR3_ROS2_PICK_AND_PLACE/install/rviz_marker_tools:/home/darsh/UR3_ROS2_PICK_AND_PLACE/install/moveit_task_constructor_msgs:/home/darsh/UR3_ROS2_PICK_AND_PLACE/install/moveit_config:/home/darsh/UR3_ROS2_PICK_AND_PLACE/install/warehouse_ros_mongo:/home/darsh/UR3_ROS2_PICK_AND_PLACE/install/ur_system_tests:/home/darsh/UR3_ROS2_PICK_AND_PLACE/install/ur_mtc_pick_place_demo:/home/darsh/UR3_ROS2_PICK_AND_PLACE/install/ur_mtc_demos:/home/darsh/UR3_ROS2_PICK_AND_PLACE/install/ur_moveit_demos:/home/darsh/UR3_ROS2_PICK_AND_PLACE/install/ur_interfaces:/home/darsh/UR3_ROS2_PICK_AND_PLACE/install/ur_gazebo:/home/darsh/UR3_ROS2_PICK_AND_PLACE/install/ur_description:/home/darsh/UR3_ROS2_PICK_AND_PLACE/install/moveit_task_constructor_visualization:/home/darsh/UR3_ROS2_PICK_AND_PLACE/install/moveit_task_constructor_demo:/home/darsh/UR3_ROS2_PICK_AND_PLACE/install/moveit_task_constructor_capabilities:/home/darsh/UR3_ROS2_PICK_AND_PLACE/install/moveit_task_constructor_core:/home/darsh/UR3_ROS2_PICK_AND_PLACE/install/robotiq_2f_85_gripper_visualization:/opt/ros/jazzy/opt/gz_sim_vendor:/opt/ros/jazzy/opt/gz_sensors_vendor:/opt/ros/jazzy/opt/gz_physics_vendor:/opt/ros/jazzy/opt/sdformat_vendor:/opt/ros/jazzy/opt/gz_gui_vendor:/opt/ros/jazzy/opt/gz_transport_vendor:/opt/ros/jazzy/opt/gz_rendering_vendor:/opt/ros/jazzy/opt/gz_plugin_vendor:/opt/ros/jazzy/opt/gz_fuel_tools_vendor:/opt/ros/jazzy/opt/gz_msgs_vendor:/opt/ros/jazzy/opt/gz_common_vendor:/opt/ros/jazzy/opt/gz_math_vendor:/opt/ros/jazzy/opt/gz_utils_vendor:/opt/ros/jazzy/opt/gz_tools_vendor:/opt/ros/jazzy/opt/gz_ogre_next_vendor:/opt/ros/jazzy/opt/gz_dartsim_vendor:/opt/ros/jazzy/opt/gz_cmake_vendor:/opt/ros/jazzy LD_LIBRARY_PATH=/home/darsh/UR3_ROS2_PICK_AND_PLACE/install/rviz_marker_tools/lib:/home/darsh/UR3_ROS2_PICK_AND_PLACE/install/moveit_task_constructor_msgs/lib:/home/darsh/UR3_ROS2_PICK_AND_PLACE/install/warehouse_ros_mongo/lib:/home/darsh/UR3_ROS2_PICK_AND_PLACE/install/ur_mtc_pick_place_demo/lib:/home/darsh/UR3_ROS2_PICK_AND_PLACE/install/ur_interfaces/lib:/home/darsh/UR3_ROS2_PICK_AND_PLACE/install/moveit_task_constructor_visualization/lib:/home/darsh/UR3_ROS2_PICK_AND_PLACE/install/moveit_task_constructor_demo/lib:/home/darsh/UR3_ROS2_PICK_AND_PLACE/install/moveit_task_constructor_capabilities/lib:/home/darsh/UR3_ROS2_PICK_AND_PLACE/install/moveit_task_constructor_core/lib:/opt/ros/jazzy/opt/gz_sim_vendor/lib:/opt/ros/jazzy/opt/gz_sensors_vendor/lib:/opt/ros/jazzy/opt/gz_physics_vendor/lib:/opt/ros/jazzy/opt/sdformat_vendor/lib:/opt/ros/jazzy/opt/rviz_ogre_vendor/lib:/opt/ros/jazzy/lib/x86_64-linux-gnu:/opt/ros/jazzy/opt/gz_gui_vendor/lib:/opt/ros/jazzy/opt/gz_transport_vendor/lib:/opt/ros/jazzy/opt/gz_rendering_vendor/lib:/opt/ros/jazzy/opt/gz_plugin_vendor/lib:/opt/ros/jazzy/opt/gz_fuel_tools_vendor/lib:/opt/ros/jazzy/opt/gz_msgs_vendor/lib:/opt/ros/jazzy/opt/gz_common_vendor/lib:/opt/ros/jazzy/opt/gz_math_vendor/lib:/opt/ros/jazzy/opt/gz_utils_vendor/lib:/opt/ros/jazzy/opt/gz_tools_vendor/lib:/opt/ros/jazzy/opt/gz_ogre_next_vendor/lib:/opt/ros/jazzy/opt/gz_dartsim_vendor/lib:/opt/ros/jazzy/opt/gz_cmake_vendor/lib:/opt/ros/jazzy/lib PYTHONPATH=/home/darsh/UR3_ROS2_PICK_AND_PLACE/install/moveit_task_constructor_msgs/lib/python3.12/site-packages:/home/darsh/UR3_ROS2_PICK_AND_PLACE/install/warehouse_ros_mongo/lib/python3.12/site-packages:/home/darsh/UR3_ROS2_PICK_AND_PLACE/install/ur_interfaces/lib/python3.12/site-packages:/home/darsh/UR3_ROS2_PICK_AND_PLACE/install/moveit_task_constructor_core/lib/python3.12/site-packages:/opt/ros/jazzy/lib/python3.12/site-packages /usr/bin/cmake --install /home/darsh/UR3_ROS2_PICK_AND_PLACE/build/moveit_task_constructor_core
