[0.306s] DEBUG:colcon:Command line arguments: ['/usr/bin/colcon', 'build']
[0.307s] DEBUG:colcon:Parsed command line arguments: Namespace(log_base=None, log_level=None, verb_name='build', build_base='build', install_base='install', merge_install=False, symlink_install=False, test_result_base=None, continue_on_error=False, executor='parallel', parallel_workers=16, event_handlers=None, ignore_user_meta=False, metas=['./colcon.meta'], base_paths=['.'], packages_ignore=None, packages_ignore_regex=None, paths=None, packages_up_to=None, packages_up_to_regex=None, packages_above=None, packages_above_and_dependencies=None, packages_above_depth=None, packages_select_by_dep=None, packages_skip_by_dep=None, packages_skip_up_to=None, packages_select_build_failed=False, packages_skip_build_finished=False, packages_select_test_failures=False, packages_skip_test_passed=False, packages_select=None, packages_skip=None, packages_select_regex=None, packages_skip_regex=None, packages_start=None, packages_end=None, allow_overriding=[], cmake_args=None, cmake_target=None, cmake_target_skip_unavailable=False, cmake_clean_cache=False, cmake_clean_first=False, cmake_force_configure=False, ament_cmake_args=None, catkin_cmake_args=None, catkin_skip_building_tests=False, verb_parser=<colcon_defaults.argument_parser.defaults.DefaultArgumentsDecorator object at 0x7f4e0d956a50>, verb_extension=<colcon_core.verb.build.BuildVerb object at 0x7f4e0d8f89b0>, main=<bound method BuildVerb.main of <colcon_core.verb.build.BuildVerb object at 0x7f4e0d8f89b0>>)
[0.421s] Level 1:colcon.colcon_core.package_discovery:discover_packages(colcon_meta) check parameters
[0.421s] Level 1:colcon.colcon_core.package_discovery:discover_packages(recursive) check parameters
[0.422s] Level 1:colcon.colcon_core.package_discovery:discover_packages(ignore) check parameters
[0.422s] Level 1:colcon.colcon_core.package_discovery:discover_packages(path) check parameters
[0.422s] Level 1:colcon.colcon_core.package_discovery:discover_packages(colcon_meta) discover
[0.422s] Level 1:colcon.colcon_core.package_discovery:discover_packages(recursive) discover
[0.422s] INFO:colcon.colcon_core.package_discovery:Crawling recursively for packages in '/home/darsh/UR3_ROS2_PICK_AND_PLACE'
[0.422s] Level 1:colcon.colcon_core.package_identification:_identify(.) by extensions ['ignore', 'ignore_ament_install']
[0.422s] Level 1:colcon.colcon_core.package_identification:_identify(.) by extension 'ignore'
[0.422s] Level 1:colcon.colcon_core.package_identification:_identify(.) by extension 'ignore_ament_install'
[0.422s] Level 1:colcon.colcon_core.package_identification:_identify(.) by extensions ['colcon_pkg']
[0.422s] Level 1:colcon.colcon_core.package_identification:_identify(.) by extension 'colcon_pkg'
[0.422s] Level 1:colcon.colcon_core.package_identification:_identify(.) by extensions ['colcon_meta']
[0.422s] Level 1:colcon.colcon_core.package_identification:_identify(.) by extension 'colcon_meta'
[0.422s] Level 1:colcon.colcon_core.package_identification:_identify(.) by extensions ['ros']
[0.422s] Level 1:colcon.colcon_core.package_identification:_identify(.) by extension 'ros'
[0.471s] Level 1:colcon.colcon_core.package_identification:_identify(.) by extensions ['cmake', 'python']
[0.471s] Level 1:colcon.colcon_core.package_identification:_identify(.) by extension 'cmake'
[0.471s] Level 1:colcon.colcon_core.package_identification:_identify(.) by extension 'python'
[0.472s] Level 1:colcon.colcon_core.package_identification:_identify(.) by extensions ['python_setup_py']
[0.472s] Level 1:colcon.colcon_core.package_identification:_identify(.) by extension 'python_setup_py'
[0.472s] Level 1:colcon.colcon_core.package_identification:_identify(build) by extensions ['ignore', 'ignore_ament_install']
[0.472s] Level 1:colcon.colcon_core.package_identification:_identify(build) by extension 'ignore'
[0.472s] Level 1:colcon.colcon_core.package_identification:_identify(build) ignored
[0.472s] Level 1:colcon.colcon_core.package_identification:_identify(images) by extensions ['ignore', 'ignore_ament_install']
[0.472s] Level 1:colcon.colcon_core.package_identification:_identify(images) by extension 'ignore'
[0.473s] Level 1:colcon.colcon_core.package_identification:_identify(images) by extension 'ignore_ament_install'
[0.473s] Level 1:colcon.colcon_core.package_identification:_identify(images) by extensions ['colcon_pkg']
[0.473s] Level 1:colcon.colcon_core.package_identification:_identify(images) by extension 'colcon_pkg'
[0.473s] Level 1:colcon.colcon_core.package_identification:_identify(images) by extensions ['colcon_meta']
[0.473s] Level 1:colcon.colcon_core.package_identification:_identify(images) by extension 'colcon_meta'
[0.473s] Level 1:colcon.colcon_core.package_identification:_identify(images) by extensions ['ros']
[0.473s] Level 1:colcon.colcon_core.package_identification:_identify(images) by extension 'ros'
[0.473s] Level 1:colcon.colcon_core.package_identification:_identify(images) by extensions ['cmake', 'python']
[0.473s] Level 1:colcon.colcon_core.package_identification:_identify(images) by extension 'cmake'
[0.473s] Level 1:colcon.colcon_core.package_identification:_identify(images) by extension 'python'
[0.473s] Level 1:colcon.colcon_core.package_identification:_identify(images) by extensions ['python_setup_py']
[0.473s] Level 1:colcon.colcon_core.package_identification:_identify(images) by extension 'python_setup_py'
[0.473s] Level 1:colcon.colcon_core.package_identification:_identify(install) by extensions ['ignore', 'ignore_ament_install']
[0.473s] Level 1:colcon.colcon_core.package_identification:_identify(install) by extension 'ignore'
[0.473s] Level 1:colcon.colcon_core.package_identification:_identify(install) ignored
[0.474s] Level 1:colcon.colcon_core.package_identification:_identify(log) by extensions ['ignore', 'ignore_ament_install']
[0.474s] Level 1:colcon.colcon_core.package_identification:_identify(log) by extension 'ignore'
[0.474s] Level 1:colcon.colcon_core.package_identification:_identify(log) ignored
[0.474s] Level 1:colcon.colcon_core.package_identification:_identify(moveit_config) by extensions ['ignore', 'ignore_ament_install']
[0.474s] Level 1:colcon.colcon_core.package_identification:_identify(moveit_config) by extension 'ignore'
[0.474s] Level 1:colcon.colcon_core.package_identification:_identify(moveit_config) by extension 'ignore_ament_install'
[0.474s] Level 1:colcon.colcon_core.package_identification:_identify(moveit_config) by extensions ['colcon_pkg']
[0.474s] Level 1:colcon.colcon_core.package_identification:_identify(moveit_config) by extension 'colcon_pkg'
[0.474s] Level 1:colcon.colcon_core.package_identification:_identify(moveit_config) by extensions ['colcon_meta']
[0.474s] Level 1:colcon.colcon_core.package_identification:_identify(moveit_config) by extension 'colcon_meta'
[0.475s] Level 1:colcon.colcon_core.package_identification:_identify(moveit_config) by extensions ['ros']
[0.475s] Level 1:colcon.colcon_core.package_identification:_identify(moveit_config) by extension 'ros'
[0.480s] DEBUG:colcon.colcon_core.package_identification:Package 'moveit_config' with type 'ros.ament_cmake' and name 'moveit_config'
[0.480s] Level 1:colcon.colcon_core.package_identification:_identify(movit_config) by extensions ['ignore', 'ignore_ament_install']
[0.480s] Level 1:colcon.colcon_core.package_identification:_identify(movit_config) by extension 'ignore'
[0.480s] Level 1:colcon.colcon_core.package_identification:_identify(movit_config) by extension 'ignore_ament_install'
[0.480s] Level 1:colcon.colcon_core.package_identification:_identify(movit_config) by extensions ['colcon_pkg']
[0.480s] Level 1:colcon.colcon_core.package_identification:_identify(movit_config) by extension 'colcon_pkg'
[0.480s] Level 1:colcon.colcon_core.package_identification:_identify(movit_config) by extensions ['colcon_meta']
[0.481s] Level 1:colcon.colcon_core.package_identification:_identify(movit_config) by extension 'colcon_meta'
[0.481s] Level 1:colcon.colcon_core.package_identification:_identify(movit_config) by extensions ['ros']
[0.481s] Level 1:colcon.colcon_core.package_identification:_identify(movit_config) by extension 'ros'
[0.482s] DEBUG:colcon.colcon_core.package_identification:Package 'movit_config' with type 'ros.ament_cmake' and name 'movit_config'
[0.482s] Level 1:colcon.colcon_core.package_identification:_identify(robotiq_2f_85_gripper_visualization) by extensions ['ignore', 'ignore_ament_install']
[0.482s] Level 1:colcon.colcon_core.package_identification:_identify(robotiq_2f_85_gripper_visualization) by extension 'ignore'
[0.482s] Level 1:colcon.colcon_core.package_identification:_identify(robotiq_2f_85_gripper_visualization) by extension 'ignore_ament_install'
[0.482s] Level 1:colcon.colcon_core.package_identification:_identify(robotiq_2f_85_gripper_visualization) by extensions ['colcon_pkg']
[0.482s] Level 1:colcon.colcon_core.package_identification:_identify(robotiq_2f_85_gripper_visualization) by extension 'colcon_pkg'
[0.482s] Level 1:colcon.colcon_core.package_identification:_identify(robotiq_2f_85_gripper_visualization) by extensions ['colcon_meta']
[0.482s] Level 1:colcon.colcon_core.package_identification:_identify(robotiq_2f_85_gripper_visualization) by extension 'colcon_meta'
[0.482s] Level 1:colcon.colcon_core.package_identification:_identify(robotiq_2f_85_gripper_visualization) by extensions ['ros']
[0.482s] Level 1:colcon.colcon_core.package_identification:_identify(robotiq_2f_85_gripper_visualization) by extension 'ros'
[0.484s] DEBUG:colcon.colcon_core.package_identification:Package 'robotiq_2f_85_gripper_visualization' with type 'ros.ament_cmake' and name 'robotiq_2f_85_gripper_visualization'
[0.484s] Level 1:colcon.colcon_core.package_identification:_identify(ur_description) by extensions ['ignore', 'ignore_ament_install']
[0.484s] Level 1:colcon.colcon_core.package_identification:_identify(ur_description) by extension 'ignore'
[0.484s] Level 1:colcon.colcon_core.package_identification:_identify(ur_description) by extension 'ignore_ament_install'
[0.484s] Level 1:colcon.colcon_core.package_identification:_identify(ur_description) by extensions ['colcon_pkg']
[0.484s] Level 1:colcon.colcon_core.package_identification:_identify(ur_description) by extension 'colcon_pkg'
[0.484s] Level 1:colcon.colcon_core.package_identification:_identify(ur_description) by extensions ['colcon_meta']
[0.484s] Level 1:colcon.colcon_core.package_identification:_identify(ur_description) by extension 'colcon_meta'
[0.484s] Level 1:colcon.colcon_core.package_identification:_identify(ur_description) by extensions ['ros']
[0.484s] Level 1:colcon.colcon_core.package_identification:_identify(ur_description) by extension 'ros'
[0.486s] DEBUG:colcon.colcon_core.package_identification:Package 'ur_description' with type 'ros.ament_cmake' and name 'ur_description'
[0.486s] Level 1:colcon.colcon_core.package_identification:_identify(ur_gazebo) by extensions ['ignore', 'ignore_ament_install']
[0.486s] Level 1:colcon.colcon_core.package_identification:_identify(ur_gazebo) by extension 'ignore'
[0.486s] Level 1:colcon.colcon_core.package_identification:_identify(ur_gazebo) by extension 'ignore_ament_install'
[0.486s] Level 1:colcon.colcon_core.package_identification:_identify(ur_gazebo) by extensions ['colcon_pkg']
[0.486s] Level 1:colcon.colcon_core.package_identification:_identify(ur_gazebo) by extension 'colcon_pkg'
[0.486s] Level 1:colcon.colcon_core.package_identification:_identify(ur_gazebo) by extensions ['colcon_meta']
[0.486s] Level 1:colcon.colcon_core.package_identification:_identify(ur_gazebo) by extension 'colcon_meta'
[0.486s] Level 1:colcon.colcon_core.package_identification:_identify(ur_gazebo) by extensions ['ros']
[0.486s] Level 1:colcon.colcon_core.package_identification:_identify(ur_gazebo) by extension 'ros'
[0.488s] DEBUG:colcon.colcon_core.package_identification:Package 'ur_gazebo' with type 'ros.ament_cmake' and name 'ur_gazebo'
[0.488s] Level 1:colcon.colcon_core.package_identification:_identify(ur_interfaces) by extensions ['ignore', 'ignore_ament_install']
[0.488s] Level 1:colcon.colcon_core.package_identification:_identify(ur_interfaces) by extension 'ignore'
[0.488s] Level 1:colcon.colcon_core.package_identification:_identify(ur_interfaces) by extension 'ignore_ament_install'
[0.488s] Level 1:colcon.colcon_core.package_identification:_identify(ur_interfaces) by extensions ['colcon_pkg']
[0.488s] Level 1:colcon.colcon_core.package_identification:_identify(ur_interfaces) by extension 'colcon_pkg'
[0.488s] Level 1:colcon.colcon_core.package_identification:_identify(ur_interfaces) by extensions ['colcon_meta']
[0.489s] Level 1:colcon.colcon_core.package_identification:_identify(ur_interfaces) by extension 'colcon_meta'
[0.489s] Level 1:colcon.colcon_core.package_identification:_identify(ur_interfaces) by extensions ['ros']
[0.489s] Level 1:colcon.colcon_core.package_identification:_identify(ur_interfaces) by extension 'ros'
[0.489s] DEBUG:colcon.colcon_core.package_identification:Package 'ur_interfaces' with type 'ros.ament_cmake' and name 'ur_interfaces'
[0.489s] Level 1:colcon.colcon_core.package_identification:_identify(ur_system_tests) by extensions ['ignore', 'ignore_ament_install']
[0.490s] Level 1:colcon.colcon_core.package_identification:_identify(ur_system_tests) by extension 'ignore'
[0.490s] Level 1:colcon.colcon_core.package_identification:_identify(ur_system_tests) by extension 'ignore_ament_install'
[0.490s] Level 1:colcon.colcon_core.package_identification:_identify(ur_system_tests) by extensions ['colcon_pkg']
[0.490s] Level 1:colcon.colcon_core.package_identification:_identify(ur_system_tests) by extension 'colcon_pkg'
[0.490s] Level 1:colcon.colcon_core.package_identification:_identify(ur_system_tests) by extensions ['colcon_meta']
[0.490s] Level 1:colcon.colcon_core.package_identification:_identify(ur_system_tests) by extension 'colcon_meta'
[0.490s] Level 1:colcon.colcon_core.package_identification:_identify(ur_system_tests) by extensions ['ros']
[0.490s] Level 1:colcon.colcon_core.package_identification:_identify(ur_system_tests) by extension 'ros'
[0.491s] DEBUG:colcon.colcon_core.package_identification:Package 'ur_system_tests' with type 'ros.ament_cmake' and name 'ur_system_tests'
[0.491s] Level 1:colcon.colcon_core.package_discovery:discover_packages(recursive) using defaults
[0.491s] Level 1:colcon.colcon_core.package_discovery:discover_packages(ignore) discover
[0.491s] Level 1:colcon.colcon_core.package_discovery:discover_packages(ignore) using defaults
[0.491s] Level 1:colcon.colcon_core.package_discovery:discover_packages(path) discover
[0.491s] Level 1:colcon.colcon_core.package_discovery:discover_packages(path) using defaults
[0.532s] Level 1:colcon.colcon_core.package_discovery:discover_packages(prefix_path) check parameters
[0.532s] Level 1:colcon.colcon_core.package_discovery:discover_packages(prefix_path) discover
[0.540s] DEBUG:colcon.colcon_installed_package_information.package_discovery:Found 7 installed packages in /home/darsh/UR3_ROS2_PICK_AND_PLACE/install
[0.542s] DEBUG:colcon.colcon_installed_package_information.package_discovery:Found 404 installed packages in /opt/ros/jazzy
[0.544s] Level 1:colcon.colcon_core.package_discovery:discover_packages(prefix_path) using defaults
[0.626s] Level 5:colcon.colcon_core.verb:set package 'robotiq_2f_85_gripper_visualization' build argument 'cmake_args' from command line to 'None'
[0.626s] Level 5:colcon.colcon_core.verb:set package 'robotiq_2f_85_gripper_visualization' build argument 'cmake_target' from command line to 'None'
[0.626s] Level 5:colcon.colcon_core.verb:set package 'robotiq_2f_85_gripper_visualization' build argument 'cmake_target_skip_unavailable' from command line to 'False'
[0.626s] Level 5:colcon.colcon_core.verb:set package 'robotiq_2f_85_gripper_visualization' build argument 'cmake_clean_cache' from command line to 'False'
[0.626s] Level 5:colcon.colcon_core.verb:set package 'robotiq_2f_85_gripper_visualization' build argument 'cmake_clean_first' from command line to 'False'
[0.626s] Level 5:colcon.colcon_core.verb:set package 'robotiq_2f_85_gripper_visualization' build argument 'cmake_force_configure' from command line to 'False'
[0.626s] Level 5:colcon.colcon_core.verb:set package 'robotiq_2f_85_gripper_visualization' build argument 'ament_cmake_args' from command line to 'None'
[0.626s] Level 5:colcon.colcon_core.verb:set package 'robotiq_2f_85_gripper_visualization' build argument 'catkin_cmake_args' from command line to 'None'
[0.626s] Level 5:colcon.colcon_core.verb:set package 'robotiq_2f_85_gripper_visualization' build argument 'catkin_skip_building_tests' from command line to 'False'
[0.626s] DEBUG:colcon.colcon_core.verb:Building package 'robotiq_2f_85_gripper_visualization' with the following arguments: {'ament_cmake_args': None, 'build_base': '/home/darsh/UR3_ROS2_PICK_AND_PLACE/build/robotiq_2f_85_gripper_visualization', 'catkin_cmake_args': None, 'catkin_skip_building_tests': False, 'cmake_args': None, 'cmake_clean_cache': False, 'cmake_clean_first': False, 'cmake_force_configure': False, 'cmake_target': None, 'cmake_target_skip_unavailable': False, 'install_base': '/home/darsh/UR3_ROS2_PICK_AND_PLACE/install/robotiq_2f_85_gripper_visualization', 'merge_install': False, 'path': '/home/darsh/UR3_ROS2_PICK_AND_PLACE/robotiq_2f_85_gripper_visualization', 'symlink_install': False, 'test_result_base': None}
[0.627s] Level 5:colcon.colcon_core.verb:set package 'ur_description' build argument 'cmake_args' from command line to 'None'
[0.627s] Level 5:colcon.colcon_core.verb:set package 'ur_description' build argument 'cmake_target' from command line to 'None'
[0.627s] Level 5:colcon.colcon_core.verb:set package 'ur_description' build argument 'cmake_target_skip_unavailable' from command line to 'False'
[0.627s] Level 5:colcon.colcon_core.verb:set package 'ur_description' build argument 'cmake_clean_cache' from command line to 'False'
[0.627s] Level 5:colcon.colcon_core.verb:set package 'ur_description' build argument 'cmake_clean_first' from command line to 'False'
[0.627s] Level 5:colcon.colcon_core.verb:set package 'ur_description' build argument 'cmake_force_configure' from command line to 'False'
[0.627s] Level 5:colcon.colcon_core.verb:set package 'ur_description' build argument 'ament_cmake_args' from command line to 'None'
[0.627s] Level 5:colcon.colcon_core.verb:set package 'ur_description' build argument 'catkin_cmake_args' from command line to 'None'
[0.627s] Level 5:colcon.colcon_core.verb:set package 'ur_description' build argument 'catkin_skip_building_tests' from command line to 'False'
[0.627s] DEBUG:colcon.colcon_core.verb:Building package 'ur_description' with the following arguments: {'ament_cmake_args': None, 'build_base': '/home/darsh/UR3_ROS2_PICK_AND_PLACE/build/ur_description', 'catkin_cmake_args': None, 'catkin_skip_building_tests': False, 'cmake_args': None, 'cmake_clean_cache': False, 'cmake_clean_first': False, 'cmake_force_configure': False, 'cmake_target': None, 'cmake_target_skip_unavailable': False, 'install_base': '/home/darsh/UR3_ROS2_PICK_AND_PLACE/install/ur_description', 'merge_install': False, 'path': '/home/darsh/UR3_ROS2_PICK_AND_PLACE/ur_description', 'symlink_install': False, 'test_result_base': None}
[0.627s] Level 5:colcon.colcon_core.verb:set package 'ur_gazebo' build argument 'cmake_args' from command line to 'None'
[0.627s] Level 5:colcon.colcon_core.verb:set package 'ur_gazebo' build argument 'cmake_target' from command line to 'None'
[0.627s] Level 5:colcon.colcon_core.verb:set package 'ur_gazebo' build argument 'cmake_target_skip_unavailable' from command line to 'False'
[0.627s] Level 5:colcon.colcon_core.verb:set package 'ur_gazebo' build argument 'cmake_clean_cache' from command line to 'False'
[0.628s] Level 5:colcon.colcon_core.verb:set package 'ur_gazebo' build argument 'cmake_clean_first' from command line to 'False'
[0.628s] Level 5:colcon.colcon_core.verb:set package 'ur_gazebo' build argument 'cmake_force_configure' from command line to 'False'
[0.628s] Level 5:colcon.colcon_core.verb:set package 'ur_gazebo' build argument 'ament_cmake_args' from command line to 'None'
[0.628s] Level 5:colcon.colcon_core.verb:set package 'ur_gazebo' build argument 'catkin_cmake_args' from command line to 'None'
[0.628s] Level 5:colcon.colcon_core.verb:set package 'ur_gazebo' build argument 'catkin_skip_building_tests' from command line to 'False'
[0.628s] DEBUG:colcon.colcon_core.verb:Building package 'ur_gazebo' with the following arguments: {'ament_cmake_args': None, 'build_base': '/home/darsh/UR3_ROS2_PICK_AND_PLACE/build/ur_gazebo', 'catkin_cmake_args': None, 'catkin_skip_building_tests': False, 'cmake_args': None, 'cmake_clean_cache': False, 'cmake_clean_first': False, 'cmake_force_configure': False, 'cmake_target': None, 'cmake_target_skip_unavailable': False, 'install_base': '/home/darsh/UR3_ROS2_PICK_AND_PLACE/install/ur_gazebo', 'merge_install': False, 'path': '/home/darsh/UR3_ROS2_PICK_AND_PLACE/ur_gazebo', 'symlink_install': False, 'test_result_base': None}
[0.628s] Level 5:colcon.colcon_core.verb:set package 'ur_interfaces' build argument 'cmake_args' from command line to 'None'
[0.628s] Level 5:colcon.colcon_core.verb:set package 'ur_interfaces' build argument 'cmake_target' from command line to 'None'
[0.628s] Level 5:colcon.colcon_core.verb:set package 'ur_interfaces' build argument 'cmake_target_skip_unavailable' from command line to 'False'
[0.628s] Level 5:colcon.colcon_core.verb:set package 'ur_interfaces' build argument 'cmake_clean_cache' from command line to 'False'
[0.628s] Level 5:colcon.colcon_core.verb:set package 'ur_interfaces' build argument 'cmake_clean_first' from command line to 'False'
[0.628s] Level 5:colcon.colcon_core.verb:set package 'ur_interfaces' build argument 'cmake_force_configure' from command line to 'False'
[0.628s] Level 5:colcon.colcon_core.verb:set package 'ur_interfaces' build argument 'ament_cmake_args' from command line to 'None'
[0.628s] Level 5:colcon.colcon_core.verb:set package 'ur_interfaces' build argument 'catkin_cmake_args' from command line to 'None'
[0.628s] Level 5:colcon.colcon_core.verb:set package 'ur_interfaces' build argument 'catkin_skip_building_tests' from command line to 'False'
[0.628s] DEBUG:colcon.colcon_core.verb:Building package 'ur_interfaces' with the following arguments: {'ament_cmake_args': None, 'build_base': '/home/darsh/UR3_ROS2_PICK_AND_PLACE/build/ur_interfaces', 'catkin_cmake_args': None, 'catkin_skip_building_tests': False, 'cmake_args': None, 'cmake_clean_cache': False, 'cmake_clean_first': False, 'cmake_force_configure': False, 'cmake_target': None, 'cmake_target_skip_unavailable': False, 'install_base': '/home/darsh/UR3_ROS2_PICK_AND_PLACE/install/ur_interfaces', 'merge_install': False, 'path': '/home/darsh/UR3_ROS2_PICK_AND_PLACE/ur_interfaces', 'symlink_install': False, 'test_result_base': None}
[0.628s] Level 5:colcon.colcon_core.verb:set package 'ur_system_tests' build argument 'cmake_args' from command line to 'None'
[0.629s] Level 5:colcon.colcon_core.verb:set package 'ur_system_tests' build argument 'cmake_target' from command line to 'None'
[0.629s] Level 5:colcon.colcon_core.verb:set package 'ur_system_tests' build argument 'cmake_target_skip_unavailable' from command line to 'False'
[0.629s] Level 5:colcon.colcon_core.verb:set package 'ur_system_tests' build argument 'cmake_clean_cache' from command line to 'False'
[0.629s] Level 5:colcon.colcon_core.verb:set package 'ur_system_tests' build argument 'cmake_clean_first' from command line to 'False'
[0.629s] Level 5:colcon.colcon_core.verb:set package 'ur_system_tests' build argument 'cmake_force_configure' from command line to 'False'
[0.629s] Level 5:colcon.colcon_core.verb:set package 'ur_system_tests' build argument 'ament_cmake_args' from command line to 'None'
[0.629s] Level 5:colcon.colcon_core.verb:set package 'ur_system_tests' build argument 'catkin_cmake_args' from command line to 'None'
[0.629s] Level 5:colcon.colcon_core.verb:set package 'ur_system_tests' build argument 'catkin_skip_building_tests' from command line to 'False'
[0.629s] DEBUG:colcon.colcon_core.verb:Building package 'ur_system_tests' with the following arguments: {'ament_cmake_args': None, 'build_base': '/home/darsh/UR3_ROS2_PICK_AND_PLACE/build/ur_system_tests', 'catkin_cmake_args': None, 'catkin_skip_building_tests': False, 'cmake_args': None, 'cmake_clean_cache': False, 'cmake_clean_first': False, 'cmake_force_configure': False, 'cmake_target': None, 'cmake_target_skip_unavailable': False, 'install_base': '/home/darsh/UR3_ROS2_PICK_AND_PLACE/install/ur_system_tests', 'merge_install': False, 'path': '/home/darsh/UR3_ROS2_PICK_AND_PLACE/ur_system_tests', 'symlink_install': False, 'test_result_base': None}
[0.629s] Level 5:colcon.colcon_core.verb:set package 'moveit_config' build argument 'cmake_args' from command line to 'None'
[0.629s] Level 5:colcon.colcon_core.verb:set package 'moveit_config' build argument 'cmake_target' from command line to 'None'
[0.629s] Level 5:colcon.colcon_core.verb:set package 'moveit_config' build argument 'cmake_target_skip_unavailable' from command line to 'False'
[0.629s] Level 5:colcon.colcon_core.verb:set package 'moveit_config' build argument 'cmake_clean_cache' from command line to 'False'
[0.629s] Level 5:colcon.colcon_core.verb:set package 'moveit_config' build argument 'cmake_clean_first' from command line to 'False'
[0.629s] Level 5:colcon.colcon_core.verb:set package 'moveit_config' build argument 'cmake_force_configure' from command line to 'False'
[0.629s] Level 5:colcon.colcon_core.verb:set package 'moveit_config' build argument 'ament_cmake_args' from command line to 'None'
[0.629s] Level 5:colcon.colcon_core.verb:set package 'moveit_config' build argument 'catkin_cmake_args' from command line to 'None'
[0.629s] Level 5:colcon.colcon_core.verb:set package 'moveit_config' build argument 'catkin_skip_building_tests' from command line to 'False'
[0.629s] DEBUG:colcon.colcon_core.verb:Building package 'moveit_config' with the following arguments: {'ament_cmake_args': None, 'build_base': '/home/darsh/UR3_ROS2_PICK_AND_PLACE/build/moveit_config', 'catkin_cmake_args': None, 'catkin_skip_building_tests': False, 'cmake_args': None, 'cmake_clean_cache': False, 'cmake_clean_first': False, 'cmake_force_configure': False, 'cmake_target': None, 'cmake_target_skip_unavailable': False, 'install_base': '/home/darsh/UR3_ROS2_PICK_AND_PLACE/install/moveit_config', 'merge_install': False, 'path': '/home/darsh/UR3_ROS2_PICK_AND_PLACE/moveit_config', 'symlink_install': False, 'test_result_base': None}
[0.630s] Level 5:colcon.colcon_core.verb:set package 'movit_config' build argument 'cmake_args' from command line to 'None'
[0.630s] Level 5:colcon.colcon_core.verb:set package 'movit_config' build argument 'cmake_target' from command line to 'None'
[0.630s] Level 5:colcon.colcon_core.verb:set package 'movit_config' build argument 'cmake_target_skip_unavailable' from command line to 'False'
[0.630s] Level 5:colcon.colcon_core.verb:set package 'movit_config' build argument 'cmake_clean_cache' from command line to 'False'
[0.630s] Level 5:colcon.colcon_core.verb:set package 'movit_config' build argument 'cmake_clean_first' from command line to 'False'
[0.630s] Level 5:colcon.colcon_core.verb:set package 'movit_config' build argument 'cmake_force_configure' from command line to 'False'
[0.630s] Level 5:colcon.colcon_core.verb:set package 'movit_config' build argument 'ament_cmake_args' from command line to 'None'
[0.630s] Level 5:colcon.colcon_core.verb:set package 'movit_config' build argument 'catkin_cmake_args' from command line to 'None'
[0.630s] Level 5:colcon.colcon_core.verb:set package 'movit_config' build argument 'catkin_skip_building_tests' from command line to 'False'
[0.630s] DEBUG:colcon.colcon_core.verb:Building package 'movit_config' with the following arguments: {'ament_cmake_args': None, 'build_base': '/home/darsh/UR3_ROS2_PICK_AND_PLACE/build/movit_config', 'catkin_cmake_args': None, 'catkin_skip_building_tests': False, 'cmake_args': None, 'cmake_clean_cache': False, 'cmake_clean_first': False, 'cmake_force_configure': False, 'cmake_target': None, 'cmake_target_skip_unavailable': False, 'install_base': '/home/darsh/UR3_ROS2_PICK_AND_PLACE/install/movit_config', 'merge_install': False, 'path': '/home/darsh/UR3_ROS2_PICK_AND_PLACE/movit_config', 'symlink_install': False, 'test_result_base': None}
[0.630s] INFO:colcon.colcon_core.executor:Executing jobs using 'parallel' executor
[0.631s] DEBUG:colcon.colcon_parallel_executor.executor.parallel:run_until_complete
[0.631s] INFO:colcon.colcon_ros.task.ament_cmake.build:Building ROS package in '/home/darsh/UR3_ROS2_PICK_AND_PLACE/ur_description' with build type 'ament_cmake'
[0.632s] INFO:colcon.colcon_cmake.task.cmake.build:Building CMake package in '/home/darsh/UR3_ROS2_PICK_AND_PLACE/ur_description'
[0.641s] INFO:colcon.colcon_core.plugin_system:Skipping extension 'colcon_core.shell.bat': Not used on non-Windows systems
[0.641s] INFO:colcon.colcon_core.shell:Skip shell extension 'powershell' for command environment: Not usable outside of PowerShell
[0.641s] DEBUG:colcon.colcon_core.shell:Skip shell extension 'dsv' for command environment
[0.645s] INFO:colcon.colcon_ros.task.ament_cmake.build:Building ROS package in '/home/darsh/UR3_ROS2_PICK_AND_PLACE/robotiq_2f_85_gripper_visualization' with build type 'ament_cmake'
[0.646s] INFO:colcon.colcon_cmake.task.cmake.build:Building CMake package in '/home/darsh/UR3_ROS2_PICK_AND_PLACE/robotiq_2f_85_gripper_visualization'
[0.646s] INFO:colcon.colcon_core.shell:Skip shell extension 'powershell' for command environment: Not usable outside of PowerShell
[0.646s] DEBUG:colcon.colcon_core.shell:Skip shell extension 'dsv' for command environment
[0.650s] INFO:colcon.colcon_ros.task.ament_cmake.build:Building ROS package in '/home/darsh/UR3_ROS2_PICK_AND_PLACE/ur_gazebo' with build type 'ament_cmake'
[0.650s] INFO:colcon.colcon_cmake.task.cmake.build:Building CMake package in '/home/darsh/UR3_ROS2_PICK_AND_PLACE/ur_gazebo'
[0.650s] INFO:colcon.colcon_core.shell:Skip shell extension 'powershell' for command environment: Not usable outside of PowerShell
[0.651s] DEBUG:colcon.colcon_core.shell:Skip shell extension 'dsv' for command environment
[0.654s] INFO:colcon.colcon_ros.task.ament_cmake.build:Building ROS package in '/home/darsh/UR3_ROS2_PICK_AND_PLACE/ur_interfaces' with build type 'ament_cmake'
[0.655s] INFO:colcon.colcon_cmake.task.cmake.build:Building CMake package in '/home/darsh/UR3_ROS2_PICK_AND_PLACE/ur_interfaces'
[0.655s] INFO:colcon.colcon_core.shell:Skip shell extension 'powershell' for command environment: Not usable outside of PowerShell
[0.655s] DEBUG:colcon.colcon_core.shell:Skip shell extension 'dsv' for command environment
[0.659s] INFO:colcon.colcon_ros.task.ament_cmake.build:Building ROS package in '/home/darsh/UR3_ROS2_PICK_AND_PLACE/ur_system_tests' with build type 'ament_cmake'
[0.659s] INFO:colcon.colcon_cmake.task.cmake.build:Building CMake package in '/home/darsh/UR3_ROS2_PICK_AND_PLACE/ur_system_tests'
[0.659s] INFO:colcon.colcon_core.shell:Skip shell extension 'powershell' for command environment: Not usable outside of PowerShell
[0.660s] DEBUG:colcon.colcon_core.shell:Skip shell extension 'dsv' for command environment
[0.679s] DEBUG:colcon.colcon_core.event_handler.log_command:Invoking command in '/home/darsh/UR3_ROS2_PICK_AND_PLACE/build/ur_description': CMAKE_PREFIX_PATH=${CMAKE_PREFIX_PATH}:/opt/ros/jazzy /usr/bin/cmake --build /home/darsh/UR3_ROS2_PICK_AND_PLACE/build/ur_description -- -j16 -l16
[0.687s] DEBUG:colcon.colcon_core.event_handler.log_command:Invoking command in '/home/darsh/UR3_ROS2_PICK_AND_PLACE/build/robotiq_2f_85_gripper_visualization': CMAKE_PREFIX_PATH=${CMAKE_PREFIX_PATH}:/opt/ros/jazzy /usr/bin/cmake --build /home/darsh/UR3_ROS2_PICK_AND_PLACE/build/robotiq_2f_85_gripper_visualization -- -j16 -l16
[0.696s] DEBUG:colcon.colcon_core.event_handler.log_command:Invoking command in '/home/darsh/UR3_ROS2_PICK_AND_PLACE/build/ur_gazebo': CMAKE_PREFIX_PATH=${CMAKE_PREFIX_PATH}:/opt/ros/jazzy /usr/bin/cmake --build /home/darsh/UR3_ROS2_PICK_AND_PLACE/build/ur_gazebo -- -j16 -l16
[0.702s] DEBUG:colcon.colcon_core.event_handler.log_command:Invoking command in '/home/darsh/UR3_ROS2_PICK_AND_PLACE/build/ur_interfaces': CMAKE_PREFIX_PATH=${CMAKE_PREFIX_PATH}:/opt/ros/jazzy /usr/bin/cmake --build /home/darsh/UR3_ROS2_PICK_AND_PLACE/build/ur_interfaces -- -j16 -l16
[0.714s] DEBUG:colcon.colcon_core.event_handler.log_command:Invoking command in '/home/darsh/UR3_ROS2_PICK_AND_PLACE/build/ur_system_tests': CMAKE_PREFIX_PATH=${CMAKE_PREFIX_PATH}:/opt/ros/jazzy /usr/bin/cmake --build /home/darsh/UR3_ROS2_PICK_AND_PLACE/build/ur_system_tests -- -j16 -l16
[0.846s] DEBUG:colcon.colcon_core.event_handler.log_command:Invoked command in '/home/darsh/UR3_ROS2_PICK_AND_PLACE/build/ur_interfaces' returned '0': CMAKE_PREFIX_PATH=${CMAKE_PREFIX_PATH}:/opt/ros/jazzy /usr/bin/cmake --build /home/darsh/UR3_ROS2_PICK_AND_PLACE/build/ur_interfaces -- -j16 -l16
[0.859s] DEBUG:colcon.colcon_core.event_handler.log_command:Invoking command in '/home/darsh/UR3_ROS2_PICK_AND_PLACE/build/ur_interfaces': CMAKE_PREFIX_PATH=${CMAKE_PREFIX_PATH}:/opt/ros/jazzy /usr/bin/cmake --install /home/darsh/UR3_ROS2_PICK_AND_PLACE/build/ur_interfaces
[0.863s] DEBUG:colcon.colcon_core.event_handler.log_command:Invoked command in '/home/darsh/UR3_ROS2_PICK_AND_PLACE/build/ur_gazebo' returned '0': CMAKE_PREFIX_PATH=${CMAKE_PREFIX_PATH}:/opt/ros/jazzy /usr/bin/cmake --build /home/darsh/UR3_ROS2_PICK_AND_PLACE/build/ur_gazebo -- -j16 -l16
[0.866s] DEBUG:colcon.colcon_core.event_handler.log_command:Invoking command in '/home/darsh/UR3_ROS2_PICK_AND_PLACE/build/ur_gazebo': CMAKE_PREFIX_PATH=${CMAKE_PREFIX_PATH}:/opt/ros/jazzy /usr/bin/cmake --install /home/darsh/UR3_ROS2_PICK_AND_PLACE/build/ur_gazebo
[0.868s] DEBUG:colcon.colcon_core.event_handler.log_command:Invoked command in '/home/darsh/UR3_ROS2_PICK_AND_PLACE/build/robotiq_2f_85_gripper_visualization' returned '0': CMAKE_PREFIX_PATH=${CMAKE_PREFIX_PATH}:/opt/ros/jazzy /usr/bin/cmake --build /home/darsh/UR3_ROS2_PICK_AND_PLACE/build/robotiq_2f_85_gripper_visualization -- -j16 -l16
[0.870s] DEBUG:colcon.colcon_core.event_handler.log_command:Invoking command in '/home/darsh/UR3_ROS2_PICK_AND_PLACE/build/robotiq_2f_85_gripper_visualization': CMAKE_PREFIX_PATH=${CMAKE_PREFIX_PATH}:/opt/ros/jazzy /usr/bin/cmake --install /home/darsh/UR3_ROS2_PICK_AND_PLACE/build/robotiq_2f_85_gripper_visualization
[0.872s] DEBUG:colcon.colcon_core.event_handler.log_command:Invoked command in '/home/darsh/UR3_ROS2_PICK_AND_PLACE/build/ur_description' returned '0': CMAKE_PREFIX_PATH=${CMAKE_PREFIX_PATH}:/opt/ros/jazzy /usr/bin/cmake --build /home/darsh/UR3_ROS2_PICK_AND_PLACE/build/ur_description -- -j16 -l16
[0.897s] Level 1:colcon.colcon_core.environment:create_environment_scripts_only(ur_interfaces)
[0.942s] DEBUG:colcon.colcon_core.event_handler.log_command:Invoking command in '/home/darsh/UR3_ROS2_PICK_AND_PLACE/build/ur_description': CMAKE_PREFIX_PATH=${CMAKE_PREFIX_PATH}:/opt/ros/jazzy /usr/bin/cmake --install /home/darsh/UR3_ROS2_PICK_AND_PLACE/build/ur_description
[0.953s] Level 1:colcon.colcon_core.environment:checking '/home/darsh/UR3_ROS2_PICK_AND_PLACE/install/ur_interfaces' for CMake module files
[0.958s] Level 1:colcon.colcon_core.environment:checking '/home/darsh/UR3_ROS2_PICK_AND_PLACE/install/ur_interfaces' for CMake config files
[0.967s] Level 1:colcon.colcon_core.shell:create_environment_hook('ur_interfaces', 'cmake_prefix_path')
[0.967s] INFO:colcon.colcon_core.shell:Creating environment hook '/home/darsh/UR3_ROS2_PICK_AND_PLACE/install/ur_interfaces/share/ur_interfaces/hook/cmake_prefix_path.ps1'
[0.971s] INFO:colcon.colcon_core.shell:Creating environment descriptor '/home/darsh/UR3_ROS2_PICK_AND_PLACE/install/ur_interfaces/share/ur_interfaces/hook/cmake_prefix_path.dsv'
[0.977s] INFO:colcon.colcon_core.shell:Creating environment hook '/home/darsh/UR3_ROS2_PICK_AND_PLACE/install/ur_interfaces/share/ur_interfaces/hook/cmake_prefix_path.sh'
[0.979s] Level 1:colcon.colcon_core.environment:checking '/home/darsh/UR3_ROS2_PICK_AND_PLACE/install/ur_interfaces/bin'
[0.980s] Level 1:colcon.colcon_core.environment:checking '/home/darsh/UR3_ROS2_PICK_AND_PLACE/install/ur_interfaces/lib/pkgconfig/ur_interfaces.pc'
[0.980s] Level 1:colcon.colcon_core.environment:checking '/home/darsh/UR3_ROS2_PICK_AND_PLACE/install/ur_interfaces/lib/python3.12/site-packages'
[0.980s] Level 1:colcon.colcon_core.environment:checking '/home/darsh/UR3_ROS2_PICK_AND_PLACE/install/ur_interfaces/bin'
[0.981s] INFO:colcon.colcon_core.shell:Creating package script '/home/darsh/UR3_ROS2_PICK_AND_PLACE/install/ur_interfaces/share/ur_interfaces/package.ps1'
[0.985s] INFO:colcon.colcon_core.shell:Creating package descriptor '/home/darsh/UR3_ROS2_PICK_AND_PLACE/install/ur_interfaces/share/ur_interfaces/package.dsv'
[0.987s] INFO:colcon.colcon_core.shell:Creating package script '/home/darsh/UR3_ROS2_PICK_AND_PLACE/install/ur_interfaces/share/ur_interfaces/package.sh'
[0.993s] INFO:colcon.colcon_core.shell:Creating package script '/home/darsh/UR3_ROS2_PICK_AND_PLACE/install/ur_interfaces/share/ur_interfaces/package.bash'
[1.000s] INFO:colcon.colcon_core.shell:Creating package script '/home/darsh/UR3_ROS2_PICK_AND_PLACE/install/ur_interfaces/share/ur_interfaces/package.zsh'
[1.006s] Level 1:colcon.colcon_core.environment:create_file_with_runtime_dependencies(/home/darsh/UR3_ROS2_PICK_AND_PLACE/install/ur_interfaces/share/colcon-core/packages/ur_interfaces)
[1.007s] Level 1:colcon.colcon_core.environment:create_environment_scripts_only(ur_interfaces)
[1.007s] Level 1:colcon.colcon_core.environment:checking '/home/darsh/UR3_ROS2_PICK_AND_PLACE/install/ur_interfaces' for CMake module files
[1.010s] Level 1:colcon.colcon_core.environment:checking '/home/darsh/UR3_ROS2_PICK_AND_PLACE/install/ur_interfaces' for CMake config files
[1.016s] Level 1:colcon.colcon_core.shell:create_environment_hook('ur_interfaces', 'cmake_prefix_path')
[1.017s] INFO:colcon.colcon_core.shell:Creating environment hook '/home/darsh/UR3_ROS2_PICK_AND_PLACE/install/ur_interfaces/share/ur_interfaces/hook/cmake_prefix_path.ps1'
[1.018s] INFO:colcon.colcon_core.shell:Creating environment descriptor '/home/darsh/UR3_ROS2_PICK_AND_PLACE/install/ur_interfaces/share/ur_interfaces/hook/cmake_prefix_path.dsv'
[1.020s] INFO:colcon.colcon_core.shell:Creating environment hook '/home/darsh/UR3_ROS2_PICK_AND_PLACE/install/ur_interfaces/share/ur_interfaces/hook/cmake_prefix_path.sh'
[1.024s] DEBUG:colcon.colcon_core.event_handler.log_command:Invoked command in '/home/darsh/UR3_ROS2_PICK_AND_PLACE/build/ur_interfaces' returned '0': CMAKE_PREFIX_PATH=${CMAKE_PREFIX_PATH}:/opt/ros/jazzy /usr/bin/cmake --install /home/darsh/UR3_ROS2_PICK_AND_PLACE/build/ur_interfaces
[1.026s] Level 1:colcon.colcon_core.environment:checking '/home/darsh/UR3_ROS2_PICK_AND_PLACE/install/ur_interfaces/bin'
[1.026s] Level 1:colcon.colcon_core.environment:checking '/home/darsh/UR3_ROS2_PICK_AND_PLACE/install/ur_interfaces/lib/pkgconfig/ur_interfaces.pc'
[1.026s] Level 1:colcon.colcon_core.environment:checking '/home/darsh/UR3_ROS2_PICK_AND_PLACE/install/ur_interfaces/lib/python3.12/site-packages'
[1.027s] Level 1:colcon.colcon_core.environment:checking '/home/darsh/UR3_ROS2_PICK_AND_PLACE/install/ur_interfaces/bin'
[1.027s] INFO:colcon.colcon_core.shell:Creating package script '/home/darsh/UR3_ROS2_PICK_AND_PLACE/install/ur_interfaces/share/ur_interfaces/package.ps1'
[1.029s] INFO:colcon.colcon_core.shell:Creating package descriptor '/home/darsh/UR3_ROS2_PICK_AND_PLACE/install/ur_interfaces/share/ur_interfaces/package.dsv'
[1.030s] INFO:colcon.colcon_core.shell:Creating package script '/home/darsh/UR3_ROS2_PICK_AND_PLACE/install/ur_interfaces/share/ur_interfaces/package.sh'
[1.032s] INFO:colcon.colcon_core.shell:Creating package script '/home/darsh/UR3_ROS2_PICK_AND_PLACE/install/ur_interfaces/share/ur_interfaces/package.bash'
[1.032s] INFO:colcon.colcon_core.shell:Creating package script '/home/darsh/UR3_ROS2_PICK_AND_PLACE/install/ur_interfaces/share/ur_interfaces/package.zsh'
[1.034s] Level 1:colcon.colcon_core.environment:create_file_with_runtime_dependencies(/home/darsh/UR3_ROS2_PICK_AND_PLACE/install/ur_interfaces/share/colcon-core/packages/ur_interfaces)
[1.038s] Level 1:colcon.colcon_core.environment:create_environment_scripts_only(robotiq_2f_85_gripper_visualization)
[1.038s] Level 1:colcon.colcon_core.environment:checking '/home/darsh/UR3_ROS2_PICK_AND_PLACE/install/robotiq_2f_85_gripper_visualization' for CMake module files
[1.042s] Level 1:colcon.colcon_core.environment:checking '/home/darsh/UR3_ROS2_PICK_AND_PLACE/install/robotiq_2f_85_gripper_visualization' for CMake config files
[1.060s] Level 1:colcon.colcon_core.shell:create_environment_hook('robotiq_2f_85_gripper_visualization', 'cmake_prefix_path')
[1.060s] INFO:colcon.colcon_core.shell:Creating environment hook '/home/darsh/UR3_ROS2_PICK_AND_PLACE/install/robotiq_2f_85_gripper_visualization/share/robotiq_2f_85_gripper_visualization/hook/cmake_prefix_path.ps1'
[1.062s] INFO:colcon.colcon_core.shell:Creating environment descriptor '/home/darsh/UR3_ROS2_PICK_AND_PLACE/install/robotiq_2f_85_gripper_visualization/share/robotiq_2f_85_gripper_visualization/hook/cmake_prefix_path.dsv'
[1.065s] INFO:colcon.colcon_core.shell:Creating environment hook '/home/darsh/UR3_ROS2_PICK_AND_PLACE/install/robotiq_2f_85_gripper_visualization/share/robotiq_2f_85_gripper_visualization/hook/cmake_prefix_path.sh'
[1.068s] Level 1:colcon.colcon_core.environment:checking '/home/darsh/UR3_ROS2_PICK_AND_PLACE/install/robotiq_2f_85_gripper_visualization/bin'
[1.068s] Level 1:colcon.colcon_core.environment:checking '/home/darsh/UR3_ROS2_PICK_AND_PLACE/install/robotiq_2f_85_gripper_visualization/lib/pkgconfig/robotiq_2f_85_gripper_visualization.pc'
[1.068s] Level 1:colcon.colcon_core.environment:checking '/home/darsh/UR3_ROS2_PICK_AND_PLACE/install/robotiq_2f_85_gripper_visualization/lib/python3.12/site-packages'
[1.069s] Level 1:colcon.colcon_core.environment:checking '/home/darsh/UR3_ROS2_PICK_AND_PLACE/install/robotiq_2f_85_gripper_visualization/bin'
[1.069s] INFO:colcon.colcon_core.shell:Creating package script '/home/darsh/UR3_ROS2_PICK_AND_PLACE/install/robotiq_2f_85_gripper_visualization/share/robotiq_2f_85_gripper_visualization/package.ps1'
[1.070s] INFO:colcon.colcon_core.shell:Creating package descriptor '/home/darsh/UR3_ROS2_PICK_AND_PLACE/install/robotiq_2f_85_gripper_visualization/share/robotiq_2f_85_gripper_visualization/package.dsv'
[1.072s] INFO:colcon.colcon_core.shell:Creating package script '/home/darsh/UR3_ROS2_PICK_AND_PLACE/install/robotiq_2f_85_gripper_visualization/share/robotiq_2f_85_gripper_visualization/package.sh'
[1.076s] INFO:colcon.colcon_core.shell:Creating package script '/home/darsh/UR3_ROS2_PICK_AND_PLACE/install/robotiq_2f_85_gripper_visualization/share/robotiq_2f_85_gripper_visualization/package.bash'
[1.077s] INFO:colcon.colcon_core.shell:Creating package script '/home/darsh/UR3_ROS2_PICK_AND_PLACE/install/robotiq_2f_85_gripper_visualization/share/robotiq_2f_85_gripper_visualization/package.zsh'
[1.079s] Level 1:colcon.colcon_core.environment:create_file_with_runtime_dependencies(/home/darsh/UR3_ROS2_PICK_AND_PLACE/install/robotiq_2f_85_gripper_visualization/share/colcon-core/packages/robotiq_2f_85_gripper_visualization)
[1.080s] Level 1:colcon.colcon_core.environment:create_environment_scripts_only(robotiq_2f_85_gripper_visualization)
[1.080s] Level 1:colcon.colcon_core.environment:checking '/home/darsh/UR3_ROS2_PICK_AND_PLACE/install/robotiq_2f_85_gripper_visualization' for CMake module files
[1.084s] Level 1:colcon.colcon_core.environment:checking '/home/darsh/UR3_ROS2_PICK_AND_PLACE/install/robotiq_2f_85_gripper_visualization' for CMake config files
[1.110s] Level 1:colcon.colcon_core.shell:create_environment_hook('robotiq_2f_85_gripper_visualization', 'cmake_prefix_path')
[1.110s] INFO:colcon.colcon_core.shell:Creating environment hook '/home/darsh/UR3_ROS2_PICK_AND_PLACE/install/robotiq_2f_85_gripper_visualization/share/robotiq_2f_85_gripper_visualization/hook/cmake_prefix_path.ps1'
[1.115s] INFO:colcon.colcon_core.shell:Creating environment descriptor '/home/darsh/UR3_ROS2_PICK_AND_PLACE/install/robotiq_2f_85_gripper_visualization/share/robotiq_2f_85_gripper_visualization/hook/cmake_prefix_path.dsv'
[1.116s] INFO:colcon.colcon_core.shell:Creating environment hook '/home/darsh/UR3_ROS2_PICK_AND_PLACE/install/robotiq_2f_85_gripper_visualization/share/robotiq_2f_85_gripper_visualization/hook/cmake_prefix_path.sh'
[1.117s] Level 1:colcon.colcon_core.environment:checking '/home/darsh/UR3_ROS2_PICK_AND_PLACE/install/robotiq_2f_85_gripper_visualization/bin'
[1.117s] Level 1:colcon.colcon_core.environment:checking '/home/darsh/UR3_ROS2_PICK_AND_PLACE/install/robotiq_2f_85_gripper_visualization/lib/pkgconfig/robotiq_2f_85_gripper_visualization.pc'
[1.118s] Level 1:colcon.colcon_core.environment:checking '/home/darsh/UR3_ROS2_PICK_AND_PLACE/install/robotiq_2f_85_gripper_visualization/lib/python3.12/site-packages'
[1.118s] Level 1:colcon.colcon_core.environment:checking '/home/darsh/UR3_ROS2_PICK_AND_PLACE/install/robotiq_2f_85_gripper_visualization/bin'
[1.118s] INFO:colcon.colcon_core.shell:Creating package script '/home/darsh/UR3_ROS2_PICK_AND_PLACE/install/robotiq_2f_85_gripper_visualization/share/robotiq_2f_85_gripper_visualization/package.ps1'
[1.119s] INFO:colcon.colcon_core.shell:Creating package descriptor '/home/darsh/UR3_ROS2_PICK_AND_PLACE/install/robotiq_2f_85_gripper_visualization/share/robotiq_2f_85_gripper_visualization/package.dsv'
[1.124s] INFO:colcon.colcon_core.shell:Creating package script '/home/darsh/UR3_ROS2_PICK_AND_PLACE/install/robotiq_2f_85_gripper_visualization/share/robotiq_2f_85_gripper_visualization/package.sh'
[1.124s] INFO:colcon.colcon_core.shell:Creating package script '/home/darsh/UR3_ROS2_PICK_AND_PLACE/install/robotiq_2f_85_gripper_visualization/share/robotiq_2f_85_gripper_visualization/package.bash'
[1.125s] INFO:colcon.colcon_core.shell:Creating package script '/home/darsh/UR3_ROS2_PICK_AND_PLACE/install/robotiq_2f_85_gripper_visualization/share/robotiq_2f_85_gripper_visualization/package.zsh'
[1.126s] Level 1:colcon.colcon_core.environment:create_file_with_runtime_dependencies(/home/darsh/UR3_ROS2_PICK_AND_PLACE/install/robotiq_2f_85_gripper_visualization/share/colcon-core/packages/robotiq_2f_85_gripper_visualization)
[1.135s] Level 1:colcon.colcon_core.environment:create_environment_scripts_only(ur_description)
[1.136s] Level 1:colcon.colcon_core.environment:checking '/home/darsh/UR3_ROS2_PICK_AND_PLACE/install/ur_description' for CMake module files
[1.139s] Level 1:colcon.colcon_core.environment:checking '/home/darsh/UR3_ROS2_PICK_AND_PLACE/install/ur_description' for CMake config files
[1.196s] Level 1:colcon.colcon_core.shell:create_environment_hook('ur_description', 'cmake_prefix_path')
[1.196s] INFO:colcon.colcon_core.shell:Creating environment hook '/home/darsh/UR3_ROS2_PICK_AND_PLACE/install/ur_description/share/ur_description/hook/cmake_prefix_path.ps1'
[1.197s] INFO:colcon.colcon_core.shell:Creating environment descriptor '/home/darsh/UR3_ROS2_PICK_AND_PLACE/install/ur_description/share/ur_description/hook/cmake_prefix_path.dsv'
[1.200s] INFO:colcon.colcon_core.shell:Creating environment hook '/home/darsh/UR3_ROS2_PICK_AND_PLACE/install/ur_description/share/ur_description/hook/cmake_prefix_path.sh'
[1.204s] Level 1:colcon.colcon_core.environment:checking '/home/darsh/UR3_ROS2_PICK_AND_PLACE/install/ur_description/bin'
[1.205s] Level 1:colcon.colcon_core.environment:checking '/home/darsh/UR3_ROS2_PICK_AND_PLACE/install/ur_description/lib/pkgconfig/ur_description.pc'
[1.205s] Level 1:colcon.colcon_core.environment:checking '/home/darsh/UR3_ROS2_PICK_AND_PLACE/install/ur_description/lib/python3.12/site-packages'
[1.205s] Level 1:colcon.colcon_core.environment:checking '/home/darsh/UR3_ROS2_PICK_AND_PLACE/install/ur_description/bin'
[1.205s] INFO:colcon.colcon_core.shell:Creating package script '/home/darsh/UR3_ROS2_PICK_AND_PLACE/install/ur_description/share/ur_description/package.ps1'
[1.206s] INFO:colcon.colcon_core.shell:Creating package descriptor '/home/darsh/UR3_ROS2_PICK_AND_PLACE/install/ur_description/share/ur_description/package.dsv'
[1.207s] DEBUG:colcon.colcon_core.event_handler.log_command:Invoked command in '/home/darsh/UR3_ROS2_PICK_AND_PLACE/build/robotiq_2f_85_gripper_visualization' returned '0': CMAKE_PREFIX_PATH=${CMAKE_PREFIX_PATH}:/opt/ros/jazzy /usr/bin/cmake --install /home/darsh/UR3_ROS2_PICK_AND_PLACE/build/robotiq_2f_85_gripper_visualization
[1.207s] INFO:colcon.colcon_core.shell:Creating package script '/home/darsh/UR3_ROS2_PICK_AND_PLACE/install/ur_description/share/ur_description/package.sh'
[1.208s] INFO:colcon.colcon_core.shell:Creating package script '/home/darsh/UR3_ROS2_PICK_AND_PLACE/install/ur_description/share/ur_description/package.bash'
[1.209s] DEBUG:colcon.colcon_core.event_handler.log_command:Invoked command in '/home/darsh/UR3_ROS2_PICK_AND_PLACE/build/ur_system_tests' returned '0': CMAKE_PREFIX_PATH=${CMAKE_PREFIX_PATH}:/opt/ros/jazzy /usr/bin/cmake --build /home/darsh/UR3_ROS2_PICK_AND_PLACE/build/ur_system_tests -- -j16 -l16
[1.209s] INFO:colcon.colcon_core.shell:Creating package script '/home/darsh/UR3_ROS2_PICK_AND_PLACE/install/ur_description/share/ur_description/package.zsh'
[1.210s] DEBUG:colcon.colcon_core.event_handler.log_command:Invoking command in '/home/darsh/UR3_ROS2_PICK_AND_PLACE/build/ur_system_tests': CMAKE_PREFIX_PATH=${CMAKE_PREFIX_PATH}:/opt/ros/jazzy /usr/bin/cmake --install /home/darsh/UR3_ROS2_PICK_AND_PLACE/build/ur_system_tests
[1.210s] DEBUG:colcon.colcon_core.event_handler.log_command:Invoked command in '/home/darsh/UR3_ROS2_PICK_AND_PLACE/build/ur_description' returned '0': CMAKE_PREFIX_PATH=${CMAKE_PREFIX_PATH}:/opt/ros/jazzy /usr/bin/cmake --install /home/darsh/UR3_ROS2_PICK_AND_PLACE/build/ur_description
[1.215s] Level 1:colcon.colcon_core.environment:create_file_with_runtime_dependencies(/home/darsh/UR3_ROS2_PICK_AND_PLACE/install/ur_description/share/colcon-core/packages/ur_description)
[1.218s] Level 1:colcon.colcon_core.environment:create_environment_scripts_only(ur_description)
[1.218s] Level 1:colcon.colcon_core.environment:checking '/home/darsh/UR3_ROS2_PICK_AND_PLACE/install/ur_description' for CMake module files
[1.220s] Level 1:colcon.colcon_core.environment:checking '/home/darsh/UR3_ROS2_PICK_AND_PLACE/install/ur_description' for CMake config files
[1.227s] Level 1:colcon.colcon_core.shell:create_environment_hook('ur_description', 'cmake_prefix_path')
[1.227s] INFO:colcon.colcon_core.shell:Creating environment hook '/home/darsh/UR3_ROS2_PICK_AND_PLACE/install/ur_description/share/ur_description/hook/cmake_prefix_path.ps1'
[1.227s] INFO:colcon.colcon_core.shell:Creating environment descriptor '/home/darsh/UR3_ROS2_PICK_AND_PLACE/install/ur_description/share/ur_description/hook/cmake_prefix_path.dsv'
[1.228s] INFO:colcon.colcon_core.shell:Creating environment hook '/home/darsh/UR3_ROS2_PICK_AND_PLACE/install/ur_description/share/ur_description/hook/cmake_prefix_path.sh'
[1.228s] Level 1:colcon.colcon_core.environment:checking '/home/darsh/UR3_ROS2_PICK_AND_PLACE/install/ur_description/bin'
[1.229s] Level 1:colcon.colcon_core.environment:checking '/home/darsh/UR3_ROS2_PICK_AND_PLACE/install/ur_description/lib/pkgconfig/ur_description.pc'
[1.229s] Level 1:colcon.colcon_core.environment:checking '/home/darsh/UR3_ROS2_PICK_AND_PLACE/install/ur_description/lib/python3.12/site-packages'
[1.229s] Level 1:colcon.colcon_core.environment:checking '/home/darsh/UR3_ROS2_PICK_AND_PLACE/install/ur_description/bin'
[1.229s] INFO:colcon.colcon_core.shell:Creating package script '/home/darsh/UR3_ROS2_PICK_AND_PLACE/install/ur_description/share/ur_description/package.ps1'
[1.230s] INFO:colcon.colcon_core.shell:Creating package descriptor '/home/darsh/UR3_ROS2_PICK_AND_PLACE/install/ur_description/share/ur_description/package.dsv'
[1.230s] INFO:colcon.colcon_core.shell:Creating package script '/home/darsh/UR3_ROS2_PICK_AND_PLACE/install/ur_description/share/ur_description/package.sh'
[1.231s] INFO:colcon.colcon_core.shell:Creating package script '/home/darsh/UR3_ROS2_PICK_AND_PLACE/install/ur_description/share/ur_description/package.bash'
[1.231s] INFO:colcon.colcon_core.shell:Creating package script '/home/darsh/UR3_ROS2_PICK_AND_PLACE/install/ur_description/share/ur_description/package.zsh'
[1.232s] Level 1:colcon.colcon_core.environment:create_file_with_runtime_dependencies(/home/darsh/UR3_ROS2_PICK_AND_PLACE/install/ur_description/share/colcon-core/packages/ur_description)
[1.233s] Level 1:colcon.colcon_core.environment:create_environment_scripts_only(ur_gazebo)
[1.233s] Level 1:colcon.colcon_core.environment:checking '/home/darsh/UR3_ROS2_PICK_AND_PLACE/install/ur_gazebo' for CMake module files
[1.234s] Level 1:colcon.colcon_core.environment:checking '/home/darsh/UR3_ROS2_PICK_AND_PLACE/install/ur_gazebo' for CMake config files
[1.235s] DEBUG:colcon.colcon_core.event_handler.log_command:Invoked command in '/home/darsh/UR3_ROS2_PICK_AND_PLACE/build/ur_gazebo' returned '0': CMAKE_PREFIX_PATH=${CMAKE_PREFIX_PATH}:/opt/ros/jazzy /usr/bin/cmake --install /home/darsh/UR3_ROS2_PICK_AND_PLACE/build/ur_gazebo
[1.235s] Level 1:colcon.colcon_core.shell:create_environment_hook('ur_gazebo', 'cmake_prefix_path')
[1.235s] INFO:colcon.colcon_core.shell:Creating environment hook '/home/darsh/UR3_ROS2_PICK_AND_PLACE/install/ur_gazebo/share/ur_gazebo/hook/cmake_prefix_path.ps1'
[1.236s] INFO:colcon.colcon_core.shell:Creating environment descriptor '/home/darsh/UR3_ROS2_PICK_AND_PLACE/install/ur_gazebo/share/ur_gazebo/hook/cmake_prefix_path.dsv'
[1.236s] INFO:colcon.colcon_core.shell:Creating environment hook '/home/darsh/UR3_ROS2_PICK_AND_PLACE/install/ur_gazebo/share/ur_gazebo/hook/cmake_prefix_path.sh'
[1.237s] Level 1:colcon.colcon_core.environment:checking '/home/darsh/UR3_ROS2_PICK_AND_PLACE/install/ur_gazebo/bin'
[1.237s] Level 1:colcon.colcon_core.environment:checking '/home/darsh/UR3_ROS2_PICK_AND_PLACE/install/ur_gazebo/lib/pkgconfig/ur_gazebo.pc'
[1.237s] Level 1:colcon.colcon_core.environment:checking '/home/darsh/UR3_ROS2_PICK_AND_PLACE/install/ur_gazebo/lib/python3.12/site-packages'
[1.238s] Level 1:colcon.colcon_core.environment:checking '/home/darsh/UR3_ROS2_PICK_AND_PLACE/install/ur_gazebo/bin'
[1.238s] INFO:colcon.colcon_core.shell:Creating package script '/home/darsh/UR3_ROS2_PICK_AND_PLACE/install/ur_gazebo/share/ur_gazebo/package.ps1'
[1.238s] INFO:colcon.colcon_core.shell:Creating package descriptor '/home/darsh/UR3_ROS2_PICK_AND_PLACE/install/ur_gazebo/share/ur_gazebo/package.dsv'
[1.239s] INFO:colcon.colcon_core.shell:Creating package script '/home/darsh/UR3_ROS2_PICK_AND_PLACE/install/ur_gazebo/share/ur_gazebo/package.sh'
[1.239s] INFO:colcon.colcon_core.shell:Creating package script '/home/darsh/UR3_ROS2_PICK_AND_PLACE/install/ur_gazebo/share/ur_gazebo/package.bash'
[1.239s] INFO:colcon.colcon_core.shell:Creating package script '/home/darsh/UR3_ROS2_PICK_AND_PLACE/install/ur_gazebo/share/ur_gazebo/package.zsh'
[1.240s] Level 1:colcon.colcon_core.environment:create_file_with_runtime_dependencies(/home/darsh/UR3_ROS2_PICK_AND_PLACE/install/ur_gazebo/share/colcon-core/packages/ur_gazebo)
[1.240s] Level 1:colcon.colcon_core.environment:create_environment_scripts_only(ur_gazebo)
[1.240s] Level 1:colcon.colcon_core.environment:checking '/home/darsh/UR3_ROS2_PICK_AND_PLACE/install/ur_gazebo' for CMake module files
[1.241s] Level 1:colcon.colcon_core.environment:checking '/home/darsh/UR3_ROS2_PICK_AND_PLACE/install/ur_gazebo' for CMake config files
[1.241s] Level 1:colcon.colcon_core.shell:create_environment_hook('ur_gazebo', 'cmake_prefix_path')
[1.241s] INFO:colcon.colcon_core.shell:Creating environment hook '/home/darsh/UR3_ROS2_PICK_AND_PLACE/install/ur_gazebo/share/ur_gazebo/hook/cmake_prefix_path.ps1'
[1.242s] INFO:colcon.colcon_core.shell:Creating environment descriptor '/home/darsh/UR3_ROS2_PICK_AND_PLACE/install/ur_gazebo/share/ur_gazebo/hook/cmake_prefix_path.dsv'
[1.242s] INFO:colcon.colcon_core.shell:Creating environment hook '/home/darsh/UR3_ROS2_PICK_AND_PLACE/install/ur_gazebo/share/ur_gazebo/hook/cmake_prefix_path.sh'
[1.243s] Level 1:colcon.colcon_core.environment:checking '/home/darsh/UR3_ROS2_PICK_AND_PLACE/install/ur_gazebo/bin'
[1.243s] Level 1:colcon.colcon_core.environment:checking '/home/darsh/UR3_ROS2_PICK_AND_PLACE/install/ur_gazebo/lib/pkgconfig/ur_gazebo.pc'
[1.243s] Level 1:colcon.colcon_core.environment:checking '/home/darsh/UR3_ROS2_PICK_AND_PLACE/install/ur_gazebo/lib/python3.12/site-packages'
[1.243s] Level 1:colcon.colcon_core.environment:checking '/home/darsh/UR3_ROS2_PICK_AND_PLACE/install/ur_gazebo/bin'
[1.244s] INFO:colcon.colcon_core.shell:Creating package script '/home/darsh/UR3_ROS2_PICK_AND_PLACE/install/ur_gazebo/share/ur_gazebo/package.ps1'
[1.244s] INFO:colcon.colcon_core.shell:Creating package descriptor '/home/darsh/UR3_ROS2_PICK_AND_PLACE/install/ur_gazebo/share/ur_gazebo/package.dsv'
[1.245s] INFO:colcon.colcon_core.shell:Creating package script '/home/darsh/UR3_ROS2_PICK_AND_PLACE/install/ur_gazebo/share/ur_gazebo/package.sh'
[1.245s] INFO:colcon.colcon_core.shell:Creating package script '/home/darsh/UR3_ROS2_PICK_AND_PLACE/install/ur_gazebo/share/ur_gazebo/package.bash'
[1.246s] INFO:colcon.colcon_core.shell:Creating package script '/home/darsh/UR3_ROS2_PICK_AND_PLACE/install/ur_gazebo/share/ur_gazebo/package.zsh'
[1.246s] Level 1:colcon.colcon_core.environment:create_file_with_runtime_dependencies(/home/darsh/UR3_ROS2_PICK_AND_PLACE/install/ur_gazebo/share/colcon-core/packages/ur_gazebo)
[1.247s] INFO:colcon.colcon_ros.task.ament_cmake.build:Building ROS package in '/home/darsh/UR3_ROS2_PICK_AND_PLACE/moveit_config' with build type 'ament_cmake'
[1.247s] INFO:colcon.colcon_cmake.task.cmake.build:Building CMake package in '/home/darsh/UR3_ROS2_PICK_AND_PLACE/moveit_config'
[1.247s] INFO:colcon.colcon_core.shell:Skip shell extension 'powershell' for command environment: Not usable outside of PowerShell
[1.247s] DEBUG:colcon.colcon_core.shell:Skip shell extension 'dsv' for command environment
[1.252s] INFO:colcon.colcon_ros.task.ament_cmake.build:Building ROS package in '/home/darsh/UR3_ROS2_PICK_AND_PLACE/movit_config' with build type 'ament_cmake'
[1.252s] INFO:colcon.colcon_cmake.task.cmake.build:Building CMake package in '/home/darsh/UR3_ROS2_PICK_AND_PLACE/movit_config'
[1.253s] INFO:colcon.colcon_core.shell:Skip shell extension 'powershell' for command environment: Not usable outside of PowerShell
[1.253s] DEBUG:colcon.colcon_core.shell:Skip shell extension 'dsv' for command environment
[1.259s] Level 1:colcon.colcon_core.environment:create_environment_scripts_only(ur_system_tests)
[1.259s] Level 1:colcon.colcon_core.environment:checking '/home/darsh/UR3_ROS2_PICK_AND_PLACE/install/ur_system_tests' for CMake module files
[1.260s] DEBUG:colcon.colcon_core.event_handler.log_command:Invoked command in '/home/darsh/UR3_ROS2_PICK_AND_PLACE/build/ur_system_tests' returned '0': CMAKE_PREFIX_PATH=${CMAKE_PREFIX_PATH}:/opt/ros/jazzy /usr/bin/cmake --install /home/darsh/UR3_ROS2_PICK_AND_PLACE/build/ur_system_tests
[1.261s] Level 1:colcon.colcon_core.environment:checking '/home/darsh/UR3_ROS2_PICK_AND_PLACE/install/ur_system_tests' for CMake config files
[1.261s] Level 1:colcon.colcon_core.shell:create_environment_hook('ur_system_tests', 'cmake_prefix_path')
[1.262s] INFO:colcon.colcon_core.shell:Creating environment hook '/home/darsh/UR3_ROS2_PICK_AND_PLACE/install/ur_system_tests/share/ur_system_tests/hook/cmake_prefix_path.ps1'
[1.262s] INFO:colcon.colcon_core.shell:Creating environment descriptor '/home/darsh/UR3_ROS2_PICK_AND_PLACE/install/ur_system_tests/share/ur_system_tests/hook/cmake_prefix_path.dsv'
[1.262s] INFO:colcon.colcon_core.shell:Creating environment hook '/home/darsh/UR3_ROS2_PICK_AND_PLACE/install/ur_system_tests/share/ur_system_tests/hook/cmake_prefix_path.sh'
[1.263s] Level 1:colcon.colcon_core.environment:checking '/home/darsh/UR3_ROS2_PICK_AND_PLACE/install/ur_system_tests/lib'
[1.263s] Level 1:colcon.colcon_core.environment:checking '/home/darsh/UR3_ROS2_PICK_AND_PLACE/install/ur_system_tests/bin'
[1.263s] Level 1:colcon.colcon_core.environment:checking '/home/darsh/UR3_ROS2_PICK_AND_PLACE/install/ur_system_tests/lib/pkgconfig/ur_system_tests.pc'
[1.264s] Level 1:colcon.colcon_core.environment:checking '/home/darsh/UR3_ROS2_PICK_AND_PLACE/install/ur_system_tests/lib/python3.12/site-packages'
[1.264s] Level 1:colcon.colcon_core.environment:checking '/home/darsh/UR3_ROS2_PICK_AND_PLACE/install/ur_system_tests/bin'
[1.264s] INFO:colcon.colcon_core.shell:Creating package script '/home/darsh/UR3_ROS2_PICK_AND_PLACE/install/ur_system_tests/share/ur_system_tests/package.ps1'
[1.265s] INFO:colcon.colcon_core.shell:Creating package descriptor '/home/darsh/UR3_ROS2_PICK_AND_PLACE/install/ur_system_tests/share/ur_system_tests/package.dsv'
[1.265s] INFO:colcon.colcon_core.shell:Creating package script '/home/darsh/UR3_ROS2_PICK_AND_PLACE/install/ur_system_tests/share/ur_system_tests/package.sh'
[1.266s] INFO:colcon.colcon_core.shell:Creating package script '/home/darsh/UR3_ROS2_PICK_AND_PLACE/install/ur_system_tests/share/ur_system_tests/package.bash'
[1.266s] INFO:colcon.colcon_core.shell:Creating package script '/home/darsh/UR3_ROS2_PICK_AND_PLACE/install/ur_system_tests/share/ur_system_tests/package.zsh'
[1.266s] Level 1:colcon.colcon_core.environment:create_file_with_runtime_dependencies(/home/darsh/UR3_ROS2_PICK_AND_PLACE/install/ur_system_tests/share/colcon-core/packages/ur_system_tests)
[1.267s] Level 1:colcon.colcon_core.environment:create_environment_scripts_only(ur_system_tests)
[1.267s] Level 1:colcon.colcon_core.environment:checking '/home/darsh/UR3_ROS2_PICK_AND_PLACE/install/ur_system_tests' for CMake module files
[1.268s] Level 1:colcon.colcon_core.environment:checking '/home/darsh/UR3_ROS2_PICK_AND_PLACE/install/ur_system_tests' for CMake config files
[1.268s] Level 1:colcon.colcon_core.shell:create_environment_hook('ur_system_tests', 'cmake_prefix_path')
[1.269s] INFO:colcon.colcon_core.shell:Creating environment hook '/home/darsh/UR3_ROS2_PICK_AND_PLACE/install/ur_system_tests/share/ur_system_tests/hook/cmake_prefix_path.ps1'
[1.269s] INFO:colcon.colcon_core.shell:Creating environment descriptor '/home/darsh/UR3_ROS2_PICK_AND_PLACE/install/ur_system_tests/share/ur_system_tests/hook/cmake_prefix_path.dsv'
[1.270s] INFO:colcon.colcon_core.shell:Creating environment hook '/home/darsh/UR3_ROS2_PICK_AND_PLACE/install/ur_system_tests/share/ur_system_tests/hook/cmake_prefix_path.sh'
[1.271s] Level 1:colcon.colcon_core.environment:checking '/home/darsh/UR3_ROS2_PICK_AND_PLACE/install/ur_system_tests/lib'
[1.271s] Level 1:colcon.colcon_core.environment:checking '/home/darsh/UR3_ROS2_PICK_AND_PLACE/install/ur_system_tests/bin'
[1.271s] Level 1:colcon.colcon_core.environment:checking '/home/darsh/UR3_ROS2_PICK_AND_PLACE/install/ur_system_tests/lib/pkgconfig/ur_system_tests.pc'
[1.271s] Level 1:colcon.colcon_core.environment:checking '/home/darsh/UR3_ROS2_PICK_AND_PLACE/install/ur_system_tests/lib/python3.12/site-packages'
[1.272s] Level 1:colcon.colcon_core.environment:checking '/home/darsh/UR3_ROS2_PICK_AND_PLACE/install/ur_system_tests/bin'
[1.272s] INFO:colcon.colcon_core.shell:Creating package script '/home/darsh/UR3_ROS2_PICK_AND_PLACE/install/ur_system_tests/share/ur_system_tests/package.ps1'
[1.272s] INFO:colcon.colcon_core.shell:Creating package descriptor '/home/darsh/UR3_ROS2_PICK_AND_PLACE/install/ur_system_tests/share/ur_system_tests/package.dsv'
[1.273s] INFO:colcon.colcon_core.shell:Creating package script '/home/darsh/UR3_ROS2_PICK_AND_PLACE/install/ur_system_tests/share/ur_system_tests/package.sh'
[1.274s] INFO:colcon.colcon_core.shell:Creating package script '/home/darsh/UR3_ROS2_PICK_AND_PLACE/install/ur_system_tests/share/ur_system_tests/package.bash'
[1.275s] INFO:colcon.colcon_core.shell:Creating package script '/home/darsh/UR3_ROS2_PICK_AND_PLACE/install/ur_system_tests/share/ur_system_tests/package.zsh'
[1.275s] Level 1:colcon.colcon_core.environment:create_file_with_runtime_dependencies(/home/darsh/UR3_ROS2_PICK_AND_PLACE/install/ur_system_tests/share/colcon-core/packages/ur_system_tests)
[1.291s] DEBUG:colcon.colcon_core.event_handler.log_command:Invoking command in '/home/darsh/UR3_ROS2_PICK_AND_PLACE/build/movit_config': CMAKE_PREFIX_PATH=/home/darsh/UR3_ROS2_PICK_AND_PLACE/install/ur_description:/home/darsh/UR3_ROS2_PICK_AND_PLACE/install/ur_system_tests:/home/darsh/UR3_ROS2_PICK_AND_PLACE/install/ur_interfaces:/home/darsh/UR3_ROS2_PICK_AND_PLACE/install/ur_gazebo:/home/darsh/UR3_ROS2_PICK_AND_PLACE/install/movit_config:/home/darsh/UR3_ROS2_PICK_AND_PLACE/install/moveit_config:/home/darsh/UR3_ROS2_PICK_AND_PLACE/install/robotiq_2f_85_gripper_visualization:/opt/ros/jazzy/opt/gz_sim_vendor:/opt/ros/jazzy/opt/gz_sensors_vendor:/opt/ros/jazzy/opt/gz_physics_vendor:/opt/ros/jazzy/opt/sdformat_vendor:/opt/ros/jazzy/opt/gz_gui_vendor:/opt/ros/jazzy/opt/gz_transport_vendor:/opt/ros/jazzy/opt/gz_rendering_vendor:/opt/ros/jazzy/opt/gz_plugin_vendor:/opt/ros/jazzy/opt/gz_fuel_tools_vendor:/opt/ros/jazzy/opt/gz_msgs_vendor:/opt/ros/jazzy/opt/gz_common_vendor:/opt/ros/jazzy/opt/gz_math_vendor:/opt/ros/jazzy/opt/gz_utils_vendor:/opt/ros/jazzy/opt/gz_tools_vendor:/opt/ros/jazzy/opt/gz_ogre_next_vendor:/opt/ros/jazzy/opt/gz_dartsim_vendor:/opt/ros/jazzy/opt/gz_cmake_vendor:/opt/ros/jazzy /usr/bin/cmake --build /home/darsh/UR3_ROS2_PICK_AND_PLACE/build/movit_config -- -j16 -l16
[1.295s] DEBUG:colcon.colcon_core.event_handler.log_command:Invoking command in '/home/darsh/UR3_ROS2_PICK_AND_PLACE/build/moveit_config': CMAKE_PREFIX_PATH=/home/darsh/UR3_ROS2_PICK_AND_PLACE/install/ur_description:/home/darsh/UR3_ROS2_PICK_AND_PLACE/install/ur_system_tests:/home/darsh/UR3_ROS2_PICK_AND_PLACE/install/ur_interfaces:/home/darsh/UR3_ROS2_PICK_AND_PLACE/install/ur_gazebo:/home/darsh/UR3_ROS2_PICK_AND_PLACE/install/movit_config:/home/darsh/UR3_ROS2_PICK_AND_PLACE/install/moveit_config:/home/darsh/UR3_ROS2_PICK_AND_PLACE/install/robotiq_2f_85_gripper_visualization:/opt/ros/jazzy/opt/gz_sim_vendor:/opt/ros/jazzy/opt/gz_sensors_vendor:/opt/ros/jazzy/opt/gz_physics_vendor:/opt/ros/jazzy/opt/sdformat_vendor:/opt/ros/jazzy/opt/gz_gui_vendor:/opt/ros/jazzy/opt/gz_transport_vendor:/opt/ros/jazzy/opt/gz_rendering_vendor:/opt/ros/jazzy/opt/gz_plugin_vendor:/opt/ros/jazzy/opt/gz_fuel_tools_vendor:/opt/ros/jazzy/opt/gz_msgs_vendor:/opt/ros/jazzy/opt/gz_common_vendor:/opt/ros/jazzy/opt/gz_math_vendor:/opt/ros/jazzy/opt/gz_utils_vendor:/opt/ros/jazzy/opt/gz_tools_vendor:/opt/ros/jazzy/opt/gz_ogre_next_vendor:/opt/ros/jazzy/opt/gz_dartsim_vendor:/opt/ros/jazzy/opt/gz_cmake_vendor:/opt/ros/jazzy /usr/bin/cmake --build /home/darsh/UR3_ROS2_PICK_AND_PLACE/build/moveit_config -- -j16 -l16
[1.329s] DEBUG:colcon.colcon_core.event_handler.log_command:Invoked command in '/home/darsh/UR3_ROS2_PICK_AND_PLACE/build/movit_config' returned '0': CMAKE_PREFIX_PATH=/home/darsh/UR3_ROS2_PICK_AND_PLACE/install/ur_description:/home/darsh/UR3_ROS2_PICK_AND_PLACE/install/ur_system_tests:/home/darsh/UR3_ROS2_PICK_AND_PLACE/install/ur_interfaces:/home/darsh/UR3_ROS2_PICK_AND_PLACE/install/ur_gazebo:/home/darsh/UR3_ROS2_PICK_AND_PLACE/install/movit_config:/home/darsh/UR3_ROS2_PICK_AND_PLACE/install/moveit_config:/home/darsh/UR3_ROS2_PICK_AND_PLACE/install/robotiq_2f_85_gripper_visualization:/opt/ros/jazzy/opt/gz_sim_vendor:/opt/ros/jazzy/opt/gz_sensors_vendor:/opt/ros/jazzy/opt/gz_physics_vendor:/opt/ros/jazzy/opt/sdformat_vendor:/opt/ros/jazzy/opt/gz_gui_vendor:/opt/ros/jazzy/opt/gz_transport_vendor:/opt/ros/jazzy/opt/gz_rendering_vendor:/opt/ros/jazzy/opt/gz_plugin_vendor:/opt/ros/jazzy/opt/gz_fuel_tools_vendor:/opt/ros/jazzy/opt/gz_msgs_vendor:/opt/ros/jazzy/opt/gz_common_vendor:/opt/ros/jazzy/opt/gz_math_vendor:/opt/ros/jazzy/opt/gz_utils_vendor:/opt/ros/jazzy/opt/gz_tools_vendor:/opt/ros/jazzy/opt/gz_ogre_next_vendor:/opt/ros/jazzy/opt/gz_dartsim_vendor:/opt/ros/jazzy/opt/gz_cmake_vendor:/opt/ros/jazzy /usr/bin/cmake --build /home/darsh/UR3_ROS2_PICK_AND_PLACE/build/movit_config -- -j16 -l16
[1.331s] DEBUG:colcon.colcon_core.event_handler.log_command:Invoking command in '/home/darsh/UR3_ROS2_PICK_AND_PLACE/build/movit_config': CMAKE_PREFIX_PATH=/home/darsh/UR3_ROS2_PICK_AND_PLACE/install/ur_description:/home/darsh/UR3_ROS2_PICK_AND_PLACE/install/ur_system_tests:/home/darsh/UR3_ROS2_PICK_AND_PLACE/install/ur_interfaces:/home/darsh/UR3_ROS2_PICK_AND_PLACE/install/ur_gazebo:/home/darsh/UR3_ROS2_PICK_AND_PLACE/install/movit_config:/home/darsh/UR3_ROS2_PICK_AND_PLACE/install/moveit_config:/home/darsh/UR3_ROS2_PICK_AND_PLACE/install/robotiq_2f_85_gripper_visualization:/opt/ros/jazzy/opt/gz_sim_vendor:/opt/ros/jazzy/opt/gz_sensors_vendor:/opt/ros/jazzy/opt/gz_physics_vendor:/opt/ros/jazzy/opt/sdformat_vendor:/opt/ros/jazzy/opt/gz_gui_vendor:/opt/ros/jazzy/opt/gz_transport_vendor:/opt/ros/jazzy/opt/gz_rendering_vendor:/opt/ros/jazzy/opt/gz_plugin_vendor:/opt/ros/jazzy/opt/gz_fuel_tools_vendor:/opt/ros/jazzy/opt/gz_msgs_vendor:/opt/ros/jazzy/opt/gz_common_vendor:/opt/ros/jazzy/opt/gz_math_vendor:/opt/ros/jazzy/opt/gz_utils_vendor:/opt/ros/jazzy/opt/gz_tools_vendor:/opt/ros/jazzy/opt/gz_ogre_next_vendor:/opt/ros/jazzy/opt/gz_dartsim_vendor:/opt/ros/jazzy/opt/gz_cmake_vendor:/opt/ros/jazzy /usr/bin/cmake --install /home/darsh/UR3_ROS2_PICK_AND_PLACE/build/movit_config
[1.333s] DEBUG:colcon.colcon_core.event_handler.log_command:Invoked command in '/home/darsh/UR3_ROS2_PICK_AND_PLACE/build/moveit_config' returned '0': CMAKE_PREFIX_PATH=/home/darsh/UR3_ROS2_PICK_AND_PLACE/install/ur_description:/home/darsh/UR3_ROS2_PICK_AND_PLACE/install/ur_system_tests:/home/darsh/UR3_ROS2_PICK_AND_PLACE/install/ur_interfaces:/home/darsh/UR3_ROS2_PICK_AND_PLACE/install/ur_gazebo:/home/darsh/UR3_ROS2_PICK_AND_PLACE/install/movit_config:/home/darsh/UR3_ROS2_PICK_AND_PLACE/install/moveit_config:/home/darsh/UR3_ROS2_PICK_AND_PLACE/install/robotiq_2f_85_gripper_visualization:/opt/ros/jazzy/opt/gz_sim_vendor:/opt/ros/jazzy/opt/gz_sensors_vendor:/opt/ros/jazzy/opt/gz_physics_vendor:/opt/ros/jazzy/opt/sdformat_vendor:/opt/ros/jazzy/opt/gz_gui_vendor:/opt/ros/jazzy/opt/gz_transport_vendor:/opt/ros/jazzy/opt/gz_rendering_vendor:/opt/ros/jazzy/opt/gz_plugin_vendor:/opt/ros/jazzy/opt/gz_fuel_tools_vendor:/opt/ros/jazzy/opt/gz_msgs_vendor:/opt/ros/jazzy/opt/gz_common_vendor:/opt/ros/jazzy/opt/gz_math_vendor:/opt/ros/jazzy/opt/gz_utils_vendor:/opt/ros/jazzy/opt/gz_tools_vendor:/opt/ros/jazzy/opt/gz_ogre_next_vendor:/opt/ros/jazzy/opt/gz_dartsim_vendor:/opt/ros/jazzy/opt/gz_cmake_vendor:/opt/ros/jazzy /usr/bin/cmake --build /home/darsh/UR3_ROS2_PICK_AND_PLACE/build/moveit_config -- -j16 -l16
[1.335s] DEBUG:colcon.colcon_core.event_handler.log_command:Invoking command in '/home/darsh/UR3_ROS2_PICK_AND_PLACE/build/moveit_config': CMAKE_PREFIX_PATH=/home/darsh/UR3_ROS2_PICK_AND_PLACE/install/ur_description:/home/darsh/UR3_ROS2_PICK_AND_PLACE/install/ur_system_tests:/home/darsh/UR3_ROS2_PICK_AND_PLACE/install/ur_interfaces:/home/darsh/UR3_ROS2_PICK_AND_PLACE/install/ur_gazebo:/home/darsh/UR3_ROS2_PICK_AND_PLACE/install/movit_config:/home/darsh/UR3_ROS2_PICK_AND_PLACE/install/moveit_config:/home/darsh/UR3_ROS2_PICK_AND_PLACE/install/robotiq_2f_85_gripper_visualization:/opt/ros/jazzy/opt/gz_sim_vendor:/opt/ros/jazzy/opt/gz_sensors_vendor:/opt/ros/jazzy/opt/gz_physics_vendor:/opt/ros/jazzy/opt/sdformat_vendor:/opt/ros/jazzy/opt/gz_gui_vendor:/opt/ros/jazzy/opt/gz_transport_vendor:/opt/ros/jazzy/opt/gz_rendering_vendor:/opt/ros/jazzy/opt/gz_plugin_vendor:/opt/ros/jazzy/opt/gz_fuel_tools_vendor:/opt/ros/jazzy/opt/gz_msgs_vendor:/opt/ros/jazzy/opt/gz_common_vendor:/opt/ros/jazzy/opt/gz_math_vendor:/opt/ros/jazzy/opt/gz_utils_vendor:/opt/ros/jazzy/opt/gz_tools_vendor:/opt/ros/jazzy/opt/gz_ogre_next_vendor:/opt/ros/jazzy/opt/gz_dartsim_vendor:/opt/ros/jazzy/opt/gz_cmake_vendor:/opt/ros/jazzy /usr/bin/cmake --install /home/darsh/UR3_ROS2_PICK_AND_PLACE/build/moveit_config
[1.345s] Level 1:colcon.colcon_core.environment:create_environment_scripts_only(movit_config)
[1.346s] Level 1:colcon.colcon_core.environment:checking '/home/darsh/UR3_ROS2_PICK_AND_PLACE/install/movit_config' for CMake module files
[1.350s] Level 1:colcon.colcon_core.environment:checking '/home/darsh/UR3_ROS2_PICK_AND_PLACE/install/movit_config' for CMake config files
[1.356s] DEBUG:colcon.colcon_core.event_handler.log_command:Invoked command in '/home/darsh/UR3_ROS2_PICK_AND_PLACE/build/movit_config' returned '0': CMAKE_PREFIX_PATH=/home/darsh/UR3_ROS2_PICK_AND_PLACE/install/ur_description:/home/darsh/UR3_ROS2_PICK_AND_PLACE/install/ur_system_tests:/home/darsh/UR3_ROS2_PICK_AND_PLACE/install/ur_interfaces:/home/darsh/UR3_ROS2_PICK_AND_PLACE/install/ur_gazebo:/home/darsh/UR3_ROS2_PICK_AND_PLACE/install/movit_config:/home/darsh/UR3_ROS2_PICK_AND_PLACE/install/moveit_config:/home/darsh/UR3_ROS2_PICK_AND_PLACE/install/robotiq_2f_85_gripper_visualization:/opt/ros/jazzy/opt/gz_sim_vendor:/opt/ros/jazzy/opt/gz_sensors_vendor:/opt/ros/jazzy/opt/gz_physics_vendor:/opt/ros/jazzy/opt/sdformat_vendor:/opt/ros/jazzy/opt/gz_gui_vendor:/opt/ros/jazzy/opt/gz_transport_vendor:/opt/ros/jazzy/opt/gz_rendering_vendor:/opt/ros/jazzy/opt/gz_plugin_vendor:/opt/ros/jazzy/opt/gz_fuel_tools_vendor:/opt/ros/jazzy/opt/gz_msgs_vendor:/opt/ros/jazzy/opt/gz_common_vendor:/opt/ros/jazzy/opt/gz_math_vendor:/opt/ros/jazzy/opt/gz_utils_vendor:/opt/ros/jazzy/opt/gz_tools_vendor:/opt/ros/jazzy/opt/gz_ogre_next_vendor:/opt/ros/jazzy/opt/gz_dartsim_vendor:/opt/ros/jazzy/opt/gz_cmake_vendor:/opt/ros/jazzy /usr/bin/cmake --install /home/darsh/UR3_ROS2_PICK_AND_PLACE/build/movit_config
[1.361s] Level 1:colcon.colcon_core.shell:create_environment_hook('movit_config', 'cmake_prefix_path')
[1.361s] INFO:colcon.colcon_core.shell:Creating environment hook '/home/darsh/UR3_ROS2_PICK_AND_PLACE/install/movit_config/share/movit_config/hook/cmake_prefix_path.ps1'
[1.363s] INFO:colcon.colcon_core.shell:Creating environment descriptor '/home/darsh/UR3_ROS2_PICK_AND_PLACE/install/movit_config/share/movit_config/hook/cmake_prefix_path.dsv'
[1.363s] INFO:colcon.colcon_core.shell:Creating environment hook '/home/darsh/UR3_ROS2_PICK_AND_PLACE/install/movit_config/share/movit_config/hook/cmake_prefix_path.sh'
[1.364s] Level 1:colcon.colcon_core.environment:checking '/home/darsh/UR3_ROS2_PICK_AND_PLACE/install/movit_config/bin'
[1.364s] Level 1:colcon.colcon_core.environment:checking '/home/darsh/UR3_ROS2_PICK_AND_PLACE/install/movit_config/lib/pkgconfig/movit_config.pc'
[1.364s] Level 1:colcon.colcon_core.environment:checking '/home/darsh/UR3_ROS2_PICK_AND_PLACE/install/movit_config/lib/python3.12/site-packages'
[1.364s] Level 1:colcon.colcon_core.environment:checking '/home/darsh/UR3_ROS2_PICK_AND_PLACE/install/movit_config/bin'
[1.364s] INFO:colcon.colcon_core.shell:Creating package script '/home/darsh/UR3_ROS2_PICK_AND_PLACE/install/movit_config/share/movit_config/package.ps1'
[1.365s] INFO:colcon.colcon_core.shell:Creating package descriptor '/home/darsh/UR3_ROS2_PICK_AND_PLACE/install/movit_config/share/movit_config/package.dsv'
[1.365s] INFO:colcon.colcon_core.shell:Creating package script '/home/darsh/UR3_ROS2_PICK_AND_PLACE/install/movit_config/share/movit_config/package.sh'
[1.366s] INFO:colcon.colcon_core.shell:Creating package script '/home/darsh/UR3_ROS2_PICK_AND_PLACE/install/movit_config/share/movit_config/package.bash'
[1.366s] INFO:colcon.colcon_core.shell:Creating package script '/home/darsh/UR3_ROS2_PICK_AND_PLACE/install/movit_config/share/movit_config/package.zsh'
[1.367s] Level 1:colcon.colcon_core.environment:create_file_with_runtime_dependencies(/home/darsh/UR3_ROS2_PICK_AND_PLACE/install/movit_config/share/colcon-core/packages/movit_config)
[1.367s] Level 1:colcon.colcon_core.environment:create_environment_scripts_only(movit_config)
[1.367s] Level 1:colcon.colcon_core.environment:checking '/home/darsh/UR3_ROS2_PICK_AND_PLACE/install/movit_config' for CMake module files
[1.368s] Level 1:colcon.colcon_core.environment:checking '/home/darsh/UR3_ROS2_PICK_AND_PLACE/install/movit_config' for CMake config files
[1.368s] Level 1:colcon.colcon_core.shell:create_environment_hook('movit_config', 'cmake_prefix_path')
[1.368s] INFO:colcon.colcon_core.shell:Creating environment hook '/home/darsh/UR3_ROS2_PICK_AND_PLACE/install/movit_config/share/movit_config/hook/cmake_prefix_path.ps1'
[1.369s] INFO:colcon.colcon_core.shell:Creating environment descriptor '/home/darsh/UR3_ROS2_PICK_AND_PLACE/install/movit_config/share/movit_config/hook/cmake_prefix_path.dsv'
[1.369s] INFO:colcon.colcon_core.shell:Creating environment hook '/home/darsh/UR3_ROS2_PICK_AND_PLACE/install/movit_config/share/movit_config/hook/cmake_prefix_path.sh'
[1.369s] Level 1:colcon.colcon_core.environment:checking '/home/darsh/UR3_ROS2_PICK_AND_PLACE/install/movit_config/bin'
[1.370s] Level 1:colcon.colcon_core.environment:checking '/home/darsh/UR3_ROS2_PICK_AND_PLACE/install/movit_config/lib/pkgconfig/movit_config.pc'
[1.370s] Level 1:colcon.colcon_core.environment:checking '/home/darsh/UR3_ROS2_PICK_AND_PLACE/install/movit_config/lib/python3.12/site-packages'
[1.370s] Level 1:colcon.colcon_core.environment:checking '/home/darsh/UR3_ROS2_PICK_AND_PLACE/install/movit_config/bin'
[1.370s] INFO:colcon.colcon_core.shell:Creating package script '/home/darsh/UR3_ROS2_PICK_AND_PLACE/install/movit_config/share/movit_config/package.ps1'
[1.371s] INFO:colcon.colcon_core.shell:Creating package descriptor '/home/darsh/UR3_ROS2_PICK_AND_PLACE/install/movit_config/share/movit_config/package.dsv'
[1.372s] INFO:colcon.colcon_core.shell:Creating package script '/home/darsh/UR3_ROS2_PICK_AND_PLACE/install/movit_config/share/movit_config/package.sh'
[1.372s] INFO:colcon.colcon_core.shell:Creating package script '/home/darsh/UR3_ROS2_PICK_AND_PLACE/install/movit_config/share/movit_config/package.bash'
[1.372s] INFO:colcon.colcon_core.shell:Creating package script '/home/darsh/UR3_ROS2_PICK_AND_PLACE/install/movit_config/share/movit_config/package.zsh'
[1.373s] Level 1:colcon.colcon_core.environment:create_file_with_runtime_dependencies(/home/darsh/UR3_ROS2_PICK_AND_PLACE/install/movit_config/share/colcon-core/packages/movit_config)
[1.375s] Level 1:colcon.colcon_core.environment:create_environment_scripts_only(moveit_config)
[1.375s] Level 1:colcon.colcon_core.environment:checking '/home/darsh/UR3_ROS2_PICK_AND_PLACE/install/moveit_config' for CMake module files
[1.377s] DEBUG:colcon.colcon_core.event_handler.log_command:Invoked command in '/home/darsh/UR3_ROS2_PICK_AND_PLACE/build/moveit_config' returned '0': CMAKE_PREFIX_PATH=/home/darsh/UR3_ROS2_PICK_AND_PLACE/install/ur_description:/home/darsh/UR3_ROS2_PICK_AND_PLACE/install/ur_system_tests:/home/darsh/UR3_ROS2_PICK_AND_PLACE/install/ur_interfaces:/home/darsh/UR3_ROS2_PICK_AND_PLACE/install/ur_gazebo:/home/darsh/UR3_ROS2_PICK_AND_PLACE/install/movit_config:/home/darsh/UR3_ROS2_PICK_AND_PLACE/install/moveit_config:/home/darsh/UR3_ROS2_PICK_AND_PLACE/install/robotiq_2f_85_gripper_visualization:/opt/ros/jazzy/opt/gz_sim_vendor:/opt/ros/jazzy/opt/gz_sensors_vendor:/opt/ros/jazzy/opt/gz_physics_vendor:/opt/ros/jazzy/opt/sdformat_vendor:/opt/ros/jazzy/opt/gz_gui_vendor:/opt/ros/jazzy/opt/gz_transport_vendor:/opt/ros/jazzy/opt/gz_rendering_vendor:/opt/ros/jazzy/opt/gz_plugin_vendor:/opt/ros/jazzy/opt/gz_fuel_tools_vendor:/opt/ros/jazzy/opt/gz_msgs_vendor:/opt/ros/jazzy/opt/gz_common_vendor:/opt/ros/jazzy/opt/gz_math_vendor:/opt/ros/jazzy/opt/gz_utils_vendor:/opt/ros/jazzy/opt/gz_tools_vendor:/opt/ros/jazzy/opt/gz_ogre_next_vendor:/opt/ros/jazzy/opt/gz_dartsim_vendor:/opt/ros/jazzy/opt/gz_cmake_vendor:/opt/ros/jazzy /usr/bin/cmake --install /home/darsh/UR3_ROS2_PICK_AND_PLACE/build/moveit_config
[1.377s] Level 1:colcon.colcon_core.environment:checking '/home/darsh/UR3_ROS2_PICK_AND_PLACE/install/moveit_config' for CMake config files
[1.378s] Level 1:colcon.colcon_core.shell:create_environment_hook('moveit_config', 'cmake_prefix_path')
[1.378s] INFO:colcon.colcon_core.shell:Creating environment hook '/home/darsh/UR3_ROS2_PICK_AND_PLACE/install/moveit_config/share/moveit_config/hook/cmake_prefix_path.ps1'
[1.378s] INFO:colcon.colcon_core.shell:Creating environment descriptor '/home/darsh/UR3_ROS2_PICK_AND_PLACE/install/moveit_config/share/moveit_config/hook/cmake_prefix_path.dsv'
[1.379s] INFO:colcon.colcon_core.shell:Creating environment hook '/home/darsh/UR3_ROS2_PICK_AND_PLACE/install/moveit_config/share/moveit_config/hook/cmake_prefix_path.sh'
[1.379s] Level 1:colcon.colcon_core.environment:checking '/home/darsh/UR3_ROS2_PICK_AND_PLACE/install/moveit_config/bin'
[1.379s] Level 1:colcon.colcon_core.environment:checking '/home/darsh/UR3_ROS2_PICK_AND_PLACE/install/moveit_config/lib/pkgconfig/moveit_config.pc'
[1.380s] Level 1:colcon.colcon_core.environment:checking '/home/darsh/UR3_ROS2_PICK_AND_PLACE/install/moveit_config/lib/python3.12/site-packages'
[1.380s] Level 1:colcon.colcon_core.environment:checking '/home/darsh/UR3_ROS2_PICK_AND_PLACE/install/moveit_config/bin'
[1.380s] INFO:colcon.colcon_core.shell:Creating package script '/home/darsh/UR3_ROS2_PICK_AND_PLACE/install/moveit_config/share/moveit_config/package.ps1'
[1.381s] INFO:colcon.colcon_core.shell:Creating package descriptor '/home/darsh/UR3_ROS2_PICK_AND_PLACE/install/moveit_config/share/moveit_config/package.dsv'
[1.381s] INFO:colcon.colcon_core.shell:Creating package script '/home/darsh/UR3_ROS2_PICK_AND_PLACE/install/moveit_config/share/moveit_config/package.sh'
[1.381s] INFO:colcon.colcon_core.shell:Creating package script '/home/darsh/UR3_ROS2_PICK_AND_PLACE/install/moveit_config/share/moveit_config/package.bash'
[1.382s] INFO:colcon.colcon_core.shell:Creating package script '/home/darsh/UR3_ROS2_PICK_AND_PLACE/install/moveit_config/share/moveit_config/package.zsh'
[1.382s] Level 1:colcon.colcon_core.environment:create_file_with_runtime_dependencies(/home/darsh/UR3_ROS2_PICK_AND_PLACE/install/moveit_config/share/colcon-core/packages/moveit_config)
[1.383s] Level 1:colcon.colcon_core.environment:create_environment_scripts_only(moveit_config)
[1.383s] Level 1:colcon.colcon_core.environment:checking '/home/darsh/UR3_ROS2_PICK_AND_PLACE/install/moveit_config' for CMake module files
[1.383s] Level 1:colcon.colcon_core.environment:checking '/home/darsh/UR3_ROS2_PICK_AND_PLACE/install/moveit_config' for CMake config files
[1.384s] Level 1:colcon.colcon_core.shell:create_environment_hook('moveit_config', 'cmake_prefix_path')
[1.384s] INFO:colcon.colcon_core.shell:Creating environment hook '/home/darsh/UR3_ROS2_PICK_AND_PLACE/install/moveit_config/share/moveit_config/hook/cmake_prefix_path.ps1'
[1.384s] INFO:colcon.colcon_core.shell:Creating environment descriptor '/home/darsh/UR3_ROS2_PICK_AND_PLACE/install/moveit_config/share/moveit_config/hook/cmake_prefix_path.dsv'
[1.385s] INFO:colcon.colcon_core.shell:Creating environment hook '/home/darsh/UR3_ROS2_PICK_AND_PLACE/install/moveit_config/share/moveit_config/hook/cmake_prefix_path.sh'
[1.385s] Level 1:colcon.colcon_core.environment:checking '/home/darsh/UR3_ROS2_PICK_AND_PLACE/install/moveit_config/bin'
[1.385s] Level 1:colcon.colcon_core.environment:checking '/home/darsh/UR3_ROS2_PICK_AND_PLACE/install/moveit_config/lib/pkgconfig/moveit_config.pc'
[1.386s] Level 1:colcon.colcon_core.environment:checking '/home/darsh/UR3_ROS2_PICK_AND_PLACE/install/moveit_config/lib/python3.12/site-packages'
[1.386s] Level 1:colcon.colcon_core.environment:checking '/home/darsh/UR3_ROS2_PICK_AND_PLACE/install/moveit_config/bin'
[1.386s] INFO:colcon.colcon_core.shell:Creating package script '/home/darsh/UR3_ROS2_PICK_AND_PLACE/install/moveit_config/share/moveit_config/package.ps1'
[1.387s] INFO:colcon.colcon_core.shell:Creating package descriptor '/home/darsh/UR3_ROS2_PICK_AND_PLACE/install/moveit_config/share/moveit_config/package.dsv'
[1.387s] INFO:colcon.colcon_core.shell:Creating package script '/home/darsh/UR3_ROS2_PICK_AND_PLACE/install/moveit_config/share/moveit_config/package.sh'
[1.388s] INFO:colcon.colcon_core.shell:Creating package script '/home/darsh/UR3_ROS2_PICK_AND_PLACE/install/moveit_config/share/moveit_config/package.bash'
[1.388s] INFO:colcon.colcon_core.shell:Creating package script '/home/darsh/UR3_ROS2_PICK_AND_PLACE/install/moveit_config/share/moveit_config/package.zsh'
[1.389s] Level 1:colcon.colcon_core.environment:create_file_with_runtime_dependencies(/home/darsh/UR3_ROS2_PICK_AND_PLACE/install/moveit_config/share/colcon-core/packages/moveit_config)
[1.389s] DEBUG:colcon.colcon_parallel_executor.executor.parallel:closing loop
[1.390s] DEBUG:colcon.colcon_parallel_executor.executor.parallel:loop closed
[1.390s] DEBUG:colcon.colcon_parallel_executor.executor.parallel:run_until_complete finished with '0'
[1.390s] DEBUG:colcon.colcon_core.event_reactor:joining thread
[1.437s] INFO:colcon.colcon_core.plugin_system:Skipping extension 'colcon_notification.desktop_notification.notify_send': Could not find 'notify-send'
[1.437s] INFO:colcon.colcon_core.plugin_system:Skipping extension 'colcon_notification.desktop_notification.terminal_notifier': Not used on non-Darwin systems
[1.437s] INFO:colcon.colcon_core.plugin_system:Skipping extension 'colcon_notification.desktop_notification.win32': Not used on non-Windows systems
[1.437s] INFO:colcon.colcon_notification.desktop_notification:Sending desktop notification using 'notify2'
[1.439s] DEBUG:colcon.colcon_notification.desktop_notification.notify2:Failed to initialize notify2: org.freedesktop.DBus.Error.ServiceUnknown: The name org.freedesktop.Notifications was not provided by any .service files
[1.439s] DEBUG:colcon.colcon_core.event_reactor:joined thread
[1.439s] INFO:colcon.colcon_core.shell:Creating prefix script '/home/darsh/UR3_ROS2_PICK_AND_PLACE/install/local_setup.ps1'
[1.441s] INFO:colcon.colcon_core.shell:Creating prefix util module '/home/darsh/UR3_ROS2_PICK_AND_PLACE/install/_local_setup_util_ps1.py'
[1.442s] INFO:colcon.colcon_core.shell:Creating prefix chain script '/home/darsh/UR3_ROS2_PICK_AND_PLACE/install/setup.ps1'
[1.444s] INFO:colcon.colcon_core.shell:Creating prefix script '/home/darsh/UR3_ROS2_PICK_AND_PLACE/install/local_setup.sh'
[1.445s] INFO:colcon.colcon_core.shell:Creating prefix util module '/home/darsh/UR3_ROS2_PICK_AND_PLACE/install/_local_setup_util_sh.py'
[1.445s] INFO:colcon.colcon_core.shell:Creating prefix chain script '/home/darsh/UR3_ROS2_PICK_AND_PLACE/install/setup.sh'
[1.447s] INFO:colcon.colcon_core.shell:Creating prefix script '/home/darsh/UR3_ROS2_PICK_AND_PLACE/install/local_setup.bash'
[1.447s] INFO:colcon.colcon_core.shell:Creating prefix chain script '/home/darsh/UR3_ROS2_PICK_AND_PLACE/install/setup.bash'
[1.449s] INFO:colcon.colcon_core.shell:Creating prefix script '/home/darsh/UR3_ROS2_PICK_AND_PLACE/install/local_setup.zsh'
[1.450s] INFO:colcon.colcon_core.shell:Creating prefix chain script '/home/darsh/UR3_ROS2_PICK_AND_PLACE/install/setup.zsh'
