[0.179s] Invoking command in '/home/darsh/UR3_ROS2_PICK_AND_PLACE/build/moveit_config': AMENT_PREFIX_PATH=/home/darsh/UR3_ROS2_PICK_AND_PLACE/install/warehouse_ros_mongo:/home/darsh/UR3_ROS2_PICK_AND_PLACE/install/ur_description:${AMENT_PREFIX_PATH} CMAKE_MODULE_PATH=/home/darsh/UR3_ROS2_PICK_AND_PLACE/install/warehouse_ros_mongo/share/warehouse_ros_mongo/cmake CMAKE_PREFIX_PATH=/home/darsh/UR3_ROS2_PICK_AND_PLACE/install/warehouse_ros_mongo:/home/darsh/UR3_ROS2_PICK_AND_PLACE/install/ur_description:/opt/ros/jazzy/opt/gz_sim_vendor:/opt/ros/jazzy/opt/gz_sensors_vendor:/opt/ros/jazzy/opt/gz_physics_vendor:/opt/ros/jazzy/opt/sdformat_vendor:/opt/ros/jazzy/opt/gz_gui_vendor:/opt/ros/jazzy/opt/gz_transport_vendor:/opt/ros/jazzy/opt/gz_rendering_vendor:/opt/ros/jazzy/opt/gz_plugin_vendor:/opt/ros/jazzy/opt/gz_fuel_tools_vendor:/opt/ros/jazzy/opt/gz_msgs_vendor:/opt/ros/jazzy/opt/gz_common_vendor:/opt/ros/jazzy/opt/gz_math_vendor:/opt/ros/jazzy/opt/gz_utils_vendor:/opt/ros/jazzy/opt/gz_tools_vendor:/opt/ros/jazzy/opt/gz_ogre_next_vendor:/opt/ros/jazzy/opt/gz_dartsim_vendor:/opt/ros/jazzy/opt/gz_cmake_vendor:/opt/ros/jazzy LD_LIBRARY_PATH=/home/darsh/UR3_ROS2_PICK_AND_PLACE/install/warehouse_ros_mongo/lib:${LD_LIBRARY_PATH} PYTHONPATH=/home/darsh/UR3_ROS2_PICK_AND_PLACE/install/warehouse_ros_mongo/lib/python3.12/site-packages:${PYTHONPATH} /usr/bin/cmake /home/darsh/UR3_ROS2_PICK_AND_PLACE/moveit_config -DCMAKE_INSTALL_PREFIX=/home/darsh/UR3_ROS2_PICK_AND_PLACE/install/moveit_config
[0.333s] -- The C compiler identification is GNU 13.3.0
[0.787s] -- The CXX compiler identification is GNU 13.3.0
[1.089s] -- Detecting C compiler ABI info
[1.418s] -- Detecting C compiler ABI info - done
[1.444s] -- Check for working C compiler: /usr/bin/cc - skipped
[1.444s] -- Detecting C compile features
[1.445s] -- Detecting C compile features - done
[1.548s] -- Detecting CXX compiler ABI info
[1.833s] -- Detecting CXX compiler ABI info - done
[1.850s] -- Check for working CXX compiler: /usr/bin/c++ - skipped
[1.851s] -- Detecting CXX compile features
[1.852s] -- Detecting CXX compile features - done
[1.858s] -- Found ament_cmake: 2.5.3 (/opt/ros/jazzy/share/ament_cmake/cmake)
[2.233s] -- Found Python3: /usr/bin/python3 (found version "3.12.3") found components: Interpreter 
[2.523s] -- Configuring done (2.3s)
[2.523s] -- Generating done (0.0s)
[2.529s] -- Build files have been written to: /home/darsh/UR3_ROS2_PICK_AND_PLACE/build/moveit_config
[2.539s] Invoked command in '/home/darsh/UR3_ROS2_PICK_AND_PLACE/build/moveit_config' returned '0': AMENT_PREFIX_PATH=/home/darsh/UR3_ROS2_PICK_AND_PLACE/install/warehouse_ros_mongo:/home/darsh/UR3_ROS2_PICK_AND_PLACE/install/ur_description:${AMENT_PREFIX_PATH} CMAKE_MODULE_PATH=/home/darsh/UR3_ROS2_PICK_AND_PLACE/install/warehouse_ros_mongo/share/warehouse_ros_mongo/cmake CMAKE_PREFIX_PATH=/home/darsh/UR3_ROS2_PICK_AND_PLACE/install/warehouse_ros_mongo:/home/darsh/UR3_ROS2_PICK_AND_PLACE/install/ur_description:/opt/ros/jazzy/opt/gz_sim_vendor:/opt/ros/jazzy/opt/gz_sensors_vendor:/opt/ros/jazzy/opt/gz_physics_vendor:/opt/ros/jazzy/opt/sdformat_vendor:/opt/ros/jazzy/opt/gz_gui_vendor:/opt/ros/jazzy/opt/gz_transport_vendor:/opt/ros/jazzy/opt/gz_rendering_vendor:/opt/ros/jazzy/opt/gz_plugin_vendor:/opt/ros/jazzy/opt/gz_fuel_tools_vendor:/opt/ros/jazzy/opt/gz_msgs_vendor:/opt/ros/jazzy/opt/gz_common_vendor:/opt/ros/jazzy/opt/gz_math_vendor:/opt/ros/jazzy/opt/gz_utils_vendor:/opt/ros/jazzy/opt/gz_tools_vendor:/opt/ros/jazzy/opt/gz_ogre_next_vendor:/opt/ros/jazzy/opt/gz_dartsim_vendor:/opt/ros/jazzy/opt/gz_cmake_vendor:/opt/ros/jazzy LD_LIBRARY_PATH=/home/darsh/UR3_ROS2_PICK_AND_PLACE/install/warehouse_ros_mongo/lib:${LD_LIBRARY_PATH} PYTHONPATH=/home/darsh/UR3_ROS2_PICK_AND_PLACE/install/warehouse_ros_mongo/lib/python3.12/site-packages:${PYTHONPATH} /usr/bin/cmake /home/darsh/UR3_ROS2_PICK_AND_PLACE/moveit_config -DCMAKE_INSTALL_PREFIX=/home/darsh/UR3_ROS2_PICK_AND_PLACE/install/moveit_config
[2.540s] Invoking command in '/home/darsh/UR3_ROS2_PICK_AND_PLACE/build/moveit_config': AMENT_PREFIX_PATH=/home/darsh/UR3_ROS2_PICK_AND_PLACE/install/warehouse_ros_mongo:/home/darsh/UR3_ROS2_PICK_AND_PLACE/install/ur_description:${AMENT_PREFIX_PATH} CMAKE_MODULE_PATH=/home/darsh/UR3_ROS2_PICK_AND_PLACE/install/warehouse_ros_mongo/share/warehouse_ros_mongo/cmake CMAKE_PREFIX_PATH=/home/darsh/UR3_ROS2_PICK_AND_PLACE/install/warehouse_ros_mongo:/home/darsh/UR3_ROS2_PICK_AND_PLACE/install/ur_description:/opt/ros/jazzy/opt/gz_sim_vendor:/opt/ros/jazzy/opt/gz_sensors_vendor:/opt/ros/jazzy/opt/gz_physics_vendor:/opt/ros/jazzy/opt/sdformat_vendor:/opt/ros/jazzy/opt/gz_gui_vendor:/opt/ros/jazzy/opt/gz_transport_vendor:/opt/ros/jazzy/opt/gz_rendering_vendor:/opt/ros/jazzy/opt/gz_plugin_vendor:/opt/ros/jazzy/opt/gz_fuel_tools_vendor:/opt/ros/jazzy/opt/gz_msgs_vendor:/opt/ros/jazzy/opt/gz_common_vendor:/opt/ros/jazzy/opt/gz_math_vendor:/opt/ros/jazzy/opt/gz_utils_vendor:/opt/ros/jazzy/opt/gz_tools_vendor:/opt/ros/jazzy/opt/gz_ogre_next_vendor:/opt/ros/jazzy/opt/gz_dartsim_vendor:/opt/ros/jazzy/opt/gz_cmake_vendor:/opt/ros/jazzy LD_LIBRARY_PATH=/home/darsh/UR3_ROS2_PICK_AND_PLACE/install/warehouse_ros_mongo/lib:${LD_LIBRARY_PATH} PYTHONPATH=/home/darsh/UR3_ROS2_PICK_AND_PLACE/install/warehouse_ros_mongo/lib/python3.12/site-packages:${PYTHONPATH} /usr/bin/cmake --build /home/darsh/UR3_ROS2_PICK_AND_PLACE/build/moveit_config -- -j4 -l4
[2.584s] Invoked command in '/home/darsh/UR3_ROS2_PICK_AND_PLACE/build/moveit_config' returned '0': AMENT_PREFIX_PATH=/home/darsh/UR3_ROS2_PICK_AND_PLACE/install/warehouse_ros_mongo:/home/darsh/UR3_ROS2_PICK_AND_PLACE/install/ur_description:${AMENT_PREFIX_PATH} CMAKE_MODULE_PATH=/home/darsh/UR3_ROS2_PICK_AND_PLACE/install/warehouse_ros_mongo/share/warehouse_ros_mongo/cmake CMAKE_PREFIX_PATH=/home/darsh/UR3_ROS2_PICK_AND_PLACE/install/warehouse_ros_mongo:/home/darsh/UR3_ROS2_PICK_AND_PLACE/install/ur_description:/opt/ros/jazzy/opt/gz_sim_vendor:/opt/ros/jazzy/opt/gz_sensors_vendor:/opt/ros/jazzy/opt/gz_physics_vendor:/opt/ros/jazzy/opt/sdformat_vendor:/opt/ros/jazzy/opt/gz_gui_vendor:/opt/ros/jazzy/opt/gz_transport_vendor:/opt/ros/jazzy/opt/gz_rendering_vendor:/opt/ros/jazzy/opt/gz_plugin_vendor:/opt/ros/jazzy/opt/gz_fuel_tools_vendor:/opt/ros/jazzy/opt/gz_msgs_vendor:/opt/ros/jazzy/opt/gz_common_vendor:/opt/ros/jazzy/opt/gz_math_vendor:/opt/ros/jazzy/opt/gz_utils_vendor:/opt/ros/jazzy/opt/gz_tools_vendor:/opt/ros/jazzy/opt/gz_ogre_next_vendor:/opt/ros/jazzy/opt/gz_dartsim_vendor:/opt/ros/jazzy/opt/gz_cmake_vendor:/opt/ros/jazzy LD_LIBRARY_PATH=/home/darsh/UR3_ROS2_PICK_AND_PLACE/install/warehouse_ros_mongo/lib:${LD_LIBRARY_PATH} PYTHONPATH=/home/darsh/UR3_ROS2_PICK_AND_PLACE/install/warehouse_ros_mongo/lib/python3.12/site-packages:${PYTHONPATH} /usr/bin/cmake --build /home/darsh/UR3_ROS2_PICK_AND_PLACE/build/moveit_config -- -j4 -l4
[2.585s] Invoking command in '/home/darsh/UR3_ROS2_PICK_AND_PLACE/build/moveit_config': AMENT_PREFIX_PATH=/home/darsh/UR3_ROS2_PICK_AND_PLACE/install/warehouse_ros_mongo:/home/darsh/UR3_ROS2_PICK_AND_PLACE/install/ur_description:${AMENT_PREFIX_PATH} CMAKE_MODULE_PATH=/home/darsh/UR3_ROS2_PICK_AND_PLACE/install/warehouse_ros_mongo/share/warehouse_ros_mongo/cmake CMAKE_PREFIX_PATH=/home/darsh/UR3_ROS2_PICK_AND_PLACE/install/warehouse_ros_mongo:/home/darsh/UR3_ROS2_PICK_AND_PLACE/install/ur_description:/opt/ros/jazzy/opt/gz_sim_vendor:/opt/ros/jazzy/opt/gz_sensors_vendor:/opt/ros/jazzy/opt/gz_physics_vendor:/opt/ros/jazzy/opt/sdformat_vendor:/opt/ros/jazzy/opt/gz_gui_vendor:/opt/ros/jazzy/opt/gz_transport_vendor:/opt/ros/jazzy/opt/gz_rendering_vendor:/opt/ros/jazzy/opt/gz_plugin_vendor:/opt/ros/jazzy/opt/gz_fuel_tools_vendor:/opt/ros/jazzy/opt/gz_msgs_vendor:/opt/ros/jazzy/opt/gz_common_vendor:/opt/ros/jazzy/opt/gz_math_vendor:/opt/ros/jazzy/opt/gz_utils_vendor:/opt/ros/jazzy/opt/gz_tools_vendor:/opt/ros/jazzy/opt/gz_ogre_next_vendor:/opt/ros/jazzy/opt/gz_dartsim_vendor:/opt/ros/jazzy/opt/gz_cmake_vendor:/opt/ros/jazzy LD_LIBRARY_PATH=/home/darsh/UR3_ROS2_PICK_AND_PLACE/install/warehouse_ros_mongo/lib:${LD_LIBRARY_PATH} PYTHONPATH=/home/darsh/UR3_ROS2_PICK_AND_PLACE/install/warehouse_ros_mongo/lib/python3.12/site-packages:${PYTHONPATH} /usr/bin/cmake --install /home/darsh/UR3_ROS2_PICK_AND_PLACE/build/moveit_config
[2.593s] -- Install configuration: ""
[2.596s] -- Installing: /home/darsh/UR3_ROS2_PICK_AND_PLACE/install/moveit_config/share/ament_index/resource_index/package_run_dependencies/moveit_config
[2.597s] -- Installing: /home/darsh/UR3_ROS2_PICK_AND_PLACE/install/moveit_config/share/ament_index/resource_index/parent_prefix_path/moveit_config
[2.599s] -- Installing: /home/darsh/UR3_ROS2_PICK_AND_PLACE/install/moveit_config/share/moveit_config/environment/ament_prefix_path.sh
[2.600s] -- Installing: /home/darsh/UR3_ROS2_PICK_AND_PLACE/install/moveit_config/share/moveit_config/environment/ament_prefix_path.dsv
[2.601s] -- Installing: /home/darsh/UR3_ROS2_PICK_AND_PLACE/install/moveit_config/share/moveit_config/environment/path.sh
[2.603s] -- Installing: /home/darsh/UR3_ROS2_PICK_AND_PLACE/install/moveit_config/share/moveit_config/environment/path.dsv
[2.604s] -- Installing: /home/darsh/UR3_ROS2_PICK_AND_PLACE/install/moveit_config/share/moveit_config/local_setup.bash
[2.605s] -- Installing: /home/darsh/UR3_ROS2_PICK_AND_PLACE/install/moveit_config/share/moveit_config/local_setup.sh
[2.606s] -- Installing: /home/darsh/UR3_ROS2_PICK_AND_PLACE/install/moveit_config/share/moveit_config/local_setup.zsh
[2.607s] -- Installing: /home/darsh/UR3_ROS2_PICK_AND_PLACE/install/moveit_config/share/moveit_config/local_setup.dsv
[2.608s] -- Installing: /home/darsh/UR3_ROS2_PICK_AND_PLACE/install/moveit_config/share/moveit_config/package.dsv
[2.609s] -- Installing: /home/darsh/UR3_ROS2_PICK_AND_PLACE/install/moveit_config/share/ament_index/resource_index/packages/moveit_config
[2.610s] -- Installing: /home/darsh/UR3_ROS2_PICK_AND_PLACE/install/moveit_config/share/moveit_config/cmake/moveit_configConfig.cmake
[2.611s] -- Installing: /home/darsh/UR3_ROS2_PICK_AND_PLACE/install/moveit_config/share/moveit_config/cmake/moveit_configConfig-version.cmake
[2.612s] -- Installing: /home/darsh/UR3_ROS2_PICK_AND_PLACE/install/moveit_config/share/moveit_config/package.xml
[2.613s] -- Installing: /home/darsh/UR3_ROS2_PICK_AND_PLACE/install/moveit_config/share/moveit_config/launch
[2.614s] -- Installing: /home/darsh/UR3_ROS2_PICK_AND_PLACE/install/moveit_config/share/moveit_config/launch/setup_assistant.launch.py
[2.615s] -- Installing: /home/darsh/UR3_ROS2_PICK_AND_PLACE/install/moveit_config/share/moveit_config/launch/demo.launch.py
[2.616s] -- Installing: /home/darsh/UR3_ROS2_PICK_AND_PLACE/install/moveit_config/share/moveit_config/launch/warehouse_db.launch.py
[2.616s] -- Installing: /home/darsh/UR3_ROS2_PICK_AND_PLACE/install/moveit_config/share/moveit_config/launch/spawn_controllers.launch.py
[2.616s] -- Installing: /home/darsh/UR3_ROS2_PICK_AND_PLACE/install/moveit_config/share/moveit_config/launch/static_virtual_joint_tfs.launch.py
[2.616s] -- Installing: /home/darsh/UR3_ROS2_PICK_AND_PLACE/install/moveit_config/share/moveit_config/launch/move_group.launch.py
[2.617s] -- Installing: /home/darsh/UR3_ROS2_PICK_AND_PLACE/install/moveit_config/share/moveit_config/launch/moveit_rviz.launch.py
[2.617s] -- Installing: /home/darsh/UR3_ROS2_PICK_AND_PLACE/install/moveit_config/share/moveit_config/launch/rsp.launch.py
[2.621s] -- Installing: /home/darsh/UR3_ROS2_PICK_AND_PLACE/install/moveit_config/share/moveit_config/config
[2.621s] -- Installing: /home/darsh/UR3_ROS2_PICK_AND_PLACE/install/moveit_config/share/moveit_config/config/ur.urdf.xacro
[2.622s] -- Installing: /home/darsh/UR3_ROS2_PICK_AND_PLACE/install/moveit_config/share/moveit_config/config/initial_positions.yaml
[2.622s] -- Installing: /home/darsh/UR3_ROS2_PICK_AND_PLACE/install/moveit_config/share/moveit_config/config/ur.srdf
[2.622s] -- Installing: /home/darsh/UR3_ROS2_PICK_AND_PLACE/install/moveit_config/share/moveit_config/config/pilz_cartesian_limits.yaml
[2.623s] -- Installing: /home/darsh/UR3_ROS2_PICK_AND_PLACE/install/moveit_config/share/moveit_config/config/stomp_planning.yaml
[2.623s] -- Installing: /home/darsh/UR3_ROS2_PICK_AND_PLACE/install/moveit_config/share/moveit_config/config/ros2_controllers.yaml
[2.624s] -- Installing: /home/darsh/UR3_ROS2_PICK_AND_PLACE/install/moveit_config/share/moveit_config/config/kinematics.yaml
[2.624s] -- Installing: /home/darsh/UR3_ROS2_PICK_AND_PLACE/install/moveit_config/share/moveit_config/config/ompl_planning.yaml
[2.624s] -- Installing: /home/darsh/UR3_ROS2_PICK_AND_PLACE/install/moveit_config/share/moveit_config/config/joint_limits.yaml
[2.624s] -- Installing: /home/darsh/UR3_ROS2_PICK_AND_PLACE/install/moveit_config/share/moveit_config/config/ur.ros2_control.xacro
[2.625s] -- Installing: /home/darsh/UR3_ROS2_PICK_AND_PLACE/install/moveit_config/share/moveit_config/config/pilz_industrial_motion_planner_planning.yaml
[2.625s] -- Installing: /home/darsh/UR3_ROS2_PICK_AND_PLACE/install/moveit_config/share/moveit_config/config/moveit.rviz
[2.625s] -- Installing: /home/darsh/UR3_ROS2_PICK_AND_PLACE/install/moveit_config/share/moveit_config/config/moveit_controllers.yaml
[2.638s] -- Installing: /home/darsh/UR3_ROS2_PICK_AND_PLACE/install/moveit_config/share/moveit_config/config/ur.urdf
[2.639s] -- Installing: /home/darsh/UR3_ROS2_PICK_AND_PLACE/install/moveit_config/share/moveit_config/config/sensors_3d.yaml
[2.639s] -- Installing: /home/darsh/UR3_ROS2_PICK_AND_PLACE/install/moveit_config/share/moveit_config/rviz
[2.639s] -- Installing: /home/darsh/UR3_ROS2_PICK_AND_PLACE/install/moveit_config/share/moveit_config/rviz/moveit.rviz
[2.640s] -- Installing: /home/darsh/UR3_ROS2_PICK_AND_PLACE/install/moveit_config/share/moveit_config/.setup_assistant
[2.646s] Invoked command in '/home/darsh/UR3_ROS2_PICK_AND_PLACE/build/moveit_config' returned '0': AMENT_PREFIX_PATH=/home/darsh/UR3_ROS2_PICK_AND_PLACE/install/warehouse_ros_mongo:/home/darsh/UR3_ROS2_PICK_AND_PLACE/install/ur_description:${AMENT_PREFIX_PATH} CMAKE_MODULE_PATH=/home/darsh/UR3_ROS2_PICK_AND_PLACE/install/warehouse_ros_mongo/share/warehouse_ros_mongo/cmake CMAKE_PREFIX_PATH=/home/darsh/UR3_ROS2_PICK_AND_PLACE/install/warehouse_ros_mongo:/home/darsh/UR3_ROS2_PICK_AND_PLACE/install/ur_description:/opt/ros/jazzy/opt/gz_sim_vendor:/opt/ros/jazzy/opt/gz_sensors_vendor:/opt/ros/jazzy/opt/gz_physics_vendor:/opt/ros/jazzy/opt/sdformat_vendor:/opt/ros/jazzy/opt/gz_gui_vendor:/opt/ros/jazzy/opt/gz_transport_vendor:/opt/ros/jazzy/opt/gz_rendering_vendor:/opt/ros/jazzy/opt/gz_plugin_vendor:/opt/ros/jazzy/opt/gz_fuel_tools_vendor:/opt/ros/jazzy/opt/gz_msgs_vendor:/opt/ros/jazzy/opt/gz_common_vendor:/opt/ros/jazzy/opt/gz_math_vendor:/opt/ros/jazzy/opt/gz_utils_vendor:/opt/ros/jazzy/opt/gz_tools_vendor:/opt/ros/jazzy/opt/gz_ogre_next_vendor:/opt/ros/jazzy/opt/gz_dartsim_vendor:/opt/ros/jazzy/opt/gz_cmake_vendor:/opt/ros/jazzy LD_LIBRARY_PATH=/home/darsh/UR3_ROS2_PICK_AND_PLACE/install/warehouse_ros_mongo/lib:${LD_LIBRARY_PATH} PYTHONPATH=/home/darsh/UR3_ROS2_PICK_AND_PLACE/install/warehouse_ros_mongo/lib/python3.12/site-packages:${PYTHONPATH} /usr/bin/cmake --install /home/darsh/UR3_ROS2_PICK_AND_PLACE/build/moveit_config
