[0.035s] Invoking command in '/home/darsh/UR3_ROS2_PICK_AND_PLACE/build/warehouse_ros_mongo': CMAKE_PREFIX_PATH=${CMAKE_PREFIX_PATH}:/opt/ros/jazzy /usr/bin/cmake --build /home/darsh/UR3_ROS2_PICK_AND_PLACE/build/warehouse_ros_mongo -- -j4 -l4
[0.266s] [ 20%] Built target gtest_main
[0.283s] [ 40%] Built target gtest
[0.284s] [ 40%] Built target ament_cmake_python_copy_warehouse_ros_mongo
[0.318s] [ 80%] Built target warehouse_ros_mongo
[0.378s] [100%] Built target test_warehouse_ros_mongo_cpp
[0.791s] running egg_info
[0.819s] writing warehouse_ros_mongo.egg-info/PKG-INFO
[0.820s] writing dependency_links to warehouse_ros_mongo.egg-info/dependency_links.txt
[0.820s] writing top-level names to warehouse_ros_mongo.egg-info/top_level.txt
[0.920s] reading manifest file 'warehouse_ros_mongo.egg-info/SOURCES.txt'
[0.920s] writing manifest file 'warehouse_ros_mongo.egg-info/SOURCES.txt'
[1.050s] [100%] Built target ament_cmake_python_build_warehouse_ros_mongo_egg
[1.058s] Invoked command in '/home/darsh/UR3_ROS2_PICK_AND_PLACE/build/warehouse_ros_mongo' returned '0': CMAKE_PREFIX_PATH=${CMAKE_PREFIX_PATH}:/opt/ros/jazzy /usr/bin/cmake --build /home/darsh/UR3_ROS2_PICK_AND_PLACE/build/warehouse_ros_mongo -- -j4 -l4
[1.063s] Invoking command in '/home/darsh/UR3_ROS2_PICK_AND_PLACE/build/warehouse_ros_mongo': CMAKE_PREFIX_PATH=${CMAKE_PREFIX_PATH}:/opt/ros/jazzy /usr/bin/cmake --install /home/darsh/UR3_ROS2_PICK_AND_PLACE/build/warehouse_ros_mongo
[1.064s] -- Install configuration: ""
[1.064s] -- Up-to-date: /home/darsh/UR3_ROS2_PICK_AND_PLACE/install/warehouse_ros_mongo/share/warehouse_ros_mongo/environment/pythonpath.sh
[1.064s] -- Up-to-date: /home/darsh/UR3_ROS2_PICK_AND_PLACE/install/warehouse_ros_mongo/share/warehouse_ros_mongo/environment/pythonpath.dsv
[1.064s] -- Up-to-date: /home/darsh/UR3_ROS2_PICK_AND_PLACE/install/warehouse_ros_mongo/lib/python3.12/site-packages/warehouse_ros_mongo-2.0.3-py3.12.egg-info
[1.064s] -- Installing: /home/darsh/UR3_ROS2_PICK_AND_PLACE/install/warehouse_ros_mongo/lib/python3.12/site-packages/warehouse_ros_mongo-2.0.3-py3.12.egg-info/dependency_links.txt
[1.064s] -- Installing: /home/darsh/UR3_ROS2_PICK_AND_PLACE/install/warehouse_ros_mongo/lib/python3.12/site-packages/warehouse_ros_mongo-2.0.3-py3.12.egg-info/top_level.txt
[1.064s] -- Installing: /home/darsh/UR3_ROS2_PICK_AND_PLACE/install/warehouse_ros_mongo/lib/python3.12/site-packages/warehouse_ros_mongo-2.0.3-py3.12.egg-info/SOURCES.txt
[1.064s] -- Installing: /home/darsh/UR3_ROS2_PICK_AND_PLACE/install/warehouse_ros_mongo/lib/python3.12/site-packages/warehouse_ros_mongo-2.0.3-py3.12.egg-info/PKG-INFO
[1.065s] -- Up-to-date: /home/darsh/UR3_ROS2_PICK_AND_PLACE/install/warehouse_ros_mongo/lib/python3.12/site-packages/warehouse_ros_mongo
[1.065s] -- Up-to-date: /home/darsh/UR3_ROS2_PICK_AND_PLACE/install/warehouse_ros_mongo/lib/python3.12/site-packages/warehouse_ros_mongo/mongo_wrapper_ros.py
[1.065s] -- Up-to-date: /home/darsh/UR3_ROS2_PICK_AND_PLACE/install/warehouse_ros_mongo/lib/python3.12/site-packages/warehouse_ros_mongo/__init__.py
[1.087s] Listing '/home/darsh/UR3_ROS2_PICK_AND_PLACE/install/warehouse_ros_mongo/lib/python3.12/site-packages/warehouse_ros_mongo'...
[1.103s] -- Up-to-date: /home/darsh/UR3_ROS2_PICK_AND_PLACE/install/warehouse_ros_mongo/lib/warehouse_ros_mongo/mongo_wrapper_ros.py
[1.103s] -- Up-to-date: /home/darsh/UR3_ROS2_PICK_AND_PLACE/install/warehouse_ros_mongo/include
[1.103s] -- Up-to-date: /home/darsh/UR3_ROS2_PICK_AND_PLACE/install/warehouse_ros_mongo/include/database_connection.h
[1.103s] -- Up-to-date: /home/darsh/UR3_ROS2_PICK_AND_PLACE/install/warehouse_ros_mongo/include/query_results.h
[1.103s] -- Up-to-date: /home/darsh/UR3_ROS2_PICK_AND_PLACE/install/warehouse_ros_mongo/include/metadata.h
[1.104s] -- Up-to-date: /home/darsh/UR3_ROS2_PICK_AND_PLACE/install/warehouse_ros_mongo/include/message_collection.h
[1.104s] -- Up-to-date: /home/darsh/UR3_ROS2_PICK_AND_PLACE/install/warehouse_ros_mongo/include/warehouse_ros_mongo/config.h
[1.104s] -- Up-to-date: /home/darsh/UR3_ROS2_PICK_AND_PLACE/install/warehouse_ros_mongo/share/warehouse_ros_mongo/warehouse_ros_mongo.launch.py
[1.107s] -- Up-to-date: /home/darsh/UR3_ROS2_PICK_AND_PLACE/install/warehouse_ros_mongo/share/warehouse_ros_mongo/cmake/FindMONGODB.cmake
[1.107s] -- Up-to-date: /home/darsh/UR3_ROS2_PICK_AND_PLACE/install/warehouse_ros_mongo/lib/libwarehouse_ros_mongo.so
[1.107s] -- Up-to-date: /home/darsh/UR3_ROS2_PICK_AND_PLACE/install/warehouse_ros_mongo/share/warehouse_ros_mongo/environment/library_path.sh
[1.108s] -- Up-to-date: /home/darsh/UR3_ROS2_PICK_AND_PLACE/install/warehouse_ros_mongo/share/warehouse_ros_mongo/environment/library_path.dsv
[1.108s] -- Up-to-date: /home/darsh/UR3_ROS2_PICK_AND_PLACE/install/warehouse_ros_mongo/share/warehouse_ros_mongo/mongo_database_connection_plugin_description.xml
[1.108s] -- Up-to-date: /home/darsh/UR3_ROS2_PICK_AND_PLACE/install/warehouse_ros_mongo/share/ament_index/resource_index/package_run_dependencies/warehouse_ros_mongo
[1.109s] -- Up-to-date: /home/darsh/UR3_ROS2_PICK_AND_PLACE/install/warehouse_ros_mongo/share/ament_index/resource_index/parent_prefix_path/warehouse_ros_mongo
[1.109s] -- Up-to-date: /home/darsh/UR3_ROS2_PICK_AND_PLACE/install/warehouse_ros_mongo/share/warehouse_ros_mongo/environment/ament_prefix_path.sh
[1.109s] -- Up-to-date: /home/darsh/UR3_ROS2_PICK_AND_PLACE/install/warehouse_ros_mongo/share/warehouse_ros_mongo/environment/ament_prefix_path.dsv
[1.110s] -- Up-to-date: /home/darsh/UR3_ROS2_PICK_AND_PLACE/install/warehouse_ros_mongo/share/warehouse_ros_mongo/environment/path.sh
[1.110s] -- Up-to-date: /home/darsh/UR3_ROS2_PICK_AND_PLACE/install/warehouse_ros_mongo/share/warehouse_ros_mongo/environment/path.dsv
[1.110s] -- Up-to-date: /home/darsh/UR3_ROS2_PICK_AND_PLACE/install/warehouse_ros_mongo/share/warehouse_ros_mongo/local_setup.bash
[1.110s] -- Up-to-date: /home/darsh/UR3_ROS2_PICK_AND_PLACE/install/warehouse_ros_mongo/share/warehouse_ros_mongo/local_setup.sh
[1.111s] -- Up-to-date: /home/darsh/UR3_ROS2_PICK_AND_PLACE/install/warehouse_ros_mongo/share/warehouse_ros_mongo/local_setup.zsh
[1.111s] -- Up-to-date: /home/darsh/UR3_ROS2_PICK_AND_PLACE/install/warehouse_ros_mongo/share/warehouse_ros_mongo/local_setup.dsv
[1.112s] -- Installing: /home/darsh/UR3_ROS2_PICK_AND_PLACE/install/warehouse_ros_mongo/share/warehouse_ros_mongo/package.dsv
[1.112s] -- Up-to-date: /home/darsh/UR3_ROS2_PICK_AND_PLACE/install/warehouse_ros_mongo/share/ament_index/resource_index/packages/warehouse_ros_mongo
[1.113s] -- Up-to-date: /home/darsh/UR3_ROS2_PICK_AND_PLACE/install/warehouse_ros_mongo/share/ament_index/resource_index/warehouse_ros__pluginlib__plugin/warehouse_ros_mongo
[1.113s] -- Up-to-date: /home/darsh/UR3_ROS2_PICK_AND_PLACE/install/warehouse_ros_mongo/share/warehouse_ros_mongo/cmake/export_warehouse_ros_mongoExport.cmake
[1.114s] -- Up-to-date: /home/darsh/UR3_ROS2_PICK_AND_PLACE/install/warehouse_ros_mongo/share/warehouse_ros_mongo/cmake/export_warehouse_ros_mongoExport-noconfig.cmake
[1.114s] -- Up-to-date: /home/darsh/UR3_ROS2_PICK_AND_PLACE/install/warehouse_ros_mongo/share/warehouse_ros_mongo/cmake/ConfigExtras.cmake
[1.114s] -- Up-to-date: /home/darsh/UR3_ROS2_PICK_AND_PLACE/install/warehouse_ros_mongo/share/warehouse_ros_mongo/cmake/ament_cmake_export_targets-extras.cmake
[1.114s] -- Up-to-date: /home/darsh/UR3_ROS2_PICK_AND_PLACE/install/warehouse_ros_mongo/share/warehouse_ros_mongo/cmake/ament_cmake_export_dependencies-extras.cmake
[1.115s] -- Up-to-date: /home/darsh/UR3_ROS2_PICK_AND_PLACE/install/warehouse_ros_mongo/share/warehouse_ros_mongo/cmake/warehouse_ros_mongoConfig.cmake
[1.115s] -- Up-to-date: /home/darsh/UR3_ROS2_PICK_AND_PLACE/install/warehouse_ros_mongo/share/warehouse_ros_mongo/cmake/warehouse_ros_mongoConfig-version.cmake
[1.115s] -- Up-to-date: /home/darsh/UR3_ROS2_PICK_AND_PLACE/install/warehouse_ros_mongo/share/warehouse_ros_mongo/package.xml
[1.117s] Invoked command in '/home/darsh/UR3_ROS2_PICK_AND_PLACE/build/warehouse_ros_mongo' returned '0': CMAKE_PREFIX_PATH=${CMAKE_PREFIX_PATH}:/opt/ros/jazzy /usr/bin/cmake --install /home/darsh/UR3_ROS2_PICK_AND_PLACE/build/warehouse_ros_mongo
